[2022-05-09 23:41:09,533] {taskinstance.py:1043} INFO - Dependencies all met for <TaskInstance: my_dag.choose_best_model scheduled__2022-04-11T00:00:00+00:00 [queued]>
[2022-05-09 23:41:09,547] {taskinstance.py:1043} INFO - Dependencies all met for <TaskInstance: my_dag.choose_best_model scheduled__2022-04-11T00:00:00+00:00 [queued]>
[2022-05-09 23:41:09,548] {taskinstance.py:1249} INFO - 
--------------------------------------------------------------------------------
[2022-05-09 23:41:09,550] {taskinstance.py:1250} INFO - Starting attempt 1 of 1
[2022-05-09 23:41:09,551] {taskinstance.py:1251} INFO - 
--------------------------------------------------------------------------------
[2022-05-09 23:41:09,564] {taskinstance.py:1270} INFO - Executing <Task(BranchPythonOperator): choose_best_model> on 2022-04-11 00:00:00+00:00
[2022-05-09 23:41:09,569] {standard_task_runner.py:52} INFO - Started process 77 to run task
[2022-05-09 23:41:09,578] {standard_task_runner.py:79} INFO - Running: ['***', 'tasks', 'run', 'my_dag', 'choose_best_model', 'scheduled__2022-04-11T00:00:00+00:00', '--job-id', '27', '--raw', '--subdir', 'DAGS_FOLDER/my_dag.py', '--cfg-path', '/tmp/tmpbt2vjyyr', '--error-file', '/tmp/tmpaprxnlca']
[2022-05-09 23:41:09,580] {standard_task_runner.py:80} INFO - Job 27: Subtask choose_best_model
[2022-05-09 23:41:09,668] {logging_mixin.py:109} INFO - Running <TaskInstance: my_dag.choose_best_model scheduled__2022-04-11T00:00:00+00:00 [running]> on host c0c6f6bf1c08
[2022-05-09 23:41:09,782] {taskinstance.py:1448} INFO - Exporting the following env vars:
AIRFLOW_CTX_DAG_OWNER=***
AIRFLOW_CTX_DAG_ID=my_dag
AIRFLOW_CTX_TASK_ID=choose_best_model
AIRFLOW_CTX_EXECUTION_DATE=2022-04-11T00:00:00+00:00
AIRFLOW_CTX_DAG_RUN_ID=scheduled__2022-04-11T00:00:00+00:00
[2022-05-09 23:41:09,800] {python.py:175} INFO - Done. Returned value was: accurate
[2022-05-09 23:41:09,802] {skipmixin.py:140} INFO - Following branch accurate
[2022-05-09 23:41:09,803] {skipmixin.py:171} INFO - Skipping tasks ['inaccurate']
[2022-05-09 23:41:09,860] {taskinstance.py:1288} INFO - Marking task as SUCCESS. dag_id=my_dag, task_id=choose_best_model, execution_date=20220411T000000, start_date=20220509T234109, end_date=20220509T234109
[2022-05-09 23:41:09,910] {local_task_job.py:154} INFO - Task exited with return code 0
[2022-05-09 23:41:09,957] {local_task_job.py:264} INFO - 1 downstream tasks scheduled from follow-on schedule check
