[2022-05-16 00:06:42,652] {processor.py:163} INFO - Started process (PID=11280) to work on /opt/airflow/dags/my_dag.py
[2022-05-16 00:06:42,698] {processor.py:642} INFO - Processing file /opt/airflow/dags/my_dag.py for tasks to queue
[2022-05-16 00:06:42,736] {logging_mixin.py:109} INFO - [2022-05-16 00:06:42,735] {dagbag.py:500} INFO - Filling up the DagBag from /opt/airflow/dags/my_dag.py
[2022-05-16 00:06:42,918] {processor.py:652} INFO - DAG(s) dict_keys(['my_dag']) retrieved from /opt/airflow/dags/my_dag.py
[2022-05-16 00:06:43,090] {logging_mixin.py:109} INFO - [2022-05-16 00:06:43,089] {dag.py:2398} INFO - Sync 1 DAGs
[2022-05-16 00:06:43,452] {logging_mixin.py:109} INFO - [2022-05-16 00:06:43,452] {dag.py:2937} INFO - Setting next_dagrun for my_dag to 2022-05-16T00:00:00+00:00
[2022-05-16 00:06:43,594] {processor.py:171} INFO - Processing /opt/airflow/dags/my_dag.py took 0.994 seconds
[2022-05-16 00:07:14,378] {processor.py:163} INFO - Started process (PID=11332) to work on /opt/airflow/dags/my_dag.py
[2022-05-16 00:07:14,398] {processor.py:642} INFO - Processing file /opt/airflow/dags/my_dag.py for tasks to queue
[2022-05-16 00:07:14,404] {logging_mixin.py:109} INFO - [2022-05-16 00:07:14,403] {dagbag.py:500} INFO - Filling up the DagBag from /opt/airflow/dags/my_dag.py
[2022-05-16 00:07:14,571] {processor.py:652} INFO - DAG(s) dict_keys(['my_dag']) retrieved from /opt/airflow/dags/my_dag.py
[2022-05-16 00:07:14,693] {logging_mixin.py:109} INFO - [2022-05-16 00:07:14,693] {dag.py:2398} INFO - Sync 1 DAGs
[2022-05-16 00:07:14,813] {logging_mixin.py:109} INFO - [2022-05-16 00:07:14,813] {dag.py:2937} INFO - Setting next_dagrun for my_dag to 2022-05-16T00:00:00+00:00
[2022-05-16 00:07:14,861] {processor.py:171} INFO - Processing /opt/airflow/dags/my_dag.py took 0.516 seconds
[2022-05-16 00:07:45,665] {processor.py:163} INFO - Started process (PID=11377) to work on /opt/airflow/dags/my_dag.py
[2022-05-16 00:07:45,675] {processor.py:642} INFO - Processing file /opt/airflow/dags/my_dag.py for tasks to queue
[2022-05-16 00:07:45,684] {logging_mixin.py:109} INFO - [2022-05-16 00:07:45,683] {dagbag.py:500} INFO - Filling up the DagBag from /opt/airflow/dags/my_dag.py
[2022-05-16 00:07:46,176] {processor.py:652} INFO - DAG(s) dict_keys(['my_dag']) retrieved from /opt/airflow/dags/my_dag.py
[2022-05-16 00:07:46,495] {logging_mixin.py:109} INFO - [2022-05-16 00:07:46,494] {dag.py:2398} INFO - Sync 1 DAGs
[2022-05-16 00:07:46,661] {logging_mixin.py:109} INFO - [2022-05-16 00:07:46,661] {dag.py:2937} INFO - Setting next_dagrun for my_dag to 2022-05-16T00:00:00+00:00
[2022-05-16 00:07:46,720] {processor.py:171} INFO - Processing /opt/airflow/dags/my_dag.py took 1.116 seconds
[2022-05-16 00:08:17,030] {processor.py:163} INFO - Started process (PID=11429) to work on /opt/airflow/dags/my_dag.py
[2022-05-16 00:08:17,042] {processor.py:642} INFO - Processing file /opt/airflow/dags/my_dag.py for tasks to queue
[2022-05-16 00:08:17,047] {logging_mixin.py:109} INFO - [2022-05-16 00:08:17,047] {dagbag.py:500} INFO - Filling up the DagBag from /opt/airflow/dags/my_dag.py
[2022-05-16 00:08:17,187] {processor.py:652} INFO - DAG(s) dict_keys(['my_dag']) retrieved from /opt/airflow/dags/my_dag.py
[2022-05-16 00:08:17,331] {logging_mixin.py:109} INFO - [2022-05-16 00:08:17,330] {dag.py:2398} INFO - Sync 1 DAGs
[2022-05-16 00:08:17,470] {logging_mixin.py:109} INFO - [2022-05-16 00:08:17,469] {dag.py:2937} INFO - Setting next_dagrun for my_dag to 2022-05-16T00:00:00+00:00
[2022-05-16 00:08:17,522] {processor.py:171} INFO - Processing /opt/airflow/dags/my_dag.py took 0.512 seconds
[2022-05-16 00:08:48,522] {processor.py:163} INFO - Started process (PID=11473) to work on /opt/airflow/dags/my_dag.py
[2022-05-16 00:08:48,543] {processor.py:642} INFO - Processing file /opt/airflow/dags/my_dag.py for tasks to queue
[2022-05-16 00:08:48,548] {logging_mixin.py:109} INFO - [2022-05-16 00:08:48,548] {dagbag.py:500} INFO - Filling up the DagBag from /opt/airflow/dags/my_dag.py
[2022-05-16 00:08:48,685] {processor.py:652} INFO - DAG(s) dict_keys(['my_dag']) retrieved from /opt/airflow/dags/my_dag.py
[2022-05-16 00:08:48,815] {logging_mixin.py:109} INFO - [2022-05-16 00:08:48,814] {dag.py:2398} INFO - Sync 1 DAGs
[2022-05-16 00:08:48,943] {logging_mixin.py:109} INFO - [2022-05-16 00:08:48,940] {dag.py:2937} INFO - Setting next_dagrun for my_dag to 2022-05-16T00:00:00+00:00
[2022-05-16 00:08:48,996] {processor.py:171} INFO - Processing /opt/airflow/dags/my_dag.py took 0.491 seconds
[2022-05-16 00:39:08,642] {processor.py:163} INFO - Started process (PID=11506) to work on /opt/airflow/dags/my_dag.py
[2022-05-16 00:39:08,648] {processor.py:642} INFO - Processing file /opt/airflow/dags/my_dag.py for tasks to queue
[2022-05-16 00:39:08,651] {logging_mixin.py:109} INFO - [2022-05-16 00:39:08,651] {dagbag.py:500} INFO - Filling up the DagBag from /opt/airflow/dags/my_dag.py
[2022-05-16 00:39:08,725] {processor.py:652} INFO - DAG(s) dict_keys(['my_dag']) retrieved from /opt/airflow/dags/my_dag.py
[2022-05-16 00:39:08,785] {logging_mixin.py:109} INFO - [2022-05-16 00:39:08,785] {dag.py:2398} INFO - Sync 1 DAGs
[2022-05-16 00:39:08,844] {logging_mixin.py:109} INFO - [2022-05-16 00:39:08,843] {dag.py:2937} INFO - Setting next_dagrun for my_dag to 2022-05-16T00:00:00+00:00
[2022-05-16 00:39:08,893] {processor.py:171} INFO - Processing /opt/airflow/dags/my_dag.py took 0.266 seconds
[2022-05-16 00:39:39,294] {processor.py:163} INFO - Started process (PID=11560) to work on /opt/airflow/dags/my_dag.py
[2022-05-16 00:39:39,309] {processor.py:642} INFO - Processing file /opt/airflow/dags/my_dag.py for tasks to queue
[2022-05-16 00:39:39,320] {logging_mixin.py:109} INFO - [2022-05-16 00:39:39,319] {dagbag.py:500} INFO - Filling up the DagBag from /opt/airflow/dags/my_dag.py
[2022-05-16 00:39:39,487] {processor.py:652} INFO - DAG(s) dict_keys(['my_dag']) retrieved from /opt/airflow/dags/my_dag.py
[2022-05-16 00:39:39,627] {logging_mixin.py:109} INFO - [2022-05-16 00:39:39,627] {dag.py:2398} INFO - Sync 1 DAGs
[2022-05-16 00:39:39,832] {logging_mixin.py:109} INFO - [2022-05-16 00:39:39,832] {dag.py:2937} INFO - Setting next_dagrun for my_dag to 2022-05-16T00:00:00+00:00
[2022-05-16 00:39:39,895] {processor.py:171} INFO - Processing /opt/airflow/dags/my_dag.py took 0.620 seconds
[2022-05-16 00:40:10,556] {processor.py:163} INFO - Started process (PID=11612) to work on /opt/airflow/dags/my_dag.py
[2022-05-16 00:40:10,569] {processor.py:642} INFO - Processing file /opt/airflow/dags/my_dag.py for tasks to queue
[2022-05-16 00:40:10,575] {logging_mixin.py:109} INFO - [2022-05-16 00:40:10,575] {dagbag.py:500} INFO - Filling up the DagBag from /opt/airflow/dags/my_dag.py
[2022-05-16 00:40:10,730] {processor.py:652} INFO - DAG(s) dict_keys(['my_dag']) retrieved from /opt/airflow/dags/my_dag.py
[2022-05-16 00:40:10,917] {logging_mixin.py:109} INFO - [2022-05-16 00:40:10,917] {dag.py:2398} INFO - Sync 1 DAGs
[2022-05-16 00:40:11,096] {logging_mixin.py:109} INFO - [2022-05-16 00:40:11,093] {dag.py:2937} INFO - Setting next_dagrun for my_dag to 2022-05-16T00:00:00+00:00
[2022-05-16 00:40:11,189] {processor.py:171} INFO - Processing /opt/airflow/dags/my_dag.py took 0.651 seconds
[2022-05-16 00:40:41,686] {processor.py:163} INFO - Started process (PID=11655) to work on /opt/airflow/dags/my_dag.py
[2022-05-16 00:40:41,694] {processor.py:642} INFO - Processing file /opt/airflow/dags/my_dag.py for tasks to queue
[2022-05-16 00:40:41,700] {logging_mixin.py:109} INFO - [2022-05-16 00:40:41,699] {dagbag.py:500} INFO - Filling up the DagBag from /opt/airflow/dags/my_dag.py
[2022-05-16 00:40:41,843] {processor.py:652} INFO - DAG(s) dict_keys(['my_dag']) retrieved from /opt/airflow/dags/my_dag.py
[2022-05-16 00:40:41,964] {logging_mixin.py:109} INFO - [2022-05-16 00:40:41,963] {dag.py:2398} INFO - Sync 1 DAGs
[2022-05-16 00:40:42,076] {logging_mixin.py:109} INFO - [2022-05-16 00:40:42,075] {dag.py:2937} INFO - Setting next_dagrun for my_dag to 2022-05-16T00:00:00+00:00
[2022-05-16 00:40:42,142] {processor.py:171} INFO - Processing /opt/airflow/dags/my_dag.py took 0.476 seconds
[2022-05-16 00:41:12,430] {processor.py:163} INFO - Started process (PID=11708) to work on /opt/airflow/dags/my_dag.py
[2022-05-16 00:41:12,442] {processor.py:642} INFO - Processing file /opt/airflow/dags/my_dag.py for tasks to queue
[2022-05-16 00:41:12,447] {logging_mixin.py:109} INFO - [2022-05-16 00:41:12,447] {dagbag.py:500} INFO - Filling up the DagBag from /opt/airflow/dags/my_dag.py
[2022-05-16 00:41:12,588] {processor.py:652} INFO - DAG(s) dict_keys(['my_dag']) retrieved from /opt/airflow/dags/my_dag.py
[2022-05-16 00:41:12,723] {logging_mixin.py:109} INFO - [2022-05-16 00:41:12,723] {dag.py:2398} INFO - Sync 1 DAGs
[2022-05-16 00:41:12,840] {logging_mixin.py:109} INFO - [2022-05-16 00:41:12,840] {dag.py:2937} INFO - Setting next_dagrun for my_dag to 2022-05-16T00:00:00+00:00
[2022-05-16 00:41:12,890] {processor.py:171} INFO - Processing /opt/airflow/dags/my_dag.py took 0.480 seconds
[2022-05-16 00:41:43,487] {processor.py:163} INFO - Started process (PID=11750) to work on /opt/airflow/dags/my_dag.py
[2022-05-16 00:41:43,498] {processor.py:642} INFO - Processing file /opt/airflow/dags/my_dag.py for tasks to queue
[2022-05-16 00:41:43,506] {logging_mixin.py:109} INFO - [2022-05-16 00:41:43,505] {dagbag.py:500} INFO - Filling up the DagBag from /opt/airflow/dags/my_dag.py
[2022-05-16 00:41:43,699] {processor.py:652} INFO - DAG(s) dict_keys(['my_dag']) retrieved from /opt/airflow/dags/my_dag.py
[2022-05-16 00:41:43,840] {logging_mixin.py:109} INFO - [2022-05-16 00:41:43,839] {dag.py:2398} INFO - Sync 1 DAGs
[2022-05-16 00:41:44,000] {logging_mixin.py:109} INFO - [2022-05-16 00:41:43,999] {dag.py:2937} INFO - Setting next_dagrun for my_dag to 2022-05-16T00:00:00+00:00
[2022-05-16 00:41:44,066] {processor.py:171} INFO - Processing /opt/airflow/dags/my_dag.py took 0.600 seconds
[2022-05-16 00:42:14,588] {processor.py:163} INFO - Started process (PID=11802) to work on /opt/airflow/dags/my_dag.py
[2022-05-16 00:42:14,596] {processor.py:642} INFO - Processing file /opt/airflow/dags/my_dag.py for tasks to queue
[2022-05-16 00:42:14,601] {logging_mixin.py:109} INFO - [2022-05-16 00:42:14,601] {dagbag.py:500} INFO - Filling up the DagBag from /opt/airflow/dags/my_dag.py
[2022-05-16 00:42:14,751] {processor.py:652} INFO - DAG(s) dict_keys(['my_dag']) retrieved from /opt/airflow/dags/my_dag.py
[2022-05-16 00:42:14,930] {logging_mixin.py:109} INFO - [2022-05-16 00:42:14,929] {dag.py:2398} INFO - Sync 1 DAGs
[2022-05-16 00:42:15,116] {logging_mixin.py:109} INFO - [2022-05-16 00:42:15,114] {dag.py:2937} INFO - Setting next_dagrun for my_dag to 2022-05-16T00:00:00+00:00
[2022-05-16 00:42:15,183] {processor.py:171} INFO - Processing /opt/airflow/dags/my_dag.py took 0.613 seconds
[2022-05-16 00:42:45,414] {processor.py:163} INFO - Started process (PID=11843) to work on /opt/airflow/dags/my_dag.py
[2022-05-16 00:42:45,425] {processor.py:642} INFO - Processing file /opt/airflow/dags/my_dag.py for tasks to queue
[2022-05-16 00:42:45,431] {logging_mixin.py:109} INFO - [2022-05-16 00:42:45,431] {dagbag.py:500} INFO - Filling up the DagBag from /opt/airflow/dags/my_dag.py
[2022-05-16 00:42:45,580] {processor.py:652} INFO - DAG(s) dict_keys(['my_dag']) retrieved from /opt/airflow/dags/my_dag.py
[2022-05-16 00:42:45,734] {logging_mixin.py:109} INFO - [2022-05-16 00:42:45,734] {dag.py:2398} INFO - Sync 1 DAGs
[2022-05-16 00:42:45,839] {logging_mixin.py:109} INFO - [2022-05-16 00:42:45,838] {dag.py:2937} INFO - Setting next_dagrun for my_dag to 2022-05-16T00:00:00+00:00
[2022-05-16 00:42:45,906] {processor.py:171} INFO - Processing /opt/airflow/dags/my_dag.py took 0.519 seconds
[2022-05-16 00:43:16,394] {processor.py:163} INFO - Started process (PID=11894) to work on /opt/airflow/dags/my_dag.py
[2022-05-16 00:43:16,405] {processor.py:642} INFO - Processing file /opt/airflow/dags/my_dag.py for tasks to queue
[2022-05-16 00:43:16,412] {logging_mixin.py:109} INFO - [2022-05-16 00:43:16,411] {dagbag.py:500} INFO - Filling up the DagBag from /opt/airflow/dags/my_dag.py
[2022-05-16 00:43:16,563] {processor.py:652} INFO - DAG(s) dict_keys(['my_dag']) retrieved from /opt/airflow/dags/my_dag.py
[2022-05-16 00:43:16,707] {logging_mixin.py:109} INFO - [2022-05-16 00:43:16,706] {dag.py:2398} INFO - Sync 1 DAGs
[2022-05-16 00:43:16,840] {logging_mixin.py:109} INFO - [2022-05-16 00:43:16,840] {dag.py:2937} INFO - Setting next_dagrun for my_dag to 2022-05-16T00:00:00+00:00
[2022-05-16 00:43:16,895] {processor.py:171} INFO - Processing /opt/airflow/dags/my_dag.py took 0.523 seconds
[2022-05-16 00:43:47,204] {processor.py:163} INFO - Started process (PID=11944) to work on /opt/airflow/dags/my_dag.py
[2022-05-16 00:43:47,217] {processor.py:642} INFO - Processing file /opt/airflow/dags/my_dag.py for tasks to queue
[2022-05-16 00:43:47,229] {logging_mixin.py:109} INFO - [2022-05-16 00:43:47,228] {dagbag.py:500} INFO - Filling up the DagBag from /opt/airflow/dags/my_dag.py
[2022-05-16 00:43:47,384] {processor.py:652} INFO - DAG(s) dict_keys(['my_dag']) retrieved from /opt/airflow/dags/my_dag.py
[2022-05-16 00:43:47,649] {logging_mixin.py:109} INFO - [2022-05-16 00:43:47,649] {dag.py:2398} INFO - Sync 1 DAGs
[2022-05-16 00:43:47,795] {logging_mixin.py:109} INFO - [2022-05-16 00:43:47,795] {dag.py:2937} INFO - Setting next_dagrun for my_dag to 2022-05-16T00:00:00+00:00
[2022-05-16 00:43:47,844] {processor.py:171} INFO - Processing /opt/airflow/dags/my_dag.py took 0.658 seconds
[2022-05-16 01:14:07,499] {processor.py:163} INFO - Started process (PID=11979) to work on /opt/airflow/dags/my_dag.py
[2022-05-16 01:14:07,515] {processor.py:642} INFO - Processing file /opt/airflow/dags/my_dag.py for tasks to queue
[2022-05-16 01:14:07,522] {logging_mixin.py:109} INFO - [2022-05-16 01:14:07,521] {dagbag.py:500} INFO - Filling up the DagBag from /opt/airflow/dags/my_dag.py
[2022-05-16 01:14:07,676] {processor.py:652} INFO - DAG(s) dict_keys(['my_dag']) retrieved from /opt/airflow/dags/my_dag.py
[2022-05-16 01:14:07,947] {logging_mixin.py:109} INFO - [2022-05-16 01:14:07,947] {dag.py:2398} INFO - Sync 1 DAGs
[2022-05-16 01:14:08,149] {logging_mixin.py:109} INFO - [2022-05-16 01:14:08,146] {dag.py:2937} INFO - Setting next_dagrun for my_dag to 2022-05-16T00:00:00+00:00
[2022-05-16 01:14:08,235] {processor.py:171} INFO - Processing /opt/airflow/dags/my_dag.py took 0.778 seconds
[2022-05-16 01:14:38,798] {processor.py:163} INFO - Started process (PID=12022) to work on /opt/airflow/dags/my_dag.py
[2022-05-16 01:14:38,835] {processor.py:642} INFO - Processing file /opt/airflow/dags/my_dag.py for tasks to queue
[2022-05-16 01:14:38,849] {logging_mixin.py:109} INFO - [2022-05-16 01:14:38,848] {dagbag.py:500} INFO - Filling up the DagBag from /opt/airflow/dags/my_dag.py
[2022-05-16 01:14:39,035] {processor.py:652} INFO - DAG(s) dict_keys(['my_dag']) retrieved from /opt/airflow/dags/my_dag.py
[2022-05-16 01:14:39,211] {logging_mixin.py:109} INFO - [2022-05-16 01:14:39,210] {dag.py:2398} INFO - Sync 1 DAGs
[2022-05-16 01:14:39,492] {logging_mixin.py:109} INFO - [2022-05-16 01:14:39,492] {dag.py:2937} INFO - Setting next_dagrun for my_dag to 2022-05-16T00:00:00+00:00
[2022-05-16 01:14:39,596] {processor.py:171} INFO - Processing /opt/airflow/dags/my_dag.py took 0.831 seconds
[2022-05-16 01:15:10,311] {processor.py:163} INFO - Started process (PID=12076) to work on /opt/airflow/dags/my_dag.py
[2022-05-16 01:15:10,332] {processor.py:642} INFO - Processing file /opt/airflow/dags/my_dag.py for tasks to queue
[2022-05-16 01:15:10,338] {logging_mixin.py:109} INFO - [2022-05-16 01:15:10,338] {dagbag.py:500} INFO - Filling up the DagBag from /opt/airflow/dags/my_dag.py
[2022-05-16 01:15:10,480] {processor.py:652} INFO - DAG(s) dict_keys(['my_dag']) retrieved from /opt/airflow/dags/my_dag.py
[2022-05-16 01:15:10,653] {logging_mixin.py:109} INFO - [2022-05-16 01:15:10,653] {dag.py:2398} INFO - Sync 1 DAGs
[2022-05-16 01:15:10,832] {logging_mixin.py:109} INFO - [2022-05-16 01:15:10,831] {dag.py:2937} INFO - Setting next_dagrun for my_dag to 2022-05-16T00:00:00+00:00
[2022-05-16 01:15:10,888] {processor.py:171} INFO - Processing /opt/airflow/dags/my_dag.py took 0.606 seconds
[2022-05-16 01:15:41,627] {processor.py:163} INFO - Started process (PID=12120) to work on /opt/airflow/dags/my_dag.py
[2022-05-16 01:15:41,639] {processor.py:642} INFO - Processing file /opt/airflow/dags/my_dag.py for tasks to queue
[2022-05-16 01:15:41,648] {logging_mixin.py:109} INFO - [2022-05-16 01:15:41,647] {dagbag.py:500} INFO - Filling up the DagBag from /opt/airflow/dags/my_dag.py
[2022-05-16 01:15:41,741] {processor.py:652} INFO - DAG(s) dict_keys(['my_dag']) retrieved from /opt/airflow/dags/my_dag.py
[2022-05-16 01:15:41,859] {logging_mixin.py:109} INFO - [2022-05-16 01:15:41,858] {dag.py:2398} INFO - Sync 1 DAGs
[2022-05-16 01:15:41,958] {logging_mixin.py:109} INFO - [2022-05-16 01:15:41,958] {dag.py:2937} INFO - Setting next_dagrun for my_dag to 2022-05-16T00:00:00+00:00
[2022-05-16 01:15:42,027] {processor.py:171} INFO - Processing /opt/airflow/dags/my_dag.py took 0.426 seconds
[2022-05-16 01:16:12,534] {processor.py:163} INFO - Started process (PID=12173) to work on /opt/airflow/dags/my_dag.py
[2022-05-16 01:16:12,541] {processor.py:642} INFO - Processing file /opt/airflow/dags/my_dag.py for tasks to queue
[2022-05-16 01:16:12,547] {logging_mixin.py:109} INFO - [2022-05-16 01:16:12,547] {dagbag.py:500} INFO - Filling up the DagBag from /opt/airflow/dags/my_dag.py
[2022-05-16 01:16:12,615] {processor.py:652} INFO - DAG(s) dict_keys(['my_dag']) retrieved from /opt/airflow/dags/my_dag.py
[2022-05-16 01:16:12,713] {logging_mixin.py:109} INFO - [2022-05-16 01:16:12,713] {dag.py:2398} INFO - Sync 1 DAGs
[2022-05-16 01:16:12,796] {logging_mixin.py:109} INFO - [2022-05-16 01:16:12,796] {dag.py:2937} INFO - Setting next_dagrun for my_dag to 2022-05-16T00:00:00+00:00
[2022-05-16 01:16:12,836] {processor.py:171} INFO - Processing /opt/airflow/dags/my_dag.py took 0.318 seconds
[2022-05-16 01:16:43,242] {processor.py:163} INFO - Started process (PID=12226) to work on /opt/airflow/dags/my_dag.py
[2022-05-16 01:16:43,263] {processor.py:642} INFO - Processing file /opt/airflow/dags/my_dag.py for tasks to queue
[2022-05-16 01:16:43,270] {logging_mixin.py:109} INFO - [2022-05-16 01:16:43,270] {dagbag.py:500} INFO - Filling up the DagBag from /opt/airflow/dags/my_dag.py
[2022-05-16 01:16:43,363] {processor.py:652} INFO - DAG(s) dict_keys(['my_dag']) retrieved from /opt/airflow/dags/my_dag.py
[2022-05-16 01:16:43,478] {logging_mixin.py:109} INFO - [2022-05-16 01:16:43,477] {dag.py:2398} INFO - Sync 1 DAGs
[2022-05-16 01:16:43,559] {logging_mixin.py:109} INFO - [2022-05-16 01:16:43,558] {dag.py:2937} INFO - Setting next_dagrun for my_dag to 2022-05-16T00:00:00+00:00
[2022-05-16 01:16:43,604] {processor.py:171} INFO - Processing /opt/airflow/dags/my_dag.py took 0.387 seconds
[2022-05-16 01:17:14,407] {processor.py:163} INFO - Started process (PID=12269) to work on /opt/airflow/dags/my_dag.py
[2022-05-16 01:17:14,432] {processor.py:642} INFO - Processing file /opt/airflow/dags/my_dag.py for tasks to queue
[2022-05-16 01:17:14,470] {logging_mixin.py:109} INFO - [2022-05-16 01:17:14,470] {dagbag.py:500} INFO - Filling up the DagBag from /opt/airflow/dags/my_dag.py
[2022-05-16 01:17:14,539] {processor.py:652} INFO - DAG(s) dict_keys(['my_dag']) retrieved from /opt/airflow/dags/my_dag.py
[2022-05-16 01:17:14,643] {logging_mixin.py:109} INFO - [2022-05-16 01:17:14,642] {dag.py:2398} INFO - Sync 1 DAGs
[2022-05-16 01:17:14,730] {logging_mixin.py:109} INFO - [2022-05-16 01:17:14,730] {dag.py:2937} INFO - Setting next_dagrun for my_dag to 2022-05-16T00:00:00+00:00
[2022-05-16 01:17:14,769] {processor.py:171} INFO - Processing /opt/airflow/dags/my_dag.py took 0.379 seconds
[2022-05-16 01:17:45,804] {processor.py:163} INFO - Started process (PID=12321) to work on /opt/airflow/dags/my_dag.py
[2022-05-16 01:17:45,814] {processor.py:642} INFO - Processing file /opt/airflow/dags/my_dag.py for tasks to queue
[2022-05-16 01:17:45,823] {logging_mixin.py:109} INFO - [2022-05-16 01:17:45,822] {dagbag.py:500} INFO - Filling up the DagBag from /opt/airflow/dags/my_dag.py
[2022-05-16 01:17:45,912] {processor.py:652} INFO - DAG(s) dict_keys(['my_dag']) retrieved from /opt/airflow/dags/my_dag.py
[2022-05-16 01:17:46,036] {logging_mixin.py:109} INFO - [2022-05-16 01:17:46,035] {dag.py:2398} INFO - Sync 1 DAGs
[2022-05-16 01:17:46,136] {logging_mixin.py:109} INFO - [2022-05-16 01:17:46,135] {dag.py:2937} INFO - Setting next_dagrun for my_dag to 2022-05-16T00:00:00+00:00
[2022-05-16 01:17:46,195] {processor.py:171} INFO - Processing /opt/airflow/dags/my_dag.py took 0.409 seconds
[2022-05-16 01:18:16,549] {processor.py:163} INFO - Started process (PID=12364) to work on /opt/airflow/dags/my_dag.py
[2022-05-16 01:18:16,557] {processor.py:642} INFO - Processing file /opt/airflow/dags/my_dag.py for tasks to queue
[2022-05-16 01:18:16,563] {logging_mixin.py:109} INFO - [2022-05-16 01:18:16,563] {dagbag.py:500} INFO - Filling up the DagBag from /opt/airflow/dags/my_dag.py
[2022-05-16 01:18:16,641] {processor.py:652} INFO - DAG(s) dict_keys(['my_dag']) retrieved from /opt/airflow/dags/my_dag.py
[2022-05-16 01:18:16,753] {logging_mixin.py:109} INFO - [2022-05-16 01:18:16,753] {dag.py:2398} INFO - Sync 1 DAGs
[2022-05-16 01:18:16,854] {logging_mixin.py:109} INFO - [2022-05-16 01:18:16,853] {dag.py:2937} INFO - Setting next_dagrun for my_dag to 2022-05-16T00:00:00+00:00
[2022-05-16 01:18:16,902] {processor.py:171} INFO - Processing /opt/airflow/dags/my_dag.py took 0.369 seconds
[2022-05-16 01:18:47,141] {processor.py:163} INFO - Started process (PID=12417) to work on /opt/airflow/dags/my_dag.py
[2022-05-16 01:18:47,160] {processor.py:642} INFO - Processing file /opt/airflow/dags/my_dag.py for tasks to queue
[2022-05-16 01:18:47,176] {logging_mixin.py:109} INFO - [2022-05-16 01:18:47,175] {dagbag.py:500} INFO - Filling up the DagBag from /opt/airflow/dags/my_dag.py
[2022-05-16 01:18:47,276] {processor.py:652} INFO - DAG(s) dict_keys(['my_dag']) retrieved from /opt/airflow/dags/my_dag.py
[2022-05-16 01:18:47,413] {logging_mixin.py:109} INFO - [2022-05-16 01:18:47,413] {dag.py:2398} INFO - Sync 1 DAGs
[2022-05-16 01:18:47,533] {logging_mixin.py:109} INFO - [2022-05-16 01:18:47,532] {dag.py:2937} INFO - Setting next_dagrun for my_dag to 2022-05-16T00:00:00+00:00
[2022-05-16 01:18:47,594] {processor.py:171} INFO - Processing /opt/airflow/dags/my_dag.py took 0.489 seconds
[2022-05-16 01:19:18,080] {processor.py:163} INFO - Started process (PID=12467) to work on /opt/airflow/dags/my_dag.py
[2022-05-16 01:19:18,089] {processor.py:642} INFO - Processing file /opt/airflow/dags/my_dag.py for tasks to queue
[2022-05-16 01:19:18,094] {logging_mixin.py:109} INFO - [2022-05-16 01:19:18,094] {dagbag.py:500} INFO - Filling up the DagBag from /opt/airflow/dags/my_dag.py
[2022-05-16 01:19:18,177] {processor.py:652} INFO - DAG(s) dict_keys(['my_dag']) retrieved from /opt/airflow/dags/my_dag.py
[2022-05-16 01:19:18,306] {logging_mixin.py:109} INFO - [2022-05-16 01:19:18,306] {dag.py:2398} INFO - Sync 1 DAGs
[2022-05-16 01:19:18,410] {logging_mixin.py:109} INFO - [2022-05-16 01:19:18,410] {dag.py:2937} INFO - Setting next_dagrun for my_dag to 2022-05-16T00:00:00+00:00
[2022-05-16 01:19:18,456] {processor.py:171} INFO - Processing /opt/airflow/dags/my_dag.py took 0.393 seconds
[2022-05-16 01:19:49,085] {processor.py:163} INFO - Started process (PID=12512) to work on /opt/airflow/dags/my_dag.py
[2022-05-16 01:19:49,096] {processor.py:642} INFO - Processing file /opt/airflow/dags/my_dag.py for tasks to queue
[2022-05-16 01:19:49,103] {logging_mixin.py:109} INFO - [2022-05-16 01:19:49,103] {dagbag.py:500} INFO - Filling up the DagBag from /opt/airflow/dags/my_dag.py
[2022-05-16 01:19:49,192] {processor.py:652} INFO - DAG(s) dict_keys(['my_dag']) retrieved from /opt/airflow/dags/my_dag.py
[2022-05-16 01:19:49,319] {logging_mixin.py:109} INFO - [2022-05-16 01:19:49,318] {dag.py:2398} INFO - Sync 1 DAGs
[2022-05-16 01:19:49,442] {logging_mixin.py:109} INFO - [2022-05-16 01:19:49,442] {dag.py:2937} INFO - Setting next_dagrun for my_dag to 2022-05-16T00:00:00+00:00
[2022-05-16 01:19:49,501] {processor.py:171} INFO - Processing /opt/airflow/dags/my_dag.py took 0.440 seconds
[2022-05-16 01:20:19,691] {processor.py:163} INFO - Started process (PID=12565) to work on /opt/airflow/dags/my_dag.py
[2022-05-16 01:20:19,703] {processor.py:642} INFO - Processing file /opt/airflow/dags/my_dag.py for tasks to queue
[2022-05-16 01:20:19,710] {logging_mixin.py:109} INFO - [2022-05-16 01:20:19,710] {dagbag.py:500} INFO - Filling up the DagBag from /opt/airflow/dags/my_dag.py
[2022-05-16 01:20:19,801] {processor.py:652} INFO - DAG(s) dict_keys(['my_dag']) retrieved from /opt/airflow/dags/my_dag.py
[2022-05-16 01:20:19,969] {logging_mixin.py:109} INFO - [2022-05-16 01:20:19,969] {dag.py:2398} INFO - Sync 1 DAGs
[2022-05-16 01:20:20,099] {logging_mixin.py:109} INFO - [2022-05-16 01:20:20,098] {dag.py:2937} INFO - Setting next_dagrun for my_dag to 2022-05-16T00:00:00+00:00
[2022-05-16 01:20:20,167] {processor.py:171} INFO - Processing /opt/airflow/dags/my_dag.py took 0.495 seconds
[2022-05-16 01:50:32,710] {processor.py:163} INFO - Started process (PID=12580) to work on /opt/airflow/dags/my_dag.py
[2022-05-16 01:50:32,727] {processor.py:642} INFO - Processing file /opt/airflow/dags/my_dag.py for tasks to queue
[2022-05-16 01:50:32,737] {logging_mixin.py:109} INFO - [2022-05-16 01:50:32,736] {dagbag.py:500} INFO - Filling up the DagBag from /opt/airflow/dags/my_dag.py
[2022-05-16 01:50:32,885] {processor.py:652} INFO - DAG(s) dict_keys(['my_dag']) retrieved from /opt/airflow/dags/my_dag.py
[2022-05-16 01:50:33,145] {logging_mixin.py:109} INFO - [2022-05-16 01:50:33,145] {dag.py:2398} INFO - Sync 1 DAGs
[2022-05-16 01:50:33,321] {logging_mixin.py:109} INFO - [2022-05-16 01:50:33,321] {dag.py:2937} INFO - Setting next_dagrun for my_dag to 2022-05-16T00:00:00+00:00
[2022-05-16 01:50:33,377] {processor.py:171} INFO - Processing /opt/airflow/dags/my_dag.py took 0.714 seconds
[2022-05-16 01:51:03,722] {processor.py:163} INFO - Started process (PID=12622) to work on /opt/airflow/dags/my_dag.py
[2022-05-16 01:51:03,732] {processor.py:642} INFO - Processing file /opt/airflow/dags/my_dag.py for tasks to queue
[2022-05-16 01:51:03,742] {logging_mixin.py:109} INFO - [2022-05-16 01:51:03,741] {dagbag.py:500} INFO - Filling up the DagBag from /opt/airflow/dags/my_dag.py
[2022-05-16 01:51:03,873] {processor.py:652} INFO - DAG(s) dict_keys(['my_dag']) retrieved from /opt/airflow/dags/my_dag.py
[2022-05-16 01:51:03,988] {logging_mixin.py:109} INFO - [2022-05-16 01:51:03,988] {dag.py:2398} INFO - Sync 1 DAGs
[2022-05-16 01:51:04,090] {logging_mixin.py:109} INFO - [2022-05-16 01:51:04,090] {dag.py:2937} INFO - Setting next_dagrun for my_dag to 2022-05-16T00:00:00+00:00
[2022-05-16 01:51:04,133] {processor.py:171} INFO - Processing /opt/airflow/dags/my_dag.py took 0.430 seconds
[2022-05-16 01:51:34,972] {processor.py:163} INFO - Started process (PID=12673) to work on /opt/airflow/dags/my_dag.py
[2022-05-16 01:51:34,987] {processor.py:642} INFO - Processing file /opt/airflow/dags/my_dag.py for tasks to queue
[2022-05-16 01:51:34,995] {logging_mixin.py:109} INFO - [2022-05-16 01:51:34,994] {dagbag.py:500} INFO - Filling up the DagBag from /opt/airflow/dags/my_dag.py
[2022-05-16 01:51:35,071] {processor.py:652} INFO - DAG(s) dict_keys(['my_dag']) retrieved from /opt/airflow/dags/my_dag.py
[2022-05-16 01:51:35,192] {logging_mixin.py:109} INFO - [2022-05-16 01:51:35,191] {dag.py:2398} INFO - Sync 1 DAGs
[2022-05-16 01:51:35,278] {logging_mixin.py:109} INFO - [2022-05-16 01:51:35,278] {dag.py:2937} INFO - Setting next_dagrun for my_dag to 2022-05-16T00:00:00+00:00
[2022-05-16 01:51:35,327] {processor.py:171} INFO - Processing /opt/airflow/dags/my_dag.py took 0.384 seconds
[2022-05-16 01:52:05,424] {processor.py:163} INFO - Started process (PID=12715) to work on /opt/airflow/dags/my_dag.py
[2022-05-16 01:52:05,432] {processor.py:642} INFO - Processing file /opt/airflow/dags/my_dag.py for tasks to queue
[2022-05-16 01:52:05,436] {logging_mixin.py:109} INFO - [2022-05-16 01:52:05,436] {dagbag.py:500} INFO - Filling up the DagBag from /opt/airflow/dags/my_dag.py
[2022-05-16 01:52:05,528] {processor.py:652} INFO - DAG(s) dict_keys(['my_dag']) retrieved from /opt/airflow/dags/my_dag.py
[2022-05-16 01:52:05,635] {logging_mixin.py:109} INFO - [2022-05-16 01:52:05,635] {dag.py:2398} INFO - Sync 1 DAGs
[2022-05-16 01:52:05,724] {logging_mixin.py:109} INFO - [2022-05-16 01:52:05,724] {dag.py:2937} INFO - Setting next_dagrun for my_dag to 2022-05-16T00:00:00+00:00
[2022-05-16 01:52:05,771] {processor.py:171} INFO - Processing /opt/airflow/dags/my_dag.py took 0.362 seconds
[2022-05-16 01:52:36,034] {processor.py:163} INFO - Started process (PID=12769) to work on /opt/airflow/dags/my_dag.py
[2022-05-16 01:52:36,043] {processor.py:642} INFO - Processing file /opt/airflow/dags/my_dag.py for tasks to queue
[2022-05-16 01:52:36,048] {logging_mixin.py:109} INFO - [2022-05-16 01:52:36,047] {dagbag.py:500} INFO - Filling up the DagBag from /opt/airflow/dags/my_dag.py
[2022-05-16 01:52:36,118] {processor.py:652} INFO - DAG(s) dict_keys(['my_dag']) retrieved from /opt/airflow/dags/my_dag.py
[2022-05-16 01:52:36,238] {logging_mixin.py:109} INFO - [2022-05-16 01:52:36,238] {dag.py:2398} INFO - Sync 1 DAGs
[2022-05-16 01:52:36,323] {logging_mixin.py:109} INFO - [2022-05-16 01:52:36,323] {dag.py:2937} INFO - Setting next_dagrun for my_dag to 2022-05-16T00:00:00+00:00
[2022-05-16 01:52:36,371] {processor.py:171} INFO - Processing /opt/airflow/dags/my_dag.py took 0.353 seconds
[2022-05-16 01:53:07,288] {processor.py:163} INFO - Started process (PID=12821) to work on /opt/airflow/dags/my_dag.py
[2022-05-16 01:53:07,306] {processor.py:642} INFO - Processing file /opt/airflow/dags/my_dag.py for tasks to queue
[2022-05-16 01:53:07,318] {logging_mixin.py:109} INFO - [2022-05-16 01:53:07,317] {dagbag.py:500} INFO - Filling up the DagBag from /opt/airflow/dags/my_dag.py
[2022-05-16 01:53:07,395] {processor.py:652} INFO - DAG(s) dict_keys(['my_dag']) retrieved from /opt/airflow/dags/my_dag.py
[2022-05-16 01:53:07,506] {logging_mixin.py:109} INFO - [2022-05-16 01:53:07,505] {dag.py:2398} INFO - Sync 1 DAGs
[2022-05-16 01:53:07,587] {logging_mixin.py:109} INFO - [2022-05-16 01:53:07,587] {dag.py:2937} INFO - Setting next_dagrun for my_dag to 2022-05-16T00:00:00+00:00
[2022-05-16 01:53:07,628] {processor.py:171} INFO - Processing /opt/airflow/dags/my_dag.py took 0.361 seconds
[2022-05-16 01:53:38,623] {processor.py:163} INFO - Started process (PID=12863) to work on /opt/airflow/dags/my_dag.py
[2022-05-16 01:53:38,632] {processor.py:642} INFO - Processing file /opt/airflow/dags/my_dag.py for tasks to queue
[2022-05-16 01:53:38,638] {logging_mixin.py:109} INFO - [2022-05-16 01:53:38,637] {dagbag.py:500} INFO - Filling up the DagBag from /opt/airflow/dags/my_dag.py
[2022-05-16 01:53:38,720] {processor.py:652} INFO - DAG(s) dict_keys(['my_dag']) retrieved from /opt/airflow/dags/my_dag.py
[2022-05-16 01:53:38,836] {logging_mixin.py:109} INFO - [2022-05-16 01:53:38,836] {dag.py:2398} INFO - Sync 1 DAGs
[2022-05-16 01:53:38,933] {logging_mixin.py:109} INFO - [2022-05-16 01:53:38,933] {dag.py:2937} INFO - Setting next_dagrun for my_dag to 2022-05-16T00:00:00+00:00
[2022-05-16 01:53:38,982] {processor.py:171} INFO - Processing /opt/airflow/dags/my_dag.py took 0.388 seconds
[2022-05-16 01:54:09,211] {processor.py:163} INFO - Started process (PID=12915) to work on /opt/airflow/dags/my_dag.py
[2022-05-16 01:54:09,225] {processor.py:642} INFO - Processing file /opt/airflow/dags/my_dag.py for tasks to queue
[2022-05-16 01:54:09,235] {logging_mixin.py:109} INFO - [2022-05-16 01:54:09,234] {dagbag.py:500} INFO - Filling up the DagBag from /opt/airflow/dags/my_dag.py
[2022-05-16 01:54:09,331] {processor.py:652} INFO - DAG(s) dict_keys(['my_dag']) retrieved from /opt/airflow/dags/my_dag.py
[2022-05-16 01:54:09,478] {logging_mixin.py:109} INFO - [2022-05-16 01:54:09,477] {dag.py:2398} INFO - Sync 1 DAGs
[2022-05-16 01:54:09,604] {logging_mixin.py:109} INFO - [2022-05-16 01:54:09,604] {dag.py:2937} INFO - Setting next_dagrun for my_dag to 2022-05-16T00:00:00+00:00
[2022-05-16 01:54:09,644] {processor.py:171} INFO - Processing /opt/airflow/dags/my_dag.py took 0.465 seconds
[2022-05-16 01:54:40,119] {processor.py:163} INFO - Started process (PID=12958) to work on /opt/airflow/dags/my_dag.py
[2022-05-16 01:54:40,132] {processor.py:642} INFO - Processing file /opt/airflow/dags/my_dag.py for tasks to queue
[2022-05-16 01:54:40,141] {logging_mixin.py:109} INFO - [2022-05-16 01:54:40,141] {dagbag.py:500} INFO - Filling up the DagBag from /opt/airflow/dags/my_dag.py
[2022-05-16 01:54:40,229] {processor.py:652} INFO - DAG(s) dict_keys(['my_dag']) retrieved from /opt/airflow/dags/my_dag.py
[2022-05-16 01:54:40,367] {logging_mixin.py:109} INFO - [2022-05-16 01:54:40,366] {dag.py:2398} INFO - Sync 1 DAGs
[2022-05-16 01:54:40,458] {logging_mixin.py:109} INFO - [2022-05-16 01:54:40,457] {dag.py:2937} INFO - Setting next_dagrun for my_dag to 2022-05-16T00:00:00+00:00
[2022-05-16 01:54:40,509] {processor.py:171} INFO - Processing /opt/airflow/dags/my_dag.py took 0.410 seconds
[2022-05-16 01:55:11,057] {processor.py:163} INFO - Started process (PID=13011) to work on /opt/airflow/dags/my_dag.py
[2022-05-16 01:55:11,066] {processor.py:642} INFO - Processing file /opt/airflow/dags/my_dag.py for tasks to queue
[2022-05-16 01:55:11,073] {logging_mixin.py:109} INFO - [2022-05-16 01:55:11,073] {dagbag.py:500} INFO - Filling up the DagBag from /opt/airflow/dags/my_dag.py
[2022-05-16 01:55:11,150] {processor.py:652} INFO - DAG(s) dict_keys(['my_dag']) retrieved from /opt/airflow/dags/my_dag.py
[2022-05-16 01:55:11,268] {logging_mixin.py:109} INFO - [2022-05-16 01:55:11,267] {dag.py:2398} INFO - Sync 1 DAGs
[2022-05-16 01:55:11,359] {logging_mixin.py:109} INFO - [2022-05-16 01:55:11,358] {dag.py:2937} INFO - Setting next_dagrun for my_dag to 2022-05-16T00:00:00+00:00
[2022-05-16 01:55:11,407] {processor.py:171} INFO - Processing /opt/airflow/dags/my_dag.py took 0.366 seconds
[2022-05-16 01:55:41,920] {processor.py:163} INFO - Started process (PID=13054) to work on /opt/airflow/dags/my_dag.py
[2022-05-16 01:55:41,931] {processor.py:642} INFO - Processing file /opt/airflow/dags/my_dag.py for tasks to queue
[2022-05-16 01:55:41,942] {logging_mixin.py:109} INFO - [2022-05-16 01:55:41,941] {dagbag.py:500} INFO - Filling up the DagBag from /opt/airflow/dags/my_dag.py
[2022-05-16 01:55:42,043] {processor.py:652} INFO - DAG(s) dict_keys(['my_dag']) retrieved from /opt/airflow/dags/my_dag.py
[2022-05-16 01:55:42,171] {logging_mixin.py:109} INFO - [2022-05-16 01:55:42,170] {dag.py:2398} INFO - Sync 1 DAGs
[2022-05-16 01:55:42,260] {logging_mixin.py:109} INFO - [2022-05-16 01:55:42,259] {dag.py:2937} INFO - Setting next_dagrun for my_dag to 2022-05-16T00:00:00+00:00
[2022-05-16 01:55:42,308] {processor.py:171} INFO - Processing /opt/airflow/dags/my_dag.py took 0.409 seconds
[2022-05-16 01:56:12,612] {processor.py:163} INFO - Started process (PID=13108) to work on /opt/airflow/dags/my_dag.py
[2022-05-16 01:56:12,631] {processor.py:642} INFO - Processing file /opt/airflow/dags/my_dag.py for tasks to queue
[2022-05-16 01:56:12,645] {logging_mixin.py:109} INFO - [2022-05-16 01:56:12,644] {dagbag.py:500} INFO - Filling up the DagBag from /opt/airflow/dags/my_dag.py
[2022-05-16 01:56:12,737] {processor.py:652} INFO - DAG(s) dict_keys(['my_dag']) retrieved from /opt/airflow/dags/my_dag.py
[2022-05-16 01:56:12,877] {logging_mixin.py:109} INFO - [2022-05-16 01:56:12,876] {dag.py:2398} INFO - Sync 1 DAGs
[2022-05-16 01:56:12,961] {logging_mixin.py:109} INFO - [2022-05-16 01:56:12,960] {dag.py:2937} INFO - Setting next_dagrun for my_dag to 2022-05-16T00:00:00+00:00
[2022-05-16 01:56:13,005] {processor.py:171} INFO - Processing /opt/airflow/dags/my_dag.py took 0.460 seconds
[2022-05-16 01:56:43,279] {processor.py:163} INFO - Started process (PID=13161) to work on /opt/airflow/dags/my_dag.py
[2022-05-16 01:56:43,288] {processor.py:642} INFO - Processing file /opt/airflow/dags/my_dag.py for tasks to queue
[2022-05-16 01:56:43,293] {logging_mixin.py:109} INFO - [2022-05-16 01:56:43,293] {dagbag.py:500} INFO - Filling up the DagBag from /opt/airflow/dags/my_dag.py
[2022-05-16 01:56:43,363] {processor.py:652} INFO - DAG(s) dict_keys(['my_dag']) retrieved from /opt/airflow/dags/my_dag.py
[2022-05-16 01:56:43,472] {logging_mixin.py:109} INFO - [2022-05-16 01:56:43,471] {dag.py:2398} INFO - Sync 1 DAGs
[2022-05-16 01:56:43,560] {logging_mixin.py:109} INFO - [2022-05-16 01:56:43,559] {dag.py:2937} INFO - Setting next_dagrun for my_dag to 2022-05-16T00:00:00+00:00
[2022-05-16 01:56:43,602] {processor.py:171} INFO - Processing /opt/airflow/dags/my_dag.py took 0.340 seconds
[2022-05-16 01:57:13,843] {processor.py:163} INFO - Started process (PID=13203) to work on /opt/airflow/dags/my_dag.py
[2022-05-16 01:57:13,852] {processor.py:642} INFO - Processing file /opt/airflow/dags/my_dag.py for tasks to queue
[2022-05-16 01:57:13,859] {logging_mixin.py:109} INFO - [2022-05-16 01:57:13,858] {dagbag.py:500} INFO - Filling up the DagBag from /opt/airflow/dags/my_dag.py
[2022-05-16 01:57:13,943] {processor.py:652} INFO - DAG(s) dict_keys(['my_dag']) retrieved from /opt/airflow/dags/my_dag.py
[2022-05-16 01:57:14,050] {logging_mixin.py:109} INFO - [2022-05-16 01:57:14,050] {dag.py:2398} INFO - Sync 1 DAGs
[2022-05-16 01:57:14,136] {logging_mixin.py:109} INFO - [2022-05-16 01:57:14,135] {dag.py:2937} INFO - Setting next_dagrun for my_dag to 2022-05-16T00:00:00+00:00
[2022-05-16 01:57:14,180] {processor.py:171} INFO - Processing /opt/airflow/dags/my_dag.py took 0.353 seconds
[2022-05-16 01:57:44,592] {processor.py:163} INFO - Started process (PID=13256) to work on /opt/airflow/dags/my_dag.py
[2022-05-16 01:57:44,600] {processor.py:642} INFO - Processing file /opt/airflow/dags/my_dag.py for tasks to queue
[2022-05-16 01:57:44,607] {logging_mixin.py:109} INFO - [2022-05-16 01:57:44,606] {dagbag.py:500} INFO - Filling up the DagBag from /opt/airflow/dags/my_dag.py
[2022-05-16 01:57:44,678] {processor.py:652} INFO - DAG(s) dict_keys(['my_dag']) retrieved from /opt/airflow/dags/my_dag.py
[2022-05-16 01:57:44,792] {logging_mixin.py:109} INFO - [2022-05-16 01:57:44,792] {dag.py:2398} INFO - Sync 1 DAGs
[2022-05-16 01:57:44,884] {logging_mixin.py:109} INFO - [2022-05-16 01:57:44,883] {dag.py:2937} INFO - Setting next_dagrun for my_dag to 2022-05-16T00:00:00+00:00
[2022-05-16 01:57:44,926] {processor.py:171} INFO - Processing /opt/airflow/dags/my_dag.py took 0.352 seconds
[2022-05-16 01:58:15,645] {processor.py:163} INFO - Started process (PID=13299) to work on /opt/airflow/dags/my_dag.py
[2022-05-16 01:58:15,654] {processor.py:642} INFO - Processing file /opt/airflow/dags/my_dag.py for tasks to queue
[2022-05-16 01:58:15,661] {logging_mixin.py:109} INFO - [2022-05-16 01:58:15,660] {dagbag.py:500} INFO - Filling up the DagBag from /opt/airflow/dags/my_dag.py
[2022-05-16 01:58:15,750] {processor.py:652} INFO - DAG(s) dict_keys(['my_dag']) retrieved from /opt/airflow/dags/my_dag.py
[2022-05-16 01:58:15,869] {logging_mixin.py:109} INFO - [2022-05-16 01:58:15,869] {dag.py:2398} INFO - Sync 1 DAGs
[2022-05-16 01:58:15,958] {logging_mixin.py:109} INFO - [2022-05-16 01:58:15,957] {dag.py:2937} INFO - Setting next_dagrun for my_dag to 2022-05-16T00:00:00+00:00
[2022-05-16 01:58:16,020] {processor.py:171} INFO - Processing /opt/airflow/dags/my_dag.py took 0.391 seconds
[2022-05-16 01:58:46,549] {processor.py:163} INFO - Started process (PID=13350) to work on /opt/airflow/dags/my_dag.py
[2022-05-16 01:58:46,568] {processor.py:642} INFO - Processing file /opt/airflow/dags/my_dag.py for tasks to queue
[2022-05-16 01:58:46,576] {logging_mixin.py:109} INFO - [2022-05-16 01:58:46,576] {dagbag.py:500} INFO - Filling up the DagBag from /opt/airflow/dags/my_dag.py
[2022-05-16 01:58:46,692] {processor.py:652} INFO - DAG(s) dict_keys(['my_dag']) retrieved from /opt/airflow/dags/my_dag.py
[2022-05-16 01:58:46,850] {logging_mixin.py:109} INFO - [2022-05-16 01:58:46,850] {dag.py:2398} INFO - Sync 1 DAGs
[2022-05-16 01:58:46,982] {logging_mixin.py:109} INFO - [2022-05-16 01:58:46,981] {dag.py:2937} INFO - Setting next_dagrun for my_dag to 2022-05-16T00:00:00+00:00
[2022-05-16 01:58:47,077] {processor.py:171} INFO - Processing /opt/airflow/dags/my_dag.py took 0.563 seconds
[2022-05-16 01:59:17,428] {processor.py:163} INFO - Started process (PID=13399) to work on /opt/airflow/dags/my_dag.py
[2022-05-16 01:59:17,437] {processor.py:642} INFO - Processing file /opt/airflow/dags/my_dag.py for tasks to queue
[2022-05-16 01:59:17,445] {logging_mixin.py:109} INFO - [2022-05-16 01:59:17,444] {dagbag.py:500} INFO - Filling up the DagBag from /opt/airflow/dags/my_dag.py
[2022-05-16 01:59:17,517] {processor.py:652} INFO - DAG(s) dict_keys(['my_dag']) retrieved from /opt/airflow/dags/my_dag.py
[2022-05-16 01:59:17,622] {logging_mixin.py:109} INFO - [2022-05-16 01:59:17,621] {dag.py:2398} INFO - Sync 1 DAGs
[2022-05-16 01:59:17,712] {logging_mixin.py:109} INFO - [2022-05-16 01:59:17,712] {dag.py:2937} INFO - Setting next_dagrun for my_dag to 2022-05-16T00:00:00+00:00
[2022-05-16 01:59:17,755] {processor.py:171} INFO - Processing /opt/airflow/dags/my_dag.py took 0.344 seconds
[2022-05-16 01:59:48,062] {processor.py:163} INFO - Started process (PID=13444) to work on /opt/airflow/dags/my_dag.py
[2022-05-16 01:59:48,080] {processor.py:642} INFO - Processing file /opt/airflow/dags/my_dag.py for tasks to queue
[2022-05-16 01:59:48,091] {logging_mixin.py:109} INFO - [2022-05-16 01:59:48,090] {dagbag.py:500} INFO - Filling up the DagBag from /opt/airflow/dags/my_dag.py
[2022-05-16 01:59:48,215] {processor.py:652} INFO - DAG(s) dict_keys(['my_dag']) retrieved from /opt/airflow/dags/my_dag.py
[2022-05-16 01:59:48,322] {logging_mixin.py:109} INFO - [2022-05-16 01:59:48,321] {dag.py:2398} INFO - Sync 1 DAGs
[2022-05-16 01:59:48,410] {logging_mixin.py:109} INFO - [2022-05-16 01:59:48,409] {dag.py:2937} INFO - Setting next_dagrun for my_dag to 2022-05-16T00:00:00+00:00
[2022-05-16 01:59:48,451] {processor.py:171} INFO - Processing /opt/airflow/dags/my_dag.py took 0.407 seconds
[2022-05-16 02:00:18,941] {processor.py:163} INFO - Started process (PID=13493) to work on /opt/airflow/dags/my_dag.py
[2022-05-16 02:00:18,952] {processor.py:642} INFO - Processing file /opt/airflow/dags/my_dag.py for tasks to queue
[2022-05-16 02:00:18,958] {logging_mixin.py:109} INFO - [2022-05-16 02:00:18,958] {dagbag.py:500} INFO - Filling up the DagBag from /opt/airflow/dags/my_dag.py
[2022-05-16 02:00:19,028] {processor.py:652} INFO - DAG(s) dict_keys(['my_dag']) retrieved from /opt/airflow/dags/my_dag.py
[2022-05-16 02:00:19,150] {logging_mixin.py:109} INFO - [2022-05-16 02:00:19,150] {dag.py:2398} INFO - Sync 1 DAGs
[2022-05-16 02:00:19,239] {logging_mixin.py:109} INFO - [2022-05-16 02:00:19,239] {dag.py:2937} INFO - Setting next_dagrun for my_dag to 2022-05-16T00:00:00+00:00
[2022-05-16 02:00:19,290] {processor.py:171} INFO - Processing /opt/airflow/dags/my_dag.py took 0.388 seconds
[2022-05-16 02:29:20,582] {processor.py:163} INFO - Started process (PID=13503) to work on /opt/airflow/dags/my_dag.py
[2022-05-16 02:29:20,590] {processor.py:642} INFO - Processing file /opt/airflow/dags/my_dag.py for tasks to queue
[2022-05-16 02:29:20,593] {logging_mixin.py:109} INFO - [2022-05-16 02:29:20,593] {dagbag.py:500} INFO - Filling up the DagBag from /opt/airflow/dags/my_dag.py
[2022-05-16 02:29:20,676] {processor.py:652} INFO - DAG(s) dict_keys(['my_dag']) retrieved from /opt/airflow/dags/my_dag.py
[2022-05-16 02:29:20,724] {logging_mixin.py:109} INFO - [2022-05-16 02:29:20,724] {dag.py:2398} INFO - Sync 1 DAGs
[2022-05-16 02:29:20,800] {logging_mixin.py:109} INFO - [2022-05-16 02:29:20,799] {dag.py:2937} INFO - Setting next_dagrun for my_dag to 2022-05-16T00:00:00+00:00
[2022-05-16 02:29:20,837] {processor.py:171} INFO - Processing /opt/airflow/dags/my_dag.py took 0.265 seconds
[2022-05-16 02:29:21,290] {processor.py:163} INFO - Started process (PID=13505) to work on /opt/airflow/dags/my_dag.py
[2022-05-16 02:29:21,301] {processor.py:642} INFO - Processing file /opt/airflow/dags/my_dag.py for tasks to queue
[2022-05-16 02:29:21,307] {logging_mixin.py:109} INFO - [2022-05-16 02:29:21,306] {dagbag.py:500} INFO - Filling up the DagBag from /opt/airflow/dags/my_dag.py
[2022-05-16 02:29:21,448] {processor.py:652} INFO - DAG(s) dict_keys(['my_dag']) retrieved from /opt/airflow/dags/my_dag.py
[2022-05-16 02:29:21,570] {logging_mixin.py:109} INFO - [2022-05-16 02:29:21,569] {dag.py:2398} INFO - Sync 1 DAGs
[2022-05-16 02:29:22,350] {logging_mixin.py:109} INFO - [2022-05-16 02:29:22,328] {dag.py:2937} INFO - Setting next_dagrun for my_dag to 2022-05-16T00:00:00+00:00
[2022-05-16 02:29:22,471] {processor.py:171} INFO - Processing /opt/airflow/dags/my_dag.py took 1.192 seconds
[2022-05-16 02:29:53,132] {processor.py:163} INFO - Started process (PID=13558) to work on /opt/airflow/dags/my_dag.py
[2022-05-16 02:29:53,134] {processor.py:642} INFO - Processing file /opt/airflow/dags/my_dag.py for tasks to queue
[2022-05-16 02:29:53,136] {logging_mixin.py:109} INFO - [2022-05-16 02:29:53,136] {dagbag.py:500} INFO - Filling up the DagBag from /opt/airflow/dags/my_dag.py
[2022-05-16 02:29:53,240] {processor.py:652} INFO - DAG(s) dict_keys(['my_dag']) retrieved from /opt/airflow/dags/my_dag.py
[2022-05-16 02:29:53,260] {logging_mixin.py:109} INFO - [2022-05-16 02:29:53,260] {dag.py:2398} INFO - Sync 1 DAGs
[2022-05-16 02:29:53,279] {logging_mixin.py:109} INFO - [2022-05-16 02:29:53,278] {dag.py:2937} INFO - Setting next_dagrun for my_dag to 2022-05-16T00:00:00+00:00
[2022-05-16 02:29:53,289] {processor.py:171} INFO - Processing /opt/airflow/dags/my_dag.py took 0.161 seconds
[2022-05-16 02:30:23,351] {processor.py:163} INFO - Started process (PID=13619) to work on /opt/airflow/dags/my_dag.py
[2022-05-16 02:30:23,354] {processor.py:642} INFO - Processing file /opt/airflow/dags/my_dag.py for tasks to queue
[2022-05-16 02:30:23,355] {logging_mixin.py:109} INFO - [2022-05-16 02:30:23,355] {dagbag.py:500} INFO - Filling up the DagBag from /opt/airflow/dags/my_dag.py
[2022-05-16 02:30:23,467] {processor.py:652} INFO - DAG(s) dict_keys(['my_dag']) retrieved from /opt/airflow/dags/my_dag.py
[2022-05-16 02:30:23,488] {logging_mixin.py:109} INFO - [2022-05-16 02:30:23,488] {dag.py:2398} INFO - Sync 1 DAGs
[2022-05-16 02:30:23,505] {logging_mixin.py:109} INFO - [2022-05-16 02:30:23,505] {dag.py:2937} INFO - Setting next_dagrun for my_dag to 2022-05-16T00:00:00+00:00
[2022-05-16 02:30:23,514] {processor.py:171} INFO - Processing /opt/airflow/dags/my_dag.py took 0.167 seconds
[2022-05-16 02:30:53,897] {processor.py:163} INFO - Started process (PID=13678) to work on /opt/airflow/dags/my_dag.py
[2022-05-16 02:30:53,899] {processor.py:642} INFO - Processing file /opt/airflow/dags/my_dag.py for tasks to queue
[2022-05-16 02:30:53,900] {logging_mixin.py:109} INFO - [2022-05-16 02:30:53,900] {dagbag.py:500} INFO - Filling up the DagBag from /opt/airflow/dags/my_dag.py
[2022-05-16 02:30:53,914] {processor.py:652} INFO - DAG(s) dict_keys(['my_dag']) retrieved from /opt/airflow/dags/my_dag.py
[2022-05-16 02:30:53,933] {logging_mixin.py:109} INFO - [2022-05-16 02:30:53,933] {dag.py:2398} INFO - Sync 1 DAGs
[2022-05-16 02:30:53,950] {logging_mixin.py:109} INFO - [2022-05-16 02:30:53,950] {dag.py:2937} INFO - Setting next_dagrun for my_dag to 2022-05-16T00:00:00+00:00
[2022-05-16 02:30:53,959] {processor.py:171} INFO - Processing /opt/airflow/dags/my_dag.py took 0.066 seconds
[2022-05-16 02:31:24,020] {processor.py:163} INFO - Started process (PID=13732) to work on /opt/airflow/dags/my_dag.py
[2022-05-16 02:31:24,023] {processor.py:642} INFO - Processing file /opt/airflow/dags/my_dag.py for tasks to queue
[2022-05-16 02:31:24,025] {logging_mixin.py:109} INFO - [2022-05-16 02:31:24,025] {dagbag.py:500} INFO - Filling up the DagBag from /opt/airflow/dags/my_dag.py
[2022-05-16 02:31:24,041] {processor.py:652} INFO - DAG(s) dict_keys(['my_dag']) retrieved from /opt/airflow/dags/my_dag.py
[2022-05-16 02:31:24,063] {logging_mixin.py:109} INFO - [2022-05-16 02:31:24,063] {dag.py:2398} INFO - Sync 1 DAGs
[2022-05-16 02:31:24,080] {logging_mixin.py:109} INFO - [2022-05-16 02:31:24,080] {dag.py:2937} INFO - Setting next_dagrun for my_dag to 2022-05-16T00:00:00+00:00
[2022-05-16 02:31:24,089] {processor.py:171} INFO - Processing /opt/airflow/dags/my_dag.py took 0.073 seconds
[2022-05-16 02:31:54,537] {processor.py:163} INFO - Started process (PID=13792) to work on /opt/airflow/dags/my_dag.py
[2022-05-16 02:31:54,540] {processor.py:642} INFO - Processing file /opt/airflow/dags/my_dag.py for tasks to queue
[2022-05-16 02:31:54,542] {logging_mixin.py:109} INFO - [2022-05-16 02:31:54,542] {dagbag.py:500} INFO - Filling up the DagBag from /opt/airflow/dags/my_dag.py
[2022-05-16 02:31:54,557] {processor.py:652} INFO - DAG(s) dict_keys(['my_dag']) retrieved from /opt/airflow/dags/my_dag.py
[2022-05-16 02:31:54,579] {logging_mixin.py:109} INFO - [2022-05-16 02:31:54,579] {dag.py:2398} INFO - Sync 1 DAGs
[2022-05-16 02:31:54,597] {logging_mixin.py:109} INFO - [2022-05-16 02:31:54,597] {dag.py:2937} INFO - Setting next_dagrun for my_dag to 2022-05-16T00:00:00+00:00
[2022-05-16 02:31:54,607] {processor.py:171} INFO - Processing /opt/airflow/dags/my_dag.py took 0.073 seconds
[2022-05-16 02:32:24,869] {processor.py:163} INFO - Started process (PID=13843) to work on /opt/airflow/dags/my_dag.py
[2022-05-16 02:32:24,872] {processor.py:642} INFO - Processing file /opt/airflow/dags/my_dag.py for tasks to queue
[2022-05-16 02:32:24,873] {logging_mixin.py:109} INFO - [2022-05-16 02:32:24,873] {dagbag.py:500} INFO - Filling up the DagBag from /opt/airflow/dags/my_dag.py
[2022-05-16 02:32:24,888] {processor.py:652} INFO - DAG(s) dict_keys(['my_dag']) retrieved from /opt/airflow/dags/my_dag.py
[2022-05-16 02:32:24,911] {logging_mixin.py:109} INFO - [2022-05-16 02:32:24,911] {dag.py:2398} INFO - Sync 1 DAGs
[2022-05-16 02:32:24,929] {logging_mixin.py:109} INFO - [2022-05-16 02:32:24,929] {dag.py:2937} INFO - Setting next_dagrun for my_dag to 2022-05-16T00:00:00+00:00
[2022-05-16 02:32:24,938] {processor.py:171} INFO - Processing /opt/airflow/dags/my_dag.py took 0.073 seconds
[2022-05-16 02:32:55,162] {processor.py:163} INFO - Started process (PID=13906) to work on /opt/airflow/dags/my_dag.py
[2022-05-16 02:32:55,164] {processor.py:642} INFO - Processing file /opt/airflow/dags/my_dag.py for tasks to queue
[2022-05-16 02:32:55,165] {logging_mixin.py:109} INFO - [2022-05-16 02:32:55,165] {dagbag.py:500} INFO - Filling up the DagBag from /opt/airflow/dags/my_dag.py
[2022-05-16 02:32:55,180] {processor.py:652} INFO - DAG(s) dict_keys(['my_dag']) retrieved from /opt/airflow/dags/my_dag.py
[2022-05-16 02:32:55,202] {logging_mixin.py:109} INFO - [2022-05-16 02:32:55,202] {dag.py:2398} INFO - Sync 1 DAGs
[2022-05-16 02:32:55,219] {logging_mixin.py:109} INFO - [2022-05-16 02:32:55,219] {dag.py:2937} INFO - Setting next_dagrun for my_dag to 2022-05-16T00:00:00+00:00
[2022-05-16 02:32:55,228] {processor.py:171} INFO - Processing /opt/airflow/dags/my_dag.py took 0.070 seconds
[2022-05-16 02:33:25,879] {processor.py:163} INFO - Started process (PID=13957) to work on /opt/airflow/dags/my_dag.py
[2022-05-16 02:33:25,882] {processor.py:642} INFO - Processing file /opt/airflow/dags/my_dag.py for tasks to queue
[2022-05-16 02:33:25,883] {logging_mixin.py:109} INFO - [2022-05-16 02:33:25,883] {dagbag.py:500} INFO - Filling up the DagBag from /opt/airflow/dags/my_dag.py
[2022-05-16 02:33:25,898] {processor.py:652} INFO - DAG(s) dict_keys(['my_dag']) retrieved from /opt/airflow/dags/my_dag.py
[2022-05-16 02:33:25,920] {logging_mixin.py:109} INFO - [2022-05-16 02:33:25,920] {dag.py:2398} INFO - Sync 1 DAGs
[2022-05-16 02:33:25,937] {logging_mixin.py:109} INFO - [2022-05-16 02:33:25,937] {dag.py:2937} INFO - Setting next_dagrun for my_dag to 2022-05-16T00:00:00+00:00
[2022-05-16 02:33:25,946] {processor.py:171} INFO - Processing /opt/airflow/dags/my_dag.py took 0.071 seconds
[2022-05-16 02:33:55,987] {processor.py:163} INFO - Started process (PID=14018) to work on /opt/airflow/dags/my_dag.py
[2022-05-16 02:33:55,989] {processor.py:642} INFO - Processing file /opt/airflow/dags/my_dag.py for tasks to queue
[2022-05-16 02:33:55,990] {logging_mixin.py:109} INFO - [2022-05-16 02:33:55,990] {dagbag.py:500} INFO - Filling up the DagBag from /opt/airflow/dags/my_dag.py
[2022-05-16 02:33:56,003] {processor.py:652} INFO - DAG(s) dict_keys(['my_dag']) retrieved from /opt/airflow/dags/my_dag.py
[2022-05-16 02:33:56,023] {logging_mixin.py:109} INFO - [2022-05-16 02:33:56,023] {dag.py:2398} INFO - Sync 1 DAGs
[2022-05-16 02:33:56,041] {logging_mixin.py:109} INFO - [2022-05-16 02:33:56,040] {dag.py:2937} INFO - Setting next_dagrun for my_dag to 2022-05-16T00:00:00+00:00
[2022-05-16 02:33:56,050] {processor.py:171} INFO - Processing /opt/airflow/dags/my_dag.py took 0.066 seconds
[2022-05-16 02:34:26,425] {processor.py:163} INFO - Started process (PID=14078) to work on /opt/airflow/dags/my_dag.py
[2022-05-16 02:34:26,428] {processor.py:642} INFO - Processing file /opt/airflow/dags/my_dag.py for tasks to queue
[2022-05-16 02:34:26,429] {logging_mixin.py:109} INFO - [2022-05-16 02:34:26,429] {dagbag.py:500} INFO - Filling up the DagBag from /opt/airflow/dags/my_dag.py
[2022-05-16 02:34:26,442] {processor.py:652} INFO - DAG(s) dict_keys(['my_dag']) retrieved from /opt/airflow/dags/my_dag.py
[2022-05-16 02:34:26,463] {logging_mixin.py:109} INFO - [2022-05-16 02:34:26,462] {dag.py:2398} INFO - Sync 1 DAGs
[2022-05-16 02:34:26,480] {logging_mixin.py:109} INFO - [2022-05-16 02:34:26,480] {dag.py:2937} INFO - Setting next_dagrun for my_dag to 2022-05-16T00:00:00+00:00
[2022-05-16 02:34:26,489] {processor.py:171} INFO - Processing /opt/airflow/dags/my_dag.py took 0.067 seconds
[2022-05-16 02:34:56,727] {processor.py:163} INFO - Started process (PID=14131) to work on /opt/airflow/dags/my_dag.py
[2022-05-16 02:34:56,729] {processor.py:642} INFO - Processing file /opt/airflow/dags/my_dag.py for tasks to queue
[2022-05-16 02:34:56,730] {logging_mixin.py:109} INFO - [2022-05-16 02:34:56,730] {dagbag.py:500} INFO - Filling up the DagBag from /opt/airflow/dags/my_dag.py
[2022-05-16 02:34:56,743] {processor.py:652} INFO - DAG(s) dict_keys(['my_dag']) retrieved from /opt/airflow/dags/my_dag.py
[2022-05-16 02:34:56,763] {logging_mixin.py:109} INFO - [2022-05-16 02:34:56,763] {dag.py:2398} INFO - Sync 1 DAGs
[2022-05-16 02:34:56,780] {logging_mixin.py:109} INFO - [2022-05-16 02:34:56,780] {dag.py:2937} INFO - Setting next_dagrun for my_dag to 2022-05-16T00:00:00+00:00
[2022-05-16 02:34:56,790] {processor.py:171} INFO - Processing /opt/airflow/dags/my_dag.py took 0.066 seconds
[2022-05-16 02:35:26,986] {processor.py:163} INFO - Started process (PID=14192) to work on /opt/airflow/dags/my_dag.py
[2022-05-16 02:35:26,988] {processor.py:642} INFO - Processing file /opt/airflow/dags/my_dag.py for tasks to queue
[2022-05-16 02:35:26,989] {logging_mixin.py:109} INFO - [2022-05-16 02:35:26,989] {dagbag.py:500} INFO - Filling up the DagBag from /opt/airflow/dags/my_dag.py
[2022-05-16 02:35:27,006] {processor.py:652} INFO - DAG(s) dict_keys(['my_dag']) retrieved from /opt/airflow/dags/my_dag.py
[2022-05-16 02:35:27,030] {logging_mixin.py:109} INFO - [2022-05-16 02:35:27,030] {dag.py:2398} INFO - Sync 1 DAGs
[2022-05-16 02:35:27,050] {logging_mixin.py:109} INFO - [2022-05-16 02:35:27,050] {dag.py:2937} INFO - Setting next_dagrun for my_dag to 2022-05-16T00:00:00+00:00
[2022-05-16 02:35:27,061] {processor.py:171} INFO - Processing /opt/airflow/dags/my_dag.py took 0.079 seconds
[2022-05-16 02:35:57,311] {processor.py:163} INFO - Started process (PID=14244) to work on /opt/airflow/dags/my_dag.py
[2022-05-16 02:35:57,313] {processor.py:642} INFO - Processing file /opt/airflow/dags/my_dag.py for tasks to queue
[2022-05-16 02:35:57,315] {logging_mixin.py:109} INFO - [2022-05-16 02:35:57,315] {dagbag.py:500} INFO - Filling up the DagBag from /opt/airflow/dags/my_dag.py
[2022-05-16 02:35:57,331] {processor.py:652} INFO - DAG(s) dict_keys(['my_dag']) retrieved from /opt/airflow/dags/my_dag.py
[2022-05-16 02:35:57,353] {logging_mixin.py:109} INFO - [2022-05-16 02:35:57,353] {dag.py:2398} INFO - Sync 1 DAGs
[2022-05-16 02:35:57,370] {logging_mixin.py:109} INFO - [2022-05-16 02:35:57,370] {dag.py:2937} INFO - Setting next_dagrun for my_dag to 2022-05-16T00:00:00+00:00
[2022-05-16 02:35:57,379] {processor.py:171} INFO - Processing /opt/airflow/dags/my_dag.py took 0.073 seconds
[2022-05-16 02:36:27,694] {processor.py:163} INFO - Started process (PID=14305) to work on /opt/airflow/dags/my_dag.py
[2022-05-16 02:36:27,696] {processor.py:642} INFO - Processing file /opt/airflow/dags/my_dag.py for tasks to queue
[2022-05-16 02:36:27,697] {logging_mixin.py:109} INFO - [2022-05-16 02:36:27,697] {dagbag.py:500} INFO - Filling up the DagBag from /opt/airflow/dags/my_dag.py
[2022-05-16 02:36:27,713] {processor.py:652} INFO - DAG(s) dict_keys(['my_dag']) retrieved from /opt/airflow/dags/my_dag.py
[2022-05-16 02:36:27,737] {logging_mixin.py:109} INFO - [2022-05-16 02:36:27,737] {dag.py:2398} INFO - Sync 1 DAGs
[2022-05-16 02:36:27,755] {logging_mixin.py:109} INFO - [2022-05-16 02:36:27,755] {dag.py:2937} INFO - Setting next_dagrun for my_dag to 2022-05-16T00:00:00+00:00
[2022-05-16 02:36:27,764] {processor.py:171} INFO - Processing /opt/airflow/dags/my_dag.py took 0.074 seconds
[2022-05-16 02:36:58,239] {processor.py:163} INFO - Started process (PID=14357) to work on /opt/airflow/dags/my_dag.py
[2022-05-16 02:36:58,241] {processor.py:642} INFO - Processing file /opt/airflow/dags/my_dag.py for tasks to queue
[2022-05-16 02:36:58,242] {logging_mixin.py:109} INFO - [2022-05-16 02:36:58,242] {dagbag.py:500} INFO - Filling up the DagBag from /opt/airflow/dags/my_dag.py
[2022-05-16 02:36:58,256] {processor.py:652} INFO - DAG(s) dict_keys(['my_dag']) retrieved from /opt/airflow/dags/my_dag.py
[2022-05-16 02:36:58,283] {logging_mixin.py:109} INFO - [2022-05-16 02:36:58,283] {dag.py:2398} INFO - Sync 1 DAGs
[2022-05-16 02:36:58,302] {logging_mixin.py:109} INFO - [2022-05-16 02:36:58,302] {dag.py:2937} INFO - Setting next_dagrun for my_dag to 2022-05-16T00:00:00+00:00
[2022-05-16 02:36:58,313] {processor.py:171} INFO - Processing /opt/airflow/dags/my_dag.py took 0.077 seconds
[2022-05-16 02:37:28,553] {processor.py:163} INFO - Started process (PID=14418) to work on /opt/airflow/dags/my_dag.py
[2022-05-16 02:37:28,556] {processor.py:642} INFO - Processing file /opt/airflow/dags/my_dag.py for tasks to queue
[2022-05-16 02:37:28,557] {logging_mixin.py:109} INFO - [2022-05-16 02:37:28,557] {dagbag.py:500} INFO - Filling up the DagBag from /opt/airflow/dags/my_dag.py
[2022-05-16 02:37:28,573] {processor.py:652} INFO - DAG(s) dict_keys(['my_dag']) retrieved from /opt/airflow/dags/my_dag.py
[2022-05-16 02:37:28,596] {logging_mixin.py:109} INFO - [2022-05-16 02:37:28,596] {dag.py:2398} INFO - Sync 1 DAGs
[2022-05-16 02:37:28,614] {logging_mixin.py:109} INFO - [2022-05-16 02:37:28,614] {dag.py:2937} INFO - Setting next_dagrun for my_dag to 2022-05-16T00:00:00+00:00
[2022-05-16 02:37:28,623] {processor.py:171} INFO - Processing /opt/airflow/dags/my_dag.py took 0.073 seconds
[2022-05-16 02:37:59,056] {processor.py:163} INFO - Started process (PID=14480) to work on /opt/airflow/dags/my_dag.py
[2022-05-16 02:37:59,058] {processor.py:642} INFO - Processing file /opt/airflow/dags/my_dag.py for tasks to queue
[2022-05-16 02:37:59,059] {logging_mixin.py:109} INFO - [2022-05-16 02:37:59,059] {dagbag.py:500} INFO - Filling up the DagBag from /opt/airflow/dags/my_dag.py
[2022-05-16 02:37:59,073] {processor.py:652} INFO - DAG(s) dict_keys(['my_dag']) retrieved from /opt/airflow/dags/my_dag.py
[2022-05-16 02:37:59,096] {logging_mixin.py:109} INFO - [2022-05-16 02:37:59,096] {dag.py:2398} INFO - Sync 1 DAGs
[2022-05-16 02:37:59,114] {logging_mixin.py:109} INFO - [2022-05-16 02:37:59,114] {dag.py:2937} INFO - Setting next_dagrun for my_dag to 2022-05-16T00:00:00+00:00
[2022-05-16 02:37:59,124] {processor.py:171} INFO - Processing /opt/airflow/dags/my_dag.py took 0.072 seconds
[2022-05-16 02:38:29,544] {processor.py:163} INFO - Started process (PID=14531) to work on /opt/airflow/dags/my_dag.py
[2022-05-16 02:38:29,546] {processor.py:642} INFO - Processing file /opt/airflow/dags/my_dag.py for tasks to queue
[2022-05-16 02:38:29,547] {logging_mixin.py:109} INFO - [2022-05-16 02:38:29,547] {dagbag.py:500} INFO - Filling up the DagBag from /opt/airflow/dags/my_dag.py
[2022-05-16 02:38:29,567] {processor.py:652} INFO - DAG(s) dict_keys(['my_dag']) retrieved from /opt/airflow/dags/my_dag.py
[2022-05-16 02:38:29,591] {logging_mixin.py:109} INFO - [2022-05-16 02:38:29,591] {dag.py:2398} INFO - Sync 1 DAGs
[2022-05-16 02:38:29,608] {logging_mixin.py:109} INFO - [2022-05-16 02:38:29,608] {dag.py:2937} INFO - Setting next_dagrun for my_dag to 2022-05-16T00:00:00+00:00
[2022-05-16 02:38:29,618] {processor.py:171} INFO - Processing /opt/airflow/dags/my_dag.py took 0.078 seconds
[2022-05-16 02:39:00,011] {processor.py:163} INFO - Started process (PID=14592) to work on /opt/airflow/dags/my_dag.py
[2022-05-16 02:39:00,013] {processor.py:642} INFO - Processing file /opt/airflow/dags/my_dag.py for tasks to queue
[2022-05-16 02:39:00,015] {logging_mixin.py:109} INFO - [2022-05-16 02:39:00,014] {dagbag.py:500} INFO - Filling up the DagBag from /opt/airflow/dags/my_dag.py
[2022-05-16 02:39:00,031] {processor.py:652} INFO - DAG(s) dict_keys(['my_dag']) retrieved from /opt/airflow/dags/my_dag.py
[2022-05-16 02:39:00,052] {logging_mixin.py:109} INFO - [2022-05-16 02:39:00,052] {dag.py:2398} INFO - Sync 1 DAGs
[2022-05-16 02:39:00,068] {logging_mixin.py:109} INFO - [2022-05-16 02:39:00,068] {dag.py:2937} INFO - Setting next_dagrun for my_dag to 2022-05-16T00:00:00+00:00
[2022-05-16 02:39:00,077] {processor.py:171} INFO - Processing /opt/airflow/dags/my_dag.py took 0.070 seconds
[2022-05-16 02:39:30,506] {processor.py:163} INFO - Started process (PID=14643) to work on /opt/airflow/dags/my_dag.py
[2022-05-16 02:39:30,508] {processor.py:642} INFO - Processing file /opt/airflow/dags/my_dag.py for tasks to queue
[2022-05-16 02:39:30,509] {logging_mixin.py:109} INFO - [2022-05-16 02:39:30,509] {dagbag.py:500} INFO - Filling up the DagBag from /opt/airflow/dags/my_dag.py
[2022-05-16 02:39:30,523] {processor.py:652} INFO - DAG(s) dict_keys(['my_dag']) retrieved from /opt/airflow/dags/my_dag.py
[2022-05-16 02:39:30,545] {logging_mixin.py:109} INFO - [2022-05-16 02:39:30,545] {dag.py:2398} INFO - Sync 1 DAGs
[2022-05-16 02:39:30,565] {logging_mixin.py:109} INFO - [2022-05-16 02:39:30,565] {dag.py:2937} INFO - Setting next_dagrun for my_dag to 2022-05-16T00:00:00+00:00
[2022-05-16 02:39:30,577] {processor.py:171} INFO - Processing /opt/airflow/dags/my_dag.py took 0.075 seconds
[2022-05-16 02:40:00,890] {processor.py:163} INFO - Started process (PID=14704) to work on /opt/airflow/dags/my_dag.py
[2022-05-16 02:40:00,892] {processor.py:642} INFO - Processing file /opt/airflow/dags/my_dag.py for tasks to queue
[2022-05-16 02:40:00,893] {logging_mixin.py:109} INFO - [2022-05-16 02:40:00,893] {dagbag.py:500} INFO - Filling up the DagBag from /opt/airflow/dags/my_dag.py
[2022-05-16 02:40:00,906] {processor.py:652} INFO - DAG(s) dict_keys(['my_dag']) retrieved from /opt/airflow/dags/my_dag.py
[2022-05-16 02:40:00,927] {logging_mixin.py:109} INFO - [2022-05-16 02:40:00,927] {dag.py:2398} INFO - Sync 1 DAGs
[2022-05-16 02:40:00,944] {logging_mixin.py:109} INFO - [2022-05-16 02:40:00,944] {dag.py:2937} INFO - Setting next_dagrun for my_dag to 2022-05-16T00:00:00+00:00
[2022-05-16 02:40:00,953] {processor.py:171} INFO - Processing /opt/airflow/dags/my_dag.py took 0.066 seconds
[2022-05-16 02:40:31,294] {processor.py:163} INFO - Started process (PID=14756) to work on /opt/airflow/dags/my_dag.py
[2022-05-16 02:40:31,295] {processor.py:642} INFO - Processing file /opt/airflow/dags/my_dag.py for tasks to queue
[2022-05-16 02:40:31,297] {logging_mixin.py:109} INFO - [2022-05-16 02:40:31,296] {dagbag.py:500} INFO - Filling up the DagBag from /opt/airflow/dags/my_dag.py
[2022-05-16 02:40:31,311] {processor.py:652} INFO - DAG(s) dict_keys(['my_dag']) retrieved from /opt/airflow/dags/my_dag.py
[2022-05-16 02:40:31,333] {logging_mixin.py:109} INFO - [2022-05-16 02:40:31,333] {dag.py:2398} INFO - Sync 1 DAGs
[2022-05-16 02:40:31,351] {logging_mixin.py:109} INFO - [2022-05-16 02:40:31,351] {dag.py:2937} INFO - Setting next_dagrun for my_dag to 2022-05-16T00:00:00+00:00
[2022-05-16 02:40:31,363] {processor.py:171} INFO - Processing /opt/airflow/dags/my_dag.py took 0.072 seconds
[2022-05-16 02:41:01,577] {processor.py:163} INFO - Started process (PID=14818) to work on /opt/airflow/dags/my_dag.py
[2022-05-16 02:41:01,580] {processor.py:642} INFO - Processing file /opt/airflow/dags/my_dag.py for tasks to queue
[2022-05-16 02:41:01,581] {logging_mixin.py:109} INFO - [2022-05-16 02:41:01,581] {dagbag.py:500} INFO - Filling up the DagBag from /opt/airflow/dags/my_dag.py
[2022-05-16 02:41:01,600] {processor.py:652} INFO - DAG(s) dict_keys(['my_dag']) retrieved from /opt/airflow/dags/my_dag.py
[2022-05-16 02:41:01,624] {logging_mixin.py:109} INFO - [2022-05-16 02:41:01,624] {dag.py:2398} INFO - Sync 1 DAGs
[2022-05-16 02:41:01,646] {logging_mixin.py:109} INFO - [2022-05-16 02:41:01,646] {dag.py:2937} INFO - Setting next_dagrun for my_dag to 2022-05-16T00:00:00+00:00
[2022-05-16 02:41:01,657] {processor.py:171} INFO - Processing /opt/airflow/dags/my_dag.py took 0.084 seconds
[2022-05-16 02:41:32,065] {processor.py:163} INFO - Started process (PID=14878) to work on /opt/airflow/dags/my_dag.py
[2022-05-16 02:41:32,067] {processor.py:642} INFO - Processing file /opt/airflow/dags/my_dag.py for tasks to queue
[2022-05-16 02:41:32,068] {logging_mixin.py:109} INFO - [2022-05-16 02:41:32,068] {dagbag.py:500} INFO - Filling up the DagBag from /opt/airflow/dags/my_dag.py
[2022-05-16 02:41:32,082] {processor.py:652} INFO - DAG(s) dict_keys(['my_dag']) retrieved from /opt/airflow/dags/my_dag.py
[2022-05-16 02:41:32,103] {logging_mixin.py:109} INFO - [2022-05-16 02:41:32,103] {dag.py:2398} INFO - Sync 1 DAGs
[2022-05-16 02:41:32,121] {logging_mixin.py:109} INFO - [2022-05-16 02:41:32,121] {dag.py:2937} INFO - Setting next_dagrun for my_dag to 2022-05-16T00:00:00+00:00
[2022-05-16 02:41:32,131] {processor.py:171} INFO - Processing /opt/airflow/dags/my_dag.py took 0.069 seconds
[2022-05-16 02:42:02,632] {processor.py:163} INFO - Started process (PID=14929) to work on /opt/airflow/dags/my_dag.py
[2022-05-16 02:42:02,637] {processor.py:642} INFO - Processing file /opt/airflow/dags/my_dag.py for tasks to queue
[2022-05-16 02:42:02,642] {logging_mixin.py:109} INFO - [2022-05-16 02:42:02,641] {dagbag.py:500} INFO - Filling up the DagBag from /opt/airflow/dags/my_dag.py
[2022-05-16 02:42:02,680] {processor.py:652} INFO - DAG(s) dict_keys(['my_dag']) retrieved from /opt/airflow/dags/my_dag.py
[2022-05-16 02:42:02,728] {logging_mixin.py:109} INFO - [2022-05-16 02:42:02,728] {dag.py:2398} INFO - Sync 1 DAGs
[2022-05-16 02:42:02,762] {logging_mixin.py:109} INFO - [2022-05-16 02:42:02,762] {dag.py:2937} INFO - Setting next_dagrun for my_dag to 2022-05-16T00:00:00+00:00
[2022-05-16 02:42:02,776] {processor.py:171} INFO - Processing /opt/airflow/dags/my_dag.py took 0.153 seconds
[2022-05-16 02:42:33,274] {processor.py:163} INFO - Started process (PID=14991) to work on /opt/airflow/dags/my_dag.py
[2022-05-16 02:42:33,282] {processor.py:642} INFO - Processing file /opt/airflow/dags/my_dag.py for tasks to queue
[2022-05-16 02:42:33,287] {logging_mixin.py:109} INFO - [2022-05-16 02:42:33,287] {dagbag.py:500} INFO - Filling up the DagBag from /opt/airflow/dags/my_dag.py
[2022-05-16 02:42:33,352] {processor.py:652} INFO - DAG(s) dict_keys(['my_dag']) retrieved from /opt/airflow/dags/my_dag.py
[2022-05-16 02:42:33,452] {logging_mixin.py:109} INFO - [2022-05-16 02:42:33,451] {dag.py:2398} INFO - Sync 1 DAGs
[2022-05-16 02:42:33,529] {logging_mixin.py:109} INFO - [2022-05-16 02:42:33,529] {dag.py:2937} INFO - Setting next_dagrun for my_dag to 2022-05-16T00:00:00+00:00
[2022-05-16 02:42:33,569] {processor.py:171} INFO - Processing /opt/airflow/dags/my_dag.py took 0.310 seconds
[2022-05-16 02:50:57,607] {processor.py:163} INFO - Started process (PID=15034) to work on /opt/airflow/dags/my_dag.py
[2022-05-16 02:50:57,612] {processor.py:642} INFO - Processing file /opt/airflow/dags/my_dag.py for tasks to queue
[2022-05-16 02:50:57,617] {logging_mixin.py:109} INFO - [2022-05-16 02:50:57,617] {dagbag.py:500} INFO - Filling up the DagBag from /opt/airflow/dags/my_dag.py
[2022-05-16 02:50:57,662] {processor.py:652} INFO - DAG(s) dict_keys(['my_dag']) retrieved from /opt/airflow/dags/my_dag.py
[2022-05-16 02:50:57,758] {logging_mixin.py:109} INFO - [2022-05-16 02:50:57,758] {dag.py:2398} INFO - Sync 1 DAGs
[2022-05-16 02:50:57,803] {logging_mixin.py:109} INFO - [2022-05-16 02:50:57,803] {dag.py:2937} INFO - Setting next_dagrun for my_dag to 2022-05-16T00:00:00+00:00
[2022-05-16 02:50:57,819] {processor.py:171} INFO - Processing /opt/airflow/dags/my_dag.py took 0.222 seconds
[2022-05-16 02:51:28,766] {processor.py:163} INFO - Started process (PID=15088) to work on /opt/airflow/dags/my_dag.py
[2022-05-16 02:51:28,768] {processor.py:642} INFO - Processing file /opt/airflow/dags/my_dag.py for tasks to queue
[2022-05-16 02:51:28,770] {logging_mixin.py:109} INFO - [2022-05-16 02:51:28,770] {dagbag.py:500} INFO - Filling up the DagBag from /opt/airflow/dags/my_dag.py
[2022-05-16 02:51:28,788] {processor.py:652} INFO - DAG(s) dict_keys(['my_dag']) retrieved from /opt/airflow/dags/my_dag.py
[2022-05-16 02:51:28,812] {logging_mixin.py:109} INFO - [2022-05-16 02:51:28,812] {dag.py:2398} INFO - Sync 1 DAGs
[2022-05-16 02:51:28,833] {logging_mixin.py:109} INFO - [2022-05-16 02:51:28,832] {dag.py:2937} INFO - Setting next_dagrun for my_dag to 2022-05-16T00:00:00+00:00
[2022-05-16 02:51:28,842] {processor.py:171} INFO - Processing /opt/airflow/dags/my_dag.py took 0.081 seconds
[2022-05-16 02:51:59,492] {processor.py:163} INFO - Started process (PID=15148) to work on /opt/airflow/dags/my_dag.py
[2022-05-16 02:51:59,495] {processor.py:642} INFO - Processing file /opt/airflow/dags/my_dag.py for tasks to queue
[2022-05-16 02:51:59,496] {logging_mixin.py:109} INFO - [2022-05-16 02:51:59,496] {dagbag.py:500} INFO - Filling up the DagBag from /opt/airflow/dags/my_dag.py
[2022-05-16 02:51:59,512] {processor.py:652} INFO - DAG(s) dict_keys(['my_dag']) retrieved from /opt/airflow/dags/my_dag.py
[2022-05-16 02:51:59,537] {logging_mixin.py:109} INFO - [2022-05-16 02:51:59,537] {dag.py:2398} INFO - Sync 1 DAGs
[2022-05-16 02:51:59,556] {logging_mixin.py:109} INFO - [2022-05-16 02:51:59,556] {dag.py:2937} INFO - Setting next_dagrun for my_dag to 2022-05-16T00:00:00+00:00
[2022-05-16 02:51:59,567] {processor.py:171} INFO - Processing /opt/airflow/dags/my_dag.py took 0.079 seconds
[2022-05-16 02:52:29,877] {processor.py:163} INFO - Started process (PID=15200) to work on /opt/airflow/dags/my_dag.py
[2022-05-16 02:52:29,880] {processor.py:642} INFO - Processing file /opt/airflow/dags/my_dag.py for tasks to queue
[2022-05-16 02:52:29,881] {logging_mixin.py:109} INFO - [2022-05-16 02:52:29,881] {dagbag.py:500} INFO - Filling up the DagBag from /opt/airflow/dags/my_dag.py
[2022-05-16 02:52:29,899] {processor.py:652} INFO - DAG(s) dict_keys(['my_dag']) retrieved from /opt/airflow/dags/my_dag.py
[2022-05-16 02:52:29,923] {logging_mixin.py:109} INFO - [2022-05-16 02:52:29,923] {dag.py:2398} INFO - Sync 1 DAGs
[2022-05-16 02:52:29,941] {logging_mixin.py:109} INFO - [2022-05-16 02:52:29,941] {dag.py:2937} INFO - Setting next_dagrun for my_dag to 2022-05-16T00:00:00+00:00
[2022-05-16 02:52:29,950] {processor.py:171} INFO - Processing /opt/airflow/dags/my_dag.py took 0.077 seconds
[2022-05-16 02:53:00,663] {processor.py:163} INFO - Started process (PID=15261) to work on /opt/airflow/dags/my_dag.py
[2022-05-16 02:53:00,666] {processor.py:642} INFO - Processing file /opt/airflow/dags/my_dag.py for tasks to queue
[2022-05-16 02:53:00,668] {logging_mixin.py:109} INFO - [2022-05-16 02:53:00,668] {dagbag.py:500} INFO - Filling up the DagBag from /opt/airflow/dags/my_dag.py
[2022-05-16 02:53:00,689] {processor.py:652} INFO - DAG(s) dict_keys(['my_dag']) retrieved from /opt/airflow/dags/my_dag.py
[2022-05-16 02:53:00,711] {logging_mixin.py:109} INFO - [2022-05-16 02:53:00,710] {dag.py:2398} INFO - Sync 1 DAGs
[2022-05-16 02:53:00,729] {logging_mixin.py:109} INFO - [2022-05-16 02:53:00,729] {dag.py:2937} INFO - Setting next_dagrun for my_dag to 2022-05-16T00:00:00+00:00
[2022-05-16 02:53:00,738] {processor.py:171} INFO - Processing /opt/airflow/dags/my_dag.py took 0.083 seconds
[2022-05-16 02:53:30,972] {processor.py:163} INFO - Started process (PID=15314) to work on /opt/airflow/dags/my_dag.py
[2022-05-16 02:53:30,975] {processor.py:642} INFO - Processing file /opt/airflow/dags/my_dag.py for tasks to queue
[2022-05-16 02:53:30,976] {logging_mixin.py:109} INFO - [2022-05-16 02:53:30,976] {dagbag.py:500} INFO - Filling up the DagBag from /opt/airflow/dags/my_dag.py
[2022-05-16 02:53:30,993] {processor.py:652} INFO - DAG(s) dict_keys(['my_dag']) retrieved from /opt/airflow/dags/my_dag.py
[2022-05-16 02:53:31,017] {logging_mixin.py:109} INFO - [2022-05-16 02:53:31,017] {dag.py:2398} INFO - Sync 1 DAGs
[2022-05-16 02:53:31,036] {logging_mixin.py:109} INFO - [2022-05-16 02:53:31,035] {dag.py:2937} INFO - Setting next_dagrun for my_dag to 2022-05-16T00:00:00+00:00
[2022-05-16 02:53:31,045] {processor.py:171} INFO - Processing /opt/airflow/dags/my_dag.py took 0.078 seconds
