[2022-05-16 00:06:50,767] {taskinstance.py:1043} INFO - Dependencies all met for <TaskInstance: my_dag.training_model_B scheduled__2022-05-15T00:00:00+00:00 [queued]>
[2022-05-16 00:06:50,902] {taskinstance.py:1043} INFO - Dependencies all met for <TaskInstance: my_dag.training_model_B scheduled__2022-05-15T00:00:00+00:00 [queued]>
[2022-05-16 00:06:50,914] {taskinstance.py:1249} INFO - 
--------------------------------------------------------------------------------
[2022-05-16 00:06:50,930] {taskinstance.py:1250} INFO - Starting attempt 1 of 1
[2022-05-16 00:06:50,938] {taskinstance.py:1251} INFO - 
--------------------------------------------------------------------------------
[2022-05-16 00:06:51,027] {taskinstance.py:1270} INFO - Executing <Task(PythonOperator): training_model_B> on 2022-05-15 00:00:00+00:00
[2022-05-16 00:06:51,086] {standard_task_runner.py:52} INFO - Started process 4612 to run task
[2022-05-16 00:06:51,165] {standard_task_runner.py:79} INFO - Running: ['***', 'tasks', 'run', 'my_dag', 'training_model_B', 'scheduled__2022-05-15T00:00:00+00:00', '--job-id', '64', '--raw', '--subdir', 'DAGS_FOLDER/my_dag.py', '--cfg-path', '/tmp/tmpkccva2zh', '--error-file', '/tmp/tmpgo10doo1']
[2022-05-16 00:06:51,173] {standard_task_runner.py:80} INFO - Job 64: Subtask training_model_B
[2022-05-16 00:06:52,618] {logging_mixin.py:109} INFO - Running <TaskInstance: my_dag.training_model_B scheduled__2022-05-15T00:00:00+00:00 [running]> on host c0c6f6bf1c08
[2022-05-16 00:06:53,402] {taskinstance.py:1448} INFO - Exporting the following env vars:
AIRFLOW_CTX_DAG_OWNER=***
AIRFLOW_CTX_DAG_ID=my_dag
AIRFLOW_CTX_TASK_ID=training_model_B
AIRFLOW_CTX_EXECUTION_DATE=2022-05-15T00:00:00+00:00
AIRFLOW_CTX_DAG_RUN_ID=scheduled__2022-05-15T00:00:00+00:00
[2022-05-16 00:06:53,422] {python.py:175} INFO - Done. Returned value was: 6
[2022-05-16 00:06:53,757] {taskinstance.py:1288} INFO - Marking task as SUCCESS. dag_id=my_dag, task_id=training_model_B, execution_date=20220515T000000, start_date=20220516T000650, end_date=20220516T000653
[2022-05-16 00:06:54,019] {local_task_job.py:154} INFO - Task exited with return code 0
[2022-05-16 00:06:54,620] {local_task_job.py:264} INFO - 0 downstream tasks scheduled from follow-on schedule check
