[2022-05-12 12:00:14,274] {processor.py:163} INFO - Started process (PID=46063) to work on /home/airflow/.local/lib/python3.7/site-packages/airflow/example_dags/example_python_operator.py
[2022-05-12 12:00:14,278] {processor.py:642} INFO - Processing file /home/airflow/.local/lib/python3.7/site-packages/airflow/example_dags/example_python_operator.py for tasks to queue
[2022-05-12 12:00:14,280] {logging_mixin.py:109} INFO - [2022-05-12 12:00:14,280] {dagbag.py:500} INFO - Filling up the DagBag from /home/airflow/.local/lib/python3.7/site-packages/airflow/example_dags/example_python_operator.py
[2022-05-12 12:00:14,301] {processor.py:652} INFO - DAG(s) dict_keys(['example_python_operator']) retrieved from /home/airflow/.local/lib/python3.7/site-packages/airflow/example_dags/example_python_operator.py
[2022-05-12 12:00:14,332] {logging_mixin.py:109} INFO - [2022-05-12 12:00:14,332] {dag.py:2398} INFO - Sync 1 DAGs
[2022-05-12 12:00:14,351] {logging_mixin.py:109} INFO - [2022-05-12 12:00:14,351] {dag.py:2937} INFO - Setting next_dagrun for example_python_operator to None
[2022-05-12 12:00:14,374] {processor.py:171} INFO - Processing /home/airflow/.local/lib/python3.7/site-packages/airflow/example_dags/example_python_operator.py took 0.107 seconds
[2022-05-12 12:00:45,135] {processor.py:163} INFO - Started process (PID=46127) to work on /home/airflow/.local/lib/python3.7/site-packages/airflow/example_dags/example_python_operator.py
[2022-05-12 12:00:45,136] {processor.py:642} INFO - Processing file /home/airflow/.local/lib/python3.7/site-packages/airflow/example_dags/example_python_operator.py for tasks to queue
[2022-05-12 12:00:45,138] {logging_mixin.py:109} INFO - [2022-05-12 12:00:45,138] {dagbag.py:500} INFO - Filling up the DagBag from /home/airflow/.local/lib/python3.7/site-packages/airflow/example_dags/example_python_operator.py
[2022-05-12 12:00:45,153] {processor.py:652} INFO - DAG(s) dict_keys(['example_python_operator']) retrieved from /home/airflow/.local/lib/python3.7/site-packages/airflow/example_dags/example_python_operator.py
[2022-05-12 12:00:45,178] {logging_mixin.py:109} INFO - [2022-05-12 12:00:45,178] {dag.py:2398} INFO - Sync 1 DAGs
[2022-05-12 12:00:45,195] {logging_mixin.py:109} INFO - [2022-05-12 12:00:45,194] {dag.py:2937} INFO - Setting next_dagrun for example_python_operator to None
[2022-05-12 12:00:45,212] {processor.py:171} INFO - Processing /home/airflow/.local/lib/python3.7/site-packages/airflow/example_dags/example_python_operator.py took 0.081 seconds
[2022-05-12 20:00:26,196] {processor.py:163} INFO - Started process (PID=46181) to work on /home/airflow/.local/lib/python3.7/site-packages/airflow/example_dags/example_python_operator.py
[2022-05-12 20:00:26,208] {processor.py:642} INFO - Processing file /home/airflow/.local/lib/python3.7/site-packages/airflow/example_dags/example_python_operator.py for tasks to queue
[2022-05-12 20:00:26,212] {logging_mixin.py:109} INFO - [2022-05-12 20:00:26,212] {dagbag.py:500} INFO - Filling up the DagBag from /home/airflow/.local/lib/python3.7/site-packages/airflow/example_dags/example_python_operator.py
[2022-05-12 20:00:26,261] {processor.py:652} INFO - DAG(s) dict_keys(['example_python_operator']) retrieved from /home/airflow/.local/lib/python3.7/site-packages/airflow/example_dags/example_python_operator.py
[2022-05-12 20:00:26,335] {logging_mixin.py:109} INFO - [2022-05-12 20:00:26,335] {dag.py:2398} INFO - Sync 1 DAGs
[2022-05-12 20:00:26,383] {logging_mixin.py:109} INFO - [2022-05-12 20:00:26,383] {dag.py:2937} INFO - Setting next_dagrun for example_python_operator to None
[2022-05-12 20:00:26,409] {processor.py:171} INFO - Processing /home/airflow/.local/lib/python3.7/site-packages/airflow/example_dags/example_python_operator.py took 0.219 seconds
[2022-05-12 20:00:56,465] {processor.py:163} INFO - Started process (PID=46234) to work on /home/airflow/.local/lib/python3.7/site-packages/airflow/example_dags/example_python_operator.py
[2022-05-12 20:00:56,467] {processor.py:642} INFO - Processing file /home/airflow/.local/lib/python3.7/site-packages/airflow/example_dags/example_python_operator.py for tasks to queue
[2022-05-12 20:00:56,469] {logging_mixin.py:109} INFO - [2022-05-12 20:00:56,469] {dagbag.py:500} INFO - Filling up the DagBag from /home/airflow/.local/lib/python3.7/site-packages/airflow/example_dags/example_python_operator.py
[2022-05-12 20:00:56,484] {processor.py:652} INFO - DAG(s) dict_keys(['example_python_operator']) retrieved from /home/airflow/.local/lib/python3.7/site-packages/airflow/example_dags/example_python_operator.py
[2022-05-12 20:00:56,506] {logging_mixin.py:109} INFO - [2022-05-12 20:00:56,506] {dag.py:2398} INFO - Sync 1 DAGs
[2022-05-12 20:00:56,522] {logging_mixin.py:109} INFO - [2022-05-12 20:00:56,522] {dag.py:2937} INFO - Setting next_dagrun for example_python_operator to None
[2022-05-12 20:00:56,531] {processor.py:171} INFO - Processing /home/airflow/.local/lib/python3.7/site-packages/airflow/example_dags/example_python_operator.py took 0.070 seconds
