[2022-05-12 12:00:16,336] {processor.py:163} INFO - Started process (PID=46080) to work on /home/airflow/.local/lib/python3.7/site-packages/airflow/example_dags/example_short_circuit_operator.py
[2022-05-12 12:00:16,339] {processor.py:642} INFO - Processing file /home/airflow/.local/lib/python3.7/site-packages/airflow/example_dags/example_short_circuit_operator.py for tasks to queue
[2022-05-12 12:00:16,344] {logging_mixin.py:109} INFO - [2022-05-12 12:00:16,344] {dagbag.py:500} INFO - Filling up the DagBag from /home/airflow/.local/lib/python3.7/site-packages/airflow/example_dags/example_short_circuit_operator.py
[2022-05-12 12:00:16,366] {processor.py:652} INFO - DAG(s) dict_keys(['example_short_circuit_operator']) retrieved from /home/airflow/.local/lib/python3.7/site-packages/airflow/example_dags/example_short_circuit_operator.py
[2022-05-12 12:00:16,397] {logging_mixin.py:109} INFO - [2022-05-12 12:00:16,397] {dag.py:2398} INFO - Sync 1 DAGs
[2022-05-12 12:00:16,439] {logging_mixin.py:109} INFO - [2022-05-12 12:00:16,439] {dag.py:2937} INFO - Setting next_dagrun for example_short_circuit_operator to 2022-05-11T12:00:16.439277+00:00
[2022-05-12 12:00:16,460] {processor.py:171} INFO - Processing /home/airflow/.local/lib/python3.7/site-packages/airflow/example_dags/example_short_circuit_operator.py took 0.130 seconds
[2022-05-12 12:00:47,281] {processor.py:163} INFO - Started process (PID=46144) to work on /home/airflow/.local/lib/python3.7/site-packages/airflow/example_dags/example_short_circuit_operator.py
[2022-05-12 12:00:47,283] {processor.py:642} INFO - Processing file /home/airflow/.local/lib/python3.7/site-packages/airflow/example_dags/example_short_circuit_operator.py for tasks to queue
[2022-05-12 12:00:47,284] {logging_mixin.py:109} INFO - [2022-05-12 12:00:47,284] {dagbag.py:500} INFO - Filling up the DagBag from /home/airflow/.local/lib/python3.7/site-packages/airflow/example_dags/example_short_circuit_operator.py
[2022-05-12 12:00:47,295] {processor.py:652} INFO - DAG(s) dict_keys(['example_short_circuit_operator']) retrieved from /home/airflow/.local/lib/python3.7/site-packages/airflow/example_dags/example_short_circuit_operator.py
[2022-05-12 12:00:47,319] {logging_mixin.py:109} INFO - [2022-05-12 12:00:47,319] {dag.py:2398} INFO - Sync 1 DAGs
[2022-05-12 12:00:47,337] {logging_mixin.py:109} INFO - [2022-05-12 12:00:47,337] {dag.py:2937} INFO - Setting next_dagrun for example_short_circuit_operator to 2022-05-11T12:00:47.337154+00:00
[2022-05-12 12:00:47,347] {processor.py:171} INFO - Processing /home/airflow/.local/lib/python3.7/site-packages/airflow/example_dags/example_short_circuit_operator.py took 0.070 seconds
[2022-05-12 20:00:29,076] {processor.py:163} INFO - Started process (PID=46198) to work on /home/airflow/.local/lib/python3.7/site-packages/airflow/example_dags/example_short_circuit_operator.py
[2022-05-12 20:00:29,082] {processor.py:642} INFO - Processing file /home/airflow/.local/lib/python3.7/site-packages/airflow/example_dags/example_short_circuit_operator.py for tasks to queue
[2022-05-12 20:00:29,092] {logging_mixin.py:109} INFO - [2022-05-12 20:00:29,092] {dagbag.py:500} INFO - Filling up the DagBag from /home/airflow/.local/lib/python3.7/site-packages/airflow/example_dags/example_short_circuit_operator.py
[2022-05-12 20:00:29,136] {processor.py:652} INFO - DAG(s) dict_keys(['example_short_circuit_operator']) retrieved from /home/airflow/.local/lib/python3.7/site-packages/airflow/example_dags/example_short_circuit_operator.py
[2022-05-12 20:00:29,232] {logging_mixin.py:109} INFO - [2022-05-12 20:00:29,231] {dag.py:2398} INFO - Sync 1 DAGs
[2022-05-12 20:00:29,278] {logging_mixin.py:109} INFO - [2022-05-12 20:00:29,278] {dag.py:2937} INFO - Setting next_dagrun for example_short_circuit_operator to 2022-05-11T20:00:29.278136+00:00
[2022-05-12 20:00:29,297] {processor.py:171} INFO - Processing /home/airflow/.local/lib/python3.7/site-packages/airflow/example_dags/example_short_circuit_operator.py took 0.240 seconds
[2022-05-12 20:00:59,603] {processor.py:163} INFO - Started process (PID=46251) to work on /home/airflow/.local/lib/python3.7/site-packages/airflow/example_dags/example_short_circuit_operator.py
[2022-05-12 20:00:59,605] {processor.py:642} INFO - Processing file /home/airflow/.local/lib/python3.7/site-packages/airflow/example_dags/example_short_circuit_operator.py for tasks to queue
[2022-05-12 20:00:59,606] {logging_mixin.py:109} INFO - [2022-05-12 20:00:59,606] {dagbag.py:500} INFO - Filling up the DagBag from /home/airflow/.local/lib/python3.7/site-packages/airflow/example_dags/example_short_circuit_operator.py
[2022-05-12 20:00:59,618] {processor.py:652} INFO - DAG(s) dict_keys(['example_short_circuit_operator']) retrieved from /home/airflow/.local/lib/python3.7/site-packages/airflow/example_dags/example_short_circuit_operator.py
[2022-05-12 20:00:59,641] {logging_mixin.py:109} INFO - [2022-05-12 20:00:59,641] {dag.py:2398} INFO - Sync 1 DAGs
[2022-05-12 20:00:59,659] {logging_mixin.py:109} INFO - [2022-05-12 20:00:59,659] {dag.py:2937} INFO - Setting next_dagrun for example_short_circuit_operator to 2022-05-11T20:00:59.659078+00:00
[2022-05-12 20:00:59,671] {processor.py:171} INFO - Processing /home/airflow/.local/lib/python3.7/site-packages/airflow/example_dags/example_short_circuit_operator.py took 0.072 seconds
