[2022-05-12 12:00:15,247] {processor.py:163} INFO - Started process (PID=46070) to work on /home/airflow/.local/lib/python3.7/site-packages/airflow/example_dags/example_latest_only_with_trigger.py
[2022-05-12 12:00:15,250] {processor.py:642} INFO - Processing file /home/airflow/.local/lib/python3.7/site-packages/airflow/example_dags/example_latest_only_with_trigger.py for tasks to queue
[2022-05-12 12:00:15,252] {logging_mixin.py:109} INFO - [2022-05-12 12:00:15,252] {dagbag.py:500} INFO - Filling up the DagBag from /home/airflow/.local/lib/python3.7/site-packages/airflow/example_dags/example_latest_only_with_trigger.py
[2022-05-12 12:00:15,265] {processor.py:652} INFO - DAG(s) dict_keys(['latest_only_with_trigger']) retrieved from /home/airflow/.local/lib/python3.7/site-packages/airflow/example_dags/example_latest_only_with_trigger.py
[2022-05-12 12:00:15,299] {logging_mixin.py:109} INFO - [2022-05-12 12:00:15,299] {dag.py:2398} INFO - Sync 1 DAGs
[2022-05-12 12:00:15,325] {logging_mixin.py:109} INFO - [2022-05-12 12:00:15,325] {dag.py:2937} INFO - Setting next_dagrun for latest_only_with_trigger to 2022-05-12T08:00:15.324913+00:00
[2022-05-12 12:00:15,360] {processor.py:171} INFO - Processing /home/airflow/.local/lib/python3.7/site-packages/airflow/example_dags/example_latest_only_with_trigger.py took 0.117 seconds
[2022-05-12 12:00:45,529] {processor.py:163} INFO - Started process (PID=46134) to work on /home/airflow/.local/lib/python3.7/site-packages/airflow/example_dags/example_latest_only_with_trigger.py
[2022-05-12 12:00:45,531] {processor.py:642} INFO - Processing file /home/airflow/.local/lib/python3.7/site-packages/airflow/example_dags/example_latest_only_with_trigger.py for tasks to queue
[2022-05-12 12:00:45,533] {logging_mixin.py:109} INFO - [2022-05-12 12:00:45,532] {dagbag.py:500} INFO - Filling up the DagBag from /home/airflow/.local/lib/python3.7/site-packages/airflow/example_dags/example_latest_only_with_trigger.py
[2022-05-12 12:00:45,542] {processor.py:652} INFO - DAG(s) dict_keys(['latest_only_with_trigger']) retrieved from /home/airflow/.local/lib/python3.7/site-packages/airflow/example_dags/example_latest_only_with_trigger.py
[2022-05-12 12:00:45,568] {logging_mixin.py:109} INFO - [2022-05-12 12:00:45,568] {dag.py:2398} INFO - Sync 1 DAGs
[2022-05-12 12:00:45,600] {logging_mixin.py:109} INFO - [2022-05-12 12:00:45,599] {dag.py:2937} INFO - Setting next_dagrun for latest_only_with_trigger to 2022-05-12T08:00:45.599498+00:00
[2022-05-12 12:00:45,612] {processor.py:171} INFO - Processing /home/airflow/.local/lib/python3.7/site-packages/airflow/example_dags/example_latest_only_with_trigger.py took 0.088 seconds
[2022-05-12 20:00:27,515] {processor.py:163} INFO - Started process (PID=46188) to work on /home/airflow/.local/lib/python3.7/site-packages/airflow/example_dags/example_latest_only_with_trigger.py
[2022-05-12 20:00:27,520] {processor.py:642} INFO - Processing file /home/airflow/.local/lib/python3.7/site-packages/airflow/example_dags/example_latest_only_with_trigger.py for tasks to queue
[2022-05-12 20:00:27,523] {logging_mixin.py:109} INFO - [2022-05-12 20:00:27,523] {dagbag.py:500} INFO - Filling up the DagBag from /home/airflow/.local/lib/python3.7/site-packages/airflow/example_dags/example_latest_only_with_trigger.py
[2022-05-12 20:00:27,557] {processor.py:652} INFO - DAG(s) dict_keys(['latest_only_with_trigger']) retrieved from /home/airflow/.local/lib/python3.7/site-packages/airflow/example_dags/example_latest_only_with_trigger.py
[2022-05-12 20:00:27,613] {logging_mixin.py:109} INFO - [2022-05-12 20:00:27,613] {dag.py:2398} INFO - Sync 1 DAGs
[2022-05-12 20:00:27,662] {logging_mixin.py:109} INFO - [2022-05-12 20:00:27,662] {dag.py:2937} INFO - Setting next_dagrun for latest_only_with_trigger to 2022-05-12T16:00:27.661613+00:00
[2022-05-12 20:00:27,680] {processor.py:171} INFO - Processing /home/airflow/.local/lib/python3.7/site-packages/airflow/example_dags/example_latest_only_with_trigger.py took 0.172 seconds
[2022-05-12 20:00:57,782] {processor.py:163} INFO - Started process (PID=46241) to work on /home/airflow/.local/lib/python3.7/site-packages/airflow/example_dags/example_latest_only_with_trigger.py
[2022-05-12 20:00:57,784] {processor.py:642} INFO - Processing file /home/airflow/.local/lib/python3.7/site-packages/airflow/example_dags/example_latest_only_with_trigger.py for tasks to queue
[2022-05-12 20:00:57,786] {logging_mixin.py:109} INFO - [2022-05-12 20:00:57,786] {dagbag.py:500} INFO - Filling up the DagBag from /home/airflow/.local/lib/python3.7/site-packages/airflow/example_dags/example_latest_only_with_trigger.py
[2022-05-12 20:00:57,794] {processor.py:652} INFO - DAG(s) dict_keys(['latest_only_with_trigger']) retrieved from /home/airflow/.local/lib/python3.7/site-packages/airflow/example_dags/example_latest_only_with_trigger.py
[2022-05-12 20:00:57,819] {logging_mixin.py:109} INFO - [2022-05-12 20:00:57,819] {dag.py:2398} INFO - Sync 1 DAGs
[2022-05-12 20:00:57,842] {logging_mixin.py:109} INFO - [2022-05-12 20:00:57,842] {dag.py:2937} INFO - Setting next_dagrun for latest_only_with_trigger to 2022-05-12T16:00:57.842134+00:00
[2022-05-12 20:00:57,858] {processor.py:171} INFO - Processing /home/airflow/.local/lib/python3.7/site-packages/airflow/example_dags/example_latest_only_with_trigger.py took 0.080 seconds
