[2022-05-12 12:00:16,246] {processor.py:163} INFO - Started process (PID=46079) to work on /home/airflow/.local/lib/python3.7/site-packages/airflow/example_dags/example_trigger_controller_dag.py
[2022-05-12 12:00:16,249] {processor.py:642} INFO - Processing file /home/airflow/.local/lib/python3.7/site-packages/airflow/example_dags/example_trigger_controller_dag.py for tasks to queue
[2022-05-12 12:00:16,251] {logging_mixin.py:109} INFO - [2022-05-12 12:00:16,251] {dagbag.py:500} INFO - Filling up the DagBag from /home/airflow/.local/lib/python3.7/site-packages/airflow/example_dags/example_trigger_controller_dag.py
[2022-05-12 12:00:16,261] {processor.py:652} INFO - DAG(s) dict_keys(['example_trigger_controller_dag']) retrieved from /home/airflow/.local/lib/python3.7/site-packages/airflow/example_dags/example_trigger_controller_dag.py
[2022-05-12 12:00:16,292] {logging_mixin.py:109} INFO - [2022-05-12 12:00:16,292] {dag.py:2398} INFO - Sync 1 DAGs
[2022-05-12 12:00:16,325] {logging_mixin.py:109} INFO - [2022-05-12 12:00:16,325] {dag.py:2937} INFO - Setting next_dagrun for example_trigger_controller_dag to 2021-01-01T00:00:00+00:00
[2022-05-12 12:00:16,340] {processor.py:171} INFO - Processing /home/airflow/.local/lib/python3.7/site-packages/airflow/example_dags/example_trigger_controller_dag.py took 0.099 seconds
[2022-05-12 12:00:47,203] {processor.py:163} INFO - Started process (PID=46143) to work on /home/airflow/.local/lib/python3.7/site-packages/airflow/example_dags/example_trigger_controller_dag.py
[2022-05-12 12:00:47,205] {processor.py:642} INFO - Processing file /home/airflow/.local/lib/python3.7/site-packages/airflow/example_dags/example_trigger_controller_dag.py for tasks to queue
[2022-05-12 12:00:47,207] {logging_mixin.py:109} INFO - [2022-05-12 12:00:47,207] {dagbag.py:500} INFO - Filling up the DagBag from /home/airflow/.local/lib/python3.7/site-packages/airflow/example_dags/example_trigger_controller_dag.py
[2022-05-12 12:00:47,215] {processor.py:652} INFO - DAG(s) dict_keys(['example_trigger_controller_dag']) retrieved from /home/airflow/.local/lib/python3.7/site-packages/airflow/example_dags/example_trigger_controller_dag.py
[2022-05-12 12:00:47,239] {logging_mixin.py:109} INFO - [2022-05-12 12:00:47,239] {dag.py:2398} INFO - Sync 1 DAGs
[2022-05-12 12:00:47,257] {logging_mixin.py:109} INFO - [2022-05-12 12:00:47,257] {dag.py:2937} INFO - Setting next_dagrun for example_trigger_controller_dag to 2021-01-01T00:00:00+00:00
[2022-05-12 12:00:47,268] {processor.py:171} INFO - Processing /home/airflow/.local/lib/python3.7/site-packages/airflow/example_dags/example_trigger_controller_dag.py took 0.069 seconds
[2022-05-12 20:00:28,906] {processor.py:163} INFO - Started process (PID=46197) to work on /home/airflow/.local/lib/python3.7/site-packages/airflow/example_dags/example_trigger_controller_dag.py
[2022-05-12 20:00:28,913] {processor.py:642} INFO - Processing file /home/airflow/.local/lib/python3.7/site-packages/airflow/example_dags/example_trigger_controller_dag.py for tasks to queue
[2022-05-12 20:00:28,915] {logging_mixin.py:109} INFO - [2022-05-12 20:00:28,914] {dagbag.py:500} INFO - Filling up the DagBag from /home/airflow/.local/lib/python3.7/site-packages/airflow/example_dags/example_trigger_controller_dag.py
[2022-05-12 20:00:28,938] {processor.py:652} INFO - DAG(s) dict_keys(['example_trigger_controller_dag']) retrieved from /home/airflow/.local/lib/python3.7/site-packages/airflow/example_dags/example_trigger_controller_dag.py
[2022-05-12 20:00:29,043] {logging_mixin.py:109} INFO - [2022-05-12 20:00:29,043] {dag.py:2398} INFO - Sync 1 DAGs
[2022-05-12 20:00:29,105] {logging_mixin.py:109} INFO - [2022-05-12 20:00:29,105] {dag.py:2937} INFO - Setting next_dagrun for example_trigger_controller_dag to 2021-01-01T00:00:00+00:00
[2022-05-12 20:00:29,146] {processor.py:171} INFO - Processing /home/airflow/.local/lib/python3.7/site-packages/airflow/example_dags/example_trigger_controller_dag.py took 0.249 seconds
[2022-05-12 20:00:59,598] {processor.py:163} INFO - Started process (PID=46250) to work on /home/airflow/.local/lib/python3.7/site-packages/airflow/example_dags/example_trigger_controller_dag.py
[2022-05-12 20:00:59,600] {processor.py:642} INFO - Processing file /home/airflow/.local/lib/python3.7/site-packages/airflow/example_dags/example_trigger_controller_dag.py for tasks to queue
[2022-05-12 20:00:59,602] {logging_mixin.py:109} INFO - [2022-05-12 20:00:59,602] {dagbag.py:500} INFO - Filling up the DagBag from /home/airflow/.local/lib/python3.7/site-packages/airflow/example_dags/example_trigger_controller_dag.py
[2022-05-12 20:00:59,608] {processor.py:652} INFO - DAG(s) dict_keys(['example_trigger_controller_dag']) retrieved from /home/airflow/.local/lib/python3.7/site-packages/airflow/example_dags/example_trigger_controller_dag.py
[2022-05-12 20:00:59,632] {logging_mixin.py:109} INFO - [2022-05-12 20:00:59,632] {dag.py:2398} INFO - Sync 1 DAGs
[2022-05-12 20:00:59,650] {logging_mixin.py:109} INFO - [2022-05-12 20:00:59,650] {dag.py:2937} INFO - Setting next_dagrun for example_trigger_controller_dag to 2021-01-01T00:00:00+00:00
[2022-05-12 20:00:59,660] {processor.py:171} INFO - Processing /home/airflow/.local/lib/python3.7/site-packages/airflow/example_dags/example_trigger_controller_dag.py took 0.067 seconds
