[2022-05-12 12:00:16,035] {processor.py:163} INFO - Started process (PID=46077) to work on /home/airflow/.local/lib/python3.7/site-packages/airflow/example_dags/example_latest_only.py
[2022-05-12 12:00:16,038] {processor.py:642} INFO - Processing file /home/airflow/.local/lib/python3.7/site-packages/airflow/example_dags/example_latest_only.py for tasks to queue
[2022-05-12 12:00:16,040] {logging_mixin.py:109} INFO - [2022-05-12 12:00:16,040] {dagbag.py:500} INFO - Filling up the DagBag from /home/airflow/.local/lib/python3.7/site-packages/airflow/example_dags/example_latest_only.py
[2022-05-12 12:00:16,058] {processor.py:652} INFO - DAG(s) dict_keys(['latest_only']) retrieved from /home/airflow/.local/lib/python3.7/site-packages/airflow/example_dags/example_latest_only.py
[2022-05-12 12:00:16,127] {logging_mixin.py:109} INFO - [2022-05-12 12:00:16,127] {dag.py:2398} INFO - Sync 1 DAGs
[2022-05-12 12:00:16,160] {logging_mixin.py:109} INFO - [2022-05-12 12:00:16,160] {dag.py:2937} INFO - Setting next_dagrun for latest_only to 2022-05-12T08:00:16.160231+00:00
[2022-05-12 12:00:16,172] {processor.py:171} INFO - Processing /home/airflow/.local/lib/python3.7/site-packages/airflow/example_dags/example_latest_only.py took 0.143 seconds
[2022-05-12 12:00:47,085] {processor.py:163} INFO - Started process (PID=46141) to work on /home/airflow/.local/lib/python3.7/site-packages/airflow/example_dags/example_latest_only.py
[2022-05-12 12:00:47,087] {processor.py:642} INFO - Processing file /home/airflow/.local/lib/python3.7/site-packages/airflow/example_dags/example_latest_only.py for tasks to queue
[2022-05-12 12:00:47,088] {logging_mixin.py:109} INFO - [2022-05-12 12:00:47,088] {dagbag.py:500} INFO - Filling up the DagBag from /home/airflow/.local/lib/python3.7/site-packages/airflow/example_dags/example_latest_only.py
[2022-05-12 12:00:47,097] {processor.py:652} INFO - DAG(s) dict_keys(['latest_only']) retrieved from /home/airflow/.local/lib/python3.7/site-packages/airflow/example_dags/example_latest_only.py
[2022-05-12 12:00:47,127] {logging_mixin.py:109} INFO - [2022-05-12 12:00:47,127] {dag.py:2398} INFO - Sync 1 DAGs
[2022-05-12 12:00:47,154] {logging_mixin.py:109} INFO - [2022-05-12 12:00:47,154] {dag.py:2937} INFO - Setting next_dagrun for latest_only to 2022-05-12T08:00:47.154147+00:00
[2022-05-12 12:00:47,173] {processor.py:171} INFO - Processing /home/airflow/.local/lib/python3.7/site-packages/airflow/example_dags/example_latest_only.py took 0.092 seconds
[2022-05-12 20:00:28,660] {processor.py:163} INFO - Started process (PID=46195) to work on /home/airflow/.local/lib/python3.7/site-packages/airflow/example_dags/example_latest_only.py
[2022-05-12 20:00:28,666] {processor.py:642} INFO - Processing file /home/airflow/.local/lib/python3.7/site-packages/airflow/example_dags/example_latest_only.py for tasks to queue
[2022-05-12 20:00:28,669] {logging_mixin.py:109} INFO - [2022-05-12 20:00:28,669] {dagbag.py:500} INFO - Filling up the DagBag from /home/airflow/.local/lib/python3.7/site-packages/airflow/example_dags/example_latest_only.py
[2022-05-12 20:00:28,691] {processor.py:652} INFO - DAG(s) dict_keys(['latest_only']) retrieved from /home/airflow/.local/lib/python3.7/site-packages/airflow/example_dags/example_latest_only.py
[2022-05-12 20:00:28,756] {logging_mixin.py:109} INFO - [2022-05-12 20:00:28,756] {dag.py:2398} INFO - Sync 1 DAGs
[2022-05-12 20:00:28,814] {logging_mixin.py:109} INFO - [2022-05-12 20:00:28,813] {dag.py:2937} INFO - Setting next_dagrun for latest_only to 2022-05-12T16:00:28.813288+00:00
[2022-05-12 20:00:28,853] {processor.py:171} INFO - Processing /home/airflow/.local/lib/python3.7/site-packages/airflow/example_dags/example_latest_only.py took 0.198 seconds
[2022-05-12 20:00:59,423] {processor.py:163} INFO - Started process (PID=46248) to work on /home/airflow/.local/lib/python3.7/site-packages/airflow/example_dags/example_latest_only.py
[2022-05-12 20:00:59,425] {processor.py:642} INFO - Processing file /home/airflow/.local/lib/python3.7/site-packages/airflow/example_dags/example_latest_only.py for tasks to queue
[2022-05-12 20:00:59,427] {logging_mixin.py:109} INFO - [2022-05-12 20:00:59,427] {dagbag.py:500} INFO - Filling up the DagBag from /home/airflow/.local/lib/python3.7/site-packages/airflow/example_dags/example_latest_only.py
[2022-05-12 20:00:59,434] {processor.py:652} INFO - DAG(s) dict_keys(['latest_only']) retrieved from /home/airflow/.local/lib/python3.7/site-packages/airflow/example_dags/example_latest_only.py
[2022-05-12 20:00:59,457] {logging_mixin.py:109} INFO - [2022-05-12 20:00:59,457] {dag.py:2398} INFO - Sync 1 DAGs
[2022-05-12 20:00:59,475] {logging_mixin.py:109} INFO - [2022-05-12 20:00:59,475] {dag.py:2937} INFO - Setting next_dagrun for latest_only to 2022-05-12T16:00:59.475475+00:00
[2022-05-12 20:00:59,487] {processor.py:171} INFO - Processing /home/airflow/.local/lib/python3.7/site-packages/airflow/example_dags/example_latest_only.py took 0.067 seconds
