[2022-05-12 12:00:16,214] {processor.py:163} INFO - Started process (PID=46078) to work on /home/airflow/.local/lib/python3.7/site-packages/airflow/example_dags/example_nested_branch_dag.py
[2022-05-12 12:00:16,218] {processor.py:642} INFO - Processing file /home/airflow/.local/lib/python3.7/site-packages/airflow/example_dags/example_nested_branch_dag.py for tasks to queue
[2022-05-12 12:00:16,219] {logging_mixin.py:109} INFO - [2022-05-12 12:00:16,219] {dagbag.py:500} INFO - Filling up the DagBag from /home/airflow/.local/lib/python3.7/site-packages/airflow/example_dags/example_nested_branch_dag.py
[2022-05-12 12:00:16,238] {processor.py:652} INFO - DAG(s) dict_keys(['example_nested_branch_dag']) retrieved from /home/airflow/.local/lib/python3.7/site-packages/airflow/example_dags/example_nested_branch_dag.py
[2022-05-12 12:00:16,265] {logging_mixin.py:109} INFO - [2022-05-12 12:00:16,265] {dag.py:2398} INFO - Sync 1 DAGs
[2022-05-12 12:00:16,286] {logging_mixin.py:109} INFO - [2022-05-12 12:00:16,285] {dag.py:2937} INFO - Setting next_dagrun for example_nested_branch_dag to 2022-05-11 00:00:00+00:00
[2022-05-12 12:00:16,298] {processor.py:171} INFO - Processing /home/airflow/.local/lib/python3.7/site-packages/airflow/example_dags/example_nested_branch_dag.py took 0.088 seconds
[2022-05-12 12:00:47,187] {processor.py:163} INFO - Started process (PID=46142) to work on /home/airflow/.local/lib/python3.7/site-packages/airflow/example_dags/example_nested_branch_dag.py
[2022-05-12 12:00:47,188] {processor.py:642} INFO - Processing file /home/airflow/.local/lib/python3.7/site-packages/airflow/example_dags/example_nested_branch_dag.py for tasks to queue
[2022-05-12 12:00:47,190] {logging_mixin.py:109} INFO - [2022-05-12 12:00:47,190] {dagbag.py:500} INFO - Filling up the DagBag from /home/airflow/.local/lib/python3.7/site-packages/airflow/example_dags/example_nested_branch_dag.py
[2022-05-12 12:00:47,203] {processor.py:652} INFO - DAG(s) dict_keys(['example_nested_branch_dag']) retrieved from /home/airflow/.local/lib/python3.7/site-packages/airflow/example_dags/example_nested_branch_dag.py
[2022-05-12 12:00:47,228] {logging_mixin.py:109} INFO - [2022-05-12 12:00:47,228] {dag.py:2398} INFO - Sync 1 DAGs
[2022-05-12 12:00:47,247] {logging_mixin.py:109} INFO - [2022-05-12 12:00:47,247] {dag.py:2937} INFO - Setting next_dagrun for example_nested_branch_dag to 2022-05-11 00:00:00+00:00
[2022-05-12 12:00:47,257] {processor.py:171} INFO - Processing /home/airflow/.local/lib/python3.7/site-packages/airflow/example_dags/example_nested_branch_dag.py took 0.076 seconds
[2022-05-12 20:00:28,811] {processor.py:163} INFO - Started process (PID=46196) to work on /home/airflow/.local/lib/python3.7/site-packages/airflow/example_dags/example_nested_branch_dag.py
[2022-05-12 20:00:28,815] {processor.py:642} INFO - Processing file /home/airflow/.local/lib/python3.7/site-packages/airflow/example_dags/example_nested_branch_dag.py for tasks to queue
[2022-05-12 20:00:28,819] {logging_mixin.py:109} INFO - [2022-05-12 20:00:28,819] {dagbag.py:500} INFO - Filling up the DagBag from /home/airflow/.local/lib/python3.7/site-packages/airflow/example_dags/example_nested_branch_dag.py
[2022-05-12 20:00:28,848] {processor.py:652} INFO - DAG(s) dict_keys(['example_nested_branch_dag']) retrieved from /home/airflow/.local/lib/python3.7/site-packages/airflow/example_dags/example_nested_branch_dag.py
[2022-05-12 20:00:28,904] {logging_mixin.py:109} INFO - [2022-05-12 20:00:28,904] {dag.py:2398} INFO - Sync 1 DAGs
[2022-05-12 20:00:28,951] {logging_mixin.py:109} INFO - [2022-05-12 20:00:28,950] {dag.py:2937} INFO - Setting next_dagrun for example_nested_branch_dag to 2022-05-11 00:00:00+00:00
[2022-05-12 20:00:28,987] {processor.py:171} INFO - Processing /home/airflow/.local/lib/python3.7/site-packages/airflow/example_dags/example_nested_branch_dag.py took 0.198 seconds
[2022-05-12 20:00:59,510] {processor.py:163} INFO - Started process (PID=46249) to work on /home/airflow/.local/lib/python3.7/site-packages/airflow/example_dags/example_nested_branch_dag.py
[2022-05-12 20:00:59,512] {processor.py:642} INFO - Processing file /home/airflow/.local/lib/python3.7/site-packages/airflow/example_dags/example_nested_branch_dag.py for tasks to queue
[2022-05-12 20:00:59,514] {logging_mixin.py:109} INFO - [2022-05-12 20:00:59,514] {dagbag.py:500} INFO - Filling up the DagBag from /home/airflow/.local/lib/python3.7/site-packages/airflow/example_dags/example_nested_branch_dag.py
[2022-05-12 20:00:59,526] {processor.py:652} INFO - DAG(s) dict_keys(['example_nested_branch_dag']) retrieved from /home/airflow/.local/lib/python3.7/site-packages/airflow/example_dags/example_nested_branch_dag.py
[2022-05-12 20:00:59,548] {logging_mixin.py:109} INFO - [2022-05-12 20:00:59,548] {dag.py:2398} INFO - Sync 1 DAGs
[2022-05-12 20:00:59,564] {logging_mixin.py:109} INFO - [2022-05-12 20:00:59,564] {dag.py:2937} INFO - Setting next_dagrun for example_nested_branch_dag to 2022-05-11 00:00:00+00:00
[2022-05-12 20:00:59,573] {processor.py:171} INFO - Processing /home/airflow/.local/lib/python3.7/site-packages/airflow/example_dags/example_nested_branch_dag.py took 0.067 seconds
