[2022-05-12 12:00:12,335] {processor.py:163} INFO - Started process (PID=46053) to work on /home/airflow/.local/lib/python3.7/site-packages/airflow/example_dags/example_kubernetes_executor.py
[2022-05-12 12:00:12,365] {processor.py:642} INFO - Processing file /home/airflow/.local/lib/python3.7/site-packages/airflow/example_dags/example_kubernetes_executor.py for tasks to queue
[2022-05-12 12:00:12,366] {logging_mixin.py:109} INFO - [2022-05-12 12:00:12,366] {dagbag.py:500} INFO - Filling up the DagBag from /home/airflow/.local/lib/python3.7/site-packages/airflow/example_dags/example_kubernetes_executor.py
[2022-05-12 12:00:12,395] {processor.py:652} INFO - DAG(s) dict_keys(['example_kubernetes_executor']) retrieved from /home/airflow/.local/lib/python3.7/site-packages/airflow/example_dags/example_kubernetes_executor.py
[2022-05-12 12:00:12,434] {logging_mixin.py:109} INFO - [2022-05-12 12:00:12,434] {dag.py:2398} INFO - Sync 1 DAGs
[2022-05-12 12:00:12,453] {logging_mixin.py:109} INFO - [2022-05-12 12:00:12,453] {dag.py:2937} INFO - Setting next_dagrun for example_kubernetes_executor to None
[2022-05-12 12:00:12,465] {processor.py:171} INFO - Processing /home/airflow/.local/lib/python3.7/site-packages/airflow/example_dags/example_kubernetes_executor.py took 0.134 seconds
[2022-05-12 12:00:42,839] {processor.py:163} INFO - Started process (PID=46116) to work on /home/airflow/.local/lib/python3.7/site-packages/airflow/example_dags/example_kubernetes_executor.py
[2022-05-12 12:00:42,841] {processor.py:642} INFO - Processing file /home/airflow/.local/lib/python3.7/site-packages/airflow/example_dags/example_kubernetes_executor.py for tasks to queue
[2022-05-12 12:00:42,843] {logging_mixin.py:109} INFO - [2022-05-12 12:00:42,842] {dagbag.py:500} INFO - Filling up the DagBag from /home/airflow/.local/lib/python3.7/site-packages/airflow/example_dags/example_kubernetes_executor.py
[2022-05-12 12:00:42,859] {processor.py:652} INFO - DAG(s) dict_keys(['example_kubernetes_executor']) retrieved from /home/airflow/.local/lib/python3.7/site-packages/airflow/example_dags/example_kubernetes_executor.py
[2022-05-12 12:00:42,889] {logging_mixin.py:109} INFO - [2022-05-12 12:00:42,889] {dag.py:2398} INFO - Sync 1 DAGs
[2022-05-12 12:00:42,907] {logging_mixin.py:109} INFO - [2022-05-12 12:00:42,907] {dag.py:2937} INFO - Setting next_dagrun for example_kubernetes_executor to None
[2022-05-12 12:00:42,918] {processor.py:171} INFO - Processing /home/airflow/.local/lib/python3.7/site-packages/airflow/example_dags/example_kubernetes_executor.py took 0.084 seconds
[2022-05-12 20:00:23,084] {processor.py:163} INFO - Started process (PID=46159) to work on /home/airflow/.local/lib/python3.7/site-packages/airflow/example_dags/example_kubernetes_executor.py
[2022-05-12 20:00:23,099] {processor.py:642} INFO - Processing file /home/airflow/.local/lib/python3.7/site-packages/airflow/example_dags/example_kubernetes_executor.py for tasks to queue
[2022-05-12 20:00:23,102] {logging_mixin.py:109} INFO - [2022-05-12 20:00:23,102] {dagbag.py:500} INFO - Filling up the DagBag from /home/airflow/.local/lib/python3.7/site-packages/airflow/example_dags/example_kubernetes_executor.py
[2022-05-12 20:00:23,138] {processor.py:652} INFO - DAG(s) dict_keys(['example_kubernetes_executor']) retrieved from /home/airflow/.local/lib/python3.7/site-packages/airflow/example_dags/example_kubernetes_executor.py
[2022-05-12 20:00:23,201] {logging_mixin.py:109} INFO - [2022-05-12 20:00:23,201] {dag.py:2398} INFO - Sync 1 DAGs
[2022-05-12 20:00:23,244] {logging_mixin.py:109} INFO - [2022-05-12 20:00:23,244] {dag.py:2937} INFO - Setting next_dagrun for example_kubernetes_executor to None
[2022-05-12 20:00:23,347] {processor.py:171} INFO - Processing /home/airflow/.local/lib/python3.7/site-packages/airflow/example_dags/example_kubernetes_executor.py took 0.269 seconds
[2022-05-12 20:00:53,903] {processor.py:163} INFO - Started process (PID=46223) to work on /home/airflow/.local/lib/python3.7/site-packages/airflow/example_dags/example_kubernetes_executor.py
[2022-05-12 20:00:53,905] {processor.py:642} INFO - Processing file /home/airflow/.local/lib/python3.7/site-packages/airflow/example_dags/example_kubernetes_executor.py for tasks to queue
[2022-05-12 20:00:53,907] {logging_mixin.py:109} INFO - [2022-05-12 20:00:53,907] {dagbag.py:500} INFO - Filling up the DagBag from /home/airflow/.local/lib/python3.7/site-packages/airflow/example_dags/example_kubernetes_executor.py
[2022-05-12 20:00:53,923] {processor.py:652} INFO - DAG(s) dict_keys(['example_kubernetes_executor']) retrieved from /home/airflow/.local/lib/python3.7/site-packages/airflow/example_dags/example_kubernetes_executor.py
[2022-05-12 20:00:53,949] {logging_mixin.py:109} INFO - [2022-05-12 20:00:53,949] {dag.py:2398} INFO - Sync 1 DAGs
[2022-05-12 20:00:53,966] {logging_mixin.py:109} INFO - [2022-05-12 20:00:53,966] {dag.py:2937} INFO - Setting next_dagrun for example_kubernetes_executor to None
[2022-05-12 20:00:53,977] {processor.py:171} INFO - Processing /home/airflow/.local/lib/python3.7/site-packages/airflow/example_dags/example_kubernetes_executor.py took 0.078 seconds
