[2022-05-12 12:00:14,601] {processor.py:163} INFO - Started process (PID=46066) to work on /home/airflow/.local/lib/python3.7/site-packages/airflow/example_dags/example_external_task_marker_dag.py
[2022-05-12 12:00:14,604] {processor.py:642} INFO - Processing file /home/airflow/.local/lib/python3.7/site-packages/airflow/example_dags/example_external_task_marker_dag.py for tasks to queue
[2022-05-12 12:00:14,608] {logging_mixin.py:109} INFO - [2022-05-12 12:00:14,608] {dagbag.py:500} INFO - Filling up the DagBag from /home/airflow/.local/lib/python3.7/site-packages/airflow/example_dags/example_external_task_marker_dag.py
[2022-05-12 12:00:14,639] {processor.py:652} INFO - DAG(s) dict_keys(['example_external_task_marker_parent', 'example_external_task_marker_child']) retrieved from /home/airflow/.local/lib/python3.7/site-packages/airflow/example_dags/example_external_task_marker_dag.py
[2022-05-12 12:00:14,693] {logging_mixin.py:109} INFO - [2022-05-12 12:00:14,693] {dag.py:2398} INFO - Sync 2 DAGs
[2022-05-12 12:00:14,719] {logging_mixin.py:109} INFO - [2022-05-12 12:00:14,719] {dag.py:2937} INFO - Setting next_dagrun for example_external_task_marker_child to None
[2022-05-12 12:00:14,721] {logging_mixin.py:109} INFO - [2022-05-12 12:00:14,721] {dag.py:2937} INFO - Setting next_dagrun for example_external_task_marker_parent to None
[2022-05-12 12:00:14,739] {processor.py:171} INFO - Processing /home/airflow/.local/lib/python3.7/site-packages/airflow/example_dags/example_external_task_marker_dag.py took 0.143 seconds
[2022-05-12 12:00:45,238] {processor.py:163} INFO - Started process (PID=46129) to work on /home/airflow/.local/lib/python3.7/site-packages/airflow/example_dags/example_external_task_marker_dag.py
[2022-05-12 12:00:45,240] {processor.py:642} INFO - Processing file /home/airflow/.local/lib/python3.7/site-packages/airflow/example_dags/example_external_task_marker_dag.py for tasks to queue
[2022-05-12 12:00:45,242] {logging_mixin.py:109} INFO - [2022-05-12 12:00:45,242] {dagbag.py:500} INFO - Filling up the DagBag from /home/airflow/.local/lib/python3.7/site-packages/airflow/example_dags/example_external_task_marker_dag.py
[2022-05-12 12:00:45,252] {processor.py:652} INFO - DAG(s) dict_keys(['example_external_task_marker_parent', 'example_external_task_marker_child']) retrieved from /home/airflow/.local/lib/python3.7/site-packages/airflow/example_dags/example_external_task_marker_dag.py
[2022-05-12 12:00:45,284] {logging_mixin.py:109} INFO - [2022-05-12 12:00:45,284] {dag.py:2398} INFO - Sync 2 DAGs
[2022-05-12 12:00:45,302] {logging_mixin.py:109} INFO - [2022-05-12 12:00:45,302] {dag.py:2937} INFO - Setting next_dagrun for example_external_task_marker_child to None
[2022-05-12 12:00:45,303] {logging_mixin.py:109} INFO - [2022-05-12 12:00:45,303] {dag.py:2937} INFO - Setting next_dagrun for example_external_task_marker_parent to None
[2022-05-12 12:00:45,312] {processor.py:171} INFO - Processing /home/airflow/.local/lib/python3.7/site-packages/airflow/example_dags/example_external_task_marker_dag.py took 0.078 seconds
[2022-05-12 20:00:26,589] {processor.py:163} INFO - Started process (PID=46184) to work on /home/airflow/.local/lib/python3.7/site-packages/airflow/example_dags/example_external_task_marker_dag.py
[2022-05-12 20:00:26,603] {processor.py:642} INFO - Processing file /home/airflow/.local/lib/python3.7/site-packages/airflow/example_dags/example_external_task_marker_dag.py for tasks to queue
[2022-05-12 20:00:26,605] {logging_mixin.py:109} INFO - [2022-05-12 20:00:26,605] {dagbag.py:500} INFO - Filling up the DagBag from /home/airflow/.local/lib/python3.7/site-packages/airflow/example_dags/example_external_task_marker_dag.py
[2022-05-12 20:00:26,631] {processor.py:652} INFO - DAG(s) dict_keys(['example_external_task_marker_parent', 'example_external_task_marker_child']) retrieved from /home/airflow/.local/lib/python3.7/site-packages/airflow/example_dags/example_external_task_marker_dag.py
[2022-05-12 20:00:26,699] {logging_mixin.py:109} INFO - [2022-05-12 20:00:26,699] {dag.py:2398} INFO - Sync 2 DAGs
[2022-05-12 20:00:26,747] {logging_mixin.py:109} INFO - [2022-05-12 20:00:26,747] {dag.py:2937} INFO - Setting next_dagrun for example_external_task_marker_child to None
[2022-05-12 20:00:26,750] {logging_mixin.py:109} INFO - [2022-05-12 20:00:26,750] {dag.py:2937} INFO - Setting next_dagrun for example_external_task_marker_parent to None
[2022-05-12 20:00:26,786] {processor.py:171} INFO - Processing /home/airflow/.local/lib/python3.7/site-packages/airflow/example_dags/example_external_task_marker_dag.py took 0.203 seconds
[2022-05-12 20:00:57,484] {processor.py:163} INFO - Started process (PID=46236) to work on /home/airflow/.local/lib/python3.7/site-packages/airflow/example_dags/example_external_task_marker_dag.py
[2022-05-12 20:00:57,485] {processor.py:642} INFO - Processing file /home/airflow/.local/lib/python3.7/site-packages/airflow/example_dags/example_external_task_marker_dag.py for tasks to queue
[2022-05-12 20:00:57,487] {logging_mixin.py:109} INFO - [2022-05-12 20:00:57,487] {dagbag.py:500} INFO - Filling up the DagBag from /home/airflow/.local/lib/python3.7/site-packages/airflow/example_dags/example_external_task_marker_dag.py
[2022-05-12 20:00:57,495] {processor.py:652} INFO - DAG(s) dict_keys(['example_external_task_marker_parent', 'example_external_task_marker_child']) retrieved from /home/airflow/.local/lib/python3.7/site-packages/airflow/example_dags/example_external_task_marker_dag.py
[2022-05-12 20:00:57,526] {logging_mixin.py:109} INFO - [2022-05-12 20:00:57,526] {dag.py:2398} INFO - Sync 2 DAGs
[2022-05-12 20:00:57,548] {logging_mixin.py:109} INFO - [2022-05-12 20:00:57,548] {dag.py:2937} INFO - Setting next_dagrun for example_external_task_marker_child to None
[2022-05-12 20:00:57,549] {logging_mixin.py:109} INFO - [2022-05-12 20:00:57,549] {dag.py:2937} INFO - Setting next_dagrun for example_external_task_marker_parent to None
[2022-05-12 20:00:57,563] {processor.py:171} INFO - Processing /home/airflow/.local/lib/python3.7/site-packages/airflow/example_dags/example_external_task_marker_dag.py took 0.084 seconds
