[2022-05-12 12:00:14,038] {processor.py:163} INFO - Started process (PID=46061) to work on /home/airflow/.local/lib/python3.7/site-packages/airflow/example_dags/example_bash_operator.py
[2022-05-12 12:00:14,043] {processor.py:642} INFO - Processing file /home/airflow/.local/lib/python3.7/site-packages/airflow/example_dags/example_bash_operator.py for tasks to queue
[2022-05-12 12:00:14,051] {logging_mixin.py:109} INFO - [2022-05-12 12:00:14,050] {dagbag.py:500} INFO - Filling up the DagBag from /home/airflow/.local/lib/python3.7/site-packages/airflow/example_dags/example_bash_operator.py
[2022-05-12 12:00:14,082] {processor.py:652} INFO - DAG(s) dict_keys(['example_bash_operator']) retrieved from /home/airflow/.local/lib/python3.7/site-packages/airflow/example_dags/example_bash_operator.py
[2022-05-12 12:00:14,131] {logging_mixin.py:109} INFO - [2022-05-12 12:00:14,131] {dag.py:2398} INFO - Sync 1 DAGs
[2022-05-12 12:00:14,170] {logging_mixin.py:109} INFO - [2022-05-12 12:00:14,170] {dag.py:2937} INFO - Setting next_dagrun for example_bash_operator to 2022-05-11 00:00:00+00:00
[2022-05-12 12:00:14,224] {processor.py:171} INFO - Processing /home/airflow/.local/lib/python3.7/site-packages/airflow/example_dags/example_bash_operator.py took 0.197 seconds
[2022-05-12 12:00:45,041] {processor.py:163} INFO - Started process (PID=46125) to work on /home/airflow/.local/lib/python3.7/site-packages/airflow/example_dags/example_bash_operator.py
[2022-05-12 12:00:45,043] {processor.py:642} INFO - Processing file /home/airflow/.local/lib/python3.7/site-packages/airflow/example_dags/example_bash_operator.py for tasks to queue
[2022-05-12 12:00:45,044] {logging_mixin.py:109} INFO - [2022-05-12 12:00:45,044] {dagbag.py:500} INFO - Filling up the DagBag from /home/airflow/.local/lib/python3.7/site-packages/airflow/example_dags/example_bash_operator.py
[2022-05-12 12:00:45,056] {processor.py:652} INFO - DAG(s) dict_keys(['example_bash_operator']) retrieved from /home/airflow/.local/lib/python3.7/site-packages/airflow/example_dags/example_bash_operator.py
[2022-05-12 12:00:45,081] {logging_mixin.py:109} INFO - [2022-05-12 12:00:45,080] {dag.py:2398} INFO - Sync 1 DAGs
[2022-05-12 12:00:45,100] {logging_mixin.py:109} INFO - [2022-05-12 12:00:45,100] {dag.py:2937} INFO - Setting next_dagrun for example_bash_operator to 2022-05-11 00:00:00+00:00
[2022-05-12 12:00:45,110] {processor.py:171} INFO - Processing /home/airflow/.local/lib/python3.7/site-packages/airflow/example_dags/example_bash_operator.py took 0.074 seconds
[2022-05-12 20:00:25,953] {processor.py:163} INFO - Started process (PID=46179) to work on /home/airflow/.local/lib/python3.7/site-packages/airflow/example_dags/example_bash_operator.py
[2022-05-12 20:00:25,956] {processor.py:642} INFO - Processing file /home/airflow/.local/lib/python3.7/site-packages/airflow/example_dags/example_bash_operator.py for tasks to queue
[2022-05-12 20:00:25,959] {logging_mixin.py:109} INFO - [2022-05-12 20:00:25,958] {dagbag.py:500} INFO - Filling up the DagBag from /home/airflow/.local/lib/python3.7/site-packages/airflow/example_dags/example_bash_operator.py
[2022-05-12 20:00:25,991] {processor.py:652} INFO - DAG(s) dict_keys(['example_bash_operator']) retrieved from /home/airflow/.local/lib/python3.7/site-packages/airflow/example_dags/example_bash_operator.py
[2022-05-12 20:00:26,108] {logging_mixin.py:109} INFO - [2022-05-12 20:00:26,108] {dag.py:2398} INFO - Sync 1 DAGs
[2022-05-12 20:00:26,205] {logging_mixin.py:109} INFO - [2022-05-12 20:00:26,205] {dag.py:2937} INFO - Setting next_dagrun for example_bash_operator to 2022-05-11 00:00:00+00:00
[2022-05-12 20:00:26,241] {processor.py:171} INFO - Processing /home/airflow/.local/lib/python3.7/site-packages/airflow/example_dags/example_bash_operator.py took 0.294 seconds
[2022-05-12 20:00:56,371] {processor.py:163} INFO - Started process (PID=46232) to work on /home/airflow/.local/lib/python3.7/site-packages/airflow/example_dags/example_bash_operator.py
[2022-05-12 20:00:56,372] {processor.py:642} INFO - Processing file /home/airflow/.local/lib/python3.7/site-packages/airflow/example_dags/example_bash_operator.py for tasks to queue
[2022-05-12 20:00:56,374] {logging_mixin.py:109} INFO - [2022-05-12 20:00:56,374] {dagbag.py:500} INFO - Filling up the DagBag from /home/airflow/.local/lib/python3.7/site-packages/airflow/example_dags/example_bash_operator.py
[2022-05-12 20:00:56,387] {processor.py:652} INFO - DAG(s) dict_keys(['example_bash_operator']) retrieved from /home/airflow/.local/lib/python3.7/site-packages/airflow/example_dags/example_bash_operator.py
[2022-05-12 20:00:56,411] {logging_mixin.py:109} INFO - [2022-05-12 20:00:56,411] {dag.py:2398} INFO - Sync 1 DAGs
[2022-05-12 20:00:56,430] {logging_mixin.py:109} INFO - [2022-05-12 20:00:56,430] {dag.py:2937} INFO - Setting next_dagrun for example_bash_operator to 2022-05-11 00:00:00+00:00
[2022-05-12 20:00:56,440] {processor.py:171} INFO - Processing /home/airflow/.local/lib/python3.7/site-packages/airflow/example_dags/example_bash_operator.py took 0.074 seconds
