[2022-05-12 12:00:15,159] {processor.py:163} INFO - Started process (PID=46069) to work on /home/airflow/.local/lib/python3.7/site-packages/airflow/example_dags/example_branch_labels.py
[2022-05-12 12:00:15,164] {processor.py:642} INFO - Processing file /home/airflow/.local/lib/python3.7/site-packages/airflow/example_dags/example_branch_labels.py for tasks to queue
[2022-05-12 12:00:15,166] {logging_mixin.py:109} INFO - [2022-05-12 12:00:15,166] {dagbag.py:500} INFO - Filling up the DagBag from /home/airflow/.local/lib/python3.7/site-packages/airflow/example_dags/example_branch_labels.py
[2022-05-12 12:00:15,185] {processor.py:652} INFO - DAG(s) dict_keys(['example_branch_labels']) retrieved from /home/airflow/.local/lib/python3.7/site-packages/airflow/example_dags/example_branch_labels.py
[2022-05-12 12:00:15,230] {logging_mixin.py:109} INFO - [2022-05-12 12:00:15,230] {dag.py:2398} INFO - Sync 1 DAGs
[2022-05-12 12:00:15,266] {logging_mixin.py:109} INFO - [2022-05-12 12:00:15,266] {dag.py:2937} INFO - Setting next_dagrun for example_branch_labels to 2022-05-11 00:00:00+00:00
[2022-05-12 12:00:15,289] {processor.py:171} INFO - Processing /home/airflow/.local/lib/python3.7/site-packages/airflow/example_dags/example_branch_labels.py took 0.148 seconds
[2022-05-12 12:00:45,432] {processor.py:163} INFO - Started process (PID=46133) to work on /home/airflow/.local/lib/python3.7/site-packages/airflow/example_dags/example_branch_labels.py
[2022-05-12 12:00:45,434] {processor.py:642} INFO - Processing file /home/airflow/.local/lib/python3.7/site-packages/airflow/example_dags/example_branch_labels.py for tasks to queue
[2022-05-12 12:00:45,435] {logging_mixin.py:109} INFO - [2022-05-12 12:00:45,435] {dagbag.py:500} INFO - Filling up the DagBag from /home/airflow/.local/lib/python3.7/site-packages/airflow/example_dags/example_branch_labels.py
[2022-05-12 12:00:45,443] {processor.py:652} INFO - DAG(s) dict_keys(['example_branch_labels']) retrieved from /home/airflow/.local/lib/python3.7/site-packages/airflow/example_dags/example_branch_labels.py
[2022-05-12 12:00:45,465] {logging_mixin.py:109} INFO - [2022-05-12 12:00:45,465] {dag.py:2398} INFO - Sync 1 DAGs
[2022-05-12 12:00:45,484] {logging_mixin.py:109} INFO - [2022-05-12 12:00:45,484] {dag.py:2937} INFO - Setting next_dagrun for example_branch_labels to 2022-05-11 00:00:00+00:00
[2022-05-12 12:00:45,494] {processor.py:171} INFO - Processing /home/airflow/.local/lib/python3.7/site-packages/airflow/example_dags/example_branch_labels.py took 0.066 seconds
[2022-05-12 20:00:27,470] {processor.py:163} INFO - Started process (PID=46187) to work on /home/airflow/.local/lib/python3.7/site-packages/airflow/example_dags/example_branch_labels.py
[2022-05-12 20:00:27,474] {processor.py:642} INFO - Processing file /home/airflow/.local/lib/python3.7/site-packages/airflow/example_dags/example_branch_labels.py for tasks to queue
[2022-05-12 20:00:27,476] {logging_mixin.py:109} INFO - [2022-05-12 20:00:27,476] {dagbag.py:500} INFO - Filling up the DagBag from /home/airflow/.local/lib/python3.7/site-packages/airflow/example_dags/example_branch_labels.py
[2022-05-12 20:00:27,499] {processor.py:652} INFO - DAG(s) dict_keys(['example_branch_labels']) retrieved from /home/airflow/.local/lib/python3.7/site-packages/airflow/example_dags/example_branch_labels.py
[2022-05-12 20:00:27,564] {logging_mixin.py:109} INFO - [2022-05-12 20:00:27,564] {dag.py:2398} INFO - Sync 1 DAGs
[2022-05-12 20:00:27,624] {logging_mixin.py:109} INFO - [2022-05-12 20:00:27,623] {dag.py:2937} INFO - Setting next_dagrun for example_branch_labels to 2022-05-11 00:00:00+00:00
[2022-05-12 20:00:27,646] {processor.py:171} INFO - Processing /home/airflow/.local/lib/python3.7/site-packages/airflow/example_dags/example_branch_labels.py took 0.184 seconds
[2022-05-12 20:00:57,689] {processor.py:163} INFO - Started process (PID=46240) to work on /home/airflow/.local/lib/python3.7/site-packages/airflow/example_dags/example_branch_labels.py
[2022-05-12 20:00:57,691] {processor.py:642} INFO - Processing file /home/airflow/.local/lib/python3.7/site-packages/airflow/example_dags/example_branch_labels.py for tasks to queue
[2022-05-12 20:00:57,693] {logging_mixin.py:109} INFO - [2022-05-12 20:00:57,693] {dagbag.py:500} INFO - Filling up the DagBag from /home/airflow/.local/lib/python3.7/site-packages/airflow/example_dags/example_branch_labels.py
[2022-05-12 20:00:57,701] {processor.py:652} INFO - DAG(s) dict_keys(['example_branch_labels']) retrieved from /home/airflow/.local/lib/python3.7/site-packages/airflow/example_dags/example_branch_labels.py
[2022-05-12 20:00:57,727] {logging_mixin.py:109} INFO - [2022-05-12 20:00:57,727] {dag.py:2398} INFO - Sync 1 DAGs
[2022-05-12 20:00:57,746] {logging_mixin.py:109} INFO - [2022-05-12 20:00:57,746] {dag.py:2937} INFO - Setting next_dagrun for example_branch_labels to 2022-05-11 00:00:00+00:00
[2022-05-12 20:00:57,757] {processor.py:171} INFO - Processing /home/airflow/.local/lib/python3.7/site-packages/airflow/example_dags/example_branch_labels.py took 0.071 seconds
