[2022-05-12 12:00:12,518] {processor.py:163} INFO - Started process (PID=46054) to work on /home/airflow/.local/lib/python3.7/site-packages/airflow/example_dags/example_dag_decorator.py
[2022-05-12 12:00:12,522] {processor.py:642} INFO - Processing file /home/airflow/.local/lib/python3.7/site-packages/airflow/example_dags/example_dag_decorator.py for tasks to queue
[2022-05-12 12:00:12,523] {logging_mixin.py:109} INFO - [2022-05-12 12:00:12,523] {dagbag.py:500} INFO - Filling up the DagBag from /home/airflow/.local/lib/python3.7/site-packages/airflow/example_dags/example_dag_decorator.py
[2022-05-12 12:00:12,546] {processor.py:652} INFO - DAG(s) dict_keys(['example_dag_decorator']) retrieved from /home/airflow/.local/lib/python3.7/site-packages/airflow/example_dags/example_dag_decorator.py
[2022-05-12 12:00:12,873] {logging_mixin.py:109} INFO - [2022-05-12 12:00:12,873] {dag.py:2398} INFO - Sync 1 DAGs
[2022-05-12 12:00:12,893] {logging_mixin.py:109} INFO - [2022-05-12 12:00:12,893] {dag.py:2937} INFO - Setting next_dagrun for example_dag_decorator to None
[2022-05-12 12:00:12,924] {processor.py:171} INFO - Processing /home/airflow/.local/lib/python3.7/site-packages/airflow/example_dags/example_dag_decorator.py took 0.411 seconds
[2022-05-12 12:00:43,317] {processor.py:163} INFO - Started process (PID=46118) to work on /home/airflow/.local/lib/python3.7/site-packages/airflow/example_dags/example_dag_decorator.py
[2022-05-12 12:00:43,320] {processor.py:642} INFO - Processing file /home/airflow/.local/lib/python3.7/site-packages/airflow/example_dags/example_dag_decorator.py for tasks to queue
[2022-05-12 12:00:43,322] {logging_mixin.py:109} INFO - [2022-05-12 12:00:43,321] {dagbag.py:500} INFO - Filling up the DagBag from /home/airflow/.local/lib/python3.7/site-packages/airflow/example_dags/example_dag_decorator.py
[2022-05-12 12:00:43,345] {processor.py:652} INFO - DAG(s) dict_keys(['example_dag_decorator']) retrieved from /home/airflow/.local/lib/python3.7/site-packages/airflow/example_dags/example_dag_decorator.py
[2022-05-12 12:00:43,655] {logging_mixin.py:109} INFO - [2022-05-12 12:00:43,655] {dag.py:2398} INFO - Sync 1 DAGs
[2022-05-12 12:00:43,670] {logging_mixin.py:109} INFO - [2022-05-12 12:00:43,669] {dag.py:2937} INFO - Setting next_dagrun for example_dag_decorator to None
[2022-05-12 12:00:43,686] {processor.py:171} INFO - Processing /home/airflow/.local/lib/python3.7/site-packages/airflow/example_dags/example_dag_decorator.py took 0.374 seconds
[2022-05-12 20:00:23,560] {processor.py:163} INFO - Started process (PID=46160) to work on /home/airflow/.local/lib/python3.7/site-packages/airflow/example_dags/example_dag_decorator.py
[2022-05-12 20:00:23,577] {processor.py:642} INFO - Processing file /home/airflow/.local/lib/python3.7/site-packages/airflow/example_dags/example_dag_decorator.py for tasks to queue
[2022-05-12 20:00:23,583] {logging_mixin.py:109} INFO - [2022-05-12 20:00:23,583] {dagbag.py:500} INFO - Filling up the DagBag from /home/airflow/.local/lib/python3.7/site-packages/airflow/example_dags/example_dag_decorator.py
[2022-05-12 20:00:23,613] {processor.py:652} INFO - DAG(s) dict_keys(['example_dag_decorator']) retrieved from /home/airflow/.local/lib/python3.7/site-packages/airflow/example_dags/example_dag_decorator.py
[2022-05-12 20:00:24,298] {logging_mixin.py:109} INFO - [2022-05-12 20:00:24,298] {dag.py:2398} INFO - Sync 1 DAGs
[2022-05-12 20:00:24,335] {logging_mixin.py:109} INFO - [2022-05-12 20:00:24,334] {dag.py:2937} INFO - Setting next_dagrun for example_dag_decorator to None
[2022-05-12 20:00:24,382] {processor.py:171} INFO - Processing /home/airflow/.local/lib/python3.7/site-packages/airflow/example_dags/example_dag_decorator.py took 0.830 seconds
[2022-05-12 20:00:55,008] {processor.py:163} INFO - Started process (PID=46225) to work on /home/airflow/.local/lib/python3.7/site-packages/airflow/example_dags/example_dag_decorator.py
[2022-05-12 20:00:55,009] {processor.py:642} INFO - Processing file /home/airflow/.local/lib/python3.7/site-packages/airflow/example_dags/example_dag_decorator.py for tasks to queue
[2022-05-12 20:00:55,011] {logging_mixin.py:109} INFO - [2022-05-12 20:00:55,011] {dagbag.py:500} INFO - Filling up the DagBag from /home/airflow/.local/lib/python3.7/site-packages/airflow/example_dags/example_dag_decorator.py
[2022-05-12 20:00:55,028] {processor.py:652} INFO - DAG(s) dict_keys(['example_dag_decorator']) retrieved from /home/airflow/.local/lib/python3.7/site-packages/airflow/example_dags/example_dag_decorator.py
[2022-05-12 20:00:55,314] {logging_mixin.py:109} INFO - [2022-05-12 20:00:55,314] {dag.py:2398} INFO - Sync 1 DAGs
[2022-05-12 20:00:55,327] {logging_mixin.py:109} INFO - [2022-05-12 20:00:55,327] {dag.py:2937} INFO - Setting next_dagrun for example_dag_decorator to None
[2022-05-12 20:00:55,339] {processor.py:171} INFO - Processing /home/airflow/.local/lib/python3.7/site-packages/airflow/example_dags/example_dag_decorator.py took 0.335 seconds
