[2022-05-12 12:00:15,397] {processor.py:163} INFO - Started process (PID=46072) to work on /home/airflow/.local/lib/python3.7/site-packages/airflow/example_dags/example_branch_datetime_operator.py
[2022-05-12 12:00:15,399] {processor.py:642} INFO - Processing file /home/airflow/.local/lib/python3.7/site-packages/airflow/example_dags/example_branch_datetime_operator.py for tasks to queue
[2022-05-12 12:00:15,401] {logging_mixin.py:109} INFO - [2022-05-12 12:00:15,401] {dagbag.py:500} INFO - Filling up the DagBag from /home/airflow/.local/lib/python3.7/site-packages/airflow/example_dags/example_branch_datetime_operator.py
[2022-05-12 12:00:15,418] {processor.py:652} INFO - DAG(s) dict_keys(['example_branch_datetime_operator_2']) retrieved from /home/airflow/.local/lib/python3.7/site-packages/airflow/example_dags/example_branch_datetime_operator.py
[2022-05-12 12:00:15,450] {logging_mixin.py:109} INFO - [2022-05-12 12:00:15,450] {dag.py:2398} INFO - Sync 1 DAGs
[2022-05-12 12:00:15,477] {logging_mixin.py:109} INFO - [2022-05-12 12:00:15,477] {dag.py:2937} INFO - Setting next_dagrun for example_branch_datetime_operator_2 to 2022-05-11 00:00:00+00:00
[2022-05-12 12:00:15,498] {processor.py:171} INFO - Processing /home/airflow/.local/lib/python3.7/site-packages/airflow/example_dags/example_branch_datetime_operator.py took 0.105 seconds
[2022-05-12 12:00:45,638] {processor.py:163} INFO - Started process (PID=46135) to work on /home/airflow/.local/lib/python3.7/site-packages/airflow/example_dags/example_branch_datetime_operator.py
[2022-05-12 12:00:45,640] {processor.py:642} INFO - Processing file /home/airflow/.local/lib/python3.7/site-packages/airflow/example_dags/example_branch_datetime_operator.py for tasks to queue
[2022-05-12 12:00:45,642] {logging_mixin.py:109} INFO - [2022-05-12 12:00:45,642] {dagbag.py:500} INFO - Filling up the DagBag from /home/airflow/.local/lib/python3.7/site-packages/airflow/example_dags/example_branch_datetime_operator.py
[2022-05-12 12:00:45,661] {processor.py:652} INFO - DAG(s) dict_keys(['example_branch_datetime_operator_2']) retrieved from /home/airflow/.local/lib/python3.7/site-packages/airflow/example_dags/example_branch_datetime_operator.py
[2022-05-12 12:00:45,684] {logging_mixin.py:109} INFO - [2022-05-12 12:00:45,684] {dag.py:2398} INFO - Sync 1 DAGs
[2022-05-12 12:00:45,706] {logging_mixin.py:109} INFO - [2022-05-12 12:00:45,705] {dag.py:2937} INFO - Setting next_dagrun for example_branch_datetime_operator_2 to 2022-05-11 00:00:00+00:00
[2022-05-12 12:00:45,718] {processor.py:171} INFO - Processing /home/airflow/.local/lib/python3.7/site-packages/airflow/example_dags/example_branch_datetime_operator.py took 0.083 seconds
[2022-05-12 20:00:27,747] {processor.py:163} INFO - Started process (PID=46190) to work on /home/airflow/.local/lib/python3.7/site-packages/airflow/example_dags/example_branch_datetime_operator.py
[2022-05-12 20:00:27,753] {processor.py:642} INFO - Processing file /home/airflow/.local/lib/python3.7/site-packages/airflow/example_dags/example_branch_datetime_operator.py for tasks to queue
[2022-05-12 20:00:27,755] {logging_mixin.py:109} INFO - [2022-05-12 20:00:27,755] {dagbag.py:500} INFO - Filling up the DagBag from /home/airflow/.local/lib/python3.7/site-packages/airflow/example_dags/example_branch_datetime_operator.py
[2022-05-12 20:00:27,778] {processor.py:652} INFO - DAG(s) dict_keys(['example_branch_datetime_operator_2']) retrieved from /home/airflow/.local/lib/python3.7/site-packages/airflow/example_dags/example_branch_datetime_operator.py
[2022-05-12 20:00:27,849] {logging_mixin.py:109} INFO - [2022-05-12 20:00:27,849] {dag.py:2398} INFO - Sync 1 DAGs
[2022-05-12 20:00:27,906] {logging_mixin.py:109} INFO - [2022-05-12 20:00:27,906] {dag.py:2937} INFO - Setting next_dagrun for example_branch_datetime_operator_2 to 2022-05-11 00:00:00+00:00
[2022-05-12 20:00:27,934] {processor.py:171} INFO - Processing /home/airflow/.local/lib/python3.7/site-packages/airflow/example_dags/example_branch_datetime_operator.py took 0.194 seconds
[2022-05-12 20:00:58,037] {processor.py:163} INFO - Started process (PID=46242) to work on /home/airflow/.local/lib/python3.7/site-packages/airflow/example_dags/example_branch_datetime_operator.py
[2022-05-12 20:00:58,040] {processor.py:642} INFO - Processing file /home/airflow/.local/lib/python3.7/site-packages/airflow/example_dags/example_branch_datetime_operator.py for tasks to queue
[2022-05-12 20:00:58,041] {logging_mixin.py:109} INFO - [2022-05-12 20:00:58,041] {dagbag.py:500} INFO - Filling up the DagBag from /home/airflow/.local/lib/python3.7/site-packages/airflow/example_dags/example_branch_datetime_operator.py
[2022-05-12 20:00:58,050] {processor.py:652} INFO - DAG(s) dict_keys(['example_branch_datetime_operator_2']) retrieved from /home/airflow/.local/lib/python3.7/site-packages/airflow/example_dags/example_branch_datetime_operator.py
[2022-05-12 20:00:58,072] {logging_mixin.py:109} INFO - [2022-05-12 20:00:58,071] {dag.py:2398} INFO - Sync 1 DAGs
[2022-05-12 20:00:58,090] {logging_mixin.py:109} INFO - [2022-05-12 20:00:58,089] {dag.py:2937} INFO - Setting next_dagrun for example_branch_datetime_operator_2 to 2022-05-11 00:00:00+00:00
[2022-05-12 20:00:58,100] {processor.py:171} INFO - Processing /home/airflow/.local/lib/python3.7/site-packages/airflow/example_dags/example_branch_datetime_operator.py took 0.066 seconds
