[2022-05-12 12:00:14,410] {processor.py:163} INFO - Started process (PID=46064) to work on /home/airflow/.local/lib/python3.7/site-packages/airflow/example_dags/example_complex.py
[2022-05-12 12:00:14,413] {processor.py:642} INFO - Processing file /home/airflow/.local/lib/python3.7/site-packages/airflow/example_dags/example_complex.py for tasks to queue
[2022-05-12 12:00:14,414] {logging_mixin.py:109} INFO - [2022-05-12 12:00:14,414] {dagbag.py:500} INFO - Filling up the DagBag from /home/airflow/.local/lib/python3.7/site-packages/airflow/example_dags/example_complex.py
[2022-05-12 12:00:14,454] {processor.py:652} INFO - DAG(s) dict_keys(['example_complex']) retrieved from /home/airflow/.local/lib/python3.7/site-packages/airflow/example_dags/example_complex.py
[2022-05-12 12:00:14,496] {logging_mixin.py:109} INFO - [2022-05-12 12:00:14,496] {dag.py:2398} INFO - Sync 1 DAGs
[2022-05-12 12:00:14,521] {logging_mixin.py:109} INFO - [2022-05-12 12:00:14,520] {dag.py:2937} INFO - Setting next_dagrun for example_complex to None
[2022-05-12 12:00:14,541] {processor.py:171} INFO - Processing /home/airflow/.local/lib/python3.7/site-packages/airflow/example_dags/example_complex.py took 0.137 seconds
[2022-05-12 12:00:45,154] {processor.py:163} INFO - Started process (PID=46128) to work on /home/airflow/.local/lib/python3.7/site-packages/airflow/example_dags/example_complex.py
[2022-05-12 12:00:45,156] {processor.py:642} INFO - Processing file /home/airflow/.local/lib/python3.7/site-packages/airflow/example_dags/example_complex.py for tasks to queue
[2022-05-12 12:00:45,157] {logging_mixin.py:109} INFO - [2022-05-12 12:00:45,157] {dagbag.py:500} INFO - Filling up the DagBag from /home/airflow/.local/lib/python3.7/site-packages/airflow/example_dags/example_complex.py
[2022-05-12 12:00:45,174] {processor.py:652} INFO - DAG(s) dict_keys(['example_complex']) retrieved from /home/airflow/.local/lib/python3.7/site-packages/airflow/example_dags/example_complex.py
[2022-05-12 12:00:45,204] {logging_mixin.py:109} INFO - [2022-05-12 12:00:45,204] {dag.py:2398} INFO - Sync 1 DAGs
[2022-05-12 12:00:45,226] {logging_mixin.py:109} INFO - [2022-05-12 12:00:45,226] {dag.py:2937} INFO - Setting next_dagrun for example_complex to None
[2022-05-12 12:00:45,237] {processor.py:171} INFO - Processing /home/airflow/.local/lib/python3.7/site-packages/airflow/example_dags/example_complex.py took 0.087 seconds
[2022-05-12 20:00:26,304] {processor.py:163} INFO - Started process (PID=46182) to work on /home/airflow/.local/lib/python3.7/site-packages/airflow/example_dags/example_complex.py
[2022-05-12 20:00:26,323] {processor.py:642} INFO - Processing file /home/airflow/.local/lib/python3.7/site-packages/airflow/example_dags/example_complex.py for tasks to queue
[2022-05-12 20:00:26,325] {logging_mixin.py:109} INFO - [2022-05-12 20:00:26,325] {dagbag.py:500} INFO - Filling up the DagBag from /home/airflow/.local/lib/python3.7/site-packages/airflow/example_dags/example_complex.py
[2022-05-12 20:00:26,377] {processor.py:652} INFO - DAG(s) dict_keys(['example_complex']) retrieved from /home/airflow/.local/lib/python3.7/site-packages/airflow/example_dags/example_complex.py
[2022-05-12 20:00:26,456] {logging_mixin.py:109} INFO - [2022-05-12 20:00:26,456] {dag.py:2398} INFO - Sync 1 DAGs
[2022-05-12 20:00:26,501] {logging_mixin.py:109} INFO - [2022-05-12 20:00:26,501] {dag.py:2937} INFO - Setting next_dagrun for example_complex to None
[2022-05-12 20:00:26,526] {processor.py:171} INFO - Processing /home/airflow/.local/lib/python3.7/site-packages/airflow/example_dags/example_complex.py took 0.228 seconds
[2022-05-12 20:00:57,473] {processor.py:163} INFO - Started process (PID=46235) to work on /home/airflow/.local/lib/python3.7/site-packages/airflow/example_dags/example_complex.py
[2022-05-12 20:00:57,476] {processor.py:642} INFO - Processing file /home/airflow/.local/lib/python3.7/site-packages/airflow/example_dags/example_complex.py for tasks to queue
[2022-05-12 20:00:57,477] {logging_mixin.py:109} INFO - [2022-05-12 20:00:57,477] {dagbag.py:500} INFO - Filling up the DagBag from /home/airflow/.local/lib/python3.7/site-packages/airflow/example_dags/example_complex.py
[2022-05-12 20:00:57,493] {processor.py:652} INFO - DAG(s) dict_keys(['example_complex']) retrieved from /home/airflow/.local/lib/python3.7/site-packages/airflow/example_dags/example_complex.py
[2022-05-12 20:00:57,521] {logging_mixin.py:109} INFO - [2022-05-12 20:00:57,521] {dag.py:2398} INFO - Sync 1 DAGs
[2022-05-12 20:00:57,537] {logging_mixin.py:109} INFO - [2022-05-12 20:00:57,537] {dag.py:2937} INFO - Setting next_dagrun for example_complex to None
[2022-05-12 20:00:57,548] {processor.py:171} INFO - Processing /home/airflow/.local/lib/python3.7/site-packages/airflow/example_dags/example_complex.py took 0.078 seconds
