[2022-05-12 12:00:16,000] {processor.py:163} INFO - Started process (PID=46076) to work on /home/airflow/.local/lib/python3.7/site-packages/airflow/example_dags/example_sla_dag.py
[2022-05-12 12:00:16,007] {processor.py:642} INFO - Processing file /home/airflow/.local/lib/python3.7/site-packages/airflow/example_dags/example_sla_dag.py for tasks to queue
[2022-05-12 12:00:16,009] {logging_mixin.py:109} INFO - [2022-05-12 12:00:16,009] {dagbag.py:500} INFO - Filling up the DagBag from /home/airflow/.local/lib/python3.7/site-packages/airflow/example_dags/example_sla_dag.py
[2022-05-12 12:00:16,052] {processor.py:652} INFO - DAG(s) dict_keys(['example_sla_dag']) retrieved from /home/airflow/.local/lib/python3.7/site-packages/airflow/example_dags/example_sla_dag.py
[2022-05-12 12:00:16,109] {logging_mixin.py:109} INFO - [2022-05-12 12:00:16,109] {dag.py:2398} INFO - Sync 1 DAGs
[2022-05-12 12:00:16,152] {logging_mixin.py:109} INFO - [2022-05-12 12:00:16,152] {dag.py:2937} INFO - Setting next_dagrun for example_sla_dag to 2022-05-12T11:58:00+00:00
[2022-05-12 12:00:16,182] {processor.py:171} INFO - Processing /home/airflow/.local/lib/python3.7/site-packages/airflow/example_dags/example_sla_dag.py took 0.187 seconds
[2022-05-12 12:00:46,976] {processor.py:163} INFO - Started process (PID=46140) to work on /home/airflow/.local/lib/python3.7/site-packages/airflow/example_dags/example_sla_dag.py
[2022-05-12 12:00:46,979] {processor.py:642} INFO - Processing file /home/airflow/.local/lib/python3.7/site-packages/airflow/example_dags/example_sla_dag.py for tasks to queue
[2022-05-12 12:00:46,980] {logging_mixin.py:109} INFO - [2022-05-12 12:00:46,980] {dagbag.py:500} INFO - Filling up the DagBag from /home/airflow/.local/lib/python3.7/site-packages/airflow/example_dags/example_sla_dag.py
[2022-05-12 12:00:46,996] {processor.py:652} INFO - DAG(s) dict_keys(['example_sla_dag']) retrieved from /home/airflow/.local/lib/python3.7/site-packages/airflow/example_dags/example_sla_dag.py
[2022-05-12 12:00:47,022] {logging_mixin.py:109} INFO - [2022-05-12 12:00:47,022] {dag.py:2398} INFO - Sync 1 DAGs
[2022-05-12 12:00:47,047] {logging_mixin.py:109} INFO - [2022-05-12 12:00:47,046] {dag.py:2937} INFO - Setting next_dagrun for example_sla_dag to 2022-05-12T11:58:00+00:00
[2022-05-12 12:00:47,058] {processor.py:171} INFO - Processing /home/airflow/.local/lib/python3.7/site-packages/airflow/example_dags/example_sla_dag.py took 0.086 seconds
[2022-05-12 20:00:28,513] {processor.py:163} INFO - Started process (PID=46194) to work on /home/airflow/.local/lib/python3.7/site-packages/airflow/example_dags/example_sla_dag.py
[2022-05-12 20:00:28,517] {processor.py:642} INFO - Processing file /home/airflow/.local/lib/python3.7/site-packages/airflow/example_dags/example_sla_dag.py for tasks to queue
[2022-05-12 20:00:28,522] {logging_mixin.py:109} INFO - [2022-05-12 20:00:28,522] {dagbag.py:500} INFO - Filling up the DagBag from /home/airflow/.local/lib/python3.7/site-packages/airflow/example_dags/example_sla_dag.py
[2022-05-12 20:00:28,549] {processor.py:652} INFO - DAG(s) dict_keys(['example_sla_dag']) retrieved from /home/airflow/.local/lib/python3.7/site-packages/airflow/example_dags/example_sla_dag.py
[2022-05-12 20:00:28,634] {logging_mixin.py:109} INFO - [2022-05-12 20:00:28,634] {dag.py:2398} INFO - Sync 1 DAGs
[2022-05-12 20:00:28,691] {logging_mixin.py:109} INFO - [2022-05-12 20:00:28,690] {dag.py:2937} INFO - Setting next_dagrun for example_sla_dag to 2022-05-12T19:58:00+00:00
[2022-05-12 20:00:28,716] {processor.py:171} INFO - Processing /home/airflow/.local/lib/python3.7/site-packages/airflow/example_dags/example_sla_dag.py took 0.209 seconds
[2022-05-12 20:00:59,330] {processor.py:163} INFO - Started process (PID=46247) to work on /home/airflow/.local/lib/python3.7/site-packages/airflow/example_dags/example_sla_dag.py
[2022-05-12 20:00:59,332] {processor.py:642} INFO - Processing file /home/airflow/.local/lib/python3.7/site-packages/airflow/example_dags/example_sla_dag.py for tasks to queue
[2022-05-12 20:00:59,334] {logging_mixin.py:109} INFO - [2022-05-12 20:00:59,334] {dagbag.py:500} INFO - Filling up the DagBag from /home/airflow/.local/lib/python3.7/site-packages/airflow/example_dags/example_sla_dag.py
[2022-05-12 20:00:59,347] {processor.py:652} INFO - DAG(s) dict_keys(['example_sla_dag']) retrieved from /home/airflow/.local/lib/python3.7/site-packages/airflow/example_dags/example_sla_dag.py
[2022-05-12 20:00:59,369] {logging_mixin.py:109} INFO - [2022-05-12 20:00:59,369] {dag.py:2398} INFO - Sync 1 DAGs
[2022-05-12 20:00:59,392] {logging_mixin.py:109} INFO - [2022-05-12 20:00:59,392] {dag.py:2937} INFO - Setting next_dagrun for example_sla_dag to 2022-05-12T19:58:00+00:00
[2022-05-12 20:00:59,403] {processor.py:171} INFO - Processing /home/airflow/.local/lib/python3.7/site-packages/airflow/example_dags/example_sla_dag.py took 0.076 seconds
