[2022-05-12 12:00:13,835] {processor.py:163} INFO - Started process (PID=46059) to work on /home/airflow/.local/lib/python3.7/site-packages/airflow/example_dags/example_branch_day_of_week_operator.py
[2022-05-12 12:00:13,838] {processor.py:642} INFO - Processing file /home/airflow/.local/lib/python3.7/site-packages/airflow/example_dags/example_branch_day_of_week_operator.py for tasks to queue
[2022-05-12 12:00:13,841] {logging_mixin.py:109} INFO - [2022-05-12 12:00:13,841] {dagbag.py:500} INFO - Filling up the DagBag from /home/airflow/.local/lib/python3.7/site-packages/airflow/example_dags/example_branch_day_of_week_operator.py
[2022-05-12 12:00:13,854] {processor.py:652} INFO - DAG(s) dict_keys(['example_weekday_branch_operator']) retrieved from /home/airflow/.local/lib/python3.7/site-packages/airflow/example_dags/example_branch_day_of_week_operator.py
[2022-05-12 12:00:13,886] {logging_mixin.py:109} INFO - [2022-05-12 12:00:13,886] {dag.py:2398} INFO - Sync 1 DAGs
[2022-05-12 12:00:13,918] {logging_mixin.py:109} INFO - [2022-05-12 12:00:13,918] {dag.py:2937} INFO - Setting next_dagrun for example_weekday_branch_operator to 2022-05-11 00:00:00+00:00
[2022-05-12 12:00:13,938] {processor.py:171} INFO - Processing /home/airflow/.local/lib/python3.7/site-packages/airflow/example_dags/example_branch_day_of_week_operator.py took 0.109 seconds
[2022-05-12 12:00:44,944] {processor.py:163} INFO - Started process (PID=46123) to work on /home/airflow/.local/lib/python3.7/site-packages/airflow/example_dags/example_branch_day_of_week_operator.py
[2022-05-12 12:00:44,946] {processor.py:642} INFO - Processing file /home/airflow/.local/lib/python3.7/site-packages/airflow/example_dags/example_branch_day_of_week_operator.py for tasks to queue
[2022-05-12 12:00:44,948] {logging_mixin.py:109} INFO - [2022-05-12 12:00:44,948] {dagbag.py:500} INFO - Filling up the DagBag from /home/airflow/.local/lib/python3.7/site-packages/airflow/example_dags/example_branch_day_of_week_operator.py
[2022-05-12 12:00:44,960] {processor.py:652} INFO - DAG(s) dict_keys(['example_weekday_branch_operator']) retrieved from /home/airflow/.local/lib/python3.7/site-packages/airflow/example_dags/example_branch_day_of_week_operator.py
[2022-05-12 12:00:44,986] {logging_mixin.py:109} INFO - [2022-05-12 12:00:44,986] {dag.py:2398} INFO - Sync 1 DAGs
[2022-05-12 12:00:45,006] {logging_mixin.py:109} INFO - [2022-05-12 12:00:45,006] {dag.py:2937} INFO - Setting next_dagrun for example_weekday_branch_operator to 2022-05-11 00:00:00+00:00
[2022-05-12 12:00:45,017] {processor.py:171} INFO - Processing /home/airflow/.local/lib/python3.7/site-packages/airflow/example_dags/example_branch_day_of_week_operator.py took 0.078 seconds
[2022-05-12 20:00:25,437] {processor.py:163} INFO - Started process (PID=46177) to work on /home/airflow/.local/lib/python3.7/site-packages/airflow/example_dags/example_branch_day_of_week_operator.py
[2022-05-12 20:00:25,441] {processor.py:642} INFO - Processing file /home/airflow/.local/lib/python3.7/site-packages/airflow/example_dags/example_branch_day_of_week_operator.py for tasks to queue
[2022-05-12 20:00:25,443] {logging_mixin.py:109} INFO - [2022-05-12 20:00:25,443] {dagbag.py:500} INFO - Filling up the DagBag from /home/airflow/.local/lib/python3.7/site-packages/airflow/example_dags/example_branch_day_of_week_operator.py
[2022-05-12 20:00:25,488] {processor.py:652} INFO - DAG(s) dict_keys(['example_weekday_branch_operator']) retrieved from /home/airflow/.local/lib/python3.7/site-packages/airflow/example_dags/example_branch_day_of_week_operator.py
[2022-05-12 20:00:25,561] {logging_mixin.py:109} INFO - [2022-05-12 20:00:25,561] {dag.py:2398} INFO - Sync 1 DAGs
[2022-05-12 20:00:25,633] {logging_mixin.py:109} INFO - [2022-05-12 20:00:25,633] {dag.py:2937} INFO - Setting next_dagrun for example_weekday_branch_operator to 2022-05-11 00:00:00+00:00
[2022-05-12 20:00:25,672] {processor.py:171} INFO - Processing /home/airflow/.local/lib/python3.7/site-packages/airflow/example_dags/example_branch_day_of_week_operator.py took 0.246 seconds
[2022-05-12 20:00:55,849] {processor.py:163} INFO - Started process (PID=46229) to work on /home/airflow/.local/lib/python3.7/site-packages/airflow/example_dags/example_branch_day_of_week_operator.py
[2022-05-12 20:00:55,852] {processor.py:642} INFO - Processing file /home/airflow/.local/lib/python3.7/site-packages/airflow/example_dags/example_branch_day_of_week_operator.py for tasks to queue
[2022-05-12 20:00:55,853] {logging_mixin.py:109} INFO - [2022-05-12 20:00:55,853] {dagbag.py:500} INFO - Filling up the DagBag from /home/airflow/.local/lib/python3.7/site-packages/airflow/example_dags/example_branch_day_of_week_operator.py
[2022-05-12 20:00:55,861] {processor.py:652} INFO - DAG(s) dict_keys(['example_weekday_branch_operator']) retrieved from /home/airflow/.local/lib/python3.7/site-packages/airflow/example_dags/example_branch_day_of_week_operator.py
[2022-05-12 20:00:55,884] {logging_mixin.py:109} INFO - [2022-05-12 20:00:55,884] {dag.py:2398} INFO - Sync 1 DAGs
[2022-05-12 20:00:55,903] {logging_mixin.py:109} INFO - [2022-05-12 20:00:55,903] {dag.py:2937} INFO - Setting next_dagrun for example_weekday_branch_operator to 2022-05-11 00:00:00+00:00
[2022-05-12 20:00:55,913] {processor.py:171} INFO - Processing /home/airflow/.local/lib/python3.7/site-packages/airflow/example_dags/example_branch_day_of_week_operator.py took 0.067 seconds
