[2022-05-12 12:00:12,964] {processor.py:163} INFO - Started process (PID=46056) to work on /home/airflow/.local/lib/python3.7/site-packages/airflow/example_dags/example_task_group.py
[2022-05-12 12:00:12,965] {processor.py:642} INFO - Processing file /home/airflow/.local/lib/python3.7/site-packages/airflow/example_dags/example_task_group.py for tasks to queue
[2022-05-12 12:00:12,968] {logging_mixin.py:109} INFO - [2022-05-12 12:00:12,967] {dagbag.py:500} INFO - Filling up the DagBag from /home/airflow/.local/lib/python3.7/site-packages/airflow/example_dags/example_task_group.py
[2022-05-12 12:00:12,980] {processor.py:652} INFO - DAG(s) dict_keys(['example_task_group']) retrieved from /home/airflow/.local/lib/python3.7/site-packages/airflow/example_dags/example_task_group.py
[2022-05-12 12:00:13,006] {logging_mixin.py:109} INFO - [2022-05-12 12:00:13,005] {dag.py:2398} INFO - Sync 1 DAGs
[2022-05-12 12:00:13,023] {logging_mixin.py:109} INFO - [2022-05-12 12:00:13,023] {dag.py:2937} INFO - Setting next_dagrun for example_task_group to 2022-05-11T12:00:13.022874+00:00
[2022-05-12 12:00:13,054] {processor.py:171} INFO - Processing /home/airflow/.local/lib/python3.7/site-packages/airflow/example_dags/example_task_group.py took 0.094 seconds
[2022-05-12 12:00:43,413] {processor.py:163} INFO - Started process (PID=46120) to work on /home/airflow/.local/lib/python3.7/site-packages/airflow/example_dags/example_task_group.py
[2022-05-12 12:00:43,415] {processor.py:642} INFO - Processing file /home/airflow/.local/lib/python3.7/site-packages/airflow/example_dags/example_task_group.py for tasks to queue
[2022-05-12 12:00:43,416] {logging_mixin.py:109} INFO - [2022-05-12 12:00:43,416] {dagbag.py:500} INFO - Filling up the DagBag from /home/airflow/.local/lib/python3.7/site-packages/airflow/example_dags/example_task_group.py
[2022-05-12 12:00:43,428] {processor.py:652} INFO - DAG(s) dict_keys(['example_task_group']) retrieved from /home/airflow/.local/lib/python3.7/site-packages/airflow/example_dags/example_task_group.py
[2022-05-12 12:00:43,455] {logging_mixin.py:109} INFO - [2022-05-12 12:00:43,455] {dag.py:2398} INFO - Sync 1 DAGs
[2022-05-12 12:00:43,474] {logging_mixin.py:109} INFO - [2022-05-12 12:00:43,474] {dag.py:2937} INFO - Setting next_dagrun for example_task_group to 2022-05-11T12:00:43.473698+00:00
[2022-05-12 12:00:43,486] {processor.py:171} INFO - Processing /home/airflow/.local/lib/python3.7/site-packages/airflow/example_dags/example_task_group.py took 0.076 seconds
[2022-05-12 20:00:24,351] {processor.py:163} INFO - Started process (PID=46174) to work on /home/airflow/.local/lib/python3.7/site-packages/airflow/example_dags/example_task_group.py
[2022-05-12 20:00:24,360] {processor.py:642} INFO - Processing file /home/airflow/.local/lib/python3.7/site-packages/airflow/example_dags/example_task_group.py for tasks to queue
[2022-05-12 20:00:24,364] {logging_mixin.py:109} INFO - [2022-05-12 20:00:24,363] {dagbag.py:500} INFO - Filling up the DagBag from /home/airflow/.local/lib/python3.7/site-packages/airflow/example_dags/example_task_group.py
[2022-05-12 20:00:24,406] {processor.py:652} INFO - DAG(s) dict_keys(['example_task_group']) retrieved from /home/airflow/.local/lib/python3.7/site-packages/airflow/example_dags/example_task_group.py
[2022-05-12 20:00:24,501] {logging_mixin.py:109} INFO - [2022-05-12 20:00:24,500] {dag.py:2398} INFO - Sync 1 DAGs
[2022-05-12 20:00:24,559] {logging_mixin.py:109} INFO - [2022-05-12 20:00:24,559] {dag.py:2937} INFO - Setting next_dagrun for example_task_group to 2022-05-11T20:00:24.558779+00:00
[2022-05-12 20:00:24,599] {processor.py:171} INFO - Processing /home/airflow/.local/lib/python3.7/site-packages/airflow/example_dags/example_task_group.py took 0.254 seconds
[2022-05-12 20:00:55,379] {processor.py:163} INFO - Started process (PID=46227) to work on /home/airflow/.local/lib/python3.7/site-packages/airflow/example_dags/example_task_group.py
[2022-05-12 20:00:55,381] {processor.py:642} INFO - Processing file /home/airflow/.local/lib/python3.7/site-packages/airflow/example_dags/example_task_group.py for tasks to queue
[2022-05-12 20:00:55,383] {logging_mixin.py:109} INFO - [2022-05-12 20:00:55,383] {dagbag.py:500} INFO - Filling up the DagBag from /home/airflow/.local/lib/python3.7/site-packages/airflow/example_dags/example_task_group.py
[2022-05-12 20:00:55,395] {processor.py:652} INFO - DAG(s) dict_keys(['example_task_group']) retrieved from /home/airflow/.local/lib/python3.7/site-packages/airflow/example_dags/example_task_group.py
[2022-05-12 20:00:55,422] {logging_mixin.py:109} INFO - [2022-05-12 20:00:55,422] {dag.py:2398} INFO - Sync 1 DAGs
[2022-05-12 20:00:55,441] {logging_mixin.py:109} INFO - [2022-05-12 20:00:55,441] {dag.py:2937} INFO - Setting next_dagrun for example_task_group to 2022-05-11T20:00:55.440978+00:00
[2022-05-12 20:00:55,462] {processor.py:171} INFO - Processing /home/airflow/.local/lib/python3.7/site-packages/airflow/example_dags/example_task_group.py took 0.087 seconds
