[2022-05-12 12:00:14,972] {processor.py:163} INFO - Started process (PID=46068) to work on /home/airflow/.local/lib/python3.7/site-packages/airflow/example_dags/example_branch_operator.py
[2022-05-12 12:00:14,976] {processor.py:642} INFO - Processing file /home/airflow/.local/lib/python3.7/site-packages/airflow/example_dags/example_branch_operator.py for tasks to queue
[2022-05-12 12:00:14,978] {logging_mixin.py:109} INFO - [2022-05-12 12:00:14,978] {dagbag.py:500} INFO - Filling up the DagBag from /home/airflow/.local/lib/python3.7/site-packages/airflow/example_dags/example_branch_operator.py
[2022-05-12 12:00:14,997] {processor.py:652} INFO - DAG(s) dict_keys(['example_branch_operator']) retrieved from /home/airflow/.local/lib/python3.7/site-packages/airflow/example_dags/example_branch_operator.py
[2022-05-12 12:00:15,038] {logging_mixin.py:109} INFO - [2022-05-12 12:00:15,038] {dag.py:2398} INFO - Sync 1 DAGs
[2022-05-12 12:00:15,074] {logging_mixin.py:109} INFO - [2022-05-12 12:00:15,073] {dag.py:2937} INFO - Setting next_dagrun for example_branch_operator to 2022-05-11 00:00:00+00:00
[2022-05-12 12:00:15,087] {processor.py:171} INFO - Processing /home/airflow/.local/lib/python3.7/site-packages/airflow/example_dags/example_branch_operator.py took 0.126 seconds
[2022-05-12 12:00:45,338] {processor.py:163} INFO - Started process (PID=46131) to work on /home/airflow/.local/lib/python3.7/site-packages/airflow/example_dags/example_branch_operator.py
[2022-05-12 12:00:45,340] {processor.py:642} INFO - Processing file /home/airflow/.local/lib/python3.7/site-packages/airflow/example_dags/example_branch_operator.py for tasks to queue
[2022-05-12 12:00:45,341] {logging_mixin.py:109} INFO - [2022-05-12 12:00:45,341] {dagbag.py:500} INFO - Filling up the DagBag from /home/airflow/.local/lib/python3.7/site-packages/airflow/example_dags/example_branch_operator.py
[2022-05-12 12:00:45,353] {processor.py:652} INFO - DAG(s) dict_keys(['example_branch_operator']) retrieved from /home/airflow/.local/lib/python3.7/site-packages/airflow/example_dags/example_branch_operator.py
[2022-05-12 12:00:45,378] {logging_mixin.py:109} INFO - [2022-05-12 12:00:45,378] {dag.py:2398} INFO - Sync 1 DAGs
[2022-05-12 12:00:45,397] {logging_mixin.py:109} INFO - [2022-05-12 12:00:45,397] {dag.py:2937} INFO - Setting next_dagrun for example_branch_operator to 2022-05-11 00:00:00+00:00
[2022-05-12 12:00:45,408] {processor.py:171} INFO - Processing /home/airflow/.local/lib/python3.7/site-packages/airflow/example_dags/example_branch_operator.py took 0.074 seconds
[2022-05-12 20:00:27,158] {processor.py:163} INFO - Started process (PID=46186) to work on /home/airflow/.local/lib/python3.7/site-packages/airflow/example_dags/example_branch_operator.py
[2022-05-12 20:00:27,173] {processor.py:642} INFO - Processing file /home/airflow/.local/lib/python3.7/site-packages/airflow/example_dags/example_branch_operator.py for tasks to queue
[2022-05-12 20:00:27,176] {logging_mixin.py:109} INFO - [2022-05-12 20:00:27,176] {dagbag.py:500} INFO - Filling up the DagBag from /home/airflow/.local/lib/python3.7/site-packages/airflow/example_dags/example_branch_operator.py
[2022-05-12 20:00:27,218] {processor.py:652} INFO - DAG(s) dict_keys(['example_branch_operator']) retrieved from /home/airflow/.local/lib/python3.7/site-packages/airflow/example_dags/example_branch_operator.py
[2022-05-12 20:00:27,290] {logging_mixin.py:109} INFO - [2022-05-12 20:00:27,290] {dag.py:2398} INFO - Sync 1 DAGs
[2022-05-12 20:00:27,348] {logging_mixin.py:109} INFO - [2022-05-12 20:00:27,348] {dag.py:2937} INFO - Setting next_dagrun for example_branch_operator to 2022-05-11 00:00:00+00:00
[2022-05-12 20:00:27,385] {processor.py:171} INFO - Processing /home/airflow/.local/lib/python3.7/site-packages/airflow/example_dags/example_branch_operator.py took 0.235 seconds
[2022-05-12 20:00:57,590] {processor.py:163} INFO - Started process (PID=46238) to work on /home/airflow/.local/lib/python3.7/site-packages/airflow/example_dags/example_branch_operator.py
[2022-05-12 20:00:57,592] {processor.py:642} INFO - Processing file /home/airflow/.local/lib/python3.7/site-packages/airflow/example_dags/example_branch_operator.py for tasks to queue
[2022-05-12 20:00:57,594] {logging_mixin.py:109} INFO - [2022-05-12 20:00:57,594] {dagbag.py:500} INFO - Filling up the DagBag from /home/airflow/.local/lib/python3.7/site-packages/airflow/example_dags/example_branch_operator.py
[2022-05-12 20:00:57,606] {processor.py:652} INFO - DAG(s) dict_keys(['example_branch_operator']) retrieved from /home/airflow/.local/lib/python3.7/site-packages/airflow/example_dags/example_branch_operator.py
[2022-05-12 20:00:57,630] {logging_mixin.py:109} INFO - [2022-05-12 20:00:57,630] {dag.py:2398} INFO - Sync 1 DAGs
[2022-05-12 20:00:57,650] {logging_mixin.py:109} INFO - [2022-05-12 20:00:57,649] {dag.py:2937} INFO - Setting next_dagrun for example_branch_operator to 2022-05-11 00:00:00+00:00
[2022-05-12 20:00:57,662] {processor.py:171} INFO - Processing /home/airflow/.local/lib/python3.7/site-packages/airflow/example_dags/example_branch_operator.py took 0.075 seconds
