[2022-05-12 12:00:12,165] {processor.py:163} INFO - Started process (PID=46047) to work on /home/airflow/.local/lib/python3.7/site-packages/airflow/example_dags/tutorial_taskflow_api_etl_virtualenv.py
[2022-05-12 12:00:12,182] {processor.py:642} INFO - Processing file /home/airflow/.local/lib/python3.7/site-packages/airflow/example_dags/tutorial_taskflow_api_etl_virtualenv.py for tasks to queue
[2022-05-12 12:00:12,185] {logging_mixin.py:109} INFO - [2022-05-12 12:00:12,184] {dagbag.py:500} INFO - Filling up the DagBag from /home/airflow/.local/lib/python3.7/site-packages/airflow/example_dags/tutorial_taskflow_api_etl_virtualenv.py
[2022-05-12 12:00:12,220] {processor.py:652} INFO - DAG(s) dict_keys(['tutorial_taskflow_api_etl_virtualenv']) retrieved from /home/airflow/.local/lib/python3.7/site-packages/airflow/example_dags/tutorial_taskflow_api_etl_virtualenv.py
[2022-05-12 12:00:12,875] {logging_mixin.py:109} INFO - [2022-05-12 12:00:12,875] {dag.py:2398} INFO - Sync 1 DAGs
[2022-05-12 12:00:12,887] {logging_mixin.py:109} INFO - [2022-05-12 12:00:12,887] {dag.py:2937} INFO - Setting next_dagrun for tutorial_taskflow_api_etl_virtualenv to None
[2022-05-12 12:00:12,901] {processor.py:171} INFO - Processing /home/airflow/.local/lib/python3.7/site-packages/airflow/example_dags/tutorial_taskflow_api_etl_virtualenv.py took 0.741 seconds
[2022-05-12 12:00:42,938] {processor.py:163} INFO - Started process (PID=46117) to work on /home/airflow/.local/lib/python3.7/site-packages/airflow/example_dags/tutorial_taskflow_api_etl_virtualenv.py
[2022-05-12 12:00:42,940] {processor.py:642} INFO - Processing file /home/airflow/.local/lib/python3.7/site-packages/airflow/example_dags/tutorial_taskflow_api_etl_virtualenv.py for tasks to queue
[2022-05-12 12:00:42,942] {logging_mixin.py:109} INFO - [2022-05-12 12:00:42,942] {dagbag.py:500} INFO - Filling up the DagBag from /home/airflow/.local/lib/python3.7/site-packages/airflow/example_dags/tutorial_taskflow_api_etl_virtualenv.py
[2022-05-12 12:00:42,958] {processor.py:652} INFO - DAG(s) dict_keys(['tutorial_taskflow_api_etl_virtualenv']) retrieved from /home/airflow/.local/lib/python3.7/site-packages/airflow/example_dags/tutorial_taskflow_api_etl_virtualenv.py
[2022-05-12 12:00:43,253] {logging_mixin.py:109} INFO - [2022-05-12 12:00:43,252] {dag.py:2398} INFO - Sync 1 DAGs
[2022-05-12 12:00:43,267] {logging_mixin.py:109} INFO - [2022-05-12 12:00:43,267] {dag.py:2937} INFO - Setting next_dagrun for tutorial_taskflow_api_etl_virtualenv to None
[2022-05-12 12:00:43,282] {processor.py:171} INFO - Processing /home/airflow/.local/lib/python3.7/site-packages/airflow/example_dags/tutorial_taskflow_api_etl_virtualenv.py took 0.348 seconds
[2022-05-12 20:00:22,849] {processor.py:163} INFO - Started process (PID=46158) to work on /home/airflow/.local/lib/python3.7/site-packages/airflow/example_dags/tutorial_taskflow_api_etl_virtualenv.py
[2022-05-12 20:00:22,854] {processor.py:642} INFO - Processing file /home/airflow/.local/lib/python3.7/site-packages/airflow/example_dags/tutorial_taskflow_api_etl_virtualenv.py for tasks to queue
[2022-05-12 20:00:22,858] {logging_mixin.py:109} INFO - [2022-05-12 20:00:22,857] {dagbag.py:500} INFO - Filling up the DagBag from /home/airflow/.local/lib/python3.7/site-packages/airflow/example_dags/tutorial_taskflow_api_etl_virtualenv.py
[2022-05-12 20:00:22,900] {processor.py:652} INFO - DAG(s) dict_keys(['tutorial_taskflow_api_etl_virtualenv']) retrieved from /home/airflow/.local/lib/python3.7/site-packages/airflow/example_dags/tutorial_taskflow_api_etl_virtualenv.py
[2022-05-12 20:00:23,911] {logging_mixin.py:109} INFO - [2022-05-12 20:00:23,911] {dag.py:2398} INFO - Sync 1 DAGs
[2022-05-12 20:00:23,971] {logging_mixin.py:109} INFO - [2022-05-12 20:00:23,971] {dag.py:2937} INFO - Setting next_dagrun for tutorial_taskflow_api_etl_virtualenv to None
[2022-05-12 20:00:23,998] {processor.py:171} INFO - Processing /home/airflow/.local/lib/python3.7/site-packages/airflow/example_dags/tutorial_taskflow_api_etl_virtualenv.py took 1.159 seconds
[2022-05-12 20:00:55,004] {processor.py:163} INFO - Started process (PID=46224) to work on /home/airflow/.local/lib/python3.7/site-packages/airflow/example_dags/tutorial_taskflow_api_etl_virtualenv.py
[2022-05-12 20:00:55,006] {processor.py:642} INFO - Processing file /home/airflow/.local/lib/python3.7/site-packages/airflow/example_dags/tutorial_taskflow_api_etl_virtualenv.py for tasks to queue
[2022-05-12 20:00:55,008] {logging_mixin.py:109} INFO - [2022-05-12 20:00:55,007] {dagbag.py:500} INFO - Filling up the DagBag from /home/airflow/.local/lib/python3.7/site-packages/airflow/example_dags/tutorial_taskflow_api_etl_virtualenv.py
[2022-05-12 20:00:55,021] {processor.py:652} INFO - DAG(s) dict_keys(['tutorial_taskflow_api_etl_virtualenv']) retrieved from /home/airflow/.local/lib/python3.7/site-packages/airflow/example_dags/tutorial_taskflow_api_etl_virtualenv.py
[2022-05-12 20:00:55,308] {logging_mixin.py:109} INFO - [2022-05-12 20:00:55,308] {dag.py:2398} INFO - Sync 1 DAGs
[2022-05-12 20:00:55,319] {logging_mixin.py:109} INFO - [2022-05-12 20:00:55,319] {dag.py:2937} INFO - Setting next_dagrun for tutorial_taskflow_api_etl_virtualenv to None
[2022-05-12 20:00:55,329] {processor.py:171} INFO - Processing /home/airflow/.local/lib/python3.7/site-packages/airflow/example_dags/tutorial_taskflow_api_etl_virtualenv.py took 0.330 seconds
