[2022-05-12 12:00:12,947] {processor.py:163} INFO - Started process (PID=46055) to work on /home/airflow/.local/lib/python3.7/site-packages/airflow/example_dags/tutorial_etl_dag.py
[2022-05-12 12:00:12,949] {processor.py:642} INFO - Processing file /home/airflow/.local/lib/python3.7/site-packages/airflow/example_dags/tutorial_etl_dag.py for tasks to queue
[2022-05-12 12:00:12,950] {logging_mixin.py:109} INFO - [2022-05-12 12:00:12,950] {dagbag.py:500} INFO - Filling up the DagBag from /home/airflow/.local/lib/python3.7/site-packages/airflow/example_dags/tutorial_etl_dag.py
[2022-05-12 12:00:12,960] {processor.py:652} INFO - DAG(s) dict_keys(['tutorial_etl_dag']) retrieved from /home/airflow/.local/lib/python3.7/site-packages/airflow/example_dags/tutorial_etl_dag.py
[2022-05-12 12:00:12,981] {logging_mixin.py:109} INFO - [2022-05-12 12:00:12,981] {dag.py:2398} INFO - Sync 1 DAGs
[2022-05-12 12:00:12,997] {logging_mixin.py:109} INFO - [2022-05-12 12:00:12,997] {dag.py:2937} INFO - Setting next_dagrun for tutorial_etl_dag to None
[2022-05-12 12:00:13,007] {processor.py:171} INFO - Processing /home/airflow/.local/lib/python3.7/site-packages/airflow/example_dags/tutorial_etl_dag.py took 0.064 seconds
[2022-05-12 12:00:43,323] {processor.py:163} INFO - Started process (PID=46119) to work on /home/airflow/.local/lib/python3.7/site-packages/airflow/example_dags/tutorial_etl_dag.py
[2022-05-12 12:00:43,325] {processor.py:642} INFO - Processing file /home/airflow/.local/lib/python3.7/site-packages/airflow/example_dags/tutorial_etl_dag.py for tasks to queue
[2022-05-12 12:00:43,327] {logging_mixin.py:109} INFO - [2022-05-12 12:00:43,327] {dagbag.py:500} INFO - Filling up the DagBag from /home/airflow/.local/lib/python3.7/site-packages/airflow/example_dags/tutorial_etl_dag.py
[2022-05-12 12:00:43,338] {processor.py:652} INFO - DAG(s) dict_keys(['tutorial_etl_dag']) retrieved from /home/airflow/.local/lib/python3.7/site-packages/airflow/example_dags/tutorial_etl_dag.py
[2022-05-12 12:00:43,361] {logging_mixin.py:109} INFO - [2022-05-12 12:00:43,361] {dag.py:2398} INFO - Sync 1 DAGs
[2022-05-12 12:00:43,378] {logging_mixin.py:109} INFO - [2022-05-12 12:00:43,378] {dag.py:2937} INFO - Setting next_dagrun for tutorial_etl_dag to None
[2022-05-12 12:00:43,389] {processor.py:171} INFO - Processing /home/airflow/.local/lib/python3.7/site-packages/airflow/example_dags/tutorial_etl_dag.py took 0.071 seconds
[2022-05-12 20:00:24,085] {processor.py:163} INFO - Started process (PID=46171) to work on /home/airflow/.local/lib/python3.7/site-packages/airflow/example_dags/tutorial_etl_dag.py
[2022-05-12 20:00:24,092] {processor.py:642} INFO - Processing file /home/airflow/.local/lib/python3.7/site-packages/airflow/example_dags/tutorial_etl_dag.py for tasks to queue
[2022-05-12 20:00:24,095] {logging_mixin.py:109} INFO - [2022-05-12 20:00:24,095] {dagbag.py:500} INFO - Filling up the DagBag from /home/airflow/.local/lib/python3.7/site-packages/airflow/example_dags/tutorial_etl_dag.py
[2022-05-12 20:00:24,120] {processor.py:652} INFO - DAG(s) dict_keys(['tutorial_etl_dag']) retrieved from /home/airflow/.local/lib/python3.7/site-packages/airflow/example_dags/tutorial_etl_dag.py
[2022-05-12 20:00:24,204] {logging_mixin.py:109} INFO - [2022-05-12 20:00:24,204] {dag.py:2398} INFO - Sync 1 DAGs
[2022-05-12 20:00:24,246] {logging_mixin.py:109} INFO - [2022-05-12 20:00:24,246] {dag.py:2937} INFO - Setting next_dagrun for tutorial_etl_dag to None
[2022-05-12 20:00:24,268] {processor.py:171} INFO - Processing /home/airflow/.local/lib/python3.7/site-packages/airflow/example_dags/tutorial_etl_dag.py took 0.190 seconds
[2022-05-12 20:00:55,365] {processor.py:163} INFO - Started process (PID=46226) to work on /home/airflow/.local/lib/python3.7/site-packages/airflow/example_dags/tutorial_etl_dag.py
[2022-05-12 20:00:55,368] {processor.py:642} INFO - Processing file /home/airflow/.local/lib/python3.7/site-packages/airflow/example_dags/tutorial_etl_dag.py for tasks to queue
[2022-05-12 20:00:55,369] {logging_mixin.py:109} INFO - [2022-05-12 20:00:55,369] {dagbag.py:500} INFO - Filling up the DagBag from /home/airflow/.local/lib/python3.7/site-packages/airflow/example_dags/tutorial_etl_dag.py
[2022-05-12 20:00:55,380] {processor.py:652} INFO - DAG(s) dict_keys(['tutorial_etl_dag']) retrieved from /home/airflow/.local/lib/python3.7/site-packages/airflow/example_dags/tutorial_etl_dag.py
[2022-05-12 20:00:55,405] {logging_mixin.py:109} INFO - [2022-05-12 20:00:55,404] {dag.py:2398} INFO - Sync 1 DAGs
[2022-05-12 20:00:55,423] {logging_mixin.py:109} INFO - [2022-05-12 20:00:55,423] {dag.py:2937} INFO - Setting next_dagrun for tutorial_etl_dag to None
[2022-05-12 20:00:55,436] {processor.py:171} INFO - Processing /home/airflow/.local/lib/python3.7/site-packages/airflow/example_dags/tutorial_etl_dag.py took 0.077 seconds
