[2022-05-12 12:00:15,535] {processor.py:163} INFO - Started process (PID=46073) to work on /home/airflow/.local/lib/python3.7/site-packages/airflow/example_dags/tutorial.py
[2022-05-12 12:00:15,537] {processor.py:642} INFO - Processing file /home/airflow/.local/lib/python3.7/site-packages/airflow/example_dags/tutorial.py for tasks to queue
[2022-05-12 12:00:15,539] {logging_mixin.py:109} INFO - [2022-05-12 12:00:15,539] {dagbag.py:500} INFO - Filling up the DagBag from /home/airflow/.local/lib/python3.7/site-packages/airflow/example_dags/tutorial.py
[2022-05-12 12:00:15,554] {processor.py:652} INFO - DAG(s) dict_keys(['tutorial']) retrieved from /home/airflow/.local/lib/python3.7/site-packages/airflow/example_dags/tutorial.py
[2022-05-12 12:00:15,602] {logging_mixin.py:109} INFO - [2022-05-12 12:00:15,602] {dag.py:2398} INFO - Sync 1 DAGs
[2022-05-12 12:00:15,633] {logging_mixin.py:109} INFO - [2022-05-12 12:00:15,633] {dag.py:2937} INFO - Setting next_dagrun for tutorial to 2022-05-11T12:00:15.632452+00:00
[2022-05-12 12:00:15,658] {processor.py:171} INFO - Processing /home/airflow/.local/lib/python3.7/site-packages/airflow/example_dags/tutorial.py took 0.130 seconds
[2022-05-12 12:00:45,754] {processor.py:163} INFO - Started process (PID=46136) to work on /home/airflow/.local/lib/python3.7/site-packages/airflow/example_dags/tutorial.py
[2022-05-12 12:00:45,756] {processor.py:642} INFO - Processing file /home/airflow/.local/lib/python3.7/site-packages/airflow/example_dags/tutorial.py for tasks to queue
[2022-05-12 12:00:45,757] {logging_mixin.py:109} INFO - [2022-05-12 12:00:45,757] {dagbag.py:500} INFO - Filling up the DagBag from /home/airflow/.local/lib/python3.7/site-packages/airflow/example_dags/tutorial.py
[2022-05-12 12:00:45,766] {processor.py:652} INFO - DAG(s) dict_keys(['tutorial']) retrieved from /home/airflow/.local/lib/python3.7/site-packages/airflow/example_dags/tutorial.py
[2022-05-12 12:00:45,787] {logging_mixin.py:109} INFO - [2022-05-12 12:00:45,787] {dag.py:2398} INFO - Sync 1 DAGs
[2022-05-12 12:00:45,803] {logging_mixin.py:109} INFO - [2022-05-12 12:00:45,803] {dag.py:2937} INFO - Setting next_dagrun for tutorial to 2022-05-11T12:00:45.803058+00:00
[2022-05-12 12:00:45,823] {processor.py:171} INFO - Processing /home/airflow/.local/lib/python3.7/site-packages/airflow/example_dags/tutorial.py took 0.073 seconds
[2022-05-12 20:00:27,988] {processor.py:163} INFO - Started process (PID=46191) to work on /home/airflow/.local/lib/python3.7/site-packages/airflow/example_dags/tutorial.py
[2022-05-12 20:00:27,991] {processor.py:642} INFO - Processing file /home/airflow/.local/lib/python3.7/site-packages/airflow/example_dags/tutorial.py for tasks to queue
[2022-05-12 20:00:27,997] {logging_mixin.py:109} INFO - [2022-05-12 20:00:27,997] {dagbag.py:500} INFO - Filling up the DagBag from /home/airflow/.local/lib/python3.7/site-packages/airflow/example_dags/tutorial.py
[2022-05-12 20:00:28,027] {processor.py:652} INFO - DAG(s) dict_keys(['tutorial']) retrieved from /home/airflow/.local/lib/python3.7/site-packages/airflow/example_dags/tutorial.py
[2022-05-12 20:00:28,084] {logging_mixin.py:109} INFO - [2022-05-12 20:00:28,083] {dag.py:2398} INFO - Sync 1 DAGs
[2022-05-12 20:00:28,130] {logging_mixin.py:109} INFO - [2022-05-12 20:00:28,130] {dag.py:2937} INFO - Setting next_dagrun for tutorial to 2022-05-11T20:00:28.129539+00:00
[2022-05-12 20:00:28,147] {processor.py:171} INFO - Processing /home/airflow/.local/lib/python3.7/site-packages/airflow/example_dags/tutorial.py took 0.165 seconds
[2022-05-12 20:00:59,053] {processor.py:163} INFO - Started process (PID=46244) to work on /home/airflow/.local/lib/python3.7/site-packages/airflow/example_dags/tutorial.py
[2022-05-12 20:00:59,054] {processor.py:642} INFO - Processing file /home/airflow/.local/lib/python3.7/site-packages/airflow/example_dags/tutorial.py for tasks to queue
[2022-05-12 20:00:59,055] {logging_mixin.py:109} INFO - [2022-05-12 20:00:59,055] {dagbag.py:500} INFO - Filling up the DagBag from /home/airflow/.local/lib/python3.7/site-packages/airflow/example_dags/tutorial.py
[2022-05-12 20:00:59,063] {processor.py:652} INFO - DAG(s) dict_keys(['tutorial']) retrieved from /home/airflow/.local/lib/python3.7/site-packages/airflow/example_dags/tutorial.py
[2022-05-12 20:00:59,085] {logging_mixin.py:109} INFO - [2022-05-12 20:00:59,085] {dag.py:2398} INFO - Sync 1 DAGs
[2022-05-12 20:00:59,102] {logging_mixin.py:109} INFO - [2022-05-12 20:00:59,102] {dag.py:2937} INFO - Setting next_dagrun for tutorial to 2022-05-11T20:00:59.102253+00:00
[2022-05-12 20:00:59,113] {processor.py:171} INFO - Processing /home/airflow/.local/lib/python3.7/site-packages/airflow/example_dags/tutorial.py took 0.065 seconds
