[2022-05-12 12:00:14,621] {taskinstance.py:1043} INFO - Dependencies all met for <TaskInstance: my_dag.choose_best_model scheduled__2022-05-11T00:00:00+00:00 [queued]>
[2022-05-12 12:00:14,635] {taskinstance.py:1043} INFO - Dependencies all met for <TaskInstance: my_dag.choose_best_model scheduled__2022-05-11T00:00:00+00:00 [queued]>
[2022-05-12 12:00:14,640] {taskinstance.py:1249} INFO - 
--------------------------------------------------------------------------------
[2022-05-12 12:00:14,641] {taskinstance.py:1250} INFO - Starting attempt 1 of 1
[2022-05-12 12:00:14,642] {taskinstance.py:1251} INFO - 
--------------------------------------------------------------------------------
[2022-05-12 12:00:14,663] {taskinstance.py:1270} INFO - Executing <Task(BranchPythonOperator): choose_best_model> on 2022-05-11 00:00:00+00:00
[2022-05-12 12:00:14,673] {standard_task_runner.py:52} INFO - Started process 16034 to run task
[2022-05-12 12:00:14,682] {standard_task_runner.py:79} INFO - Running: ['***', 'tasks', 'run', 'my_dag', 'choose_best_model', 'scheduled__2022-05-11T00:00:00+00:00', '--job-id', '43', '--raw', '--subdir', 'DAGS_FOLDER/my_dag.py', '--cfg-path', '/tmp/tmp0hcxhqjo', '--error-file', '/tmp/tmpeoqdsl8l']
[2022-05-12 12:00:14,688] {standard_task_runner.py:80} INFO - Job 43: Subtask choose_best_model
[2022-05-12 12:00:14,829] {logging_mixin.py:109} INFO - Running <TaskInstance: my_dag.choose_best_model scheduled__2022-05-11T00:00:00+00:00 [running]> on host c0c6f6bf1c08
[2022-05-12 12:00:14,912] {taskinstance.py:1448} INFO - Exporting the following env vars:
AIRFLOW_CTX_DAG_OWNER=***
AIRFLOW_CTX_DAG_ID=my_dag
AIRFLOW_CTX_TASK_ID=choose_best_model
AIRFLOW_CTX_EXECUTION_DATE=2022-05-11T00:00:00+00:00
AIRFLOW_CTX_DAG_RUN_ID=scheduled__2022-05-11T00:00:00+00:00
[2022-05-12 12:00:14,930] {python.py:175} INFO - Done. Returned value was: accurate
[2022-05-12 12:00:14,934] {skipmixin.py:140} INFO - Following branch accurate
[2022-05-12 12:00:14,940] {skipmixin.py:171} INFO - Skipping tasks ['inaccurate']
[2022-05-12 12:00:15,006] {taskinstance.py:1288} INFO - Marking task as SUCCESS. dag_id=my_dag, task_id=choose_best_model, execution_date=20220511T000000, start_date=20220512T120014, end_date=20220512T120015
[2022-05-12 12:00:15,056] {local_task_job.py:154} INFO - Task exited with return code 0
[2022-05-12 12:00:15,102] {local_task_job.py:264} INFO - 1 downstream tasks scheduled from follow-on schedule check
