[2022-05-16 00:06:49,297] {taskinstance.py:1043} INFO - Dependencies all met for <TaskInstance: my_dag.training_model_C scheduled__2022-05-15T00:00:00+00:00 [queued]>
[2022-05-16 00:06:49,505] {taskinstance.py:1043} INFO - Dependencies all met for <TaskInstance: my_dag.training_model_C scheduled__2022-05-15T00:00:00+00:00 [queued]>
[2022-05-16 00:06:49,509] {taskinstance.py:1249} INFO - 
--------------------------------------------------------------------------------
[2022-05-16 00:06:49,512] {taskinstance.py:1250} INFO - Starting attempt 1 of 1
[2022-05-16 00:06:49,514] {taskinstance.py:1251} INFO - 
--------------------------------------------------------------------------------
[2022-05-16 00:06:49,689] {taskinstance.py:1270} INFO - Executing <Task(PythonOperator): training_model_C> on 2022-05-15 00:00:00+00:00
[2022-05-16 00:06:49,752] {standard_task_runner.py:52} INFO - Started process 4610 to run task
[2022-05-16 00:06:49,855] {standard_task_runner.py:79} INFO - Running: ['***', 'tasks', 'run', 'my_dag', 'training_model_C', 'scheduled__2022-05-15T00:00:00+00:00', '--job-id', '62', '--raw', '--subdir', 'DAGS_FOLDER/my_dag.py', '--cfg-path', '/tmp/tmpwkcbscp3', '--error-file', '/tmp/tmp3jgq7bvk']
[2022-05-16 00:06:49,887] {standard_task_runner.py:80} INFO - Job 62: Subtask training_model_C
[2022-05-16 00:06:50,818] {logging_mixin.py:109} INFO - Running <TaskInstance: my_dag.training_model_C scheduled__2022-05-15T00:00:00+00:00 [running]> on host c0c6f6bf1c08
[2022-05-16 00:06:51,855] {taskinstance.py:1448} INFO - Exporting the following env vars:
AIRFLOW_CTX_DAG_OWNER=***
AIRFLOW_CTX_DAG_ID=my_dag
AIRFLOW_CTX_TASK_ID=training_model_C
AIRFLOW_CTX_EXECUTION_DATE=2022-05-15T00:00:00+00:00
AIRFLOW_CTX_DAG_RUN_ID=scheduled__2022-05-15T00:00:00+00:00
[2022-05-16 00:06:51,888] {python.py:175} INFO - Done. Returned value was: 2
[2022-05-16 00:06:52,304] {taskinstance.py:1288} INFO - Marking task as SUCCESS. dag_id=my_dag, task_id=training_model_C, execution_date=20220515T000000, start_date=20220516T000649, end_date=20220516T000652
[2022-05-16 00:06:52,596] {local_task_job.py:154} INFO - Task exited with return code 0
[2022-05-16 00:06:53,140] {local_task_job.py:264} INFO - 0 downstream tasks scheduled from follow-on schedule check
