[2022-05-11 00:03:46,610] {taskinstance.py:1043} INFO - Dependencies all met for <TaskInstance: my_dag.choose_best_model scheduled__2022-05-10T00:00:00+00:00 [queued]>
[2022-05-11 00:03:46,691] {taskinstance.py:1043} INFO - Dependencies all met for <TaskInstance: my_dag.choose_best_model scheduled__2022-05-10T00:00:00+00:00 [queued]>
[2022-05-11 00:03:46,695] {taskinstance.py:1249} INFO - 
--------------------------------------------------------------------------------
[2022-05-11 00:03:46,699] {taskinstance.py:1250} INFO - Starting attempt 1 of 1
[2022-05-11 00:03:46,702] {taskinstance.py:1251} INFO - 
--------------------------------------------------------------------------------
[2022-05-11 00:03:46,781] {taskinstance.py:1270} INFO - Executing <Task(BranchPythonOperator): choose_best_model> on 2022-05-10 00:00:00+00:00
[2022-05-11 00:03:46,817] {standard_task_runner.py:52} INFO - Started process 10655 to run task
[2022-05-11 00:03:46,874] {standard_task_runner.py:79} INFO - Running: ['***', 'tasks', 'run', 'my_dag', 'choose_best_model', 'scheduled__2022-05-10T00:00:00+00:00', '--job-id', '38', '--raw', '--subdir', 'DAGS_FOLDER/my_dag.py', '--cfg-path', '/tmp/tmpc6m2k08c', '--error-file', '/tmp/tmpcv8lxogm']
[2022-05-11 00:03:46,888] {standard_task_runner.py:80} INFO - Job 38: Subtask choose_best_model
[2022-05-11 00:03:47,517] {logging_mixin.py:109} INFO - Running <TaskInstance: my_dag.choose_best_model scheduled__2022-05-10T00:00:00+00:00 [running]> on host c0c6f6bf1c08
[2022-05-11 00:03:47,978] {taskinstance.py:1448} INFO - Exporting the following env vars:
AIRFLOW_CTX_DAG_OWNER=***
AIRFLOW_CTX_DAG_ID=my_dag
AIRFLOW_CTX_TASK_ID=choose_best_model
AIRFLOW_CTX_EXECUTION_DATE=2022-05-10T00:00:00+00:00
AIRFLOW_CTX_DAG_RUN_ID=scheduled__2022-05-10T00:00:00+00:00
[2022-05-11 00:03:48,040] {python.py:175} INFO - Done. Returned value was: accurate
[2022-05-11 00:03:48,044] {skipmixin.py:140} INFO - Following branch accurate
[2022-05-11 00:03:48,049] {skipmixin.py:171} INFO - Skipping tasks ['inaccurate']
[2022-05-11 00:03:48,429] {taskinstance.py:1288} INFO - Marking task as SUCCESS. dag_id=my_dag, task_id=choose_best_model, execution_date=20220510T000000, start_date=20220511T000346, end_date=20220511T000348
[2022-05-11 00:03:48,597] {local_task_job.py:154} INFO - Task exited with return code 0
[2022-05-11 00:03:48,876] {local_task_job.py:264} INFO - 1 downstream tasks scheduled from follow-on schedule check
