[2022-05-09 23:41:09,458] {taskinstance.py:1043} INFO - Dependencies all met for <TaskInstance: my_dag.choose_best_model scheduled__2022-05-08T00:00:00+00:00 [queued]>
[2022-05-09 23:41:09,469] {taskinstance.py:1043} INFO - Dependencies all met for <TaskInstance: my_dag.choose_best_model scheduled__2022-05-08T00:00:00+00:00 [queued]>
[2022-05-09 23:41:09,470] {taskinstance.py:1249} INFO - 
--------------------------------------------------------------------------------
[2022-05-09 23:41:09,471] {taskinstance.py:1250} INFO - Starting attempt 1 of 1
[2022-05-09 23:41:09,472] {taskinstance.py:1251} INFO - 
--------------------------------------------------------------------------------
[2022-05-09 23:41:09,486] {taskinstance.py:1270} INFO - Executing <Task(BranchPythonOperator): choose_best_model> on 2022-05-08 00:00:00+00:00
[2022-05-09 23:41:09,494] {standard_task_runner.py:52} INFO - Started process 76 to run task
[2022-05-09 23:41:09,502] {standard_task_runner.py:79} INFO - Running: ['***', 'tasks', 'run', 'my_dag', 'choose_best_model', 'scheduled__2022-05-08T00:00:00+00:00', '--job-id', '26', '--raw', '--subdir', 'DAGS_FOLDER/my_dag.py', '--cfg-path', '/tmp/tmpk7q49wdw', '--error-file', '/tmp/tmpli8ity3l']
[2022-05-09 23:41:09,504] {standard_task_runner.py:80} INFO - Job 26: Subtask choose_best_model
[2022-05-09 23:41:09,581] {logging_mixin.py:109} INFO - Running <TaskInstance: my_dag.choose_best_model scheduled__2022-05-08T00:00:00+00:00 [running]> on host c0c6f6bf1c08
[2022-05-09 23:41:09,661] {taskinstance.py:1448} INFO - Exporting the following env vars:
AIRFLOW_CTX_DAG_OWNER=***
AIRFLOW_CTX_DAG_ID=my_dag
AIRFLOW_CTX_TASK_ID=choose_best_model
AIRFLOW_CTX_EXECUTION_DATE=2022-05-08T00:00:00+00:00
AIRFLOW_CTX_DAG_RUN_ID=scheduled__2022-05-08T00:00:00+00:00
[2022-05-09 23:41:09,673] {python.py:175} INFO - Done. Returned value was: inaccurate
[2022-05-09 23:41:09,677] {skipmixin.py:140} INFO - Following branch inaccurate
[2022-05-09 23:41:09,678] {skipmixin.py:171} INFO - Skipping tasks ['accurate']
[2022-05-09 23:41:09,748] {taskinstance.py:1288} INFO - Marking task as SUCCESS. dag_id=my_dag, task_id=choose_best_model, execution_date=20220508T000000, start_date=20220509T234109, end_date=20220509T234109
[2022-05-09 23:41:09,798] {local_task_job.py:154} INFO - Task exited with return code 0
[2022-05-09 23:41:09,861] {local_task_job.py:264} INFO - 1 downstream tasks scheduled from follow-on schedule check
