[2022-05-15 21:58:08,764] {taskinstance.py:1043} INFO - Dependencies all met for <TaskInstance: my_dag.training_model_B scheduled__2022-05-14T00:00:00+00:00 [queued]>
[2022-05-15 21:58:08,789] {taskinstance.py:1043} INFO - Dependencies all met for <TaskInstance: my_dag.training_model_B scheduled__2022-05-14T00:00:00+00:00 [queued]>
[2022-05-15 21:58:08,790] {taskinstance.py:1249} INFO - 
--------------------------------------------------------------------------------
[2022-05-15 21:58:08,793] {taskinstance.py:1250} INFO - Starting attempt 1 of 1
[2022-05-15 21:58:08,794] {taskinstance.py:1251} INFO - 
--------------------------------------------------------------------------------
[2022-05-15 21:58:08,811] {taskinstance.py:1270} INFO - Executing <Task(PythonOperator): training_model_B> on 2022-05-14 00:00:00+00:00
[2022-05-15 21:58:08,819] {standard_task_runner.py:52} INFO - Started process 72 to run task
[2022-05-15 21:58:08,831] {standard_task_runner.py:79} INFO - Running: ['***', 'tasks', 'run', 'my_dag', 'training_model_B', 'scheduled__2022-05-14T00:00:00+00:00', '--job-id', '54', '--raw', '--subdir', 'DAGS_FOLDER/my_dag.py', '--cfg-path', '/tmp/tmpyyxhoyjl', '--error-file', '/tmp/tmp78tax53k']
[2022-05-15 21:58:08,832] {standard_task_runner.py:80} INFO - Job 54: Subtask training_model_B
[2022-05-15 21:58:09,000] {logging_mixin.py:109} INFO - Running <TaskInstance: my_dag.training_model_B scheduled__2022-05-14T00:00:00+00:00 [running]> on host c0c6f6bf1c08
[2022-05-15 21:58:09,173] {taskinstance.py:1448} INFO - Exporting the following env vars:
AIRFLOW_CTX_DAG_OWNER=***
AIRFLOW_CTX_DAG_ID=my_dag
AIRFLOW_CTX_TASK_ID=training_model_B
AIRFLOW_CTX_EXECUTION_DATE=2022-05-14T00:00:00+00:00
AIRFLOW_CTX_DAG_RUN_ID=scheduled__2022-05-14T00:00:00+00:00
[2022-05-15 21:58:09,179] {python.py:175} INFO - Done. Returned value was: 8
[2022-05-15 21:58:09,255] {taskinstance.py:1288} INFO - Marking task as SUCCESS. dag_id=my_dag, task_id=training_model_B, execution_date=20220514T000000, start_date=20220515T215808, end_date=20220515T215809
[2022-05-15 21:58:09,325] {local_task_job.py:154} INFO - Task exited with return code 0
[2022-05-15 21:58:09,426] {local_task_job.py:264} INFO - 1 downstream tasks scheduled from follow-on schedule check
