[2022-05-15 21:58:10,111] {taskinstance.py:1043} INFO - Dependencies all met for <TaskInstance: my_dag.choose_best_model scheduled__2022-05-13T00:00:00+00:00 [queued]>
[2022-05-15 21:58:10,135] {taskinstance.py:1043} INFO - Dependencies all met for <TaskInstance: my_dag.choose_best_model scheduled__2022-05-13T00:00:00+00:00 [queued]>
[2022-05-15 21:58:10,138] {taskinstance.py:1249} INFO - 
--------------------------------------------------------------------------------
[2022-05-15 21:58:10,147] {taskinstance.py:1250} INFO - Starting attempt 1 of 1
[2022-05-15 21:58:10,150] {taskinstance.py:1251} INFO - 
--------------------------------------------------------------------------------
[2022-05-15 21:58:10,181] {taskinstance.py:1270} INFO - Executing <Task(BranchPythonOperator): choose_best_model> on 2022-05-13 00:00:00+00:00
[2022-05-15 21:58:10,193] {standard_task_runner.py:52} INFO - Started process 78 to run task
[2022-05-15 21:58:10,202] {standard_task_runner.py:79} INFO - Running: ['***', 'tasks', 'run', 'my_dag', 'choose_best_model', 'scheduled__2022-05-13T00:00:00+00:00', '--job-id', '58', '--raw', '--subdir', 'DAGS_FOLDER/my_dag.py', '--cfg-path', '/tmp/tmpate8yr6d', '--error-file', '/tmp/tmpn34c8ar4']
[2022-05-15 21:58:10,204] {standard_task_runner.py:80} INFO - Job 58: Subtask choose_best_model
[2022-05-15 21:58:10,346] {logging_mixin.py:109} INFO - Running <TaskInstance: my_dag.choose_best_model scheduled__2022-05-13T00:00:00+00:00 [running]> on host c0c6f6bf1c08
[2022-05-15 21:58:10,472] {taskinstance.py:1448} INFO - Exporting the following env vars:
AIRFLOW_CTX_DAG_OWNER=***
AIRFLOW_CTX_DAG_ID=my_dag
AIRFLOW_CTX_TASK_ID=choose_best_model
AIRFLOW_CTX_EXECUTION_DATE=2022-05-13T00:00:00+00:00
AIRFLOW_CTX_DAG_RUN_ID=scheduled__2022-05-13T00:00:00+00:00
[2022-05-15 21:58:10,494] {python.py:175} INFO - Done. Returned value was: inaccurate
[2022-05-15 21:58:10,495] {skipmixin.py:140} INFO - Following branch inaccurate
[2022-05-15 21:58:10,497] {skipmixin.py:171} INFO - Skipping tasks ['accurate']
[2022-05-15 21:58:10,575] {taskinstance.py:1288} INFO - Marking task as SUCCESS. dag_id=my_dag, task_id=choose_best_model, execution_date=20220513T000000, start_date=20220515T215810, end_date=20220515T215810
[2022-05-15 21:58:10,662] {local_task_job.py:154} INFO - Task exited with return code 0
[2022-05-15 21:58:10,811] {local_task_job.py:264} INFO - 1 downstream tasks scheduled from follow-on schedule check
