[2022-05-11 00:03:41,911] {taskinstance.py:1043} INFO - Dependencies all met for <TaskInstance: my_dag.training_model_B scheduled__2022-05-10T00:00:00+00:00 [queued]>
[2022-05-11 00:03:41,991] {taskinstance.py:1043} INFO - Dependencies all met for <TaskInstance: my_dag.training_model_B scheduled__2022-05-10T00:00:00+00:00 [queued]>
[2022-05-11 00:03:41,992] {taskinstance.py:1249} INFO - 
--------------------------------------------------------------------------------
[2022-05-11 00:03:41,994] {taskinstance.py:1250} INFO - Starting attempt 1 of 1
[2022-05-11 00:03:41,996] {taskinstance.py:1251} INFO - 
--------------------------------------------------------------------------------
[2022-05-11 00:03:42,079] {taskinstance.py:1270} INFO - Executing <Task(PythonOperator): training_model_B> on 2022-05-10 00:00:00+00:00
[2022-05-11 00:03:42,104] {standard_task_runner.py:79} INFO - Running: ['***', 'tasks', 'run', 'my_dag', 'training_model_B', 'scheduled__2022-05-10T00:00:00+00:00', '--job-id', '35', '--raw', '--subdir', 'DAGS_FOLDER/my_dag.py', '--cfg-path', '/tmp/tmpo_3r2aur', '--error-file', '/tmp/tmpkgipxd5a']
[2022-05-11 00:03:42,109] {standard_task_runner.py:80} INFO - Job 35: Subtask training_model_B
[2022-05-11 00:03:42,089] {standard_task_runner.py:52} INFO - Started process 10650 to run task
[2022-05-11 00:03:42,316] {logging_mixin.py:109} INFO - Running <TaskInstance: my_dag.training_model_B scheduled__2022-05-10T00:00:00+00:00 [running]> on host c0c6f6bf1c08
[2022-05-11 00:03:42,528] {taskinstance.py:1448} INFO - Exporting the following env vars:
AIRFLOW_CTX_DAG_OWNER=***
AIRFLOW_CTX_DAG_ID=my_dag
AIRFLOW_CTX_TASK_ID=training_model_B
AIRFLOW_CTX_EXECUTION_DATE=2022-05-10T00:00:00+00:00
AIRFLOW_CTX_DAG_RUN_ID=scheduled__2022-05-10T00:00:00+00:00
[2022-05-11 00:03:42,532] {python.py:175} INFO - Done. Returned value was: 7
[2022-05-11 00:03:42,627] {taskinstance.py:1288} INFO - Marking task as SUCCESS. dag_id=my_dag, task_id=training_model_B, execution_date=20220510T000000, start_date=20220511T000341, end_date=20220511T000342
[2022-05-11 00:03:42,784] {local_task_job.py:154} INFO - Task exited with return code 0
[2022-05-11 00:03:42,902] {local_task_job.py:264} INFO - 0 downstream tasks scheduled from follow-on schedule check
