[2022-05-10 00:00:02,371] {taskinstance.py:1043} INFO - Dependencies all met for <TaskInstance: my_dag.choose_best_model scheduled__2022-05-09T00:00:00+00:00 [queued]>
[2022-05-10 00:00:02,384] {taskinstance.py:1043} INFO - Dependencies all met for <TaskInstance: my_dag.choose_best_model scheduled__2022-05-09T00:00:00+00:00 [queued]>
[2022-05-10 00:00:02,385] {taskinstance.py:1249} INFO - 
--------------------------------------------------------------------------------
[2022-05-10 00:00:02,386] {taskinstance.py:1250} INFO - Starting attempt 1 of 1
[2022-05-10 00:00:02,387] {taskinstance.py:1251} INFO - 
--------------------------------------------------------------------------------
[2022-05-10 00:00:02,405] {taskinstance.py:1270} INFO - Executing <Task(BranchPythonOperator): choose_best_model> on 2022-05-09 00:00:00+00:00
[2022-05-10 00:00:02,411] {standard_task_runner.py:52} INFO - Started process 947 to run task
[2022-05-10 00:00:02,416] {standard_task_runner.py:79} INFO - Running: ['***', 'tasks', 'run', 'my_dag', 'choose_best_model', 'scheduled__2022-05-09T00:00:00+00:00', '--job-id', '33', '--raw', '--subdir', 'DAGS_FOLDER/my_dag.py', '--cfg-path', '/tmp/tmp5j_qwj97', '--error-file', '/tmp/tmp5wfic03v']
[2022-05-10 00:00:02,417] {standard_task_runner.py:80} INFO - Job 33: Subtask choose_best_model
[2022-05-10 00:00:02,495] {logging_mixin.py:109} INFO - Running <TaskInstance: my_dag.choose_best_model scheduled__2022-05-09T00:00:00+00:00 [running]> on host c0c6f6bf1c08
[2022-05-10 00:00:02,561] {taskinstance.py:1448} INFO - Exporting the following env vars:
AIRFLOW_CTX_DAG_OWNER=***
AIRFLOW_CTX_DAG_ID=my_dag
AIRFLOW_CTX_TASK_ID=choose_best_model
AIRFLOW_CTX_EXECUTION_DATE=2022-05-09T00:00:00+00:00
AIRFLOW_CTX_DAG_RUN_ID=scheduled__2022-05-09T00:00:00+00:00
[2022-05-10 00:00:02,571] {python.py:175} INFO - Done. Returned value was: inaccurate
[2022-05-10 00:00:02,572] {skipmixin.py:140} INFO - Following branch inaccurate
[2022-05-10 00:00:02,573] {skipmixin.py:171} INFO - Skipping tasks ['accurate']
[2022-05-10 00:00:02,618] {taskinstance.py:1288} INFO - Marking task as SUCCESS. dag_id=my_dag, task_id=choose_best_model, execution_date=20220509T000000, start_date=20220510T000002, end_date=20220510T000002
[2022-05-10 00:00:02,669] {local_task_job.py:154} INFO - Task exited with return code 0
[2022-05-10 00:00:02,709] {local_task_job.py:264} INFO - 1 downstream tasks scheduled from follow-on schedule check
