[2022-05-12 12:00:13,378] {taskinstance.py:1043} INFO - Dependencies all met for <TaskInstance: my_dag.training_model_C scheduled__2022-05-11T00:00:00+00:00 [queued]>
[2022-05-12 12:00:13,397] {taskinstance.py:1043} INFO - Dependencies all met for <TaskInstance: my_dag.training_model_C scheduled__2022-05-11T00:00:00+00:00 [queued]>
[2022-05-12 12:00:13,401] {taskinstance.py:1249} INFO - 
--------------------------------------------------------------------------------
[2022-05-12 12:00:13,403] {taskinstance.py:1250} INFO - Starting attempt 1 of 1
[2022-05-12 12:00:13,404] {taskinstance.py:1251} INFO - 
--------------------------------------------------------------------------------
[2022-05-12 12:00:13,435] {taskinstance.py:1270} INFO - Executing <Task(PythonOperator): training_model_C> on 2022-05-11 00:00:00+00:00
[2022-05-12 12:00:13,446] {standard_task_runner.py:52} INFO - Started process 16032 to run task
[2022-05-12 12:00:13,448] {standard_task_runner.py:79} INFO - Running: ['***', 'tasks', 'run', 'my_dag', 'training_model_C', 'scheduled__2022-05-11T00:00:00+00:00', '--job-id', '42', '--raw', '--subdir', 'DAGS_FOLDER/my_dag.py', '--cfg-path', '/tmp/tmp939x0_ik', '--error-file', '/tmp/tmp8o663akn']
[2022-05-12 12:00:13,451] {standard_task_runner.py:80} INFO - Job 42: Subtask training_model_C
[2022-05-12 12:00:13,622] {logging_mixin.py:109} INFO - Running <TaskInstance: my_dag.training_model_C scheduled__2022-05-11T00:00:00+00:00 [running]> on host c0c6f6bf1c08
[2022-05-12 12:00:13,953] {taskinstance.py:1448} INFO - Exporting the following env vars:
AIRFLOW_CTX_DAG_OWNER=***
AIRFLOW_CTX_DAG_ID=my_dag
AIRFLOW_CTX_TASK_ID=training_model_C
AIRFLOW_CTX_EXECUTION_DATE=2022-05-11T00:00:00+00:00
AIRFLOW_CTX_DAG_RUN_ID=scheduled__2022-05-11T00:00:00+00:00
[2022-05-12 12:00:13,956] {python.py:175} INFO - Done. Returned value was: 10
[2022-05-12 12:00:14,079] {taskinstance.py:1288} INFO - Marking task as SUCCESS. dag_id=my_dag, task_id=training_model_C, execution_date=20220511T000000, start_date=20220512T120013, end_date=20220512T120014
[2022-05-12 12:00:14,133] {local_task_job.py:154} INFO - Task exited with return code 0
[2022-05-12 12:00:14,225] {local_task_job.py:264} INFO - 0 downstream tasks scheduled from follow-on schedule check
