[2022-04-10 02:59:56,469] {taskinstance.py:1043} INFO - Dependencies all met for <TaskInstance: my_dag.training_model_C scheduled__2022-04-09T00:00:00+00:00 [queued]>
[2022-04-10 02:59:56,491] {taskinstance.py:1043} INFO - Dependencies all met for <TaskInstance: my_dag.training_model_C scheduled__2022-04-09T00:00:00+00:00 [queued]>
[2022-04-10 02:59:56,492] {taskinstance.py:1249} INFO - 
--------------------------------------------------------------------------------
[2022-04-10 02:59:56,493] {taskinstance.py:1250} INFO - Starting attempt 1 of 1
[2022-04-10 02:59:56,494] {taskinstance.py:1251} INFO - 
--------------------------------------------------------------------------------
[2022-04-10 02:59:56,518] {taskinstance.py:1270} INFO - Executing <Task(PythonOperator): training_model_C> on 2022-04-09 00:00:00+00:00
[2022-04-10 02:59:56,524] {standard_task_runner.py:52} INFO - Started process 3277 to run task
[2022-04-10 02:59:56,529] {standard_task_runner.py:79} INFO - Running: ['***', 'tasks', 'run', 'my_dag', 'training_model_C', 'scheduled__2022-04-09T00:00:00+00:00', '--job-id', '3', '--raw', '--subdir', 'DAGS_FOLDER/my_dag.py', '--cfg-path', '/tmp/tmpap4b4hwx', '--error-file', '/tmp/tmppekql9nt']
[2022-04-10 02:59:56,530] {standard_task_runner.py:80} INFO - Job 3: Subtask training_model_C
[2022-04-10 02:59:56,650] {logging_mixin.py:109} INFO - Running <TaskInstance: my_dag.training_model_C scheduled__2022-04-09T00:00:00+00:00 [running]> on host c0c6f6bf1c08
[2022-04-10 02:59:56,802] {taskinstance.py:1448} INFO - Exporting the following env vars:
AIRFLOW_CTX_DAG_OWNER=***
AIRFLOW_CTX_DAG_ID=my_dag
AIRFLOW_CTX_TASK_ID=training_model_C
AIRFLOW_CTX_EXECUTION_DATE=2022-04-09T00:00:00+00:00
AIRFLOW_CTX_DAG_RUN_ID=scheduled__2022-04-09T00:00:00+00:00
[2022-04-10 02:59:56,804] {python.py:175} INFO - Done. Returned value was: 9
[2022-04-10 02:59:56,879] {taskinstance.py:1288} INFO - Marking task as SUCCESS. dag_id=my_dag, task_id=training_model_C, execution_date=20220409T000000, start_date=20220410T025956, end_date=20220410T025956
[2022-04-10 02:59:56,949] {local_task_job.py:154} INFO - Task exited with return code 0
[2022-04-10 02:59:57,063] {local_task_job.py:264} INFO - 0 downstream tasks scheduled from follow-on schedule check
