[2022-05-09 23:41:07,677] {taskinstance.py:1043} INFO - Dependencies all met for <TaskInstance: my_dag.training_model_A scheduled__2022-04-11T00:00:00+00:00 [queued]>
[2022-05-09 23:41:07,712] {taskinstance.py:1043} INFO - Dependencies all met for <TaskInstance: my_dag.training_model_A scheduled__2022-04-11T00:00:00+00:00 [queued]>
[2022-05-09 23:41:07,713] {taskinstance.py:1249} INFO - 
--------------------------------------------------------------------------------
[2022-05-09 23:41:07,715] {taskinstance.py:1250} INFO - Starting attempt 1 of 1
[2022-05-09 23:41:07,717] {taskinstance.py:1251} INFO - 
--------------------------------------------------------------------------------
[2022-05-09 23:41:07,750] {taskinstance.py:1270} INFO - Executing <Task(PythonOperator): training_model_A> on 2022-04-11 00:00:00+00:00
[2022-05-09 23:41:07,768] {standard_task_runner.py:52} INFO - Started process 72 to run task
[2022-05-09 23:41:07,795] {standard_task_runner.py:79} INFO - Running: ['***', 'tasks', 'run', 'my_dag', 'training_model_A', 'scheduled__2022-04-11T00:00:00+00:00', '--job-id', '22', '--raw', '--subdir', 'DAGS_FOLDER/my_dag.py', '--cfg-path', '/tmp/tmp16_5kyqc', '--error-file', '/tmp/tmpf6b4qzbt']
[2022-05-09 23:41:07,803] {standard_task_runner.py:80} INFO - Job 22: Subtask training_model_A
[2022-05-09 23:41:07,969] {logging_mixin.py:109} INFO - Running <TaskInstance: my_dag.training_model_A scheduled__2022-04-11T00:00:00+00:00 [running]> on host c0c6f6bf1c08
[2022-05-09 23:41:08,132] {taskinstance.py:1448} INFO - Exporting the following env vars:
AIRFLOW_CTX_DAG_OWNER=***
AIRFLOW_CTX_DAG_ID=my_dag
AIRFLOW_CTX_TASK_ID=training_model_A
AIRFLOW_CTX_EXECUTION_DATE=2022-04-11T00:00:00+00:00
AIRFLOW_CTX_DAG_RUN_ID=scheduled__2022-04-11T00:00:00+00:00
[2022-05-09 23:41:08,135] {python.py:175} INFO - Done. Returned value was: 5
[2022-05-09 23:41:08,223] {taskinstance.py:1288} INFO - Marking task as SUCCESS. dag_id=my_dag, task_id=training_model_A, execution_date=20220411T000000, start_date=20220509T234107, end_date=20220509T234108
[2022-05-09 23:41:08,298] {local_task_job.py:154} INFO - Task exited with return code 0
[2022-05-09 23:41:08,409] {local_task_job.py:264} INFO - 1 downstream tasks scheduled from follow-on schedule check
