[2022-04-10 02:59:57,901] {taskinstance.py:1043} INFO - Dependencies all met for <TaskInstance: my_dag.choose_best_model manual__2022-04-10T02:59:55.157582+00:00 [queued]>
[2022-04-10 02:59:57,915] {taskinstance.py:1043} INFO - Dependencies all met for <TaskInstance: my_dag.choose_best_model manual__2022-04-10T02:59:55.157582+00:00 [queued]>
[2022-04-10 02:59:57,916] {taskinstance.py:1249} INFO - 
--------------------------------------------------------------------------------
[2022-04-10 02:59:57,916] {taskinstance.py:1250} INFO - Starting attempt 1 of 1
[2022-04-10 02:59:57,917] {taskinstance.py:1251} INFO - 
--------------------------------------------------------------------------------
[2022-04-10 02:59:57,934] {taskinstance.py:1270} INFO - Executing <Task(BranchPythonOperator): choose_best_model> on 2022-04-10 02:59:55.157582+00:00
[2022-04-10 02:59:57,942] {standard_task_runner.py:52} INFO - Started process 3292 to run task
[2022-04-10 02:59:57,948] {standard_task_runner.py:79} INFO - Running: ['***', 'tasks', 'run', 'my_dag', 'choose_best_model', 'manual__2022-04-10T02:59:55.157582+00:00', '--job-id', '9', '--raw', '--subdir', 'DAGS_FOLDER/my_dag.py', '--cfg-path', '/tmp/tmpmm5h75ij', '--error-file', '/tmp/tmpw8_f_v0_']
[2022-04-10 02:59:57,949] {standard_task_runner.py:80} INFO - Job 9: Subtask choose_best_model
[2022-04-10 02:59:58,027] {logging_mixin.py:109} INFO - Running <TaskInstance: my_dag.choose_best_model manual__2022-04-10T02:59:55.157582+00:00 [running]> on host c0c6f6bf1c08
[2022-04-10 02:59:58,101] {taskinstance.py:1448} INFO - Exporting the following env vars:
AIRFLOW_CTX_DAG_OWNER=***
AIRFLOW_CTX_DAG_ID=my_dag
AIRFLOW_CTX_TASK_ID=choose_best_model
AIRFLOW_CTX_EXECUTION_DATE=2022-04-10T02:59:55.157582+00:00
AIRFLOW_CTX_DAG_RUN_ID=manual__2022-04-10T02:59:55.157582+00:00
[2022-04-10 02:59:58,135] {python.py:175} INFO - Done. Returned value was: accurate
[2022-04-10 02:59:58,137] {skipmixin.py:140} INFO - Following branch accurate
[2022-04-10 02:59:58,138] {skipmixin.py:171} INFO - Skipping tasks ['inaccurate']
[2022-04-10 02:59:58,197] {taskinstance.py:1288} INFO - Marking task as SUCCESS. dag_id=my_dag, task_id=choose_best_model, execution_date=20220410T025955, start_date=20220410T025957, end_date=20220410T025958
[2022-04-10 02:59:58,245] {local_task_job.py:154} INFO - Task exited with return code 0
[2022-04-10 02:59:58,298] {local_task_job.py:264} INFO - 1 downstream tasks scheduled from follow-on schedule check
