[2022-04-10 02:59:56,466] {taskinstance.py:1043} INFO - Dependencies all met for <TaskInstance: my_dag.training_model_C manual__2022-04-10T02:59:55.157582+00:00 [queued]>
[2022-04-10 02:59:56,486] {taskinstance.py:1043} INFO - Dependencies all met for <TaskInstance: my_dag.training_model_C manual__2022-04-10T02:59:55.157582+00:00 [queued]>
[2022-04-10 02:59:56,488] {taskinstance.py:1249} INFO - 
--------------------------------------------------------------------------------
[2022-04-10 02:59:56,489] {taskinstance.py:1250} INFO - Starting attempt 1 of 1
[2022-04-10 02:59:56,490] {taskinstance.py:1251} INFO - 
--------------------------------------------------------------------------------
[2022-04-10 02:59:56,511] {taskinstance.py:1270} INFO - Executing <Task(PythonOperator): training_model_C> on 2022-04-10 02:59:55.157582+00:00
[2022-04-10 02:59:56,516] {standard_task_runner.py:52} INFO - Started process 3276 to run task
[2022-04-10 02:59:56,532] {standard_task_runner.py:79} INFO - Running: ['***', 'tasks', 'run', 'my_dag', 'training_model_C', 'manual__2022-04-10T02:59:55.157582+00:00', '--job-id', '4', '--raw', '--subdir', 'DAGS_FOLDER/my_dag.py', '--cfg-path', '/tmp/tmpg5ftbpm1', '--error-file', '/tmp/tmpx9akxgke']
[2022-04-10 02:59:56,533] {standard_task_runner.py:80} INFO - Job 4: Subtask training_model_C
[2022-04-10 02:59:56,650] {logging_mixin.py:109} INFO - Running <TaskInstance: my_dag.training_model_C manual__2022-04-10T02:59:55.157582+00:00 [running]> on host c0c6f6bf1c08
[2022-04-10 02:59:56,741] {taskinstance.py:1448} INFO - Exporting the following env vars:
AIRFLOW_CTX_DAG_OWNER=***
AIRFLOW_CTX_DAG_ID=my_dag
AIRFLOW_CTX_TASK_ID=training_model_C
AIRFLOW_CTX_EXECUTION_DATE=2022-04-10T02:59:55.157582+00:00
AIRFLOW_CTX_DAG_RUN_ID=manual__2022-04-10T02:59:55.157582+00:00
[2022-04-10 02:59:56,744] {python.py:175} INFO - Done. Returned value was: 6
[2022-04-10 02:59:56,788] {taskinstance.py:1288} INFO - Marking task as SUCCESS. dag_id=my_dag, task_id=training_model_C, execution_date=20220410T025955, start_date=20220410T025956, end_date=20220410T025956
[2022-04-10 02:59:56,819] {local_task_job.py:154} INFO - Task exited with return code 0
[2022-04-10 02:59:56,912] {local_task_job.py:264} INFO - 0 downstream tasks scheduled from follow-on schedule check
