[2022-05-09 23:41:04,996] {processor.py:163} INFO - Started process (PID=66) to work on /home/airflow/.local/lib/python3.7/site-packages/airflow/example_dags/example_branch_python_dop_operator_3.py
[2022-05-09 23:41:05,000] {processor.py:642} INFO - Processing file /home/airflow/.local/lib/python3.7/site-packages/airflow/example_dags/example_branch_python_dop_operator_3.py for tasks to queue
[2022-05-09 23:41:05,002] {logging_mixin.py:109} INFO - [2022-05-09 23:41:05,001] {dagbag.py:500} INFO - Filling up the DagBag from /home/airflow/.local/lib/python3.7/site-packages/airflow/example_dags/example_branch_python_dop_operator_3.py
[2022-05-09 23:41:05,025] {processor.py:652} INFO - DAG(s) dict_keys(['example_branch_dop_operator_v3']) retrieved from /home/airflow/.local/lib/python3.7/site-packages/airflow/example_dags/example_branch_python_dop_operator_3.py
[2022-05-09 23:41:05,060] {logging_mixin.py:109} INFO - [2022-05-09 23:41:05,060] {dag.py:2398} INFO - Sync 1 DAGs
[2022-05-09 23:41:05,094] {logging_mixin.py:109} INFO - [2022-05-09 23:41:05,094] {dag.py:2937} INFO - Setting next_dagrun for example_branch_dop_operator_v3 to 2022-05-09T23:40:00+00:00
[2022-05-09 23:41:05,111] {processor.py:171} INFO - Processing /home/airflow/.local/lib/python3.7/site-packages/airflow/example_dags/example_branch_python_dop_operator_3.py took 0.120 seconds
[2022-05-09 23:41:35,887] {processor.py:163} INFO - Started process (PID=126) to work on /home/airflow/.local/lib/python3.7/site-packages/airflow/example_dags/example_branch_python_dop_operator_3.py
[2022-05-09 23:41:35,891] {processor.py:642} INFO - Processing file /home/airflow/.local/lib/python3.7/site-packages/airflow/example_dags/example_branch_python_dop_operator_3.py for tasks to queue
[2022-05-09 23:41:35,909] {logging_mixin.py:109} INFO - [2022-05-09 23:41:35,909] {dagbag.py:500} INFO - Filling up the DagBag from /home/airflow/.local/lib/python3.7/site-packages/airflow/example_dags/example_branch_python_dop_operator_3.py
[2022-05-09 23:41:35,969] {processor.py:652} INFO - DAG(s) dict_keys(['example_branch_dop_operator_v3']) retrieved from /home/airflow/.local/lib/python3.7/site-packages/airflow/example_dags/example_branch_python_dop_operator_3.py
[2022-05-09 23:41:36,030] {logging_mixin.py:109} INFO - [2022-05-09 23:41:36,029] {dag.py:2398} INFO - Sync 1 DAGs
[2022-05-09 23:41:36,061] {logging_mixin.py:109} INFO - [2022-05-09 23:41:36,060] {dag.py:2937} INFO - Setting next_dagrun for example_branch_dop_operator_v3 to 2022-05-09T23:40:00+00:00
[2022-05-09 23:41:36,077] {processor.py:171} INFO - Processing /home/airflow/.local/lib/python3.7/site-packages/airflow/example_dags/example_branch_python_dop_operator_3.py took 0.196 seconds
[2022-05-09 23:42:06,959] {processor.py:163} INFO - Started process (PID=189) to work on /home/airflow/.local/lib/python3.7/site-packages/airflow/example_dags/example_branch_python_dop_operator_3.py
[2022-05-09 23:42:06,961] {processor.py:642} INFO - Processing file /home/airflow/.local/lib/python3.7/site-packages/airflow/example_dags/example_branch_python_dop_operator_3.py for tasks to queue
[2022-05-09 23:42:06,962] {logging_mixin.py:109} INFO - [2022-05-09 23:42:06,962] {dagbag.py:500} INFO - Filling up the DagBag from /home/airflow/.local/lib/python3.7/site-packages/airflow/example_dags/example_branch_python_dop_operator_3.py
[2022-05-09 23:42:06,983] {processor.py:652} INFO - DAG(s) dict_keys(['example_branch_dop_operator_v3']) retrieved from /home/airflow/.local/lib/python3.7/site-packages/airflow/example_dags/example_branch_python_dop_operator_3.py
[2022-05-09 23:42:07,004] {logging_mixin.py:109} INFO - [2022-05-09 23:42:07,004] {dag.py:2398} INFO - Sync 1 DAGs
[2022-05-09 23:42:07,031] {logging_mixin.py:109} INFO - [2022-05-09 23:42:07,031] {dag.py:2937} INFO - Setting next_dagrun for example_branch_dop_operator_v3 to 2022-05-09T23:41:00+00:00
[2022-05-09 23:42:07,043] {processor.py:171} INFO - Processing /home/airflow/.local/lib/python3.7/site-packages/airflow/example_dags/example_branch_python_dop_operator_3.py took 0.087 seconds
[2022-05-09 23:42:37,718] {processor.py:163} INFO - Started process (PID=243) to work on /home/airflow/.local/lib/python3.7/site-packages/airflow/example_dags/example_branch_python_dop_operator_3.py
[2022-05-09 23:42:37,720] {processor.py:642} INFO - Processing file /home/airflow/.local/lib/python3.7/site-packages/airflow/example_dags/example_branch_python_dop_operator_3.py for tasks to queue
[2022-05-09 23:42:37,721] {logging_mixin.py:109} INFO - [2022-05-09 23:42:37,721] {dagbag.py:500} INFO - Filling up the DagBag from /home/airflow/.local/lib/python3.7/site-packages/airflow/example_dags/example_branch_python_dop_operator_3.py
[2022-05-09 23:42:37,741] {processor.py:652} INFO - DAG(s) dict_keys(['example_branch_dop_operator_v3']) retrieved from /home/airflow/.local/lib/python3.7/site-packages/airflow/example_dags/example_branch_python_dop_operator_3.py
[2022-05-09 23:42:37,763] {logging_mixin.py:109} INFO - [2022-05-09 23:42:37,763] {dag.py:2398} INFO - Sync 1 DAGs
[2022-05-09 23:42:37,787] {logging_mixin.py:109} INFO - [2022-05-09 23:42:37,787] {dag.py:2937} INFO - Setting next_dagrun for example_branch_dop_operator_v3 to 2022-05-09T23:41:00+00:00
[2022-05-09 23:42:37,801] {processor.py:171} INFO - Processing /home/airflow/.local/lib/python3.7/site-packages/airflow/example_dags/example_branch_python_dop_operator_3.py took 0.086 seconds
[2022-05-09 23:43:08,944] {processor.py:163} INFO - Started process (PID=304) to work on /home/airflow/.local/lib/python3.7/site-packages/airflow/example_dags/example_branch_python_dop_operator_3.py
[2022-05-09 23:43:08,947] {processor.py:642} INFO - Processing file /home/airflow/.local/lib/python3.7/site-packages/airflow/example_dags/example_branch_python_dop_operator_3.py for tasks to queue
[2022-05-09 23:43:08,948] {logging_mixin.py:109} INFO - [2022-05-09 23:43:08,948] {dagbag.py:500} INFO - Filling up the DagBag from /home/airflow/.local/lib/python3.7/site-packages/airflow/example_dags/example_branch_python_dop_operator_3.py
[2022-05-09 23:43:08,969] {processor.py:652} INFO - DAG(s) dict_keys(['example_branch_dop_operator_v3']) retrieved from /home/airflow/.local/lib/python3.7/site-packages/airflow/example_dags/example_branch_python_dop_operator_3.py
[2022-05-09 23:43:08,996] {logging_mixin.py:109} INFO - [2022-05-09 23:43:08,995] {dag.py:2398} INFO - Sync 1 DAGs
[2022-05-09 23:43:09,023] {logging_mixin.py:109} INFO - [2022-05-09 23:43:09,023] {dag.py:2937} INFO - Setting next_dagrun for example_branch_dop_operator_v3 to 2022-05-09T23:42:00+00:00
[2022-05-09 23:43:09,037] {processor.py:171} INFO - Processing /home/airflow/.local/lib/python3.7/site-packages/airflow/example_dags/example_branch_python_dop_operator_3.py took 0.097 seconds
[2022-05-09 23:43:39,825] {processor.py:163} INFO - Started process (PID=356) to work on /home/airflow/.local/lib/python3.7/site-packages/airflow/example_dags/example_branch_python_dop_operator_3.py
[2022-05-09 23:43:39,827] {processor.py:642} INFO - Processing file /home/airflow/.local/lib/python3.7/site-packages/airflow/example_dags/example_branch_python_dop_operator_3.py for tasks to queue
[2022-05-09 23:43:39,829] {logging_mixin.py:109} INFO - [2022-05-09 23:43:39,829] {dagbag.py:500} INFO - Filling up the DagBag from /home/airflow/.local/lib/python3.7/site-packages/airflow/example_dags/example_branch_python_dop_operator_3.py
[2022-05-09 23:43:39,852] {processor.py:652} INFO - DAG(s) dict_keys(['example_branch_dop_operator_v3']) retrieved from /home/airflow/.local/lib/python3.7/site-packages/airflow/example_dags/example_branch_python_dop_operator_3.py
[2022-05-09 23:43:39,875] {logging_mixin.py:109} INFO - [2022-05-09 23:43:39,874] {dag.py:2398} INFO - Sync 1 DAGs
[2022-05-09 23:43:39,903] {logging_mixin.py:109} INFO - [2022-05-09 23:43:39,903] {dag.py:2937} INFO - Setting next_dagrun for example_branch_dop_operator_v3 to 2022-05-09T23:42:00+00:00
[2022-05-09 23:43:39,916] {processor.py:171} INFO - Processing /home/airflow/.local/lib/python3.7/site-packages/airflow/example_dags/example_branch_python_dop_operator_3.py took 0.095 seconds
[2022-05-09 23:44:10,710] {processor.py:163} INFO - Started process (PID=419) to work on /home/airflow/.local/lib/python3.7/site-packages/airflow/example_dags/example_branch_python_dop_operator_3.py
[2022-05-09 23:44:10,713] {processor.py:642} INFO - Processing file /home/airflow/.local/lib/python3.7/site-packages/airflow/example_dags/example_branch_python_dop_operator_3.py for tasks to queue
[2022-05-09 23:44:10,715] {logging_mixin.py:109} INFO - [2022-05-09 23:44:10,715] {dagbag.py:500} INFO - Filling up the DagBag from /home/airflow/.local/lib/python3.7/site-packages/airflow/example_dags/example_branch_python_dop_operator_3.py
[2022-05-09 23:44:10,736] {processor.py:652} INFO - DAG(s) dict_keys(['example_branch_dop_operator_v3']) retrieved from /home/airflow/.local/lib/python3.7/site-packages/airflow/example_dags/example_branch_python_dop_operator_3.py
[2022-05-09 23:44:10,758] {logging_mixin.py:109} INFO - [2022-05-09 23:44:10,758] {dag.py:2398} INFO - Sync 1 DAGs
[2022-05-09 23:44:10,784] {logging_mixin.py:109} INFO - [2022-05-09 23:44:10,783] {dag.py:2937} INFO - Setting next_dagrun for example_branch_dop_operator_v3 to 2022-05-09T23:43:00+00:00
[2022-05-09 23:44:10,794] {processor.py:171} INFO - Processing /home/airflow/.local/lib/python3.7/site-packages/airflow/example_dags/example_branch_python_dop_operator_3.py took 0.089 seconds
[2022-05-09 23:44:41,604] {processor.py:163} INFO - Started process (PID=473) to work on /home/airflow/.local/lib/python3.7/site-packages/airflow/example_dags/example_branch_python_dop_operator_3.py
[2022-05-09 23:44:41,607] {processor.py:642} INFO - Processing file /home/airflow/.local/lib/python3.7/site-packages/airflow/example_dags/example_branch_python_dop_operator_3.py for tasks to queue
[2022-05-09 23:44:41,609] {logging_mixin.py:109} INFO - [2022-05-09 23:44:41,609] {dagbag.py:500} INFO - Filling up the DagBag from /home/airflow/.local/lib/python3.7/site-packages/airflow/example_dags/example_branch_python_dop_operator_3.py
[2022-05-09 23:44:41,633] {processor.py:652} INFO - DAG(s) dict_keys(['example_branch_dop_operator_v3']) retrieved from /home/airflow/.local/lib/python3.7/site-packages/airflow/example_dags/example_branch_python_dop_operator_3.py
[2022-05-09 23:44:41,661] {logging_mixin.py:109} INFO - [2022-05-09 23:44:41,661] {dag.py:2398} INFO - Sync 1 DAGs
[2022-05-09 23:44:41,693] {logging_mixin.py:109} INFO - [2022-05-09 23:44:41,693] {dag.py:2937} INFO - Setting next_dagrun for example_branch_dop_operator_v3 to 2022-05-09T23:43:00+00:00
[2022-05-09 23:44:41,708] {processor.py:171} INFO - Processing /home/airflow/.local/lib/python3.7/site-packages/airflow/example_dags/example_branch_python_dop_operator_3.py took 0.108 seconds
[2022-05-09 23:45:12,674] {processor.py:163} INFO - Started process (PID=537) to work on /home/airflow/.local/lib/python3.7/site-packages/airflow/example_dags/example_branch_python_dop_operator_3.py
[2022-05-09 23:45:12,678] {processor.py:642} INFO - Processing file /home/airflow/.local/lib/python3.7/site-packages/airflow/example_dags/example_branch_python_dop_operator_3.py for tasks to queue
[2022-05-09 23:45:12,680] {logging_mixin.py:109} INFO - [2022-05-09 23:45:12,679] {dagbag.py:500} INFO - Filling up the DagBag from /home/airflow/.local/lib/python3.7/site-packages/airflow/example_dags/example_branch_python_dop_operator_3.py
[2022-05-09 23:45:12,715] {processor.py:652} INFO - DAG(s) dict_keys(['example_branch_dop_operator_v3']) retrieved from /home/airflow/.local/lib/python3.7/site-packages/airflow/example_dags/example_branch_python_dop_operator_3.py
[2022-05-09 23:45:12,741] {logging_mixin.py:109} INFO - [2022-05-09 23:45:12,741] {dag.py:2398} INFO - Sync 1 DAGs
[2022-05-09 23:45:12,767] {logging_mixin.py:109} INFO - [2022-05-09 23:45:12,767] {dag.py:2937} INFO - Setting next_dagrun for example_branch_dop_operator_v3 to 2022-05-09T23:44:00+00:00
[2022-05-09 23:45:12,778] {processor.py:171} INFO - Processing /home/airflow/.local/lib/python3.7/site-packages/airflow/example_dags/example_branch_python_dop_operator_3.py took 0.108 seconds
[2022-05-09 23:45:43,816] {processor.py:163} INFO - Started process (PID=602) to work on /home/airflow/.local/lib/python3.7/site-packages/airflow/example_dags/example_branch_python_dop_operator_3.py
[2022-05-09 23:45:43,819] {processor.py:642} INFO - Processing file /home/airflow/.local/lib/python3.7/site-packages/airflow/example_dags/example_branch_python_dop_operator_3.py for tasks to queue
[2022-05-09 23:45:43,820] {logging_mixin.py:109} INFO - [2022-05-09 23:45:43,820] {dagbag.py:500} INFO - Filling up the DagBag from /home/airflow/.local/lib/python3.7/site-packages/airflow/example_dags/example_branch_python_dop_operator_3.py
[2022-05-09 23:45:43,838] {processor.py:652} INFO - DAG(s) dict_keys(['example_branch_dop_operator_v3']) retrieved from /home/airflow/.local/lib/python3.7/site-packages/airflow/example_dags/example_branch_python_dop_operator_3.py
[2022-05-09 23:45:43,862] {logging_mixin.py:109} INFO - [2022-05-09 23:45:43,862] {dag.py:2398} INFO - Sync 1 DAGs
[2022-05-09 23:45:43,888] {logging_mixin.py:109} INFO - [2022-05-09 23:45:43,888] {dag.py:2937} INFO - Setting next_dagrun for example_branch_dop_operator_v3 to 2022-05-09T23:44:00+00:00
[2022-05-09 23:45:43,899] {processor.py:171} INFO - Processing /home/airflow/.local/lib/python3.7/site-packages/airflow/example_dags/example_branch_python_dop_operator_3.py took 0.086 seconds
[2022-05-09 23:46:14,817] {processor.py:163} INFO - Started process (PID=654) to work on /home/airflow/.local/lib/python3.7/site-packages/airflow/example_dags/example_branch_python_dop_operator_3.py
[2022-05-09 23:46:14,819] {processor.py:642} INFO - Processing file /home/airflow/.local/lib/python3.7/site-packages/airflow/example_dags/example_branch_python_dop_operator_3.py for tasks to queue
[2022-05-09 23:46:14,820] {logging_mixin.py:109} INFO - [2022-05-09 23:46:14,820] {dagbag.py:500} INFO - Filling up the DagBag from /home/airflow/.local/lib/python3.7/site-packages/airflow/example_dags/example_branch_python_dop_operator_3.py
[2022-05-09 23:46:14,838] {processor.py:652} INFO - DAG(s) dict_keys(['example_branch_dop_operator_v3']) retrieved from /home/airflow/.local/lib/python3.7/site-packages/airflow/example_dags/example_branch_python_dop_operator_3.py
[2022-05-09 23:46:14,858] {logging_mixin.py:109} INFO - [2022-05-09 23:46:14,858] {dag.py:2398} INFO - Sync 1 DAGs
[2022-05-09 23:46:14,882] {logging_mixin.py:109} INFO - [2022-05-09 23:46:14,882] {dag.py:2937} INFO - Setting next_dagrun for example_branch_dop_operator_v3 to 2022-05-09T23:45:00+00:00
[2022-05-09 23:46:14,893] {processor.py:171} INFO - Processing /home/airflow/.local/lib/python3.7/site-packages/airflow/example_dags/example_branch_python_dop_operator_3.py took 0.079 seconds
[2022-05-09 23:46:45,564] {processor.py:163} INFO - Started process (PID=717) to work on /home/airflow/.local/lib/python3.7/site-packages/airflow/example_dags/example_branch_python_dop_operator_3.py
[2022-05-09 23:46:45,566] {processor.py:642} INFO - Processing file /home/airflow/.local/lib/python3.7/site-packages/airflow/example_dags/example_branch_python_dop_operator_3.py for tasks to queue
[2022-05-09 23:46:45,567] {logging_mixin.py:109} INFO - [2022-05-09 23:46:45,567] {dagbag.py:500} INFO - Filling up the DagBag from /home/airflow/.local/lib/python3.7/site-packages/airflow/example_dags/example_branch_python_dop_operator_3.py
[2022-05-09 23:46:45,586] {processor.py:652} INFO - DAG(s) dict_keys(['example_branch_dop_operator_v3']) retrieved from /home/airflow/.local/lib/python3.7/site-packages/airflow/example_dags/example_branch_python_dop_operator_3.py
[2022-05-09 23:46:45,610] {logging_mixin.py:109} INFO - [2022-05-09 23:46:45,610] {dag.py:2398} INFO - Sync 1 DAGs
[2022-05-09 23:46:45,636] {logging_mixin.py:109} INFO - [2022-05-09 23:46:45,636] {dag.py:2937} INFO - Setting next_dagrun for example_branch_dop_operator_v3 to 2022-05-09T23:45:00+00:00
[2022-05-09 23:46:45,648] {processor.py:171} INFO - Processing /home/airflow/.local/lib/python3.7/site-packages/airflow/example_dags/example_branch_python_dop_operator_3.py took 0.088 seconds
[2022-05-09 23:47:16,535] {processor.py:163} INFO - Started process (PID=767) to work on /home/airflow/.local/lib/python3.7/site-packages/airflow/example_dags/example_branch_python_dop_operator_3.py
[2022-05-09 23:47:16,538] {processor.py:642} INFO - Processing file /home/airflow/.local/lib/python3.7/site-packages/airflow/example_dags/example_branch_python_dop_operator_3.py for tasks to queue
[2022-05-09 23:47:16,539] {logging_mixin.py:109} INFO - [2022-05-09 23:47:16,539] {dagbag.py:500} INFO - Filling up the DagBag from /home/airflow/.local/lib/python3.7/site-packages/airflow/example_dags/example_branch_python_dop_operator_3.py
[2022-05-09 23:47:16,561] {processor.py:652} INFO - DAG(s) dict_keys(['example_branch_dop_operator_v3']) retrieved from /home/airflow/.local/lib/python3.7/site-packages/airflow/example_dags/example_branch_python_dop_operator_3.py
[2022-05-09 23:47:16,591] {logging_mixin.py:109} INFO - [2022-05-09 23:47:16,591] {dag.py:2398} INFO - Sync 1 DAGs
[2022-05-09 23:47:16,622] {logging_mixin.py:109} INFO - [2022-05-09 23:47:16,621] {dag.py:2937} INFO - Setting next_dagrun for example_branch_dop_operator_v3 to 2022-05-09T23:46:00+00:00
[2022-05-09 23:47:16,636] {processor.py:171} INFO - Processing /home/airflow/.local/lib/python3.7/site-packages/airflow/example_dags/example_branch_python_dop_operator_3.py took 0.105 seconds
[2022-05-09 23:47:47,272] {processor.py:163} INFO - Started process (PID=828) to work on /home/airflow/.local/lib/python3.7/site-packages/airflow/example_dags/example_branch_python_dop_operator_3.py
[2022-05-09 23:47:47,274] {processor.py:642} INFO - Processing file /home/airflow/.local/lib/python3.7/site-packages/airflow/example_dags/example_branch_python_dop_operator_3.py for tasks to queue
[2022-05-09 23:47:47,275] {logging_mixin.py:109} INFO - [2022-05-09 23:47:47,275] {dagbag.py:500} INFO - Filling up the DagBag from /home/airflow/.local/lib/python3.7/site-packages/airflow/example_dags/example_branch_python_dop_operator_3.py
[2022-05-09 23:47:47,296] {processor.py:652} INFO - DAG(s) dict_keys(['example_branch_dop_operator_v3']) retrieved from /home/airflow/.local/lib/python3.7/site-packages/airflow/example_dags/example_branch_python_dop_operator_3.py
[2022-05-09 23:47:47,318] {logging_mixin.py:109} INFO - [2022-05-09 23:47:47,318] {dag.py:2398} INFO - Sync 1 DAGs
[2022-05-09 23:47:47,343] {logging_mixin.py:109} INFO - [2022-05-09 23:47:47,343] {dag.py:2937} INFO - Setting next_dagrun for example_branch_dop_operator_v3 to 2022-05-09T23:46:00+00:00
[2022-05-09 23:47:47,354] {processor.py:171} INFO - Processing /home/airflow/.local/lib/python3.7/site-packages/airflow/example_dags/example_branch_python_dop_operator_3.py took 0.086 seconds
[2022-05-09 23:48:17,855] {processor.py:163} INFO - Started process (PID=879) to work on /home/airflow/.local/lib/python3.7/site-packages/airflow/example_dags/example_branch_python_dop_operator_3.py
[2022-05-09 23:48:17,858] {processor.py:642} INFO - Processing file /home/airflow/.local/lib/python3.7/site-packages/airflow/example_dags/example_branch_python_dop_operator_3.py for tasks to queue
[2022-05-09 23:48:17,861] {logging_mixin.py:109} INFO - [2022-05-09 23:48:17,861] {dagbag.py:500} INFO - Filling up the DagBag from /home/airflow/.local/lib/python3.7/site-packages/airflow/example_dags/example_branch_python_dop_operator_3.py
[2022-05-09 23:48:17,887] {processor.py:652} INFO - DAG(s) dict_keys(['example_branch_dop_operator_v3']) retrieved from /home/airflow/.local/lib/python3.7/site-packages/airflow/example_dags/example_branch_python_dop_operator_3.py
[2022-05-09 23:48:17,916] {logging_mixin.py:109} INFO - [2022-05-09 23:48:17,916] {dag.py:2398} INFO - Sync 1 DAGs
[2022-05-09 23:48:17,948] {logging_mixin.py:109} INFO - [2022-05-09 23:48:17,948] {dag.py:2937} INFO - Setting next_dagrun for example_branch_dop_operator_v3 to 2022-05-09T23:47:00+00:00
[2022-05-09 23:48:17,962] {processor.py:171} INFO - Processing /home/airflow/.local/lib/python3.7/site-packages/airflow/example_dags/example_branch_python_dop_operator_3.py took 0.111 seconds
[2022-05-09 23:48:48,755] {processor.py:163} INFO - Started process (PID=942) to work on /home/airflow/.local/lib/python3.7/site-packages/airflow/example_dags/example_branch_python_dop_operator_3.py
[2022-05-09 23:48:48,758] {processor.py:642} INFO - Processing file /home/airflow/.local/lib/python3.7/site-packages/airflow/example_dags/example_branch_python_dop_operator_3.py for tasks to queue
[2022-05-09 23:48:48,759] {logging_mixin.py:109} INFO - [2022-05-09 23:48:48,759] {dagbag.py:500} INFO - Filling up the DagBag from /home/airflow/.local/lib/python3.7/site-packages/airflow/example_dags/example_branch_python_dop_operator_3.py
[2022-05-09 23:48:48,777] {processor.py:652} INFO - DAG(s) dict_keys(['example_branch_dop_operator_v3']) retrieved from /home/airflow/.local/lib/python3.7/site-packages/airflow/example_dags/example_branch_python_dop_operator_3.py
[2022-05-09 23:48:48,799] {logging_mixin.py:109} INFO - [2022-05-09 23:48:48,799] {dag.py:2398} INFO - Sync 1 DAGs
[2022-05-09 23:48:48,825] {logging_mixin.py:109} INFO - [2022-05-09 23:48:48,825] {dag.py:2937} INFO - Setting next_dagrun for example_branch_dop_operator_v3 to 2022-05-09T23:47:00+00:00
[2022-05-09 23:48:48,835] {processor.py:171} INFO - Processing /home/airflow/.local/lib/python3.7/site-packages/airflow/example_dags/example_branch_python_dop_operator_3.py took 0.084 seconds
[2022-05-09 23:49:19,375] {processor.py:163} INFO - Started process (PID=1003) to work on /home/airflow/.local/lib/python3.7/site-packages/airflow/example_dags/example_branch_python_dop_operator_3.py
[2022-05-09 23:49:19,377] {processor.py:642} INFO - Processing file /home/airflow/.local/lib/python3.7/site-packages/airflow/example_dags/example_branch_python_dop_operator_3.py for tasks to queue
[2022-05-09 23:49:19,378] {logging_mixin.py:109} INFO - [2022-05-09 23:49:19,378] {dagbag.py:500} INFO - Filling up the DagBag from /home/airflow/.local/lib/python3.7/site-packages/airflow/example_dags/example_branch_python_dop_operator_3.py
[2022-05-09 23:49:19,398] {processor.py:652} INFO - DAG(s) dict_keys(['example_branch_dop_operator_v3']) retrieved from /home/airflow/.local/lib/python3.7/site-packages/airflow/example_dags/example_branch_python_dop_operator_3.py
[2022-05-09 23:49:19,425] {logging_mixin.py:109} INFO - [2022-05-09 23:49:19,425] {dag.py:2398} INFO - Sync 1 DAGs
[2022-05-09 23:49:19,450] {logging_mixin.py:109} INFO - [2022-05-09 23:49:19,450] {dag.py:2937} INFO - Setting next_dagrun for example_branch_dop_operator_v3 to 2022-05-09T23:48:00+00:00
[2022-05-09 23:49:19,464] {processor.py:171} INFO - Processing /home/airflow/.local/lib/python3.7/site-packages/airflow/example_dags/example_branch_python_dop_operator_3.py took 0.093 seconds
[2022-05-09 23:49:50,259] {processor.py:163} INFO - Started process (PID=1056) to work on /home/airflow/.local/lib/python3.7/site-packages/airflow/example_dags/example_branch_python_dop_operator_3.py
[2022-05-09 23:49:50,261] {processor.py:642} INFO - Processing file /home/airflow/.local/lib/python3.7/site-packages/airflow/example_dags/example_branch_python_dop_operator_3.py for tasks to queue
[2022-05-09 23:49:50,262] {logging_mixin.py:109} INFO - [2022-05-09 23:49:50,262] {dagbag.py:500} INFO - Filling up the DagBag from /home/airflow/.local/lib/python3.7/site-packages/airflow/example_dags/example_branch_python_dop_operator_3.py
[2022-05-09 23:49:50,282] {processor.py:652} INFO - DAG(s) dict_keys(['example_branch_dop_operator_v3']) retrieved from /home/airflow/.local/lib/python3.7/site-packages/airflow/example_dags/example_branch_python_dop_operator_3.py
[2022-05-09 23:49:50,306] {logging_mixin.py:109} INFO - [2022-05-09 23:49:50,305] {dag.py:2398} INFO - Sync 1 DAGs
[2022-05-09 23:49:50,329] {logging_mixin.py:109} INFO - [2022-05-09 23:49:50,329] {dag.py:2937} INFO - Setting next_dagrun for example_branch_dop_operator_v3 to 2022-05-09T23:48:00+00:00
[2022-05-09 23:49:50,339] {processor.py:171} INFO - Processing /home/airflow/.local/lib/python3.7/site-packages/airflow/example_dags/example_branch_python_dop_operator_3.py took 0.084 seconds
[2022-05-09 23:50:20,914] {processor.py:163} INFO - Started process (PID=1116) to work on /home/airflow/.local/lib/python3.7/site-packages/airflow/example_dags/example_branch_python_dop_operator_3.py
[2022-05-09 23:50:20,917] {processor.py:642} INFO - Processing file /home/airflow/.local/lib/python3.7/site-packages/airflow/example_dags/example_branch_python_dop_operator_3.py for tasks to queue
[2022-05-09 23:50:20,918] {logging_mixin.py:109} INFO - [2022-05-09 23:50:20,918] {dagbag.py:500} INFO - Filling up the DagBag from /home/airflow/.local/lib/python3.7/site-packages/airflow/example_dags/example_branch_python_dop_operator_3.py
[2022-05-09 23:50:20,938] {processor.py:652} INFO - DAG(s) dict_keys(['example_branch_dop_operator_v3']) retrieved from /home/airflow/.local/lib/python3.7/site-packages/airflow/example_dags/example_branch_python_dop_operator_3.py
[2022-05-09 23:50:20,963] {logging_mixin.py:109} INFO - [2022-05-09 23:50:20,963] {dag.py:2398} INFO - Sync 1 DAGs
[2022-05-09 23:50:20,987] {logging_mixin.py:109} INFO - [2022-05-09 23:50:20,986] {dag.py:2937} INFO - Setting next_dagrun for example_branch_dop_operator_v3 to 2022-05-09T23:49:00+00:00
[2022-05-09 23:50:20,997] {processor.py:171} INFO - Processing /home/airflow/.local/lib/python3.7/site-packages/airflow/example_dags/example_branch_python_dop_operator_3.py took 0.087 seconds
[2022-05-09 23:50:51,520] {processor.py:163} INFO - Started process (PID=1169) to work on /home/airflow/.local/lib/python3.7/site-packages/airflow/example_dags/example_branch_python_dop_operator_3.py
[2022-05-09 23:50:51,522] {processor.py:642} INFO - Processing file /home/airflow/.local/lib/python3.7/site-packages/airflow/example_dags/example_branch_python_dop_operator_3.py for tasks to queue
[2022-05-09 23:50:51,523] {logging_mixin.py:109} INFO - [2022-05-09 23:50:51,523] {dagbag.py:500} INFO - Filling up the DagBag from /home/airflow/.local/lib/python3.7/site-packages/airflow/example_dags/example_branch_python_dop_operator_3.py
[2022-05-09 23:50:51,543] {processor.py:652} INFO - DAG(s) dict_keys(['example_branch_dop_operator_v3']) retrieved from /home/airflow/.local/lib/python3.7/site-packages/airflow/example_dags/example_branch_python_dop_operator_3.py
[2022-05-09 23:50:51,568] {logging_mixin.py:109} INFO - [2022-05-09 23:50:51,568] {dag.py:2398} INFO - Sync 1 DAGs
[2022-05-09 23:50:51,593] {logging_mixin.py:109} INFO - [2022-05-09 23:50:51,593] {dag.py:2937} INFO - Setting next_dagrun for example_branch_dop_operator_v3 to 2022-05-09T23:49:00+00:00
[2022-05-09 23:50:51,605] {processor.py:171} INFO - Processing /home/airflow/.local/lib/python3.7/site-packages/airflow/example_dags/example_branch_python_dop_operator_3.py took 0.089 seconds
[2022-05-09 23:51:21,881] {processor.py:163} INFO - Started process (PID=1228) to work on /home/airflow/.local/lib/python3.7/site-packages/airflow/example_dags/example_branch_python_dop_operator_3.py
[2022-05-09 23:51:21,882] {processor.py:642} INFO - Processing file /home/airflow/.local/lib/python3.7/site-packages/airflow/example_dags/example_branch_python_dop_operator_3.py for tasks to queue
[2022-05-09 23:51:21,884] {logging_mixin.py:109} INFO - [2022-05-09 23:51:21,884] {dagbag.py:500} INFO - Filling up the DagBag from /home/airflow/.local/lib/python3.7/site-packages/airflow/example_dags/example_branch_python_dop_operator_3.py
[2022-05-09 23:51:21,902] {processor.py:652} INFO - DAG(s) dict_keys(['example_branch_dop_operator_v3']) retrieved from /home/airflow/.local/lib/python3.7/site-packages/airflow/example_dags/example_branch_python_dop_operator_3.py
[2022-05-09 23:51:21,923] {logging_mixin.py:109} INFO - [2022-05-09 23:51:21,923] {dag.py:2398} INFO - Sync 1 DAGs
[2022-05-09 23:51:21,948] {logging_mixin.py:109} INFO - [2022-05-09 23:51:21,948] {dag.py:2937} INFO - Setting next_dagrun for example_branch_dop_operator_v3 to 2022-05-09T23:50:00+00:00
[2022-05-09 23:51:21,959] {processor.py:171} INFO - Processing /home/airflow/.local/lib/python3.7/site-packages/airflow/example_dags/example_branch_python_dop_operator_3.py took 0.082 seconds
[2022-05-09 23:51:52,638] {processor.py:163} INFO - Started process (PID=1280) to work on /home/airflow/.local/lib/python3.7/site-packages/airflow/example_dags/example_branch_python_dop_operator_3.py
[2022-05-09 23:51:52,641] {processor.py:642} INFO - Processing file /home/airflow/.local/lib/python3.7/site-packages/airflow/example_dags/example_branch_python_dop_operator_3.py for tasks to queue
[2022-05-09 23:51:52,642] {logging_mixin.py:109} INFO - [2022-05-09 23:51:52,642] {dagbag.py:500} INFO - Filling up the DagBag from /home/airflow/.local/lib/python3.7/site-packages/airflow/example_dags/example_branch_python_dop_operator_3.py
[2022-05-09 23:51:52,663] {processor.py:652} INFO - DAG(s) dict_keys(['example_branch_dop_operator_v3']) retrieved from /home/airflow/.local/lib/python3.7/site-packages/airflow/example_dags/example_branch_python_dop_operator_3.py
[2022-05-09 23:51:52,687] {logging_mixin.py:109} INFO - [2022-05-09 23:51:52,687] {dag.py:2398} INFO - Sync 1 DAGs
[2022-05-09 23:51:52,714] {logging_mixin.py:109} INFO - [2022-05-09 23:51:52,714] {dag.py:2937} INFO - Setting next_dagrun for example_branch_dop_operator_v3 to 2022-05-09T23:50:00+00:00
[2022-05-09 23:51:52,725] {processor.py:171} INFO - Processing /home/airflow/.local/lib/python3.7/site-packages/airflow/example_dags/example_branch_python_dop_operator_3.py took 0.092 seconds
[2022-05-09 23:52:23,248] {processor.py:163} INFO - Started process (PID=1341) to work on /home/airflow/.local/lib/python3.7/site-packages/airflow/example_dags/example_branch_python_dop_operator_3.py
[2022-05-09 23:52:23,251] {processor.py:642} INFO - Processing file /home/airflow/.local/lib/python3.7/site-packages/airflow/example_dags/example_branch_python_dop_operator_3.py for tasks to queue
[2022-05-09 23:52:23,252] {logging_mixin.py:109} INFO - [2022-05-09 23:52:23,252] {dagbag.py:500} INFO - Filling up the DagBag from /home/airflow/.local/lib/python3.7/site-packages/airflow/example_dags/example_branch_python_dop_operator_3.py
[2022-05-09 23:52:23,272] {processor.py:652} INFO - DAG(s) dict_keys(['example_branch_dop_operator_v3']) retrieved from /home/airflow/.local/lib/python3.7/site-packages/airflow/example_dags/example_branch_python_dop_operator_3.py
[2022-05-09 23:52:23,295] {logging_mixin.py:109} INFO - [2022-05-09 23:52:23,295] {dag.py:2398} INFO - Sync 1 DAGs
[2022-05-09 23:52:23,324] {logging_mixin.py:109} INFO - [2022-05-09 23:52:23,323] {dag.py:2937} INFO - Setting next_dagrun for example_branch_dop_operator_v3 to 2022-05-09T23:51:00+00:00
[2022-05-09 23:52:23,335] {processor.py:171} INFO - Processing /home/airflow/.local/lib/python3.7/site-packages/airflow/example_dags/example_branch_python_dop_operator_3.py took 0.092 seconds
[2022-05-09 23:52:53,957] {processor.py:163} INFO - Started process (PID=1402) to work on /home/airflow/.local/lib/python3.7/site-packages/airflow/example_dags/example_branch_python_dop_operator_3.py
[2022-05-09 23:52:53,959] {processor.py:642} INFO - Processing file /home/airflow/.local/lib/python3.7/site-packages/airflow/example_dags/example_branch_python_dop_operator_3.py for tasks to queue
[2022-05-09 23:52:53,961] {logging_mixin.py:109} INFO - [2022-05-09 23:52:53,961] {dagbag.py:500} INFO - Filling up the DagBag from /home/airflow/.local/lib/python3.7/site-packages/airflow/example_dags/example_branch_python_dop_operator_3.py
[2022-05-09 23:52:53,980] {processor.py:652} INFO - DAG(s) dict_keys(['example_branch_dop_operator_v3']) retrieved from /home/airflow/.local/lib/python3.7/site-packages/airflow/example_dags/example_branch_python_dop_operator_3.py
[2022-05-09 23:52:54,006] {logging_mixin.py:109} INFO - [2022-05-09 23:52:54,006] {dag.py:2398} INFO - Sync 1 DAGs
[2022-05-09 23:52:54,036] {logging_mixin.py:109} INFO - [2022-05-09 23:52:54,036] {dag.py:2937} INFO - Setting next_dagrun for example_branch_dop_operator_v3 to 2022-05-09T23:51:00+00:00
[2022-05-09 23:52:54,052] {processor.py:171} INFO - Processing /home/airflow/.local/lib/python3.7/site-packages/airflow/example_dags/example_branch_python_dop_operator_3.py took 0.099 seconds
[2022-05-09 23:53:24,739] {processor.py:163} INFO - Started process (PID=1455) to work on /home/airflow/.local/lib/python3.7/site-packages/airflow/example_dags/example_branch_python_dop_operator_3.py
[2022-05-09 23:53:24,742] {processor.py:642} INFO - Processing file /home/airflow/.local/lib/python3.7/site-packages/airflow/example_dags/example_branch_python_dop_operator_3.py for tasks to queue
[2022-05-09 23:53:24,743] {logging_mixin.py:109} INFO - [2022-05-09 23:53:24,743] {dagbag.py:500} INFO - Filling up the DagBag from /home/airflow/.local/lib/python3.7/site-packages/airflow/example_dags/example_branch_python_dop_operator_3.py
[2022-05-09 23:53:24,762] {processor.py:652} INFO - DAG(s) dict_keys(['example_branch_dop_operator_v3']) retrieved from /home/airflow/.local/lib/python3.7/site-packages/airflow/example_dags/example_branch_python_dop_operator_3.py
[2022-05-09 23:53:24,785] {logging_mixin.py:109} INFO - [2022-05-09 23:53:24,785] {dag.py:2398} INFO - Sync 1 DAGs
[2022-05-09 23:53:24,814] {logging_mixin.py:109} INFO - [2022-05-09 23:53:24,814] {dag.py:2937} INFO - Setting next_dagrun for example_branch_dop_operator_v3 to 2022-05-09T23:52:00+00:00
[2022-05-09 23:53:24,825] {processor.py:171} INFO - Processing /home/airflow/.local/lib/python3.7/site-packages/airflow/example_dags/example_branch_python_dop_operator_3.py took 0.090 seconds
[2022-05-09 23:53:55,138] {processor.py:163} INFO - Started process (PID=1514) to work on /home/airflow/.local/lib/python3.7/site-packages/airflow/example_dags/example_branch_python_dop_operator_3.py
[2022-05-09 23:53:55,140] {processor.py:642} INFO - Processing file /home/airflow/.local/lib/python3.7/site-packages/airflow/example_dags/example_branch_python_dop_operator_3.py for tasks to queue
[2022-05-09 23:53:55,142] {logging_mixin.py:109} INFO - [2022-05-09 23:53:55,141] {dagbag.py:500} INFO - Filling up the DagBag from /home/airflow/.local/lib/python3.7/site-packages/airflow/example_dags/example_branch_python_dop_operator_3.py
[2022-05-09 23:53:55,160] {processor.py:652} INFO - DAG(s) dict_keys(['example_branch_dop_operator_v3']) retrieved from /home/airflow/.local/lib/python3.7/site-packages/airflow/example_dags/example_branch_python_dop_operator_3.py
[2022-05-09 23:53:55,182] {logging_mixin.py:109} INFO - [2022-05-09 23:53:55,182] {dag.py:2398} INFO - Sync 1 DAGs
[2022-05-09 23:53:55,207] {logging_mixin.py:109} INFO - [2022-05-09 23:53:55,207] {dag.py:2937} INFO - Setting next_dagrun for example_branch_dop_operator_v3 to 2022-05-09T23:52:00+00:00
[2022-05-09 23:53:55,218] {processor.py:171} INFO - Processing /home/airflow/.local/lib/python3.7/site-packages/airflow/example_dags/example_branch_python_dop_operator_3.py took 0.084 seconds
[2022-05-09 23:54:25,726] {processor.py:163} INFO - Started process (PID=1565) to work on /home/airflow/.local/lib/python3.7/site-packages/airflow/example_dags/example_branch_python_dop_operator_3.py
[2022-05-09 23:54:25,728] {processor.py:642} INFO - Processing file /home/airflow/.local/lib/python3.7/site-packages/airflow/example_dags/example_branch_python_dop_operator_3.py for tasks to queue
[2022-05-09 23:54:25,729] {logging_mixin.py:109} INFO - [2022-05-09 23:54:25,729] {dagbag.py:500} INFO - Filling up the DagBag from /home/airflow/.local/lib/python3.7/site-packages/airflow/example_dags/example_branch_python_dop_operator_3.py
[2022-05-09 23:54:25,749] {processor.py:652} INFO - DAG(s) dict_keys(['example_branch_dop_operator_v3']) retrieved from /home/airflow/.local/lib/python3.7/site-packages/airflow/example_dags/example_branch_python_dop_operator_3.py
[2022-05-09 23:54:25,774] {logging_mixin.py:109} INFO - [2022-05-09 23:54:25,774] {dag.py:2398} INFO - Sync 1 DAGs
[2022-05-09 23:54:25,801] {logging_mixin.py:109} INFO - [2022-05-09 23:54:25,801] {dag.py:2937} INFO - Setting next_dagrun for example_branch_dop_operator_v3 to 2022-05-09T23:53:00+00:00
[2022-05-09 23:54:25,814] {processor.py:171} INFO - Processing /home/airflow/.local/lib/python3.7/site-packages/airflow/example_dags/example_branch_python_dop_operator_3.py took 0.093 seconds
[2022-05-09 23:54:56,247] {processor.py:163} INFO - Started process (PID=1626) to work on /home/airflow/.local/lib/python3.7/site-packages/airflow/example_dags/example_branch_python_dop_operator_3.py
[2022-05-09 23:54:56,250] {processor.py:642} INFO - Processing file /home/airflow/.local/lib/python3.7/site-packages/airflow/example_dags/example_branch_python_dop_operator_3.py for tasks to queue
[2022-05-09 23:54:56,251] {logging_mixin.py:109} INFO - [2022-05-09 23:54:56,251] {dagbag.py:500} INFO - Filling up the DagBag from /home/airflow/.local/lib/python3.7/site-packages/airflow/example_dags/example_branch_python_dop_operator_3.py
[2022-05-09 23:54:56,270] {processor.py:652} INFO - DAG(s) dict_keys(['example_branch_dop_operator_v3']) retrieved from /home/airflow/.local/lib/python3.7/site-packages/airflow/example_dags/example_branch_python_dop_operator_3.py
[2022-05-09 23:54:56,292] {logging_mixin.py:109} INFO - [2022-05-09 23:54:56,292] {dag.py:2398} INFO - Sync 1 DAGs
[2022-05-09 23:54:56,319] {logging_mixin.py:109} INFO - [2022-05-09 23:54:56,318] {dag.py:2937} INFO - Setting next_dagrun for example_branch_dop_operator_v3 to 2022-05-09T23:53:00+00:00
[2022-05-09 23:54:56,330] {processor.py:171} INFO - Processing /home/airflow/.local/lib/python3.7/site-packages/airflow/example_dags/example_branch_python_dop_operator_3.py took 0.087 seconds
[2022-05-09 23:55:26,835] {processor.py:163} INFO - Started process (PID=1677) to work on /home/airflow/.local/lib/python3.7/site-packages/airflow/example_dags/example_branch_python_dop_operator_3.py
[2022-05-09 23:55:26,838] {processor.py:642} INFO - Processing file /home/airflow/.local/lib/python3.7/site-packages/airflow/example_dags/example_branch_python_dop_operator_3.py for tasks to queue
[2022-05-09 23:55:26,839] {logging_mixin.py:109} INFO - [2022-05-09 23:55:26,839] {dagbag.py:500} INFO - Filling up the DagBag from /home/airflow/.local/lib/python3.7/site-packages/airflow/example_dags/example_branch_python_dop_operator_3.py
[2022-05-09 23:55:26,862] {processor.py:652} INFO - DAG(s) dict_keys(['example_branch_dop_operator_v3']) retrieved from /home/airflow/.local/lib/python3.7/site-packages/airflow/example_dags/example_branch_python_dop_operator_3.py
[2022-05-09 23:55:26,890] {logging_mixin.py:109} INFO - [2022-05-09 23:55:26,890] {dag.py:2398} INFO - Sync 1 DAGs
[2022-05-09 23:55:26,918] {logging_mixin.py:109} INFO - [2022-05-09 23:55:26,918] {dag.py:2937} INFO - Setting next_dagrun for example_branch_dop_operator_v3 to 2022-05-09T23:54:00+00:00
[2022-05-09 23:55:26,932] {processor.py:171} INFO - Processing /home/airflow/.local/lib/python3.7/site-packages/airflow/example_dags/example_branch_python_dop_operator_3.py took 0.101 seconds
[2022-05-09 23:55:57,609] {processor.py:163} INFO - Started process (PID=1739) to work on /home/airflow/.local/lib/python3.7/site-packages/airflow/example_dags/example_branch_python_dop_operator_3.py
[2022-05-09 23:55:57,611] {processor.py:642} INFO - Processing file /home/airflow/.local/lib/python3.7/site-packages/airflow/example_dags/example_branch_python_dop_operator_3.py for tasks to queue
[2022-05-09 23:55:57,613] {logging_mixin.py:109} INFO - [2022-05-09 23:55:57,613] {dagbag.py:500} INFO - Filling up the DagBag from /home/airflow/.local/lib/python3.7/site-packages/airflow/example_dags/example_branch_python_dop_operator_3.py
[2022-05-09 23:55:57,634] {processor.py:652} INFO - DAG(s) dict_keys(['example_branch_dop_operator_v3']) retrieved from /home/airflow/.local/lib/python3.7/site-packages/airflow/example_dags/example_branch_python_dop_operator_3.py
[2022-05-09 23:55:57,662] {logging_mixin.py:109} INFO - [2022-05-09 23:55:57,662] {dag.py:2398} INFO - Sync 1 DAGs
[2022-05-09 23:55:57,689] {logging_mixin.py:109} INFO - [2022-05-09 23:55:57,689] {dag.py:2937} INFO - Setting next_dagrun for example_branch_dop_operator_v3 to 2022-05-09T23:54:00+00:00
[2022-05-09 23:55:57,699] {processor.py:171} INFO - Processing /home/airflow/.local/lib/python3.7/site-packages/airflow/example_dags/example_branch_python_dop_operator_3.py took 0.094 seconds
[2022-05-09 23:56:28,436] {processor.py:163} INFO - Started process (PID=1800) to work on /home/airflow/.local/lib/python3.7/site-packages/airflow/example_dags/example_branch_python_dop_operator_3.py
[2022-05-09 23:56:28,439] {processor.py:642} INFO - Processing file /home/airflow/.local/lib/python3.7/site-packages/airflow/example_dags/example_branch_python_dop_operator_3.py for tasks to queue
[2022-05-09 23:56:28,441] {logging_mixin.py:109} INFO - [2022-05-09 23:56:28,441] {dagbag.py:500} INFO - Filling up the DagBag from /home/airflow/.local/lib/python3.7/site-packages/airflow/example_dags/example_branch_python_dop_operator_3.py
[2022-05-09 23:56:28,462] {processor.py:652} INFO - DAG(s) dict_keys(['example_branch_dop_operator_v3']) retrieved from /home/airflow/.local/lib/python3.7/site-packages/airflow/example_dags/example_branch_python_dop_operator_3.py
[2022-05-09 23:56:28,488] {logging_mixin.py:109} INFO - [2022-05-09 23:56:28,488] {dag.py:2398} INFO - Sync 1 DAGs
[2022-05-09 23:56:28,518] {logging_mixin.py:109} INFO - [2022-05-09 23:56:28,517] {dag.py:2937} INFO - Setting next_dagrun for example_branch_dop_operator_v3 to 2022-05-09T23:55:00+00:00
[2022-05-09 23:56:28,531] {processor.py:171} INFO - Processing /home/airflow/.local/lib/python3.7/site-packages/airflow/example_dags/example_branch_python_dop_operator_3.py took 0.099 seconds
[2022-05-09 23:56:59,150] {processor.py:163} INFO - Started process (PID=1852) to work on /home/airflow/.local/lib/python3.7/site-packages/airflow/example_dags/example_branch_python_dop_operator_3.py
[2022-05-09 23:56:59,153] {processor.py:642} INFO - Processing file /home/airflow/.local/lib/python3.7/site-packages/airflow/example_dags/example_branch_python_dop_operator_3.py for tasks to queue
[2022-05-09 23:56:59,154] {logging_mixin.py:109} INFO - [2022-05-09 23:56:59,154] {dagbag.py:500} INFO - Filling up the DagBag from /home/airflow/.local/lib/python3.7/site-packages/airflow/example_dags/example_branch_python_dop_operator_3.py
[2022-05-09 23:56:59,177] {processor.py:652} INFO - DAG(s) dict_keys(['example_branch_dop_operator_v3']) retrieved from /home/airflow/.local/lib/python3.7/site-packages/airflow/example_dags/example_branch_python_dop_operator_3.py
[2022-05-09 23:56:59,200] {logging_mixin.py:109} INFO - [2022-05-09 23:56:59,199] {dag.py:2398} INFO - Sync 1 DAGs
[2022-05-09 23:56:59,223] {logging_mixin.py:109} INFO - [2022-05-09 23:56:59,223] {dag.py:2937} INFO - Setting next_dagrun for example_branch_dop_operator_v3 to 2022-05-09T23:55:00+00:00
[2022-05-09 23:56:59,233] {processor.py:171} INFO - Processing /home/airflow/.local/lib/python3.7/site-packages/airflow/example_dags/example_branch_python_dop_operator_3.py took 0.087 seconds
[2022-05-09 23:57:29,759] {processor.py:163} INFO - Started process (PID=1915) to work on /home/airflow/.local/lib/python3.7/site-packages/airflow/example_dags/example_branch_python_dop_operator_3.py
[2022-05-09 23:57:29,761] {processor.py:642} INFO - Processing file /home/airflow/.local/lib/python3.7/site-packages/airflow/example_dags/example_branch_python_dop_operator_3.py for tasks to queue
[2022-05-09 23:57:29,763] {logging_mixin.py:109} INFO - [2022-05-09 23:57:29,763] {dagbag.py:500} INFO - Filling up the DagBag from /home/airflow/.local/lib/python3.7/site-packages/airflow/example_dags/example_branch_python_dop_operator_3.py
[2022-05-09 23:57:29,785] {processor.py:652} INFO - DAG(s) dict_keys(['example_branch_dop_operator_v3']) retrieved from /home/airflow/.local/lib/python3.7/site-packages/airflow/example_dags/example_branch_python_dop_operator_3.py
[2022-05-09 23:57:29,811] {logging_mixin.py:109} INFO - [2022-05-09 23:57:29,811] {dag.py:2398} INFO - Sync 1 DAGs
[2022-05-09 23:57:29,840] {logging_mixin.py:109} INFO - [2022-05-09 23:57:29,840] {dag.py:2937} INFO - Setting next_dagrun for example_branch_dop_operator_v3 to 2022-05-09T23:56:00+00:00
[2022-05-09 23:57:29,853] {processor.py:171} INFO - Processing /home/airflow/.local/lib/python3.7/site-packages/airflow/example_dags/example_branch_python_dop_operator_3.py took 0.099 seconds
[2022-05-09 23:58:00,421] {processor.py:163} INFO - Started process (PID=1966) to work on /home/airflow/.local/lib/python3.7/site-packages/airflow/example_dags/example_branch_python_dop_operator_3.py
[2022-05-09 23:58:00,423] {processor.py:642} INFO - Processing file /home/airflow/.local/lib/python3.7/site-packages/airflow/example_dags/example_branch_python_dop_operator_3.py for tasks to queue
[2022-05-09 23:58:00,425] {logging_mixin.py:109} INFO - [2022-05-09 23:58:00,425] {dagbag.py:500} INFO - Filling up the DagBag from /home/airflow/.local/lib/python3.7/site-packages/airflow/example_dags/example_branch_python_dop_operator_3.py
[2022-05-09 23:58:00,444] {processor.py:652} INFO - DAG(s) dict_keys(['example_branch_dop_operator_v3']) retrieved from /home/airflow/.local/lib/python3.7/site-packages/airflow/example_dags/example_branch_python_dop_operator_3.py
[2022-05-09 23:58:00,466] {logging_mixin.py:109} INFO - [2022-05-09 23:58:00,466] {dag.py:2398} INFO - Sync 1 DAGs
[2022-05-09 23:58:00,493] {logging_mixin.py:109} INFO - [2022-05-09 23:58:00,493] {dag.py:2937} INFO - Setting next_dagrun for example_branch_dop_operator_v3 to 2022-05-09T23:57:00+00:00
[2022-05-09 23:58:00,506] {processor.py:171} INFO - Processing /home/airflow/.local/lib/python3.7/site-packages/airflow/example_dags/example_branch_python_dop_operator_3.py took 0.089 seconds
[2022-05-09 23:58:31,087] {processor.py:163} INFO - Started process (PID=2028) to work on /home/airflow/.local/lib/python3.7/site-packages/airflow/example_dags/example_branch_python_dop_operator_3.py
[2022-05-09 23:58:31,089] {processor.py:642} INFO - Processing file /home/airflow/.local/lib/python3.7/site-packages/airflow/example_dags/example_branch_python_dop_operator_3.py for tasks to queue
[2022-05-09 23:58:31,090] {logging_mixin.py:109} INFO - [2022-05-09 23:58:31,090] {dagbag.py:500} INFO - Filling up the DagBag from /home/airflow/.local/lib/python3.7/site-packages/airflow/example_dags/example_branch_python_dop_operator_3.py
[2022-05-09 23:58:31,109] {processor.py:652} INFO - DAG(s) dict_keys(['example_branch_dop_operator_v3']) retrieved from /home/airflow/.local/lib/python3.7/site-packages/airflow/example_dags/example_branch_python_dop_operator_3.py
[2022-05-09 23:58:31,133] {logging_mixin.py:109} INFO - [2022-05-09 23:58:31,133] {dag.py:2398} INFO - Sync 1 DAGs
[2022-05-09 23:58:31,160] {logging_mixin.py:109} INFO - [2022-05-09 23:58:31,159] {dag.py:2937} INFO - Setting next_dagrun for example_branch_dop_operator_v3 to 2022-05-09T23:57:00+00:00
[2022-05-09 23:58:31,172] {processor.py:171} INFO - Processing /home/airflow/.local/lib/python3.7/site-packages/airflow/example_dags/example_branch_python_dop_operator_3.py took 0.088 seconds
[2022-05-09 23:59:01,722] {processor.py:163} INFO - Started process (PID=2089) to work on /home/airflow/.local/lib/python3.7/site-packages/airflow/example_dags/example_branch_python_dop_operator_3.py
[2022-05-09 23:59:01,723] {processor.py:642} INFO - Processing file /home/airflow/.local/lib/python3.7/site-packages/airflow/example_dags/example_branch_python_dop_operator_3.py for tasks to queue
[2022-05-09 23:59:01,725] {logging_mixin.py:109} INFO - [2022-05-09 23:59:01,725] {dagbag.py:500} INFO - Filling up the DagBag from /home/airflow/.local/lib/python3.7/site-packages/airflow/example_dags/example_branch_python_dop_operator_3.py
[2022-05-09 23:59:01,743] {processor.py:652} INFO - DAG(s) dict_keys(['example_branch_dop_operator_v3']) retrieved from /home/airflow/.local/lib/python3.7/site-packages/airflow/example_dags/example_branch_python_dop_operator_3.py
[2022-05-09 23:59:01,767] {logging_mixin.py:109} INFO - [2022-05-09 23:59:01,767] {dag.py:2398} INFO - Sync 1 DAGs
[2022-05-09 23:59:01,794] {logging_mixin.py:109} INFO - [2022-05-09 23:59:01,794] {dag.py:2937} INFO - Setting next_dagrun for example_branch_dop_operator_v3 to 2022-05-09T23:58:00+00:00
[2022-05-09 23:59:01,806] {processor.py:171} INFO - Processing /home/airflow/.local/lib/python3.7/site-packages/airflow/example_dags/example_branch_python_dop_operator_3.py took 0.088 seconds
[2022-05-09 23:59:32,398] {processor.py:163} INFO - Started process (PID=2140) to work on /home/airflow/.local/lib/python3.7/site-packages/airflow/example_dags/example_branch_python_dop_operator_3.py
[2022-05-09 23:59:32,401] {processor.py:642} INFO - Processing file /home/airflow/.local/lib/python3.7/site-packages/airflow/example_dags/example_branch_python_dop_operator_3.py for tasks to queue
[2022-05-09 23:59:32,402] {logging_mixin.py:109} INFO - [2022-05-09 23:59:32,402] {dagbag.py:500} INFO - Filling up the DagBag from /home/airflow/.local/lib/python3.7/site-packages/airflow/example_dags/example_branch_python_dop_operator_3.py
[2022-05-09 23:59:32,421] {processor.py:652} INFO - DAG(s) dict_keys(['example_branch_dop_operator_v3']) retrieved from /home/airflow/.local/lib/python3.7/site-packages/airflow/example_dags/example_branch_python_dop_operator_3.py
[2022-05-09 23:59:32,445] {logging_mixin.py:109} INFO - [2022-05-09 23:59:32,445] {dag.py:2398} INFO - Sync 1 DAGs
[2022-05-09 23:59:32,473] {logging_mixin.py:109} INFO - [2022-05-09 23:59:32,473] {dag.py:2937} INFO - Setting next_dagrun for example_branch_dop_operator_v3 to 2022-05-09T23:58:00+00:00
[2022-05-09 23:59:32,485] {processor.py:171} INFO - Processing /home/airflow/.local/lib/python3.7/site-packages/airflow/example_dags/example_branch_python_dop_operator_3.py took 0.091 seconds
