[2022-05-09 23:41:05,143] {processor.py:163} INFO - Started process (PID=67) to work on /home/airflow/.local/lib/python3.7/site-packages/airflow/example_dags/example_branch_operator.py
[2022-05-09 23:41:05,145] {processor.py:642} INFO - Processing file /home/airflow/.local/lib/python3.7/site-packages/airflow/example_dags/example_branch_operator.py for tasks to queue
[2022-05-09 23:41:05,148] {logging_mixin.py:109} INFO - [2022-05-09 23:41:05,147] {dagbag.py:500} INFO - Filling up the DagBag from /home/airflow/.local/lib/python3.7/site-packages/airflow/example_dags/example_branch_operator.py
[2022-05-09 23:41:05,173] {processor.py:652} INFO - DAG(s) dict_keys(['example_branch_operator']) retrieved from /home/airflow/.local/lib/python3.7/site-packages/airflow/example_dags/example_branch_operator.py
[2022-05-09 23:41:05,206] {logging_mixin.py:109} INFO - [2022-05-09 23:41:05,206] {dag.py:2398} INFO - Sync 1 DAGs
[2022-05-09 23:41:05,234] {logging_mixin.py:109} INFO - [2022-05-09 23:41:05,234] {dag.py:2937} INFO - Setting next_dagrun for example_branch_operator to 2022-05-08 00:00:00+00:00
[2022-05-09 23:41:05,250] {processor.py:171} INFO - Processing /home/airflow/.local/lib/python3.7/site-packages/airflow/example_dags/example_branch_operator.py took 0.112 seconds
[2022-05-09 23:41:36,107] {processor.py:163} INFO - Started process (PID=127) to work on /home/airflow/.local/lib/python3.7/site-packages/airflow/example_dags/example_branch_operator.py
[2022-05-09 23:41:36,109] {processor.py:642} INFO - Processing file /home/airflow/.local/lib/python3.7/site-packages/airflow/example_dags/example_branch_operator.py for tasks to queue
[2022-05-09 23:41:36,111] {logging_mixin.py:109} INFO - [2022-05-09 23:41:36,111] {dagbag.py:500} INFO - Filling up the DagBag from /home/airflow/.local/lib/python3.7/site-packages/airflow/example_dags/example_branch_operator.py
[2022-05-09 23:41:36,142] {processor.py:652} INFO - DAG(s) dict_keys(['example_branch_operator']) retrieved from /home/airflow/.local/lib/python3.7/site-packages/airflow/example_dags/example_branch_operator.py
[2022-05-09 23:41:36,174] {logging_mixin.py:109} INFO - [2022-05-09 23:41:36,174] {dag.py:2398} INFO - Sync 1 DAGs
[2022-05-09 23:41:36,195] {logging_mixin.py:109} INFO - [2022-05-09 23:41:36,195] {dag.py:2937} INFO - Setting next_dagrun for example_branch_operator to 2022-05-08 00:00:00+00:00
[2022-05-09 23:41:36,211] {processor.py:171} INFO - Processing /home/airflow/.local/lib/python3.7/site-packages/airflow/example_dags/example_branch_operator.py took 0.108 seconds
[2022-05-09 23:42:07,064] {processor.py:163} INFO - Started process (PID=191) to work on /home/airflow/.local/lib/python3.7/site-packages/airflow/example_dags/example_branch_operator.py
[2022-05-09 23:42:07,066] {processor.py:642} INFO - Processing file /home/airflow/.local/lib/python3.7/site-packages/airflow/example_dags/example_branch_operator.py for tasks to queue
[2022-05-09 23:42:07,068] {logging_mixin.py:109} INFO - [2022-05-09 23:42:07,068] {dagbag.py:500} INFO - Filling up the DagBag from /home/airflow/.local/lib/python3.7/site-packages/airflow/example_dags/example_branch_operator.py
[2022-05-09 23:42:07,089] {processor.py:652} INFO - DAG(s) dict_keys(['example_branch_operator']) retrieved from /home/airflow/.local/lib/python3.7/site-packages/airflow/example_dags/example_branch_operator.py
[2022-05-09 23:42:07,112] {logging_mixin.py:109} INFO - [2022-05-09 23:42:07,112] {dag.py:2398} INFO - Sync 1 DAGs
[2022-05-09 23:42:07,130] {logging_mixin.py:109} INFO - [2022-05-09 23:42:07,130] {dag.py:2937} INFO - Setting next_dagrun for example_branch_operator to 2022-05-08 00:00:00+00:00
[2022-05-09 23:42:07,140] {processor.py:171} INFO - Processing /home/airflow/.local/lib/python3.7/site-packages/airflow/example_dags/example_branch_operator.py took 0.080 seconds
[2022-05-09 23:42:37,830] {processor.py:163} INFO - Started process (PID=244) to work on /home/airflow/.local/lib/python3.7/site-packages/airflow/example_dags/example_branch_operator.py
[2022-05-09 23:42:37,833] {processor.py:642} INFO - Processing file /home/airflow/.local/lib/python3.7/site-packages/airflow/example_dags/example_branch_operator.py for tasks to queue
[2022-05-09 23:42:37,835] {logging_mixin.py:109} INFO - [2022-05-09 23:42:37,834] {dagbag.py:500} INFO - Filling up the DagBag from /home/airflow/.local/lib/python3.7/site-packages/airflow/example_dags/example_branch_operator.py
[2022-05-09 23:42:37,865] {processor.py:652} INFO - DAG(s) dict_keys(['example_branch_operator']) retrieved from /home/airflow/.local/lib/python3.7/site-packages/airflow/example_dags/example_branch_operator.py
[2022-05-09 23:42:37,894] {logging_mixin.py:109} INFO - [2022-05-09 23:42:37,894] {dag.py:2398} INFO - Sync 1 DAGs
[2022-05-09 23:42:37,916] {logging_mixin.py:109} INFO - [2022-05-09 23:42:37,916] {dag.py:2937} INFO - Setting next_dagrun for example_branch_operator to 2022-05-08 00:00:00+00:00
[2022-05-09 23:42:37,926] {processor.py:171} INFO - Processing /home/airflow/.local/lib/python3.7/site-packages/airflow/example_dags/example_branch_operator.py took 0.101 seconds
[2022-05-09 23:43:09,065] {processor.py:163} INFO - Started process (PID=305) to work on /home/airflow/.local/lib/python3.7/site-packages/airflow/example_dags/example_branch_operator.py
[2022-05-09 23:43:09,067] {processor.py:642} INFO - Processing file /home/airflow/.local/lib/python3.7/site-packages/airflow/example_dags/example_branch_operator.py for tasks to queue
[2022-05-09 23:43:09,069] {logging_mixin.py:109} INFO - [2022-05-09 23:43:09,069] {dagbag.py:500} INFO - Filling up the DagBag from /home/airflow/.local/lib/python3.7/site-packages/airflow/example_dags/example_branch_operator.py
[2022-05-09 23:43:09,097] {processor.py:652} INFO - DAG(s) dict_keys(['example_branch_operator']) retrieved from /home/airflow/.local/lib/python3.7/site-packages/airflow/example_dags/example_branch_operator.py
[2022-05-09 23:43:09,124] {logging_mixin.py:109} INFO - [2022-05-09 23:43:09,124] {dag.py:2398} INFO - Sync 1 DAGs
[2022-05-09 23:43:09,147] {logging_mixin.py:109} INFO - [2022-05-09 23:43:09,147] {dag.py:2937} INFO - Setting next_dagrun for example_branch_operator to 2022-05-08 00:00:00+00:00
[2022-05-09 23:43:09,159] {processor.py:171} INFO - Processing /home/airflow/.local/lib/python3.7/site-packages/airflow/example_dags/example_branch_operator.py took 0.099 seconds
[2022-05-09 23:43:39,941] {processor.py:163} INFO - Started process (PID=357) to work on /home/airflow/.local/lib/python3.7/site-packages/airflow/example_dags/example_branch_operator.py
[2022-05-09 23:43:39,944] {processor.py:642} INFO - Processing file /home/airflow/.local/lib/python3.7/site-packages/airflow/example_dags/example_branch_operator.py for tasks to queue
[2022-05-09 23:43:39,946] {logging_mixin.py:109} INFO - [2022-05-09 23:43:39,946] {dagbag.py:500} INFO - Filling up the DagBag from /home/airflow/.local/lib/python3.7/site-packages/airflow/example_dags/example_branch_operator.py
[2022-05-09 23:43:39,971] {processor.py:652} INFO - DAG(s) dict_keys(['example_branch_operator']) retrieved from /home/airflow/.local/lib/python3.7/site-packages/airflow/example_dags/example_branch_operator.py
[2022-05-09 23:43:39,997] {logging_mixin.py:109} INFO - [2022-05-09 23:43:39,997] {dag.py:2398} INFO - Sync 1 DAGs
[2022-05-09 23:43:40,019] {logging_mixin.py:109} INFO - [2022-05-09 23:43:40,019] {dag.py:2937} INFO - Setting next_dagrun for example_branch_operator to 2022-05-08 00:00:00+00:00
[2022-05-09 23:43:40,032] {processor.py:171} INFO - Processing /home/airflow/.local/lib/python3.7/site-packages/airflow/example_dags/example_branch_operator.py took 0.095 seconds
[2022-05-09 23:44:10,817] {processor.py:163} INFO - Started process (PID=420) to work on /home/airflow/.local/lib/python3.7/site-packages/airflow/example_dags/example_branch_operator.py
[2022-05-09 23:44:10,819] {processor.py:642} INFO - Processing file /home/airflow/.local/lib/python3.7/site-packages/airflow/example_dags/example_branch_operator.py for tasks to queue
[2022-05-09 23:44:10,820] {logging_mixin.py:109} INFO - [2022-05-09 23:44:10,820] {dagbag.py:500} INFO - Filling up the DagBag from /home/airflow/.local/lib/python3.7/site-packages/airflow/example_dags/example_branch_operator.py
[2022-05-09 23:44:10,842] {processor.py:652} INFO - DAG(s) dict_keys(['example_branch_operator']) retrieved from /home/airflow/.local/lib/python3.7/site-packages/airflow/example_dags/example_branch_operator.py
[2022-05-09 23:44:10,866] {logging_mixin.py:109} INFO - [2022-05-09 23:44:10,866] {dag.py:2398} INFO - Sync 1 DAGs
[2022-05-09 23:44:10,886] {logging_mixin.py:109} INFO - [2022-05-09 23:44:10,886] {dag.py:2937} INFO - Setting next_dagrun for example_branch_operator to 2022-05-08 00:00:00+00:00
[2022-05-09 23:44:10,898] {processor.py:171} INFO - Processing /home/airflow/.local/lib/python3.7/site-packages/airflow/example_dags/example_branch_operator.py took 0.085 seconds
[2022-05-09 23:44:41,737] {processor.py:163} INFO - Started process (PID=485) to work on /home/airflow/.local/lib/python3.7/site-packages/airflow/example_dags/example_branch_operator.py
[2022-05-09 23:44:41,739] {processor.py:642} INFO - Processing file /home/airflow/.local/lib/python3.7/site-packages/airflow/example_dags/example_branch_operator.py for tasks to queue
[2022-05-09 23:44:41,741] {logging_mixin.py:109} INFO - [2022-05-09 23:44:41,741] {dagbag.py:500} INFO - Filling up the DagBag from /home/airflow/.local/lib/python3.7/site-packages/airflow/example_dags/example_branch_operator.py
[2022-05-09 23:44:41,767] {processor.py:652} INFO - DAG(s) dict_keys(['example_branch_operator']) retrieved from /home/airflow/.local/lib/python3.7/site-packages/airflow/example_dags/example_branch_operator.py
[2022-05-09 23:44:41,814] {logging_mixin.py:109} INFO - [2022-05-09 23:44:41,814] {dag.py:2398} INFO - Sync 1 DAGs
[2022-05-09 23:44:41,848] {logging_mixin.py:109} INFO - [2022-05-09 23:44:41,848] {dag.py:2937} INFO - Setting next_dagrun for example_branch_operator to 2022-05-08 00:00:00+00:00
[2022-05-09 23:44:41,868] {processor.py:171} INFO - Processing /home/airflow/.local/lib/python3.7/site-packages/airflow/example_dags/example_branch_operator.py took 0.135 seconds
[2022-05-09 23:45:12,801] {processor.py:163} INFO - Started process (PID=539) to work on /home/airflow/.local/lib/python3.7/site-packages/airflow/example_dags/example_branch_operator.py
[2022-05-09 23:45:12,803] {processor.py:642} INFO - Processing file /home/airflow/.local/lib/python3.7/site-packages/airflow/example_dags/example_branch_operator.py for tasks to queue
[2022-05-09 23:45:12,805] {logging_mixin.py:109} INFO - [2022-05-09 23:45:12,805] {dagbag.py:500} INFO - Filling up the DagBag from /home/airflow/.local/lib/python3.7/site-packages/airflow/example_dags/example_branch_operator.py
[2022-05-09 23:45:12,826] {processor.py:652} INFO - DAG(s) dict_keys(['example_branch_operator']) retrieved from /home/airflow/.local/lib/python3.7/site-packages/airflow/example_dags/example_branch_operator.py
[2022-05-09 23:45:12,850] {logging_mixin.py:109} INFO - [2022-05-09 23:45:12,850] {dag.py:2398} INFO - Sync 1 DAGs
[2022-05-09 23:45:12,871] {logging_mixin.py:109} INFO - [2022-05-09 23:45:12,871] {dag.py:2937} INFO - Setting next_dagrun for example_branch_operator to 2022-05-08 00:00:00+00:00
[2022-05-09 23:45:12,883] {processor.py:171} INFO - Processing /home/airflow/.local/lib/python3.7/site-packages/airflow/example_dags/example_branch_operator.py took 0.085 seconds
[2022-05-09 23:45:43,922] {processor.py:163} INFO - Started process (PID=603) to work on /home/airflow/.local/lib/python3.7/site-packages/airflow/example_dags/example_branch_operator.py
[2022-05-09 23:45:43,924] {processor.py:642} INFO - Processing file /home/airflow/.local/lib/python3.7/site-packages/airflow/example_dags/example_branch_operator.py for tasks to queue
[2022-05-09 23:45:43,929] {logging_mixin.py:109} INFO - [2022-05-09 23:45:43,928] {dagbag.py:500} INFO - Filling up the DagBag from /home/airflow/.local/lib/python3.7/site-packages/airflow/example_dags/example_branch_operator.py
[2022-05-09 23:45:43,956] {processor.py:652} INFO - DAG(s) dict_keys(['example_branch_operator']) retrieved from /home/airflow/.local/lib/python3.7/site-packages/airflow/example_dags/example_branch_operator.py
[2022-05-09 23:45:44,002] {logging_mixin.py:109} INFO - [2022-05-09 23:45:44,002] {dag.py:2398} INFO - Sync 1 DAGs
[2022-05-09 23:45:44,058] {logging_mixin.py:109} INFO - [2022-05-09 23:45:44,057] {dag.py:2937} INFO - Setting next_dagrun for example_branch_operator to 2022-05-08 00:00:00+00:00
[2022-05-09 23:45:44,078] {processor.py:171} INFO - Processing /home/airflow/.local/lib/python3.7/site-packages/airflow/example_dags/example_branch_operator.py took 0.160 seconds
[2022-05-09 23:46:14,915] {processor.py:163} INFO - Started process (PID=655) to work on /home/airflow/.local/lib/python3.7/site-packages/airflow/example_dags/example_branch_operator.py
[2022-05-09 23:46:14,917] {processor.py:642} INFO - Processing file /home/airflow/.local/lib/python3.7/site-packages/airflow/example_dags/example_branch_operator.py for tasks to queue
[2022-05-09 23:46:14,918] {logging_mixin.py:109} INFO - [2022-05-09 23:46:14,918] {dagbag.py:500} INFO - Filling up the DagBag from /home/airflow/.local/lib/python3.7/site-packages/airflow/example_dags/example_branch_operator.py
[2022-05-09 23:46:14,940] {processor.py:652} INFO - DAG(s) dict_keys(['example_branch_operator']) retrieved from /home/airflow/.local/lib/python3.7/site-packages/airflow/example_dags/example_branch_operator.py
[2022-05-09 23:46:14,967] {logging_mixin.py:109} INFO - [2022-05-09 23:46:14,967] {dag.py:2398} INFO - Sync 1 DAGs
[2022-05-09 23:46:14,988] {logging_mixin.py:109} INFO - [2022-05-09 23:46:14,988] {dag.py:2937} INFO - Setting next_dagrun for example_branch_operator to 2022-05-08 00:00:00+00:00
[2022-05-09 23:46:14,999] {processor.py:171} INFO - Processing /home/airflow/.local/lib/python3.7/site-packages/airflow/example_dags/example_branch_operator.py took 0.088 seconds
[2022-05-09 23:46:45,673] {processor.py:163} INFO - Started process (PID=718) to work on /home/airflow/.local/lib/python3.7/site-packages/airflow/example_dags/example_branch_operator.py
[2022-05-09 23:46:45,675] {processor.py:642} INFO - Processing file /home/airflow/.local/lib/python3.7/site-packages/airflow/example_dags/example_branch_operator.py for tasks to queue
[2022-05-09 23:46:45,677] {logging_mixin.py:109} INFO - [2022-05-09 23:46:45,677] {dagbag.py:500} INFO - Filling up the DagBag from /home/airflow/.local/lib/python3.7/site-packages/airflow/example_dags/example_branch_operator.py
[2022-05-09 23:46:45,699] {processor.py:652} INFO - DAG(s) dict_keys(['example_branch_operator']) retrieved from /home/airflow/.local/lib/python3.7/site-packages/airflow/example_dags/example_branch_operator.py
[2022-05-09 23:46:45,727] {logging_mixin.py:109} INFO - [2022-05-09 23:46:45,726] {dag.py:2398} INFO - Sync 1 DAGs
[2022-05-09 23:46:45,747] {logging_mixin.py:109} INFO - [2022-05-09 23:46:45,747] {dag.py:2937} INFO - Setting next_dagrun for example_branch_operator to 2022-05-08 00:00:00+00:00
[2022-05-09 23:46:45,757] {processor.py:171} INFO - Processing /home/airflow/.local/lib/python3.7/site-packages/airflow/example_dags/example_branch_operator.py took 0.088 seconds
[2022-05-09 23:47:16,663] {processor.py:163} INFO - Started process (PID=769) to work on /home/airflow/.local/lib/python3.7/site-packages/airflow/example_dags/example_branch_operator.py
[2022-05-09 23:47:16,666] {processor.py:642} INFO - Processing file /home/airflow/.local/lib/python3.7/site-packages/airflow/example_dags/example_branch_operator.py for tasks to queue
[2022-05-09 23:47:16,667] {logging_mixin.py:109} INFO - [2022-05-09 23:47:16,667] {dagbag.py:500} INFO - Filling up the DagBag from /home/airflow/.local/lib/python3.7/site-packages/airflow/example_dags/example_branch_operator.py
[2022-05-09 23:47:16,687] {processor.py:652} INFO - DAG(s) dict_keys(['example_branch_operator']) retrieved from /home/airflow/.local/lib/python3.7/site-packages/airflow/example_dags/example_branch_operator.py
[2022-05-09 23:47:16,714] {logging_mixin.py:109} INFO - [2022-05-09 23:47:16,714] {dag.py:2398} INFO - Sync 1 DAGs
[2022-05-09 23:47:16,737] {logging_mixin.py:109} INFO - [2022-05-09 23:47:16,737] {dag.py:2937} INFO - Setting next_dagrun for example_branch_operator to 2022-05-08 00:00:00+00:00
[2022-05-09 23:47:16,750] {processor.py:171} INFO - Processing /home/airflow/.local/lib/python3.7/site-packages/airflow/example_dags/example_branch_operator.py took 0.092 seconds
[2022-05-09 23:47:47,288] {processor.py:163} INFO - Started process (PID=829) to work on /home/airflow/.local/lib/python3.7/site-packages/airflow/example_dags/example_branch_operator.py
[2022-05-09 23:47:47,290] {processor.py:642} INFO - Processing file /home/airflow/.local/lib/python3.7/site-packages/airflow/example_dags/example_branch_operator.py for tasks to queue
[2022-05-09 23:47:47,292] {logging_mixin.py:109} INFO - [2022-05-09 23:47:47,291] {dagbag.py:500} INFO - Filling up the DagBag from /home/airflow/.local/lib/python3.7/site-packages/airflow/example_dags/example_branch_operator.py
[2022-05-09 23:47:47,312] {processor.py:652} INFO - DAG(s) dict_keys(['example_branch_operator']) retrieved from /home/airflow/.local/lib/python3.7/site-packages/airflow/example_dags/example_branch_operator.py
[2022-05-09 23:47:47,334] {logging_mixin.py:109} INFO - [2022-05-09 23:47:47,334] {dag.py:2398} INFO - Sync 1 DAGs
[2022-05-09 23:47:47,354] {logging_mixin.py:109} INFO - [2022-05-09 23:47:47,354] {dag.py:2937} INFO - Setting next_dagrun for example_branch_operator to 2022-05-08 00:00:00+00:00
[2022-05-09 23:47:47,365] {processor.py:171} INFO - Processing /home/airflow/.local/lib/python3.7/site-packages/airflow/example_dags/example_branch_operator.py took 0.081 seconds
[2022-05-09 23:48:17,990] {processor.py:163} INFO - Started process (PID=880) to work on /home/airflow/.local/lib/python3.7/site-packages/airflow/example_dags/example_branch_operator.py
[2022-05-09 23:48:17,992] {processor.py:642} INFO - Processing file /home/airflow/.local/lib/python3.7/site-packages/airflow/example_dags/example_branch_operator.py for tasks to queue
[2022-05-09 23:48:17,994] {logging_mixin.py:109} INFO - [2022-05-09 23:48:17,994] {dagbag.py:500} INFO - Filling up the DagBag from /home/airflow/.local/lib/python3.7/site-packages/airflow/example_dags/example_branch_operator.py
[2022-05-09 23:48:18,016] {processor.py:652} INFO - DAG(s) dict_keys(['example_branch_operator']) retrieved from /home/airflow/.local/lib/python3.7/site-packages/airflow/example_dags/example_branch_operator.py
[2022-05-09 23:48:18,050] {logging_mixin.py:109} INFO - [2022-05-09 23:48:18,050] {dag.py:2398} INFO - Sync 1 DAGs
[2022-05-09 23:48:18,073] {logging_mixin.py:109} INFO - [2022-05-09 23:48:18,073] {dag.py:2937} INFO - Setting next_dagrun for example_branch_operator to 2022-05-08 00:00:00+00:00
[2022-05-09 23:48:18,085] {processor.py:171} INFO - Processing /home/airflow/.local/lib/python3.7/site-packages/airflow/example_dags/example_branch_operator.py took 0.100 seconds
[2022-05-09 23:48:48,857] {processor.py:163} INFO - Started process (PID=944) to work on /home/airflow/.local/lib/python3.7/site-packages/airflow/example_dags/example_branch_operator.py
[2022-05-09 23:48:48,860] {processor.py:642} INFO - Processing file /home/airflow/.local/lib/python3.7/site-packages/airflow/example_dags/example_branch_operator.py for tasks to queue
[2022-05-09 23:48:48,861] {logging_mixin.py:109} INFO - [2022-05-09 23:48:48,861] {dagbag.py:500} INFO - Filling up the DagBag from /home/airflow/.local/lib/python3.7/site-packages/airflow/example_dags/example_branch_operator.py
[2022-05-09 23:48:48,880] {processor.py:652} INFO - DAG(s) dict_keys(['example_branch_operator']) retrieved from /home/airflow/.local/lib/python3.7/site-packages/airflow/example_dags/example_branch_operator.py
[2022-05-09 23:48:48,903] {logging_mixin.py:109} INFO - [2022-05-09 23:48:48,903] {dag.py:2398} INFO - Sync 1 DAGs
[2022-05-09 23:48:48,922] {logging_mixin.py:109} INFO - [2022-05-09 23:48:48,922] {dag.py:2937} INFO - Setting next_dagrun for example_branch_operator to 2022-05-08 00:00:00+00:00
[2022-05-09 23:48:48,932] {processor.py:171} INFO - Processing /home/airflow/.local/lib/python3.7/site-packages/airflow/example_dags/example_branch_operator.py took 0.079 seconds
[2022-05-09 23:49:19,430] {processor.py:163} INFO - Started process (PID=1004) to work on /home/airflow/.local/lib/python3.7/site-packages/airflow/example_dags/example_branch_operator.py
[2022-05-09 23:49:19,432] {processor.py:642} INFO - Processing file /home/airflow/.local/lib/python3.7/site-packages/airflow/example_dags/example_branch_operator.py for tasks to queue
[2022-05-09 23:49:19,433] {logging_mixin.py:109} INFO - [2022-05-09 23:49:19,433] {dagbag.py:500} INFO - Filling up the DagBag from /home/airflow/.local/lib/python3.7/site-packages/airflow/example_dags/example_branch_operator.py
[2022-05-09 23:49:19,453] {processor.py:652} INFO - DAG(s) dict_keys(['example_branch_operator']) retrieved from /home/airflow/.local/lib/python3.7/site-packages/airflow/example_dags/example_branch_operator.py
[2022-05-09 23:49:19,481] {logging_mixin.py:109} INFO - [2022-05-09 23:49:19,481] {dag.py:2398} INFO - Sync 1 DAGs
[2022-05-09 23:49:19,503] {logging_mixin.py:109} INFO - [2022-05-09 23:49:19,503] {dag.py:2937} INFO - Setting next_dagrun for example_branch_operator to 2022-05-08 00:00:00+00:00
[2022-05-09 23:49:19,515] {processor.py:171} INFO - Processing /home/airflow/.local/lib/python3.7/site-packages/airflow/example_dags/example_branch_operator.py took 0.089 seconds
[2022-05-09 23:49:50,360] {processor.py:163} INFO - Started process (PID=1057) to work on /home/airflow/.local/lib/python3.7/site-packages/airflow/example_dags/example_branch_operator.py
[2022-05-09 23:49:50,362] {processor.py:642} INFO - Processing file /home/airflow/.local/lib/python3.7/site-packages/airflow/example_dags/example_branch_operator.py for tasks to queue
[2022-05-09 23:49:50,363] {logging_mixin.py:109} INFO - [2022-05-09 23:49:50,363] {dagbag.py:500} INFO - Filling up the DagBag from /home/airflow/.local/lib/python3.7/site-packages/airflow/example_dags/example_branch_operator.py
[2022-05-09 23:49:50,383] {processor.py:652} INFO - DAG(s) dict_keys(['example_branch_operator']) retrieved from /home/airflow/.local/lib/python3.7/site-packages/airflow/example_dags/example_branch_operator.py
[2022-05-09 23:49:50,410] {logging_mixin.py:109} INFO - [2022-05-09 23:49:50,409] {dag.py:2398} INFO - Sync 1 DAGs
[2022-05-09 23:49:50,429] {logging_mixin.py:109} INFO - [2022-05-09 23:49:50,429] {dag.py:2937} INFO - Setting next_dagrun for example_branch_operator to 2022-05-08 00:00:00+00:00
[2022-05-09 23:49:50,439] {processor.py:171} INFO - Processing /home/airflow/.local/lib/python3.7/site-packages/airflow/example_dags/example_branch_operator.py took 0.082 seconds
[2022-05-09 23:50:21,019] {processor.py:163} INFO - Started process (PID=1117) to work on /home/airflow/.local/lib/python3.7/site-packages/airflow/example_dags/example_branch_operator.py
[2022-05-09 23:50:21,022] {processor.py:642} INFO - Processing file /home/airflow/.local/lib/python3.7/site-packages/airflow/example_dags/example_branch_operator.py for tasks to queue
[2022-05-09 23:50:21,023] {logging_mixin.py:109} INFO - [2022-05-09 23:50:21,023] {dagbag.py:500} INFO - Filling up the DagBag from /home/airflow/.local/lib/python3.7/site-packages/airflow/example_dags/example_branch_operator.py
[2022-05-09 23:50:21,044] {processor.py:652} INFO - DAG(s) dict_keys(['example_branch_operator']) retrieved from /home/airflow/.local/lib/python3.7/site-packages/airflow/example_dags/example_branch_operator.py
[2022-05-09 23:50:21,068] {logging_mixin.py:109} INFO - [2022-05-09 23:50:21,068] {dag.py:2398} INFO - Sync 1 DAGs
[2022-05-09 23:50:21,089] {logging_mixin.py:109} INFO - [2022-05-09 23:50:21,089] {dag.py:2937} INFO - Setting next_dagrun for example_branch_operator to 2022-05-08 00:00:00+00:00
[2022-05-09 23:50:21,100] {processor.py:171} INFO - Processing /home/airflow/.local/lib/python3.7/site-packages/airflow/example_dags/example_branch_operator.py took 0.085 seconds
[2022-05-09 23:50:51,627] {processor.py:163} INFO - Started process (PID=1170) to work on /home/airflow/.local/lib/python3.7/site-packages/airflow/example_dags/example_branch_operator.py
[2022-05-09 23:50:51,629] {processor.py:642} INFO - Processing file /home/airflow/.local/lib/python3.7/site-packages/airflow/example_dags/example_branch_operator.py for tasks to queue
[2022-05-09 23:50:51,630] {logging_mixin.py:109} INFO - [2022-05-09 23:50:51,630] {dagbag.py:500} INFO - Filling up the DagBag from /home/airflow/.local/lib/python3.7/site-packages/airflow/example_dags/example_branch_operator.py
[2022-05-09 23:50:51,650] {processor.py:652} INFO - DAG(s) dict_keys(['example_branch_operator']) retrieved from /home/airflow/.local/lib/python3.7/site-packages/airflow/example_dags/example_branch_operator.py
[2022-05-09 23:50:51,677] {logging_mixin.py:109} INFO - [2022-05-09 23:50:51,677] {dag.py:2398} INFO - Sync 1 DAGs
[2022-05-09 23:50:51,699] {logging_mixin.py:109} INFO - [2022-05-09 23:50:51,699] {dag.py:2937} INFO - Setting next_dagrun for example_branch_operator to 2022-05-08 00:00:00+00:00
[2022-05-09 23:50:51,710] {processor.py:171} INFO - Processing /home/airflow/.local/lib/python3.7/site-packages/airflow/example_dags/example_branch_operator.py took 0.087 seconds
[2022-05-09 23:51:21,983] {processor.py:163} INFO - Started process (PID=1230) to work on /home/airflow/.local/lib/python3.7/site-packages/airflow/example_dags/example_branch_operator.py
[2022-05-09 23:51:21,985] {processor.py:642} INFO - Processing file /home/airflow/.local/lib/python3.7/site-packages/airflow/example_dags/example_branch_operator.py for tasks to queue
[2022-05-09 23:51:21,987] {logging_mixin.py:109} INFO - [2022-05-09 23:51:21,987] {dagbag.py:500} INFO - Filling up the DagBag from /home/airflow/.local/lib/python3.7/site-packages/airflow/example_dags/example_branch_operator.py
[2022-05-09 23:51:22,006] {processor.py:652} INFO - DAG(s) dict_keys(['example_branch_operator']) retrieved from /home/airflow/.local/lib/python3.7/site-packages/airflow/example_dags/example_branch_operator.py
[2022-05-09 23:51:22,028] {logging_mixin.py:109} INFO - [2022-05-09 23:51:22,028] {dag.py:2398} INFO - Sync 1 DAGs
[2022-05-09 23:51:22,047] {logging_mixin.py:109} INFO - [2022-05-09 23:51:22,047] {dag.py:2937} INFO - Setting next_dagrun for example_branch_operator to 2022-05-08 00:00:00+00:00
[2022-05-09 23:51:22,057] {processor.py:171} INFO - Processing /home/airflow/.local/lib/python3.7/site-packages/airflow/example_dags/example_branch_operator.py took 0.077 seconds
[2022-05-09 23:51:52,750] {processor.py:163} INFO - Started process (PID=1281) to work on /home/airflow/.local/lib/python3.7/site-packages/airflow/example_dags/example_branch_operator.py
[2022-05-09 23:51:52,752] {processor.py:642} INFO - Processing file /home/airflow/.local/lib/python3.7/site-packages/airflow/example_dags/example_branch_operator.py for tasks to queue
[2022-05-09 23:51:52,753] {logging_mixin.py:109} INFO - [2022-05-09 23:51:52,753] {dagbag.py:500} INFO - Filling up the DagBag from /home/airflow/.local/lib/python3.7/site-packages/airflow/example_dags/example_branch_operator.py
[2022-05-09 23:51:52,774] {processor.py:652} INFO - DAG(s) dict_keys(['example_branch_operator']) retrieved from /home/airflow/.local/lib/python3.7/site-packages/airflow/example_dags/example_branch_operator.py
[2022-05-09 23:51:52,796] {logging_mixin.py:109} INFO - [2022-05-09 23:51:52,796] {dag.py:2398} INFO - Sync 1 DAGs
[2022-05-09 23:51:52,815] {logging_mixin.py:109} INFO - [2022-05-09 23:51:52,815] {dag.py:2937} INFO - Setting next_dagrun for example_branch_operator to 2022-05-08 00:00:00+00:00
[2022-05-09 23:51:52,825] {processor.py:171} INFO - Processing /home/airflow/.local/lib/python3.7/site-packages/airflow/example_dags/example_branch_operator.py took 0.079 seconds
[2022-05-09 23:52:23,359] {processor.py:163} INFO - Started process (PID=1342) to work on /home/airflow/.local/lib/python3.7/site-packages/airflow/example_dags/example_branch_operator.py
[2022-05-09 23:52:23,362] {processor.py:642} INFO - Processing file /home/airflow/.local/lib/python3.7/site-packages/airflow/example_dags/example_branch_operator.py for tasks to queue
[2022-05-09 23:52:23,363] {logging_mixin.py:109} INFO - [2022-05-09 23:52:23,363] {dagbag.py:500} INFO - Filling up the DagBag from /home/airflow/.local/lib/python3.7/site-packages/airflow/example_dags/example_branch_operator.py
[2022-05-09 23:52:23,385] {processor.py:652} INFO - DAG(s) dict_keys(['example_branch_operator']) retrieved from /home/airflow/.local/lib/python3.7/site-packages/airflow/example_dags/example_branch_operator.py
[2022-05-09 23:52:23,408] {logging_mixin.py:109} INFO - [2022-05-09 23:52:23,408] {dag.py:2398} INFO - Sync 1 DAGs
[2022-05-09 23:52:23,430] {logging_mixin.py:109} INFO - [2022-05-09 23:52:23,430] {dag.py:2937} INFO - Setting next_dagrun for example_branch_operator to 2022-05-08 00:00:00+00:00
[2022-05-09 23:52:23,441] {processor.py:171} INFO - Processing /home/airflow/.local/lib/python3.7/site-packages/airflow/example_dags/example_branch_operator.py took 0.086 seconds
[2022-05-09 23:52:54,081] {processor.py:163} INFO - Started process (PID=1403) to work on /home/airflow/.local/lib/python3.7/site-packages/airflow/example_dags/example_branch_operator.py
[2022-05-09 23:52:54,083] {processor.py:642} INFO - Processing file /home/airflow/.local/lib/python3.7/site-packages/airflow/example_dags/example_branch_operator.py for tasks to queue
[2022-05-09 23:52:54,084] {logging_mixin.py:109} INFO - [2022-05-09 23:52:54,084] {dagbag.py:500} INFO - Filling up the DagBag from /home/airflow/.local/lib/python3.7/site-packages/airflow/example_dags/example_branch_operator.py
[2022-05-09 23:52:54,106] {processor.py:652} INFO - DAG(s) dict_keys(['example_branch_operator']) retrieved from /home/airflow/.local/lib/python3.7/site-packages/airflow/example_dags/example_branch_operator.py
[2022-05-09 23:52:54,134] {logging_mixin.py:109} INFO - [2022-05-09 23:52:54,134] {dag.py:2398} INFO - Sync 1 DAGs
[2022-05-09 23:52:54,157] {logging_mixin.py:109} INFO - [2022-05-09 23:52:54,157] {dag.py:2937} INFO - Setting next_dagrun for example_branch_operator to 2022-05-08 00:00:00+00:00
[2022-05-09 23:52:54,170] {processor.py:171} INFO - Processing /home/airflow/.local/lib/python3.7/site-packages/airflow/example_dags/example_branch_operator.py took 0.094 seconds
[2022-05-09 23:53:24,850] {processor.py:163} INFO - Started process (PID=1456) to work on /home/airflow/.local/lib/python3.7/site-packages/airflow/example_dags/example_branch_operator.py
[2022-05-09 23:53:24,852] {processor.py:642} INFO - Processing file /home/airflow/.local/lib/python3.7/site-packages/airflow/example_dags/example_branch_operator.py for tasks to queue
[2022-05-09 23:53:24,853] {logging_mixin.py:109} INFO - [2022-05-09 23:53:24,853] {dagbag.py:500} INFO - Filling up the DagBag from /home/airflow/.local/lib/python3.7/site-packages/airflow/example_dags/example_branch_operator.py
[2022-05-09 23:53:24,873] {processor.py:652} INFO - DAG(s) dict_keys(['example_branch_operator']) retrieved from /home/airflow/.local/lib/python3.7/site-packages/airflow/example_dags/example_branch_operator.py
[2022-05-09 23:53:24,896] {logging_mixin.py:109} INFO - [2022-05-09 23:53:24,896] {dag.py:2398} INFO - Sync 1 DAGs
[2022-05-09 23:53:24,916] {logging_mixin.py:109} INFO - [2022-05-09 23:53:24,916] {dag.py:2937} INFO - Setting next_dagrun for example_branch_operator to 2022-05-08 00:00:00+00:00
[2022-05-09 23:53:24,926] {processor.py:171} INFO - Processing /home/airflow/.local/lib/python3.7/site-packages/airflow/example_dags/example_branch_operator.py took 0.081 seconds
[2022-05-09 23:53:55,241] {processor.py:163} INFO - Started process (PID=1516) to work on /home/airflow/.local/lib/python3.7/site-packages/airflow/example_dags/example_branch_operator.py
[2022-05-09 23:53:55,243] {processor.py:642} INFO - Processing file /home/airflow/.local/lib/python3.7/site-packages/airflow/example_dags/example_branch_operator.py for tasks to queue
[2022-05-09 23:53:55,244] {logging_mixin.py:109} INFO - [2022-05-09 23:53:55,244] {dagbag.py:500} INFO - Filling up the DagBag from /home/airflow/.local/lib/python3.7/site-packages/airflow/example_dags/example_branch_operator.py
[2022-05-09 23:53:55,263] {processor.py:652} INFO - DAG(s) dict_keys(['example_branch_operator']) retrieved from /home/airflow/.local/lib/python3.7/site-packages/airflow/example_dags/example_branch_operator.py
[2022-05-09 23:53:55,287] {logging_mixin.py:109} INFO - [2022-05-09 23:53:55,287] {dag.py:2398} INFO - Sync 1 DAGs
[2022-05-09 23:53:55,306] {logging_mixin.py:109} INFO - [2022-05-09 23:53:55,306] {dag.py:2937} INFO - Setting next_dagrun for example_branch_operator to 2022-05-08 00:00:00+00:00
[2022-05-09 23:53:55,317] {processor.py:171} INFO - Processing /home/airflow/.local/lib/python3.7/site-packages/airflow/example_dags/example_branch_operator.py took 0.080 seconds
[2022-05-09 23:54:25,812] {processor.py:163} INFO - Started process (PID=1566) to work on /home/airflow/.local/lib/python3.7/site-packages/airflow/example_dags/example_branch_operator.py
[2022-05-09 23:54:25,814] {processor.py:642} INFO - Processing file /home/airflow/.local/lib/python3.7/site-packages/airflow/example_dags/example_branch_operator.py for tasks to queue
[2022-05-09 23:54:25,816] {logging_mixin.py:109} INFO - [2022-05-09 23:54:25,816] {dagbag.py:500} INFO - Filling up the DagBag from /home/airflow/.local/lib/python3.7/site-packages/airflow/example_dags/example_branch_operator.py
[2022-05-09 23:54:25,838] {processor.py:652} INFO - DAG(s) dict_keys(['example_branch_operator']) retrieved from /home/airflow/.local/lib/python3.7/site-packages/airflow/example_dags/example_branch_operator.py
[2022-05-09 23:54:25,864] {logging_mixin.py:109} INFO - [2022-05-09 23:54:25,864] {dag.py:2398} INFO - Sync 1 DAGs
[2022-05-09 23:54:25,886] {logging_mixin.py:109} INFO - [2022-05-09 23:54:25,886] {dag.py:2937} INFO - Setting next_dagrun for example_branch_operator to 2022-05-08 00:00:00+00:00
[2022-05-09 23:54:25,897] {processor.py:171} INFO - Processing /home/airflow/.local/lib/python3.7/site-packages/airflow/example_dags/example_branch_operator.py took 0.089 seconds
[2022-05-09 23:54:56,328] {processor.py:163} INFO - Started process (PID=1627) to work on /home/airflow/.local/lib/python3.7/site-packages/airflow/example_dags/example_branch_operator.py
[2022-05-09 23:54:56,330] {processor.py:642} INFO - Processing file /home/airflow/.local/lib/python3.7/site-packages/airflow/example_dags/example_branch_operator.py for tasks to queue
[2022-05-09 23:54:56,332] {logging_mixin.py:109} INFO - [2022-05-09 23:54:56,331] {dagbag.py:500} INFO - Filling up the DagBag from /home/airflow/.local/lib/python3.7/site-packages/airflow/example_dags/example_branch_operator.py
[2022-05-09 23:54:56,353] {processor.py:652} INFO - DAG(s) dict_keys(['example_branch_operator']) retrieved from /home/airflow/.local/lib/python3.7/site-packages/airflow/example_dags/example_branch_operator.py
[2022-05-09 23:54:56,378] {logging_mixin.py:109} INFO - [2022-05-09 23:54:56,378] {dag.py:2398} INFO - Sync 1 DAGs
[2022-05-09 23:54:56,397] {logging_mixin.py:109} INFO - [2022-05-09 23:54:56,397] {dag.py:2937} INFO - Setting next_dagrun for example_branch_operator to 2022-05-08 00:00:00+00:00
[2022-05-09 23:54:56,408] {processor.py:171} INFO - Processing /home/airflow/.local/lib/python3.7/site-packages/airflow/example_dags/example_branch_operator.py took 0.083 seconds
[2022-05-09 23:55:26,847] {processor.py:163} INFO - Started process (PID=1678) to work on /home/airflow/.local/lib/python3.7/site-packages/airflow/example_dags/example_branch_operator.py
[2022-05-09 23:55:26,849] {processor.py:642} INFO - Processing file /home/airflow/.local/lib/python3.7/site-packages/airflow/example_dags/example_branch_operator.py for tasks to queue
[2022-05-09 23:55:26,851] {logging_mixin.py:109} INFO - [2022-05-09 23:55:26,851] {dagbag.py:500} INFO - Filling up the DagBag from /home/airflow/.local/lib/python3.7/site-packages/airflow/example_dags/example_branch_operator.py
[2022-05-09 23:55:26,875] {processor.py:652} INFO - DAG(s) dict_keys(['example_branch_operator']) retrieved from /home/airflow/.local/lib/python3.7/site-packages/airflow/example_dags/example_branch_operator.py
[2022-05-09 23:55:26,905] {logging_mixin.py:109} INFO - [2022-05-09 23:55:26,905] {dag.py:2398} INFO - Sync 1 DAGs
[2022-05-09 23:55:26,928] {logging_mixin.py:109} INFO - [2022-05-09 23:55:26,928] {dag.py:2937} INFO - Setting next_dagrun for example_branch_operator to 2022-05-08 00:00:00+00:00
[2022-05-09 23:55:26,948] {processor.py:171} INFO - Processing /home/airflow/.local/lib/python3.7/site-packages/airflow/example_dags/example_branch_operator.py took 0.106 seconds
[2022-05-09 23:55:57,721] {processor.py:163} INFO - Started process (PID=1740) to work on /home/airflow/.local/lib/python3.7/site-packages/airflow/example_dags/example_branch_operator.py
[2022-05-09 23:55:57,722] {processor.py:642} INFO - Processing file /home/airflow/.local/lib/python3.7/site-packages/airflow/example_dags/example_branch_operator.py for tasks to queue
[2022-05-09 23:55:57,724] {logging_mixin.py:109} INFO - [2022-05-09 23:55:57,723] {dagbag.py:500} INFO - Filling up the DagBag from /home/airflow/.local/lib/python3.7/site-packages/airflow/example_dags/example_branch_operator.py
[2022-05-09 23:55:57,742] {processor.py:652} INFO - DAG(s) dict_keys(['example_branch_operator']) retrieved from /home/airflow/.local/lib/python3.7/site-packages/airflow/example_dags/example_branch_operator.py
[2022-05-09 23:55:57,766] {logging_mixin.py:109} INFO - [2022-05-09 23:55:57,766] {dag.py:2398} INFO - Sync 1 DAGs
[2022-05-09 23:55:57,785] {logging_mixin.py:109} INFO - [2022-05-09 23:55:57,785] {dag.py:2937} INFO - Setting next_dagrun for example_branch_operator to 2022-05-08 00:00:00+00:00
[2022-05-09 23:55:57,796] {processor.py:171} INFO - Processing /home/airflow/.local/lib/python3.7/site-packages/airflow/example_dags/example_branch_operator.py took 0.080 seconds
[2022-05-09 23:56:28,556] {processor.py:163} INFO - Started process (PID=1801) to work on /home/airflow/.local/lib/python3.7/site-packages/airflow/example_dags/example_branch_operator.py
[2022-05-09 23:56:28,558] {processor.py:642} INFO - Processing file /home/airflow/.local/lib/python3.7/site-packages/airflow/example_dags/example_branch_operator.py for tasks to queue
[2022-05-09 23:56:28,559] {logging_mixin.py:109} INFO - [2022-05-09 23:56:28,559] {dagbag.py:500} INFO - Filling up the DagBag from /home/airflow/.local/lib/python3.7/site-packages/airflow/example_dags/example_branch_operator.py
[2022-05-09 23:56:28,582] {processor.py:652} INFO - DAG(s) dict_keys(['example_branch_operator']) retrieved from /home/airflow/.local/lib/python3.7/site-packages/airflow/example_dags/example_branch_operator.py
[2022-05-09 23:56:28,617] {logging_mixin.py:109} INFO - [2022-05-09 23:56:28,617] {dag.py:2398} INFO - Sync 1 DAGs
[2022-05-09 23:56:28,638] {logging_mixin.py:109} INFO - [2022-05-09 23:56:28,638] {dag.py:2937} INFO - Setting next_dagrun for example_branch_operator to 2022-05-08 00:00:00+00:00
[2022-05-09 23:56:28,648] {processor.py:171} INFO - Processing /home/airflow/.local/lib/python3.7/site-packages/airflow/example_dags/example_branch_operator.py took 0.097 seconds
[2022-05-09 23:56:59,253] {processor.py:163} INFO - Started process (PID=1853) to work on /home/airflow/.local/lib/python3.7/site-packages/airflow/example_dags/example_branch_operator.py
[2022-05-09 23:56:59,255] {processor.py:642} INFO - Processing file /home/airflow/.local/lib/python3.7/site-packages/airflow/example_dags/example_branch_operator.py for tasks to queue
[2022-05-09 23:56:59,257] {logging_mixin.py:109} INFO - [2022-05-09 23:56:59,257] {dagbag.py:500} INFO - Filling up the DagBag from /home/airflow/.local/lib/python3.7/site-packages/airflow/example_dags/example_branch_operator.py
[2022-05-09 23:56:59,276] {processor.py:652} INFO - DAG(s) dict_keys(['example_branch_operator']) retrieved from /home/airflow/.local/lib/python3.7/site-packages/airflow/example_dags/example_branch_operator.py
[2022-05-09 23:56:59,298] {logging_mixin.py:109} INFO - [2022-05-09 23:56:59,298] {dag.py:2398} INFO - Sync 1 DAGs
[2022-05-09 23:56:59,320] {logging_mixin.py:109} INFO - [2022-05-09 23:56:59,319] {dag.py:2937} INFO - Setting next_dagrun for example_branch_operator to 2022-05-08 00:00:00+00:00
[2022-05-09 23:56:59,330] {processor.py:171} INFO - Processing /home/airflow/.local/lib/python3.7/site-packages/airflow/example_dags/example_branch_operator.py took 0.081 seconds
[2022-05-09 23:57:29,901] {processor.py:163} INFO - Started process (PID=1916) to work on /home/airflow/.local/lib/python3.7/site-packages/airflow/example_dags/example_branch_operator.py
[2022-05-09 23:57:29,903] {processor.py:642} INFO - Processing file /home/airflow/.local/lib/python3.7/site-packages/airflow/example_dags/example_branch_operator.py for tasks to queue
[2022-05-09 23:57:29,905] {logging_mixin.py:109} INFO - [2022-05-09 23:57:29,905] {dagbag.py:500} INFO - Filling up the DagBag from /home/airflow/.local/lib/python3.7/site-packages/airflow/example_dags/example_branch_operator.py
[2022-05-09 23:57:29,929] {processor.py:652} INFO - DAG(s) dict_keys(['example_branch_operator']) retrieved from /home/airflow/.local/lib/python3.7/site-packages/airflow/example_dags/example_branch_operator.py
[2022-05-09 23:57:29,957] {logging_mixin.py:109} INFO - [2022-05-09 23:57:29,957] {dag.py:2398} INFO - Sync 1 DAGs
[2022-05-09 23:57:29,986] {logging_mixin.py:109} INFO - [2022-05-09 23:57:29,986] {dag.py:2937} INFO - Setting next_dagrun for example_branch_operator to 2022-05-08 00:00:00+00:00
[2022-05-09 23:57:29,996] {processor.py:171} INFO - Processing /home/airflow/.local/lib/python3.7/site-packages/airflow/example_dags/example_branch_operator.py took 0.104 seconds
[2022-05-09 23:58:00,530] {processor.py:163} INFO - Started process (PID=1967) to work on /home/airflow/.local/lib/python3.7/site-packages/airflow/example_dags/example_branch_operator.py
[2022-05-09 23:58:00,532] {processor.py:642} INFO - Processing file /home/airflow/.local/lib/python3.7/site-packages/airflow/example_dags/example_branch_operator.py for tasks to queue
[2022-05-09 23:58:00,534] {logging_mixin.py:109} INFO - [2022-05-09 23:58:00,533] {dagbag.py:500} INFO - Filling up the DagBag from /home/airflow/.local/lib/python3.7/site-packages/airflow/example_dags/example_branch_operator.py
[2022-05-09 23:58:00,554] {processor.py:652} INFO - DAG(s) dict_keys(['example_branch_operator']) retrieved from /home/airflow/.local/lib/python3.7/site-packages/airflow/example_dags/example_branch_operator.py
[2022-05-09 23:58:00,577] {logging_mixin.py:109} INFO - [2022-05-09 23:58:00,577] {dag.py:2398} INFO - Sync 1 DAGs
[2022-05-09 23:58:00,597] {logging_mixin.py:109} INFO - [2022-05-09 23:58:00,597] {dag.py:2937} INFO - Setting next_dagrun for example_branch_operator to 2022-05-08 00:00:00+00:00
[2022-05-09 23:58:00,608] {processor.py:171} INFO - Processing /home/airflow/.local/lib/python3.7/site-packages/airflow/example_dags/example_branch_operator.py took 0.082 seconds
[2022-05-09 23:58:31,195] {processor.py:163} INFO - Started process (PID=2029) to work on /home/airflow/.local/lib/python3.7/site-packages/airflow/example_dags/example_branch_operator.py
[2022-05-09 23:58:31,198] {processor.py:642} INFO - Processing file /home/airflow/.local/lib/python3.7/site-packages/airflow/example_dags/example_branch_operator.py for tasks to queue
[2022-05-09 23:58:31,199] {logging_mixin.py:109} INFO - [2022-05-09 23:58:31,199] {dagbag.py:500} INFO - Filling up the DagBag from /home/airflow/.local/lib/python3.7/site-packages/airflow/example_dags/example_branch_operator.py
[2022-05-09 23:58:31,220] {processor.py:652} INFO - DAG(s) dict_keys(['example_branch_operator']) retrieved from /home/airflow/.local/lib/python3.7/site-packages/airflow/example_dags/example_branch_operator.py
[2022-05-09 23:58:31,243] {logging_mixin.py:109} INFO - [2022-05-09 23:58:31,243] {dag.py:2398} INFO - Sync 1 DAGs
[2022-05-09 23:58:31,262] {logging_mixin.py:109} INFO - [2022-05-09 23:58:31,262] {dag.py:2937} INFO - Setting next_dagrun for example_branch_operator to 2022-05-08 00:00:00+00:00
[2022-05-09 23:58:31,273] {processor.py:171} INFO - Processing /home/airflow/.local/lib/python3.7/site-packages/airflow/example_dags/example_branch_operator.py took 0.082 seconds
[2022-05-09 23:59:01,829] {processor.py:163} INFO - Started process (PID=2090) to work on /home/airflow/.local/lib/python3.7/site-packages/airflow/example_dags/example_branch_operator.py
[2022-05-09 23:59:01,831] {processor.py:642} INFO - Processing file /home/airflow/.local/lib/python3.7/site-packages/airflow/example_dags/example_branch_operator.py for tasks to queue
[2022-05-09 23:59:01,833] {logging_mixin.py:109} INFO - [2022-05-09 23:59:01,833] {dagbag.py:500} INFO - Filling up the DagBag from /home/airflow/.local/lib/python3.7/site-packages/airflow/example_dags/example_branch_operator.py
[2022-05-09 23:59:01,852] {processor.py:652} INFO - DAG(s) dict_keys(['example_branch_operator']) retrieved from /home/airflow/.local/lib/python3.7/site-packages/airflow/example_dags/example_branch_operator.py
[2022-05-09 23:59:01,877] {logging_mixin.py:109} INFO - [2022-05-09 23:59:01,877] {dag.py:2398} INFO - Sync 1 DAGs
[2022-05-09 23:59:01,902] {logging_mixin.py:109} INFO - [2022-05-09 23:59:01,902] {dag.py:2937} INFO - Setting next_dagrun for example_branch_operator to 2022-05-08 00:00:00+00:00
[2022-05-09 23:59:01,912] {processor.py:171} INFO - Processing /home/airflow/.local/lib/python3.7/site-packages/airflow/example_dags/example_branch_operator.py took 0.087 seconds
[2022-05-09 23:59:32,508] {processor.py:163} INFO - Started process (PID=2141) to work on /home/airflow/.local/lib/python3.7/site-packages/airflow/example_dags/example_branch_operator.py
[2022-05-09 23:59:32,510] {processor.py:642} INFO - Processing file /home/airflow/.local/lib/python3.7/site-packages/airflow/example_dags/example_branch_operator.py for tasks to queue
[2022-05-09 23:59:32,511] {logging_mixin.py:109} INFO - [2022-05-09 23:59:32,511] {dagbag.py:500} INFO - Filling up the DagBag from /home/airflow/.local/lib/python3.7/site-packages/airflow/example_dags/example_branch_operator.py
[2022-05-09 23:59:32,531] {processor.py:652} INFO - DAG(s) dict_keys(['example_branch_operator']) retrieved from /home/airflow/.local/lib/python3.7/site-packages/airflow/example_dags/example_branch_operator.py
[2022-05-09 23:59:32,560] {logging_mixin.py:109} INFO - [2022-05-09 23:59:32,559] {dag.py:2398} INFO - Sync 1 DAGs
[2022-05-09 23:59:32,581] {logging_mixin.py:109} INFO - [2022-05-09 23:59:32,580] {dag.py:2937} INFO - Setting next_dagrun for example_branch_operator to 2022-05-08 00:00:00+00:00
[2022-05-09 23:59:32,592] {processor.py:171} INFO - Processing /home/airflow/.local/lib/python3.7/site-packages/airflow/example_dags/example_branch_operator.py took 0.088 seconds
