[2022-05-09 23:41:05,896] {processor.py:163} INFO - Started process (PID=75) to work on /home/airflow/.local/lib/python3.7/site-packages/airflow/example_dags/example_sla_dag.py
[2022-05-09 23:41:05,899] {processor.py:642} INFO - Processing file /home/airflow/.local/lib/python3.7/site-packages/airflow/example_dags/example_sla_dag.py for tasks to queue
[2022-05-09 23:41:05,901] {logging_mixin.py:109} INFO - [2022-05-09 23:41:05,901] {dagbag.py:500} INFO - Filling up the DagBag from /home/airflow/.local/lib/python3.7/site-packages/airflow/example_dags/example_sla_dag.py
[2022-05-09 23:41:05,926] {processor.py:652} INFO - DAG(s) dict_keys(['example_sla_dag']) retrieved from /home/airflow/.local/lib/python3.7/site-packages/airflow/example_dags/example_sla_dag.py
[2022-05-09 23:41:05,949] {logging_mixin.py:109} INFO - [2022-05-09 23:41:05,949] {dag.py:2398} INFO - Sync 1 DAGs
[2022-05-09 23:41:05,971] {logging_mixin.py:109} INFO - [2022-05-09 23:41:05,971] {dag.py:2937} INFO - Setting next_dagrun for example_sla_dag to 2022-05-09T23:38:00+00:00
[2022-05-09 23:41:05,982] {processor.py:171} INFO - Processing /home/airflow/.local/lib/python3.7/site-packages/airflow/example_dags/example_sla_dag.py took 0.090 seconds
[2022-05-09 23:41:37,085] {processor.py:163} INFO - Started process (PID=135) to work on /home/airflow/.local/lib/python3.7/site-packages/airflow/example_dags/example_sla_dag.py
[2022-05-09 23:41:37,088] {processor.py:642} INFO - Processing file /home/airflow/.local/lib/python3.7/site-packages/airflow/example_dags/example_sla_dag.py for tasks to queue
[2022-05-09 23:41:37,089] {logging_mixin.py:109} INFO - [2022-05-09 23:41:37,089] {dagbag.py:500} INFO - Filling up the DagBag from /home/airflow/.local/lib/python3.7/site-packages/airflow/example_dags/example_sla_dag.py
[2022-05-09 23:41:37,117] {processor.py:652} INFO - DAG(s) dict_keys(['example_sla_dag']) retrieved from /home/airflow/.local/lib/python3.7/site-packages/airflow/example_dags/example_sla_dag.py
[2022-05-09 23:41:37,149] {logging_mixin.py:109} INFO - [2022-05-09 23:41:37,149] {dag.py:2398} INFO - Sync 1 DAGs
[2022-05-09 23:41:37,178] {logging_mixin.py:109} INFO - [2022-05-09 23:41:37,177] {dag.py:2937} INFO - Setting next_dagrun for example_sla_dag to 2022-05-09T23:38:00+00:00
[2022-05-09 23:41:37,190] {processor.py:171} INFO - Processing /home/airflow/.local/lib/python3.7/site-packages/airflow/example_dags/example_sla_dag.py took 0.108 seconds
[2022-05-09 23:42:07,685] {processor.py:163} INFO - Started process (PID=199) to work on /home/airflow/.local/lib/python3.7/site-packages/airflow/example_dags/example_sla_dag.py
[2022-05-09 23:42:07,689] {processor.py:642} INFO - Processing file /home/airflow/.local/lib/python3.7/site-packages/airflow/example_dags/example_sla_dag.py for tasks to queue
[2022-05-09 23:42:07,691] {logging_mixin.py:109} INFO - [2022-05-09 23:42:07,691] {dagbag.py:500} INFO - Filling up the DagBag from /home/airflow/.local/lib/python3.7/site-packages/airflow/example_dags/example_sla_dag.py
[2022-05-09 23:42:07,716] {processor.py:652} INFO - DAG(s) dict_keys(['example_sla_dag']) retrieved from /home/airflow/.local/lib/python3.7/site-packages/airflow/example_dags/example_sla_dag.py
[2022-05-09 23:42:07,747] {logging_mixin.py:109} INFO - [2022-05-09 23:42:07,747] {dag.py:2398} INFO - Sync 1 DAGs
[2022-05-09 23:42:07,778] {logging_mixin.py:109} INFO - [2022-05-09 23:42:07,778] {dag.py:2937} INFO - Setting next_dagrun for example_sla_dag to 2022-05-09T23:40:00+00:00
[2022-05-09 23:42:07,790] {processor.py:171} INFO - Processing /home/airflow/.local/lib/python3.7/site-packages/airflow/example_dags/example_sla_dag.py took 0.111 seconds
[2022-05-09 23:42:38,466] {processor.py:163} INFO - Started process (PID=252) to work on /home/airflow/.local/lib/python3.7/site-packages/airflow/example_dags/example_sla_dag.py
[2022-05-09 23:42:38,468] {processor.py:642} INFO - Processing file /home/airflow/.local/lib/python3.7/site-packages/airflow/example_dags/example_sla_dag.py for tasks to queue
[2022-05-09 23:42:38,470] {logging_mixin.py:109} INFO - [2022-05-09 23:42:38,469] {dagbag.py:500} INFO - Filling up the DagBag from /home/airflow/.local/lib/python3.7/site-packages/airflow/example_dags/example_sla_dag.py
[2022-05-09 23:42:38,495] {processor.py:652} INFO - DAG(s) dict_keys(['example_sla_dag']) retrieved from /home/airflow/.local/lib/python3.7/site-packages/airflow/example_dags/example_sla_dag.py
[2022-05-09 23:42:38,520] {logging_mixin.py:109} INFO - [2022-05-09 23:42:38,520] {dag.py:2398} INFO - Sync 1 DAGs
[2022-05-09 23:42:38,542] {logging_mixin.py:109} INFO - [2022-05-09 23:42:38,542] {dag.py:2937} INFO - Setting next_dagrun for example_sla_dag to 2022-05-09T23:40:00+00:00
[2022-05-09 23:42:38,553] {processor.py:171} INFO - Processing /home/airflow/.local/lib/python3.7/site-packages/airflow/example_dags/example_sla_dag.py took 0.091 seconds
[2022-05-09 23:43:09,844] {processor.py:163} INFO - Started process (PID=313) to work on /home/airflow/.local/lib/python3.7/site-packages/airflow/example_dags/example_sla_dag.py
[2022-05-09 23:43:09,846] {processor.py:642} INFO - Processing file /home/airflow/.local/lib/python3.7/site-packages/airflow/example_dags/example_sla_dag.py for tasks to queue
[2022-05-09 23:43:09,848] {logging_mixin.py:109} INFO - [2022-05-09 23:43:09,847] {dagbag.py:500} INFO - Filling up the DagBag from /home/airflow/.local/lib/python3.7/site-packages/airflow/example_dags/example_sla_dag.py
[2022-05-09 23:43:09,871] {processor.py:652} INFO - DAG(s) dict_keys(['example_sla_dag']) retrieved from /home/airflow/.local/lib/python3.7/site-packages/airflow/example_dags/example_sla_dag.py
[2022-05-09 23:43:09,913] {logging_mixin.py:109} INFO - [2022-05-09 23:43:09,913] {dag.py:2398} INFO - Sync 1 DAGs
[2022-05-09 23:43:09,935] {logging_mixin.py:109} INFO - [2022-05-09 23:43:09,934] {dag.py:2937} INFO - Setting next_dagrun for example_sla_dag to 2022-05-09T23:40:00+00:00
[2022-05-09 23:43:09,946] {processor.py:171} INFO - Processing /home/airflow/.local/lib/python3.7/site-packages/airflow/example_dags/example_sla_dag.py took 0.107 seconds
[2022-05-09 23:43:40,599] {processor.py:163} INFO - Started process (PID=365) to work on /home/airflow/.local/lib/python3.7/site-packages/airflow/example_dags/example_sla_dag.py
[2022-05-09 23:43:40,602] {processor.py:642} INFO - Processing file /home/airflow/.local/lib/python3.7/site-packages/airflow/example_dags/example_sla_dag.py for tasks to queue
[2022-05-09 23:43:40,603] {logging_mixin.py:109} INFO - [2022-05-09 23:43:40,603] {dagbag.py:500} INFO - Filling up the DagBag from /home/airflow/.local/lib/python3.7/site-packages/airflow/example_dags/example_sla_dag.py
[2022-05-09 23:43:40,631] {processor.py:652} INFO - DAG(s) dict_keys(['example_sla_dag']) retrieved from /home/airflow/.local/lib/python3.7/site-packages/airflow/example_dags/example_sla_dag.py
[2022-05-09 23:43:40,669] {logging_mixin.py:109} INFO - [2022-05-09 23:43:40,668] {dag.py:2398} INFO - Sync 1 DAGs
[2022-05-09 23:43:40,696] {logging_mixin.py:109} INFO - [2022-05-09 23:43:40,696] {dag.py:2937} INFO - Setting next_dagrun for example_sla_dag to 2022-05-09T23:40:00+00:00
[2022-05-09 23:43:40,708] {processor.py:171} INFO - Processing /home/airflow/.local/lib/python3.7/site-packages/airflow/example_dags/example_sla_dag.py took 0.114 seconds
[2022-05-09 23:44:11,370] {processor.py:163} INFO - Started process (PID=428) to work on /home/airflow/.local/lib/python3.7/site-packages/airflow/example_dags/example_sla_dag.py
[2022-05-09 23:44:11,372] {processor.py:642} INFO - Processing file /home/airflow/.local/lib/python3.7/site-packages/airflow/example_dags/example_sla_dag.py for tasks to queue
[2022-05-09 23:44:11,373] {logging_mixin.py:109} INFO - [2022-05-09 23:44:11,373] {dagbag.py:500} INFO - Filling up the DagBag from /home/airflow/.local/lib/python3.7/site-packages/airflow/example_dags/example_sla_dag.py
[2022-05-09 23:44:11,397] {processor.py:652} INFO - DAG(s) dict_keys(['example_sla_dag']) retrieved from /home/airflow/.local/lib/python3.7/site-packages/airflow/example_dags/example_sla_dag.py
[2022-05-09 23:44:11,419] {logging_mixin.py:109} INFO - [2022-05-09 23:44:11,419] {dag.py:2398} INFO - Sync 1 DAGs
[2022-05-09 23:44:11,443] {logging_mixin.py:109} INFO - [2022-05-09 23:44:11,442] {dag.py:2937} INFO - Setting next_dagrun for example_sla_dag to 2022-05-09T23:42:00+00:00
[2022-05-09 23:44:11,453] {processor.py:171} INFO - Processing /home/airflow/.local/lib/python3.7/site-packages/airflow/example_dags/example_sla_dag.py took 0.087 seconds
[2022-05-09 23:44:42,512] {processor.py:163} INFO - Started process (PID=495) to work on /home/airflow/.local/lib/python3.7/site-packages/airflow/example_dags/example_sla_dag.py
[2022-05-09 23:44:42,515] {processor.py:642} INFO - Processing file /home/airflow/.local/lib/python3.7/site-packages/airflow/example_dags/example_sla_dag.py for tasks to queue
[2022-05-09 23:44:42,517] {logging_mixin.py:109} INFO - [2022-05-09 23:44:42,517] {dagbag.py:500} INFO - Filling up the DagBag from /home/airflow/.local/lib/python3.7/site-packages/airflow/example_dags/example_sla_dag.py
[2022-05-09 23:44:42,555] {processor.py:652} INFO - DAG(s) dict_keys(['example_sla_dag']) retrieved from /home/airflow/.local/lib/python3.7/site-packages/airflow/example_dags/example_sla_dag.py
[2022-05-09 23:44:42,583] {logging_mixin.py:109} INFO - [2022-05-09 23:44:42,583] {dag.py:2398} INFO - Sync 1 DAGs
[2022-05-09 23:44:42,616] {logging_mixin.py:109} INFO - [2022-05-09 23:44:42,616] {dag.py:2937} INFO - Setting next_dagrun for example_sla_dag to 2022-05-09T23:42:00+00:00
[2022-05-09 23:44:42,631] {processor.py:171} INFO - Processing /home/airflow/.local/lib/python3.7/site-packages/airflow/example_dags/example_sla_dag.py took 0.125 seconds
[2022-05-09 23:45:13,542] {processor.py:163} INFO - Started process (PID=547) to work on /home/airflow/.local/lib/python3.7/site-packages/airflow/example_dags/example_sla_dag.py
[2022-05-09 23:45:13,545] {processor.py:642} INFO - Processing file /home/airflow/.local/lib/python3.7/site-packages/airflow/example_dags/example_sla_dag.py for tasks to queue
[2022-05-09 23:45:13,546] {logging_mixin.py:109} INFO - [2022-05-09 23:45:13,546] {dagbag.py:500} INFO - Filling up the DagBag from /home/airflow/.local/lib/python3.7/site-packages/airflow/example_dags/example_sla_dag.py
[2022-05-09 23:45:13,570] {processor.py:652} INFO - DAG(s) dict_keys(['example_sla_dag']) retrieved from /home/airflow/.local/lib/python3.7/site-packages/airflow/example_dags/example_sla_dag.py
[2022-05-09 23:45:13,593] {logging_mixin.py:109} INFO - [2022-05-09 23:45:13,593] {dag.py:2398} INFO - Sync 1 DAGs
[2022-05-09 23:45:13,617] {logging_mixin.py:109} INFO - [2022-05-09 23:45:13,617] {dag.py:2937} INFO - Setting next_dagrun for example_sla_dag to 2022-05-09T23:42:00+00:00
[2022-05-09 23:45:13,627] {processor.py:171} INFO - Processing /home/airflow/.local/lib/python3.7/site-packages/airflow/example_dags/example_sla_dag.py took 0.088 seconds
[2022-05-09 23:45:44,750] {processor.py:163} INFO - Started process (PID=611) to work on /home/airflow/.local/lib/python3.7/site-packages/airflow/example_dags/example_sla_dag.py
[2022-05-09 23:45:44,753] {processor.py:642} INFO - Processing file /home/airflow/.local/lib/python3.7/site-packages/airflow/example_dags/example_sla_dag.py for tasks to queue
[2022-05-09 23:45:44,755] {logging_mixin.py:109} INFO - [2022-05-09 23:45:44,754] {dagbag.py:500} INFO - Filling up the DagBag from /home/airflow/.local/lib/python3.7/site-packages/airflow/example_dags/example_sla_dag.py
[2022-05-09 23:45:44,783] {processor.py:652} INFO - DAG(s) dict_keys(['example_sla_dag']) retrieved from /home/airflow/.local/lib/python3.7/site-packages/airflow/example_dags/example_sla_dag.py
[2022-05-09 23:45:44,810] {logging_mixin.py:109} INFO - [2022-05-09 23:45:44,810] {dag.py:2398} INFO - Sync 1 DAGs
[2022-05-09 23:45:44,836] {logging_mixin.py:109} INFO - [2022-05-09 23:45:44,836] {dag.py:2937} INFO - Setting next_dagrun for example_sla_dag to 2022-05-09T23:42:00+00:00
[2022-05-09 23:45:44,851] {processor.py:171} INFO - Processing /home/airflow/.local/lib/python3.7/site-packages/airflow/example_dags/example_sla_dag.py took 0.105 seconds
[2022-05-09 23:46:15,418] {processor.py:163} INFO - Started process (PID=663) to work on /home/airflow/.local/lib/python3.7/site-packages/airflow/example_dags/example_sla_dag.py
[2022-05-09 23:46:15,420] {processor.py:642} INFO - Processing file /home/airflow/.local/lib/python3.7/site-packages/airflow/example_dags/example_sla_dag.py for tasks to queue
[2022-05-09 23:46:15,421] {logging_mixin.py:109} INFO - [2022-05-09 23:46:15,421] {dagbag.py:500} INFO - Filling up the DagBag from /home/airflow/.local/lib/python3.7/site-packages/airflow/example_dags/example_sla_dag.py
[2022-05-09 23:46:15,441] {processor.py:652} INFO - DAG(s) dict_keys(['example_sla_dag']) retrieved from /home/airflow/.local/lib/python3.7/site-packages/airflow/example_dags/example_sla_dag.py
[2022-05-09 23:46:15,463] {logging_mixin.py:109} INFO - [2022-05-09 23:46:15,463] {dag.py:2398} INFO - Sync 1 DAGs
[2022-05-09 23:46:15,484] {logging_mixin.py:109} INFO - [2022-05-09 23:46:15,484] {dag.py:2937} INFO - Setting next_dagrun for example_sla_dag to 2022-05-09T23:44:00+00:00
[2022-05-09 23:46:15,496] {processor.py:171} INFO - Processing /home/airflow/.local/lib/python3.7/site-packages/airflow/example_dags/example_sla_dag.py took 0.082 seconds
[2022-05-09 23:46:46,210] {processor.py:163} INFO - Started process (PID=726) to work on /home/airflow/.local/lib/python3.7/site-packages/airflow/example_dags/example_sla_dag.py
[2022-05-09 23:46:46,212] {processor.py:642} INFO - Processing file /home/airflow/.local/lib/python3.7/site-packages/airflow/example_dags/example_sla_dag.py for tasks to queue
[2022-05-09 23:46:46,213] {logging_mixin.py:109} INFO - [2022-05-09 23:46:46,213] {dagbag.py:500} INFO - Filling up the DagBag from /home/airflow/.local/lib/python3.7/site-packages/airflow/example_dags/example_sla_dag.py
[2022-05-09 23:46:46,233] {processor.py:652} INFO - DAG(s) dict_keys(['example_sla_dag']) retrieved from /home/airflow/.local/lib/python3.7/site-packages/airflow/example_dags/example_sla_dag.py
[2022-05-09 23:46:46,254] {logging_mixin.py:109} INFO - [2022-05-09 23:46:46,254] {dag.py:2398} INFO - Sync 1 DAGs
[2022-05-09 23:46:46,278] {logging_mixin.py:109} INFO - [2022-05-09 23:46:46,278] {dag.py:2937} INFO - Setting next_dagrun for example_sla_dag to 2022-05-09T23:44:00+00:00
[2022-05-09 23:46:46,289] {processor.py:171} INFO - Processing /home/airflow/.local/lib/python3.7/site-packages/airflow/example_dags/example_sla_dag.py took 0.083 seconds
[2022-05-09 23:47:17,475] {processor.py:163} INFO - Started process (PID=777) to work on /home/airflow/.local/lib/python3.7/site-packages/airflow/example_dags/example_sla_dag.py
[2022-05-09 23:47:17,478] {processor.py:642} INFO - Processing file /home/airflow/.local/lib/python3.7/site-packages/airflow/example_dags/example_sla_dag.py for tasks to queue
[2022-05-09 23:47:17,479] {logging_mixin.py:109} INFO - [2022-05-09 23:47:17,479] {dagbag.py:500} INFO - Filling up the DagBag from /home/airflow/.local/lib/python3.7/site-packages/airflow/example_dags/example_sla_dag.py
[2022-05-09 23:47:17,502] {processor.py:652} INFO - DAG(s) dict_keys(['example_sla_dag']) retrieved from /home/airflow/.local/lib/python3.7/site-packages/airflow/example_dags/example_sla_dag.py
[2022-05-09 23:47:17,530] {logging_mixin.py:109} INFO - [2022-05-09 23:47:17,530] {dag.py:2398} INFO - Sync 1 DAGs
[2022-05-09 23:47:17,561] {logging_mixin.py:109} INFO - [2022-05-09 23:47:17,561] {dag.py:2937} INFO - Setting next_dagrun for example_sla_dag to 2022-05-09T23:44:00+00:00
[2022-05-09 23:47:17,583] {processor.py:171} INFO - Processing /home/airflow/.local/lib/python3.7/site-packages/airflow/example_dags/example_sla_dag.py took 0.112 seconds
[2022-05-09 23:47:47,936] {processor.py:163} INFO - Started process (PID=837) to work on /home/airflow/.local/lib/python3.7/site-packages/airflow/example_dags/example_sla_dag.py
[2022-05-09 23:47:47,938] {processor.py:642} INFO - Processing file /home/airflow/.local/lib/python3.7/site-packages/airflow/example_dags/example_sla_dag.py for tasks to queue
[2022-05-09 23:47:47,940] {logging_mixin.py:109} INFO - [2022-05-09 23:47:47,939] {dagbag.py:500} INFO - Filling up the DagBag from /home/airflow/.local/lib/python3.7/site-packages/airflow/example_dags/example_sla_dag.py
[2022-05-09 23:47:47,965] {processor.py:652} INFO - DAG(s) dict_keys(['example_sla_dag']) retrieved from /home/airflow/.local/lib/python3.7/site-packages/airflow/example_dags/example_sla_dag.py
[2022-05-09 23:47:47,991] {logging_mixin.py:109} INFO - [2022-05-09 23:47:47,991] {dag.py:2398} INFO - Sync 1 DAGs
[2022-05-09 23:47:48,015] {logging_mixin.py:109} INFO - [2022-05-09 23:47:48,015] {dag.py:2937} INFO - Setting next_dagrun for example_sla_dag to 2022-05-09T23:44:00+00:00
[2022-05-09 23:47:48,025] {processor.py:171} INFO - Processing /home/airflow/.local/lib/python3.7/site-packages/airflow/example_dags/example_sla_dag.py took 0.093 seconds
[2022-05-09 23:48:18,785] {processor.py:163} INFO - Started process (PID=896) to work on /home/airflow/.local/lib/python3.7/site-packages/airflow/example_dags/example_sla_dag.py
[2022-05-09 23:48:18,788] {processor.py:642} INFO - Processing file /home/airflow/.local/lib/python3.7/site-packages/airflow/example_dags/example_sla_dag.py for tasks to queue
[2022-05-09 23:48:18,789] {logging_mixin.py:109} INFO - [2022-05-09 23:48:18,789] {dagbag.py:500} INFO - Filling up the DagBag from /home/airflow/.local/lib/python3.7/site-packages/airflow/example_dags/example_sla_dag.py
[2022-05-09 23:48:18,814] {processor.py:652} INFO - DAG(s) dict_keys(['example_sla_dag']) retrieved from /home/airflow/.local/lib/python3.7/site-packages/airflow/example_dags/example_sla_dag.py
[2022-05-09 23:48:18,864] {logging_mixin.py:109} INFO - [2022-05-09 23:48:18,863] {dag.py:2398} INFO - Sync 1 DAGs
[2022-05-09 23:48:18,895] {logging_mixin.py:109} INFO - [2022-05-09 23:48:18,895] {dag.py:2937} INFO - Setting next_dagrun for example_sla_dag to 2022-05-09T23:46:00+00:00
[2022-05-09 23:48:18,910] {processor.py:171} INFO - Processing /home/airflow/.local/lib/python3.7/site-packages/airflow/example_dags/example_sla_dag.py took 0.142 seconds
[2022-05-09 23:48:49,537] {processor.py:163} INFO - Started process (PID=952) to work on /home/airflow/.local/lib/python3.7/site-packages/airflow/example_dags/example_sla_dag.py
[2022-05-09 23:48:49,540] {processor.py:642} INFO - Processing file /home/airflow/.local/lib/python3.7/site-packages/airflow/example_dags/example_sla_dag.py for tasks to queue
[2022-05-09 23:48:49,541] {logging_mixin.py:109} INFO - [2022-05-09 23:48:49,541] {dagbag.py:500} INFO - Filling up the DagBag from /home/airflow/.local/lib/python3.7/site-packages/airflow/example_dags/example_sla_dag.py
[2022-05-09 23:48:49,565] {processor.py:652} INFO - DAG(s) dict_keys(['example_sla_dag']) retrieved from /home/airflow/.local/lib/python3.7/site-packages/airflow/example_dags/example_sla_dag.py
[2022-05-09 23:48:49,589] {logging_mixin.py:109} INFO - [2022-05-09 23:48:49,589] {dag.py:2398} INFO - Sync 1 DAGs
[2022-05-09 23:48:49,611] {logging_mixin.py:109} INFO - [2022-05-09 23:48:49,611] {dag.py:2937} INFO - Setting next_dagrun for example_sla_dag to 2022-05-09T23:46:00+00:00
[2022-05-09 23:48:49,621] {processor.py:171} INFO - Processing /home/airflow/.local/lib/python3.7/site-packages/airflow/example_dags/example_sla_dag.py took 0.087 seconds
[2022-05-09 23:49:20,236] {processor.py:163} INFO - Started process (PID=1013) to work on /home/airflow/.local/lib/python3.7/site-packages/airflow/example_dags/example_sla_dag.py
[2022-05-09 23:49:20,239] {processor.py:642} INFO - Processing file /home/airflow/.local/lib/python3.7/site-packages/airflow/example_dags/example_sla_dag.py for tasks to queue
[2022-05-09 23:49:20,240] {logging_mixin.py:109} INFO - [2022-05-09 23:49:20,240] {dagbag.py:500} INFO - Filling up the DagBag from /home/airflow/.local/lib/python3.7/site-packages/airflow/example_dags/example_sla_dag.py
[2022-05-09 23:49:20,262] {processor.py:652} INFO - DAG(s) dict_keys(['example_sla_dag']) retrieved from /home/airflow/.local/lib/python3.7/site-packages/airflow/example_dags/example_sla_dag.py
[2022-05-09 23:49:20,288] {logging_mixin.py:109} INFO - [2022-05-09 23:49:20,288] {dag.py:2398} INFO - Sync 1 DAGs
[2022-05-09 23:49:20,312] {logging_mixin.py:109} INFO - [2022-05-09 23:49:20,312] {dag.py:2937} INFO - Setting next_dagrun for example_sla_dag to 2022-05-09T23:46:00+00:00
[2022-05-09 23:49:20,323] {processor.py:171} INFO - Processing /home/airflow/.local/lib/python3.7/site-packages/airflow/example_dags/example_sla_dag.py took 0.091 seconds
[2022-05-09 23:49:50,889] {processor.py:163} INFO - Started process (PID=1065) to work on /home/airflow/.local/lib/python3.7/site-packages/airflow/example_dags/example_sla_dag.py
[2022-05-09 23:49:50,891] {processor.py:642} INFO - Processing file /home/airflow/.local/lib/python3.7/site-packages/airflow/example_dags/example_sla_dag.py for tasks to queue
[2022-05-09 23:49:50,892] {logging_mixin.py:109} INFO - [2022-05-09 23:49:50,892] {dagbag.py:500} INFO - Filling up the DagBag from /home/airflow/.local/lib/python3.7/site-packages/airflow/example_dags/example_sla_dag.py
[2022-05-09 23:49:50,912] {processor.py:652} INFO - DAG(s) dict_keys(['example_sla_dag']) retrieved from /home/airflow/.local/lib/python3.7/site-packages/airflow/example_dags/example_sla_dag.py
[2022-05-09 23:49:50,934] {logging_mixin.py:109} INFO - [2022-05-09 23:49:50,934] {dag.py:2398} INFO - Sync 1 DAGs
[2022-05-09 23:49:50,960] {logging_mixin.py:109} INFO - [2022-05-09 23:49:50,960] {dag.py:2937} INFO - Setting next_dagrun for example_sla_dag to 2022-05-09T23:46:00+00:00
[2022-05-09 23:49:50,971] {processor.py:171} INFO - Processing /home/airflow/.local/lib/python3.7/site-packages/airflow/example_dags/example_sla_dag.py took 0.087 seconds
[2022-05-09 23:50:21,564] {processor.py:163} INFO - Started process (PID=1125) to work on /home/airflow/.local/lib/python3.7/site-packages/airflow/example_dags/example_sla_dag.py
[2022-05-09 23:50:21,567] {processor.py:642} INFO - Processing file /home/airflow/.local/lib/python3.7/site-packages/airflow/example_dags/example_sla_dag.py for tasks to queue
[2022-05-09 23:50:21,569] {logging_mixin.py:109} INFO - [2022-05-09 23:50:21,569] {dagbag.py:500} INFO - Filling up the DagBag from /home/airflow/.local/lib/python3.7/site-packages/airflow/example_dags/example_sla_dag.py
[2022-05-09 23:50:21,592] {processor.py:652} INFO - DAG(s) dict_keys(['example_sla_dag']) retrieved from /home/airflow/.local/lib/python3.7/site-packages/airflow/example_dags/example_sla_dag.py
[2022-05-09 23:50:21,618] {logging_mixin.py:109} INFO - [2022-05-09 23:50:21,617] {dag.py:2398} INFO - Sync 1 DAGs
[2022-05-09 23:50:21,641] {logging_mixin.py:109} INFO - [2022-05-09 23:50:21,641] {dag.py:2937} INFO - Setting next_dagrun for example_sla_dag to 2022-05-09T23:48:00+00:00
[2022-05-09 23:50:21,651] {processor.py:171} INFO - Processing /home/airflow/.local/lib/python3.7/site-packages/airflow/example_dags/example_sla_dag.py took 0.090 seconds
[2022-05-09 23:50:52,052] {processor.py:163} INFO - Started process (PID=1178) to work on /home/airflow/.local/lib/python3.7/site-packages/airflow/example_dags/example_sla_dag.py
[2022-05-09 23:50:52,056] {processor.py:642} INFO - Processing file /home/airflow/.local/lib/python3.7/site-packages/airflow/example_dags/example_sla_dag.py for tasks to queue
[2022-05-09 23:50:52,059] {logging_mixin.py:109} INFO - [2022-05-09 23:50:52,058] {dagbag.py:500} INFO - Filling up the DagBag from /home/airflow/.local/lib/python3.7/site-packages/airflow/example_dags/example_sla_dag.py
[2022-05-09 23:50:52,095] {processor.py:652} INFO - DAG(s) dict_keys(['example_sla_dag']) retrieved from /home/airflow/.local/lib/python3.7/site-packages/airflow/example_dags/example_sla_dag.py
[2022-05-09 23:50:52,123] {logging_mixin.py:109} INFO - [2022-05-09 23:50:52,123] {dag.py:2398} INFO - Sync 1 DAGs
[2022-05-09 23:50:52,149] {logging_mixin.py:109} INFO - [2022-05-09 23:50:52,149] {dag.py:2937} INFO - Setting next_dagrun for example_sla_dag to 2022-05-09T23:48:00+00:00
[2022-05-09 23:50:52,164] {processor.py:171} INFO - Processing /home/airflow/.local/lib/python3.7/site-packages/airflow/example_dags/example_sla_dag.py took 0.116 seconds
[2022-05-09 23:51:22,666] {processor.py:163} INFO - Started process (PID=1238) to work on /home/airflow/.local/lib/python3.7/site-packages/airflow/example_dags/example_sla_dag.py
[2022-05-09 23:51:22,669] {processor.py:642} INFO - Processing file /home/airflow/.local/lib/python3.7/site-packages/airflow/example_dags/example_sla_dag.py for tasks to queue
[2022-05-09 23:51:22,670] {logging_mixin.py:109} INFO - [2022-05-09 23:51:22,670] {dagbag.py:500} INFO - Filling up the DagBag from /home/airflow/.local/lib/python3.7/site-packages/airflow/example_dags/example_sla_dag.py
[2022-05-09 23:51:22,692] {processor.py:652} INFO - DAG(s) dict_keys(['example_sla_dag']) retrieved from /home/airflow/.local/lib/python3.7/site-packages/airflow/example_dags/example_sla_dag.py
[2022-05-09 23:51:22,715] {logging_mixin.py:109} INFO - [2022-05-09 23:51:22,715] {dag.py:2398} INFO - Sync 1 DAGs
[2022-05-09 23:51:22,738] {logging_mixin.py:109} INFO - [2022-05-09 23:51:22,738] {dag.py:2937} INFO - Setting next_dagrun for example_sla_dag to 2022-05-09T23:48:00+00:00
[2022-05-09 23:51:22,748] {processor.py:171} INFO - Processing /home/airflow/.local/lib/python3.7/site-packages/airflow/example_dags/example_sla_dag.py took 0.086 seconds
[2022-05-09 23:51:53,352] {processor.py:163} INFO - Started process (PID=1299) to work on /home/airflow/.local/lib/python3.7/site-packages/airflow/example_dags/example_sla_dag.py
[2022-05-09 23:51:53,354] {processor.py:642} INFO - Processing file /home/airflow/.local/lib/python3.7/site-packages/airflow/example_dags/example_sla_dag.py for tasks to queue
[2022-05-09 23:51:53,356] {logging_mixin.py:109} INFO - [2022-05-09 23:51:53,356] {dagbag.py:500} INFO - Filling up the DagBag from /home/airflow/.local/lib/python3.7/site-packages/airflow/example_dags/example_sla_dag.py
[2022-05-09 23:51:53,378] {processor.py:652} INFO - DAG(s) dict_keys(['example_sla_dag']) retrieved from /home/airflow/.local/lib/python3.7/site-packages/airflow/example_dags/example_sla_dag.py
[2022-05-09 23:51:53,401] {logging_mixin.py:109} INFO - [2022-05-09 23:51:53,401] {dag.py:2398} INFO - Sync 1 DAGs
[2022-05-09 23:51:53,426] {logging_mixin.py:109} INFO - [2022-05-09 23:51:53,426] {dag.py:2937} INFO - Setting next_dagrun for example_sla_dag to 2022-05-09T23:48:00+00:00
[2022-05-09 23:51:53,438] {processor.py:171} INFO - Processing /home/airflow/.local/lib/python3.7/site-packages/airflow/example_dags/example_sla_dag.py took 0.090 seconds
[2022-05-09 23:52:23,978] {processor.py:163} INFO - Started process (PID=1350) to work on /home/airflow/.local/lib/python3.7/site-packages/airflow/example_dags/example_sla_dag.py
[2022-05-09 23:52:23,980] {processor.py:642} INFO - Processing file /home/airflow/.local/lib/python3.7/site-packages/airflow/example_dags/example_sla_dag.py for tasks to queue
[2022-05-09 23:52:23,981] {logging_mixin.py:109} INFO - [2022-05-09 23:52:23,981] {dagbag.py:500} INFO - Filling up the DagBag from /home/airflow/.local/lib/python3.7/site-packages/airflow/example_dags/example_sla_dag.py
[2022-05-09 23:52:24,004] {processor.py:652} INFO - DAG(s) dict_keys(['example_sla_dag']) retrieved from /home/airflow/.local/lib/python3.7/site-packages/airflow/example_dags/example_sla_dag.py
[2022-05-09 23:52:24,028] {logging_mixin.py:109} INFO - [2022-05-09 23:52:24,028] {dag.py:2398} INFO - Sync 1 DAGs
[2022-05-09 23:52:24,050] {logging_mixin.py:109} INFO - [2022-05-09 23:52:24,050] {dag.py:2937} INFO - Setting next_dagrun for example_sla_dag to 2022-05-09T23:50:00+00:00
[2022-05-09 23:52:24,061] {processor.py:171} INFO - Processing /home/airflow/.local/lib/python3.7/site-packages/airflow/example_dags/example_sla_dag.py took 0.087 seconds
[2022-05-09 23:52:54,835] {processor.py:163} INFO - Started process (PID=1411) to work on /home/airflow/.local/lib/python3.7/site-packages/airflow/example_dags/example_sla_dag.py
[2022-05-09 23:52:54,838] {processor.py:642} INFO - Processing file /home/airflow/.local/lib/python3.7/site-packages/airflow/example_dags/example_sla_dag.py for tasks to queue
[2022-05-09 23:52:54,839] {logging_mixin.py:109} INFO - [2022-05-09 23:52:54,839] {dagbag.py:500} INFO - Filling up the DagBag from /home/airflow/.local/lib/python3.7/site-packages/airflow/example_dags/example_sla_dag.py
[2022-05-09 23:52:54,867] {processor.py:652} INFO - DAG(s) dict_keys(['example_sla_dag']) retrieved from /home/airflow/.local/lib/python3.7/site-packages/airflow/example_dags/example_sla_dag.py
[2022-05-09 23:52:54,898] {logging_mixin.py:109} INFO - [2022-05-09 23:52:54,897] {dag.py:2398} INFO - Sync 1 DAGs
[2022-05-09 23:52:54,928] {logging_mixin.py:109} INFO - [2022-05-09 23:52:54,928] {dag.py:2937} INFO - Setting next_dagrun for example_sla_dag to 2022-05-09T23:50:00+00:00
[2022-05-09 23:52:54,941] {processor.py:171} INFO - Processing /home/airflow/.local/lib/python3.7/site-packages/airflow/example_dags/example_sla_dag.py took 0.111 seconds
[2022-05-09 23:53:25,449] {processor.py:163} INFO - Started process (PID=1464) to work on /home/airflow/.local/lib/python3.7/site-packages/airflow/example_dags/example_sla_dag.py
[2022-05-09 23:53:25,451] {processor.py:642} INFO - Processing file /home/airflow/.local/lib/python3.7/site-packages/airflow/example_dags/example_sla_dag.py for tasks to queue
[2022-05-09 23:53:25,452] {logging_mixin.py:109} INFO - [2022-05-09 23:53:25,452] {dagbag.py:500} INFO - Filling up the DagBag from /home/airflow/.local/lib/python3.7/site-packages/airflow/example_dags/example_sla_dag.py
[2022-05-09 23:53:25,473] {processor.py:652} INFO - DAG(s) dict_keys(['example_sla_dag']) retrieved from /home/airflow/.local/lib/python3.7/site-packages/airflow/example_dags/example_sla_dag.py
[2022-05-09 23:53:25,496] {logging_mixin.py:109} INFO - [2022-05-09 23:53:25,496] {dag.py:2398} INFO - Sync 1 DAGs
[2022-05-09 23:53:25,519] {logging_mixin.py:109} INFO - [2022-05-09 23:53:25,519] {dag.py:2937} INFO - Setting next_dagrun for example_sla_dag to 2022-05-09T23:50:00+00:00
[2022-05-09 23:53:25,529] {processor.py:171} INFO - Processing /home/airflow/.local/lib/python3.7/site-packages/airflow/example_dags/example_sla_dag.py took 0.084 seconds
[2022-05-09 23:53:55,933] {processor.py:163} INFO - Started process (PID=1524) to work on /home/airflow/.local/lib/python3.7/site-packages/airflow/example_dags/example_sla_dag.py
[2022-05-09 23:53:55,935] {processor.py:642} INFO - Processing file /home/airflow/.local/lib/python3.7/site-packages/airflow/example_dags/example_sla_dag.py for tasks to queue
[2022-05-09 23:53:55,936] {logging_mixin.py:109} INFO - [2022-05-09 23:53:55,936] {dagbag.py:500} INFO - Filling up the DagBag from /home/airflow/.local/lib/python3.7/site-packages/airflow/example_dags/example_sla_dag.py
[2022-05-09 23:53:55,956] {processor.py:652} INFO - DAG(s) dict_keys(['example_sla_dag']) retrieved from /home/airflow/.local/lib/python3.7/site-packages/airflow/example_dags/example_sla_dag.py
[2022-05-09 23:53:55,978] {logging_mixin.py:109} INFO - [2022-05-09 23:53:55,978] {dag.py:2398} INFO - Sync 1 DAGs
[2022-05-09 23:53:56,002] {logging_mixin.py:109} INFO - [2022-05-09 23:53:56,002] {dag.py:2937} INFO - Setting next_dagrun for example_sla_dag to 2022-05-09T23:50:00+00:00
[2022-05-09 23:53:56,013] {processor.py:171} INFO - Processing /home/airflow/.local/lib/python3.7/site-packages/airflow/example_dags/example_sla_dag.py took 0.084 seconds
[2022-05-09 23:54:26,450] {processor.py:163} INFO - Started process (PID=1575) to work on /home/airflow/.local/lib/python3.7/site-packages/airflow/example_dags/example_sla_dag.py
[2022-05-09 23:54:26,452] {processor.py:642} INFO - Processing file /home/airflow/.local/lib/python3.7/site-packages/airflow/example_dags/example_sla_dag.py for tasks to queue
[2022-05-09 23:54:26,453] {logging_mixin.py:109} INFO - [2022-05-09 23:54:26,453] {dagbag.py:500} INFO - Filling up the DagBag from /home/airflow/.local/lib/python3.7/site-packages/airflow/example_dags/example_sla_dag.py
[2022-05-09 23:54:26,474] {processor.py:652} INFO - DAG(s) dict_keys(['example_sla_dag']) retrieved from /home/airflow/.local/lib/python3.7/site-packages/airflow/example_dags/example_sla_dag.py
[2022-05-09 23:54:26,498] {logging_mixin.py:109} INFO - [2022-05-09 23:54:26,498] {dag.py:2398} INFO - Sync 1 DAGs
[2022-05-09 23:54:26,525] {logging_mixin.py:109} INFO - [2022-05-09 23:54:26,524] {dag.py:2937} INFO - Setting next_dagrun for example_sla_dag to 2022-05-09T23:52:00+00:00
[2022-05-09 23:54:26,536] {processor.py:171} INFO - Processing /home/airflow/.local/lib/python3.7/site-packages/airflow/example_dags/example_sla_dag.py took 0.090 seconds
[2022-05-09 23:54:56,944] {processor.py:163} INFO - Started process (PID=1636) to work on /home/airflow/.local/lib/python3.7/site-packages/airflow/example_dags/example_sla_dag.py
[2022-05-09 23:54:56,947] {processor.py:642} INFO - Processing file /home/airflow/.local/lib/python3.7/site-packages/airflow/example_dags/example_sla_dag.py for tasks to queue
[2022-05-09 23:54:56,948] {logging_mixin.py:109} INFO - [2022-05-09 23:54:56,948] {dagbag.py:500} INFO - Filling up the DagBag from /home/airflow/.local/lib/python3.7/site-packages/airflow/example_dags/example_sla_dag.py
[2022-05-09 23:54:56,969] {processor.py:652} INFO - DAG(s) dict_keys(['example_sla_dag']) retrieved from /home/airflow/.local/lib/python3.7/site-packages/airflow/example_dags/example_sla_dag.py
[2022-05-09 23:54:56,994] {logging_mixin.py:109} INFO - [2022-05-09 23:54:56,994] {dag.py:2398} INFO - Sync 1 DAGs
[2022-05-09 23:54:57,019] {logging_mixin.py:109} INFO - [2022-05-09 23:54:57,019] {dag.py:2937} INFO - Setting next_dagrun for example_sla_dag to 2022-05-09T23:52:00+00:00
[2022-05-09 23:54:57,032] {processor.py:171} INFO - Processing /home/airflow/.local/lib/python3.7/site-packages/airflow/example_dags/example_sla_dag.py took 0.091 seconds
[2022-05-09 23:55:27,378] {processor.py:163} INFO - Started process (PID=1695) to work on /home/airflow/.local/lib/python3.7/site-packages/airflow/example_dags/example_sla_dag.py
[2022-05-09 23:55:27,380] {processor.py:642} INFO - Processing file /home/airflow/.local/lib/python3.7/site-packages/airflow/example_dags/example_sla_dag.py for tasks to queue
[2022-05-09 23:55:27,382] {logging_mixin.py:109} INFO - [2022-05-09 23:55:27,381] {dagbag.py:500} INFO - Filling up the DagBag from /home/airflow/.local/lib/python3.7/site-packages/airflow/example_dags/example_sla_dag.py
[2022-05-09 23:55:27,402] {processor.py:652} INFO - DAG(s) dict_keys(['example_sla_dag']) retrieved from /home/airflow/.local/lib/python3.7/site-packages/airflow/example_dags/example_sla_dag.py
[2022-05-09 23:55:27,425] {logging_mixin.py:109} INFO - [2022-05-09 23:55:27,425] {dag.py:2398} INFO - Sync 1 DAGs
[2022-05-09 23:55:27,447] {logging_mixin.py:109} INFO - [2022-05-09 23:55:27,447] {dag.py:2937} INFO - Setting next_dagrun for example_sla_dag to 2022-05-09T23:52:00+00:00
[2022-05-09 23:55:27,457] {processor.py:171} INFO - Processing /home/airflow/.local/lib/python3.7/site-packages/airflow/example_dags/example_sla_dag.py took 0.083 seconds
[2022-05-09 23:55:58,295] {processor.py:163} INFO - Started process (PID=1748) to work on /home/airflow/.local/lib/python3.7/site-packages/airflow/example_dags/example_sla_dag.py
[2022-05-09 23:55:58,297] {processor.py:642} INFO - Processing file /home/airflow/.local/lib/python3.7/site-packages/airflow/example_dags/example_sla_dag.py for tasks to queue
[2022-05-09 23:55:58,298] {logging_mixin.py:109} INFO - [2022-05-09 23:55:58,298] {dagbag.py:500} INFO - Filling up the DagBag from /home/airflow/.local/lib/python3.7/site-packages/airflow/example_dags/example_sla_dag.py
[2022-05-09 23:55:58,320] {processor.py:652} INFO - DAG(s) dict_keys(['example_sla_dag']) retrieved from /home/airflow/.local/lib/python3.7/site-packages/airflow/example_dags/example_sla_dag.py
[2022-05-09 23:55:58,343] {logging_mixin.py:109} INFO - [2022-05-09 23:55:58,343] {dag.py:2398} INFO - Sync 1 DAGs
[2022-05-09 23:55:58,365] {logging_mixin.py:109} INFO - [2022-05-09 23:55:58,364] {dag.py:2937} INFO - Setting next_dagrun for example_sla_dag to 2022-05-09T23:52:00+00:00
[2022-05-09 23:55:58,374] {processor.py:171} INFO - Processing /home/airflow/.local/lib/python3.7/site-packages/airflow/example_dags/example_sla_dag.py took 0.084 seconds
[2022-05-09 23:56:29,016] {processor.py:163} INFO - Started process (PID=1809) to work on /home/airflow/.local/lib/python3.7/site-packages/airflow/example_dags/example_sla_dag.py
[2022-05-09 23:56:29,018] {processor.py:642} INFO - Processing file /home/airflow/.local/lib/python3.7/site-packages/airflow/example_dags/example_sla_dag.py for tasks to queue
[2022-05-09 23:56:29,020] {logging_mixin.py:109} INFO - [2022-05-09 23:56:29,020] {dagbag.py:500} INFO - Filling up the DagBag from /home/airflow/.local/lib/python3.7/site-packages/airflow/example_dags/example_sla_dag.py
[2022-05-09 23:56:29,041] {processor.py:652} INFO - DAG(s) dict_keys(['example_sla_dag']) retrieved from /home/airflow/.local/lib/python3.7/site-packages/airflow/example_dags/example_sla_dag.py
[2022-05-09 23:56:29,061] {logging_mixin.py:109} INFO - [2022-05-09 23:56:29,061] {dag.py:2398} INFO - Sync 1 DAGs
[2022-05-09 23:56:29,082] {logging_mixin.py:109} INFO - [2022-05-09 23:56:29,082] {dag.py:2937} INFO - Setting next_dagrun for example_sla_dag to 2022-05-09T23:54:00+00:00
[2022-05-09 23:56:29,093] {processor.py:171} INFO - Processing /home/airflow/.local/lib/python3.7/site-packages/airflow/example_dags/example_sla_dag.py took 0.081 seconds
[2022-05-09 23:56:59,780] {processor.py:163} INFO - Started process (PID=1861) to work on /home/airflow/.local/lib/python3.7/site-packages/airflow/example_dags/example_sla_dag.py
[2022-05-09 23:56:59,782] {processor.py:642} INFO - Processing file /home/airflow/.local/lib/python3.7/site-packages/airflow/example_dags/example_sla_dag.py for tasks to queue
[2022-05-09 23:56:59,784] {logging_mixin.py:109} INFO - [2022-05-09 23:56:59,784] {dagbag.py:500} INFO - Filling up the DagBag from /home/airflow/.local/lib/python3.7/site-packages/airflow/example_dags/example_sla_dag.py
[2022-05-09 23:56:59,805] {processor.py:652} INFO - DAG(s) dict_keys(['example_sla_dag']) retrieved from /home/airflow/.local/lib/python3.7/site-packages/airflow/example_dags/example_sla_dag.py
[2022-05-09 23:56:59,826] {logging_mixin.py:109} INFO - [2022-05-09 23:56:59,826] {dag.py:2398} INFO - Sync 1 DAGs
[2022-05-09 23:56:59,847] {logging_mixin.py:109} INFO - [2022-05-09 23:56:59,847] {dag.py:2937} INFO - Setting next_dagrun for example_sla_dag to 2022-05-09T23:54:00+00:00
[2022-05-09 23:56:59,857] {processor.py:171} INFO - Processing /home/airflow/.local/lib/python3.7/site-packages/airflow/example_dags/example_sla_dag.py took 0.081 seconds
[2022-05-09 23:57:30,494] {processor.py:163} INFO - Started process (PID=1924) to work on /home/airflow/.local/lib/python3.7/site-packages/airflow/example_dags/example_sla_dag.py
[2022-05-09 23:57:30,497] {processor.py:642} INFO - Processing file /home/airflow/.local/lib/python3.7/site-packages/airflow/example_dags/example_sla_dag.py for tasks to queue
[2022-05-09 23:57:30,498] {logging_mixin.py:109} INFO - [2022-05-09 23:57:30,498] {dagbag.py:500} INFO - Filling up the DagBag from /home/airflow/.local/lib/python3.7/site-packages/airflow/example_dags/example_sla_dag.py
[2022-05-09 23:57:30,519] {processor.py:652} INFO - DAG(s) dict_keys(['example_sla_dag']) retrieved from /home/airflow/.local/lib/python3.7/site-packages/airflow/example_dags/example_sla_dag.py
[2022-05-09 23:57:30,541] {logging_mixin.py:109} INFO - [2022-05-09 23:57:30,541] {dag.py:2398} INFO - Sync 1 DAGs
[2022-05-09 23:57:30,565] {logging_mixin.py:109} INFO - [2022-05-09 23:57:30,564] {dag.py:2937} INFO - Setting next_dagrun for example_sla_dag to 2022-05-09T23:54:00+00:00
[2022-05-09 23:57:30,575] {processor.py:171} INFO - Processing /home/airflow/.local/lib/python3.7/site-packages/airflow/example_dags/example_sla_dag.py took 0.085 seconds
[2022-05-09 23:58:01,127] {processor.py:163} INFO - Started process (PID=1975) to work on /home/airflow/.local/lib/python3.7/site-packages/airflow/example_dags/example_sla_dag.py
[2022-05-09 23:58:01,129] {processor.py:642} INFO - Processing file /home/airflow/.local/lib/python3.7/site-packages/airflow/example_dags/example_sla_dag.py for tasks to queue
[2022-05-09 23:58:01,130] {logging_mixin.py:109} INFO - [2022-05-09 23:58:01,130] {dagbag.py:500} INFO - Filling up the DagBag from /home/airflow/.local/lib/python3.7/site-packages/airflow/example_dags/example_sla_dag.py
[2022-05-09 23:58:01,153] {processor.py:652} INFO - DAG(s) dict_keys(['example_sla_dag']) retrieved from /home/airflow/.local/lib/python3.7/site-packages/airflow/example_dags/example_sla_dag.py
[2022-05-09 23:58:01,178] {logging_mixin.py:109} INFO - [2022-05-09 23:58:01,177] {dag.py:2398} INFO - Sync 1 DAGs
[2022-05-09 23:58:01,203] {logging_mixin.py:109} INFO - [2022-05-09 23:58:01,202] {dag.py:2937} INFO - Setting next_dagrun for example_sla_dag to 2022-05-09T23:56:00+00:00
[2022-05-09 23:58:01,214] {processor.py:171} INFO - Processing /home/airflow/.local/lib/python3.7/site-packages/airflow/example_dags/example_sla_dag.py took 0.091 seconds
[2022-05-09 23:58:31,797] {processor.py:163} INFO - Started process (PID=2037) to work on /home/airflow/.local/lib/python3.7/site-packages/airflow/example_dags/example_sla_dag.py
[2022-05-09 23:58:31,799] {processor.py:642} INFO - Processing file /home/airflow/.local/lib/python3.7/site-packages/airflow/example_dags/example_sla_dag.py for tasks to queue
[2022-05-09 23:58:31,801] {logging_mixin.py:109} INFO - [2022-05-09 23:58:31,801] {dagbag.py:500} INFO - Filling up the DagBag from /home/airflow/.local/lib/python3.7/site-packages/airflow/example_dags/example_sla_dag.py
[2022-05-09 23:58:31,823] {processor.py:652} INFO - DAG(s) dict_keys(['example_sla_dag']) retrieved from /home/airflow/.local/lib/python3.7/site-packages/airflow/example_dags/example_sla_dag.py
[2022-05-09 23:58:31,847] {logging_mixin.py:109} INFO - [2022-05-09 23:58:31,847] {dag.py:2398} INFO - Sync 1 DAGs
[2022-05-09 23:58:31,871] {logging_mixin.py:109} INFO - [2022-05-09 23:58:31,871] {dag.py:2937} INFO - Setting next_dagrun for example_sla_dag to 2022-05-09T23:56:00+00:00
[2022-05-09 23:58:31,884] {processor.py:171} INFO - Processing /home/airflow/.local/lib/python3.7/site-packages/airflow/example_dags/example_sla_dag.py took 0.091 seconds
[2022-05-09 23:59:02,453] {processor.py:163} INFO - Started process (PID=2098) to work on /home/airflow/.local/lib/python3.7/site-packages/airflow/example_dags/example_sla_dag.py
[2022-05-09 23:59:02,455] {processor.py:642} INFO - Processing file /home/airflow/.local/lib/python3.7/site-packages/airflow/example_dags/example_sla_dag.py for tasks to queue
[2022-05-09 23:59:02,457] {logging_mixin.py:109} INFO - [2022-05-09 23:59:02,456] {dagbag.py:500} INFO - Filling up the DagBag from /home/airflow/.local/lib/python3.7/site-packages/airflow/example_dags/example_sla_dag.py
[2022-05-09 23:59:02,481] {processor.py:652} INFO - DAG(s) dict_keys(['example_sla_dag']) retrieved from /home/airflow/.local/lib/python3.7/site-packages/airflow/example_dags/example_sla_dag.py
[2022-05-09 23:59:02,507] {logging_mixin.py:109} INFO - [2022-05-09 23:59:02,507] {dag.py:2398} INFO - Sync 1 DAGs
[2022-05-09 23:59:02,532] {logging_mixin.py:109} INFO - [2022-05-09 23:59:02,531] {dag.py:2937} INFO - Setting next_dagrun for example_sla_dag to 2022-05-09T23:56:00+00:00
[2022-05-09 23:59:02,542] {processor.py:171} INFO - Processing /home/airflow/.local/lib/python3.7/site-packages/airflow/example_dags/example_sla_dag.py took 0.092 seconds
[2022-05-09 23:59:33,141] {processor.py:163} INFO - Started process (PID=2149) to work on /home/airflow/.local/lib/python3.7/site-packages/airflow/example_dags/example_sla_dag.py
[2022-05-09 23:59:33,143] {processor.py:642} INFO - Processing file /home/airflow/.local/lib/python3.7/site-packages/airflow/example_dags/example_sla_dag.py for tasks to queue
[2022-05-09 23:59:33,145] {logging_mixin.py:109} INFO - [2022-05-09 23:59:33,145] {dagbag.py:500} INFO - Filling up the DagBag from /home/airflow/.local/lib/python3.7/site-packages/airflow/example_dags/example_sla_dag.py
[2022-05-09 23:59:33,170] {processor.py:652} INFO - DAG(s) dict_keys(['example_sla_dag']) retrieved from /home/airflow/.local/lib/python3.7/site-packages/airflow/example_dags/example_sla_dag.py
[2022-05-09 23:59:33,200] {logging_mixin.py:109} INFO - [2022-05-09 23:59:33,200] {dag.py:2398} INFO - Sync 1 DAGs
[2022-05-09 23:59:33,234] {logging_mixin.py:109} INFO - [2022-05-09 23:59:33,234] {dag.py:2937} INFO - Setting next_dagrun for example_sla_dag to 2022-05-09T23:56:00+00:00
[2022-05-09 23:59:33,245] {processor.py:171} INFO - Processing /home/airflow/.local/lib/python3.7/site-packages/airflow/example_dags/example_sla_dag.py took 0.108 seconds
