[2022-05-09 23:41:06,024] {processor.py:163} INFO - Started process (PID=78) to work on /home/airflow/.local/lib/python3.7/site-packages/airflow/example_dags/example_trigger_controller_dag.py
[2022-05-09 23:41:06,026] {processor.py:642} INFO - Processing file /home/airflow/.local/lib/python3.7/site-packages/airflow/example_dags/example_trigger_controller_dag.py for tasks to queue
[2022-05-09 23:41:06,028] {logging_mixin.py:109} INFO - [2022-05-09 23:41:06,028] {dagbag.py:500} INFO - Filling up the DagBag from /home/airflow/.local/lib/python3.7/site-packages/airflow/example_dags/example_trigger_controller_dag.py
[2022-05-09 23:41:06,045] {processor.py:652} INFO - DAG(s) dict_keys(['example_trigger_controller_dag']) retrieved from /home/airflow/.local/lib/python3.7/site-packages/airflow/example_dags/example_trigger_controller_dag.py
[2022-05-09 23:41:06,068] {logging_mixin.py:109} INFO - [2022-05-09 23:41:06,068] {dag.py:2398} INFO - Sync 1 DAGs
[2022-05-09 23:41:06,089] {logging_mixin.py:109} INFO - [2022-05-09 23:41:06,089] {dag.py:2937} INFO - Setting next_dagrun for example_trigger_controller_dag to 2021-01-01T00:00:00+00:00
[2022-05-09 23:41:06,102] {processor.py:171} INFO - Processing /home/airflow/.local/lib/python3.7/site-packages/airflow/example_dags/example_trigger_controller_dag.py took 0.081 seconds
[2022-05-09 23:41:37,242] {processor.py:163} INFO - Started process (PID=138) to work on /home/airflow/.local/lib/python3.7/site-packages/airflow/example_dags/example_trigger_controller_dag.py
[2022-05-09 23:41:37,244] {processor.py:642} INFO - Processing file /home/airflow/.local/lib/python3.7/site-packages/airflow/example_dags/example_trigger_controller_dag.py for tasks to queue
[2022-05-09 23:41:37,246] {logging_mixin.py:109} INFO - [2022-05-09 23:41:37,246] {dagbag.py:500} INFO - Filling up the DagBag from /home/airflow/.local/lib/python3.7/site-packages/airflow/example_dags/example_trigger_controller_dag.py
[2022-05-09 23:41:37,262] {processor.py:652} INFO - DAG(s) dict_keys(['example_trigger_controller_dag']) retrieved from /home/airflow/.local/lib/python3.7/site-packages/airflow/example_dags/example_trigger_controller_dag.py
[2022-05-09 23:41:37,289] {logging_mixin.py:109} INFO - [2022-05-09 23:41:37,289] {dag.py:2398} INFO - Sync 1 DAGs
[2022-05-09 23:41:37,308] {logging_mixin.py:109} INFO - [2022-05-09 23:41:37,308] {dag.py:2937} INFO - Setting next_dagrun for example_trigger_controller_dag to 2021-01-01T00:00:00+00:00
[2022-05-09 23:41:37,321] {processor.py:171} INFO - Processing /home/airflow/.local/lib/python3.7/site-packages/airflow/example_dags/example_trigger_controller_dag.py took 0.083 seconds
[2022-05-09 23:42:07,937] {processor.py:163} INFO - Started process (PID=202) to work on /home/airflow/.local/lib/python3.7/site-packages/airflow/example_dags/example_trigger_controller_dag.py
[2022-05-09 23:42:07,940] {processor.py:642} INFO - Processing file /home/airflow/.local/lib/python3.7/site-packages/airflow/example_dags/example_trigger_controller_dag.py for tasks to queue
[2022-05-09 23:42:07,941] {logging_mixin.py:109} INFO - [2022-05-09 23:42:07,941] {dagbag.py:500} INFO - Filling up the DagBag from /home/airflow/.local/lib/python3.7/site-packages/airflow/example_dags/example_trigger_controller_dag.py
[2022-05-09 23:42:07,957] {processor.py:652} INFO - DAG(s) dict_keys(['example_trigger_controller_dag']) retrieved from /home/airflow/.local/lib/python3.7/site-packages/airflow/example_dags/example_trigger_controller_dag.py
[2022-05-09 23:42:07,983] {logging_mixin.py:109} INFO - [2022-05-09 23:42:07,983] {dag.py:2398} INFO - Sync 1 DAGs
[2022-05-09 23:42:08,001] {logging_mixin.py:109} INFO - [2022-05-09 23:42:08,001] {dag.py:2937} INFO - Setting next_dagrun for example_trigger_controller_dag to 2021-01-01T00:00:00+00:00
[2022-05-09 23:42:08,013] {processor.py:171} INFO - Processing /home/airflow/.local/lib/python3.7/site-packages/airflow/example_dags/example_trigger_controller_dag.py took 0.079 seconds
[2022-05-09 23:42:38,613] {processor.py:163} INFO - Started process (PID=255) to work on /home/airflow/.local/lib/python3.7/site-packages/airflow/example_dags/example_trigger_controller_dag.py
[2022-05-09 23:42:38,616] {processor.py:642} INFO - Processing file /home/airflow/.local/lib/python3.7/site-packages/airflow/example_dags/example_trigger_controller_dag.py for tasks to queue
[2022-05-09 23:42:38,617] {logging_mixin.py:109} INFO - [2022-05-09 23:42:38,617] {dagbag.py:500} INFO - Filling up the DagBag from /home/airflow/.local/lib/python3.7/site-packages/airflow/example_dags/example_trigger_controller_dag.py
[2022-05-09 23:42:38,634] {processor.py:652} INFO - DAG(s) dict_keys(['example_trigger_controller_dag']) retrieved from /home/airflow/.local/lib/python3.7/site-packages/airflow/example_dags/example_trigger_controller_dag.py
[2022-05-09 23:42:38,658] {logging_mixin.py:109} INFO - [2022-05-09 23:42:38,658] {dag.py:2398} INFO - Sync 1 DAGs
[2022-05-09 23:42:38,677] {logging_mixin.py:109} INFO - [2022-05-09 23:42:38,677] {dag.py:2937} INFO - Setting next_dagrun for example_trigger_controller_dag to 2021-01-01T00:00:00+00:00
[2022-05-09 23:42:38,691] {processor.py:171} INFO - Processing /home/airflow/.local/lib/python3.7/site-packages/airflow/example_dags/example_trigger_controller_dag.py took 0.082 seconds
[2022-05-09 23:43:10,017] {processor.py:163} INFO - Started process (PID=316) to work on /home/airflow/.local/lib/python3.7/site-packages/airflow/example_dags/example_trigger_controller_dag.py
[2022-05-09 23:43:10,019] {processor.py:642} INFO - Processing file /home/airflow/.local/lib/python3.7/site-packages/airflow/example_dags/example_trigger_controller_dag.py for tasks to queue
[2022-05-09 23:43:10,020] {logging_mixin.py:109} INFO - [2022-05-09 23:43:10,020] {dagbag.py:500} INFO - Filling up the DagBag from /home/airflow/.local/lib/python3.7/site-packages/airflow/example_dags/example_trigger_controller_dag.py
[2022-05-09 23:43:10,041] {processor.py:652} INFO - DAG(s) dict_keys(['example_trigger_controller_dag']) retrieved from /home/airflow/.local/lib/python3.7/site-packages/airflow/example_dags/example_trigger_controller_dag.py
[2022-05-09 23:43:10,064] {logging_mixin.py:109} INFO - [2022-05-09 23:43:10,064] {dag.py:2398} INFO - Sync 1 DAGs
[2022-05-09 23:43:10,086] {logging_mixin.py:109} INFO - [2022-05-09 23:43:10,085] {dag.py:2937} INFO - Setting next_dagrun for example_trigger_controller_dag to 2021-01-01T00:00:00+00:00
[2022-05-09 23:43:10,099] {processor.py:171} INFO - Processing /home/airflow/.local/lib/python3.7/site-packages/airflow/example_dags/example_trigger_controller_dag.py took 0.086 seconds
[2022-05-09 23:43:40,887] {processor.py:163} INFO - Started process (PID=375) to work on /home/airflow/.local/lib/python3.7/site-packages/airflow/example_dags/example_trigger_controller_dag.py
[2022-05-09 23:43:40,889] {processor.py:642} INFO - Processing file /home/airflow/.local/lib/python3.7/site-packages/airflow/example_dags/example_trigger_controller_dag.py for tasks to queue
[2022-05-09 23:43:40,890] {logging_mixin.py:109} INFO - [2022-05-09 23:43:40,890] {dagbag.py:500} INFO - Filling up the DagBag from /home/airflow/.local/lib/python3.7/site-packages/airflow/example_dags/example_trigger_controller_dag.py
[2022-05-09 23:43:40,910] {processor.py:652} INFO - DAG(s) dict_keys(['example_trigger_controller_dag']) retrieved from /home/airflow/.local/lib/python3.7/site-packages/airflow/example_dags/example_trigger_controller_dag.py
[2022-05-09 23:43:40,938] {logging_mixin.py:109} INFO - [2022-05-09 23:43:40,937] {dag.py:2398} INFO - Sync 1 DAGs
[2022-05-09 23:43:40,959] {logging_mixin.py:109} INFO - [2022-05-09 23:43:40,958] {dag.py:2937} INFO - Setting next_dagrun for example_trigger_controller_dag to 2021-01-01T00:00:00+00:00
[2022-05-09 23:43:40,971] {processor.py:171} INFO - Processing /home/airflow/.local/lib/python3.7/site-packages/airflow/example_dags/example_trigger_controller_dag.py took 0.089 seconds
[2022-05-09 23:44:11,692] {processor.py:163} INFO - Started process (PID=431) to work on /home/airflow/.local/lib/python3.7/site-packages/airflow/example_dags/example_trigger_controller_dag.py
[2022-05-09 23:44:11,694] {processor.py:642} INFO - Processing file /home/airflow/.local/lib/python3.7/site-packages/airflow/example_dags/example_trigger_controller_dag.py for tasks to queue
[2022-05-09 23:44:11,697] {logging_mixin.py:109} INFO - [2022-05-09 23:44:11,697] {dagbag.py:500} INFO - Filling up the DagBag from /home/airflow/.local/lib/python3.7/site-packages/airflow/example_dags/example_trigger_controller_dag.py
[2022-05-09 23:44:11,716] {processor.py:652} INFO - DAG(s) dict_keys(['example_trigger_controller_dag']) retrieved from /home/airflow/.local/lib/python3.7/site-packages/airflow/example_dags/example_trigger_controller_dag.py
[2022-05-09 23:44:11,741] {logging_mixin.py:109} INFO - [2022-05-09 23:44:11,741] {dag.py:2398} INFO - Sync 1 DAGs
[2022-05-09 23:44:11,764] {logging_mixin.py:109} INFO - [2022-05-09 23:44:11,764] {dag.py:2937} INFO - Setting next_dagrun for example_trigger_controller_dag to 2021-01-01T00:00:00+00:00
[2022-05-09 23:44:11,816] {processor.py:171} INFO - Processing /home/airflow/.local/lib/python3.7/site-packages/airflow/example_dags/example_trigger_controller_dag.py took 0.129 seconds
[2022-05-09 23:44:42,772] {processor.py:163} INFO - Started process (PID=498) to work on /home/airflow/.local/lib/python3.7/site-packages/airflow/example_dags/example_trigger_controller_dag.py
[2022-05-09 23:44:42,775] {processor.py:642} INFO - Processing file /home/airflow/.local/lib/python3.7/site-packages/airflow/example_dags/example_trigger_controller_dag.py for tasks to queue
[2022-05-09 23:44:42,776] {logging_mixin.py:109} INFO - [2022-05-09 23:44:42,776] {dagbag.py:500} INFO - Filling up the DagBag from /home/airflow/.local/lib/python3.7/site-packages/airflow/example_dags/example_trigger_controller_dag.py
[2022-05-09 23:44:42,799] {processor.py:652} INFO - DAG(s) dict_keys(['example_trigger_controller_dag']) retrieved from /home/airflow/.local/lib/python3.7/site-packages/airflow/example_dags/example_trigger_controller_dag.py
[2022-05-09 23:44:42,823] {logging_mixin.py:109} INFO - [2022-05-09 23:44:42,823] {dag.py:2398} INFO - Sync 1 DAGs
[2022-05-09 23:44:42,842] {logging_mixin.py:109} INFO - [2022-05-09 23:44:42,841] {dag.py:2937} INFO - Setting next_dagrun for example_trigger_controller_dag to 2021-01-01T00:00:00+00:00
[2022-05-09 23:44:42,854] {processor.py:171} INFO - Processing /home/airflow/.local/lib/python3.7/site-packages/airflow/example_dags/example_trigger_controller_dag.py took 0.086 seconds
[2022-05-09 23:45:13,785] {processor.py:163} INFO - Started process (PID=550) to work on /home/airflow/.local/lib/python3.7/site-packages/airflow/example_dags/example_trigger_controller_dag.py
[2022-05-09 23:45:13,787] {processor.py:642} INFO - Processing file /home/airflow/.local/lib/python3.7/site-packages/airflow/example_dags/example_trigger_controller_dag.py for tasks to queue
[2022-05-09 23:45:13,788] {logging_mixin.py:109} INFO - [2022-05-09 23:45:13,788] {dagbag.py:500} INFO - Filling up the DagBag from /home/airflow/.local/lib/python3.7/site-packages/airflow/example_dags/example_trigger_controller_dag.py
[2022-05-09 23:45:13,807] {processor.py:652} INFO - DAG(s) dict_keys(['example_trigger_controller_dag']) retrieved from /home/airflow/.local/lib/python3.7/site-packages/airflow/example_dags/example_trigger_controller_dag.py
[2022-05-09 23:45:13,831] {logging_mixin.py:109} INFO - [2022-05-09 23:45:13,831] {dag.py:2398} INFO - Sync 1 DAGs
[2022-05-09 23:45:13,854] {logging_mixin.py:109} INFO - [2022-05-09 23:45:13,854] {dag.py:2937} INFO - Setting next_dagrun for example_trigger_controller_dag to 2021-01-01T00:00:00+00:00
[2022-05-09 23:45:13,881] {processor.py:171} INFO - Processing /home/airflow/.local/lib/python3.7/site-packages/airflow/example_dags/example_trigger_controller_dag.py took 0.100 seconds
[2022-05-09 23:45:44,902] {processor.py:163} INFO - Started process (PID=614) to work on /home/airflow/.local/lib/python3.7/site-packages/airflow/example_dags/example_trigger_controller_dag.py
[2022-05-09 23:45:44,905] {processor.py:642} INFO - Processing file /home/airflow/.local/lib/python3.7/site-packages/airflow/example_dags/example_trigger_controller_dag.py for tasks to queue
[2022-05-09 23:45:44,907] {logging_mixin.py:109} INFO - [2022-05-09 23:45:44,907] {dagbag.py:500} INFO - Filling up the DagBag from /home/airflow/.local/lib/python3.7/site-packages/airflow/example_dags/example_trigger_controller_dag.py
[2022-05-09 23:45:44,925] {processor.py:652} INFO - DAG(s) dict_keys(['example_trigger_controller_dag']) retrieved from /home/airflow/.local/lib/python3.7/site-packages/airflow/example_dags/example_trigger_controller_dag.py
[2022-05-09 23:45:44,956] {logging_mixin.py:109} INFO - [2022-05-09 23:45:44,956] {dag.py:2398} INFO - Sync 1 DAGs
[2022-05-09 23:45:44,975] {logging_mixin.py:109} INFO - [2022-05-09 23:45:44,975] {dag.py:2937} INFO - Setting next_dagrun for example_trigger_controller_dag to 2021-01-01T00:00:00+00:00
[2022-05-09 23:45:44,994] {processor.py:171} INFO - Processing /home/airflow/.local/lib/python3.7/site-packages/airflow/example_dags/example_trigger_controller_dag.py took 0.098 seconds
[2022-05-09 23:46:15,707] {processor.py:163} INFO - Started process (PID=666) to work on /home/airflow/.local/lib/python3.7/site-packages/airflow/example_dags/example_trigger_controller_dag.py
[2022-05-09 23:46:15,709] {processor.py:642} INFO - Processing file /home/airflow/.local/lib/python3.7/site-packages/airflow/example_dags/example_trigger_controller_dag.py for tasks to queue
[2022-05-09 23:46:15,710] {logging_mixin.py:109} INFO - [2022-05-09 23:46:15,710] {dagbag.py:500} INFO - Filling up the DagBag from /home/airflow/.local/lib/python3.7/site-packages/airflow/example_dags/example_trigger_controller_dag.py
[2022-05-09 23:46:15,729] {processor.py:652} INFO - DAG(s) dict_keys(['example_trigger_controller_dag']) retrieved from /home/airflow/.local/lib/python3.7/site-packages/airflow/example_dags/example_trigger_controller_dag.py
[2022-05-09 23:46:15,761] {logging_mixin.py:109} INFO - [2022-05-09 23:46:15,761] {dag.py:2398} INFO - Sync 1 DAGs
[2022-05-09 23:46:15,783] {logging_mixin.py:109} INFO - [2022-05-09 23:46:15,782] {dag.py:2937} INFO - Setting next_dagrun for example_trigger_controller_dag to 2021-01-01T00:00:00+00:00
[2022-05-09 23:46:15,801] {processor.py:171} INFO - Processing /home/airflow/.local/lib/python3.7/site-packages/airflow/example_dags/example_trigger_controller_dag.py took 0.101 seconds
[2022-05-09 23:46:46,463] {processor.py:163} INFO - Started process (PID=729) to work on /home/airflow/.local/lib/python3.7/site-packages/airflow/example_dags/example_trigger_controller_dag.py
[2022-05-09 23:46:46,465] {processor.py:642} INFO - Processing file /home/airflow/.local/lib/python3.7/site-packages/airflow/example_dags/example_trigger_controller_dag.py for tasks to queue
[2022-05-09 23:46:46,466] {logging_mixin.py:109} INFO - [2022-05-09 23:46:46,466] {dagbag.py:500} INFO - Filling up the DagBag from /home/airflow/.local/lib/python3.7/site-packages/airflow/example_dags/example_trigger_controller_dag.py
[2022-05-09 23:46:46,488] {processor.py:652} INFO - DAG(s) dict_keys(['example_trigger_controller_dag']) retrieved from /home/airflow/.local/lib/python3.7/site-packages/airflow/example_dags/example_trigger_controller_dag.py
[2022-05-09 23:46:46,520] {logging_mixin.py:109} INFO - [2022-05-09 23:46:46,519] {dag.py:2398} INFO - Sync 1 DAGs
[2022-05-09 23:46:46,548] {logging_mixin.py:109} INFO - [2022-05-09 23:46:46,548] {dag.py:2937} INFO - Setting next_dagrun for example_trigger_controller_dag to 2021-01-01T00:00:00+00:00
[2022-05-09 23:46:46,572] {processor.py:171} INFO - Processing /home/airflow/.local/lib/python3.7/site-packages/airflow/example_dags/example_trigger_controller_dag.py took 0.115 seconds
[2022-05-09 23:47:17,670] {processor.py:163} INFO - Started process (PID=780) to work on /home/airflow/.local/lib/python3.7/site-packages/airflow/example_dags/example_trigger_controller_dag.py
[2022-05-09 23:47:17,672] {processor.py:642} INFO - Processing file /home/airflow/.local/lib/python3.7/site-packages/airflow/example_dags/example_trigger_controller_dag.py for tasks to queue
[2022-05-09 23:47:17,674] {logging_mixin.py:109} INFO - [2022-05-09 23:47:17,674] {dagbag.py:500} INFO - Filling up the DagBag from /home/airflow/.local/lib/python3.7/site-packages/airflow/example_dags/example_trigger_controller_dag.py
[2022-05-09 23:47:17,691] {processor.py:652} INFO - DAG(s) dict_keys(['example_trigger_controller_dag']) retrieved from /home/airflow/.local/lib/python3.7/site-packages/airflow/example_dags/example_trigger_controller_dag.py
[2022-05-09 23:47:17,716] {logging_mixin.py:109} INFO - [2022-05-09 23:47:17,716] {dag.py:2398} INFO - Sync 1 DAGs
[2022-05-09 23:47:17,737] {logging_mixin.py:109} INFO - [2022-05-09 23:47:17,737] {dag.py:2937} INFO - Setting next_dagrun for example_trigger_controller_dag to 2021-01-01T00:00:00+00:00
[2022-05-09 23:47:17,748] {processor.py:171} INFO - Processing /home/airflow/.local/lib/python3.7/site-packages/airflow/example_dags/example_trigger_controller_dag.py took 0.081 seconds
[2022-05-09 23:47:48,064] {processor.py:163} INFO - Started process (PID=840) to work on /home/airflow/.local/lib/python3.7/site-packages/airflow/example_dags/example_trigger_controller_dag.py
[2022-05-09 23:47:48,066] {processor.py:642} INFO - Processing file /home/airflow/.local/lib/python3.7/site-packages/airflow/example_dags/example_trigger_controller_dag.py for tasks to queue
[2022-05-09 23:47:48,068] {logging_mixin.py:109} INFO - [2022-05-09 23:47:48,068] {dagbag.py:500} INFO - Filling up the DagBag from /home/airflow/.local/lib/python3.7/site-packages/airflow/example_dags/example_trigger_controller_dag.py
[2022-05-09 23:47:48,084] {processor.py:652} INFO - DAG(s) dict_keys(['example_trigger_controller_dag']) retrieved from /home/airflow/.local/lib/python3.7/site-packages/airflow/example_dags/example_trigger_controller_dag.py
[2022-05-09 23:47:48,109] {logging_mixin.py:109} INFO - [2022-05-09 23:47:48,109] {dag.py:2398} INFO - Sync 1 DAGs
[2022-05-09 23:47:48,128] {logging_mixin.py:109} INFO - [2022-05-09 23:47:48,127] {dag.py:2937} INFO - Setting next_dagrun for example_trigger_controller_dag to 2021-01-01T00:00:00+00:00
[2022-05-09 23:47:48,139] {processor.py:171} INFO - Processing /home/airflow/.local/lib/python3.7/site-packages/airflow/example_dags/example_trigger_controller_dag.py took 0.079 seconds
[2022-05-09 23:48:19,038] {processor.py:163} INFO - Started process (PID=899) to work on /home/airflow/.local/lib/python3.7/site-packages/airflow/example_dags/example_trigger_controller_dag.py
[2022-05-09 23:48:19,042] {processor.py:642} INFO - Processing file /home/airflow/.local/lib/python3.7/site-packages/airflow/example_dags/example_trigger_controller_dag.py for tasks to queue
[2022-05-09 23:48:19,044] {logging_mixin.py:109} INFO - [2022-05-09 23:48:19,043] {dagbag.py:500} INFO - Filling up the DagBag from /home/airflow/.local/lib/python3.7/site-packages/airflow/example_dags/example_trigger_controller_dag.py
[2022-05-09 23:48:19,062] {processor.py:652} INFO - DAG(s) dict_keys(['example_trigger_controller_dag']) retrieved from /home/airflow/.local/lib/python3.7/site-packages/airflow/example_dags/example_trigger_controller_dag.py
[2022-05-09 23:48:19,102] {logging_mixin.py:109} INFO - [2022-05-09 23:48:19,102] {dag.py:2398} INFO - Sync 1 DAGs
[2022-05-09 23:48:19,124] {logging_mixin.py:109} INFO - [2022-05-09 23:48:19,124] {dag.py:2937} INFO - Setting next_dagrun for example_trigger_controller_dag to 2021-01-01T00:00:00+00:00
[2022-05-09 23:48:19,135] {processor.py:171} INFO - Processing /home/airflow/.local/lib/python3.7/site-packages/airflow/example_dags/example_trigger_controller_dag.py took 0.102 seconds
[2022-05-09 23:48:49,672] {processor.py:163} INFO - Started process (PID=955) to work on /home/airflow/.local/lib/python3.7/site-packages/airflow/example_dags/example_trigger_controller_dag.py
[2022-05-09 23:48:49,675] {processor.py:642} INFO - Processing file /home/airflow/.local/lib/python3.7/site-packages/airflow/example_dags/example_trigger_controller_dag.py for tasks to queue
[2022-05-09 23:48:49,676] {logging_mixin.py:109} INFO - [2022-05-09 23:48:49,676] {dagbag.py:500} INFO - Filling up the DagBag from /home/airflow/.local/lib/python3.7/site-packages/airflow/example_dags/example_trigger_controller_dag.py
[2022-05-09 23:48:49,692] {processor.py:652} INFO - DAG(s) dict_keys(['example_trigger_controller_dag']) retrieved from /home/airflow/.local/lib/python3.7/site-packages/airflow/example_dags/example_trigger_controller_dag.py
[2022-05-09 23:48:49,715] {logging_mixin.py:109} INFO - [2022-05-09 23:48:49,715] {dag.py:2398} INFO - Sync 1 DAGs
[2022-05-09 23:48:49,732] {logging_mixin.py:109} INFO - [2022-05-09 23:48:49,732] {dag.py:2937} INFO - Setting next_dagrun for example_trigger_controller_dag to 2021-01-01T00:00:00+00:00
[2022-05-09 23:48:49,744] {processor.py:171} INFO - Processing /home/airflow/.local/lib/python3.7/site-packages/airflow/example_dags/example_trigger_controller_dag.py took 0.076 seconds
[2022-05-09 23:49:20,378] {processor.py:163} INFO - Started process (PID=1016) to work on /home/airflow/.local/lib/python3.7/site-packages/airflow/example_dags/example_trigger_controller_dag.py
[2022-05-09 23:49:20,380] {processor.py:642} INFO - Processing file /home/airflow/.local/lib/python3.7/site-packages/airflow/example_dags/example_trigger_controller_dag.py for tasks to queue
[2022-05-09 23:49:20,382] {logging_mixin.py:109} INFO - [2022-05-09 23:49:20,382] {dagbag.py:500} INFO - Filling up the DagBag from /home/airflow/.local/lib/python3.7/site-packages/airflow/example_dags/example_trigger_controller_dag.py
[2022-05-09 23:49:20,397] {processor.py:652} INFO - DAG(s) dict_keys(['example_trigger_controller_dag']) retrieved from /home/airflow/.local/lib/python3.7/site-packages/airflow/example_dags/example_trigger_controller_dag.py
[2022-05-09 23:49:20,422] {logging_mixin.py:109} INFO - [2022-05-09 23:49:20,422] {dag.py:2398} INFO - Sync 1 DAGs
[2022-05-09 23:49:20,443] {logging_mixin.py:109} INFO - [2022-05-09 23:49:20,443] {dag.py:2937} INFO - Setting next_dagrun for example_trigger_controller_dag to 2021-01-01T00:00:00+00:00
[2022-05-09 23:49:20,456] {processor.py:171} INFO - Processing /home/airflow/.local/lib/python3.7/site-packages/airflow/example_dags/example_trigger_controller_dag.py took 0.083 seconds
[2022-05-09 23:49:51,059] {processor.py:163} INFO - Started process (PID=1068) to work on /home/airflow/.local/lib/python3.7/site-packages/airflow/example_dags/example_trigger_controller_dag.py
[2022-05-09 23:49:51,060] {processor.py:642} INFO - Processing file /home/airflow/.local/lib/python3.7/site-packages/airflow/example_dags/example_trigger_controller_dag.py for tasks to queue
[2022-05-09 23:49:51,062] {logging_mixin.py:109} INFO - [2022-05-09 23:49:51,062] {dagbag.py:500} INFO - Filling up the DagBag from /home/airflow/.local/lib/python3.7/site-packages/airflow/example_dags/example_trigger_controller_dag.py
[2022-05-09 23:49:51,078] {processor.py:652} INFO - DAG(s) dict_keys(['example_trigger_controller_dag']) retrieved from /home/airflow/.local/lib/python3.7/site-packages/airflow/example_dags/example_trigger_controller_dag.py
[2022-05-09 23:49:51,102] {logging_mixin.py:109} INFO - [2022-05-09 23:49:51,102] {dag.py:2398} INFO - Sync 1 DAGs
[2022-05-09 23:49:51,121] {logging_mixin.py:109} INFO - [2022-05-09 23:49:51,121] {dag.py:2937} INFO - Setting next_dagrun for example_trigger_controller_dag to 2021-01-01T00:00:00+00:00
[2022-05-09 23:49:51,131] {processor.py:171} INFO - Processing /home/airflow/.local/lib/python3.7/site-packages/airflow/example_dags/example_trigger_controller_dag.py took 0.076 seconds
[2022-05-09 23:50:21,703] {processor.py:163} INFO - Started process (PID=1128) to work on /home/airflow/.local/lib/python3.7/site-packages/airflow/example_dags/example_trigger_controller_dag.py
[2022-05-09 23:50:21,708] {processor.py:642} INFO - Processing file /home/airflow/.local/lib/python3.7/site-packages/airflow/example_dags/example_trigger_controller_dag.py for tasks to queue
[2022-05-09 23:50:21,710] {logging_mixin.py:109} INFO - [2022-05-09 23:50:21,710] {dagbag.py:500} INFO - Filling up the DagBag from /home/airflow/.local/lib/python3.7/site-packages/airflow/example_dags/example_trigger_controller_dag.py
[2022-05-09 23:50:21,727] {processor.py:652} INFO - DAG(s) dict_keys(['example_trigger_controller_dag']) retrieved from /home/airflow/.local/lib/python3.7/site-packages/airflow/example_dags/example_trigger_controller_dag.py
[2022-05-09 23:50:21,750] {logging_mixin.py:109} INFO - [2022-05-09 23:50:21,750] {dag.py:2398} INFO - Sync 1 DAGs
[2022-05-09 23:50:21,769] {logging_mixin.py:109} INFO - [2022-05-09 23:50:21,769] {dag.py:2937} INFO - Setting next_dagrun for example_trigger_controller_dag to 2021-01-01T00:00:00+00:00
[2022-05-09 23:50:21,783] {processor.py:171} INFO - Processing /home/airflow/.local/lib/python3.7/site-packages/airflow/example_dags/example_trigger_controller_dag.py took 0.087 seconds
[2022-05-09 23:50:52,202] {processor.py:163} INFO - Started process (PID=1181) to work on /home/airflow/.local/lib/python3.7/site-packages/airflow/example_dags/example_trigger_controller_dag.py
[2022-05-09 23:50:52,204] {processor.py:642} INFO - Processing file /home/airflow/.local/lib/python3.7/site-packages/airflow/example_dags/example_trigger_controller_dag.py for tasks to queue
[2022-05-09 23:50:52,205] {logging_mixin.py:109} INFO - [2022-05-09 23:50:52,205] {dagbag.py:500} INFO - Filling up the DagBag from /home/airflow/.local/lib/python3.7/site-packages/airflow/example_dags/example_trigger_controller_dag.py
[2022-05-09 23:50:52,222] {processor.py:652} INFO - DAG(s) dict_keys(['example_trigger_controller_dag']) retrieved from /home/airflow/.local/lib/python3.7/site-packages/airflow/example_dags/example_trigger_controller_dag.py
[2022-05-09 23:50:52,244] {logging_mixin.py:109} INFO - [2022-05-09 23:50:52,244] {dag.py:2398} INFO - Sync 1 DAGs
[2022-05-09 23:50:52,261] {logging_mixin.py:109} INFO - [2022-05-09 23:50:52,261] {dag.py:2937} INFO - Setting next_dagrun for example_trigger_controller_dag to 2021-01-01T00:00:00+00:00
[2022-05-09 23:50:52,272] {processor.py:171} INFO - Processing /home/airflow/.local/lib/python3.7/site-packages/airflow/example_dags/example_trigger_controller_dag.py took 0.075 seconds
[2022-05-09 23:51:22,841] {processor.py:163} INFO - Started process (PID=1241) to work on /home/airflow/.local/lib/python3.7/site-packages/airflow/example_dags/example_trigger_controller_dag.py
[2022-05-09 23:51:22,842] {processor.py:642} INFO - Processing file /home/airflow/.local/lib/python3.7/site-packages/airflow/example_dags/example_trigger_controller_dag.py for tasks to queue
[2022-05-09 23:51:22,843] {logging_mixin.py:109} INFO - [2022-05-09 23:51:22,843] {dagbag.py:500} INFO - Filling up the DagBag from /home/airflow/.local/lib/python3.7/site-packages/airflow/example_dags/example_trigger_controller_dag.py
[2022-05-09 23:51:22,859] {processor.py:652} INFO - DAG(s) dict_keys(['example_trigger_controller_dag']) retrieved from /home/airflow/.local/lib/python3.7/site-packages/airflow/example_dags/example_trigger_controller_dag.py
[2022-05-09 23:51:22,883] {logging_mixin.py:109} INFO - [2022-05-09 23:51:22,883] {dag.py:2398} INFO - Sync 1 DAGs
[2022-05-09 23:51:22,901] {logging_mixin.py:109} INFO - [2022-05-09 23:51:22,900] {dag.py:2937} INFO - Setting next_dagrun for example_trigger_controller_dag to 2021-01-01T00:00:00+00:00
[2022-05-09 23:51:22,911] {processor.py:171} INFO - Processing /home/airflow/.local/lib/python3.7/site-packages/airflow/example_dags/example_trigger_controller_dag.py took 0.074 seconds
[2022-05-09 23:51:53,524] {processor.py:163} INFO - Started process (PID=1302) to work on /home/airflow/.local/lib/python3.7/site-packages/airflow/example_dags/example_trigger_controller_dag.py
[2022-05-09 23:51:53,526] {processor.py:642} INFO - Processing file /home/airflow/.local/lib/python3.7/site-packages/airflow/example_dags/example_trigger_controller_dag.py for tasks to queue
[2022-05-09 23:51:53,528] {logging_mixin.py:109} INFO - [2022-05-09 23:51:53,527] {dagbag.py:500} INFO - Filling up the DagBag from /home/airflow/.local/lib/python3.7/site-packages/airflow/example_dags/example_trigger_controller_dag.py
[2022-05-09 23:51:53,544] {processor.py:652} INFO - DAG(s) dict_keys(['example_trigger_controller_dag']) retrieved from /home/airflow/.local/lib/python3.7/site-packages/airflow/example_dags/example_trigger_controller_dag.py
[2022-05-09 23:51:53,576] {logging_mixin.py:109} INFO - [2022-05-09 23:51:53,575] {dag.py:2398} INFO - Sync 1 DAGs
[2022-05-09 23:51:53,600] {logging_mixin.py:109} INFO - [2022-05-09 23:51:53,600] {dag.py:2937} INFO - Setting next_dagrun for example_trigger_controller_dag to 2021-01-01T00:00:00+00:00
[2022-05-09 23:51:53,613] {processor.py:171} INFO - Processing /home/airflow/.local/lib/python3.7/site-packages/airflow/example_dags/example_trigger_controller_dag.py took 0.095 seconds
[2022-05-09 23:52:24,103] {processor.py:163} INFO - Started process (PID=1353) to work on /home/airflow/.local/lib/python3.7/site-packages/airflow/example_dags/example_trigger_controller_dag.py
[2022-05-09 23:52:24,105] {processor.py:642} INFO - Processing file /home/airflow/.local/lib/python3.7/site-packages/airflow/example_dags/example_trigger_controller_dag.py for tasks to queue
[2022-05-09 23:52:24,106] {logging_mixin.py:109} INFO - [2022-05-09 23:52:24,106] {dagbag.py:500} INFO - Filling up the DagBag from /home/airflow/.local/lib/python3.7/site-packages/airflow/example_dags/example_trigger_controller_dag.py
[2022-05-09 23:52:24,122] {processor.py:652} INFO - DAG(s) dict_keys(['example_trigger_controller_dag']) retrieved from /home/airflow/.local/lib/python3.7/site-packages/airflow/example_dags/example_trigger_controller_dag.py
[2022-05-09 23:52:24,145] {logging_mixin.py:109} INFO - [2022-05-09 23:52:24,145] {dag.py:2398} INFO - Sync 1 DAGs
[2022-05-09 23:52:24,163] {logging_mixin.py:109} INFO - [2022-05-09 23:52:24,163] {dag.py:2937} INFO - Setting next_dagrun for example_trigger_controller_dag to 2021-01-01T00:00:00+00:00
[2022-05-09 23:52:24,175] {processor.py:171} INFO - Processing /home/airflow/.local/lib/python3.7/site-packages/airflow/example_dags/example_trigger_controller_dag.py took 0.076 seconds
[2022-05-09 23:52:55,057] {processor.py:163} INFO - Started process (PID=1414) to work on /home/airflow/.local/lib/python3.7/site-packages/airflow/example_dags/example_trigger_controller_dag.py
[2022-05-09 23:52:55,059] {processor.py:642} INFO - Processing file /home/airflow/.local/lib/python3.7/site-packages/airflow/example_dags/example_trigger_controller_dag.py for tasks to queue
[2022-05-09 23:52:55,061] {logging_mixin.py:109} INFO - [2022-05-09 23:52:55,061] {dagbag.py:500} INFO - Filling up the DagBag from /home/airflow/.local/lib/python3.7/site-packages/airflow/example_dags/example_trigger_controller_dag.py
[2022-05-09 23:52:55,080] {processor.py:652} INFO - DAG(s) dict_keys(['example_trigger_controller_dag']) retrieved from /home/airflow/.local/lib/python3.7/site-packages/airflow/example_dags/example_trigger_controller_dag.py
[2022-05-09 23:52:55,106] {logging_mixin.py:109} INFO - [2022-05-09 23:52:55,106] {dag.py:2398} INFO - Sync 1 DAGs
[2022-05-09 23:52:55,130] {logging_mixin.py:109} INFO - [2022-05-09 23:52:55,130] {dag.py:2937} INFO - Setting next_dagrun for example_trigger_controller_dag to 2021-01-01T00:00:00+00:00
[2022-05-09 23:52:55,145] {processor.py:171} INFO - Processing /home/airflow/.local/lib/python3.7/site-packages/airflow/example_dags/example_trigger_controller_dag.py took 0.091 seconds
[2022-05-09 23:53:25,560] {processor.py:163} INFO - Started process (PID=1467) to work on /home/airflow/.local/lib/python3.7/site-packages/airflow/example_dags/example_trigger_controller_dag.py
[2022-05-09 23:53:25,562] {processor.py:642} INFO - Processing file /home/airflow/.local/lib/python3.7/site-packages/airflow/example_dags/example_trigger_controller_dag.py for tasks to queue
[2022-05-09 23:53:25,564] {logging_mixin.py:109} INFO - [2022-05-09 23:53:25,564] {dagbag.py:500} INFO - Filling up the DagBag from /home/airflow/.local/lib/python3.7/site-packages/airflow/example_dags/example_trigger_controller_dag.py
[2022-05-09 23:53:25,579] {processor.py:652} INFO - DAG(s) dict_keys(['example_trigger_controller_dag']) retrieved from /home/airflow/.local/lib/python3.7/site-packages/airflow/example_dags/example_trigger_controller_dag.py
[2022-05-09 23:53:25,601] {logging_mixin.py:109} INFO - [2022-05-09 23:53:25,601] {dag.py:2398} INFO - Sync 1 DAGs
[2022-05-09 23:53:25,618] {logging_mixin.py:109} INFO - [2022-05-09 23:53:25,618] {dag.py:2937} INFO - Setting next_dagrun for example_trigger_controller_dag to 2021-01-01T00:00:00+00:00
[2022-05-09 23:53:25,629] {processor.py:171} INFO - Processing /home/airflow/.local/lib/python3.7/site-packages/airflow/example_dags/example_trigger_controller_dag.py took 0.073 seconds
[2022-05-09 23:53:56,118] {processor.py:163} INFO - Started process (PID=1527) to work on /home/airflow/.local/lib/python3.7/site-packages/airflow/example_dags/example_trigger_controller_dag.py
[2022-05-09 23:53:56,120] {processor.py:642} INFO - Processing file /home/airflow/.local/lib/python3.7/site-packages/airflow/example_dags/example_trigger_controller_dag.py for tasks to queue
[2022-05-09 23:53:56,122] {logging_mixin.py:109} INFO - [2022-05-09 23:53:56,122] {dagbag.py:500} INFO - Filling up the DagBag from /home/airflow/.local/lib/python3.7/site-packages/airflow/example_dags/example_trigger_controller_dag.py
[2022-05-09 23:53:56,139] {processor.py:652} INFO - DAG(s) dict_keys(['example_trigger_controller_dag']) retrieved from /home/airflow/.local/lib/python3.7/site-packages/airflow/example_dags/example_trigger_controller_dag.py
[2022-05-09 23:53:56,165] {logging_mixin.py:109} INFO - [2022-05-09 23:53:56,165] {dag.py:2398} INFO - Sync 1 DAGs
[2022-05-09 23:53:56,185] {logging_mixin.py:109} INFO - [2022-05-09 23:53:56,185] {dag.py:2937} INFO - Setting next_dagrun for example_trigger_controller_dag to 2021-01-01T00:00:00+00:00
[2022-05-09 23:53:56,198] {processor.py:171} INFO - Processing /home/airflow/.local/lib/python3.7/site-packages/airflow/example_dags/example_trigger_controller_dag.py took 0.083 seconds
[2022-05-09 23:54:26,726] {processor.py:163} INFO - Started process (PID=1578) to work on /home/airflow/.local/lib/python3.7/site-packages/airflow/example_dags/example_trigger_controller_dag.py
[2022-05-09 23:54:26,728] {processor.py:642} INFO - Processing file /home/airflow/.local/lib/python3.7/site-packages/airflow/example_dags/example_trigger_controller_dag.py for tasks to queue
[2022-05-09 23:54:26,730] {logging_mixin.py:109} INFO - [2022-05-09 23:54:26,730] {dagbag.py:500} INFO - Filling up the DagBag from /home/airflow/.local/lib/python3.7/site-packages/airflow/example_dags/example_trigger_controller_dag.py
[2022-05-09 23:54:26,746] {processor.py:652} INFO - DAG(s) dict_keys(['example_trigger_controller_dag']) retrieved from /home/airflow/.local/lib/python3.7/site-packages/airflow/example_dags/example_trigger_controller_dag.py
[2022-05-09 23:54:26,771] {logging_mixin.py:109} INFO - [2022-05-09 23:54:26,771] {dag.py:2398} INFO - Sync 1 DAGs
[2022-05-09 23:54:26,792] {logging_mixin.py:109} INFO - [2022-05-09 23:54:26,791] {dag.py:2937} INFO - Setting next_dagrun for example_trigger_controller_dag to 2021-01-01T00:00:00+00:00
[2022-05-09 23:54:26,803] {processor.py:171} INFO - Processing /home/airflow/.local/lib/python3.7/site-packages/airflow/example_dags/example_trigger_controller_dag.py took 0.081 seconds
[2022-05-09 23:54:57,225] {processor.py:163} INFO - Started process (PID=1639) to work on /home/airflow/.local/lib/python3.7/site-packages/airflow/example_dags/example_trigger_controller_dag.py
[2022-05-09 23:54:57,228] {processor.py:642} INFO - Processing file /home/airflow/.local/lib/python3.7/site-packages/airflow/example_dags/example_trigger_controller_dag.py for tasks to queue
[2022-05-09 23:54:57,229] {logging_mixin.py:109} INFO - [2022-05-09 23:54:57,229] {dagbag.py:500} INFO - Filling up the DagBag from /home/airflow/.local/lib/python3.7/site-packages/airflow/example_dags/example_trigger_controller_dag.py
[2022-05-09 23:54:57,244] {processor.py:652} INFO - DAG(s) dict_keys(['example_trigger_controller_dag']) retrieved from /home/airflow/.local/lib/python3.7/site-packages/airflow/example_dags/example_trigger_controller_dag.py
[2022-05-09 23:54:57,267] {logging_mixin.py:109} INFO - [2022-05-09 23:54:57,267] {dag.py:2398} INFO - Sync 1 DAGs
[2022-05-09 23:54:57,289] {logging_mixin.py:109} INFO - [2022-05-09 23:54:57,289] {dag.py:2937} INFO - Setting next_dagrun for example_trigger_controller_dag to 2021-01-01T00:00:00+00:00
[2022-05-09 23:54:57,299] {processor.py:171} INFO - Processing /home/airflow/.local/lib/python3.7/site-packages/airflow/example_dags/example_trigger_controller_dag.py took 0.078 seconds
[2022-05-09 23:55:27,694] {processor.py:163} INFO - Started process (PID=1700) to work on /home/airflow/.local/lib/python3.7/site-packages/airflow/example_dags/example_trigger_controller_dag.py
[2022-05-09 23:55:27,696] {processor.py:642} INFO - Processing file /home/airflow/.local/lib/python3.7/site-packages/airflow/example_dags/example_trigger_controller_dag.py for tasks to queue
[2022-05-09 23:55:27,697] {logging_mixin.py:109} INFO - [2022-05-09 23:55:27,697] {dagbag.py:500} INFO - Filling up the DagBag from /home/airflow/.local/lib/python3.7/site-packages/airflow/example_dags/example_trigger_controller_dag.py
[2022-05-09 23:55:27,714] {processor.py:652} INFO - DAG(s) dict_keys(['example_trigger_controller_dag']) retrieved from /home/airflow/.local/lib/python3.7/site-packages/airflow/example_dags/example_trigger_controller_dag.py
[2022-05-09 23:55:27,741] {logging_mixin.py:109} INFO - [2022-05-09 23:55:27,741] {dag.py:2398} INFO - Sync 1 DAGs
[2022-05-09 23:55:27,764] {logging_mixin.py:109} INFO - [2022-05-09 23:55:27,764] {dag.py:2937} INFO - Setting next_dagrun for example_trigger_controller_dag to 2021-01-01T00:00:00+00:00
[2022-05-09 23:55:27,778] {processor.py:171} INFO - Processing /home/airflow/.local/lib/python3.7/site-packages/airflow/example_dags/example_trigger_controller_dag.py took 0.088 seconds
[2022-05-09 23:55:58,495] {processor.py:163} INFO - Started process (PID=1751) to work on /home/airflow/.local/lib/python3.7/site-packages/airflow/example_dags/example_trigger_controller_dag.py
[2022-05-09 23:55:58,496] {processor.py:642} INFO - Processing file /home/airflow/.local/lib/python3.7/site-packages/airflow/example_dags/example_trigger_controller_dag.py for tasks to queue
[2022-05-09 23:55:58,498] {logging_mixin.py:109} INFO - [2022-05-09 23:55:58,497] {dagbag.py:500} INFO - Filling up the DagBag from /home/airflow/.local/lib/python3.7/site-packages/airflow/example_dags/example_trigger_controller_dag.py
[2022-05-09 23:55:58,513] {processor.py:652} INFO - DAG(s) dict_keys(['example_trigger_controller_dag']) retrieved from /home/airflow/.local/lib/python3.7/site-packages/airflow/example_dags/example_trigger_controller_dag.py
[2022-05-09 23:55:58,538] {logging_mixin.py:109} INFO - [2022-05-09 23:55:58,538] {dag.py:2398} INFO - Sync 1 DAGs
[2022-05-09 23:55:58,559] {logging_mixin.py:109} INFO - [2022-05-09 23:55:58,558] {dag.py:2937} INFO - Setting next_dagrun for example_trigger_controller_dag to 2021-01-01T00:00:00+00:00
[2022-05-09 23:55:58,569] {processor.py:171} INFO - Processing /home/airflow/.local/lib/python3.7/site-packages/airflow/example_dags/example_trigger_controller_dag.py took 0.078 seconds
[2022-05-09 23:56:29,308] {processor.py:163} INFO - Started process (PID=1812) to work on /home/airflow/.local/lib/python3.7/site-packages/airflow/example_dags/example_trigger_controller_dag.py
[2022-05-09 23:56:29,310] {processor.py:642} INFO - Processing file /home/airflow/.local/lib/python3.7/site-packages/airflow/example_dags/example_trigger_controller_dag.py for tasks to queue
[2022-05-09 23:56:29,311] {logging_mixin.py:109} INFO - [2022-05-09 23:56:29,311] {dagbag.py:500} INFO - Filling up the DagBag from /home/airflow/.local/lib/python3.7/site-packages/airflow/example_dags/example_trigger_controller_dag.py
[2022-05-09 23:56:29,326] {processor.py:652} INFO - DAG(s) dict_keys(['example_trigger_controller_dag']) retrieved from /home/airflow/.local/lib/python3.7/site-packages/airflow/example_dags/example_trigger_controller_dag.py
[2022-05-09 23:56:29,358] {logging_mixin.py:109} INFO - [2022-05-09 23:56:29,358] {dag.py:2398} INFO - Sync 1 DAGs
[2022-05-09 23:56:29,377] {logging_mixin.py:109} INFO - [2022-05-09 23:56:29,376] {dag.py:2937} INFO - Setting next_dagrun for example_trigger_controller_dag to 2021-01-01T00:00:00+00:00
[2022-05-09 23:56:29,389] {processor.py:171} INFO - Processing /home/airflow/.local/lib/python3.7/site-packages/airflow/example_dags/example_trigger_controller_dag.py took 0.084 seconds
[2022-05-09 23:56:59,978] {processor.py:163} INFO - Started process (PID=1864) to work on /home/airflow/.local/lib/python3.7/site-packages/airflow/example_dags/example_trigger_controller_dag.py
[2022-05-09 23:56:59,980] {processor.py:642} INFO - Processing file /home/airflow/.local/lib/python3.7/site-packages/airflow/example_dags/example_trigger_controller_dag.py for tasks to queue
[2022-05-09 23:56:59,981] {logging_mixin.py:109} INFO - [2022-05-09 23:56:59,981] {dagbag.py:500} INFO - Filling up the DagBag from /home/airflow/.local/lib/python3.7/site-packages/airflow/example_dags/example_trigger_controller_dag.py
[2022-05-09 23:56:59,997] {processor.py:652} INFO - DAG(s) dict_keys(['example_trigger_controller_dag']) retrieved from /home/airflow/.local/lib/python3.7/site-packages/airflow/example_dags/example_trigger_controller_dag.py
[2022-05-09 23:57:00,023] {logging_mixin.py:109} INFO - [2022-05-09 23:57:00,023] {dag.py:2398} INFO - Sync 1 DAGs
[2022-05-09 23:57:00,042] {logging_mixin.py:109} INFO - [2022-05-09 23:57:00,042] {dag.py:2937} INFO - Setting next_dagrun for example_trigger_controller_dag to 2021-01-01T00:00:00+00:00
[2022-05-09 23:57:00,051] {processor.py:171} INFO - Processing /home/airflow/.local/lib/python3.7/site-packages/airflow/example_dags/example_trigger_controller_dag.py took 0.077 seconds
[2022-05-09 23:57:30,651] {processor.py:163} INFO - Started process (PID=1927) to work on /home/airflow/.local/lib/python3.7/site-packages/airflow/example_dags/example_trigger_controller_dag.py
[2022-05-09 23:57:30,653] {processor.py:642} INFO - Processing file /home/airflow/.local/lib/python3.7/site-packages/airflow/example_dags/example_trigger_controller_dag.py for tasks to queue
[2022-05-09 23:57:30,654] {logging_mixin.py:109} INFO - [2022-05-09 23:57:30,654] {dagbag.py:500} INFO - Filling up the DagBag from /home/airflow/.local/lib/python3.7/site-packages/airflow/example_dags/example_trigger_controller_dag.py
[2022-05-09 23:57:30,669] {processor.py:652} INFO - DAG(s) dict_keys(['example_trigger_controller_dag']) retrieved from /home/airflow/.local/lib/python3.7/site-packages/airflow/example_dags/example_trigger_controller_dag.py
[2022-05-09 23:57:30,690] {logging_mixin.py:109} INFO - [2022-05-09 23:57:30,690] {dag.py:2398} INFO - Sync 1 DAGs
[2022-05-09 23:57:30,709] {logging_mixin.py:109} INFO - [2022-05-09 23:57:30,709] {dag.py:2937} INFO - Setting next_dagrun for example_trigger_controller_dag to 2021-01-01T00:00:00+00:00
[2022-05-09 23:57:30,720] {processor.py:171} INFO - Processing /home/airflow/.local/lib/python3.7/site-packages/airflow/example_dags/example_trigger_controller_dag.py took 0.073 seconds
[2022-05-09 23:58:01,298] {processor.py:163} INFO - Started process (PID=1978) to work on /home/airflow/.local/lib/python3.7/site-packages/airflow/example_dags/example_trigger_controller_dag.py
[2022-05-09 23:58:01,301] {processor.py:642} INFO - Processing file /home/airflow/.local/lib/python3.7/site-packages/airflow/example_dags/example_trigger_controller_dag.py for tasks to queue
[2022-05-09 23:58:01,302] {logging_mixin.py:109} INFO - [2022-05-09 23:58:01,302] {dagbag.py:500} INFO - Filling up the DagBag from /home/airflow/.local/lib/python3.7/site-packages/airflow/example_dags/example_trigger_controller_dag.py
[2022-05-09 23:58:01,319] {processor.py:652} INFO - DAG(s) dict_keys(['example_trigger_controller_dag']) retrieved from /home/airflow/.local/lib/python3.7/site-packages/airflow/example_dags/example_trigger_controller_dag.py
[2022-05-09 23:58:01,353] {logging_mixin.py:109} INFO - [2022-05-09 23:58:01,353] {dag.py:2398} INFO - Sync 1 DAGs
[2022-05-09 23:58:01,373] {logging_mixin.py:109} INFO - [2022-05-09 23:58:01,373] {dag.py:2937} INFO - Setting next_dagrun for example_trigger_controller_dag to 2021-01-01T00:00:00+00:00
[2022-05-09 23:58:01,386] {processor.py:171} INFO - Processing /home/airflow/.local/lib/python3.7/site-packages/airflow/example_dags/example_trigger_controller_dag.py took 0.092 seconds
[2022-05-09 23:58:31,941] {processor.py:163} INFO - Started process (PID=2040) to work on /home/airflow/.local/lib/python3.7/site-packages/airflow/example_dags/example_trigger_controller_dag.py
[2022-05-09 23:58:31,943] {processor.py:642} INFO - Processing file /home/airflow/.local/lib/python3.7/site-packages/airflow/example_dags/example_trigger_controller_dag.py for tasks to queue
[2022-05-09 23:58:31,944] {logging_mixin.py:109} INFO - [2022-05-09 23:58:31,944] {dagbag.py:500} INFO - Filling up the DagBag from /home/airflow/.local/lib/python3.7/site-packages/airflow/example_dags/example_trigger_controller_dag.py
[2022-05-09 23:58:31,961] {processor.py:652} INFO - DAG(s) dict_keys(['example_trigger_controller_dag']) retrieved from /home/airflow/.local/lib/python3.7/site-packages/airflow/example_dags/example_trigger_controller_dag.py
[2022-05-09 23:58:31,989] {logging_mixin.py:109} INFO - [2022-05-09 23:58:31,988] {dag.py:2398} INFO - Sync 1 DAGs
[2022-05-09 23:58:32,016] {logging_mixin.py:109} INFO - [2022-05-09 23:58:32,016] {dag.py:2937} INFO - Setting next_dagrun for example_trigger_controller_dag to 2021-01-01T00:00:00+00:00
[2022-05-09 23:58:32,027] {processor.py:171} INFO - Processing /home/airflow/.local/lib/python3.7/site-packages/airflow/example_dags/example_trigger_controller_dag.py took 0.091 seconds
[2022-05-09 23:59:02,609] {processor.py:163} INFO - Started process (PID=2101) to work on /home/airflow/.local/lib/python3.7/site-packages/airflow/example_dags/example_trigger_controller_dag.py
[2022-05-09 23:59:02,611] {processor.py:642} INFO - Processing file /home/airflow/.local/lib/python3.7/site-packages/airflow/example_dags/example_trigger_controller_dag.py for tasks to queue
[2022-05-09 23:59:02,613] {logging_mixin.py:109} INFO - [2022-05-09 23:59:02,613] {dagbag.py:500} INFO - Filling up the DagBag from /home/airflow/.local/lib/python3.7/site-packages/airflow/example_dags/example_trigger_controller_dag.py
[2022-05-09 23:59:02,629] {processor.py:652} INFO - DAG(s) dict_keys(['example_trigger_controller_dag']) retrieved from /home/airflow/.local/lib/python3.7/site-packages/airflow/example_dags/example_trigger_controller_dag.py
[2022-05-09 23:59:02,658] {logging_mixin.py:109} INFO - [2022-05-09 23:59:02,658] {dag.py:2398} INFO - Sync 1 DAGs
[2022-05-09 23:59:02,680] {logging_mixin.py:109} INFO - [2022-05-09 23:59:02,680] {dag.py:2937} INFO - Setting next_dagrun for example_trigger_controller_dag to 2021-01-01T00:00:00+00:00
[2022-05-09 23:59:02,693] {processor.py:171} INFO - Processing /home/airflow/.local/lib/python3.7/site-packages/airflow/example_dags/example_trigger_controller_dag.py took 0.087 seconds
[2022-05-09 23:59:33,321] {processor.py:163} INFO - Started process (PID=2152) to work on /home/airflow/.local/lib/python3.7/site-packages/airflow/example_dags/example_trigger_controller_dag.py
[2022-05-09 23:59:33,323] {processor.py:642} INFO - Processing file /home/airflow/.local/lib/python3.7/site-packages/airflow/example_dags/example_trigger_controller_dag.py for tasks to queue
[2022-05-09 23:59:33,325] {logging_mixin.py:109} INFO - [2022-05-09 23:59:33,324] {dagbag.py:500} INFO - Filling up the DagBag from /home/airflow/.local/lib/python3.7/site-packages/airflow/example_dags/example_trigger_controller_dag.py
[2022-05-09 23:59:33,340] {processor.py:652} INFO - DAG(s) dict_keys(['example_trigger_controller_dag']) retrieved from /home/airflow/.local/lib/python3.7/site-packages/airflow/example_dags/example_trigger_controller_dag.py
[2022-05-09 23:59:33,364] {logging_mixin.py:109} INFO - [2022-05-09 23:59:33,364] {dag.py:2398} INFO - Sync 1 DAGs
[2022-05-09 23:59:33,384] {logging_mixin.py:109} INFO - [2022-05-09 23:59:33,384] {dag.py:2937} INFO - Setting next_dagrun for example_trigger_controller_dag to 2021-01-01T00:00:00+00:00
[2022-05-09 23:59:33,395] {processor.py:171} INFO - Processing /home/airflow/.local/lib/python3.7/site-packages/airflow/example_dags/example_trigger_controller_dag.py took 0.078 seconds
