[2022-05-09 23:41:04,037] {processor.py:163} INFO - Started process (PID=58) to work on /home/airflow/.local/lib/python3.7/site-packages/airflow/example_dags/example_branch_day_of_week_operator.py
[2022-05-09 23:41:04,042] {processor.py:642} INFO - Processing file /home/airflow/.local/lib/python3.7/site-packages/airflow/example_dags/example_branch_day_of_week_operator.py for tasks to queue
[2022-05-09 23:41:04,046] {logging_mixin.py:109} INFO - [2022-05-09 23:41:04,046] {dagbag.py:500} INFO - Filling up the DagBag from /home/airflow/.local/lib/python3.7/site-packages/airflow/example_dags/example_branch_day_of_week_operator.py
[2022-05-09 23:41:04,082] {processor.py:652} INFO - DAG(s) dict_keys(['example_weekday_branch_operator']) retrieved from /home/airflow/.local/lib/python3.7/site-packages/airflow/example_dags/example_branch_day_of_week_operator.py
[2022-05-09 23:41:04,136] {logging_mixin.py:109} INFO - [2022-05-09 23:41:04,136] {dag.py:2398} INFO - Sync 1 DAGs
[2022-05-09 23:41:04,166] {logging_mixin.py:109} INFO - [2022-05-09 23:41:04,166] {dag.py:2937} INFO - Setting next_dagrun for example_weekday_branch_operator to 2022-05-08 00:00:00+00:00
[2022-05-09 23:41:04,181] {processor.py:171} INFO - Processing /home/airflow/.local/lib/python3.7/site-packages/airflow/example_dags/example_branch_day_of_week_operator.py took 0.156 seconds
[2022-05-09 23:41:35,242] {processor.py:163} INFO - Started process (PID=118) to work on /home/airflow/.local/lib/python3.7/site-packages/airflow/example_dags/example_branch_day_of_week_operator.py
[2022-05-09 23:41:35,251] {processor.py:642} INFO - Processing file /home/airflow/.local/lib/python3.7/site-packages/airflow/example_dags/example_branch_day_of_week_operator.py for tasks to queue
[2022-05-09 23:41:35,253] {logging_mixin.py:109} INFO - [2022-05-09 23:41:35,253] {dagbag.py:500} INFO - Filling up the DagBag from /home/airflow/.local/lib/python3.7/site-packages/airflow/example_dags/example_branch_day_of_week_operator.py
[2022-05-09 23:41:35,282] {processor.py:652} INFO - DAG(s) dict_keys(['example_weekday_branch_operator']) retrieved from /home/airflow/.local/lib/python3.7/site-packages/airflow/example_dags/example_branch_day_of_week_operator.py
[2022-05-09 23:41:35,319] {logging_mixin.py:109} INFO - [2022-05-09 23:41:35,319] {dag.py:2398} INFO - Sync 1 DAGs
[2022-05-09 23:41:35,344] {logging_mixin.py:109} INFO - [2022-05-09 23:41:35,344] {dag.py:2937} INFO - Setting next_dagrun for example_weekday_branch_operator to 2022-05-08 00:00:00+00:00
[2022-05-09 23:41:35,356] {processor.py:171} INFO - Processing /home/airflow/.local/lib/python3.7/site-packages/airflow/example_dags/example_branch_day_of_week_operator.py took 0.120 seconds
[2022-05-09 23:42:06,542] {processor.py:163} INFO - Started process (PID=182) to work on /home/airflow/.local/lib/python3.7/site-packages/airflow/example_dags/example_branch_day_of_week_operator.py
[2022-05-09 23:42:06,545] {processor.py:642} INFO - Processing file /home/airflow/.local/lib/python3.7/site-packages/airflow/example_dags/example_branch_day_of_week_operator.py for tasks to queue
[2022-05-09 23:42:06,546] {logging_mixin.py:109} INFO - [2022-05-09 23:42:06,546] {dagbag.py:500} INFO - Filling up the DagBag from /home/airflow/.local/lib/python3.7/site-packages/airflow/example_dags/example_branch_day_of_week_operator.py
[2022-05-09 23:42:06,565] {processor.py:652} INFO - DAG(s) dict_keys(['example_weekday_branch_operator']) retrieved from /home/airflow/.local/lib/python3.7/site-packages/airflow/example_dags/example_branch_day_of_week_operator.py
[2022-05-09 23:42:06,586] {logging_mixin.py:109} INFO - [2022-05-09 23:42:06,586] {dag.py:2398} INFO - Sync 1 DAGs
[2022-05-09 23:42:06,606] {logging_mixin.py:109} INFO - [2022-05-09 23:42:06,606] {dag.py:2937} INFO - Setting next_dagrun for example_weekday_branch_operator to 2022-05-08 00:00:00+00:00
[2022-05-09 23:42:06,617] {processor.py:171} INFO - Processing /home/airflow/.local/lib/python3.7/site-packages/airflow/example_dags/example_branch_day_of_week_operator.py took 0.079 seconds
[2022-05-09 23:42:37,303] {processor.py:163} INFO - Started process (PID=235) to work on /home/airflow/.local/lib/python3.7/site-packages/airflow/example_dags/example_branch_day_of_week_operator.py
[2022-05-09 23:42:37,306] {processor.py:642} INFO - Processing file /home/airflow/.local/lib/python3.7/site-packages/airflow/example_dags/example_branch_day_of_week_operator.py for tasks to queue
[2022-05-09 23:42:37,307] {logging_mixin.py:109} INFO - [2022-05-09 23:42:37,307] {dagbag.py:500} INFO - Filling up the DagBag from /home/airflow/.local/lib/python3.7/site-packages/airflow/example_dags/example_branch_day_of_week_operator.py
[2022-05-09 23:42:37,327] {processor.py:652} INFO - DAG(s) dict_keys(['example_weekday_branch_operator']) retrieved from /home/airflow/.local/lib/python3.7/site-packages/airflow/example_dags/example_branch_day_of_week_operator.py
[2022-05-09 23:42:37,351] {logging_mixin.py:109} INFO - [2022-05-09 23:42:37,351] {dag.py:2398} INFO - Sync 1 DAGs
[2022-05-09 23:42:37,370] {logging_mixin.py:109} INFO - [2022-05-09 23:42:37,370] {dag.py:2937} INFO - Setting next_dagrun for example_weekday_branch_operator to 2022-05-08 00:00:00+00:00
[2022-05-09 23:42:37,379] {processor.py:171} INFO - Processing /home/airflow/.local/lib/python3.7/site-packages/airflow/example_dags/example_branch_day_of_week_operator.py took 0.080 seconds
[2022-05-09 23:43:08,475] {processor.py:163} INFO - Started process (PID=296) to work on /home/airflow/.local/lib/python3.7/site-packages/airflow/example_dags/example_branch_day_of_week_operator.py
[2022-05-09 23:43:08,478] {processor.py:642} INFO - Processing file /home/airflow/.local/lib/python3.7/site-packages/airflow/example_dags/example_branch_day_of_week_operator.py for tasks to queue
[2022-05-09 23:43:08,480] {logging_mixin.py:109} INFO - [2022-05-09 23:43:08,479] {dagbag.py:500} INFO - Filling up the DagBag from /home/airflow/.local/lib/python3.7/site-packages/airflow/example_dags/example_branch_day_of_week_operator.py
[2022-05-09 23:43:08,505] {processor.py:652} INFO - DAG(s) dict_keys(['example_weekday_branch_operator']) retrieved from /home/airflow/.local/lib/python3.7/site-packages/airflow/example_dags/example_branch_day_of_week_operator.py
[2022-05-09 23:43:08,530] {logging_mixin.py:109} INFO - [2022-05-09 23:43:08,530] {dag.py:2398} INFO - Sync 1 DAGs
[2022-05-09 23:43:08,553] {logging_mixin.py:109} INFO - [2022-05-09 23:43:08,553] {dag.py:2937} INFO - Setting next_dagrun for example_weekday_branch_operator to 2022-05-08 00:00:00+00:00
[2022-05-09 23:43:08,563] {processor.py:171} INFO - Processing /home/airflow/.local/lib/python3.7/site-packages/airflow/example_dags/example_branch_day_of_week_operator.py took 0.092 seconds
[2022-05-09 23:43:39,342] {processor.py:163} INFO - Started process (PID=348) to work on /home/airflow/.local/lib/python3.7/site-packages/airflow/example_dags/example_branch_day_of_week_operator.py
[2022-05-09 23:43:39,344] {processor.py:642} INFO - Processing file /home/airflow/.local/lib/python3.7/site-packages/airflow/example_dags/example_branch_day_of_week_operator.py for tasks to queue
[2022-05-09 23:43:39,347] {logging_mixin.py:109} INFO - [2022-05-09 23:43:39,347] {dagbag.py:500} INFO - Filling up the DagBag from /home/airflow/.local/lib/python3.7/site-packages/airflow/example_dags/example_branch_day_of_week_operator.py
[2022-05-09 23:43:39,369] {processor.py:652} INFO - DAG(s) dict_keys(['example_weekday_branch_operator']) retrieved from /home/airflow/.local/lib/python3.7/site-packages/airflow/example_dags/example_branch_day_of_week_operator.py
[2022-05-09 23:43:39,393] {logging_mixin.py:109} INFO - [2022-05-09 23:43:39,392] {dag.py:2398} INFO - Sync 1 DAGs
[2022-05-09 23:43:39,414] {logging_mixin.py:109} INFO - [2022-05-09 23:43:39,414] {dag.py:2937} INFO - Setting next_dagrun for example_weekday_branch_operator to 2022-05-08 00:00:00+00:00
[2022-05-09 23:43:39,426] {processor.py:171} INFO - Processing /home/airflow/.local/lib/python3.7/site-packages/airflow/example_dags/example_branch_day_of_week_operator.py took 0.087 seconds
[2022-05-09 23:44:10,284] {processor.py:163} INFO - Started process (PID=411) to work on /home/airflow/.local/lib/python3.7/site-packages/airflow/example_dags/example_branch_day_of_week_operator.py
[2022-05-09 23:44:10,287] {processor.py:642} INFO - Processing file /home/airflow/.local/lib/python3.7/site-packages/airflow/example_dags/example_branch_day_of_week_operator.py for tasks to queue
[2022-05-09 23:44:10,288] {logging_mixin.py:109} INFO - [2022-05-09 23:44:10,288] {dagbag.py:500} INFO - Filling up the DagBag from /home/airflow/.local/lib/python3.7/site-packages/airflow/example_dags/example_branch_day_of_week_operator.py
[2022-05-09 23:44:10,308] {processor.py:652} INFO - DAG(s) dict_keys(['example_weekday_branch_operator']) retrieved from /home/airflow/.local/lib/python3.7/site-packages/airflow/example_dags/example_branch_day_of_week_operator.py
[2022-05-09 23:44:10,330] {logging_mixin.py:109} INFO - [2022-05-09 23:44:10,330] {dag.py:2398} INFO - Sync 1 DAGs
[2022-05-09 23:44:10,350] {logging_mixin.py:109} INFO - [2022-05-09 23:44:10,350] {dag.py:2937} INFO - Setting next_dagrun for example_weekday_branch_operator to 2022-05-08 00:00:00+00:00
[2022-05-09 23:44:10,361] {processor.py:171} INFO - Processing /home/airflow/.local/lib/python3.7/site-packages/airflow/example_dags/example_branch_day_of_week_operator.py took 0.081 seconds
[2022-05-09 23:44:41,068] {processor.py:163} INFO - Started process (PID=465) to work on /home/airflow/.local/lib/python3.7/site-packages/airflow/example_dags/example_branch_day_of_week_operator.py
[2022-05-09 23:44:41,071] {processor.py:642} INFO - Processing file /home/airflow/.local/lib/python3.7/site-packages/airflow/example_dags/example_branch_day_of_week_operator.py for tasks to queue
[2022-05-09 23:44:41,073] {logging_mixin.py:109} INFO - [2022-05-09 23:44:41,073] {dagbag.py:500} INFO - Filling up the DagBag from /home/airflow/.local/lib/python3.7/site-packages/airflow/example_dags/example_branch_day_of_week_operator.py
[2022-05-09 23:44:41,100] {processor.py:652} INFO - DAG(s) dict_keys(['example_weekday_branch_operator']) retrieved from /home/airflow/.local/lib/python3.7/site-packages/airflow/example_dags/example_branch_day_of_week_operator.py
[2022-05-09 23:44:41,125] {logging_mixin.py:109} INFO - [2022-05-09 23:44:41,125] {dag.py:2398} INFO - Sync 1 DAGs
[2022-05-09 23:44:41,149] {logging_mixin.py:109} INFO - [2022-05-09 23:44:41,148] {dag.py:2937} INFO - Setting next_dagrun for example_weekday_branch_operator to 2022-05-08 00:00:00+00:00
[2022-05-09 23:44:41,162] {processor.py:171} INFO - Processing /home/airflow/.local/lib/python3.7/site-packages/airflow/example_dags/example_branch_day_of_week_operator.py took 0.098 seconds
[2022-05-09 23:45:12,230] {processor.py:163} INFO - Started process (PID=530) to work on /home/airflow/.local/lib/python3.7/site-packages/airflow/example_dags/example_branch_day_of_week_operator.py
[2022-05-09 23:45:12,232] {processor.py:642} INFO - Processing file /home/airflow/.local/lib/python3.7/site-packages/airflow/example_dags/example_branch_day_of_week_operator.py for tasks to queue
[2022-05-09 23:45:12,233] {logging_mixin.py:109} INFO - [2022-05-09 23:45:12,233] {dagbag.py:500} INFO - Filling up the DagBag from /home/airflow/.local/lib/python3.7/site-packages/airflow/example_dags/example_branch_day_of_week_operator.py
[2022-05-09 23:45:12,254] {processor.py:652} INFO - DAG(s) dict_keys(['example_weekday_branch_operator']) retrieved from /home/airflow/.local/lib/python3.7/site-packages/airflow/example_dags/example_branch_day_of_week_operator.py
[2022-05-09 23:45:12,277] {logging_mixin.py:109} INFO - [2022-05-09 23:45:12,276] {dag.py:2398} INFO - Sync 1 DAGs
[2022-05-09 23:45:12,296] {logging_mixin.py:109} INFO - [2022-05-09 23:45:12,296] {dag.py:2937} INFO - Setting next_dagrun for example_weekday_branch_operator to 2022-05-08 00:00:00+00:00
[2022-05-09 23:45:12,307] {processor.py:171} INFO - Processing /home/airflow/.local/lib/python3.7/site-packages/airflow/example_dags/example_branch_day_of_week_operator.py took 0.081 seconds
[2022-05-09 23:45:43,374] {processor.py:163} INFO - Started process (PID=594) to work on /home/airflow/.local/lib/python3.7/site-packages/airflow/example_dags/example_branch_day_of_week_operator.py
[2022-05-09 23:45:43,377] {processor.py:642} INFO - Processing file /home/airflow/.local/lib/python3.7/site-packages/airflow/example_dags/example_branch_day_of_week_operator.py for tasks to queue
[2022-05-09 23:45:43,379] {logging_mixin.py:109} INFO - [2022-05-09 23:45:43,378] {dagbag.py:500} INFO - Filling up the DagBag from /home/airflow/.local/lib/python3.7/site-packages/airflow/example_dags/example_branch_day_of_week_operator.py
[2022-05-09 23:45:43,397] {processor.py:652} INFO - DAG(s) dict_keys(['example_weekday_branch_operator']) retrieved from /home/airflow/.local/lib/python3.7/site-packages/airflow/example_dags/example_branch_day_of_week_operator.py
[2022-05-09 23:45:43,417] {logging_mixin.py:109} INFO - [2022-05-09 23:45:43,417] {dag.py:2398} INFO - Sync 1 DAGs
[2022-05-09 23:45:43,441] {logging_mixin.py:109} INFO - [2022-05-09 23:45:43,441] {dag.py:2937} INFO - Setting next_dagrun for example_weekday_branch_operator to 2022-05-08 00:00:00+00:00
[2022-05-09 23:45:43,452] {processor.py:171} INFO - Processing /home/airflow/.local/lib/python3.7/site-packages/airflow/example_dags/example_branch_day_of_week_operator.py took 0.082 seconds
[2022-05-09 23:46:14,340] {processor.py:163} INFO - Started process (PID=646) to work on /home/airflow/.local/lib/python3.7/site-packages/airflow/example_dags/example_branch_day_of_week_operator.py
[2022-05-09 23:46:14,342] {processor.py:642} INFO - Processing file /home/airflow/.local/lib/python3.7/site-packages/airflow/example_dags/example_branch_day_of_week_operator.py for tasks to queue
[2022-05-09 23:46:14,343] {logging_mixin.py:109} INFO - [2022-05-09 23:46:14,343] {dagbag.py:500} INFO - Filling up the DagBag from /home/airflow/.local/lib/python3.7/site-packages/airflow/example_dags/example_branch_day_of_week_operator.py
[2022-05-09 23:46:14,361] {processor.py:652} INFO - DAG(s) dict_keys(['example_weekday_branch_operator']) retrieved from /home/airflow/.local/lib/python3.7/site-packages/airflow/example_dags/example_branch_day_of_week_operator.py
[2022-05-09 23:46:14,383] {logging_mixin.py:109} INFO - [2022-05-09 23:46:14,383] {dag.py:2398} INFO - Sync 1 DAGs
[2022-05-09 23:46:14,402] {logging_mixin.py:109} INFO - [2022-05-09 23:46:14,402] {dag.py:2937} INFO - Setting next_dagrun for example_weekday_branch_operator to 2022-05-08 00:00:00+00:00
[2022-05-09 23:46:14,412] {processor.py:171} INFO - Processing /home/airflow/.local/lib/python3.7/site-packages/airflow/example_dags/example_branch_day_of_week_operator.py took 0.076 seconds
[2022-05-09 23:46:45,129] {processor.py:163} INFO - Started process (PID=709) to work on /home/airflow/.local/lib/python3.7/site-packages/airflow/example_dags/example_branch_day_of_week_operator.py
[2022-05-09 23:46:45,131] {processor.py:642} INFO - Processing file /home/airflow/.local/lib/python3.7/site-packages/airflow/example_dags/example_branch_day_of_week_operator.py for tasks to queue
[2022-05-09 23:46:45,133] {logging_mixin.py:109} INFO - [2022-05-09 23:46:45,133] {dagbag.py:500} INFO - Filling up the DagBag from /home/airflow/.local/lib/python3.7/site-packages/airflow/example_dags/example_branch_day_of_week_operator.py
[2022-05-09 23:46:45,153] {processor.py:652} INFO - DAG(s) dict_keys(['example_weekday_branch_operator']) retrieved from /home/airflow/.local/lib/python3.7/site-packages/airflow/example_dags/example_branch_day_of_week_operator.py
[2022-05-09 23:46:45,177] {logging_mixin.py:109} INFO - [2022-05-09 23:46:45,177] {dag.py:2398} INFO - Sync 1 DAGs
[2022-05-09 23:46:45,197] {logging_mixin.py:109} INFO - [2022-05-09 23:46:45,197] {dag.py:2937} INFO - Setting next_dagrun for example_weekday_branch_operator to 2022-05-08 00:00:00+00:00
[2022-05-09 23:46:45,208] {processor.py:171} INFO - Processing /home/airflow/.local/lib/python3.7/site-packages/airflow/example_dags/example_branch_day_of_week_operator.py took 0.084 seconds
[2022-05-09 23:47:16,071] {processor.py:163} INFO - Started process (PID=760) to work on /home/airflow/.local/lib/python3.7/site-packages/airflow/example_dags/example_branch_day_of_week_operator.py
[2022-05-09 23:47:16,074] {processor.py:642} INFO - Processing file /home/airflow/.local/lib/python3.7/site-packages/airflow/example_dags/example_branch_day_of_week_operator.py for tasks to queue
[2022-05-09 23:47:16,076] {logging_mixin.py:109} INFO - [2022-05-09 23:47:16,076] {dagbag.py:500} INFO - Filling up the DagBag from /home/airflow/.local/lib/python3.7/site-packages/airflow/example_dags/example_branch_day_of_week_operator.py
[2022-05-09 23:47:16,095] {processor.py:652} INFO - DAG(s) dict_keys(['example_weekday_branch_operator']) retrieved from /home/airflow/.local/lib/python3.7/site-packages/airflow/example_dags/example_branch_day_of_week_operator.py
[2022-05-09 23:47:16,119] {logging_mixin.py:109} INFO - [2022-05-09 23:47:16,119] {dag.py:2398} INFO - Sync 1 DAGs
[2022-05-09 23:47:16,141] {logging_mixin.py:109} INFO - [2022-05-09 23:47:16,141] {dag.py:2937} INFO - Setting next_dagrun for example_weekday_branch_operator to 2022-05-08 00:00:00+00:00
[2022-05-09 23:47:16,153] {processor.py:171} INFO - Processing /home/airflow/.local/lib/python3.7/site-packages/airflow/example_dags/example_branch_day_of_week_operator.py took 0.086 seconds
[2022-05-09 23:47:46,853] {processor.py:163} INFO - Started process (PID=820) to work on /home/airflow/.local/lib/python3.7/site-packages/airflow/example_dags/example_branch_day_of_week_operator.py
[2022-05-09 23:47:46,855] {processor.py:642} INFO - Processing file /home/airflow/.local/lib/python3.7/site-packages/airflow/example_dags/example_branch_day_of_week_operator.py for tasks to queue
[2022-05-09 23:47:46,856] {logging_mixin.py:109} INFO - [2022-05-09 23:47:46,856] {dagbag.py:500} INFO - Filling up the DagBag from /home/airflow/.local/lib/python3.7/site-packages/airflow/example_dags/example_branch_day_of_week_operator.py
[2022-05-09 23:47:46,876] {processor.py:652} INFO - DAG(s) dict_keys(['example_weekday_branch_operator']) retrieved from /home/airflow/.local/lib/python3.7/site-packages/airflow/example_dags/example_branch_day_of_week_operator.py
[2022-05-09 23:47:46,898] {logging_mixin.py:109} INFO - [2022-05-09 23:47:46,898] {dag.py:2398} INFO - Sync 1 DAGs
[2022-05-09 23:47:46,918] {logging_mixin.py:109} INFO - [2022-05-09 23:47:46,918] {dag.py:2937} INFO - Setting next_dagrun for example_weekday_branch_operator to 2022-05-08 00:00:00+00:00
[2022-05-09 23:47:46,929] {processor.py:171} INFO - Processing /home/airflow/.local/lib/python3.7/site-packages/airflow/example_dags/example_branch_day_of_week_operator.py took 0.081 seconds
[2022-05-09 23:48:17,342] {processor.py:163} INFO - Started process (PID=871) to work on /home/airflow/.local/lib/python3.7/site-packages/airflow/example_dags/example_branch_day_of_week_operator.py
[2022-05-09 23:48:17,345] {processor.py:642} INFO - Processing file /home/airflow/.local/lib/python3.7/site-packages/airflow/example_dags/example_branch_day_of_week_operator.py for tasks to queue
[2022-05-09 23:48:17,346] {logging_mixin.py:109} INFO - [2022-05-09 23:48:17,346] {dagbag.py:500} INFO - Filling up the DagBag from /home/airflow/.local/lib/python3.7/site-packages/airflow/example_dags/example_branch_day_of_week_operator.py
[2022-05-09 23:48:17,370] {processor.py:652} INFO - DAG(s) dict_keys(['example_weekday_branch_operator']) retrieved from /home/airflow/.local/lib/python3.7/site-packages/airflow/example_dags/example_branch_day_of_week_operator.py
[2022-05-09 23:48:17,399] {logging_mixin.py:109} INFO - [2022-05-09 23:48:17,399] {dag.py:2398} INFO - Sync 1 DAGs
[2022-05-09 23:48:17,419] {logging_mixin.py:109} INFO - [2022-05-09 23:48:17,419] {dag.py:2937} INFO - Setting next_dagrun for example_weekday_branch_operator to 2022-05-08 00:00:00+00:00
[2022-05-09 23:48:17,430] {processor.py:171} INFO - Processing /home/airflow/.local/lib/python3.7/site-packages/airflow/example_dags/example_branch_day_of_week_operator.py took 0.092 seconds
[2022-05-09 23:48:48,416] {processor.py:163} INFO - Started process (PID=935) to work on /home/airflow/.local/lib/python3.7/site-packages/airflow/example_dags/example_branch_day_of_week_operator.py
[2022-05-09 23:48:48,421] {processor.py:642} INFO - Processing file /home/airflow/.local/lib/python3.7/site-packages/airflow/example_dags/example_branch_day_of_week_operator.py for tasks to queue
[2022-05-09 23:48:48,424] {logging_mixin.py:109} INFO - [2022-05-09 23:48:48,424] {dagbag.py:500} INFO - Filling up the DagBag from /home/airflow/.local/lib/python3.7/site-packages/airflow/example_dags/example_branch_day_of_week_operator.py
[2022-05-09 23:48:48,445] {processor.py:652} INFO - DAG(s) dict_keys(['example_weekday_branch_operator']) retrieved from /home/airflow/.local/lib/python3.7/site-packages/airflow/example_dags/example_branch_day_of_week_operator.py
[2022-05-09 23:48:48,468] {logging_mixin.py:109} INFO - [2022-05-09 23:48:48,468] {dag.py:2398} INFO - Sync 1 DAGs
[2022-05-09 23:48:48,488] {logging_mixin.py:109} INFO - [2022-05-09 23:48:48,488] {dag.py:2937} INFO - Setting next_dagrun for example_weekday_branch_operator to 2022-05-08 00:00:00+00:00
[2022-05-09 23:48:48,498] {processor.py:171} INFO - Processing /home/airflow/.local/lib/python3.7/site-packages/airflow/example_dags/example_branch_day_of_week_operator.py took 0.086 seconds
[2022-05-09 23:49:18,967] {processor.py:163} INFO - Started process (PID=994) to work on /home/airflow/.local/lib/python3.7/site-packages/airflow/example_dags/example_branch_day_of_week_operator.py
[2022-05-09 23:49:18,969] {processor.py:642} INFO - Processing file /home/airflow/.local/lib/python3.7/site-packages/airflow/example_dags/example_branch_day_of_week_operator.py for tasks to queue
[2022-05-09 23:49:18,971] {logging_mixin.py:109} INFO - [2022-05-09 23:49:18,971] {dagbag.py:500} INFO - Filling up the DagBag from /home/airflow/.local/lib/python3.7/site-packages/airflow/example_dags/example_branch_day_of_week_operator.py
[2022-05-09 23:49:18,991] {processor.py:652} INFO - DAG(s) dict_keys(['example_weekday_branch_operator']) retrieved from /home/airflow/.local/lib/python3.7/site-packages/airflow/example_dags/example_branch_day_of_week_operator.py
[2022-05-09 23:49:19,014] {logging_mixin.py:109} INFO - [2022-05-09 23:49:19,014] {dag.py:2398} INFO - Sync 1 DAGs
[2022-05-09 23:49:19,046] {logging_mixin.py:109} INFO - [2022-05-09 23:49:19,046] {dag.py:2937} INFO - Setting next_dagrun for example_weekday_branch_operator to 2022-05-08 00:00:00+00:00
[2022-05-09 23:49:19,060] {processor.py:171} INFO - Processing /home/airflow/.local/lib/python3.7/site-packages/airflow/example_dags/example_branch_day_of_week_operator.py took 0.098 seconds
[2022-05-09 23:49:49,740] {processor.py:163} INFO - Started process (PID=1048) to work on /home/airflow/.local/lib/python3.7/site-packages/airflow/example_dags/example_branch_day_of_week_operator.py
[2022-05-09 23:49:49,742] {processor.py:642} INFO - Processing file /home/airflow/.local/lib/python3.7/site-packages/airflow/example_dags/example_branch_day_of_week_operator.py for tasks to queue
[2022-05-09 23:49:49,744] {logging_mixin.py:109} INFO - [2022-05-09 23:49:49,744] {dagbag.py:500} INFO - Filling up the DagBag from /home/airflow/.local/lib/python3.7/site-packages/airflow/example_dags/example_branch_day_of_week_operator.py
[2022-05-09 23:49:49,762] {processor.py:652} INFO - DAG(s) dict_keys(['example_weekday_branch_operator']) retrieved from /home/airflow/.local/lib/python3.7/site-packages/airflow/example_dags/example_branch_day_of_week_operator.py
[2022-05-09 23:49:49,783] {logging_mixin.py:109} INFO - [2022-05-09 23:49:49,783] {dag.py:2398} INFO - Sync 1 DAGs
[2022-05-09 23:49:49,803] {logging_mixin.py:109} INFO - [2022-05-09 23:49:49,803] {dag.py:2937} INFO - Setting next_dagrun for example_weekday_branch_operator to 2022-05-08 00:00:00+00:00
[2022-05-09 23:49:49,813] {processor.py:171} INFO - Processing /home/airflow/.local/lib/python3.7/site-packages/airflow/example_dags/example_branch_day_of_week_operator.py took 0.077 seconds
[2022-05-09 23:50:20,428] {processor.py:163} INFO - Started process (PID=1108) to work on /home/airflow/.local/lib/python3.7/site-packages/airflow/example_dags/example_branch_day_of_week_operator.py
[2022-05-09 23:50:20,431] {processor.py:642} INFO - Processing file /home/airflow/.local/lib/python3.7/site-packages/airflow/example_dags/example_branch_day_of_week_operator.py for tasks to queue
[2022-05-09 23:50:20,432] {logging_mixin.py:109} INFO - [2022-05-09 23:50:20,432] {dagbag.py:500} INFO - Filling up the DagBag from /home/airflow/.local/lib/python3.7/site-packages/airflow/example_dags/example_branch_day_of_week_operator.py
[2022-05-09 23:50:20,448] {processor.py:652} INFO - DAG(s) dict_keys(['example_weekday_branch_operator']) retrieved from /home/airflow/.local/lib/python3.7/site-packages/airflow/example_dags/example_branch_day_of_week_operator.py
[2022-05-09 23:50:20,469] {logging_mixin.py:109} INFO - [2022-05-09 23:50:20,469] {dag.py:2398} INFO - Sync 1 DAGs
[2022-05-09 23:50:20,487] {logging_mixin.py:109} INFO - [2022-05-09 23:50:20,487] {dag.py:2937} INFO - Setting next_dagrun for example_weekday_branch_operator to 2022-05-08 00:00:00+00:00
[2022-05-09 23:50:20,496] {processor.py:171} INFO - Processing /home/airflow/.local/lib/python3.7/site-packages/airflow/example_dags/example_branch_day_of_week_operator.py took 0.071 seconds
[2022-05-09 23:50:50,997] {processor.py:163} INFO - Started process (PID=1161) to work on /home/airflow/.local/lib/python3.7/site-packages/airflow/example_dags/example_branch_day_of_week_operator.py
[2022-05-09 23:50:50,998] {processor.py:642} INFO - Processing file /home/airflow/.local/lib/python3.7/site-packages/airflow/example_dags/example_branch_day_of_week_operator.py for tasks to queue
[2022-05-09 23:50:50,999] {logging_mixin.py:109} INFO - [2022-05-09 23:50:50,999] {dagbag.py:500} INFO - Filling up the DagBag from /home/airflow/.local/lib/python3.7/site-packages/airflow/example_dags/example_branch_day_of_week_operator.py
[2022-05-09 23:50:51,017] {processor.py:652} INFO - DAG(s) dict_keys(['example_weekday_branch_operator']) retrieved from /home/airflow/.local/lib/python3.7/site-packages/airflow/example_dags/example_branch_day_of_week_operator.py
[2022-05-09 23:50:51,038] {logging_mixin.py:109} INFO - [2022-05-09 23:50:51,038] {dag.py:2398} INFO - Sync 1 DAGs
[2022-05-09 23:50:51,058] {logging_mixin.py:109} INFO - [2022-05-09 23:50:51,058] {dag.py:2937} INFO - Setting next_dagrun for example_weekday_branch_operator to 2022-05-08 00:00:00+00:00
[2022-05-09 23:50:51,069] {processor.py:171} INFO - Processing /home/airflow/.local/lib/python3.7/site-packages/airflow/example_dags/example_branch_day_of_week_operator.py took 0.076 seconds
[2022-05-09 23:51:21,561] {processor.py:163} INFO - Started process (PID=1221) to work on /home/airflow/.local/lib/python3.7/site-packages/airflow/example_dags/example_branch_day_of_week_operator.py
[2022-05-09 23:51:21,563] {processor.py:642} INFO - Processing file /home/airflow/.local/lib/python3.7/site-packages/airflow/example_dags/example_branch_day_of_week_operator.py for tasks to queue
[2022-05-09 23:51:21,564] {logging_mixin.py:109} INFO - [2022-05-09 23:51:21,564] {dagbag.py:500} INFO - Filling up the DagBag from /home/airflow/.local/lib/python3.7/site-packages/airflow/example_dags/example_branch_day_of_week_operator.py
[2022-05-09 23:51:21,583] {processor.py:652} INFO - DAG(s) dict_keys(['example_weekday_branch_operator']) retrieved from /home/airflow/.local/lib/python3.7/site-packages/airflow/example_dags/example_branch_day_of_week_operator.py
[2022-05-09 23:51:21,607] {logging_mixin.py:109} INFO - [2022-05-09 23:51:21,606] {dag.py:2398} INFO - Sync 1 DAGs
[2022-05-09 23:51:21,625] {logging_mixin.py:109} INFO - [2022-05-09 23:51:21,625] {dag.py:2937} INFO - Setting next_dagrun for example_weekday_branch_operator to 2022-05-08 00:00:00+00:00
[2022-05-09 23:51:21,635] {processor.py:171} INFO - Processing /home/airflow/.local/lib/python3.7/site-packages/airflow/example_dags/example_branch_day_of_week_operator.py took 0.078 seconds
[2022-05-09 23:51:52,174] {processor.py:163} INFO - Started process (PID=1272) to work on /home/airflow/.local/lib/python3.7/site-packages/airflow/example_dags/example_branch_day_of_week_operator.py
[2022-05-09 23:51:52,176] {processor.py:642} INFO - Processing file /home/airflow/.local/lib/python3.7/site-packages/airflow/example_dags/example_branch_day_of_week_operator.py for tasks to queue
[2022-05-09 23:51:52,178] {logging_mixin.py:109} INFO - [2022-05-09 23:51:52,178] {dagbag.py:500} INFO - Filling up the DagBag from /home/airflow/.local/lib/python3.7/site-packages/airflow/example_dags/example_branch_day_of_week_operator.py
[2022-05-09 23:51:52,198] {processor.py:652} INFO - DAG(s) dict_keys(['example_weekday_branch_operator']) retrieved from /home/airflow/.local/lib/python3.7/site-packages/airflow/example_dags/example_branch_day_of_week_operator.py
[2022-05-09 23:51:52,222] {logging_mixin.py:109} INFO - [2022-05-09 23:51:52,222] {dag.py:2398} INFO - Sync 1 DAGs
[2022-05-09 23:51:52,244] {logging_mixin.py:109} INFO - [2022-05-09 23:51:52,244] {dag.py:2937} INFO - Setting next_dagrun for example_weekday_branch_operator to 2022-05-08 00:00:00+00:00
[2022-05-09 23:51:52,255] {processor.py:171} INFO - Processing /home/airflow/.local/lib/python3.7/site-packages/airflow/example_dags/example_branch_day_of_week_operator.py took 0.084 seconds
[2022-05-09 23:52:22,786] {processor.py:163} INFO - Started process (PID=1333) to work on /home/airflow/.local/lib/python3.7/site-packages/airflow/example_dags/example_branch_day_of_week_operator.py
[2022-05-09 23:52:22,789] {processor.py:642} INFO - Processing file /home/airflow/.local/lib/python3.7/site-packages/airflow/example_dags/example_branch_day_of_week_operator.py for tasks to queue
[2022-05-09 23:52:22,790] {logging_mixin.py:109} INFO - [2022-05-09 23:52:22,790] {dagbag.py:500} INFO - Filling up the DagBag from /home/airflow/.local/lib/python3.7/site-packages/airflow/example_dags/example_branch_day_of_week_operator.py
[2022-05-09 23:52:22,811] {processor.py:652} INFO - DAG(s) dict_keys(['example_weekday_branch_operator']) retrieved from /home/airflow/.local/lib/python3.7/site-packages/airflow/example_dags/example_branch_day_of_week_operator.py
[2022-05-09 23:52:22,838] {logging_mixin.py:109} INFO - [2022-05-09 23:52:22,838] {dag.py:2398} INFO - Sync 1 DAGs
[2022-05-09 23:52:22,863] {logging_mixin.py:109} INFO - [2022-05-09 23:52:22,863] {dag.py:2937} INFO - Setting next_dagrun for example_weekday_branch_operator to 2022-05-08 00:00:00+00:00
[2022-05-09 23:52:22,874] {processor.py:171} INFO - Processing /home/airflow/.local/lib/python3.7/site-packages/airflow/example_dags/example_branch_day_of_week_operator.py took 0.092 seconds
[2022-05-09 23:52:53,459] {processor.py:163} INFO - Started process (PID=1394) to work on /home/airflow/.local/lib/python3.7/site-packages/airflow/example_dags/example_branch_day_of_week_operator.py
[2022-05-09 23:52:53,461] {processor.py:642} INFO - Processing file /home/airflow/.local/lib/python3.7/site-packages/airflow/example_dags/example_branch_day_of_week_operator.py for tasks to queue
[2022-05-09 23:52:53,462] {logging_mixin.py:109} INFO - [2022-05-09 23:52:53,462] {dagbag.py:500} INFO - Filling up the DagBag from /home/airflow/.local/lib/python3.7/site-packages/airflow/example_dags/example_branch_day_of_week_operator.py
[2022-05-09 23:52:53,483] {processor.py:652} INFO - DAG(s) dict_keys(['example_weekday_branch_operator']) retrieved from /home/airflow/.local/lib/python3.7/site-packages/airflow/example_dags/example_branch_day_of_week_operator.py
[2022-05-09 23:52:53,508] {logging_mixin.py:109} INFO - [2022-05-09 23:52:53,507] {dag.py:2398} INFO - Sync 1 DAGs
[2022-05-09 23:52:53,530] {logging_mixin.py:109} INFO - [2022-05-09 23:52:53,530] {dag.py:2937} INFO - Setting next_dagrun for example_weekday_branch_operator to 2022-05-08 00:00:00+00:00
[2022-05-09 23:52:53,541] {processor.py:171} INFO - Processing /home/airflow/.local/lib/python3.7/site-packages/airflow/example_dags/example_branch_day_of_week_operator.py took 0.087 seconds
[2022-05-09 23:53:24,284] {processor.py:163} INFO - Started process (PID=1447) to work on /home/airflow/.local/lib/python3.7/site-packages/airflow/example_dags/example_branch_day_of_week_operator.py
[2022-05-09 23:53:24,287] {processor.py:642} INFO - Processing file /home/airflow/.local/lib/python3.7/site-packages/airflow/example_dags/example_branch_day_of_week_operator.py for tasks to queue
[2022-05-09 23:53:24,288] {logging_mixin.py:109} INFO - [2022-05-09 23:53:24,288] {dagbag.py:500} INFO - Filling up the DagBag from /home/airflow/.local/lib/python3.7/site-packages/airflow/example_dags/example_branch_day_of_week_operator.py
[2022-05-09 23:53:24,307] {processor.py:652} INFO - DAG(s) dict_keys(['example_weekday_branch_operator']) retrieved from /home/airflow/.local/lib/python3.7/site-packages/airflow/example_dags/example_branch_day_of_week_operator.py
[2022-05-09 23:53:24,334] {logging_mixin.py:109} INFO - [2022-05-09 23:53:24,333] {dag.py:2398} INFO - Sync 1 DAGs
[2022-05-09 23:53:24,354] {logging_mixin.py:109} INFO - [2022-05-09 23:53:24,354] {dag.py:2937} INFO - Setting next_dagrun for example_weekday_branch_operator to 2022-05-08 00:00:00+00:00
[2022-05-09 23:53:24,365] {processor.py:171} INFO - Processing /home/airflow/.local/lib/python3.7/site-packages/airflow/example_dags/example_branch_day_of_week_operator.py took 0.085 seconds
[2022-05-09 23:53:54,792] {processor.py:163} INFO - Started process (PID=1507) to work on /home/airflow/.local/lib/python3.7/site-packages/airflow/example_dags/example_branch_day_of_week_operator.py
[2022-05-09 23:53:54,794] {processor.py:642} INFO - Processing file /home/airflow/.local/lib/python3.7/site-packages/airflow/example_dags/example_branch_day_of_week_operator.py for tasks to queue
[2022-05-09 23:53:54,796] {logging_mixin.py:109} INFO - [2022-05-09 23:53:54,796] {dagbag.py:500} INFO - Filling up the DagBag from /home/airflow/.local/lib/python3.7/site-packages/airflow/example_dags/example_branch_day_of_week_operator.py
[2022-05-09 23:53:54,814] {processor.py:652} INFO - DAG(s) dict_keys(['example_weekday_branch_operator']) retrieved from /home/airflow/.local/lib/python3.7/site-packages/airflow/example_dags/example_branch_day_of_week_operator.py
[2022-05-09 23:53:54,836] {logging_mixin.py:109} INFO - [2022-05-09 23:53:54,836] {dag.py:2398} INFO - Sync 1 DAGs
[2022-05-09 23:53:54,863] {logging_mixin.py:109} INFO - [2022-05-09 23:53:54,863] {dag.py:2937} INFO - Setting next_dagrun for example_weekday_branch_operator to 2022-05-08 00:00:00+00:00
[2022-05-09 23:53:54,873] {processor.py:171} INFO - Processing /home/airflow/.local/lib/python3.7/site-packages/airflow/example_dags/example_branch_day_of_week_operator.py took 0.086 seconds
[2022-05-09 23:54:25,366] {processor.py:163} INFO - Started process (PID=1558) to work on /home/airflow/.local/lib/python3.7/site-packages/airflow/example_dags/example_branch_day_of_week_operator.py
[2022-05-09 23:54:25,368] {processor.py:642} INFO - Processing file /home/airflow/.local/lib/python3.7/site-packages/airflow/example_dags/example_branch_day_of_week_operator.py for tasks to queue
[2022-05-09 23:54:25,369] {logging_mixin.py:109} INFO - [2022-05-09 23:54:25,369] {dagbag.py:500} INFO - Filling up the DagBag from /home/airflow/.local/lib/python3.7/site-packages/airflow/example_dags/example_branch_day_of_week_operator.py
[2022-05-09 23:54:25,388] {processor.py:652} INFO - DAG(s) dict_keys(['example_weekday_branch_operator']) retrieved from /home/airflow/.local/lib/python3.7/site-packages/airflow/example_dags/example_branch_day_of_week_operator.py
[2022-05-09 23:54:25,418] {logging_mixin.py:109} INFO - [2022-05-09 23:54:25,418] {dag.py:2398} INFO - Sync 1 DAGs
[2022-05-09 23:54:25,440] {logging_mixin.py:109} INFO - [2022-05-09 23:54:25,440] {dag.py:2937} INFO - Setting next_dagrun for example_weekday_branch_operator to 2022-05-08 00:00:00+00:00
[2022-05-09 23:54:25,451] {processor.py:171} INFO - Processing /home/airflow/.local/lib/python3.7/site-packages/airflow/example_dags/example_branch_day_of_week_operator.py took 0.089 seconds
[2022-05-09 23:54:55,934] {processor.py:163} INFO - Started process (PID=1619) to work on /home/airflow/.local/lib/python3.7/site-packages/airflow/example_dags/example_branch_day_of_week_operator.py
[2022-05-09 23:54:55,937] {processor.py:642} INFO - Processing file /home/airflow/.local/lib/python3.7/site-packages/airflow/example_dags/example_branch_day_of_week_operator.py for tasks to queue
[2022-05-09 23:54:55,938] {logging_mixin.py:109} INFO - [2022-05-09 23:54:55,938] {dagbag.py:500} INFO - Filling up the DagBag from /home/airflow/.local/lib/python3.7/site-packages/airflow/example_dags/example_branch_day_of_week_operator.py
[2022-05-09 23:54:55,956] {processor.py:652} INFO - DAG(s) dict_keys(['example_weekday_branch_operator']) retrieved from /home/airflow/.local/lib/python3.7/site-packages/airflow/example_dags/example_branch_day_of_week_operator.py
[2022-05-09 23:54:55,976] {logging_mixin.py:109} INFO - [2022-05-09 23:54:55,976] {dag.py:2398} INFO - Sync 1 DAGs
[2022-05-09 23:54:55,995] {logging_mixin.py:109} INFO - [2022-05-09 23:54:55,995] {dag.py:2937} INFO - Setting next_dagrun for example_weekday_branch_operator to 2022-05-08 00:00:00+00:00
[2022-05-09 23:54:56,006] {processor.py:171} INFO - Processing /home/airflow/.local/lib/python3.7/site-packages/airflow/example_dags/example_branch_day_of_week_operator.py took 0.076 seconds
[2022-05-09 23:55:26,393] {processor.py:163} INFO - Started process (PID=1670) to work on /home/airflow/.local/lib/python3.7/site-packages/airflow/example_dags/example_branch_day_of_week_operator.py
[2022-05-09 23:55:26,395] {processor.py:642} INFO - Processing file /home/airflow/.local/lib/python3.7/site-packages/airflow/example_dags/example_branch_day_of_week_operator.py for tasks to queue
[2022-05-09 23:55:26,397] {logging_mixin.py:109} INFO - [2022-05-09 23:55:26,396] {dagbag.py:500} INFO - Filling up the DagBag from /home/airflow/.local/lib/python3.7/site-packages/airflow/example_dags/example_branch_day_of_week_operator.py
[2022-05-09 23:55:26,415] {processor.py:652} INFO - DAG(s) dict_keys(['example_weekday_branch_operator']) retrieved from /home/airflow/.local/lib/python3.7/site-packages/airflow/example_dags/example_branch_day_of_week_operator.py
[2022-05-09 23:55:26,439] {logging_mixin.py:109} INFO - [2022-05-09 23:55:26,439] {dag.py:2398} INFO - Sync 1 DAGs
[2022-05-09 23:55:26,461] {logging_mixin.py:109} INFO - [2022-05-09 23:55:26,461] {dag.py:2937} INFO - Setting next_dagrun for example_weekday_branch_operator to 2022-05-08 00:00:00+00:00
[2022-05-09 23:55:26,474] {processor.py:171} INFO - Processing /home/airflow/.local/lib/python3.7/site-packages/airflow/example_dags/example_branch_day_of_week_operator.py took 0.085 seconds
[2022-05-09 23:55:57,103] {processor.py:163} INFO - Started process (PID=1731) to work on /home/airflow/.local/lib/python3.7/site-packages/airflow/example_dags/example_branch_day_of_week_operator.py
[2022-05-09 23:55:57,105] {processor.py:642} INFO - Processing file /home/airflow/.local/lib/python3.7/site-packages/airflow/example_dags/example_branch_day_of_week_operator.py for tasks to queue
[2022-05-09 23:55:57,106] {logging_mixin.py:109} INFO - [2022-05-09 23:55:57,106] {dagbag.py:500} INFO - Filling up the DagBag from /home/airflow/.local/lib/python3.7/site-packages/airflow/example_dags/example_branch_day_of_week_operator.py
[2022-05-09 23:55:57,124] {processor.py:652} INFO - DAG(s) dict_keys(['example_weekday_branch_operator']) retrieved from /home/airflow/.local/lib/python3.7/site-packages/airflow/example_dags/example_branch_day_of_week_operator.py
[2022-05-09 23:55:57,145] {logging_mixin.py:109} INFO - [2022-05-09 23:55:57,145] {dag.py:2398} INFO - Sync 1 DAGs
[2022-05-09 23:55:57,163] {logging_mixin.py:109} INFO - [2022-05-09 23:55:57,163] {dag.py:2937} INFO - Setting next_dagrun for example_weekday_branch_operator to 2022-05-08 00:00:00+00:00
[2022-05-09 23:55:57,174] {processor.py:171} INFO - Processing /home/airflow/.local/lib/python3.7/site-packages/airflow/example_dags/example_branch_day_of_week_operator.py took 0.074 seconds
[2022-05-09 23:56:27,925] {processor.py:163} INFO - Started process (PID=1792) to work on /home/airflow/.local/lib/python3.7/site-packages/airflow/example_dags/example_branch_day_of_week_operator.py
[2022-05-09 23:56:27,928] {processor.py:642} INFO - Processing file /home/airflow/.local/lib/python3.7/site-packages/airflow/example_dags/example_branch_day_of_week_operator.py for tasks to queue
[2022-05-09 23:56:27,930] {logging_mixin.py:109} INFO - [2022-05-09 23:56:27,930] {dagbag.py:500} INFO - Filling up the DagBag from /home/airflow/.local/lib/python3.7/site-packages/airflow/example_dags/example_branch_day_of_week_operator.py
[2022-05-09 23:56:27,949] {processor.py:652} INFO - DAG(s) dict_keys(['example_weekday_branch_operator']) retrieved from /home/airflow/.local/lib/python3.7/site-packages/airflow/example_dags/example_branch_day_of_week_operator.py
[2022-05-09 23:56:27,972] {logging_mixin.py:109} INFO - [2022-05-09 23:56:27,972] {dag.py:2398} INFO - Sync 1 DAGs
[2022-05-09 23:56:27,991] {logging_mixin.py:109} INFO - [2022-05-09 23:56:27,991] {dag.py:2937} INFO - Setting next_dagrun for example_weekday_branch_operator to 2022-05-08 00:00:00+00:00
[2022-05-09 23:56:28,002] {processor.py:171} INFO - Processing /home/airflow/.local/lib/python3.7/site-packages/airflow/example_dags/example_branch_day_of_week_operator.py took 0.081 seconds
[2022-05-09 23:56:58,660] {processor.py:163} INFO - Started process (PID=1844) to work on /home/airflow/.local/lib/python3.7/site-packages/airflow/example_dags/example_branch_day_of_week_operator.py
[2022-05-09 23:56:58,661] {processor.py:642} INFO - Processing file /home/airflow/.local/lib/python3.7/site-packages/airflow/example_dags/example_branch_day_of_week_operator.py for tasks to queue
[2022-05-09 23:56:58,663] {logging_mixin.py:109} INFO - [2022-05-09 23:56:58,662] {dagbag.py:500} INFO - Filling up the DagBag from /home/airflow/.local/lib/python3.7/site-packages/airflow/example_dags/example_branch_day_of_week_operator.py
[2022-05-09 23:56:58,685] {processor.py:652} INFO - DAG(s) dict_keys(['example_weekday_branch_operator']) retrieved from /home/airflow/.local/lib/python3.7/site-packages/airflow/example_dags/example_branch_day_of_week_operator.py
[2022-05-09 23:56:58,705] {logging_mixin.py:109} INFO - [2022-05-09 23:56:58,705] {dag.py:2398} INFO - Sync 1 DAGs
[2022-05-09 23:56:58,726] {logging_mixin.py:109} INFO - [2022-05-09 23:56:58,725] {dag.py:2937} INFO - Setting next_dagrun for example_weekday_branch_operator to 2022-05-08 00:00:00+00:00
[2022-05-09 23:56:58,736] {processor.py:171} INFO - Processing /home/airflow/.local/lib/python3.7/site-packages/airflow/example_dags/example_branch_day_of_week_operator.py took 0.081 seconds
[2022-05-09 23:57:29,309] {processor.py:163} INFO - Started process (PID=1907) to work on /home/airflow/.local/lib/python3.7/site-packages/airflow/example_dags/example_branch_day_of_week_operator.py
[2022-05-09 23:57:29,311] {processor.py:642} INFO - Processing file /home/airflow/.local/lib/python3.7/site-packages/airflow/example_dags/example_branch_day_of_week_operator.py for tasks to queue
[2022-05-09 23:57:29,313] {logging_mixin.py:109} INFO - [2022-05-09 23:57:29,313] {dagbag.py:500} INFO - Filling up the DagBag from /home/airflow/.local/lib/python3.7/site-packages/airflow/example_dags/example_branch_day_of_week_operator.py
[2022-05-09 23:57:29,332] {processor.py:652} INFO - DAG(s) dict_keys(['example_weekday_branch_operator']) retrieved from /home/airflow/.local/lib/python3.7/site-packages/airflow/example_dags/example_branch_day_of_week_operator.py
[2022-05-09 23:57:29,357] {logging_mixin.py:109} INFO - [2022-05-09 23:57:29,357] {dag.py:2398} INFO - Sync 1 DAGs
[2022-05-09 23:57:29,379] {logging_mixin.py:109} INFO - [2022-05-09 23:57:29,379] {dag.py:2937} INFO - Setting next_dagrun for example_weekday_branch_operator to 2022-05-08 00:00:00+00:00
[2022-05-09 23:57:29,391] {processor.py:171} INFO - Processing /home/airflow/.local/lib/python3.7/site-packages/airflow/example_dags/example_branch_day_of_week_operator.py took 0.085 seconds
[2022-05-09 23:57:59,874] {processor.py:163} INFO - Started process (PID=1958) to work on /home/airflow/.local/lib/python3.7/site-packages/airflow/example_dags/example_branch_day_of_week_operator.py
[2022-05-09 23:57:59,876] {processor.py:642} INFO - Processing file /home/airflow/.local/lib/python3.7/site-packages/airflow/example_dags/example_branch_day_of_week_operator.py for tasks to queue
[2022-05-09 23:57:59,878] {logging_mixin.py:109} INFO - [2022-05-09 23:57:59,877] {dagbag.py:500} INFO - Filling up the DagBag from /home/airflow/.local/lib/python3.7/site-packages/airflow/example_dags/example_branch_day_of_week_operator.py
[2022-05-09 23:57:59,895] {processor.py:652} INFO - DAG(s) dict_keys(['example_weekday_branch_operator']) retrieved from /home/airflow/.local/lib/python3.7/site-packages/airflow/example_dags/example_branch_day_of_week_operator.py
[2022-05-09 23:57:59,920] {logging_mixin.py:109} INFO - [2022-05-09 23:57:59,920] {dag.py:2398} INFO - Sync 1 DAGs
[2022-05-09 23:57:59,940] {logging_mixin.py:109} INFO - [2022-05-09 23:57:59,940] {dag.py:2937} INFO - Setting next_dagrun for example_weekday_branch_operator to 2022-05-08 00:00:00+00:00
[2022-05-09 23:57:59,949] {processor.py:171} INFO - Processing /home/airflow/.local/lib/python3.7/site-packages/airflow/example_dags/example_branch_day_of_week_operator.py took 0.080 seconds
[2022-05-09 23:58:30,645] {processor.py:163} INFO - Started process (PID=2020) to work on /home/airflow/.local/lib/python3.7/site-packages/airflow/example_dags/example_branch_day_of_week_operator.py
[2022-05-09 23:58:30,647] {processor.py:642} INFO - Processing file /home/airflow/.local/lib/python3.7/site-packages/airflow/example_dags/example_branch_day_of_week_operator.py for tasks to queue
[2022-05-09 23:58:30,649] {logging_mixin.py:109} INFO - [2022-05-09 23:58:30,649] {dagbag.py:500} INFO - Filling up the DagBag from /home/airflow/.local/lib/python3.7/site-packages/airflow/example_dags/example_branch_day_of_week_operator.py
[2022-05-09 23:58:30,670] {processor.py:652} INFO - DAG(s) dict_keys(['example_weekday_branch_operator']) retrieved from /home/airflow/.local/lib/python3.7/site-packages/airflow/example_dags/example_branch_day_of_week_operator.py
[2022-05-09 23:58:30,697] {logging_mixin.py:109} INFO - [2022-05-09 23:58:30,696] {dag.py:2398} INFO - Sync 1 DAGs
[2022-05-09 23:58:30,718] {logging_mixin.py:109} INFO - [2022-05-09 23:58:30,718] {dag.py:2937} INFO - Setting next_dagrun for example_weekday_branch_operator to 2022-05-08 00:00:00+00:00
[2022-05-09 23:58:30,728] {processor.py:171} INFO - Processing /home/airflow/.local/lib/python3.7/site-packages/airflow/example_dags/example_branch_day_of_week_operator.py took 0.087 seconds
[2022-05-09 23:59:01,298] {processor.py:163} INFO - Started process (PID=2081) to work on /home/airflow/.local/lib/python3.7/site-packages/airflow/example_dags/example_branch_day_of_week_operator.py
[2022-05-09 23:59:01,300] {processor.py:642} INFO - Processing file /home/airflow/.local/lib/python3.7/site-packages/airflow/example_dags/example_branch_day_of_week_operator.py for tasks to queue
[2022-05-09 23:59:01,301] {logging_mixin.py:109} INFO - [2022-05-09 23:59:01,301] {dagbag.py:500} INFO - Filling up the DagBag from /home/airflow/.local/lib/python3.7/site-packages/airflow/example_dags/example_branch_day_of_week_operator.py
[2022-05-09 23:59:01,320] {processor.py:652} INFO - DAG(s) dict_keys(['example_weekday_branch_operator']) retrieved from /home/airflow/.local/lib/python3.7/site-packages/airflow/example_dags/example_branch_day_of_week_operator.py
[2022-05-09 23:59:01,342] {logging_mixin.py:109} INFO - [2022-05-09 23:59:01,342] {dag.py:2398} INFO - Sync 1 DAGs
[2022-05-09 23:59:01,361] {logging_mixin.py:109} INFO - [2022-05-09 23:59:01,361] {dag.py:2937} INFO - Setting next_dagrun for example_weekday_branch_operator to 2022-05-08 00:00:00+00:00
[2022-05-09 23:59:01,372] {processor.py:171} INFO - Processing /home/airflow/.local/lib/python3.7/site-packages/airflow/example_dags/example_branch_day_of_week_operator.py took 0.079 seconds
[2022-05-09 23:59:31,979] {processor.py:163} INFO - Started process (PID=2132) to work on /home/airflow/.local/lib/python3.7/site-packages/airflow/example_dags/example_branch_day_of_week_operator.py
[2022-05-09 23:59:31,981] {processor.py:642} INFO - Processing file /home/airflow/.local/lib/python3.7/site-packages/airflow/example_dags/example_branch_day_of_week_operator.py for tasks to queue
[2022-05-09 23:59:31,983] {logging_mixin.py:109} INFO - [2022-05-09 23:59:31,982] {dagbag.py:500} INFO - Filling up the DagBag from /home/airflow/.local/lib/python3.7/site-packages/airflow/example_dags/example_branch_day_of_week_operator.py
[2022-05-09 23:59:32,002] {processor.py:652} INFO - DAG(s) dict_keys(['example_weekday_branch_operator']) retrieved from /home/airflow/.local/lib/python3.7/site-packages/airflow/example_dags/example_branch_day_of_week_operator.py
[2022-05-09 23:59:32,025] {logging_mixin.py:109} INFO - [2022-05-09 23:59:32,025] {dag.py:2398} INFO - Sync 1 DAGs
[2022-05-09 23:59:32,045] {logging_mixin.py:109} INFO - [2022-05-09 23:59:32,045] {dag.py:2937} INFO - Setting next_dagrun for example_weekday_branch_operator to 2022-05-08 00:00:00+00:00
[2022-05-09 23:59:32,055] {processor.py:171} INFO - Processing /home/airflow/.local/lib/python3.7/site-packages/airflow/example_dags/example_branch_day_of_week_operator.py took 0.080 seconds
