[2022-05-09 23:41:02,015] {processor.py:163} INFO - Started process (PID=44) to work on /home/airflow/.local/lib/python3.7/site-packages/airflow/example_dags/example_kubernetes_executor.py
[2022-05-09 23:41:02,020] {processor.py:642} INFO - Processing file /home/airflow/.local/lib/python3.7/site-packages/airflow/example_dags/example_kubernetes_executor.py for tasks to queue
[2022-05-09 23:41:02,028] {logging_mixin.py:109} INFO - [2022-05-09 23:41:02,027] {dagbag.py:500} INFO - Filling up the DagBag from /home/airflow/.local/lib/python3.7/site-packages/airflow/example_dags/example_kubernetes_executor.py
[2022-05-09 23:41:02,150] {processor.py:652} INFO - DAG(s) dict_keys(['example_kubernetes_executor']) retrieved from /home/airflow/.local/lib/python3.7/site-packages/airflow/example_dags/example_kubernetes_executor.py
[2022-05-09 23:41:02,232] {logging_mixin.py:109} INFO - [2022-05-09 23:41:02,232] {dag.py:2398} INFO - Sync 1 DAGs
[2022-05-09 23:41:02,286] {logging_mixin.py:109} INFO - [2022-05-09 23:41:02,286] {dag.py:2937} INFO - Setting next_dagrun for example_kubernetes_executor to None
[2022-05-09 23:41:02,320] {processor.py:171} INFO - Processing /home/airflow/.local/lib/python3.7/site-packages/airflow/example_dags/example_kubernetes_executor.py took 0.319 seconds
[2022-05-09 23:41:32,540] {processor.py:163} INFO - Started process (PID=111) to work on /home/airflow/.local/lib/python3.7/site-packages/airflow/example_dags/example_kubernetes_executor.py
[2022-05-09 23:41:32,543] {processor.py:642} INFO - Processing file /home/airflow/.local/lib/python3.7/site-packages/airflow/example_dags/example_kubernetes_executor.py for tasks to queue
[2022-05-09 23:41:32,545] {logging_mixin.py:109} INFO - [2022-05-09 23:41:32,545] {dagbag.py:500} INFO - Filling up the DagBag from /home/airflow/.local/lib/python3.7/site-packages/airflow/example_dags/example_kubernetes_executor.py
[2022-05-09 23:41:32,580] {processor.py:652} INFO - DAG(s) dict_keys(['example_kubernetes_executor']) retrieved from /home/airflow/.local/lib/python3.7/site-packages/airflow/example_dags/example_kubernetes_executor.py
[2022-05-09 23:41:32,622] {logging_mixin.py:109} INFO - [2022-05-09 23:41:32,622] {dag.py:2398} INFO - Sync 1 DAGs
[2022-05-09 23:41:32,656] {logging_mixin.py:109} INFO - [2022-05-09 23:41:32,656] {dag.py:2937} INFO - Setting next_dagrun for example_kubernetes_executor to None
[2022-05-09 23:41:32,742] {processor.py:171} INFO - Processing /home/airflow/.local/lib/python3.7/site-packages/airflow/example_dags/example_kubernetes_executor.py took 0.205 seconds
[2022-05-09 23:42:03,648] {processor.py:163} INFO - Started process (PID=173) to work on /home/airflow/.local/lib/python3.7/site-packages/airflow/example_dags/example_kubernetes_executor.py
[2022-05-09 23:42:03,650] {processor.py:642} INFO - Processing file /home/airflow/.local/lib/python3.7/site-packages/airflow/example_dags/example_kubernetes_executor.py for tasks to queue
[2022-05-09 23:42:03,651] {logging_mixin.py:109} INFO - [2022-05-09 23:42:03,651] {dagbag.py:500} INFO - Filling up the DagBag from /home/airflow/.local/lib/python3.7/site-packages/airflow/example_dags/example_kubernetes_executor.py
[2022-05-09 23:42:03,678] {processor.py:652} INFO - DAG(s) dict_keys(['example_kubernetes_executor']) retrieved from /home/airflow/.local/lib/python3.7/site-packages/airflow/example_dags/example_kubernetes_executor.py
[2022-05-09 23:42:03,709] {logging_mixin.py:109} INFO - [2022-05-09 23:42:03,709] {dag.py:2398} INFO - Sync 1 DAGs
[2022-05-09 23:42:03,730] {logging_mixin.py:109} INFO - [2022-05-09 23:42:03,730] {dag.py:2937} INFO - Setting next_dagrun for example_kubernetes_executor to None
[2022-05-09 23:42:03,741] {processor.py:171} INFO - Processing /home/airflow/.local/lib/python3.7/site-packages/airflow/example_dags/example_kubernetes_executor.py took 0.096 seconds
[2022-05-09 23:42:34,321] {processor.py:163} INFO - Started process (PID=228) to work on /home/airflow/.local/lib/python3.7/site-packages/airflow/example_dags/example_kubernetes_executor.py
[2022-05-09 23:42:34,324] {processor.py:642} INFO - Processing file /home/airflow/.local/lib/python3.7/site-packages/airflow/example_dags/example_kubernetes_executor.py for tasks to queue
[2022-05-09 23:42:34,326] {logging_mixin.py:109} INFO - [2022-05-09 23:42:34,325] {dagbag.py:500} INFO - Filling up the DagBag from /home/airflow/.local/lib/python3.7/site-packages/airflow/example_dags/example_kubernetes_executor.py
[2022-05-09 23:42:34,353] {processor.py:652} INFO - DAG(s) dict_keys(['example_kubernetes_executor']) retrieved from /home/airflow/.local/lib/python3.7/site-packages/airflow/example_dags/example_kubernetes_executor.py
[2022-05-09 23:42:34,378] {logging_mixin.py:109} INFO - [2022-05-09 23:42:34,378] {dag.py:2398} INFO - Sync 1 DAGs
[2022-05-09 23:42:34,394] {logging_mixin.py:109} INFO - [2022-05-09 23:42:34,394] {dag.py:2937} INFO - Setting next_dagrun for example_kubernetes_executor to None
[2022-05-09 23:42:34,405] {processor.py:171} INFO - Processing /home/airflow/.local/lib/python3.7/site-packages/airflow/example_dags/example_kubernetes_executor.py took 0.088 seconds
[2022-05-09 23:43:05,042] {processor.py:163} INFO - Started process (PID=289) to work on /home/airflow/.local/lib/python3.7/site-packages/airflow/example_dags/example_kubernetes_executor.py
[2022-05-09 23:43:05,046] {processor.py:642} INFO - Processing file /home/airflow/.local/lib/python3.7/site-packages/airflow/example_dags/example_kubernetes_executor.py for tasks to queue
[2022-05-09 23:43:05,048] {logging_mixin.py:109} INFO - [2022-05-09 23:43:05,048] {dagbag.py:500} INFO - Filling up the DagBag from /home/airflow/.local/lib/python3.7/site-packages/airflow/example_dags/example_kubernetes_executor.py
[2022-05-09 23:43:05,136] {processor.py:652} INFO - DAG(s) dict_keys(['example_kubernetes_executor']) retrieved from /home/airflow/.local/lib/python3.7/site-packages/airflow/example_dags/example_kubernetes_executor.py
[2022-05-09 23:43:05,270] {logging_mixin.py:109} INFO - [2022-05-09 23:43:05,269] {dag.py:2398} INFO - Sync 1 DAGs
[2022-05-09 23:43:05,299] {logging_mixin.py:109} INFO - [2022-05-09 23:43:05,299] {dag.py:2937} INFO - Setting next_dagrun for example_kubernetes_executor to None
[2022-05-09 23:43:05,312] {processor.py:171} INFO - Processing /home/airflow/.local/lib/python3.7/site-packages/airflow/example_dags/example_kubernetes_executor.py took 0.278 seconds
[2022-05-09 23:43:35,394] {processor.py:163} INFO - Started process (PID=341) to work on /home/airflow/.local/lib/python3.7/site-packages/airflow/example_dags/example_kubernetes_executor.py
[2022-05-09 23:43:35,397] {processor.py:642} INFO - Processing file /home/airflow/.local/lib/python3.7/site-packages/airflow/example_dags/example_kubernetes_executor.py for tasks to queue
[2022-05-09 23:43:35,399] {logging_mixin.py:109} INFO - [2022-05-09 23:43:35,399] {dagbag.py:500} INFO - Filling up the DagBag from /home/airflow/.local/lib/python3.7/site-packages/airflow/example_dags/example_kubernetes_executor.py
[2022-05-09 23:43:35,431] {processor.py:652} INFO - DAG(s) dict_keys(['example_kubernetes_executor']) retrieved from /home/airflow/.local/lib/python3.7/site-packages/airflow/example_dags/example_kubernetes_executor.py
[2022-05-09 23:43:35,460] {logging_mixin.py:109} INFO - [2022-05-09 23:43:35,460] {dag.py:2398} INFO - Sync 1 DAGs
[2022-05-09 23:43:35,480] {logging_mixin.py:109} INFO - [2022-05-09 23:43:35,480] {dag.py:2937} INFO - Setting next_dagrun for example_kubernetes_executor to None
[2022-05-09 23:43:35,491] {processor.py:171} INFO - Processing /home/airflow/.local/lib/python3.7/site-packages/airflow/example_dags/example_kubernetes_executor.py took 0.103 seconds
[2022-05-09 23:44:06,233] {processor.py:163} INFO - Started process (PID=404) to work on /home/airflow/.local/lib/python3.7/site-packages/airflow/example_dags/example_kubernetes_executor.py
[2022-05-09 23:44:06,235] {processor.py:642} INFO - Processing file /home/airflow/.local/lib/python3.7/site-packages/airflow/example_dags/example_kubernetes_executor.py for tasks to queue
[2022-05-09 23:44:06,237] {logging_mixin.py:109} INFO - [2022-05-09 23:44:06,237] {dagbag.py:500} INFO - Filling up the DagBag from /home/airflow/.local/lib/python3.7/site-packages/airflow/example_dags/example_kubernetes_executor.py
[2022-05-09 23:44:06,266] {processor.py:652} INFO - DAG(s) dict_keys(['example_kubernetes_executor']) retrieved from /home/airflow/.local/lib/python3.7/site-packages/airflow/example_dags/example_kubernetes_executor.py
[2022-05-09 23:44:06,294] {logging_mixin.py:109} INFO - [2022-05-09 23:44:06,294] {dag.py:2398} INFO - Sync 1 DAGs
[2022-05-09 23:44:06,313] {logging_mixin.py:109} INFO - [2022-05-09 23:44:06,313] {dag.py:2937} INFO - Setting next_dagrun for example_kubernetes_executor to None
[2022-05-09 23:44:06,327] {processor.py:171} INFO - Processing /home/airflow/.local/lib/python3.7/site-packages/airflow/example_dags/example_kubernetes_executor.py took 0.098 seconds
[2022-05-09 23:44:37,111] {processor.py:163} INFO - Started process (PID=458) to work on /home/airflow/.local/lib/python3.7/site-packages/airflow/example_dags/example_kubernetes_executor.py
[2022-05-09 23:44:37,113] {processor.py:642} INFO - Processing file /home/airflow/.local/lib/python3.7/site-packages/airflow/example_dags/example_kubernetes_executor.py for tasks to queue
[2022-05-09 23:44:37,114] {logging_mixin.py:109} INFO - [2022-05-09 23:44:37,114] {dagbag.py:500} INFO - Filling up the DagBag from /home/airflow/.local/lib/python3.7/site-packages/airflow/example_dags/example_kubernetes_executor.py
[2022-05-09 23:44:37,142] {processor.py:652} INFO - DAG(s) dict_keys(['example_kubernetes_executor']) retrieved from /home/airflow/.local/lib/python3.7/site-packages/airflow/example_dags/example_kubernetes_executor.py
[2022-05-09 23:44:37,168] {logging_mixin.py:109} INFO - [2022-05-09 23:44:37,168] {dag.py:2398} INFO - Sync 1 DAGs
[2022-05-09 23:44:37,185] {logging_mixin.py:109} INFO - [2022-05-09 23:44:37,185] {dag.py:2937} INFO - Setting next_dagrun for example_kubernetes_executor to None
[2022-05-09 23:44:37,198] {processor.py:171} INFO - Processing /home/airflow/.local/lib/python3.7/site-packages/airflow/example_dags/example_kubernetes_executor.py took 0.091 seconds
[2022-05-09 23:45:08,142] {processor.py:163} INFO - Started process (PID=523) to work on /home/airflow/.local/lib/python3.7/site-packages/airflow/example_dags/example_kubernetes_executor.py
[2022-05-09 23:45:08,145] {processor.py:642} INFO - Processing file /home/airflow/.local/lib/python3.7/site-packages/airflow/example_dags/example_kubernetes_executor.py for tasks to queue
[2022-05-09 23:45:08,147] {logging_mixin.py:109} INFO - [2022-05-09 23:45:08,147] {dagbag.py:500} INFO - Filling up the DagBag from /home/airflow/.local/lib/python3.7/site-packages/airflow/example_dags/example_kubernetes_executor.py
[2022-05-09 23:45:08,183] {processor.py:652} INFO - DAG(s) dict_keys(['example_kubernetes_executor']) retrieved from /home/airflow/.local/lib/python3.7/site-packages/airflow/example_dags/example_kubernetes_executor.py
[2022-05-09 23:45:08,228] {logging_mixin.py:109} INFO - [2022-05-09 23:45:08,228] {dag.py:2398} INFO - Sync 1 DAGs
[2022-05-09 23:45:08,252] {logging_mixin.py:109} INFO - [2022-05-09 23:45:08,252] {dag.py:2937} INFO - Setting next_dagrun for example_kubernetes_executor to None
[2022-05-09 23:45:08,270] {processor.py:171} INFO - Processing /home/airflow/.local/lib/python3.7/site-packages/airflow/example_dags/example_kubernetes_executor.py took 0.133 seconds
[2022-05-09 23:45:39,225] {processor.py:163} INFO - Started process (PID=574) to work on /home/airflow/.local/lib/python3.7/site-packages/airflow/example_dags/example_kubernetes_executor.py
[2022-05-09 23:45:39,228] {processor.py:642} INFO - Processing file /home/airflow/.local/lib/python3.7/site-packages/airflow/example_dags/example_kubernetes_executor.py for tasks to queue
[2022-05-09 23:45:39,229] {logging_mixin.py:109} INFO - [2022-05-09 23:45:39,229] {dagbag.py:500} INFO - Filling up the DagBag from /home/airflow/.local/lib/python3.7/site-packages/airflow/example_dags/example_kubernetes_executor.py
[2022-05-09 23:45:39,260] {processor.py:652} INFO - DAG(s) dict_keys(['example_kubernetes_executor']) retrieved from /home/airflow/.local/lib/python3.7/site-packages/airflow/example_dags/example_kubernetes_executor.py
[2022-05-09 23:45:39,314] {logging_mixin.py:109} INFO - [2022-05-09 23:45:39,314] {dag.py:2398} INFO - Sync 1 DAGs
[2022-05-09 23:45:39,337] {logging_mixin.py:109} INFO - [2022-05-09 23:45:39,337] {dag.py:2937} INFO - Setting next_dagrun for example_kubernetes_executor to None
[2022-05-09 23:45:39,351] {processor.py:171} INFO - Processing /home/airflow/.local/lib/python3.7/site-packages/airflow/example_dags/example_kubernetes_executor.py took 0.132 seconds
[2022-05-09 23:46:10,330] {processor.py:163} INFO - Started process (PID=639) to work on /home/airflow/.local/lib/python3.7/site-packages/airflow/example_dags/example_kubernetes_executor.py
[2022-05-09 23:46:10,331] {processor.py:642} INFO - Processing file /home/airflow/.local/lib/python3.7/site-packages/airflow/example_dags/example_kubernetes_executor.py for tasks to queue
[2022-05-09 23:46:10,332] {logging_mixin.py:109} INFO - [2022-05-09 23:46:10,332] {dagbag.py:500} INFO - Filling up the DagBag from /home/airflow/.local/lib/python3.7/site-packages/airflow/example_dags/example_kubernetes_executor.py
[2022-05-09 23:46:10,353] {processor.py:652} INFO - DAG(s) dict_keys(['example_kubernetes_executor']) retrieved from /home/airflow/.local/lib/python3.7/site-packages/airflow/example_dags/example_kubernetes_executor.py
[2022-05-09 23:46:10,378] {logging_mixin.py:109} INFO - [2022-05-09 23:46:10,378] {dag.py:2398} INFO - Sync 1 DAGs
[2022-05-09 23:46:10,395] {logging_mixin.py:109} INFO - [2022-05-09 23:46:10,395] {dag.py:2937} INFO - Setting next_dagrun for example_kubernetes_executor to None
[2022-05-09 23:46:10,405] {processor.py:171} INFO - Processing /home/airflow/.local/lib/python3.7/site-packages/airflow/example_dags/example_kubernetes_executor.py took 0.078 seconds
[2022-05-09 23:46:41,057] {processor.py:163} INFO - Started process (PID=692) to work on /home/airflow/.local/lib/python3.7/site-packages/airflow/example_dags/example_kubernetes_executor.py
[2022-05-09 23:46:41,059] {processor.py:642} INFO - Processing file /home/airflow/.local/lib/python3.7/site-packages/airflow/example_dags/example_kubernetes_executor.py for tasks to queue
[2022-05-09 23:46:41,060] {logging_mixin.py:109} INFO - [2022-05-09 23:46:41,060] {dagbag.py:500} INFO - Filling up the DagBag from /home/airflow/.local/lib/python3.7/site-packages/airflow/example_dags/example_kubernetes_executor.py
[2022-05-09 23:46:41,084] {processor.py:652} INFO - DAG(s) dict_keys(['example_kubernetes_executor']) retrieved from /home/airflow/.local/lib/python3.7/site-packages/airflow/example_dags/example_kubernetes_executor.py
[2022-05-09 23:46:41,114] {logging_mixin.py:109} INFO - [2022-05-09 23:46:41,114] {dag.py:2398} INFO - Sync 1 DAGs
[2022-05-09 23:46:41,142] {logging_mixin.py:109} INFO - [2022-05-09 23:46:41,142] {dag.py:2937} INFO - Setting next_dagrun for example_kubernetes_executor to None
[2022-05-09 23:46:41,155] {processor.py:171} INFO - Processing /home/airflow/.local/lib/python3.7/site-packages/airflow/example_dags/example_kubernetes_executor.py took 0.103 seconds
[2022-05-09 23:47:12,016] {processor.py:163} INFO - Started process (PID=753) to work on /home/airflow/.local/lib/python3.7/site-packages/airflow/example_dags/example_kubernetes_executor.py
[2022-05-09 23:47:12,017] {processor.py:642} INFO - Processing file /home/airflow/.local/lib/python3.7/site-packages/airflow/example_dags/example_kubernetes_executor.py for tasks to queue
[2022-05-09 23:47:12,019] {logging_mixin.py:109} INFO - [2022-05-09 23:47:12,018] {dagbag.py:500} INFO - Filling up the DagBag from /home/airflow/.local/lib/python3.7/site-packages/airflow/example_dags/example_kubernetes_executor.py
[2022-05-09 23:47:12,037] {processor.py:652} INFO - DAG(s) dict_keys(['example_kubernetes_executor']) retrieved from /home/airflow/.local/lib/python3.7/site-packages/airflow/example_dags/example_kubernetes_executor.py
[2022-05-09 23:47:12,058] {logging_mixin.py:109} INFO - [2022-05-09 23:47:12,058] {dag.py:2398} INFO - Sync 1 DAGs
[2022-05-09 23:47:12,081] {logging_mixin.py:109} INFO - [2022-05-09 23:47:12,081] {dag.py:2937} INFO - Setting next_dagrun for example_kubernetes_executor to None
[2022-05-09 23:47:12,092] {processor.py:171} INFO - Processing /home/airflow/.local/lib/python3.7/site-packages/airflow/example_dags/example_kubernetes_executor.py took 0.079 seconds
[2022-05-09 23:47:43,026] {processor.py:163} INFO - Started process (PID=811) to work on /home/airflow/.local/lib/python3.7/site-packages/airflow/example_dags/example_kubernetes_executor.py
[2022-05-09 23:47:43,028] {processor.py:642} INFO - Processing file /home/airflow/.local/lib/python3.7/site-packages/airflow/example_dags/example_kubernetes_executor.py for tasks to queue
[2022-05-09 23:47:43,029] {logging_mixin.py:109} INFO - [2022-05-09 23:47:43,029] {dagbag.py:500} INFO - Filling up the DagBag from /home/airflow/.local/lib/python3.7/site-packages/airflow/example_dags/example_kubernetes_executor.py
[2022-05-09 23:47:43,054] {processor.py:652} INFO - DAG(s) dict_keys(['example_kubernetes_executor']) retrieved from /home/airflow/.local/lib/python3.7/site-packages/airflow/example_dags/example_kubernetes_executor.py
[2022-05-09 23:47:43,082] {logging_mixin.py:109} INFO - [2022-05-09 23:47:43,082] {dag.py:2398} INFO - Sync 1 DAGs
[2022-05-09 23:47:43,100] {logging_mixin.py:109} INFO - [2022-05-09 23:47:43,100] {dag.py:2937} INFO - Setting next_dagrun for example_kubernetes_executor to None
[2022-05-09 23:47:43,111] {processor.py:171} INFO - Processing /home/airflow/.local/lib/python3.7/site-packages/airflow/example_dags/example_kubernetes_executor.py took 0.092 seconds
[2022-05-09 23:48:13,421] {processor.py:163} INFO - Started process (PID=864) to work on /home/airflow/.local/lib/python3.7/site-packages/airflow/example_dags/example_kubernetes_executor.py
[2022-05-09 23:48:13,425] {processor.py:642} INFO - Processing file /home/airflow/.local/lib/python3.7/site-packages/airflow/example_dags/example_kubernetes_executor.py for tasks to queue
[2022-05-09 23:48:13,428] {logging_mixin.py:109} INFO - [2022-05-09 23:48:13,428] {dagbag.py:500} INFO - Filling up the DagBag from /home/airflow/.local/lib/python3.7/site-packages/airflow/example_dags/example_kubernetes_executor.py
[2022-05-09 23:48:13,456] {processor.py:652} INFO - DAG(s) dict_keys(['example_kubernetes_executor']) retrieved from /home/airflow/.local/lib/python3.7/site-packages/airflow/example_dags/example_kubernetes_executor.py
[2022-05-09 23:48:13,485] {logging_mixin.py:109} INFO - [2022-05-09 23:48:13,484] {dag.py:2398} INFO - Sync 1 DAGs
[2022-05-09 23:48:13,504] {logging_mixin.py:109} INFO - [2022-05-09 23:48:13,504] {dag.py:2937} INFO - Setting next_dagrun for example_kubernetes_executor to None
[2022-05-09 23:48:13,517] {processor.py:171} INFO - Processing /home/airflow/.local/lib/python3.7/site-packages/airflow/example_dags/example_kubernetes_executor.py took 0.100 seconds
[2022-05-09 23:48:44,447] {processor.py:163} INFO - Started process (PID=928) to work on /home/airflow/.local/lib/python3.7/site-packages/airflow/example_dags/example_kubernetes_executor.py
[2022-05-09 23:48:44,449] {processor.py:642} INFO - Processing file /home/airflow/.local/lib/python3.7/site-packages/airflow/example_dags/example_kubernetes_executor.py for tasks to queue
[2022-05-09 23:48:44,451] {logging_mixin.py:109} INFO - [2022-05-09 23:48:44,450] {dagbag.py:500} INFO - Filling up the DagBag from /home/airflow/.local/lib/python3.7/site-packages/airflow/example_dags/example_kubernetes_executor.py
[2022-05-09 23:48:44,475] {processor.py:652} INFO - DAG(s) dict_keys(['example_kubernetes_executor']) retrieved from /home/airflow/.local/lib/python3.7/site-packages/airflow/example_dags/example_kubernetes_executor.py
[2022-05-09 23:48:44,502] {logging_mixin.py:109} INFO - [2022-05-09 23:48:44,502] {dag.py:2398} INFO - Sync 1 DAGs
[2022-05-09 23:48:44,520] {logging_mixin.py:109} INFO - [2022-05-09 23:48:44,520] {dag.py:2937} INFO - Setting next_dagrun for example_kubernetes_executor to None
[2022-05-09 23:48:44,532] {processor.py:171} INFO - Processing /home/airflow/.local/lib/python3.7/site-packages/airflow/example_dags/example_kubernetes_executor.py took 0.090 seconds
[2022-05-09 23:49:15,060] {processor.py:163} INFO - Started process (PID=979) to work on /home/airflow/.local/lib/python3.7/site-packages/airflow/example_dags/example_kubernetes_executor.py
[2022-05-09 23:49:15,062] {processor.py:642} INFO - Processing file /home/airflow/.local/lib/python3.7/site-packages/airflow/example_dags/example_kubernetes_executor.py for tasks to queue
[2022-05-09 23:49:15,063] {logging_mixin.py:109} INFO - [2022-05-09 23:49:15,063] {dagbag.py:500} INFO - Filling up the DagBag from /home/airflow/.local/lib/python3.7/site-packages/airflow/example_dags/example_kubernetes_executor.py
[2022-05-09 23:49:15,088] {processor.py:652} INFO - DAG(s) dict_keys(['example_kubernetes_executor']) retrieved from /home/airflow/.local/lib/python3.7/site-packages/airflow/example_dags/example_kubernetes_executor.py
[2022-05-09 23:49:15,113] {logging_mixin.py:109} INFO - [2022-05-09 23:49:15,113] {dag.py:2398} INFO - Sync 1 DAGs
[2022-05-09 23:49:15,129] {logging_mixin.py:109} INFO - [2022-05-09 23:49:15,129] {dag.py:2937} INFO - Setting next_dagrun for example_kubernetes_executor to None
[2022-05-09 23:49:15,140] {processor.py:171} INFO - Processing /home/airflow/.local/lib/python3.7/site-packages/airflow/example_dags/example_kubernetes_executor.py took 0.084 seconds
[2022-05-09 23:49:45,795] {processor.py:163} INFO - Started process (PID=1041) to work on /home/airflow/.local/lib/python3.7/site-packages/airflow/example_dags/example_kubernetes_executor.py
[2022-05-09 23:49:45,797] {processor.py:642} INFO - Processing file /home/airflow/.local/lib/python3.7/site-packages/airflow/example_dags/example_kubernetes_executor.py for tasks to queue
[2022-05-09 23:49:45,798] {logging_mixin.py:109} INFO - [2022-05-09 23:49:45,798] {dagbag.py:500} INFO - Filling up the DagBag from /home/airflow/.local/lib/python3.7/site-packages/airflow/example_dags/example_kubernetes_executor.py
[2022-05-09 23:49:45,818] {processor.py:652} INFO - DAG(s) dict_keys(['example_kubernetes_executor']) retrieved from /home/airflow/.local/lib/python3.7/site-packages/airflow/example_dags/example_kubernetes_executor.py
[2022-05-09 23:49:45,842] {logging_mixin.py:109} INFO - [2022-05-09 23:49:45,842] {dag.py:2398} INFO - Sync 1 DAGs
[2022-05-09 23:49:45,860] {logging_mixin.py:109} INFO - [2022-05-09 23:49:45,859] {dag.py:2937} INFO - Setting next_dagrun for example_kubernetes_executor to None
[2022-05-09 23:49:45,870] {processor.py:171} INFO - Processing /home/airflow/.local/lib/python3.7/site-packages/airflow/example_dags/example_kubernetes_executor.py took 0.078 seconds
[2022-05-09 23:50:16,439] {processor.py:163} INFO - Started process (PID=1092) to work on /home/airflow/.local/lib/python3.7/site-packages/airflow/example_dags/example_kubernetes_executor.py
[2022-05-09 23:50:16,441] {processor.py:642} INFO - Processing file /home/airflow/.local/lib/python3.7/site-packages/airflow/example_dags/example_kubernetes_executor.py for tasks to queue
[2022-05-09 23:50:16,442] {logging_mixin.py:109} INFO - [2022-05-09 23:50:16,442] {dagbag.py:500} INFO - Filling up the DagBag from /home/airflow/.local/lib/python3.7/site-packages/airflow/example_dags/example_kubernetes_executor.py
[2022-05-09 23:50:16,464] {processor.py:652} INFO - DAG(s) dict_keys(['example_kubernetes_executor']) retrieved from /home/airflow/.local/lib/python3.7/site-packages/airflow/example_dags/example_kubernetes_executor.py
[2022-05-09 23:50:16,490] {logging_mixin.py:109} INFO - [2022-05-09 23:50:16,490] {dag.py:2398} INFO - Sync 1 DAGs
[2022-05-09 23:50:16,508] {logging_mixin.py:109} INFO - [2022-05-09 23:50:16,508] {dag.py:2937} INFO - Setting next_dagrun for example_kubernetes_executor to None
[2022-05-09 23:50:16,519] {processor.py:171} INFO - Processing /home/airflow/.local/lib/python3.7/site-packages/airflow/example_dags/example_kubernetes_executor.py took 0.085 seconds
[2022-05-09 23:50:47,076] {processor.py:163} INFO - Started process (PID=1154) to work on /home/airflow/.local/lib/python3.7/site-packages/airflow/example_dags/example_kubernetes_executor.py
[2022-05-09 23:50:47,079] {processor.py:642} INFO - Processing file /home/airflow/.local/lib/python3.7/site-packages/airflow/example_dags/example_kubernetes_executor.py for tasks to queue
[2022-05-09 23:50:47,080] {logging_mixin.py:109} INFO - [2022-05-09 23:50:47,080] {dagbag.py:500} INFO - Filling up the DagBag from /home/airflow/.local/lib/python3.7/site-packages/airflow/example_dags/example_kubernetes_executor.py
[2022-05-09 23:50:47,102] {processor.py:652} INFO - DAG(s) dict_keys(['example_kubernetes_executor']) retrieved from /home/airflow/.local/lib/python3.7/site-packages/airflow/example_dags/example_kubernetes_executor.py
[2022-05-09 23:50:47,131] {logging_mixin.py:109} INFO - [2022-05-09 23:50:47,131] {dag.py:2398} INFO - Sync 1 DAGs
[2022-05-09 23:50:47,149] {logging_mixin.py:109} INFO - [2022-05-09 23:50:47,149] {dag.py:2937} INFO - Setting next_dagrun for example_kubernetes_executor to None
[2022-05-09 23:50:47,162] {processor.py:171} INFO - Processing /home/airflow/.local/lib/python3.7/site-packages/airflow/example_dags/example_kubernetes_executor.py took 0.089 seconds
[2022-05-09 23:51:17,619] {processor.py:163} INFO - Started process (PID=1212) to work on /home/airflow/.local/lib/python3.7/site-packages/airflow/example_dags/example_kubernetes_executor.py
[2022-05-09 23:51:17,622] {processor.py:642} INFO - Processing file /home/airflow/.local/lib/python3.7/site-packages/airflow/example_dags/example_kubernetes_executor.py for tasks to queue
[2022-05-09 23:51:17,623] {logging_mixin.py:109} INFO - [2022-05-09 23:51:17,623] {dagbag.py:500} INFO - Filling up the DagBag from /home/airflow/.local/lib/python3.7/site-packages/airflow/example_dags/example_kubernetes_executor.py
[2022-05-09 23:51:17,646] {processor.py:652} INFO - DAG(s) dict_keys(['example_kubernetes_executor']) retrieved from /home/airflow/.local/lib/python3.7/site-packages/airflow/example_dags/example_kubernetes_executor.py
[2022-05-09 23:51:17,671] {logging_mixin.py:109} INFO - [2022-05-09 23:51:17,671] {dag.py:2398} INFO - Sync 1 DAGs
[2022-05-09 23:51:17,688] {logging_mixin.py:109} INFO - [2022-05-09 23:51:17,688] {dag.py:2937} INFO - Setting next_dagrun for example_kubernetes_executor to None
[2022-05-09 23:51:17,700] {processor.py:171} INFO - Processing /home/airflow/.local/lib/python3.7/site-packages/airflow/example_dags/example_kubernetes_executor.py took 0.085 seconds
[2022-05-09 23:51:48,221] {processor.py:163} INFO - Started process (PID=1265) to work on /home/airflow/.local/lib/python3.7/site-packages/airflow/example_dags/example_kubernetes_executor.py
[2022-05-09 23:51:48,223] {processor.py:642} INFO - Processing file /home/airflow/.local/lib/python3.7/site-packages/airflow/example_dags/example_kubernetes_executor.py for tasks to queue
[2022-05-09 23:51:48,224] {logging_mixin.py:109} INFO - [2022-05-09 23:51:48,224] {dagbag.py:500} INFO - Filling up the DagBag from /home/airflow/.local/lib/python3.7/site-packages/airflow/example_dags/example_kubernetes_executor.py
[2022-05-09 23:51:48,247] {processor.py:652} INFO - DAG(s) dict_keys(['example_kubernetes_executor']) retrieved from /home/airflow/.local/lib/python3.7/site-packages/airflow/example_dags/example_kubernetes_executor.py
[2022-05-09 23:51:48,273] {logging_mixin.py:109} INFO - [2022-05-09 23:51:48,273] {dag.py:2398} INFO - Sync 1 DAGs
[2022-05-09 23:51:48,290] {logging_mixin.py:109} INFO - [2022-05-09 23:51:48,290] {dag.py:2937} INFO - Setting next_dagrun for example_kubernetes_executor to None
[2022-05-09 23:51:48,301] {processor.py:171} INFO - Processing /home/airflow/.local/lib/python3.7/site-packages/airflow/example_dags/example_kubernetes_executor.py took 0.085 seconds
[2022-05-09 23:52:18,801] {processor.py:163} INFO - Started process (PID=1326) to work on /home/airflow/.local/lib/python3.7/site-packages/airflow/example_dags/example_kubernetes_executor.py
[2022-05-09 23:52:18,803] {processor.py:642} INFO - Processing file /home/airflow/.local/lib/python3.7/site-packages/airflow/example_dags/example_kubernetes_executor.py for tasks to queue
[2022-05-09 23:52:18,804] {logging_mixin.py:109} INFO - [2022-05-09 23:52:18,804] {dagbag.py:500} INFO - Filling up the DagBag from /home/airflow/.local/lib/python3.7/site-packages/airflow/example_dags/example_kubernetes_executor.py
[2022-05-09 23:52:18,830] {processor.py:652} INFO - DAG(s) dict_keys(['example_kubernetes_executor']) retrieved from /home/airflow/.local/lib/python3.7/site-packages/airflow/example_dags/example_kubernetes_executor.py
[2022-05-09 23:52:18,865] {logging_mixin.py:109} INFO - [2022-05-09 23:52:18,865] {dag.py:2398} INFO - Sync 1 DAGs
[2022-05-09 23:52:18,885] {logging_mixin.py:109} INFO - [2022-05-09 23:52:18,885] {dag.py:2937} INFO - Setting next_dagrun for example_kubernetes_executor to None
[2022-05-09 23:52:18,898] {processor.py:171} INFO - Processing /home/airflow/.local/lib/python3.7/site-packages/airflow/example_dags/example_kubernetes_executor.py took 0.101 seconds
[2022-05-09 23:52:49,492] {processor.py:163} INFO - Started process (PID=1377) to work on /home/airflow/.local/lib/python3.7/site-packages/airflow/example_dags/example_kubernetes_executor.py
[2022-05-09 23:52:49,494] {processor.py:642} INFO - Processing file /home/airflow/.local/lib/python3.7/site-packages/airflow/example_dags/example_kubernetes_executor.py for tasks to queue
[2022-05-09 23:52:49,496] {logging_mixin.py:109} INFO - [2022-05-09 23:52:49,495] {dagbag.py:500} INFO - Filling up the DagBag from /home/airflow/.local/lib/python3.7/site-packages/airflow/example_dags/example_kubernetes_executor.py
[2022-05-09 23:52:49,520] {processor.py:652} INFO - DAG(s) dict_keys(['example_kubernetes_executor']) retrieved from /home/airflow/.local/lib/python3.7/site-packages/airflow/example_dags/example_kubernetes_executor.py
[2022-05-09 23:52:49,545] {logging_mixin.py:109} INFO - [2022-05-09 23:52:49,545] {dag.py:2398} INFO - Sync 1 DAGs
[2022-05-09 23:52:49,563] {logging_mixin.py:109} INFO - [2022-05-09 23:52:49,563] {dag.py:2937} INFO - Setting next_dagrun for example_kubernetes_executor to None
[2022-05-09 23:52:49,574] {processor.py:171} INFO - Processing /home/airflow/.local/lib/python3.7/site-packages/airflow/example_dags/example_kubernetes_executor.py took 0.087 seconds
[2022-05-09 23:53:20,391] {processor.py:163} INFO - Started process (PID=1440) to work on /home/airflow/.local/lib/python3.7/site-packages/airflow/example_dags/example_kubernetes_executor.py
[2022-05-09 23:53:20,393] {processor.py:642} INFO - Processing file /home/airflow/.local/lib/python3.7/site-packages/airflow/example_dags/example_kubernetes_executor.py for tasks to queue
[2022-05-09 23:53:20,394] {logging_mixin.py:109} INFO - [2022-05-09 23:53:20,394] {dagbag.py:500} INFO - Filling up the DagBag from /home/airflow/.local/lib/python3.7/site-packages/airflow/example_dags/example_kubernetes_executor.py
[2022-05-09 23:53:20,423] {processor.py:652} INFO - DAG(s) dict_keys(['example_kubernetes_executor']) retrieved from /home/airflow/.local/lib/python3.7/site-packages/airflow/example_dags/example_kubernetes_executor.py
[2022-05-09 23:53:20,449] {logging_mixin.py:109} INFO - [2022-05-09 23:53:20,448] {dag.py:2398} INFO - Sync 1 DAGs
[2022-05-09 23:53:20,465] {logging_mixin.py:109} INFO - [2022-05-09 23:53:20,465] {dag.py:2937} INFO - Setting next_dagrun for example_kubernetes_executor to None
[2022-05-09 23:53:20,474] {processor.py:171} INFO - Processing /home/airflow/.local/lib/python3.7/site-packages/airflow/example_dags/example_kubernetes_executor.py took 0.089 seconds
[2022-05-09 23:53:50,908] {processor.py:163} INFO - Started process (PID=1491) to work on /home/airflow/.local/lib/python3.7/site-packages/airflow/example_dags/example_kubernetes_executor.py
[2022-05-09 23:53:50,910] {processor.py:642} INFO - Processing file /home/airflow/.local/lib/python3.7/site-packages/airflow/example_dags/example_kubernetes_executor.py for tasks to queue
[2022-05-09 23:53:50,911] {logging_mixin.py:109} INFO - [2022-05-09 23:53:50,911] {dagbag.py:500} INFO - Filling up the DagBag from /home/airflow/.local/lib/python3.7/site-packages/airflow/example_dags/example_kubernetes_executor.py
[2022-05-09 23:53:50,934] {processor.py:652} INFO - DAG(s) dict_keys(['example_kubernetes_executor']) retrieved from /home/airflow/.local/lib/python3.7/site-packages/airflow/example_dags/example_kubernetes_executor.py
[2022-05-09 23:53:50,959] {logging_mixin.py:109} INFO - [2022-05-09 23:53:50,959] {dag.py:2398} INFO - Sync 1 DAGs
[2022-05-09 23:53:50,976] {logging_mixin.py:109} INFO - [2022-05-09 23:53:50,976] {dag.py:2937} INFO - Setting next_dagrun for example_kubernetes_executor to None
[2022-05-09 23:53:50,987] {processor.py:171} INFO - Processing /home/airflow/.local/lib/python3.7/site-packages/airflow/example_dags/example_kubernetes_executor.py took 0.082 seconds
[2022-05-09 23:54:21,471] {processor.py:163} INFO - Started process (PID=1551) to work on /home/airflow/.local/lib/python3.7/site-packages/airflow/example_dags/example_kubernetes_executor.py
[2022-05-09 23:54:21,472] {processor.py:642} INFO - Processing file /home/airflow/.local/lib/python3.7/site-packages/airflow/example_dags/example_kubernetes_executor.py for tasks to queue
[2022-05-09 23:54:21,473] {logging_mixin.py:109} INFO - [2022-05-09 23:54:21,473] {dagbag.py:500} INFO - Filling up the DagBag from /home/airflow/.local/lib/python3.7/site-packages/airflow/example_dags/example_kubernetes_executor.py
[2022-05-09 23:54:21,494] {processor.py:652} INFO - DAG(s) dict_keys(['example_kubernetes_executor']) retrieved from /home/airflow/.local/lib/python3.7/site-packages/airflow/example_dags/example_kubernetes_executor.py
[2022-05-09 23:54:21,519] {logging_mixin.py:109} INFO - [2022-05-09 23:54:21,519] {dag.py:2398} INFO - Sync 1 DAGs
[2022-05-09 23:54:21,535] {logging_mixin.py:109} INFO - [2022-05-09 23:54:21,535] {dag.py:2937} INFO - Setting next_dagrun for example_kubernetes_executor to None
[2022-05-09 23:54:21,545] {processor.py:171} INFO - Processing /home/airflow/.local/lib/python3.7/site-packages/airflow/example_dags/example_kubernetes_executor.py took 0.078 seconds
[2022-05-09 23:54:52,069] {processor.py:163} INFO - Started process (PID=1612) to work on /home/airflow/.local/lib/python3.7/site-packages/airflow/example_dags/example_kubernetes_executor.py
[2022-05-09 23:54:52,071] {processor.py:642} INFO - Processing file /home/airflow/.local/lib/python3.7/site-packages/airflow/example_dags/example_kubernetes_executor.py for tasks to queue
[2022-05-09 23:54:52,072] {logging_mixin.py:109} INFO - [2022-05-09 23:54:52,072] {dagbag.py:500} INFO - Filling up the DagBag from /home/airflow/.local/lib/python3.7/site-packages/airflow/example_dags/example_kubernetes_executor.py
[2022-05-09 23:54:52,093] {processor.py:652} INFO - DAG(s) dict_keys(['example_kubernetes_executor']) retrieved from /home/airflow/.local/lib/python3.7/site-packages/airflow/example_dags/example_kubernetes_executor.py
[2022-05-09 23:54:52,120] {logging_mixin.py:109} INFO - [2022-05-09 23:54:52,119] {dag.py:2398} INFO - Sync 1 DAGs
[2022-05-09 23:54:52,136] {logging_mixin.py:109} INFO - [2022-05-09 23:54:52,136] {dag.py:2937} INFO - Setting next_dagrun for example_kubernetes_executor to None
[2022-05-09 23:54:52,146] {processor.py:171} INFO - Processing /home/airflow/.local/lib/python3.7/site-packages/airflow/example_dags/example_kubernetes_executor.py took 0.081 seconds
[2022-05-09 23:55:22,568] {processor.py:163} INFO - Started process (PID=1663) to work on /home/airflow/.local/lib/python3.7/site-packages/airflow/example_dags/example_kubernetes_executor.py
[2022-05-09 23:55:22,570] {processor.py:642} INFO - Processing file /home/airflow/.local/lib/python3.7/site-packages/airflow/example_dags/example_kubernetes_executor.py for tasks to queue
[2022-05-09 23:55:22,572] {logging_mixin.py:109} INFO - [2022-05-09 23:55:22,572] {dagbag.py:500} INFO - Filling up the DagBag from /home/airflow/.local/lib/python3.7/site-packages/airflow/example_dags/example_kubernetes_executor.py
[2022-05-09 23:55:22,595] {processor.py:652} INFO - DAG(s) dict_keys(['example_kubernetes_executor']) retrieved from /home/airflow/.local/lib/python3.7/site-packages/airflow/example_dags/example_kubernetes_executor.py
[2022-05-09 23:55:22,622] {logging_mixin.py:109} INFO - [2022-05-09 23:55:22,622] {dag.py:2398} INFO - Sync 1 DAGs
[2022-05-09 23:55:22,641] {logging_mixin.py:109} INFO - [2022-05-09 23:55:22,641] {dag.py:2937} INFO - Setting next_dagrun for example_kubernetes_executor to None
[2022-05-09 23:55:22,655] {processor.py:171} INFO - Processing /home/airflow/.local/lib/python3.7/site-packages/airflow/example_dags/example_kubernetes_executor.py took 0.093 seconds
[2022-05-09 23:55:53,084] {processor.py:163} INFO - Started process (PID=1724) to work on /home/airflow/.local/lib/python3.7/site-packages/airflow/example_dags/example_kubernetes_executor.py
[2022-05-09 23:55:53,086] {processor.py:642} INFO - Processing file /home/airflow/.local/lib/python3.7/site-packages/airflow/example_dags/example_kubernetes_executor.py for tasks to queue
[2022-05-09 23:55:53,087] {logging_mixin.py:109} INFO - [2022-05-09 23:55:53,087] {dagbag.py:500} INFO - Filling up the DagBag from /home/airflow/.local/lib/python3.7/site-packages/airflow/example_dags/example_kubernetes_executor.py
[2022-05-09 23:55:53,113] {processor.py:652} INFO - DAG(s) dict_keys(['example_kubernetes_executor']) retrieved from /home/airflow/.local/lib/python3.7/site-packages/airflow/example_dags/example_kubernetes_executor.py
[2022-05-09 23:55:53,142] {logging_mixin.py:109} INFO - [2022-05-09 23:55:53,142] {dag.py:2398} INFO - Sync 1 DAGs
[2022-05-09 23:55:53,159] {logging_mixin.py:109} INFO - [2022-05-09 23:55:53,159] {dag.py:2937} INFO - Setting next_dagrun for example_kubernetes_executor to None
[2022-05-09 23:55:53,171] {processor.py:171} INFO - Processing /home/airflow/.local/lib/python3.7/site-packages/airflow/example_dags/example_kubernetes_executor.py took 0.091 seconds
[2022-05-09 23:56:23,908] {processor.py:163} INFO - Started process (PID=1775) to work on /home/airflow/.local/lib/python3.7/site-packages/airflow/example_dags/example_kubernetes_executor.py
[2022-05-09 23:56:23,910] {processor.py:642} INFO - Processing file /home/airflow/.local/lib/python3.7/site-packages/airflow/example_dags/example_kubernetes_executor.py for tasks to queue
[2022-05-09 23:56:23,915] {logging_mixin.py:109} INFO - [2022-05-09 23:56:23,915] {dagbag.py:500} INFO - Filling up the DagBag from /home/airflow/.local/lib/python3.7/site-packages/airflow/example_dags/example_kubernetes_executor.py
[2022-05-09 23:56:23,942] {processor.py:652} INFO - DAG(s) dict_keys(['example_kubernetes_executor']) retrieved from /home/airflow/.local/lib/python3.7/site-packages/airflow/example_dags/example_kubernetes_executor.py
[2022-05-09 23:56:23,968] {logging_mixin.py:109} INFO - [2022-05-09 23:56:23,968] {dag.py:2398} INFO - Sync 1 DAGs
[2022-05-09 23:56:23,986] {logging_mixin.py:109} INFO - [2022-05-09 23:56:23,986] {dag.py:2937} INFO - Setting next_dagrun for example_kubernetes_executor to None
[2022-05-09 23:56:23,998] {processor.py:171} INFO - Processing /home/airflow/.local/lib/python3.7/site-packages/airflow/example_dags/example_kubernetes_executor.py took 0.095 seconds
[2022-05-09 23:56:54,698] {processor.py:163} INFO - Started process (PID=1837) to work on /home/airflow/.local/lib/python3.7/site-packages/airflow/example_dags/example_kubernetes_executor.py
[2022-05-09 23:56:54,700] {processor.py:642} INFO - Processing file /home/airflow/.local/lib/python3.7/site-packages/airflow/example_dags/example_kubernetes_executor.py for tasks to queue
[2022-05-09 23:56:54,701] {logging_mixin.py:109} INFO - [2022-05-09 23:56:54,701] {dagbag.py:500} INFO - Filling up the DagBag from /home/airflow/.local/lib/python3.7/site-packages/airflow/example_dags/example_kubernetes_executor.py
[2022-05-09 23:56:54,726] {processor.py:652} INFO - DAG(s) dict_keys(['example_kubernetes_executor']) retrieved from /home/airflow/.local/lib/python3.7/site-packages/airflow/example_dags/example_kubernetes_executor.py
[2022-05-09 23:56:54,753] {logging_mixin.py:109} INFO - [2022-05-09 23:56:54,753] {dag.py:2398} INFO - Sync 1 DAGs
[2022-05-09 23:56:54,770] {logging_mixin.py:109} INFO - [2022-05-09 23:56:54,770] {dag.py:2937} INFO - Setting next_dagrun for example_kubernetes_executor to None
[2022-05-09 23:56:54,782] {processor.py:171} INFO - Processing /home/airflow/.local/lib/python3.7/site-packages/airflow/example_dags/example_kubernetes_executor.py took 0.090 seconds
[2022-05-09 23:57:25,313] {processor.py:163} INFO - Started process (PID=1889) to work on /home/airflow/.local/lib/python3.7/site-packages/airflow/example_dags/example_kubernetes_executor.py
[2022-05-09 23:57:25,315] {processor.py:642} INFO - Processing file /home/airflow/.local/lib/python3.7/site-packages/airflow/example_dags/example_kubernetes_executor.py for tasks to queue
[2022-05-09 23:57:25,316] {logging_mixin.py:109} INFO - [2022-05-09 23:57:25,316] {dagbag.py:500} INFO - Filling up the DagBag from /home/airflow/.local/lib/python3.7/site-packages/airflow/example_dags/example_kubernetes_executor.py
[2022-05-09 23:57:25,340] {processor.py:652} INFO - DAG(s) dict_keys(['example_kubernetes_executor']) retrieved from /home/airflow/.local/lib/python3.7/site-packages/airflow/example_dags/example_kubernetes_executor.py
[2022-05-09 23:57:25,368] {logging_mixin.py:109} INFO - [2022-05-09 23:57:25,367] {dag.py:2398} INFO - Sync 1 DAGs
[2022-05-09 23:57:25,394] {logging_mixin.py:109} INFO - [2022-05-09 23:57:25,394] {dag.py:2937} INFO - Setting next_dagrun for example_kubernetes_executor to None
[2022-05-09 23:57:25,407] {processor.py:171} INFO - Processing /home/airflow/.local/lib/python3.7/site-packages/airflow/example_dags/example_kubernetes_executor.py took 0.097 seconds
[2022-05-09 23:57:55,999] {processor.py:163} INFO - Started process (PID=1951) to work on /home/airflow/.local/lib/python3.7/site-packages/airflow/example_dags/example_kubernetes_executor.py
[2022-05-09 23:57:56,001] {processor.py:642} INFO - Processing file /home/airflow/.local/lib/python3.7/site-packages/airflow/example_dags/example_kubernetes_executor.py for tasks to queue
[2022-05-09 23:57:56,002] {logging_mixin.py:109} INFO - [2022-05-09 23:57:56,002] {dagbag.py:500} INFO - Filling up the DagBag from /home/airflow/.local/lib/python3.7/site-packages/airflow/example_dags/example_kubernetes_executor.py
[2022-05-09 23:57:56,027] {processor.py:652} INFO - DAG(s) dict_keys(['example_kubernetes_executor']) retrieved from /home/airflow/.local/lib/python3.7/site-packages/airflow/example_dags/example_kubernetes_executor.py
[2022-05-09 23:57:56,051] {logging_mixin.py:109} INFO - [2022-05-09 23:57:56,051] {dag.py:2398} INFO - Sync 1 DAGs
[2022-05-09 23:57:56,067] {logging_mixin.py:109} INFO - [2022-05-09 23:57:56,067] {dag.py:2937} INFO - Setting next_dagrun for example_kubernetes_executor to None
[2022-05-09 23:57:56,076] {processor.py:171} INFO - Processing /home/airflow/.local/lib/python3.7/site-packages/airflow/example_dags/example_kubernetes_executor.py took 0.082 seconds
[2022-05-09 23:58:26,688] {processor.py:163} INFO - Started process (PID=2013) to work on /home/airflow/.local/lib/python3.7/site-packages/airflow/example_dags/example_kubernetes_executor.py
[2022-05-09 23:58:26,690] {processor.py:642} INFO - Processing file /home/airflow/.local/lib/python3.7/site-packages/airflow/example_dags/example_kubernetes_executor.py for tasks to queue
[2022-05-09 23:58:26,691] {logging_mixin.py:109} INFO - [2022-05-09 23:58:26,691] {dagbag.py:500} INFO - Filling up the DagBag from /home/airflow/.local/lib/python3.7/site-packages/airflow/example_dags/example_kubernetes_executor.py
[2022-05-09 23:58:26,712] {processor.py:652} INFO - DAG(s) dict_keys(['example_kubernetes_executor']) retrieved from /home/airflow/.local/lib/python3.7/site-packages/airflow/example_dags/example_kubernetes_executor.py
[2022-05-09 23:58:26,737] {logging_mixin.py:109} INFO - [2022-05-09 23:58:26,737] {dag.py:2398} INFO - Sync 1 DAGs
[2022-05-09 23:58:26,756] {logging_mixin.py:109} INFO - [2022-05-09 23:58:26,756] {dag.py:2937} INFO - Setting next_dagrun for example_kubernetes_executor to None
[2022-05-09 23:58:26,768] {processor.py:171} INFO - Processing /home/airflow/.local/lib/python3.7/site-packages/airflow/example_dags/example_kubernetes_executor.py took 0.084 seconds
[2022-05-09 23:58:57,352] {processor.py:163} INFO - Started process (PID=2065) to work on /home/airflow/.local/lib/python3.7/site-packages/airflow/example_dags/example_kubernetes_executor.py
[2022-05-09 23:58:57,354] {processor.py:642} INFO - Processing file /home/airflow/.local/lib/python3.7/site-packages/airflow/example_dags/example_kubernetes_executor.py for tasks to queue
[2022-05-09 23:58:57,356] {logging_mixin.py:109} INFO - [2022-05-09 23:58:57,355] {dagbag.py:500} INFO - Filling up the DagBag from /home/airflow/.local/lib/python3.7/site-packages/airflow/example_dags/example_kubernetes_executor.py
[2022-05-09 23:58:57,379] {processor.py:652} INFO - DAG(s) dict_keys(['example_kubernetes_executor']) retrieved from /home/airflow/.local/lib/python3.7/site-packages/airflow/example_dags/example_kubernetes_executor.py
[2022-05-09 23:58:57,403] {logging_mixin.py:109} INFO - [2022-05-09 23:58:57,403] {dag.py:2398} INFO - Sync 1 DAGs
[2022-05-09 23:58:57,420] {logging_mixin.py:109} INFO - [2022-05-09 23:58:57,419] {dag.py:2937} INFO - Setting next_dagrun for example_kubernetes_executor to None
[2022-05-09 23:58:57,429] {processor.py:171} INFO - Processing /home/airflow/.local/lib/python3.7/site-packages/airflow/example_dags/example_kubernetes_executor.py took 0.083 seconds
[2022-05-09 23:59:27,996] {processor.py:163} INFO - Started process (PID=2125) to work on /home/airflow/.local/lib/python3.7/site-packages/airflow/example_dags/example_kubernetes_executor.py
[2022-05-09 23:59:27,998] {processor.py:642} INFO - Processing file /home/airflow/.local/lib/python3.7/site-packages/airflow/example_dags/example_kubernetes_executor.py for tasks to queue
[2022-05-09 23:59:28,000] {logging_mixin.py:109} INFO - [2022-05-09 23:59:28,000] {dagbag.py:500} INFO - Filling up the DagBag from /home/airflow/.local/lib/python3.7/site-packages/airflow/example_dags/example_kubernetes_executor.py
[2022-05-09 23:59:28,034] {processor.py:652} INFO - DAG(s) dict_keys(['example_kubernetes_executor']) retrieved from /home/airflow/.local/lib/python3.7/site-packages/airflow/example_dags/example_kubernetes_executor.py
[2022-05-09 23:59:28,065] {logging_mixin.py:109} INFO - [2022-05-09 23:59:28,064] {dag.py:2398} INFO - Sync 1 DAGs
[2022-05-09 23:59:28,088] {logging_mixin.py:109} INFO - [2022-05-09 23:59:28,088] {dag.py:2937} INFO - Setting next_dagrun for example_kubernetes_executor to None
[2022-05-09 23:59:28,099] {processor.py:171} INFO - Processing /home/airflow/.local/lib/python3.7/site-packages/airflow/example_dags/example_kubernetes_executor.py took 0.107 seconds
[2022-05-09 23:59:58,679] {processor.py:163} INFO - Started process (PID=2178) to work on /home/airflow/.local/lib/python3.7/site-packages/airflow/example_dags/example_kubernetes_executor.py
[2022-05-09 23:59:58,681] {processor.py:642} INFO - Processing file /home/airflow/.local/lib/python3.7/site-packages/airflow/example_dags/example_kubernetes_executor.py for tasks to queue
[2022-05-09 23:59:58,682] {logging_mixin.py:109} INFO - [2022-05-09 23:59:58,682] {dagbag.py:500} INFO - Filling up the DagBag from /home/airflow/.local/lib/python3.7/site-packages/airflow/example_dags/example_kubernetes_executor.py
[2022-05-09 23:59:58,703] {processor.py:652} INFO - DAG(s) dict_keys(['example_kubernetes_executor']) retrieved from /home/airflow/.local/lib/python3.7/site-packages/airflow/example_dags/example_kubernetes_executor.py
[2022-05-09 23:59:58,728] {logging_mixin.py:109} INFO - [2022-05-09 23:59:58,728] {dag.py:2398} INFO - Sync 1 DAGs
[2022-05-09 23:59:58,745] {logging_mixin.py:109} INFO - [2022-05-09 23:59:58,745] {dag.py:2937} INFO - Setting next_dagrun for example_kubernetes_executor to None
[2022-05-09 23:59:58,755] {processor.py:171} INFO - Processing /home/airflow/.local/lib/python3.7/site-packages/airflow/example_dags/example_kubernetes_executor.py took 0.079 seconds
