[2022-05-09 23:41:03,448] {processor.py:163} INFO - Started process (PID=57) to work on /home/airflow/.local/lib/python3.7/site-packages/airflow/example_dags/example_xcom.py
[2022-05-09 23:41:03,450] {processor.py:642} INFO - Processing file /home/airflow/.local/lib/python3.7/site-packages/airflow/example_dags/example_xcom.py for tasks to queue
[2022-05-09 23:41:03,454] {logging_mixin.py:109} INFO - [2022-05-09 23:41:03,453] {dagbag.py:500} INFO - Filling up the DagBag from /home/airflow/.local/lib/python3.7/site-packages/airflow/example_dags/example_xcom.py
[2022-05-09 23:41:03,517] {processor.py:652} INFO - DAG(s) dict_keys(['example_xcom']) retrieved from /home/airflow/.local/lib/python3.7/site-packages/airflow/example_dags/example_xcom.py
[2022-05-09 23:41:04,014] {logging_mixin.py:109} INFO - [2022-05-09 23:41:04,014] {dag.py:2398} INFO - Sync 1 DAGs
[2022-05-09 23:41:04,052] {logging_mixin.py:109} INFO - [2022-05-09 23:41:04,052] {dag.py:2937} INFO - Setting next_dagrun for example_xcom to 2021-01-01T00:00:00+00:00
[2022-05-09 23:41:04,065] {processor.py:171} INFO - Processing /home/airflow/.local/lib/python3.7/site-packages/airflow/example_dags/example_xcom.py took 0.624 seconds
[2022-05-09 23:41:34,572] {processor.py:163} INFO - Started process (PID=117) to work on /home/airflow/.local/lib/python3.7/site-packages/airflow/example_dags/example_xcom.py
[2022-05-09 23:41:34,574] {processor.py:642} INFO - Processing file /home/airflow/.local/lib/python3.7/site-packages/airflow/example_dags/example_xcom.py for tasks to queue
[2022-05-09 23:41:34,579] {logging_mixin.py:109} INFO - [2022-05-09 23:41:34,578] {dagbag.py:500} INFO - Filling up the DagBag from /home/airflow/.local/lib/python3.7/site-packages/airflow/example_dags/example_xcom.py
[2022-05-09 23:41:34,614] {processor.py:652} INFO - DAG(s) dict_keys(['example_xcom']) retrieved from /home/airflow/.local/lib/python3.7/site-packages/airflow/example_dags/example_xcom.py
[2022-05-09 23:41:35,192] {logging_mixin.py:109} INFO - [2022-05-09 23:41:35,192] {dag.py:2398} INFO - Sync 1 DAGs
[2022-05-09 23:41:35,211] {logging_mixin.py:109} INFO - [2022-05-09 23:41:35,211] {dag.py:2937} INFO - Setting next_dagrun for example_xcom to 2021-01-01T00:00:00+00:00
[2022-05-09 23:41:35,232] {processor.py:171} INFO - Processing /home/airflow/.local/lib/python3.7/site-packages/airflow/example_dags/example_xcom.py took 0.664 seconds
[2022-05-09 23:42:06,154] {processor.py:163} INFO - Started process (PID=181) to work on /home/airflow/.local/lib/python3.7/site-packages/airflow/example_dags/example_xcom.py
[2022-05-09 23:42:06,156] {processor.py:642} INFO - Processing file /home/airflow/.local/lib/python3.7/site-packages/airflow/example_dags/example_xcom.py for tasks to queue
[2022-05-09 23:42:06,157] {logging_mixin.py:109} INFO - [2022-05-09 23:42:06,157] {dagbag.py:500} INFO - Filling up the DagBag from /home/airflow/.local/lib/python3.7/site-packages/airflow/example_dags/example_xcom.py
[2022-05-09 23:42:06,183] {processor.py:652} INFO - DAG(s) dict_keys(['example_xcom']) retrieved from /home/airflow/.local/lib/python3.7/site-packages/airflow/example_dags/example_xcom.py
[2022-05-09 23:42:06,481] {logging_mixin.py:109} INFO - [2022-05-09 23:42:06,481] {dag.py:2398} INFO - Sync 1 DAGs
[2022-05-09 23:42:06,501] {logging_mixin.py:109} INFO - [2022-05-09 23:42:06,501] {dag.py:2937} INFO - Setting next_dagrun for example_xcom to 2021-01-01T00:00:00+00:00
[2022-05-09 23:42:06,512] {processor.py:171} INFO - Processing /home/airflow/.local/lib/python3.7/site-packages/airflow/example_dags/example_xcom.py took 0.362 seconds
[2022-05-09 23:42:36,928] {processor.py:163} INFO - Started process (PID=234) to work on /home/airflow/.local/lib/python3.7/site-packages/airflow/example_dags/example_xcom.py
[2022-05-09 23:42:36,930] {processor.py:642} INFO - Processing file /home/airflow/.local/lib/python3.7/site-packages/airflow/example_dags/example_xcom.py for tasks to queue
[2022-05-09 23:42:36,931] {logging_mixin.py:109} INFO - [2022-05-09 23:42:36,931] {dagbag.py:500} INFO - Filling up the DagBag from /home/airflow/.local/lib/python3.7/site-packages/airflow/example_dags/example_xcom.py
[2022-05-09 23:42:36,959] {processor.py:652} INFO - DAG(s) dict_keys(['example_xcom']) retrieved from /home/airflow/.local/lib/python3.7/site-packages/airflow/example_dags/example_xcom.py
[2022-05-09 23:42:37,249] {logging_mixin.py:109} INFO - [2022-05-09 23:42:37,249] {dag.py:2398} INFO - Sync 1 DAGs
[2022-05-09 23:42:37,262] {logging_mixin.py:109} INFO - [2022-05-09 23:42:37,262] {dag.py:2937} INFO - Setting next_dagrun for example_xcom to 2021-01-01T00:00:00+00:00
[2022-05-09 23:42:37,273] {processor.py:171} INFO - Processing /home/airflow/.local/lib/python3.7/site-packages/airflow/example_dags/example_xcom.py took 0.350 seconds
[2022-05-09 23:43:08,082] {processor.py:163} INFO - Started process (PID=295) to work on /home/airflow/.local/lib/python3.7/site-packages/airflow/example_dags/example_xcom.py
[2022-05-09 23:43:08,084] {processor.py:642} INFO - Processing file /home/airflow/.local/lib/python3.7/site-packages/airflow/example_dags/example_xcom.py for tasks to queue
[2022-05-09 23:43:08,085] {logging_mixin.py:109} INFO - [2022-05-09 23:43:08,085] {dagbag.py:500} INFO - Filling up the DagBag from /home/airflow/.local/lib/python3.7/site-packages/airflow/example_dags/example_xcom.py
[2022-05-09 23:43:08,108] {processor.py:652} INFO - DAG(s) dict_keys(['example_xcom']) retrieved from /home/airflow/.local/lib/python3.7/site-packages/airflow/example_dags/example_xcom.py
[2022-05-09 23:43:08,416] {logging_mixin.py:109} INFO - [2022-05-09 23:43:08,416] {dag.py:2398} INFO - Sync 1 DAGs
[2022-05-09 23:43:08,430] {logging_mixin.py:109} INFO - [2022-05-09 23:43:08,430] {dag.py:2937} INFO - Setting next_dagrun for example_xcom to 2021-01-01T00:00:00+00:00
[2022-05-09 23:43:08,442] {processor.py:171} INFO - Processing /home/airflow/.local/lib/python3.7/site-packages/airflow/example_dags/example_xcom.py took 0.363 seconds
[2022-05-09 23:43:38,930] {processor.py:163} INFO - Started process (PID=347) to work on /home/airflow/.local/lib/python3.7/site-packages/airflow/example_dags/example_xcom.py
[2022-05-09 23:43:38,932] {processor.py:642} INFO - Processing file /home/airflow/.local/lib/python3.7/site-packages/airflow/example_dags/example_xcom.py for tasks to queue
[2022-05-09 23:43:38,934] {logging_mixin.py:109} INFO - [2022-05-09 23:43:38,933] {dagbag.py:500} INFO - Filling up the DagBag from /home/airflow/.local/lib/python3.7/site-packages/airflow/example_dags/example_xcom.py
[2022-05-09 23:43:38,960] {processor.py:652} INFO - DAG(s) dict_keys(['example_xcom']) retrieved from /home/airflow/.local/lib/python3.7/site-packages/airflow/example_dags/example_xcom.py
[2022-05-09 23:43:39,280] {logging_mixin.py:109} INFO - [2022-05-09 23:43:39,280] {dag.py:2398} INFO - Sync 1 DAGs
[2022-05-09 23:43:39,295] {logging_mixin.py:109} INFO - [2022-05-09 23:43:39,295] {dag.py:2937} INFO - Setting next_dagrun for example_xcom to 2021-01-01T00:00:00+00:00
[2022-05-09 23:43:39,307] {processor.py:171} INFO - Processing /home/airflow/.local/lib/python3.7/site-packages/airflow/example_dags/example_xcom.py took 0.382 seconds
[2022-05-09 23:44:09,885] {processor.py:163} INFO - Started process (PID=410) to work on /home/airflow/.local/lib/python3.7/site-packages/airflow/example_dags/example_xcom.py
[2022-05-09 23:44:09,887] {processor.py:642} INFO - Processing file /home/airflow/.local/lib/python3.7/site-packages/airflow/example_dags/example_xcom.py for tasks to queue
[2022-05-09 23:44:09,888] {logging_mixin.py:109} INFO - [2022-05-09 23:44:09,888] {dagbag.py:500} INFO - Filling up the DagBag from /home/airflow/.local/lib/python3.7/site-packages/airflow/example_dags/example_xcom.py
[2022-05-09 23:44:09,917] {processor.py:652} INFO - DAG(s) dict_keys(['example_xcom']) retrieved from /home/airflow/.local/lib/python3.7/site-packages/airflow/example_dags/example_xcom.py
[2022-05-09 23:44:10,226] {logging_mixin.py:109} INFO - [2022-05-09 23:44:10,226] {dag.py:2398} INFO - Sync 1 DAGs
[2022-05-09 23:44:10,240] {logging_mixin.py:109} INFO - [2022-05-09 23:44:10,240] {dag.py:2937} INFO - Setting next_dagrun for example_xcom to 2021-01-01T00:00:00+00:00
[2022-05-09 23:44:10,253] {processor.py:171} INFO - Processing /home/airflow/.local/lib/python3.7/site-packages/airflow/example_dags/example_xcom.py took 0.372 seconds
[2022-05-09 23:44:40,656] {processor.py:163} INFO - Started process (PID=464) to work on /home/airflow/.local/lib/python3.7/site-packages/airflow/example_dags/example_xcom.py
[2022-05-09 23:44:40,658] {processor.py:642} INFO - Processing file /home/airflow/.local/lib/python3.7/site-packages/airflow/example_dags/example_xcom.py for tasks to queue
[2022-05-09 23:44:40,659] {logging_mixin.py:109} INFO - [2022-05-09 23:44:40,659] {dagbag.py:500} INFO - Filling up the DagBag from /home/airflow/.local/lib/python3.7/site-packages/airflow/example_dags/example_xcom.py
[2022-05-09 23:44:40,685] {processor.py:652} INFO - DAG(s) dict_keys(['example_xcom']) retrieved from /home/airflow/.local/lib/python3.7/site-packages/airflow/example_dags/example_xcom.py
[2022-05-09 23:44:41,008] {logging_mixin.py:109} INFO - [2022-05-09 23:44:41,008] {dag.py:2398} INFO - Sync 1 DAGs
[2022-05-09 23:44:41,023] {logging_mixin.py:109} INFO - [2022-05-09 23:44:41,023] {dag.py:2937} INFO - Setting next_dagrun for example_xcom to 2021-01-01T00:00:00+00:00
[2022-05-09 23:44:41,037] {processor.py:171} INFO - Processing /home/airflow/.local/lib/python3.7/site-packages/airflow/example_dags/example_xcom.py took 0.385 seconds
[2022-05-09 23:45:11,824] {processor.py:163} INFO - Started process (PID=529) to work on /home/airflow/.local/lib/python3.7/site-packages/airflow/example_dags/example_xcom.py
[2022-05-09 23:45:11,826] {processor.py:642} INFO - Processing file /home/airflow/.local/lib/python3.7/site-packages/airflow/example_dags/example_xcom.py for tasks to queue
[2022-05-09 23:45:11,828] {logging_mixin.py:109} INFO - [2022-05-09 23:45:11,828] {dagbag.py:500} INFO - Filling up the DagBag from /home/airflow/.local/lib/python3.7/site-packages/airflow/example_dags/example_xcom.py
[2022-05-09 23:45:11,855] {processor.py:652} INFO - DAG(s) dict_keys(['example_xcom']) retrieved from /home/airflow/.local/lib/python3.7/site-packages/airflow/example_dags/example_xcom.py
[2022-05-09 23:45:12,168] {logging_mixin.py:109} INFO - [2022-05-09 23:45:12,167] {dag.py:2398} INFO - Sync 1 DAGs
[2022-05-09 23:45:12,184] {logging_mixin.py:109} INFO - [2022-05-09 23:45:12,184] {dag.py:2937} INFO - Setting next_dagrun for example_xcom to 2021-01-01T00:00:00+00:00
[2022-05-09 23:45:12,196] {processor.py:171} INFO - Processing /home/airflow/.local/lib/python3.7/site-packages/airflow/example_dags/example_xcom.py took 0.377 seconds
[2022-05-09 23:45:42,776] {processor.py:163} INFO - Started process (PID=580) to work on /home/airflow/.local/lib/python3.7/site-packages/airflow/example_dags/example_xcom.py
[2022-05-09 23:45:42,795] {processor.py:642} INFO - Processing file /home/airflow/.local/lib/python3.7/site-packages/airflow/example_dags/example_xcom.py for tasks to queue
[2022-05-09 23:45:42,804] {logging_mixin.py:109} INFO - [2022-05-09 23:45:42,803] {dagbag.py:500} INFO - Filling up the DagBag from /home/airflow/.local/lib/python3.7/site-packages/airflow/example_dags/example_xcom.py
[2022-05-09 23:45:42,867] {processor.py:652} INFO - DAG(s) dict_keys(['example_xcom']) retrieved from /home/airflow/.local/lib/python3.7/site-packages/airflow/example_dags/example_xcom.py
[2022-05-09 23:45:43,271] {logging_mixin.py:109} INFO - [2022-05-09 23:45:43,271] {dag.py:2398} INFO - Sync 1 DAGs
[2022-05-09 23:45:43,291] {logging_mixin.py:109} INFO - [2022-05-09 23:45:43,291] {dag.py:2937} INFO - Setting next_dagrun for example_xcom to 2021-01-01T00:00:00+00:00
[2022-05-09 23:45:43,307] {processor.py:171} INFO - Processing /home/airflow/.local/lib/python3.7/site-packages/airflow/example_dags/example_xcom.py took 0.544 seconds
[2022-05-09 23:46:13,919] {processor.py:163} INFO - Started process (PID=645) to work on /home/airflow/.local/lib/python3.7/site-packages/airflow/example_dags/example_xcom.py
[2022-05-09 23:46:13,921] {processor.py:642} INFO - Processing file /home/airflow/.local/lib/python3.7/site-packages/airflow/example_dags/example_xcom.py for tasks to queue
[2022-05-09 23:46:13,923] {logging_mixin.py:109} INFO - [2022-05-09 23:46:13,922] {dagbag.py:500} INFO - Filling up the DagBag from /home/airflow/.local/lib/python3.7/site-packages/airflow/example_dags/example_xcom.py
[2022-05-09 23:46:13,947] {processor.py:652} INFO - DAG(s) dict_keys(['example_xcom']) retrieved from /home/airflow/.local/lib/python3.7/site-packages/airflow/example_dags/example_xcom.py
[2022-05-09 23:46:14,264] {logging_mixin.py:109} INFO - [2022-05-09 23:46:14,264] {dag.py:2398} INFO - Sync 1 DAGs
[2022-05-09 23:46:14,280] {logging_mixin.py:109} INFO - [2022-05-09 23:46:14,280] {dag.py:2937} INFO - Setting next_dagrun for example_xcom to 2021-01-01T00:00:00+00:00
[2022-05-09 23:46:14,305] {processor.py:171} INFO - Processing /home/airflow/.local/lib/python3.7/site-packages/airflow/example_dags/example_xcom.py took 0.390 seconds
[2022-05-09 23:46:44,679] {processor.py:163} INFO - Started process (PID=708) to work on /home/airflow/.local/lib/python3.7/site-packages/airflow/example_dags/example_xcom.py
[2022-05-09 23:46:44,681] {processor.py:642} INFO - Processing file /home/airflow/.local/lib/python3.7/site-packages/airflow/example_dags/example_xcom.py for tasks to queue
[2022-05-09 23:46:44,683] {logging_mixin.py:109} INFO - [2022-05-09 23:46:44,683] {dagbag.py:500} INFO - Filling up the DagBag from /home/airflow/.local/lib/python3.7/site-packages/airflow/example_dags/example_xcom.py
[2022-05-09 23:46:44,712] {processor.py:652} INFO - DAG(s) dict_keys(['example_xcom']) retrieved from /home/airflow/.local/lib/python3.7/site-packages/airflow/example_dags/example_xcom.py
[2022-05-09 23:46:45,065] {logging_mixin.py:109} INFO - [2022-05-09 23:46:45,065] {dag.py:2398} INFO - Sync 1 DAGs
[2022-05-09 23:46:45,085] {logging_mixin.py:109} INFO - [2022-05-09 23:46:45,084] {dag.py:2937} INFO - Setting next_dagrun for example_xcom to 2021-01-01T00:00:00+00:00
[2022-05-09 23:46:45,103] {processor.py:171} INFO - Processing /home/airflow/.local/lib/python3.7/site-packages/airflow/example_dags/example_xcom.py took 0.430 seconds
[2022-05-09 23:47:15,688] {processor.py:163} INFO - Started process (PID=759) to work on /home/airflow/.local/lib/python3.7/site-packages/airflow/example_dags/example_xcom.py
[2022-05-09 23:47:15,690] {processor.py:642} INFO - Processing file /home/airflow/.local/lib/python3.7/site-packages/airflow/example_dags/example_xcom.py for tasks to queue
[2022-05-09 23:47:15,691] {logging_mixin.py:109} INFO - [2022-05-09 23:47:15,691] {dagbag.py:500} INFO - Filling up the DagBag from /home/airflow/.local/lib/python3.7/site-packages/airflow/example_dags/example_xcom.py
[2022-05-09 23:47:15,713] {processor.py:652} INFO - DAG(s) dict_keys(['example_xcom']) retrieved from /home/airflow/.local/lib/python3.7/site-packages/airflow/example_dags/example_xcom.py
[2022-05-09 23:47:16,010] {logging_mixin.py:109} INFO - [2022-05-09 23:47:16,010] {dag.py:2398} INFO - Sync 1 DAGs
[2022-05-09 23:47:16,030] {logging_mixin.py:109} INFO - [2022-05-09 23:47:16,030] {dag.py:2937} INFO - Setting next_dagrun for example_xcom to 2021-01-01T00:00:00+00:00
[2022-05-09 23:47:16,046] {processor.py:171} INFO - Processing /home/airflow/.local/lib/python3.7/site-packages/airflow/example_dags/example_xcom.py took 0.362 seconds
[2022-05-09 23:47:46,439] {processor.py:163} INFO - Started process (PID=819) to work on /home/airflow/.local/lib/python3.7/site-packages/airflow/example_dags/example_xcom.py
[2022-05-09 23:47:46,441] {processor.py:642} INFO - Processing file /home/airflow/.local/lib/python3.7/site-packages/airflow/example_dags/example_xcom.py for tasks to queue
[2022-05-09 23:47:46,442] {logging_mixin.py:109} INFO - [2022-05-09 23:47:46,442] {dagbag.py:500} INFO - Filling up the DagBag from /home/airflow/.local/lib/python3.7/site-packages/airflow/example_dags/example_xcom.py
[2022-05-09 23:47:46,465] {processor.py:652} INFO - DAG(s) dict_keys(['example_xcom']) retrieved from /home/airflow/.local/lib/python3.7/site-packages/airflow/example_dags/example_xcom.py
[2022-05-09 23:47:46,792] {logging_mixin.py:109} INFO - [2022-05-09 23:47:46,792] {dag.py:2398} INFO - Sync 1 DAGs
[2022-05-09 23:47:46,807] {logging_mixin.py:109} INFO - [2022-05-09 23:47:46,807] {dag.py:2937} INFO - Setting next_dagrun for example_xcom to 2021-01-01T00:00:00+00:00
[2022-05-09 23:47:46,819] {processor.py:171} INFO - Processing /home/airflow/.local/lib/python3.7/site-packages/airflow/example_dags/example_xcom.py took 0.384 seconds
[2022-05-09 23:48:16,894] {processor.py:163} INFO - Started process (PID=870) to work on /home/airflow/.local/lib/python3.7/site-packages/airflow/example_dags/example_xcom.py
[2022-05-09 23:48:16,898] {processor.py:642} INFO - Processing file /home/airflow/.local/lib/python3.7/site-packages/airflow/example_dags/example_xcom.py for tasks to queue
[2022-05-09 23:48:16,900] {logging_mixin.py:109} INFO - [2022-05-09 23:48:16,900] {dagbag.py:500} INFO - Filling up the DagBag from /home/airflow/.local/lib/python3.7/site-packages/airflow/example_dags/example_xcom.py
[2022-05-09 23:48:16,930] {processor.py:652} INFO - DAG(s) dict_keys(['example_xcom']) retrieved from /home/airflow/.local/lib/python3.7/site-packages/airflow/example_dags/example_xcom.py
[2022-05-09 23:48:17,284] {logging_mixin.py:109} INFO - [2022-05-09 23:48:17,284] {dag.py:2398} INFO - Sync 1 DAGs
[2022-05-09 23:48:17,300] {logging_mixin.py:109} INFO - [2022-05-09 23:48:17,300] {dag.py:2937} INFO - Setting next_dagrun for example_xcom to 2021-01-01T00:00:00+00:00
[2022-05-09 23:48:17,314] {processor.py:171} INFO - Processing /home/airflow/.local/lib/python3.7/site-packages/airflow/example_dags/example_xcom.py took 0.429 seconds
[2022-05-09 23:48:48,036] {processor.py:163} INFO - Started process (PID=934) to work on /home/airflow/.local/lib/python3.7/site-packages/airflow/example_dags/example_xcom.py
[2022-05-09 23:48:48,039] {processor.py:642} INFO - Processing file /home/airflow/.local/lib/python3.7/site-packages/airflow/example_dags/example_xcom.py for tasks to queue
[2022-05-09 23:48:48,040] {logging_mixin.py:109} INFO - [2022-05-09 23:48:48,039] {dagbag.py:500} INFO - Filling up the DagBag from /home/airflow/.local/lib/python3.7/site-packages/airflow/example_dags/example_xcom.py
[2022-05-09 23:48:48,063] {processor.py:652} INFO - DAG(s) dict_keys(['example_xcom']) retrieved from /home/airflow/.local/lib/python3.7/site-packages/airflow/example_dags/example_xcom.py
[2022-05-09 23:48:48,364] {logging_mixin.py:109} INFO - [2022-05-09 23:48:48,364] {dag.py:2398} INFO - Sync 1 DAGs
[2022-05-09 23:48:48,378] {logging_mixin.py:109} INFO - [2022-05-09 23:48:48,377] {dag.py:2937} INFO - Setting next_dagrun for example_xcom to 2021-01-01T00:00:00+00:00
[2022-05-09 23:48:48,389] {processor.py:171} INFO - Processing /home/airflow/.local/lib/python3.7/site-packages/airflow/example_dags/example_xcom.py took 0.356 seconds
[2022-05-09 23:49:18,586] {processor.py:163} INFO - Started process (PID=985) to work on /home/airflow/.local/lib/python3.7/site-packages/airflow/example_dags/example_xcom.py
[2022-05-09 23:49:18,588] {processor.py:642} INFO - Processing file /home/airflow/.local/lib/python3.7/site-packages/airflow/example_dags/example_xcom.py for tasks to queue
[2022-05-09 23:49:18,589] {logging_mixin.py:109} INFO - [2022-05-09 23:49:18,589] {dagbag.py:500} INFO - Filling up the DagBag from /home/airflow/.local/lib/python3.7/site-packages/airflow/example_dags/example_xcom.py
[2022-05-09 23:49:18,612] {processor.py:652} INFO - DAG(s) dict_keys(['example_xcom']) retrieved from /home/airflow/.local/lib/python3.7/site-packages/airflow/example_dags/example_xcom.py
[2022-05-09 23:49:18,905] {logging_mixin.py:109} INFO - [2022-05-09 23:49:18,905] {dag.py:2398} INFO - Sync 1 DAGs
[2022-05-09 23:49:18,919] {logging_mixin.py:109} INFO - [2022-05-09 23:49:18,919] {dag.py:2937} INFO - Setting next_dagrun for example_xcom to 2021-01-01T00:00:00+00:00
[2022-05-09 23:49:18,928] {processor.py:171} INFO - Processing /home/airflow/.local/lib/python3.7/site-packages/airflow/example_dags/example_xcom.py took 0.369 seconds
[2022-05-09 23:49:49,358] {processor.py:163} INFO - Started process (PID=1047) to work on /home/airflow/.local/lib/python3.7/site-packages/airflow/example_dags/example_xcom.py
[2022-05-09 23:49:49,359] {processor.py:642} INFO - Processing file /home/airflow/.local/lib/python3.7/site-packages/airflow/example_dags/example_xcom.py for tasks to queue
[2022-05-09 23:49:49,360] {logging_mixin.py:109} INFO - [2022-05-09 23:49:49,360] {dagbag.py:500} INFO - Filling up the DagBag from /home/airflow/.local/lib/python3.7/site-packages/airflow/example_dags/example_xcom.py
[2022-05-09 23:49:49,384] {processor.py:652} INFO - DAG(s) dict_keys(['example_xcom']) retrieved from /home/airflow/.local/lib/python3.7/site-packages/airflow/example_dags/example_xcom.py
[2022-05-09 23:49:49,683] {logging_mixin.py:109} INFO - [2022-05-09 23:49:49,683] {dag.py:2398} INFO - Sync 1 DAGs
[2022-05-09 23:49:49,697] {logging_mixin.py:109} INFO - [2022-05-09 23:49:49,697] {dag.py:2937} INFO - Setting next_dagrun for example_xcom to 2021-01-01T00:00:00+00:00
[2022-05-09 23:49:49,708] {processor.py:171} INFO - Processing /home/airflow/.local/lib/python3.7/site-packages/airflow/example_dags/example_xcom.py took 0.355 seconds
[2022-05-09 23:50:20,028] {processor.py:163} INFO - Started process (PID=1107) to work on /home/airflow/.local/lib/python3.7/site-packages/airflow/example_dags/example_xcom.py
[2022-05-09 23:50:20,033] {processor.py:642} INFO - Processing file /home/airflow/.local/lib/python3.7/site-packages/airflow/example_dags/example_xcom.py for tasks to queue
[2022-05-09 23:50:20,035] {logging_mixin.py:109} INFO - [2022-05-09 23:50:20,035] {dagbag.py:500} INFO - Filling up the DagBag from /home/airflow/.local/lib/python3.7/site-packages/airflow/example_dags/example_xcom.py
[2022-05-09 23:50:20,062] {processor.py:652} INFO - DAG(s) dict_keys(['example_xcom']) retrieved from /home/airflow/.local/lib/python3.7/site-packages/airflow/example_dags/example_xcom.py
[2022-05-09 23:50:20,377] {logging_mixin.py:109} INFO - [2022-05-09 23:50:20,377] {dag.py:2398} INFO - Sync 1 DAGs
[2022-05-09 23:50:20,389] {logging_mixin.py:109} INFO - [2022-05-09 23:50:20,389] {dag.py:2937} INFO - Setting next_dagrun for example_xcom to 2021-01-01T00:00:00+00:00
[2022-05-09 23:50:20,399] {processor.py:171} INFO - Processing /home/airflow/.local/lib/python3.7/site-packages/airflow/example_dags/example_xcom.py took 0.375 seconds
[2022-05-09 23:50:50,630] {processor.py:163} INFO - Started process (PID=1160) to work on /home/airflow/.local/lib/python3.7/site-packages/airflow/example_dags/example_xcom.py
[2022-05-09 23:50:50,632] {processor.py:642} INFO - Processing file /home/airflow/.local/lib/python3.7/site-packages/airflow/example_dags/example_xcom.py for tasks to queue
[2022-05-09 23:50:50,633] {logging_mixin.py:109} INFO - [2022-05-09 23:50:50,633] {dagbag.py:500} INFO - Filling up the DagBag from /home/airflow/.local/lib/python3.7/site-packages/airflow/example_dags/example_xcom.py
[2022-05-09 23:50:50,657] {processor.py:652} INFO - DAG(s) dict_keys(['example_xcom']) retrieved from /home/airflow/.local/lib/python3.7/site-packages/airflow/example_dags/example_xcom.py
[2022-05-09 23:50:50,942] {logging_mixin.py:109} INFO - [2022-05-09 23:50:50,942] {dag.py:2398} INFO - Sync 1 DAGs
[2022-05-09 23:50:50,956] {logging_mixin.py:109} INFO - [2022-05-09 23:50:50,956] {dag.py:2937} INFO - Setting next_dagrun for example_xcom to 2021-01-01T00:00:00+00:00
[2022-05-09 23:50:50,967] {processor.py:171} INFO - Processing /home/airflow/.local/lib/python3.7/site-packages/airflow/example_dags/example_xcom.py took 0.340 seconds
[2022-05-09 23:51:21,182] {processor.py:163} INFO - Started process (PID=1220) to work on /home/airflow/.local/lib/python3.7/site-packages/airflow/example_dags/example_xcom.py
[2022-05-09 23:51:21,184] {processor.py:642} INFO - Processing file /home/airflow/.local/lib/python3.7/site-packages/airflow/example_dags/example_xcom.py for tasks to queue
[2022-05-09 23:51:21,186] {logging_mixin.py:109} INFO - [2022-05-09 23:51:21,185] {dagbag.py:500} INFO - Filling up the DagBag from /home/airflow/.local/lib/python3.7/site-packages/airflow/example_dags/example_xcom.py
[2022-05-09 23:51:21,209] {processor.py:652} INFO - DAG(s) dict_keys(['example_xcom']) retrieved from /home/airflow/.local/lib/python3.7/site-packages/airflow/example_dags/example_xcom.py
[2022-05-09 23:51:21,504] {logging_mixin.py:109} INFO - [2022-05-09 23:51:21,504] {dag.py:2398} INFO - Sync 1 DAGs
[2022-05-09 23:51:21,518] {logging_mixin.py:109} INFO - [2022-05-09 23:51:21,517] {dag.py:2937} INFO - Setting next_dagrun for example_xcom to 2021-01-01T00:00:00+00:00
[2022-05-09 23:51:21,528] {processor.py:171} INFO - Processing /home/airflow/.local/lib/python3.7/site-packages/airflow/example_dags/example_xcom.py took 0.350 seconds
[2022-05-09 23:51:51,798] {processor.py:163} INFO - Started process (PID=1271) to work on /home/airflow/.local/lib/python3.7/site-packages/airflow/example_dags/example_xcom.py
[2022-05-09 23:51:51,799] {processor.py:642} INFO - Processing file /home/airflow/.local/lib/python3.7/site-packages/airflow/example_dags/example_xcom.py for tasks to queue
[2022-05-09 23:51:51,801] {logging_mixin.py:109} INFO - [2022-05-09 23:51:51,800] {dagbag.py:500} INFO - Filling up the DagBag from /home/airflow/.local/lib/python3.7/site-packages/airflow/example_dags/example_xcom.py
[2022-05-09 23:51:51,823] {processor.py:652} INFO - DAG(s) dict_keys(['example_xcom']) retrieved from /home/airflow/.local/lib/python3.7/site-packages/airflow/example_dags/example_xcom.py
[2022-05-09 23:51:52,117] {logging_mixin.py:109} INFO - [2022-05-09 23:51:52,117] {dag.py:2398} INFO - Sync 1 DAGs
[2022-05-09 23:51:52,131] {logging_mixin.py:109} INFO - [2022-05-09 23:51:52,131] {dag.py:2937} INFO - Setting next_dagrun for example_xcom to 2021-01-01T00:00:00+00:00
[2022-05-09 23:51:52,143] {processor.py:171} INFO - Processing /home/airflow/.local/lib/python3.7/site-packages/airflow/example_dags/example_xcom.py took 0.349 seconds
[2022-05-09 23:52:22,406] {processor.py:163} INFO - Started process (PID=1332) to work on /home/airflow/.local/lib/python3.7/site-packages/airflow/example_dags/example_xcom.py
[2022-05-09 23:52:22,408] {processor.py:642} INFO - Processing file /home/airflow/.local/lib/python3.7/site-packages/airflow/example_dags/example_xcom.py for tasks to queue
[2022-05-09 23:52:22,410] {logging_mixin.py:109} INFO - [2022-05-09 23:52:22,409] {dagbag.py:500} INFO - Filling up the DagBag from /home/airflow/.local/lib/python3.7/site-packages/airflow/example_dags/example_xcom.py
[2022-05-09 23:52:22,434] {processor.py:652} INFO - DAG(s) dict_keys(['example_xcom']) retrieved from /home/airflow/.local/lib/python3.7/site-packages/airflow/example_dags/example_xcom.py
[2022-05-09 23:52:22,730] {logging_mixin.py:109} INFO - [2022-05-09 23:52:22,730] {dag.py:2398} INFO - Sync 1 DAGs
[2022-05-09 23:52:22,744] {logging_mixin.py:109} INFO - [2022-05-09 23:52:22,744] {dag.py:2937} INFO - Setting next_dagrun for example_xcom to 2021-01-01T00:00:00+00:00
[2022-05-09 23:52:22,754] {processor.py:171} INFO - Processing /home/airflow/.local/lib/python3.7/site-packages/airflow/example_dags/example_xcom.py took 0.353 seconds
[2022-05-09 23:52:53,002] {processor.py:163} INFO - Started process (PID=1393) to work on /home/airflow/.local/lib/python3.7/site-packages/airflow/example_dags/example_xcom.py
[2022-05-09 23:52:53,003] {processor.py:642} INFO - Processing file /home/airflow/.local/lib/python3.7/site-packages/airflow/example_dags/example_xcom.py for tasks to queue
[2022-05-09 23:52:53,005] {logging_mixin.py:109} INFO - [2022-05-09 23:52:53,005] {dagbag.py:500} INFO - Filling up the DagBag from /home/airflow/.local/lib/python3.7/site-packages/airflow/example_dags/example_xcom.py
[2022-05-09 23:52:53,032] {processor.py:652} INFO - DAG(s) dict_keys(['example_xcom']) retrieved from /home/airflow/.local/lib/python3.7/site-packages/airflow/example_dags/example_xcom.py
[2022-05-09 23:52:53,389] {logging_mixin.py:109} INFO - [2022-05-09 23:52:53,389] {dag.py:2398} INFO - Sync 1 DAGs
[2022-05-09 23:52:53,405] {logging_mixin.py:109} INFO - [2022-05-09 23:52:53,405] {dag.py:2937} INFO - Setting next_dagrun for example_xcom to 2021-01-01T00:00:00+00:00
[2022-05-09 23:52:53,418] {processor.py:171} INFO - Processing /home/airflow/.local/lib/python3.7/site-packages/airflow/example_dags/example_xcom.py took 0.420 seconds
[2022-05-09 23:53:23,912] {processor.py:163} INFO - Started process (PID=1446) to work on /home/airflow/.local/lib/python3.7/site-packages/airflow/example_dags/example_xcom.py
[2022-05-09 23:53:23,914] {processor.py:642} INFO - Processing file /home/airflow/.local/lib/python3.7/site-packages/airflow/example_dags/example_xcom.py for tasks to queue
[2022-05-09 23:53:23,915] {logging_mixin.py:109} INFO - [2022-05-09 23:53:23,915] {dagbag.py:500} INFO - Filling up the DagBag from /home/airflow/.local/lib/python3.7/site-packages/airflow/example_dags/example_xcom.py
[2022-05-09 23:53:23,939] {processor.py:652} INFO - DAG(s) dict_keys(['example_xcom']) retrieved from /home/airflow/.local/lib/python3.7/site-packages/airflow/example_dags/example_xcom.py
[2022-05-09 23:53:24,228] {logging_mixin.py:109} INFO - [2022-05-09 23:53:24,228] {dag.py:2398} INFO - Sync 1 DAGs
[2022-05-09 23:53:24,241] {logging_mixin.py:109} INFO - [2022-05-09 23:53:24,241] {dag.py:2937} INFO - Setting next_dagrun for example_xcom to 2021-01-01T00:00:00+00:00
[2022-05-09 23:53:24,251] {processor.py:171} INFO - Processing /home/airflow/.local/lib/python3.7/site-packages/airflow/example_dags/example_xcom.py took 0.343 seconds
[2022-05-09 23:53:54,422] {processor.py:163} INFO - Started process (PID=1506) to work on /home/airflow/.local/lib/python3.7/site-packages/airflow/example_dags/example_xcom.py
[2022-05-09 23:53:54,424] {processor.py:642} INFO - Processing file /home/airflow/.local/lib/python3.7/site-packages/airflow/example_dags/example_xcom.py for tasks to queue
[2022-05-09 23:53:54,426] {logging_mixin.py:109} INFO - [2022-05-09 23:53:54,426] {dagbag.py:500} INFO - Filling up the DagBag from /home/airflow/.local/lib/python3.7/site-packages/airflow/example_dags/example_xcom.py
[2022-05-09 23:53:54,449] {processor.py:652} INFO - DAG(s) dict_keys(['example_xcom']) retrieved from /home/airflow/.local/lib/python3.7/site-packages/airflow/example_dags/example_xcom.py
[2022-05-09 23:53:54,737] {logging_mixin.py:109} INFO - [2022-05-09 23:53:54,737] {dag.py:2398} INFO - Sync 1 DAGs
[2022-05-09 23:53:54,752] {logging_mixin.py:109} INFO - [2022-05-09 23:53:54,752] {dag.py:2937} INFO - Setting next_dagrun for example_xcom to 2021-01-01T00:00:00+00:00
[2022-05-09 23:53:54,763] {processor.py:171} INFO - Processing /home/airflow/.local/lib/python3.7/site-packages/airflow/example_dags/example_xcom.py took 0.345 seconds
[2022-05-09 23:54:24,984] {processor.py:163} INFO - Started process (PID=1557) to work on /home/airflow/.local/lib/python3.7/site-packages/airflow/example_dags/example_xcom.py
[2022-05-09 23:54:24,985] {processor.py:642} INFO - Processing file /home/airflow/.local/lib/python3.7/site-packages/airflow/example_dags/example_xcom.py for tasks to queue
[2022-05-09 23:54:24,987] {logging_mixin.py:109} INFO - [2022-05-09 23:54:24,987] {dagbag.py:500} INFO - Filling up the DagBag from /home/airflow/.local/lib/python3.7/site-packages/airflow/example_dags/example_xcom.py
[2022-05-09 23:54:25,012] {processor.py:652} INFO - DAG(s) dict_keys(['example_xcom']) retrieved from /home/airflow/.local/lib/python3.7/site-packages/airflow/example_dags/example_xcom.py
[2022-05-09 23:54:25,310] {logging_mixin.py:109} INFO - [2022-05-09 23:54:25,310] {dag.py:2398} INFO - Sync 1 DAGs
[2022-05-09 23:54:25,325] {logging_mixin.py:109} INFO - [2022-05-09 23:54:25,325] {dag.py:2937} INFO - Setting next_dagrun for example_xcom to 2021-01-01T00:00:00+00:00
[2022-05-09 23:54:25,335] {processor.py:171} INFO - Processing /home/airflow/.local/lib/python3.7/site-packages/airflow/example_dags/example_xcom.py took 0.355 seconds
[2022-05-09 23:54:55,564] {processor.py:163} INFO - Started process (PID=1618) to work on /home/airflow/.local/lib/python3.7/site-packages/airflow/example_dags/example_xcom.py
[2022-05-09 23:54:55,565] {processor.py:642} INFO - Processing file /home/airflow/.local/lib/python3.7/site-packages/airflow/example_dags/example_xcom.py for tasks to queue
[2022-05-09 23:54:55,567] {logging_mixin.py:109} INFO - [2022-05-09 23:54:55,567] {dagbag.py:500} INFO - Filling up the DagBag from /home/airflow/.local/lib/python3.7/site-packages/airflow/example_dags/example_xcom.py
[2022-05-09 23:54:55,589] {processor.py:652} INFO - DAG(s) dict_keys(['example_xcom']) retrieved from /home/airflow/.local/lib/python3.7/site-packages/airflow/example_dags/example_xcom.py
[2022-05-09 23:54:55,879] {logging_mixin.py:109} INFO - [2022-05-09 23:54:55,879] {dag.py:2398} INFO - Sync 1 DAGs
[2022-05-09 23:54:55,893] {logging_mixin.py:109} INFO - [2022-05-09 23:54:55,893] {dag.py:2937} INFO - Setting next_dagrun for example_xcom to 2021-01-01T00:00:00+00:00
[2022-05-09 23:54:55,903] {processor.py:171} INFO - Processing /home/airflow/.local/lib/python3.7/site-packages/airflow/example_dags/example_xcom.py took 0.344 seconds
[2022-05-09 23:55:25,987] {processor.py:163} INFO - Started process (PID=1669) to work on /home/airflow/.local/lib/python3.7/site-packages/airflow/example_dags/example_xcom.py
[2022-05-09 23:55:25,989] {processor.py:642} INFO - Processing file /home/airflow/.local/lib/python3.7/site-packages/airflow/example_dags/example_xcom.py for tasks to queue
[2022-05-09 23:55:25,990] {logging_mixin.py:109} INFO - [2022-05-09 23:55:25,990] {dagbag.py:500} INFO - Filling up the DagBag from /home/airflow/.local/lib/python3.7/site-packages/airflow/example_dags/example_xcom.py
[2022-05-09 23:55:26,013] {processor.py:652} INFO - DAG(s) dict_keys(['example_xcom']) retrieved from /home/airflow/.local/lib/python3.7/site-packages/airflow/example_dags/example_xcom.py
[2022-05-09 23:55:26,332] {logging_mixin.py:109} INFO - [2022-05-09 23:55:26,332] {dag.py:2398} INFO - Sync 1 DAGs
[2022-05-09 23:55:26,349] {logging_mixin.py:109} INFO - [2022-05-09 23:55:26,349] {dag.py:2937} INFO - Setting next_dagrun for example_xcom to 2021-01-01T00:00:00+00:00
[2022-05-09 23:55:26,361] {processor.py:171} INFO - Processing /home/airflow/.local/lib/python3.7/site-packages/airflow/example_dags/example_xcom.py took 0.379 seconds
[2022-05-09 23:55:56,705] {processor.py:163} INFO - Started process (PID=1730) to work on /home/airflow/.local/lib/python3.7/site-packages/airflow/example_dags/example_xcom.py
[2022-05-09 23:55:56,707] {processor.py:642} INFO - Processing file /home/airflow/.local/lib/python3.7/site-packages/airflow/example_dags/example_xcom.py for tasks to queue
[2022-05-09 23:55:56,708] {logging_mixin.py:109} INFO - [2022-05-09 23:55:56,708] {dagbag.py:500} INFO - Filling up the DagBag from /home/airflow/.local/lib/python3.7/site-packages/airflow/example_dags/example_xcom.py
[2022-05-09 23:55:56,731] {processor.py:652} INFO - DAG(s) dict_keys(['example_xcom']) retrieved from /home/airflow/.local/lib/python3.7/site-packages/airflow/example_dags/example_xcom.py
[2022-05-09 23:55:57,046] {logging_mixin.py:109} INFO - [2022-05-09 23:55:57,046] {dag.py:2398} INFO - Sync 1 DAGs
[2022-05-09 23:55:57,064] {logging_mixin.py:109} INFO - [2022-05-09 23:55:57,064] {dag.py:2937} INFO - Setting next_dagrun for example_xcom to 2021-01-01T00:00:00+00:00
[2022-05-09 23:55:57,074] {processor.py:171} INFO - Processing /home/airflow/.local/lib/python3.7/site-packages/airflow/example_dags/example_xcom.py took 0.374 seconds
[2022-05-09 23:56:27,531] {processor.py:163} INFO - Started process (PID=1791) to work on /home/airflow/.local/lib/python3.7/site-packages/airflow/example_dags/example_xcom.py
[2022-05-09 23:56:27,532] {processor.py:642} INFO - Processing file /home/airflow/.local/lib/python3.7/site-packages/airflow/example_dags/example_xcom.py for tasks to queue
[2022-05-09 23:56:27,533] {logging_mixin.py:109} INFO - [2022-05-09 23:56:27,533] {dagbag.py:500} INFO - Filling up the DagBag from /home/airflow/.local/lib/python3.7/site-packages/airflow/example_dags/example_xcom.py
[2022-05-09 23:56:27,555] {processor.py:652} INFO - DAG(s) dict_keys(['example_xcom']) retrieved from /home/airflow/.local/lib/python3.7/site-packages/airflow/example_dags/example_xcom.py
[2022-05-09 23:56:27,864] {logging_mixin.py:109} INFO - [2022-05-09 23:56:27,864] {dag.py:2398} INFO - Sync 1 DAGs
[2022-05-09 23:56:27,880] {logging_mixin.py:109} INFO - [2022-05-09 23:56:27,880] {dag.py:2937} INFO - Setting next_dagrun for example_xcom to 2021-01-01T00:00:00+00:00
[2022-05-09 23:56:27,892] {processor.py:171} INFO - Processing /home/airflow/.local/lib/python3.7/site-packages/airflow/example_dags/example_xcom.py took 0.365 seconds
[2022-05-09 23:56:58,285] {processor.py:163} INFO - Started process (PID=1843) to work on /home/airflow/.local/lib/python3.7/site-packages/airflow/example_dags/example_xcom.py
[2022-05-09 23:56:58,287] {processor.py:642} INFO - Processing file /home/airflow/.local/lib/python3.7/site-packages/airflow/example_dags/example_xcom.py for tasks to queue
[2022-05-09 23:56:58,289] {logging_mixin.py:109} INFO - [2022-05-09 23:56:58,288] {dagbag.py:500} INFO - Filling up the DagBag from /home/airflow/.local/lib/python3.7/site-packages/airflow/example_dags/example_xcom.py
[2022-05-09 23:56:58,313] {processor.py:652} INFO - DAG(s) dict_keys(['example_xcom']) retrieved from /home/airflow/.local/lib/python3.7/site-packages/airflow/example_dags/example_xcom.py
[2022-05-09 23:56:58,603] {logging_mixin.py:109} INFO - [2022-05-09 23:56:58,603] {dag.py:2398} INFO - Sync 1 DAGs
[2022-05-09 23:56:58,616] {logging_mixin.py:109} INFO - [2022-05-09 23:56:58,616] {dag.py:2937} INFO - Setting next_dagrun for example_xcom to 2021-01-01T00:00:00+00:00
[2022-05-09 23:56:58,627] {processor.py:171} INFO - Processing /home/airflow/.local/lib/python3.7/site-packages/airflow/example_dags/example_xcom.py took 0.347 seconds
[2022-05-09 23:57:28,927] {processor.py:163} INFO - Started process (PID=1906) to work on /home/airflow/.local/lib/python3.7/site-packages/airflow/example_dags/example_xcom.py
[2022-05-09 23:57:28,929] {processor.py:642} INFO - Processing file /home/airflow/.local/lib/python3.7/site-packages/airflow/example_dags/example_xcom.py for tasks to queue
[2022-05-09 23:57:28,930] {logging_mixin.py:109} INFO - [2022-05-09 23:57:28,930] {dagbag.py:500} INFO - Filling up the DagBag from /home/airflow/.local/lib/python3.7/site-packages/airflow/example_dags/example_xcom.py
[2022-05-09 23:57:28,952] {processor.py:652} INFO - DAG(s) dict_keys(['example_xcom']) retrieved from /home/airflow/.local/lib/python3.7/site-packages/airflow/example_dags/example_xcom.py
[2022-05-09 23:57:29,252] {logging_mixin.py:109} INFO - [2022-05-09 23:57:29,252] {dag.py:2398} INFO - Sync 1 DAGs
[2022-05-09 23:57:29,267] {logging_mixin.py:109} INFO - [2022-05-09 23:57:29,267] {dag.py:2937} INFO - Setting next_dagrun for example_xcom to 2021-01-01T00:00:00+00:00
[2022-05-09 23:57:29,278] {processor.py:171} INFO - Processing /home/airflow/.local/lib/python3.7/site-packages/airflow/example_dags/example_xcom.py took 0.355 seconds
[2022-05-09 23:57:59,495] {processor.py:163} INFO - Started process (PID=1957) to work on /home/airflow/.local/lib/python3.7/site-packages/airflow/example_dags/example_xcom.py
[2022-05-09 23:57:59,497] {processor.py:642} INFO - Processing file /home/airflow/.local/lib/python3.7/site-packages/airflow/example_dags/example_xcom.py for tasks to queue
[2022-05-09 23:57:59,499] {logging_mixin.py:109} INFO - [2022-05-09 23:57:59,499] {dagbag.py:500} INFO - Filling up the DagBag from /home/airflow/.local/lib/python3.7/site-packages/airflow/example_dags/example_xcom.py
[2022-05-09 23:57:59,529] {processor.py:652} INFO - DAG(s) dict_keys(['example_xcom']) retrieved from /home/airflow/.local/lib/python3.7/site-packages/airflow/example_dags/example_xcom.py
[2022-05-09 23:57:59,817] {logging_mixin.py:109} INFO - [2022-05-09 23:57:59,817] {dag.py:2398} INFO - Sync 1 DAGs
[2022-05-09 23:57:59,831] {logging_mixin.py:109} INFO - [2022-05-09 23:57:59,831] {dag.py:2937} INFO - Setting next_dagrun for example_xcom to 2021-01-01T00:00:00+00:00
[2022-05-09 23:57:59,842] {processor.py:171} INFO - Processing /home/airflow/.local/lib/python3.7/site-packages/airflow/example_dags/example_xcom.py took 0.350 seconds
[2022-05-09 23:58:30,263] {processor.py:163} INFO - Started process (PID=2019) to work on /home/airflow/.local/lib/python3.7/site-packages/airflow/example_dags/example_xcom.py
[2022-05-09 23:58:30,265] {processor.py:642} INFO - Processing file /home/airflow/.local/lib/python3.7/site-packages/airflow/example_dags/example_xcom.py for tasks to queue
[2022-05-09 23:58:30,266] {logging_mixin.py:109} INFO - [2022-05-09 23:58:30,266] {dagbag.py:500} INFO - Filling up the DagBag from /home/airflow/.local/lib/python3.7/site-packages/airflow/example_dags/example_xcom.py
[2022-05-09 23:58:30,287] {processor.py:652} INFO - DAG(s) dict_keys(['example_xcom']) retrieved from /home/airflow/.local/lib/python3.7/site-packages/airflow/example_dags/example_xcom.py
[2022-05-09 23:58:30,591] {logging_mixin.py:109} INFO - [2022-05-09 23:58:30,591] {dag.py:2398} INFO - Sync 1 DAGs
[2022-05-09 23:58:30,605] {logging_mixin.py:109} INFO - [2022-05-09 23:58:30,605] {dag.py:2937} INFO - Setting next_dagrun for example_xcom to 2021-01-01T00:00:00+00:00
[2022-05-09 23:58:30,616] {processor.py:171} INFO - Processing /home/airflow/.local/lib/python3.7/site-packages/airflow/example_dags/example_xcom.py took 0.356 seconds
[2022-05-09 23:59:00,929] {processor.py:163} INFO - Started process (PID=2078) to work on /home/airflow/.local/lib/python3.7/site-packages/airflow/example_dags/example_xcom.py
[2022-05-09 23:59:00,931] {processor.py:642} INFO - Processing file /home/airflow/.local/lib/python3.7/site-packages/airflow/example_dags/example_xcom.py for tasks to queue
[2022-05-09 23:59:00,932] {logging_mixin.py:109} INFO - [2022-05-09 23:59:00,932] {dagbag.py:500} INFO - Filling up the DagBag from /home/airflow/.local/lib/python3.7/site-packages/airflow/example_dags/example_xcom.py
[2022-05-09 23:59:00,954] {processor.py:652} INFO - DAG(s) dict_keys(['example_xcom']) retrieved from /home/airflow/.local/lib/python3.7/site-packages/airflow/example_dags/example_xcom.py
[2022-05-09 23:59:01,242] {logging_mixin.py:109} INFO - [2022-05-09 23:59:01,242] {dag.py:2398} INFO - Sync 1 DAGs
[2022-05-09 23:59:01,257] {logging_mixin.py:109} INFO - [2022-05-09 23:59:01,257] {dag.py:2937} INFO - Setting next_dagrun for example_xcom to 2021-01-01T00:00:00+00:00
[2022-05-09 23:59:01,268] {processor.py:171} INFO - Processing /home/airflow/.local/lib/python3.7/site-packages/airflow/example_dags/example_xcom.py took 0.341 seconds
[2022-05-09 23:59:31,595] {processor.py:163} INFO - Started process (PID=2131) to work on /home/airflow/.local/lib/python3.7/site-packages/airflow/example_dags/example_xcom.py
[2022-05-09 23:59:31,598] {processor.py:642} INFO - Processing file /home/airflow/.local/lib/python3.7/site-packages/airflow/example_dags/example_xcom.py for tasks to queue
[2022-05-09 23:59:31,599] {logging_mixin.py:109} INFO - [2022-05-09 23:59:31,599] {dagbag.py:500} INFO - Filling up the DagBag from /home/airflow/.local/lib/python3.7/site-packages/airflow/example_dags/example_xcom.py
[2022-05-09 23:59:31,623] {processor.py:652} INFO - DAG(s) dict_keys(['example_xcom']) retrieved from /home/airflow/.local/lib/python3.7/site-packages/airflow/example_dags/example_xcom.py
[2022-05-09 23:59:31,921] {logging_mixin.py:109} INFO - [2022-05-09 23:59:31,921] {dag.py:2398} INFO - Sync 1 DAGs
[2022-05-09 23:59:31,936] {logging_mixin.py:109} INFO - [2022-05-09 23:59:31,936] {dag.py:2937} INFO - Setting next_dagrun for example_xcom to 2021-01-01T00:00:00+00:00
[2022-05-09 23:59:31,947] {processor.py:171} INFO - Processing /home/airflow/.local/lib/python3.7/site-packages/airflow/example_dags/example_xcom.py took 0.357 seconds
