[2022-05-09 23:41:05,803] {processor.py:163} INFO - Started process (PID=74) to work on /home/airflow/.local/lib/python3.7/site-packages/airflow/example_dags/example_time_delta_sensor_async.py
[2022-05-09 23:41:05,805] {processor.py:642} INFO - Processing file /home/airflow/.local/lib/python3.7/site-packages/airflow/example_dags/example_time_delta_sensor_async.py for tasks to queue
[2022-05-09 23:41:05,806] {logging_mixin.py:109} INFO - [2022-05-09 23:41:05,806] {dagbag.py:500} INFO - Filling up the DagBag from /home/airflow/.local/lib/python3.7/site-packages/airflow/example_dags/example_time_delta_sensor_async.py
[2022-05-09 23:41:05,822] {processor.py:652} INFO - DAG(s) dict_keys(['example_time_delta_sensor_async']) retrieved from /home/airflow/.local/lib/python3.7/site-packages/airflow/example_dags/example_time_delta_sensor_async.py
[2022-05-09 23:41:05,851] {logging_mixin.py:109} INFO - [2022-05-09 23:41:05,851] {dag.py:2398} INFO - Sync 1 DAGs
[2022-05-09 23:41:05,876] {logging_mixin.py:109} INFO - [2022-05-09 23:41:05,876] {dag.py:2937} INFO - Setting next_dagrun for example_time_delta_sensor_async to None
[2022-05-09 23:41:05,890] {processor.py:171} INFO - Processing /home/airflow/.local/lib/python3.7/site-packages/airflow/example_dags/example_time_delta_sensor_async.py took 0.091 seconds
[2022-05-09 23:41:37,017] {processor.py:163} INFO - Started process (PID=134) to work on /home/airflow/.local/lib/python3.7/site-packages/airflow/example_dags/example_time_delta_sensor_async.py
[2022-05-09 23:41:37,019] {processor.py:642} INFO - Processing file /home/airflow/.local/lib/python3.7/site-packages/airflow/example_dags/example_time_delta_sensor_async.py for tasks to queue
[2022-05-09 23:41:37,021] {logging_mixin.py:109} INFO - [2022-05-09 23:41:37,021] {dagbag.py:500} INFO - Filling up the DagBag from /home/airflow/.local/lib/python3.7/site-packages/airflow/example_dags/example_time_delta_sensor_async.py
[2022-05-09 23:41:37,038] {processor.py:652} INFO - DAG(s) dict_keys(['example_time_delta_sensor_async']) retrieved from /home/airflow/.local/lib/python3.7/site-packages/airflow/example_dags/example_time_delta_sensor_async.py
[2022-05-09 23:41:37,065] {logging_mixin.py:109} INFO - [2022-05-09 23:41:37,065] {dag.py:2398} INFO - Sync 1 DAGs
[2022-05-09 23:41:37,086] {logging_mixin.py:109} INFO - [2022-05-09 23:41:37,086] {dag.py:2937} INFO - Setting next_dagrun for example_time_delta_sensor_async to None
[2022-05-09 23:41:37,099] {processor.py:171} INFO - Processing /home/airflow/.local/lib/python3.7/site-packages/airflow/example_dags/example_time_delta_sensor_async.py took 0.087 seconds
[2022-05-09 23:42:07,592] {processor.py:163} INFO - Started process (PID=198) to work on /home/airflow/.local/lib/python3.7/site-packages/airflow/example_dags/example_time_delta_sensor_async.py
[2022-05-09 23:42:07,595] {processor.py:642} INFO - Processing file /home/airflow/.local/lib/python3.7/site-packages/airflow/example_dags/example_time_delta_sensor_async.py for tasks to queue
[2022-05-09 23:42:07,596] {logging_mixin.py:109} INFO - [2022-05-09 23:42:07,596] {dagbag.py:500} INFO - Filling up the DagBag from /home/airflow/.local/lib/python3.7/site-packages/airflow/example_dags/example_time_delta_sensor_async.py
[2022-05-09 23:42:07,614] {processor.py:652} INFO - DAG(s) dict_keys(['example_time_delta_sensor_async']) retrieved from /home/airflow/.local/lib/python3.7/site-packages/airflow/example_dags/example_time_delta_sensor_async.py
[2022-05-09 23:42:07,634] {logging_mixin.py:109} INFO - [2022-05-09 23:42:07,634] {dag.py:2398} INFO - Sync 1 DAGs
[2022-05-09 23:42:07,652] {logging_mixin.py:109} INFO - [2022-05-09 23:42:07,652] {dag.py:2937} INFO - Setting next_dagrun for example_time_delta_sensor_async to None
[2022-05-09 23:42:07,662] {processor.py:171} INFO - Processing /home/airflow/.local/lib/python3.7/site-packages/airflow/example_dags/example_time_delta_sensor_async.py took 0.073 seconds
[2022-05-09 23:42:38,373] {processor.py:163} INFO - Started process (PID=251) to work on /home/airflow/.local/lib/python3.7/site-packages/airflow/example_dags/example_time_delta_sensor_async.py
[2022-05-09 23:42:38,375] {processor.py:642} INFO - Processing file /home/airflow/.local/lib/python3.7/site-packages/airflow/example_dags/example_time_delta_sensor_async.py for tasks to queue
[2022-05-09 23:42:38,376] {logging_mixin.py:109} INFO - [2022-05-09 23:42:38,376] {dagbag.py:500} INFO - Filling up the DagBag from /home/airflow/.local/lib/python3.7/site-packages/airflow/example_dags/example_time_delta_sensor_async.py
[2022-05-09 23:42:38,395] {processor.py:652} INFO - DAG(s) dict_keys(['example_time_delta_sensor_async']) retrieved from /home/airflow/.local/lib/python3.7/site-packages/airflow/example_dags/example_time_delta_sensor_async.py
[2022-05-09 23:42:38,416] {logging_mixin.py:109} INFO - [2022-05-09 23:42:38,416] {dag.py:2398} INFO - Sync 1 DAGs
[2022-05-09 23:42:38,433] {logging_mixin.py:109} INFO - [2022-05-09 23:42:38,432] {dag.py:2937} INFO - Setting next_dagrun for example_time_delta_sensor_async to None
[2022-05-09 23:42:38,444] {processor.py:171} INFO - Processing /home/airflow/.local/lib/python3.7/site-packages/airflow/example_dags/example_time_delta_sensor_async.py took 0.075 seconds
[2022-05-09 23:43:09,792] {processor.py:163} INFO - Started process (PID=312) to work on /home/airflow/.local/lib/python3.7/site-packages/airflow/example_dags/example_time_delta_sensor_async.py
[2022-05-09 23:43:09,794] {processor.py:642} INFO - Processing file /home/airflow/.local/lib/python3.7/site-packages/airflow/example_dags/example_time_delta_sensor_async.py for tasks to queue
[2022-05-09 23:43:09,796] {logging_mixin.py:109} INFO - [2022-05-09 23:43:09,796] {dagbag.py:500} INFO - Filling up the DagBag from /home/airflow/.local/lib/python3.7/site-packages/airflow/example_dags/example_time_delta_sensor_async.py
[2022-05-09 23:43:09,816] {processor.py:652} INFO - DAG(s) dict_keys(['example_time_delta_sensor_async']) retrieved from /home/airflow/.local/lib/python3.7/site-packages/airflow/example_dags/example_time_delta_sensor_async.py
[2022-05-09 23:43:09,840] {logging_mixin.py:109} INFO - [2022-05-09 23:43:09,840] {dag.py:2398} INFO - Sync 1 DAGs
[2022-05-09 23:43:09,859] {logging_mixin.py:109} INFO - [2022-05-09 23:43:09,858] {dag.py:2937} INFO - Setting next_dagrun for example_time_delta_sensor_async to None
[2022-05-09 23:43:09,869] {processor.py:171} INFO - Processing /home/airflow/.local/lib/python3.7/site-packages/airflow/example_dags/example_time_delta_sensor_async.py took 0.081 seconds
[2022-05-09 23:43:40,484] {processor.py:163} INFO - Started process (PID=364) to work on /home/airflow/.local/lib/python3.7/site-packages/airflow/example_dags/example_time_delta_sensor_async.py
[2022-05-09 23:43:40,486] {processor.py:642} INFO - Processing file /home/airflow/.local/lib/python3.7/site-packages/airflow/example_dags/example_time_delta_sensor_async.py for tasks to queue
[2022-05-09 23:43:40,487] {logging_mixin.py:109} INFO - [2022-05-09 23:43:40,487] {dagbag.py:500} INFO - Filling up the DagBag from /home/airflow/.local/lib/python3.7/site-packages/airflow/example_dags/example_time_delta_sensor_async.py
[2022-05-09 23:43:40,507] {processor.py:652} INFO - DAG(s) dict_keys(['example_time_delta_sensor_async']) retrieved from /home/airflow/.local/lib/python3.7/site-packages/airflow/example_dags/example_time_delta_sensor_async.py
[2022-05-09 23:43:40,534] {logging_mixin.py:109} INFO - [2022-05-09 23:43:40,534] {dag.py:2398} INFO - Sync 1 DAGs
[2022-05-09 23:43:40,555] {logging_mixin.py:109} INFO - [2022-05-09 23:43:40,555] {dag.py:2937} INFO - Setting next_dagrun for example_time_delta_sensor_async to None
[2022-05-09 23:43:40,573] {processor.py:171} INFO - Processing /home/airflow/.local/lib/python3.7/site-packages/airflow/example_dags/example_time_delta_sensor_async.py took 0.094 seconds
[2022-05-09 23:44:11,266] {processor.py:163} INFO - Started process (PID=426) to work on /home/airflow/.local/lib/python3.7/site-packages/airflow/example_dags/example_time_delta_sensor_async.py
[2022-05-09 23:44:11,269] {processor.py:642} INFO - Processing file /home/airflow/.local/lib/python3.7/site-packages/airflow/example_dags/example_time_delta_sensor_async.py for tasks to queue
[2022-05-09 23:44:11,270] {logging_mixin.py:109} INFO - [2022-05-09 23:44:11,270] {dagbag.py:500} INFO - Filling up the DagBag from /home/airflow/.local/lib/python3.7/site-packages/airflow/example_dags/example_time_delta_sensor_async.py
[2022-05-09 23:44:11,289] {processor.py:652} INFO - DAG(s) dict_keys(['example_time_delta_sensor_async']) retrieved from /home/airflow/.local/lib/python3.7/site-packages/airflow/example_dags/example_time_delta_sensor_async.py
[2022-05-09 23:44:11,312] {logging_mixin.py:109} INFO - [2022-05-09 23:44:11,312] {dag.py:2398} INFO - Sync 1 DAGs
[2022-05-09 23:44:11,330] {logging_mixin.py:109} INFO - [2022-05-09 23:44:11,330] {dag.py:2937} INFO - Setting next_dagrun for example_time_delta_sensor_async to None
[2022-05-09 23:44:11,342] {processor.py:171} INFO - Processing /home/airflow/.local/lib/python3.7/site-packages/airflow/example_dags/example_time_delta_sensor_async.py took 0.079 seconds
[2022-05-09 23:44:42,377] {processor.py:163} INFO - Started process (PID=494) to work on /home/airflow/.local/lib/python3.7/site-packages/airflow/example_dags/example_time_delta_sensor_async.py
[2022-05-09 23:44:42,379] {processor.py:642} INFO - Processing file /home/airflow/.local/lib/python3.7/site-packages/airflow/example_dags/example_time_delta_sensor_async.py for tasks to queue
[2022-05-09 23:44:42,382] {logging_mixin.py:109} INFO - [2022-05-09 23:44:42,381] {dagbag.py:500} INFO - Filling up the DagBag from /home/airflow/.local/lib/python3.7/site-packages/airflow/example_dags/example_time_delta_sensor_async.py
[2022-05-09 23:44:42,408] {processor.py:652} INFO - DAG(s) dict_keys(['example_time_delta_sensor_async']) retrieved from /home/airflow/.local/lib/python3.7/site-packages/airflow/example_dags/example_time_delta_sensor_async.py
[2022-05-09 23:44:42,438] {logging_mixin.py:109} INFO - [2022-05-09 23:44:42,438] {dag.py:2398} INFO - Sync 1 DAGs
[2022-05-09 23:44:42,465] {logging_mixin.py:109} INFO - [2022-05-09 23:44:42,465] {dag.py:2937} INFO - Setting next_dagrun for example_time_delta_sensor_async to None
[2022-05-09 23:44:42,480] {processor.py:171} INFO - Processing /home/airflow/.local/lib/python3.7/site-packages/airflow/example_dags/example_time_delta_sensor_async.py took 0.109 seconds
[2022-05-09 23:45:13,446] {processor.py:163} INFO - Started process (PID=546) to work on /home/airflow/.local/lib/python3.7/site-packages/airflow/example_dags/example_time_delta_sensor_async.py
[2022-05-09 23:45:13,449] {processor.py:642} INFO - Processing file /home/airflow/.local/lib/python3.7/site-packages/airflow/example_dags/example_time_delta_sensor_async.py for tasks to queue
[2022-05-09 23:45:13,450] {logging_mixin.py:109} INFO - [2022-05-09 23:45:13,450] {dagbag.py:500} INFO - Filling up the DagBag from /home/airflow/.local/lib/python3.7/site-packages/airflow/example_dags/example_time_delta_sensor_async.py
[2022-05-09 23:45:13,469] {processor.py:652} INFO - DAG(s) dict_keys(['example_time_delta_sensor_async']) retrieved from /home/airflow/.local/lib/python3.7/site-packages/airflow/example_dags/example_time_delta_sensor_async.py
[2022-05-09 23:45:13,492] {logging_mixin.py:109} INFO - [2022-05-09 23:45:13,492] {dag.py:2398} INFO - Sync 1 DAGs
[2022-05-09 23:45:13,513] {logging_mixin.py:109} INFO - [2022-05-09 23:45:13,512] {dag.py:2937} INFO - Setting next_dagrun for example_time_delta_sensor_async to None
[2022-05-09 23:45:13,525] {processor.py:171} INFO - Processing /home/airflow/.local/lib/python3.7/site-packages/airflow/example_dags/example_time_delta_sensor_async.py took 0.083 seconds
[2022-05-09 23:45:44,660] {processor.py:163} INFO - Started process (PID=610) to work on /home/airflow/.local/lib/python3.7/site-packages/airflow/example_dags/example_time_delta_sensor_async.py
[2022-05-09 23:45:44,662] {processor.py:642} INFO - Processing file /home/airflow/.local/lib/python3.7/site-packages/airflow/example_dags/example_time_delta_sensor_async.py for tasks to queue
[2022-05-09 23:45:44,664] {logging_mixin.py:109} INFO - [2022-05-09 23:45:44,664] {dagbag.py:500} INFO - Filling up the DagBag from /home/airflow/.local/lib/python3.7/site-packages/airflow/example_dags/example_time_delta_sensor_async.py
[2022-05-09 23:45:44,683] {processor.py:652} INFO - DAG(s) dict_keys(['example_time_delta_sensor_async']) retrieved from /home/airflow/.local/lib/python3.7/site-packages/airflow/example_dags/example_time_delta_sensor_async.py
[2022-05-09 23:45:44,709] {logging_mixin.py:109} INFO - [2022-05-09 23:45:44,709] {dag.py:2398} INFO - Sync 1 DAGs
[2022-05-09 23:45:44,734] {logging_mixin.py:109} INFO - [2022-05-09 23:45:44,733] {dag.py:2937} INFO - Setting next_dagrun for example_time_delta_sensor_async to None
[2022-05-09 23:45:44,747] {processor.py:171} INFO - Processing /home/airflow/.local/lib/python3.7/site-packages/airflow/example_dags/example_time_delta_sensor_async.py took 0.091 seconds
[2022-05-09 23:46:15,324] {processor.py:163} INFO - Started process (PID=662) to work on /home/airflow/.local/lib/python3.7/site-packages/airflow/example_dags/example_time_delta_sensor_async.py
[2022-05-09 23:46:15,326] {processor.py:642} INFO - Processing file /home/airflow/.local/lib/python3.7/site-packages/airflow/example_dags/example_time_delta_sensor_async.py for tasks to queue
[2022-05-09 23:46:15,327] {logging_mixin.py:109} INFO - [2022-05-09 23:46:15,327] {dagbag.py:500} INFO - Filling up the DagBag from /home/airflow/.local/lib/python3.7/site-packages/airflow/example_dags/example_time_delta_sensor_async.py
[2022-05-09 23:46:15,343] {processor.py:652} INFO - DAG(s) dict_keys(['example_time_delta_sensor_async']) retrieved from /home/airflow/.local/lib/python3.7/site-packages/airflow/example_dags/example_time_delta_sensor_async.py
[2022-05-09 23:46:15,363] {logging_mixin.py:109} INFO - [2022-05-09 23:46:15,363] {dag.py:2398} INFO - Sync 1 DAGs
[2022-05-09 23:46:15,381] {logging_mixin.py:109} INFO - [2022-05-09 23:46:15,380] {dag.py:2937} INFO - Setting next_dagrun for example_time_delta_sensor_async to None
[2022-05-09 23:46:15,397] {processor.py:171} INFO - Processing /home/airflow/.local/lib/python3.7/site-packages/airflow/example_dags/example_time_delta_sensor_async.py took 0.077 seconds
[2022-05-09 23:46:46,118] {processor.py:163} INFO - Started process (PID=725) to work on /home/airflow/.local/lib/python3.7/site-packages/airflow/example_dags/example_time_delta_sensor_async.py
[2022-05-09 23:46:46,120] {processor.py:642} INFO - Processing file /home/airflow/.local/lib/python3.7/site-packages/airflow/example_dags/example_time_delta_sensor_async.py for tasks to queue
[2022-05-09 23:46:46,122] {logging_mixin.py:109} INFO - [2022-05-09 23:46:46,122] {dagbag.py:500} INFO - Filling up the DagBag from /home/airflow/.local/lib/python3.7/site-packages/airflow/example_dags/example_time_delta_sensor_async.py
[2022-05-09 23:46:46,140] {processor.py:652} INFO - DAG(s) dict_keys(['example_time_delta_sensor_async']) retrieved from /home/airflow/.local/lib/python3.7/site-packages/airflow/example_dags/example_time_delta_sensor_async.py
[2022-05-09 23:46:46,162] {logging_mixin.py:109} INFO - [2022-05-09 23:46:46,162] {dag.py:2398} INFO - Sync 1 DAGs
[2022-05-09 23:46:46,179] {logging_mixin.py:109} INFO - [2022-05-09 23:46:46,179] {dag.py:2937} INFO - Setting next_dagrun for example_time_delta_sensor_async to None
[2022-05-09 23:46:46,189] {processor.py:171} INFO - Processing /home/airflow/.local/lib/python3.7/site-packages/airflow/example_dags/example_time_delta_sensor_async.py took 0.075 seconds
[2022-05-09 23:47:17,420] {processor.py:163} INFO - Started process (PID=776) to work on /home/airflow/.local/lib/python3.7/site-packages/airflow/example_dags/example_time_delta_sensor_async.py
[2022-05-09 23:47:17,423] {processor.py:642} INFO - Processing file /home/airflow/.local/lib/python3.7/site-packages/airflow/example_dags/example_time_delta_sensor_async.py for tasks to queue
[2022-05-09 23:47:17,425] {logging_mixin.py:109} INFO - [2022-05-09 23:47:17,425] {dagbag.py:500} INFO - Filling up the DagBag from /home/airflow/.local/lib/python3.7/site-packages/airflow/example_dags/example_time_delta_sensor_async.py
[2022-05-09 23:47:17,451] {processor.py:652} INFO - DAG(s) dict_keys(['example_time_delta_sensor_async']) retrieved from /home/airflow/.local/lib/python3.7/site-packages/airflow/example_dags/example_time_delta_sensor_async.py
[2022-05-09 23:47:17,478] {logging_mixin.py:109} INFO - [2022-05-09 23:47:17,478] {dag.py:2398} INFO - Sync 1 DAGs
[2022-05-09 23:47:17,498] {logging_mixin.py:109} INFO - [2022-05-09 23:47:17,498] {dag.py:2937} INFO - Setting next_dagrun for example_time_delta_sensor_async to None
[2022-05-09 23:47:17,510] {processor.py:171} INFO - Processing /home/airflow/.local/lib/python3.7/site-packages/airflow/example_dags/example_time_delta_sensor_async.py took 0.095 seconds
[2022-05-09 23:47:47,839] {processor.py:163} INFO - Started process (PID=836) to work on /home/airflow/.local/lib/python3.7/site-packages/airflow/example_dags/example_time_delta_sensor_async.py
[2022-05-09 23:47:47,842] {processor.py:642} INFO - Processing file /home/airflow/.local/lib/python3.7/site-packages/airflow/example_dags/example_time_delta_sensor_async.py for tasks to queue
[2022-05-09 23:47:47,844] {logging_mixin.py:109} INFO - [2022-05-09 23:47:47,844] {dagbag.py:500} INFO - Filling up the DagBag from /home/airflow/.local/lib/python3.7/site-packages/airflow/example_dags/example_time_delta_sensor_async.py
[2022-05-09 23:47:47,861] {processor.py:652} INFO - DAG(s) dict_keys(['example_time_delta_sensor_async']) retrieved from /home/airflow/.local/lib/python3.7/site-packages/airflow/example_dags/example_time_delta_sensor_async.py
[2022-05-09 23:47:47,883] {logging_mixin.py:109} INFO - [2022-05-09 23:47:47,883] {dag.py:2398} INFO - Sync 1 DAGs
[2022-05-09 23:47:47,925] {logging_mixin.py:109} INFO - [2022-05-09 23:47:47,924] {dag.py:2937} INFO - Setting next_dagrun for example_time_delta_sensor_async to None
[2022-05-09 23:47:47,937] {processor.py:171} INFO - Processing /home/airflow/.local/lib/python3.7/site-packages/airflow/example_dags/example_time_delta_sensor_async.py took 0.101 seconds
[2022-05-09 23:48:18,758] {processor.py:163} INFO - Started process (PID=895) to work on /home/airflow/.local/lib/python3.7/site-packages/airflow/example_dags/example_time_delta_sensor_async.py
[2022-05-09 23:48:18,760] {processor.py:642} INFO - Processing file /home/airflow/.local/lib/python3.7/site-packages/airflow/example_dags/example_time_delta_sensor_async.py for tasks to queue
[2022-05-09 23:48:18,762] {logging_mixin.py:109} INFO - [2022-05-09 23:48:18,762] {dagbag.py:500} INFO - Filling up the DagBag from /home/airflow/.local/lib/python3.7/site-packages/airflow/example_dags/example_time_delta_sensor_async.py
[2022-05-09 23:48:18,781] {processor.py:652} INFO - DAG(s) dict_keys(['example_time_delta_sensor_async']) retrieved from /home/airflow/.local/lib/python3.7/site-packages/airflow/example_dags/example_time_delta_sensor_async.py
[2022-05-09 23:48:18,807] {logging_mixin.py:109} INFO - [2022-05-09 23:48:18,807] {dag.py:2398} INFO - Sync 1 DAGs
[2022-05-09 23:48:18,827] {logging_mixin.py:109} INFO - [2022-05-09 23:48:18,827] {dag.py:2937} INFO - Setting next_dagrun for example_time_delta_sensor_async to None
[2022-05-09 23:48:18,851] {processor.py:171} INFO - Processing /home/airflow/.local/lib/python3.7/site-packages/airflow/example_dags/example_time_delta_sensor_async.py took 0.099 seconds
[2022-05-09 23:48:49,477] {processor.py:163} INFO - Started process (PID=951) to work on /home/airflow/.local/lib/python3.7/site-packages/airflow/example_dags/example_time_delta_sensor_async.py
[2022-05-09 23:48:49,480] {processor.py:642} INFO - Processing file /home/airflow/.local/lib/python3.7/site-packages/airflow/example_dags/example_time_delta_sensor_async.py for tasks to queue
[2022-05-09 23:48:49,481] {logging_mixin.py:109} INFO - [2022-05-09 23:48:49,481] {dagbag.py:500} INFO - Filling up the DagBag from /home/airflow/.local/lib/python3.7/site-packages/airflow/example_dags/example_time_delta_sensor_async.py
[2022-05-09 23:48:49,496] {processor.py:652} INFO - DAG(s) dict_keys(['example_time_delta_sensor_async']) retrieved from /home/airflow/.local/lib/python3.7/site-packages/airflow/example_dags/example_time_delta_sensor_async.py
[2022-05-09 23:48:49,520] {logging_mixin.py:109} INFO - [2022-05-09 23:48:49,519] {dag.py:2398} INFO - Sync 1 DAGs
[2022-05-09 23:48:49,541] {logging_mixin.py:109} INFO - [2022-05-09 23:48:49,541] {dag.py:2937} INFO - Setting next_dagrun for example_time_delta_sensor_async to None
[2022-05-09 23:48:49,554] {processor.py:171} INFO - Processing /home/airflow/.local/lib/python3.7/site-packages/airflow/example_dags/example_time_delta_sensor_async.py took 0.080 seconds
[2022-05-09 23:49:20,170] {processor.py:163} INFO - Started process (PID=1012) to work on /home/airflow/.local/lib/python3.7/site-packages/airflow/example_dags/example_time_delta_sensor_async.py
[2022-05-09 23:49:20,172] {processor.py:642} INFO - Processing file /home/airflow/.local/lib/python3.7/site-packages/airflow/example_dags/example_time_delta_sensor_async.py for tasks to queue
[2022-05-09 23:49:20,174] {logging_mixin.py:109} INFO - [2022-05-09 23:49:20,173] {dagbag.py:500} INFO - Filling up the DagBag from /home/airflow/.local/lib/python3.7/site-packages/airflow/example_dags/example_time_delta_sensor_async.py
[2022-05-09 23:49:20,190] {processor.py:652} INFO - DAG(s) dict_keys(['example_time_delta_sensor_async']) retrieved from /home/airflow/.local/lib/python3.7/site-packages/airflow/example_dags/example_time_delta_sensor_async.py
[2022-05-09 23:49:20,216] {logging_mixin.py:109} INFO - [2022-05-09 23:49:20,216] {dag.py:2398} INFO - Sync 1 DAGs
[2022-05-09 23:49:20,239] {logging_mixin.py:109} INFO - [2022-05-09 23:49:20,239] {dag.py:2937} INFO - Setting next_dagrun for example_time_delta_sensor_async to None
[2022-05-09 23:49:20,250] {processor.py:171} INFO - Processing /home/airflow/.local/lib/python3.7/site-packages/airflow/example_dags/example_time_delta_sensor_async.py took 0.084 seconds
[2022-05-09 23:49:50,856] {processor.py:163} INFO - Started process (PID=1064) to work on /home/airflow/.local/lib/python3.7/site-packages/airflow/example_dags/example_time_delta_sensor_async.py
[2022-05-09 23:49:50,858] {processor.py:642} INFO - Processing file /home/airflow/.local/lib/python3.7/site-packages/airflow/example_dags/example_time_delta_sensor_async.py for tasks to queue
[2022-05-09 23:49:50,859] {logging_mixin.py:109} INFO - [2022-05-09 23:49:50,859] {dagbag.py:500} INFO - Filling up the DagBag from /home/airflow/.local/lib/python3.7/site-packages/airflow/example_dags/example_time_delta_sensor_async.py
[2022-05-09 23:49:50,876] {processor.py:652} INFO - DAG(s) dict_keys(['example_time_delta_sensor_async']) retrieved from /home/airflow/.local/lib/python3.7/site-packages/airflow/example_dags/example_time_delta_sensor_async.py
[2022-05-09 23:49:50,900] {logging_mixin.py:109} INFO - [2022-05-09 23:49:50,899] {dag.py:2398} INFO - Sync 1 DAGs
[2022-05-09 23:49:50,918] {logging_mixin.py:109} INFO - [2022-05-09 23:49:50,918] {dag.py:2937} INFO - Setting next_dagrun for example_time_delta_sensor_async to None
[2022-05-09 23:49:50,933] {processor.py:171} INFO - Processing /home/airflow/.local/lib/python3.7/site-packages/airflow/example_dags/example_time_delta_sensor_async.py took 0.082 seconds
[2022-05-09 23:50:21,509] {processor.py:163} INFO - Started process (PID=1124) to work on /home/airflow/.local/lib/python3.7/site-packages/airflow/example_dags/example_time_delta_sensor_async.py
[2022-05-09 23:50:21,512] {processor.py:642} INFO - Processing file /home/airflow/.local/lib/python3.7/site-packages/airflow/example_dags/example_time_delta_sensor_async.py for tasks to queue
[2022-05-09 23:50:21,513] {logging_mixin.py:109} INFO - [2022-05-09 23:50:21,513] {dagbag.py:500} INFO - Filling up the DagBag from /home/airflow/.local/lib/python3.7/site-packages/airflow/example_dags/example_time_delta_sensor_async.py
[2022-05-09 23:50:21,529] {processor.py:652} INFO - DAG(s) dict_keys(['example_time_delta_sensor_async']) retrieved from /home/airflow/.local/lib/python3.7/site-packages/airflow/example_dags/example_time_delta_sensor_async.py
[2022-05-09 23:50:21,550] {logging_mixin.py:109} INFO - [2022-05-09 23:50:21,550] {dag.py:2398} INFO - Sync 1 DAGs
[2022-05-09 23:50:21,571] {logging_mixin.py:109} INFO - [2022-05-09 23:50:21,571] {dag.py:2937} INFO - Setting next_dagrun for example_time_delta_sensor_async to None
[2022-05-09 23:50:21,581] {processor.py:171} INFO - Processing /home/airflow/.local/lib/python3.7/site-packages/airflow/example_dags/example_time_delta_sensor_async.py took 0.076 seconds
[2022-05-09 23:50:51,991] {processor.py:163} INFO - Started process (PID=1177) to work on /home/airflow/.local/lib/python3.7/site-packages/airflow/example_dags/example_time_delta_sensor_async.py
[2022-05-09 23:50:51,993] {processor.py:642} INFO - Processing file /home/airflow/.local/lib/python3.7/site-packages/airflow/example_dags/example_time_delta_sensor_async.py for tasks to queue
[2022-05-09 23:50:51,995] {logging_mixin.py:109} INFO - [2022-05-09 23:50:51,994] {dagbag.py:500} INFO - Filling up the DagBag from /home/airflow/.local/lib/python3.7/site-packages/airflow/example_dags/example_time_delta_sensor_async.py
[2022-05-09 23:50:52,011] {processor.py:652} INFO - DAG(s) dict_keys(['example_time_delta_sensor_async']) retrieved from /home/airflow/.local/lib/python3.7/site-packages/airflow/example_dags/example_time_delta_sensor_async.py
[2022-05-09 23:50:52,035] {logging_mixin.py:109} INFO - [2022-05-09 23:50:52,035] {dag.py:2398} INFO - Sync 1 DAGs
[2022-05-09 23:50:52,054] {logging_mixin.py:109} INFO - [2022-05-09 23:50:52,054] {dag.py:2937} INFO - Setting next_dagrun for example_time_delta_sensor_async to None
[2022-05-09 23:50:52,066] {processor.py:171} INFO - Processing /home/airflow/.local/lib/python3.7/site-packages/airflow/example_dags/example_time_delta_sensor_async.py took 0.078 seconds
[2022-05-09 23:51:22,648] {processor.py:163} INFO - Started process (PID=1237) to work on /home/airflow/.local/lib/python3.7/site-packages/airflow/example_dags/example_time_delta_sensor_async.py
[2022-05-09 23:51:22,650] {processor.py:642} INFO - Processing file /home/airflow/.local/lib/python3.7/site-packages/airflow/example_dags/example_time_delta_sensor_async.py for tasks to queue
[2022-05-09 23:51:22,652] {logging_mixin.py:109} INFO - [2022-05-09 23:51:22,652] {dagbag.py:500} INFO - Filling up the DagBag from /home/airflow/.local/lib/python3.7/site-packages/airflow/example_dags/example_time_delta_sensor_async.py
[2022-05-09 23:51:22,672] {processor.py:652} INFO - DAG(s) dict_keys(['example_time_delta_sensor_async']) retrieved from /home/airflow/.local/lib/python3.7/site-packages/airflow/example_dags/example_time_delta_sensor_async.py
[2022-05-09 23:51:22,694] {logging_mixin.py:109} INFO - [2022-05-09 23:51:22,694] {dag.py:2398} INFO - Sync 1 DAGs
[2022-05-09 23:51:22,711] {logging_mixin.py:109} INFO - [2022-05-09 23:51:22,711] {dag.py:2937} INFO - Setting next_dagrun for example_time_delta_sensor_async to None
[2022-05-09 23:51:22,722] {processor.py:171} INFO - Processing /home/airflow/.local/lib/python3.7/site-packages/airflow/example_dags/example_time_delta_sensor_async.py took 0.078 seconds
[2022-05-09 23:51:53,312] {processor.py:163} INFO - Started process (PID=1298) to work on /home/airflow/.local/lib/python3.7/site-packages/airflow/example_dags/example_time_delta_sensor_async.py
[2022-05-09 23:51:53,315] {processor.py:642} INFO - Processing file /home/airflow/.local/lib/python3.7/site-packages/airflow/example_dags/example_time_delta_sensor_async.py for tasks to queue
[2022-05-09 23:51:53,316] {logging_mixin.py:109} INFO - [2022-05-09 23:51:53,316] {dagbag.py:500} INFO - Filling up the DagBag from /home/airflow/.local/lib/python3.7/site-packages/airflow/example_dags/example_time_delta_sensor_async.py
[2022-05-09 23:51:53,334] {processor.py:652} INFO - DAG(s) dict_keys(['example_time_delta_sensor_async']) retrieved from /home/airflow/.local/lib/python3.7/site-packages/airflow/example_dags/example_time_delta_sensor_async.py
[2022-05-09 23:51:53,363] {logging_mixin.py:109} INFO - [2022-05-09 23:51:53,363] {dag.py:2398} INFO - Sync 1 DAGs
[2022-05-09 23:51:53,381] {logging_mixin.py:109} INFO - [2022-05-09 23:51:53,381] {dag.py:2937} INFO - Setting next_dagrun for example_time_delta_sensor_async to None
[2022-05-09 23:51:53,392] {processor.py:171} INFO - Processing /home/airflow/.local/lib/python3.7/site-packages/airflow/example_dags/example_time_delta_sensor_async.py took 0.084 seconds
[2022-05-09 23:52:23,909] {processor.py:163} INFO - Started process (PID=1349) to work on /home/airflow/.local/lib/python3.7/site-packages/airflow/example_dags/example_time_delta_sensor_async.py
[2022-05-09 23:52:23,912] {processor.py:642} INFO - Processing file /home/airflow/.local/lib/python3.7/site-packages/airflow/example_dags/example_time_delta_sensor_async.py for tasks to queue
[2022-05-09 23:52:23,913] {logging_mixin.py:109} INFO - [2022-05-09 23:52:23,913] {dagbag.py:500} INFO - Filling up the DagBag from /home/airflow/.local/lib/python3.7/site-packages/airflow/example_dags/example_time_delta_sensor_async.py
[2022-05-09 23:52:23,929] {processor.py:652} INFO - DAG(s) dict_keys(['example_time_delta_sensor_async']) retrieved from /home/airflow/.local/lib/python3.7/site-packages/airflow/example_dags/example_time_delta_sensor_async.py
[2022-05-09 23:52:23,952] {logging_mixin.py:109} INFO - [2022-05-09 23:52:23,952] {dag.py:2398} INFO - Sync 1 DAGs
[2022-05-09 23:52:23,972] {logging_mixin.py:109} INFO - [2022-05-09 23:52:23,972] {dag.py:2937} INFO - Setting next_dagrun for example_time_delta_sensor_async to None
[2022-05-09 23:52:23,983] {processor.py:171} INFO - Processing /home/airflow/.local/lib/python3.7/site-packages/airflow/example_dags/example_time_delta_sensor_async.py took 0.078 seconds
[2022-05-09 23:52:54,820] {processor.py:163} INFO - Started process (PID=1410) to work on /home/airflow/.local/lib/python3.7/site-packages/airflow/example_dags/example_time_delta_sensor_async.py
[2022-05-09 23:52:54,822] {processor.py:642} INFO - Processing file /home/airflow/.local/lib/python3.7/site-packages/airflow/example_dags/example_time_delta_sensor_async.py for tasks to queue
[2022-05-09 23:52:54,824] {logging_mixin.py:109} INFO - [2022-05-09 23:52:54,824] {dagbag.py:500} INFO - Filling up the DagBag from /home/airflow/.local/lib/python3.7/site-packages/airflow/example_dags/example_time_delta_sensor_async.py
[2022-05-09 23:52:54,846] {processor.py:652} INFO - DAG(s) dict_keys(['example_time_delta_sensor_async']) retrieved from /home/airflow/.local/lib/python3.7/site-packages/airflow/example_dags/example_time_delta_sensor_async.py
[2022-05-09 23:52:54,872] {logging_mixin.py:109} INFO - [2022-05-09 23:52:54,872] {dag.py:2398} INFO - Sync 1 DAGs
[2022-05-09 23:52:54,896] {logging_mixin.py:109} INFO - [2022-05-09 23:52:54,896] {dag.py:2937} INFO - Setting next_dagrun for example_time_delta_sensor_async to None
[2022-05-09 23:52:54,908] {processor.py:171} INFO - Processing /home/airflow/.local/lib/python3.7/site-packages/airflow/example_dags/example_time_delta_sensor_async.py took 0.092 seconds
[2022-05-09 23:53:25,355] {processor.py:163} INFO - Started process (PID=1463) to work on /home/airflow/.local/lib/python3.7/site-packages/airflow/example_dags/example_time_delta_sensor_async.py
[2022-05-09 23:53:25,357] {processor.py:642} INFO - Processing file /home/airflow/.local/lib/python3.7/site-packages/airflow/example_dags/example_time_delta_sensor_async.py for tasks to queue
[2022-05-09 23:53:25,359] {logging_mixin.py:109} INFO - [2022-05-09 23:53:25,359] {dagbag.py:500} INFO - Filling up the DagBag from /home/airflow/.local/lib/python3.7/site-packages/airflow/example_dags/example_time_delta_sensor_async.py
[2022-05-09 23:53:25,377] {processor.py:652} INFO - DAG(s) dict_keys(['example_time_delta_sensor_async']) retrieved from /home/airflow/.local/lib/python3.7/site-packages/airflow/example_dags/example_time_delta_sensor_async.py
[2022-05-09 23:53:25,398] {logging_mixin.py:109} INFO - [2022-05-09 23:53:25,398] {dag.py:2398} INFO - Sync 1 DAGs
[2022-05-09 23:53:25,416] {logging_mixin.py:109} INFO - [2022-05-09 23:53:25,415] {dag.py:2937} INFO - Setting next_dagrun for example_time_delta_sensor_async to None
[2022-05-09 23:53:25,426] {processor.py:171} INFO - Processing /home/airflow/.local/lib/python3.7/site-packages/airflow/example_dags/example_time_delta_sensor_async.py took 0.074 seconds
[2022-05-09 23:53:55,835] {processor.py:163} INFO - Started process (PID=1523) to work on /home/airflow/.local/lib/python3.7/site-packages/airflow/example_dags/example_time_delta_sensor_async.py
[2022-05-09 23:53:55,842] {processor.py:642} INFO - Processing file /home/airflow/.local/lib/python3.7/site-packages/airflow/example_dags/example_time_delta_sensor_async.py for tasks to queue
[2022-05-09 23:53:55,844] {logging_mixin.py:109} INFO - [2022-05-09 23:53:55,844] {dagbag.py:500} INFO - Filling up the DagBag from /home/airflow/.local/lib/python3.7/site-packages/airflow/example_dags/example_time_delta_sensor_async.py
[2022-05-09 23:53:55,861] {processor.py:652} INFO - DAG(s) dict_keys(['example_time_delta_sensor_async']) retrieved from /home/airflow/.local/lib/python3.7/site-packages/airflow/example_dags/example_time_delta_sensor_async.py
[2022-05-09 23:53:55,883] {logging_mixin.py:109} INFO - [2022-05-09 23:53:55,883] {dag.py:2398} INFO - Sync 1 DAGs
[2022-05-09 23:53:55,901] {logging_mixin.py:109} INFO - [2022-05-09 23:53:55,901] {dag.py:2937} INFO - Setting next_dagrun for example_time_delta_sensor_async to None
[2022-05-09 23:53:55,912] {processor.py:171} INFO - Processing /home/airflow/.local/lib/python3.7/site-packages/airflow/example_dags/example_time_delta_sensor_async.py took 0.082 seconds
[2022-05-09 23:54:26,358] {processor.py:163} INFO - Started process (PID=1574) to work on /home/airflow/.local/lib/python3.7/site-packages/airflow/example_dags/example_time_delta_sensor_async.py
[2022-05-09 23:54:26,360] {processor.py:642} INFO - Processing file /home/airflow/.local/lib/python3.7/site-packages/airflow/example_dags/example_time_delta_sensor_async.py for tasks to queue
[2022-05-09 23:54:26,361] {logging_mixin.py:109} INFO - [2022-05-09 23:54:26,361] {dagbag.py:500} INFO - Filling up the DagBag from /home/airflow/.local/lib/python3.7/site-packages/airflow/example_dags/example_time_delta_sensor_async.py
[2022-05-09 23:54:26,377] {processor.py:652} INFO - DAG(s) dict_keys(['example_time_delta_sensor_async']) retrieved from /home/airflow/.local/lib/python3.7/site-packages/airflow/example_dags/example_time_delta_sensor_async.py
[2022-05-09 23:54:26,398] {logging_mixin.py:109} INFO - [2022-05-09 23:54:26,398] {dag.py:2398} INFO - Sync 1 DAGs
[2022-05-09 23:54:26,417] {logging_mixin.py:109} INFO - [2022-05-09 23:54:26,417] {dag.py:2937} INFO - Setting next_dagrun for example_time_delta_sensor_async to None
[2022-05-09 23:54:26,428] {processor.py:171} INFO - Processing /home/airflow/.local/lib/python3.7/site-packages/airflow/example_dags/example_time_delta_sensor_async.py took 0.074 seconds
[2022-05-09 23:54:56,849] {processor.py:163} INFO - Started process (PID=1635) to work on /home/airflow/.local/lib/python3.7/site-packages/airflow/example_dags/example_time_delta_sensor_async.py
[2022-05-09 23:54:56,851] {processor.py:642} INFO - Processing file /home/airflow/.local/lib/python3.7/site-packages/airflow/example_dags/example_time_delta_sensor_async.py for tasks to queue
[2022-05-09 23:54:56,853] {logging_mixin.py:109} INFO - [2022-05-09 23:54:56,853] {dagbag.py:500} INFO - Filling up the DagBag from /home/airflow/.local/lib/python3.7/site-packages/airflow/example_dags/example_time_delta_sensor_async.py
[2022-05-09 23:54:56,869] {processor.py:652} INFO - DAG(s) dict_keys(['example_time_delta_sensor_async']) retrieved from /home/airflow/.local/lib/python3.7/site-packages/airflow/example_dags/example_time_delta_sensor_async.py
[2022-05-09 23:54:56,892] {logging_mixin.py:109} INFO - [2022-05-09 23:54:56,892] {dag.py:2398} INFO - Sync 1 DAGs
[2022-05-09 23:54:56,910] {logging_mixin.py:109} INFO - [2022-05-09 23:54:56,910] {dag.py:2937} INFO - Setting next_dagrun for example_time_delta_sensor_async to None
[2022-05-09 23:54:56,920] {processor.py:171} INFO - Processing /home/airflow/.local/lib/python3.7/site-packages/airflow/example_dags/example_time_delta_sensor_async.py took 0.075 seconds
[2022-05-09 23:55:27,282] {processor.py:163} INFO - Started process (PID=1693) to work on /home/airflow/.local/lib/python3.7/site-packages/airflow/example_dags/example_time_delta_sensor_async.py
[2022-05-09 23:55:27,284] {processor.py:642} INFO - Processing file /home/airflow/.local/lib/python3.7/site-packages/airflow/example_dags/example_time_delta_sensor_async.py for tasks to queue
[2022-05-09 23:55:27,286] {logging_mixin.py:109} INFO - [2022-05-09 23:55:27,286] {dagbag.py:500} INFO - Filling up the DagBag from /home/airflow/.local/lib/python3.7/site-packages/airflow/example_dags/example_time_delta_sensor_async.py
[2022-05-09 23:55:27,302] {processor.py:652} INFO - DAG(s) dict_keys(['example_time_delta_sensor_async']) retrieved from /home/airflow/.local/lib/python3.7/site-packages/airflow/example_dags/example_time_delta_sensor_async.py
[2022-05-09 23:55:27,326] {logging_mixin.py:109} INFO - [2022-05-09 23:55:27,326] {dag.py:2398} INFO - Sync 1 DAGs
[2022-05-09 23:55:27,345] {logging_mixin.py:109} INFO - [2022-05-09 23:55:27,345] {dag.py:2937} INFO - Setting next_dagrun for example_time_delta_sensor_async to None
[2022-05-09 23:55:27,356] {processor.py:171} INFO - Processing /home/airflow/.local/lib/python3.7/site-packages/airflow/example_dags/example_time_delta_sensor_async.py took 0.077 seconds
[2022-05-09 23:55:58,201] {processor.py:163} INFO - Started process (PID=1747) to work on /home/airflow/.local/lib/python3.7/site-packages/airflow/example_dags/example_time_delta_sensor_async.py
[2022-05-09 23:55:58,203] {processor.py:642} INFO - Processing file /home/airflow/.local/lib/python3.7/site-packages/airflow/example_dags/example_time_delta_sensor_async.py for tasks to queue
[2022-05-09 23:55:58,204] {logging_mixin.py:109} INFO - [2022-05-09 23:55:58,204] {dagbag.py:500} INFO - Filling up the DagBag from /home/airflow/.local/lib/python3.7/site-packages/airflow/example_dags/example_time_delta_sensor_async.py
[2022-05-09 23:55:58,219] {processor.py:652} INFO - DAG(s) dict_keys(['example_time_delta_sensor_async']) retrieved from /home/airflow/.local/lib/python3.7/site-packages/airflow/example_dags/example_time_delta_sensor_async.py
[2022-05-09 23:55:58,240] {logging_mixin.py:109} INFO - [2022-05-09 23:55:58,240] {dag.py:2398} INFO - Sync 1 DAGs
[2022-05-09 23:55:58,259] {logging_mixin.py:109} INFO - [2022-05-09 23:55:58,259] {dag.py:2937} INFO - Setting next_dagrun for example_time_delta_sensor_async to None
[2022-05-09 23:55:58,271] {processor.py:171} INFO - Processing /home/airflow/.local/lib/python3.7/site-packages/airflow/example_dags/example_time_delta_sensor_async.py took 0.074 seconds
[2022-05-09 23:56:28,921] {processor.py:163} INFO - Started process (PID=1807) to work on /home/airflow/.local/lib/python3.7/site-packages/airflow/example_dags/example_time_delta_sensor_async.py
[2022-05-09 23:56:28,923] {processor.py:642} INFO - Processing file /home/airflow/.local/lib/python3.7/site-packages/airflow/example_dags/example_time_delta_sensor_async.py for tasks to queue
[2022-05-09 23:56:28,924] {logging_mixin.py:109} INFO - [2022-05-09 23:56:28,924] {dagbag.py:500} INFO - Filling up the DagBag from /home/airflow/.local/lib/python3.7/site-packages/airflow/example_dags/example_time_delta_sensor_async.py
[2022-05-09 23:56:28,940] {processor.py:652} INFO - DAG(s) dict_keys(['example_time_delta_sensor_async']) retrieved from /home/airflow/.local/lib/python3.7/site-packages/airflow/example_dags/example_time_delta_sensor_async.py
[2022-05-09 23:56:28,962] {logging_mixin.py:109} INFO - [2022-05-09 23:56:28,962] {dag.py:2398} INFO - Sync 1 DAGs
[2022-05-09 23:56:28,981] {logging_mixin.py:109} INFO - [2022-05-09 23:56:28,981] {dag.py:2937} INFO - Setting next_dagrun for example_time_delta_sensor_async to None
[2022-05-09 23:56:28,991] {processor.py:171} INFO - Processing /home/airflow/.local/lib/python3.7/site-packages/airflow/example_dags/example_time_delta_sensor_async.py took 0.074 seconds
[2022-05-09 23:56:59,663] {processor.py:163} INFO - Started process (PID=1860) to work on /home/airflow/.local/lib/python3.7/site-packages/airflow/example_dags/example_time_delta_sensor_async.py
[2022-05-09 23:56:59,666] {processor.py:642} INFO - Processing file /home/airflow/.local/lib/python3.7/site-packages/airflow/example_dags/example_time_delta_sensor_async.py for tasks to queue
[2022-05-09 23:56:59,668] {logging_mixin.py:109} INFO - [2022-05-09 23:56:59,668] {dagbag.py:500} INFO - Filling up the DagBag from /home/airflow/.local/lib/python3.7/site-packages/airflow/example_dags/example_time_delta_sensor_async.py
[2022-05-09 23:56:59,702] {processor.py:652} INFO - DAG(s) dict_keys(['example_time_delta_sensor_async']) retrieved from /home/airflow/.local/lib/python3.7/site-packages/airflow/example_dags/example_time_delta_sensor_async.py
[2022-05-09 23:56:59,726] {logging_mixin.py:109} INFO - [2022-05-09 23:56:59,726] {dag.py:2398} INFO - Sync 1 DAGs
[2022-05-09 23:56:59,746] {logging_mixin.py:109} INFO - [2022-05-09 23:56:59,746] {dag.py:2937} INFO - Setting next_dagrun for example_time_delta_sensor_async to None
[2022-05-09 23:56:59,758] {processor.py:171} INFO - Processing /home/airflow/.local/lib/python3.7/site-packages/airflow/example_dags/example_time_delta_sensor_async.py took 0.098 seconds
[2022-05-09 23:57:30,455] {processor.py:163} INFO - Started process (PID=1923) to work on /home/airflow/.local/lib/python3.7/site-packages/airflow/example_dags/example_time_delta_sensor_async.py
[2022-05-09 23:57:30,457] {processor.py:642} INFO - Processing file /home/airflow/.local/lib/python3.7/site-packages/airflow/example_dags/example_time_delta_sensor_async.py for tasks to queue
[2022-05-09 23:57:30,458] {logging_mixin.py:109} INFO - [2022-05-09 23:57:30,458] {dagbag.py:500} INFO - Filling up the DagBag from /home/airflow/.local/lib/python3.7/site-packages/airflow/example_dags/example_time_delta_sensor_async.py
[2022-05-09 23:57:30,477] {processor.py:652} INFO - DAG(s) dict_keys(['example_time_delta_sensor_async']) retrieved from /home/airflow/.local/lib/python3.7/site-packages/airflow/example_dags/example_time_delta_sensor_async.py
[2022-05-09 23:57:30,500] {logging_mixin.py:109} INFO - [2022-05-09 23:57:30,500] {dag.py:2398} INFO - Sync 1 DAGs
[2022-05-09 23:57:30,518] {logging_mixin.py:109} INFO - [2022-05-09 23:57:30,518] {dag.py:2937} INFO - Setting next_dagrun for example_time_delta_sensor_async to None
[2022-05-09 23:57:30,528] {processor.py:171} INFO - Processing /home/airflow/.local/lib/python3.7/site-packages/airflow/example_dags/example_time_delta_sensor_async.py took 0.076 seconds
[2022-05-09 23:58:01,091] {processor.py:163} INFO - Started process (PID=1974) to work on /home/airflow/.local/lib/python3.7/site-packages/airflow/example_dags/example_time_delta_sensor_async.py
[2022-05-09 23:58:01,094] {processor.py:642} INFO - Processing file /home/airflow/.local/lib/python3.7/site-packages/airflow/example_dags/example_time_delta_sensor_async.py for tasks to queue
[2022-05-09 23:58:01,095] {logging_mixin.py:109} INFO - [2022-05-09 23:58:01,095] {dagbag.py:500} INFO - Filling up the DagBag from /home/airflow/.local/lib/python3.7/site-packages/airflow/example_dags/example_time_delta_sensor_async.py
[2022-05-09 23:58:01,113] {processor.py:652} INFO - DAG(s) dict_keys(['example_time_delta_sensor_async']) retrieved from /home/airflow/.local/lib/python3.7/site-packages/airflow/example_dags/example_time_delta_sensor_async.py
[2022-05-09 23:58:01,139] {logging_mixin.py:109} INFO - [2022-05-09 23:58:01,139] {dag.py:2398} INFO - Sync 1 DAGs
[2022-05-09 23:58:01,157] {logging_mixin.py:109} INFO - [2022-05-09 23:58:01,157] {dag.py:2937} INFO - Setting next_dagrun for example_time_delta_sensor_async to None
[2022-05-09 23:58:01,168] {processor.py:171} INFO - Processing /home/airflow/.local/lib/python3.7/site-packages/airflow/example_dags/example_time_delta_sensor_async.py took 0.081 seconds
[2022-05-09 23:58:31,728] {processor.py:163} INFO - Started process (PID=2036) to work on /home/airflow/.local/lib/python3.7/site-packages/airflow/example_dags/example_time_delta_sensor_async.py
[2022-05-09 23:58:31,730] {processor.py:642} INFO - Processing file /home/airflow/.local/lib/python3.7/site-packages/airflow/example_dags/example_time_delta_sensor_async.py for tasks to queue
[2022-05-09 23:58:31,732] {logging_mixin.py:109} INFO - [2022-05-09 23:58:31,732] {dagbag.py:500} INFO - Filling up the DagBag from /home/airflow/.local/lib/python3.7/site-packages/airflow/example_dags/example_time_delta_sensor_async.py
[2022-05-09 23:58:31,748] {processor.py:652} INFO - DAG(s) dict_keys(['example_time_delta_sensor_async']) retrieved from /home/airflow/.local/lib/python3.7/site-packages/airflow/example_dags/example_time_delta_sensor_async.py
[2022-05-09 23:58:31,772] {logging_mixin.py:109} INFO - [2022-05-09 23:58:31,772] {dag.py:2398} INFO - Sync 1 DAGs
[2022-05-09 23:58:31,795] {logging_mixin.py:109} INFO - [2022-05-09 23:58:31,795] {dag.py:2937} INFO - Setting next_dagrun for example_time_delta_sensor_async to None
[2022-05-09 23:58:31,808] {processor.py:171} INFO - Processing /home/airflow/.local/lib/python3.7/site-packages/airflow/example_dags/example_time_delta_sensor_async.py took 0.084 seconds
[2022-05-09 23:59:02,401] {processor.py:163} INFO - Started process (PID=2097) to work on /home/airflow/.local/lib/python3.7/site-packages/airflow/example_dags/example_time_delta_sensor_async.py
[2022-05-09 23:59:02,403] {processor.py:642} INFO - Processing file /home/airflow/.local/lib/python3.7/site-packages/airflow/example_dags/example_time_delta_sensor_async.py for tasks to queue
[2022-05-09 23:59:02,404] {logging_mixin.py:109} INFO - [2022-05-09 23:59:02,404] {dagbag.py:500} INFO - Filling up the DagBag from /home/airflow/.local/lib/python3.7/site-packages/airflow/example_dags/example_time_delta_sensor_async.py
[2022-05-09 23:59:02,421] {processor.py:652} INFO - DAG(s) dict_keys(['example_time_delta_sensor_async']) retrieved from /home/airflow/.local/lib/python3.7/site-packages/airflow/example_dags/example_time_delta_sensor_async.py
[2022-05-09 23:59:02,447] {logging_mixin.py:109} INFO - [2022-05-09 23:59:02,447] {dag.py:2398} INFO - Sync 1 DAGs
[2022-05-09 23:59:02,467] {logging_mixin.py:109} INFO - [2022-05-09 23:59:02,467] {dag.py:2937} INFO - Setting next_dagrun for example_time_delta_sensor_async to None
[2022-05-09 23:59:02,480] {processor.py:171} INFO - Processing /home/airflow/.local/lib/python3.7/site-packages/airflow/example_dags/example_time_delta_sensor_async.py took 0.082 seconds
[2022-05-09 23:59:33,090] {processor.py:163} INFO - Started process (PID=2148) to work on /home/airflow/.local/lib/python3.7/site-packages/airflow/example_dags/example_time_delta_sensor_async.py
[2022-05-09 23:59:33,092] {processor.py:642} INFO - Processing file /home/airflow/.local/lib/python3.7/site-packages/airflow/example_dags/example_time_delta_sensor_async.py for tasks to queue
[2022-05-09 23:59:33,093] {logging_mixin.py:109} INFO - [2022-05-09 23:59:33,093] {dagbag.py:500} INFO - Filling up the DagBag from /home/airflow/.local/lib/python3.7/site-packages/airflow/example_dags/example_time_delta_sensor_async.py
[2022-05-09 23:59:33,111] {processor.py:652} INFO - DAG(s) dict_keys(['example_time_delta_sensor_async']) retrieved from /home/airflow/.local/lib/python3.7/site-packages/airflow/example_dags/example_time_delta_sensor_async.py
[2022-05-09 23:59:33,148] {logging_mixin.py:109} INFO - [2022-05-09 23:59:33,148] {dag.py:2398} INFO - Sync 1 DAGs
[2022-05-09 23:59:33,171] {logging_mixin.py:109} INFO - [2022-05-09 23:59:33,171] {dag.py:2937} INFO - Setting next_dagrun for example_time_delta_sensor_async to None
[2022-05-09 23:59:33,183] {processor.py:171} INFO - Processing /home/airflow/.local/lib/python3.7/site-packages/airflow/example_dags/example_time_delta_sensor_async.py took 0.096 seconds
