[2022-05-09 23:41:04,124] {processor.py:163} INFO - Started process (PID=59) to work on /home/airflow/.local/lib/python3.7/site-packages/airflow/example_dags/example_trigger_target_dag.py
[2022-05-09 23:41:04,126] {processor.py:642} INFO - Processing file /home/airflow/.local/lib/python3.7/site-packages/airflow/example_dags/example_trigger_target_dag.py for tasks to queue
[2022-05-09 23:41:04,128] {logging_mixin.py:109} INFO - [2022-05-09 23:41:04,128] {dagbag.py:500} INFO - Filling up the DagBag from /home/airflow/.local/lib/python3.7/site-packages/airflow/example_dags/example_trigger_target_dag.py
[2022-05-09 23:41:04,164] {processor.py:652} INFO - DAG(s) dict_keys(['example_trigger_target_dag']) retrieved from /home/airflow/.local/lib/python3.7/site-packages/airflow/example_dags/example_trigger_target_dag.py
[2022-05-09 23:41:04,206] {logging_mixin.py:109} INFO - [2022-05-09 23:41:04,206] {dag.py:2398} INFO - Sync 1 DAGs
[2022-05-09 23:41:04,235] {logging_mixin.py:109} INFO - [2022-05-09 23:41:04,234] {dag.py:2937} INFO - Setting next_dagrun for example_trigger_target_dag to None
[2022-05-09 23:41:04,253] {processor.py:171} INFO - Processing /home/airflow/.local/lib/python3.7/site-packages/airflow/example_dags/example_trigger_target_dag.py took 0.143 seconds
[2022-05-09 23:41:35,282] {processor.py:163} INFO - Started process (PID=119) to work on /home/airflow/.local/lib/python3.7/site-packages/airflow/example_dags/example_trigger_target_dag.py
[2022-05-09 23:41:35,285] {processor.py:642} INFO - Processing file /home/airflow/.local/lib/python3.7/site-packages/airflow/example_dags/example_trigger_target_dag.py for tasks to queue
[2022-05-09 23:41:35,288] {logging_mixin.py:109} INFO - [2022-05-09 23:41:35,288] {dagbag.py:500} INFO - Filling up the DagBag from /home/airflow/.local/lib/python3.7/site-packages/airflow/example_dags/example_trigger_target_dag.py
[2022-05-09 23:41:35,325] {processor.py:652} INFO - DAG(s) dict_keys(['example_trigger_target_dag']) retrieved from /home/airflow/.local/lib/python3.7/site-packages/airflow/example_dags/example_trigger_target_dag.py
[2022-05-09 23:41:35,353] {logging_mixin.py:109} INFO - [2022-05-09 23:41:35,353] {dag.py:2398} INFO - Sync 1 DAGs
[2022-05-09 23:41:35,373] {logging_mixin.py:109} INFO - [2022-05-09 23:41:35,373] {dag.py:2937} INFO - Setting next_dagrun for example_trigger_target_dag to None
[2022-05-09 23:41:35,387] {processor.py:171} INFO - Processing /home/airflow/.local/lib/python3.7/site-packages/airflow/example_dags/example_trigger_target_dag.py took 0.111 seconds
[2022-05-09 23:42:06,640] {processor.py:163} INFO - Started process (PID=183) to work on /home/airflow/.local/lib/python3.7/site-packages/airflow/example_dags/example_trigger_target_dag.py
[2022-05-09 23:42:06,642] {processor.py:642} INFO - Processing file /home/airflow/.local/lib/python3.7/site-packages/airflow/example_dags/example_trigger_target_dag.py for tasks to queue
[2022-05-09 23:42:06,643] {logging_mixin.py:109} INFO - [2022-05-09 23:42:06,643] {dagbag.py:500} INFO - Filling up the DagBag from /home/airflow/.local/lib/python3.7/site-packages/airflow/example_dags/example_trigger_target_dag.py
[2022-05-09 23:42:06,669] {processor.py:652} INFO - DAG(s) dict_keys(['example_trigger_target_dag']) retrieved from /home/airflow/.local/lib/python3.7/site-packages/airflow/example_dags/example_trigger_target_dag.py
[2022-05-09 23:42:06,693] {logging_mixin.py:109} INFO - [2022-05-09 23:42:06,692] {dag.py:2398} INFO - Sync 1 DAGs
[2022-05-09 23:42:06,712] {logging_mixin.py:109} INFO - [2022-05-09 23:42:06,712] {dag.py:2937} INFO - Setting next_dagrun for example_trigger_target_dag to None
[2022-05-09 23:42:06,722] {processor.py:171} INFO - Processing /home/airflow/.local/lib/python3.7/site-packages/airflow/example_dags/example_trigger_target_dag.py took 0.086 seconds
[2022-05-09 23:42:37,314] {processor.py:163} INFO - Started process (PID=236) to work on /home/airflow/.local/lib/python3.7/site-packages/airflow/example_dags/example_trigger_target_dag.py
[2022-05-09 23:42:37,316] {processor.py:642} INFO - Processing file /home/airflow/.local/lib/python3.7/site-packages/airflow/example_dags/example_trigger_target_dag.py for tasks to queue
[2022-05-09 23:42:37,318] {logging_mixin.py:109} INFO - [2022-05-09 23:42:37,318] {dagbag.py:500} INFO - Filling up the DagBag from /home/airflow/.local/lib/python3.7/site-packages/airflow/example_dags/example_trigger_target_dag.py
[2022-05-09 23:42:37,342] {processor.py:652} INFO - DAG(s) dict_keys(['example_trigger_target_dag']) retrieved from /home/airflow/.local/lib/python3.7/site-packages/airflow/example_dags/example_trigger_target_dag.py
[2022-05-09 23:42:37,365] {logging_mixin.py:109} INFO - [2022-05-09 23:42:37,365] {dag.py:2398} INFO - Sync 1 DAGs
[2022-05-09 23:42:37,382] {logging_mixin.py:109} INFO - [2022-05-09 23:42:37,382] {dag.py:2937} INFO - Setting next_dagrun for example_trigger_target_dag to None
[2022-05-09 23:42:37,394] {processor.py:171} INFO - Processing /home/airflow/.local/lib/python3.7/site-packages/airflow/example_dags/example_trigger_target_dag.py took 0.083 seconds
[2022-05-09 23:43:08,482] {processor.py:163} INFO - Started process (PID=297) to work on /home/airflow/.local/lib/python3.7/site-packages/airflow/example_dags/example_trigger_target_dag.py
[2022-05-09 23:43:08,485] {processor.py:642} INFO - Processing file /home/airflow/.local/lib/python3.7/site-packages/airflow/example_dags/example_trigger_target_dag.py for tasks to queue
[2022-05-09 23:43:08,486] {logging_mixin.py:109} INFO - [2022-05-09 23:43:08,486] {dagbag.py:500} INFO - Filling up the DagBag from /home/airflow/.local/lib/python3.7/site-packages/airflow/example_dags/example_trigger_target_dag.py
[2022-05-09 23:43:08,521] {processor.py:652} INFO - DAG(s) dict_keys(['example_trigger_target_dag']) retrieved from /home/airflow/.local/lib/python3.7/site-packages/airflow/example_dags/example_trigger_target_dag.py
[2022-05-09 23:43:08,546] {logging_mixin.py:109} INFO - [2022-05-09 23:43:08,546] {dag.py:2398} INFO - Sync 1 DAGs
[2022-05-09 23:43:08,564] {logging_mixin.py:109} INFO - [2022-05-09 23:43:08,564] {dag.py:2937} INFO - Setting next_dagrun for example_trigger_target_dag to None
[2022-05-09 23:43:08,575] {processor.py:171} INFO - Processing /home/airflow/.local/lib/python3.7/site-packages/airflow/example_dags/example_trigger_target_dag.py took 0.097 seconds
[2022-05-09 23:43:39,357] {processor.py:163} INFO - Started process (PID=349) to work on /home/airflow/.local/lib/python3.7/site-packages/airflow/example_dags/example_trigger_target_dag.py
[2022-05-09 23:43:39,359] {processor.py:642} INFO - Processing file /home/airflow/.local/lib/python3.7/site-packages/airflow/example_dags/example_trigger_target_dag.py for tasks to queue
[2022-05-09 23:43:39,362] {logging_mixin.py:109} INFO - [2022-05-09 23:43:39,361] {dagbag.py:500} INFO - Filling up the DagBag from /home/airflow/.local/lib/python3.7/site-packages/airflow/example_dags/example_trigger_target_dag.py
[2022-05-09 23:43:39,387] {processor.py:652} INFO - DAG(s) dict_keys(['example_trigger_target_dag']) retrieved from /home/airflow/.local/lib/python3.7/site-packages/airflow/example_dags/example_trigger_target_dag.py
[2022-05-09 23:43:39,411] {logging_mixin.py:109} INFO - [2022-05-09 23:43:39,411] {dag.py:2398} INFO - Sync 1 DAGs
[2022-05-09 23:43:39,433] {logging_mixin.py:109} INFO - [2022-05-09 23:43:39,433] {dag.py:2937} INFO - Setting next_dagrun for example_trigger_target_dag to None
[2022-05-09 23:43:39,446] {processor.py:171} INFO - Processing /home/airflow/.local/lib/python3.7/site-packages/airflow/example_dags/example_trigger_target_dag.py took 0.093 seconds
[2022-05-09 23:44:10,386] {processor.py:163} INFO - Started process (PID=412) to work on /home/airflow/.local/lib/python3.7/site-packages/airflow/example_dags/example_trigger_target_dag.py
[2022-05-09 23:44:10,388] {processor.py:642} INFO - Processing file /home/airflow/.local/lib/python3.7/site-packages/airflow/example_dags/example_trigger_target_dag.py for tasks to queue
[2022-05-09 23:44:10,389] {logging_mixin.py:109} INFO - [2022-05-09 23:44:10,389] {dagbag.py:500} INFO - Filling up the DagBag from /home/airflow/.local/lib/python3.7/site-packages/airflow/example_dags/example_trigger_target_dag.py
[2022-05-09 23:44:10,413] {processor.py:652} INFO - DAG(s) dict_keys(['example_trigger_target_dag']) retrieved from /home/airflow/.local/lib/python3.7/site-packages/airflow/example_dags/example_trigger_target_dag.py
[2022-05-09 23:44:10,435] {logging_mixin.py:109} INFO - [2022-05-09 23:44:10,435] {dag.py:2398} INFO - Sync 1 DAGs
[2022-05-09 23:44:10,453] {logging_mixin.py:109} INFO - [2022-05-09 23:44:10,453] {dag.py:2937} INFO - Setting next_dagrun for example_trigger_target_dag to None
[2022-05-09 23:44:10,464] {processor.py:171} INFO - Processing /home/airflow/.local/lib/python3.7/site-packages/airflow/example_dags/example_trigger_target_dag.py took 0.082 seconds
[2022-05-09 23:44:41,102] {processor.py:163} INFO - Started process (PID=466) to work on /home/airflow/.local/lib/python3.7/site-packages/airflow/example_dags/example_trigger_target_dag.py
[2022-05-09 23:44:41,105] {processor.py:642} INFO - Processing file /home/airflow/.local/lib/python3.7/site-packages/airflow/example_dags/example_trigger_target_dag.py for tasks to queue
[2022-05-09 23:44:41,106] {logging_mixin.py:109} INFO - [2022-05-09 23:44:41,106] {dagbag.py:500} INFO - Filling up the DagBag from /home/airflow/.local/lib/python3.7/site-packages/airflow/example_dags/example_trigger_target_dag.py
[2022-05-09 23:44:41,133] {processor.py:652} INFO - DAG(s) dict_keys(['example_trigger_target_dag']) retrieved from /home/airflow/.local/lib/python3.7/site-packages/airflow/example_dags/example_trigger_target_dag.py
[2022-05-09 23:44:41,159] {logging_mixin.py:109} INFO - [2022-05-09 23:44:41,159] {dag.py:2398} INFO - Sync 1 DAGs
[2022-05-09 23:44:41,187] {logging_mixin.py:109} INFO - [2022-05-09 23:44:41,187] {dag.py:2937} INFO - Setting next_dagrun for example_trigger_target_dag to None
[2022-05-09 23:44:41,200] {processor.py:171} INFO - Processing /home/airflow/.local/lib/python3.7/site-packages/airflow/example_dags/example_trigger_target_dag.py took 0.102 seconds
[2022-05-09 23:45:12,238] {processor.py:163} INFO - Started process (PID=531) to work on /home/airflow/.local/lib/python3.7/site-packages/airflow/example_dags/example_trigger_target_dag.py
[2022-05-09 23:45:12,240] {processor.py:642} INFO - Processing file /home/airflow/.local/lib/python3.7/site-packages/airflow/example_dags/example_trigger_target_dag.py for tasks to queue
[2022-05-09 23:45:12,242] {logging_mixin.py:109} INFO - [2022-05-09 23:45:12,241] {dagbag.py:500} INFO - Filling up the DagBag from /home/airflow/.local/lib/python3.7/site-packages/airflow/example_dags/example_trigger_target_dag.py
[2022-05-09 23:45:12,266] {processor.py:652} INFO - DAG(s) dict_keys(['example_trigger_target_dag']) retrieved from /home/airflow/.local/lib/python3.7/site-packages/airflow/example_dags/example_trigger_target_dag.py
[2022-05-09 23:45:12,287] {logging_mixin.py:109} INFO - [2022-05-09 23:45:12,287] {dag.py:2398} INFO - Sync 1 DAGs
[2022-05-09 23:45:12,306] {logging_mixin.py:109} INFO - [2022-05-09 23:45:12,306] {dag.py:2937} INFO - Setting next_dagrun for example_trigger_target_dag to None
[2022-05-09 23:45:12,318] {processor.py:171} INFO - Processing /home/airflow/.local/lib/python3.7/site-packages/airflow/example_dags/example_trigger_target_dag.py took 0.084 seconds
[2022-05-09 23:45:43,478] {processor.py:163} INFO - Started process (PID=595) to work on /home/airflow/.local/lib/python3.7/site-packages/airflow/example_dags/example_trigger_target_dag.py
[2022-05-09 23:45:43,480] {processor.py:642} INFO - Processing file /home/airflow/.local/lib/python3.7/site-packages/airflow/example_dags/example_trigger_target_dag.py for tasks to queue
[2022-05-09 23:45:43,482] {logging_mixin.py:109} INFO - [2022-05-09 23:45:43,482] {dagbag.py:500} INFO - Filling up the DagBag from /home/airflow/.local/lib/python3.7/site-packages/airflow/example_dags/example_trigger_target_dag.py
[2022-05-09 23:45:43,503] {processor.py:652} INFO - DAG(s) dict_keys(['example_trigger_target_dag']) retrieved from /home/airflow/.local/lib/python3.7/site-packages/airflow/example_dags/example_trigger_target_dag.py
[2022-05-09 23:45:43,527] {logging_mixin.py:109} INFO - [2022-05-09 23:45:43,527] {dag.py:2398} INFO - Sync 1 DAGs
[2022-05-09 23:45:43,547] {logging_mixin.py:109} INFO - [2022-05-09 23:45:43,547] {dag.py:2937} INFO - Setting next_dagrun for example_trigger_target_dag to None
[2022-05-09 23:45:43,557] {processor.py:171} INFO - Processing /home/airflow/.local/lib/python3.7/site-packages/airflow/example_dags/example_trigger_target_dag.py took 0.083 seconds
[2022-05-09 23:46:14,433] {processor.py:163} INFO - Started process (PID=647) to work on /home/airflow/.local/lib/python3.7/site-packages/airflow/example_dags/example_trigger_target_dag.py
[2022-05-09 23:46:14,435] {processor.py:642} INFO - Processing file /home/airflow/.local/lib/python3.7/site-packages/airflow/example_dags/example_trigger_target_dag.py for tasks to queue
[2022-05-09 23:46:14,436] {logging_mixin.py:109} INFO - [2022-05-09 23:46:14,436] {dagbag.py:500} INFO - Filling up the DagBag from /home/airflow/.local/lib/python3.7/site-packages/airflow/example_dags/example_trigger_target_dag.py
[2022-05-09 23:46:14,456] {processor.py:652} INFO - DAG(s) dict_keys(['example_trigger_target_dag']) retrieved from /home/airflow/.local/lib/python3.7/site-packages/airflow/example_dags/example_trigger_target_dag.py
[2022-05-09 23:46:14,478] {logging_mixin.py:109} INFO - [2022-05-09 23:46:14,477] {dag.py:2398} INFO - Sync 1 DAGs
[2022-05-09 23:46:14,495] {logging_mixin.py:109} INFO - [2022-05-09 23:46:14,495] {dag.py:2937} INFO - Setting next_dagrun for example_trigger_target_dag to None
[2022-05-09 23:46:14,505] {processor.py:171} INFO - Processing /home/airflow/.local/lib/python3.7/site-packages/airflow/example_dags/example_trigger_target_dag.py took 0.076 seconds
[2022-05-09 23:46:45,141] {processor.py:163} INFO - Started process (PID=710) to work on /home/airflow/.local/lib/python3.7/site-packages/airflow/example_dags/example_trigger_target_dag.py
[2022-05-09 23:46:45,144] {processor.py:642} INFO - Processing file /home/airflow/.local/lib/python3.7/site-packages/airflow/example_dags/example_trigger_target_dag.py for tasks to queue
[2022-05-09 23:46:45,146] {logging_mixin.py:109} INFO - [2022-05-09 23:46:45,146] {dagbag.py:500} INFO - Filling up the DagBag from /home/airflow/.local/lib/python3.7/site-packages/airflow/example_dags/example_trigger_target_dag.py
[2022-05-09 23:46:45,168] {processor.py:652} INFO - DAG(s) dict_keys(['example_trigger_target_dag']) retrieved from /home/airflow/.local/lib/python3.7/site-packages/airflow/example_dags/example_trigger_target_dag.py
[2022-05-09 23:46:45,191] {logging_mixin.py:109} INFO - [2022-05-09 23:46:45,191] {dag.py:2398} INFO - Sync 1 DAGs
[2022-05-09 23:46:45,209] {logging_mixin.py:109} INFO - [2022-05-09 23:46:45,209] {dag.py:2937} INFO - Setting next_dagrun for example_trigger_target_dag to None
[2022-05-09 23:46:45,221] {processor.py:171} INFO - Processing /home/airflow/.local/lib/python3.7/site-packages/airflow/example_dags/example_trigger_target_dag.py took 0.084 seconds
[2022-05-09 23:47:16,079] {processor.py:163} INFO - Started process (PID=761) to work on /home/airflow/.local/lib/python3.7/site-packages/airflow/example_dags/example_trigger_target_dag.py
[2022-05-09 23:47:16,082] {processor.py:642} INFO - Processing file /home/airflow/.local/lib/python3.7/site-packages/airflow/example_dags/example_trigger_target_dag.py for tasks to queue
[2022-05-09 23:47:16,083] {logging_mixin.py:109} INFO - [2022-05-09 23:47:16,083] {dagbag.py:500} INFO - Filling up the DagBag from /home/airflow/.local/lib/python3.7/site-packages/airflow/example_dags/example_trigger_target_dag.py
[2022-05-09 23:47:16,104] {processor.py:652} INFO - DAG(s) dict_keys(['example_trigger_target_dag']) retrieved from /home/airflow/.local/lib/python3.7/site-packages/airflow/example_dags/example_trigger_target_dag.py
[2022-05-09 23:47:16,129] {logging_mixin.py:109} INFO - [2022-05-09 23:47:16,128] {dag.py:2398} INFO - Sync 1 DAGs
[2022-05-09 23:47:16,150] {logging_mixin.py:109} INFO - [2022-05-09 23:47:16,149] {dag.py:2937} INFO - Setting next_dagrun for example_trigger_target_dag to None
[2022-05-09 23:47:16,164] {processor.py:171} INFO - Processing /home/airflow/.local/lib/python3.7/site-packages/airflow/example_dags/example_trigger_target_dag.py took 0.089 seconds
[2022-05-09 23:47:46,865] {processor.py:163} INFO - Started process (PID=821) to work on /home/airflow/.local/lib/python3.7/site-packages/airflow/example_dags/example_trigger_target_dag.py
[2022-05-09 23:47:46,868] {processor.py:642} INFO - Processing file /home/airflow/.local/lib/python3.7/site-packages/airflow/example_dags/example_trigger_target_dag.py for tasks to queue
[2022-05-09 23:47:46,869] {logging_mixin.py:109} INFO - [2022-05-09 23:47:46,869] {dagbag.py:500} INFO - Filling up the DagBag from /home/airflow/.local/lib/python3.7/site-packages/airflow/example_dags/example_trigger_target_dag.py
[2022-05-09 23:47:46,892] {processor.py:652} INFO - DAG(s) dict_keys(['example_trigger_target_dag']) retrieved from /home/airflow/.local/lib/python3.7/site-packages/airflow/example_dags/example_trigger_target_dag.py
[2022-05-09 23:47:46,914] {logging_mixin.py:109} INFO - [2022-05-09 23:47:46,914] {dag.py:2398} INFO - Sync 1 DAGs
[2022-05-09 23:47:46,933] {logging_mixin.py:109} INFO - [2022-05-09 23:47:46,932] {dag.py:2937} INFO - Setting next_dagrun for example_trigger_target_dag to None
[2022-05-09 23:47:46,944] {processor.py:171} INFO - Processing /home/airflow/.local/lib/python3.7/site-packages/airflow/example_dags/example_trigger_target_dag.py took 0.083 seconds
[2022-05-09 23:48:17,358] {processor.py:163} INFO - Started process (PID=872) to work on /home/airflow/.local/lib/python3.7/site-packages/airflow/example_dags/example_trigger_target_dag.py
[2022-05-09 23:48:17,361] {processor.py:642} INFO - Processing file /home/airflow/.local/lib/python3.7/site-packages/airflow/example_dags/example_trigger_target_dag.py for tasks to queue
[2022-05-09 23:48:17,363] {logging_mixin.py:109} INFO - [2022-05-09 23:48:17,363] {dagbag.py:500} INFO - Filling up the DagBag from /home/airflow/.local/lib/python3.7/site-packages/airflow/example_dags/example_trigger_target_dag.py
[2022-05-09 23:48:17,390] {processor.py:652} INFO - DAG(s) dict_keys(['example_trigger_target_dag']) retrieved from /home/airflow/.local/lib/python3.7/site-packages/airflow/example_dags/example_trigger_target_dag.py
[2022-05-09 23:48:17,415] {logging_mixin.py:109} INFO - [2022-05-09 23:48:17,415] {dag.py:2398} INFO - Sync 1 DAGs
[2022-05-09 23:48:17,434] {logging_mixin.py:109} INFO - [2022-05-09 23:48:17,434] {dag.py:2937} INFO - Setting next_dagrun for example_trigger_target_dag to None
[2022-05-09 23:48:17,447] {processor.py:171} INFO - Processing /home/airflow/.local/lib/python3.7/site-packages/airflow/example_dags/example_trigger_target_dag.py took 0.093 seconds
[2022-05-09 23:48:48,448] {processor.py:163} INFO - Started process (PID=936) to work on /home/airflow/.local/lib/python3.7/site-packages/airflow/example_dags/example_trigger_target_dag.py
[2022-05-09 23:48:48,450] {processor.py:642} INFO - Processing file /home/airflow/.local/lib/python3.7/site-packages/airflow/example_dags/example_trigger_target_dag.py for tasks to queue
[2022-05-09 23:48:48,451] {logging_mixin.py:109} INFO - [2022-05-09 23:48:48,451] {dagbag.py:500} INFO - Filling up the DagBag from /home/airflow/.local/lib/python3.7/site-packages/airflow/example_dags/example_trigger_target_dag.py
[2022-05-09 23:48:48,472] {processor.py:652} INFO - DAG(s) dict_keys(['example_trigger_target_dag']) retrieved from /home/airflow/.local/lib/python3.7/site-packages/airflow/example_dags/example_trigger_target_dag.py
[2022-05-09 23:48:48,493] {logging_mixin.py:109} INFO - [2022-05-09 23:48:48,493] {dag.py:2398} INFO - Sync 1 DAGs
[2022-05-09 23:48:48,512] {logging_mixin.py:109} INFO - [2022-05-09 23:48:48,511] {dag.py:2937} INFO - Setting next_dagrun for example_trigger_target_dag to None
[2022-05-09 23:48:48,522] {processor.py:171} INFO - Processing /home/airflow/.local/lib/python3.7/site-packages/airflow/example_dags/example_trigger_target_dag.py took 0.078 seconds
[2022-05-09 23:49:18,978] {processor.py:163} INFO - Started process (PID=995) to work on /home/airflow/.local/lib/python3.7/site-packages/airflow/example_dags/example_trigger_target_dag.py
[2022-05-09 23:49:18,980] {processor.py:642} INFO - Processing file /home/airflow/.local/lib/python3.7/site-packages/airflow/example_dags/example_trigger_target_dag.py for tasks to queue
[2022-05-09 23:49:18,981] {logging_mixin.py:109} INFO - [2022-05-09 23:49:18,981] {dagbag.py:500} INFO - Filling up the DagBag from /home/airflow/.local/lib/python3.7/site-packages/airflow/example_dags/example_trigger_target_dag.py
[2022-05-09 23:49:19,003] {processor.py:652} INFO - DAG(s) dict_keys(['example_trigger_target_dag']) retrieved from /home/airflow/.local/lib/python3.7/site-packages/airflow/example_dags/example_trigger_target_dag.py
[2022-05-09 23:49:19,033] {logging_mixin.py:109} INFO - [2022-05-09 23:49:19,033] {dag.py:2398} INFO - Sync 1 DAGs
[2022-05-09 23:49:19,054] {logging_mixin.py:109} INFO - [2022-05-09 23:49:19,054] {dag.py:2937} INFO - Setting next_dagrun for example_trigger_target_dag to None
[2022-05-09 23:49:19,070] {processor.py:171} INFO - Processing /home/airflow/.local/lib/python3.7/site-packages/airflow/example_dags/example_trigger_target_dag.py took 0.095 seconds
[2022-05-09 23:49:49,748] {processor.py:163} INFO - Started process (PID=1049) to work on /home/airflow/.local/lib/python3.7/site-packages/airflow/example_dags/example_trigger_target_dag.py
[2022-05-09 23:49:49,750] {processor.py:642} INFO - Processing file /home/airflow/.local/lib/python3.7/site-packages/airflow/example_dags/example_trigger_target_dag.py for tasks to queue
[2022-05-09 23:49:49,752] {logging_mixin.py:109} INFO - [2022-05-09 23:49:49,752] {dagbag.py:500} INFO - Filling up the DagBag from /home/airflow/.local/lib/python3.7/site-packages/airflow/example_dags/example_trigger_target_dag.py
[2022-05-09 23:49:49,772] {processor.py:652} INFO - DAG(s) dict_keys(['example_trigger_target_dag']) retrieved from /home/airflow/.local/lib/python3.7/site-packages/airflow/example_dags/example_trigger_target_dag.py
[2022-05-09 23:49:49,793] {logging_mixin.py:109} INFO - [2022-05-09 23:49:49,793] {dag.py:2398} INFO - Sync 1 DAGs
[2022-05-09 23:49:49,810] {logging_mixin.py:109} INFO - [2022-05-09 23:49:49,810] {dag.py:2937} INFO - Setting next_dagrun for example_trigger_target_dag to None
[2022-05-09 23:49:49,822] {processor.py:171} INFO - Processing /home/airflow/.local/lib/python3.7/site-packages/airflow/example_dags/example_trigger_target_dag.py took 0.077 seconds
[2022-05-09 23:50:20,520] {processor.py:163} INFO - Started process (PID=1109) to work on /home/airflow/.local/lib/python3.7/site-packages/airflow/example_dags/example_trigger_target_dag.py
[2022-05-09 23:50:20,523] {processor.py:642} INFO - Processing file /home/airflow/.local/lib/python3.7/site-packages/airflow/example_dags/example_trigger_target_dag.py for tasks to queue
[2022-05-09 23:50:20,524] {logging_mixin.py:109} INFO - [2022-05-09 23:50:20,524] {dagbag.py:500} INFO - Filling up the DagBag from /home/airflow/.local/lib/python3.7/site-packages/airflow/example_dags/example_trigger_target_dag.py
[2022-05-09 23:50:20,544] {processor.py:652} INFO - DAG(s) dict_keys(['example_trigger_target_dag']) retrieved from /home/airflow/.local/lib/python3.7/site-packages/airflow/example_dags/example_trigger_target_dag.py
[2022-05-09 23:50:20,566] {logging_mixin.py:109} INFO - [2022-05-09 23:50:20,566] {dag.py:2398} INFO - Sync 1 DAGs
[2022-05-09 23:50:20,583] {logging_mixin.py:109} INFO - [2022-05-09 23:50:20,583] {dag.py:2937} INFO - Setting next_dagrun for example_trigger_target_dag to None
[2022-05-09 23:50:20,594] {processor.py:171} INFO - Processing /home/airflow/.local/lib/python3.7/site-packages/airflow/example_dags/example_trigger_target_dag.py took 0.079 seconds
[2022-05-09 23:50:51,004] {processor.py:163} INFO - Started process (PID=1162) to work on /home/airflow/.local/lib/python3.7/site-packages/airflow/example_dags/example_trigger_target_dag.py
[2022-05-09 23:50:51,006] {processor.py:642} INFO - Processing file /home/airflow/.local/lib/python3.7/site-packages/airflow/example_dags/example_trigger_target_dag.py for tasks to queue
[2022-05-09 23:50:51,007] {logging_mixin.py:109} INFO - [2022-05-09 23:50:51,007] {dagbag.py:500} INFO - Filling up the DagBag from /home/airflow/.local/lib/python3.7/site-packages/airflow/example_dags/example_trigger_target_dag.py
[2022-05-09 23:50:51,029] {processor.py:652} INFO - DAG(s) dict_keys(['example_trigger_target_dag']) retrieved from /home/airflow/.local/lib/python3.7/site-packages/airflow/example_dags/example_trigger_target_dag.py
[2022-05-09 23:50:51,050] {logging_mixin.py:109} INFO - [2022-05-09 23:50:51,050] {dag.py:2398} INFO - Sync 1 DAGs
[2022-05-09 23:50:51,068] {logging_mixin.py:109} INFO - [2022-05-09 23:50:51,068] {dag.py:2937} INFO - Setting next_dagrun for example_trigger_target_dag to None
[2022-05-09 23:50:51,082] {processor.py:171} INFO - Processing /home/airflow/.local/lib/python3.7/site-packages/airflow/example_dags/example_trigger_target_dag.py took 0.082 seconds
[2022-05-09 23:51:21,576] {processor.py:163} INFO - Started process (PID=1222) to work on /home/airflow/.local/lib/python3.7/site-packages/airflow/example_dags/example_trigger_target_dag.py
[2022-05-09 23:51:21,578] {processor.py:642} INFO - Processing file /home/airflow/.local/lib/python3.7/site-packages/airflow/example_dags/example_trigger_target_dag.py for tasks to queue
[2022-05-09 23:51:21,579] {logging_mixin.py:109} INFO - [2022-05-09 23:51:21,579] {dagbag.py:500} INFO - Filling up the DagBag from /home/airflow/.local/lib/python3.7/site-packages/airflow/example_dags/example_trigger_target_dag.py
[2022-05-09 23:51:21,601] {processor.py:652} INFO - DAG(s) dict_keys(['example_trigger_target_dag']) retrieved from /home/airflow/.local/lib/python3.7/site-packages/airflow/example_dags/example_trigger_target_dag.py
[2022-05-09 23:51:21,623] {logging_mixin.py:109} INFO - [2022-05-09 23:51:21,623] {dag.py:2398} INFO - Sync 1 DAGs
[2022-05-09 23:51:21,641] {logging_mixin.py:109} INFO - [2022-05-09 23:51:21,641] {dag.py:2937} INFO - Setting next_dagrun for example_trigger_target_dag to None
[2022-05-09 23:51:21,653] {processor.py:171} INFO - Processing /home/airflow/.local/lib/python3.7/site-packages/airflow/example_dags/example_trigger_target_dag.py took 0.081 seconds
[2022-05-09 23:51:52,185] {processor.py:163} INFO - Started process (PID=1273) to work on /home/airflow/.local/lib/python3.7/site-packages/airflow/example_dags/example_trigger_target_dag.py
[2022-05-09 23:51:52,188] {processor.py:642} INFO - Processing file /home/airflow/.local/lib/python3.7/site-packages/airflow/example_dags/example_trigger_target_dag.py for tasks to queue
[2022-05-09 23:51:52,189] {logging_mixin.py:109} INFO - [2022-05-09 23:51:52,189] {dagbag.py:500} INFO - Filling up the DagBag from /home/airflow/.local/lib/python3.7/site-packages/airflow/example_dags/example_trigger_target_dag.py
[2022-05-09 23:51:52,212] {processor.py:652} INFO - DAG(s) dict_keys(['example_trigger_target_dag']) retrieved from /home/airflow/.local/lib/python3.7/site-packages/airflow/example_dags/example_trigger_target_dag.py
[2022-05-09 23:51:52,237] {logging_mixin.py:109} INFO - [2022-05-09 23:51:52,237] {dag.py:2398} INFO - Sync 1 DAGs
[2022-05-09 23:51:52,255] {logging_mixin.py:109} INFO - [2022-05-09 23:51:52,255] {dag.py:2937} INFO - Setting next_dagrun for example_trigger_target_dag to None
[2022-05-09 23:51:52,273] {processor.py:171} INFO - Processing /home/airflow/.local/lib/python3.7/site-packages/airflow/example_dags/example_trigger_target_dag.py took 0.092 seconds
[2022-05-09 23:52:22,809] {processor.py:163} INFO - Started process (PID=1334) to work on /home/airflow/.local/lib/python3.7/site-packages/airflow/example_dags/example_trigger_target_dag.py
[2022-05-09 23:52:22,812] {processor.py:642} INFO - Processing file /home/airflow/.local/lib/python3.7/site-packages/airflow/example_dags/example_trigger_target_dag.py for tasks to queue
[2022-05-09 23:52:22,813] {logging_mixin.py:109} INFO - [2022-05-09 23:52:22,813] {dagbag.py:500} INFO - Filling up the DagBag from /home/airflow/.local/lib/python3.7/site-packages/airflow/example_dags/example_trigger_target_dag.py
[2022-05-09 23:52:22,838] {processor.py:652} INFO - DAG(s) dict_keys(['example_trigger_target_dag']) retrieved from /home/airflow/.local/lib/python3.7/site-packages/airflow/example_dags/example_trigger_target_dag.py
[2022-05-09 23:52:22,862] {logging_mixin.py:109} INFO - [2022-05-09 23:52:22,862] {dag.py:2398} INFO - Sync 1 DAGs
[2022-05-09 23:52:22,889] {logging_mixin.py:109} INFO - [2022-05-09 23:52:22,889] {dag.py:2937} INFO - Setting next_dagrun for example_trigger_target_dag to None
[2022-05-09 23:52:22,902] {processor.py:171} INFO - Processing /home/airflow/.local/lib/python3.7/site-packages/airflow/example_dags/example_trigger_target_dag.py took 0.097 seconds
[2022-05-09 23:52:53,475] {processor.py:163} INFO - Started process (PID=1395) to work on /home/airflow/.local/lib/python3.7/site-packages/airflow/example_dags/example_trigger_target_dag.py
[2022-05-09 23:52:53,477] {processor.py:642} INFO - Processing file /home/airflow/.local/lib/python3.7/site-packages/airflow/example_dags/example_trigger_target_dag.py for tasks to queue
[2022-05-09 23:52:53,479] {logging_mixin.py:109} INFO - [2022-05-09 23:52:53,479] {dagbag.py:500} INFO - Filling up the DagBag from /home/airflow/.local/lib/python3.7/site-packages/airflow/example_dags/example_trigger_target_dag.py
[2022-05-09 23:52:53,501] {processor.py:652} INFO - DAG(s) dict_keys(['example_trigger_target_dag']) retrieved from /home/airflow/.local/lib/python3.7/site-packages/airflow/example_dags/example_trigger_target_dag.py
[2022-05-09 23:52:53,529] {logging_mixin.py:109} INFO - [2022-05-09 23:52:53,529] {dag.py:2398} INFO - Sync 1 DAGs
[2022-05-09 23:52:53,550] {logging_mixin.py:109} INFO - [2022-05-09 23:52:53,550] {dag.py:2937} INFO - Setting next_dagrun for example_trigger_target_dag to None
[2022-05-09 23:52:53,564] {processor.py:171} INFO - Processing /home/airflow/.local/lib/python3.7/site-packages/airflow/example_dags/example_trigger_target_dag.py took 0.094 seconds
[2022-05-09 23:53:24,297] {processor.py:163} INFO - Started process (PID=1448) to work on /home/airflow/.local/lib/python3.7/site-packages/airflow/example_dags/example_trigger_target_dag.py
[2022-05-09 23:53:24,299] {processor.py:642} INFO - Processing file /home/airflow/.local/lib/python3.7/site-packages/airflow/example_dags/example_trigger_target_dag.py for tasks to queue
[2022-05-09 23:53:24,301] {logging_mixin.py:109} INFO - [2022-05-09 23:53:24,301] {dagbag.py:500} INFO - Filling up the DagBag from /home/airflow/.local/lib/python3.7/site-packages/airflow/example_dags/example_trigger_target_dag.py
[2022-05-09 23:53:24,322] {processor.py:652} INFO - DAG(s) dict_keys(['example_trigger_target_dag']) retrieved from /home/airflow/.local/lib/python3.7/site-packages/airflow/example_dags/example_trigger_target_dag.py
[2022-05-09 23:53:24,346] {logging_mixin.py:109} INFO - [2022-05-09 23:53:24,346] {dag.py:2398} INFO - Sync 1 DAGs
[2022-05-09 23:53:24,364] {logging_mixin.py:109} INFO - [2022-05-09 23:53:24,364] {dag.py:2937} INFO - Setting next_dagrun for example_trigger_target_dag to None
[2022-05-09 23:53:24,376] {processor.py:171} INFO - Processing /home/airflow/.local/lib/python3.7/site-packages/airflow/example_dags/example_trigger_target_dag.py took 0.083 seconds
[2022-05-09 23:53:54,810] {processor.py:163} INFO - Started process (PID=1508) to work on /home/airflow/.local/lib/python3.7/site-packages/airflow/example_dags/example_trigger_target_dag.py
[2022-05-09 23:53:54,812] {processor.py:642} INFO - Processing file /home/airflow/.local/lib/python3.7/site-packages/airflow/example_dags/example_trigger_target_dag.py for tasks to queue
[2022-05-09 23:53:54,814] {logging_mixin.py:109} INFO - [2022-05-09 23:53:54,813] {dagbag.py:500} INFO - Filling up the DagBag from /home/airflow/.local/lib/python3.7/site-packages/airflow/example_dags/example_trigger_target_dag.py
[2022-05-09 23:53:54,835] {processor.py:652} INFO - DAG(s) dict_keys(['example_trigger_target_dag']) retrieved from /home/airflow/.local/lib/python3.7/site-packages/airflow/example_dags/example_trigger_target_dag.py
[2022-05-09 23:53:54,863] {logging_mixin.py:109} INFO - [2022-05-09 23:53:54,863] {dag.py:2398} INFO - Sync 1 DAGs
[2022-05-09 23:53:54,881] {logging_mixin.py:109} INFO - [2022-05-09 23:53:54,881] {dag.py:2937} INFO - Setting next_dagrun for example_trigger_target_dag to None
[2022-05-09 23:53:54,895] {processor.py:171} INFO - Processing /home/airflow/.local/lib/python3.7/site-packages/airflow/example_dags/example_trigger_target_dag.py took 0.089 seconds
[2022-05-09 23:54:25,384] {processor.py:163} INFO - Started process (PID=1559) to work on /home/airflow/.local/lib/python3.7/site-packages/airflow/example_dags/example_trigger_target_dag.py
[2022-05-09 23:54:25,386] {processor.py:642} INFO - Processing file /home/airflow/.local/lib/python3.7/site-packages/airflow/example_dags/example_trigger_target_dag.py for tasks to queue
[2022-05-09 23:54:25,387] {logging_mixin.py:109} INFO - [2022-05-09 23:54:25,387] {dagbag.py:500} INFO - Filling up the DagBag from /home/airflow/.local/lib/python3.7/site-packages/airflow/example_dags/example_trigger_target_dag.py
[2022-05-09 23:54:25,409] {processor.py:652} INFO - DAG(s) dict_keys(['example_trigger_target_dag']) retrieved from /home/airflow/.local/lib/python3.7/site-packages/airflow/example_dags/example_trigger_target_dag.py
[2022-05-09 23:54:25,434] {logging_mixin.py:109} INFO - [2022-05-09 23:54:25,434] {dag.py:2398} INFO - Sync 1 DAGs
[2022-05-09 23:54:25,453] {logging_mixin.py:109} INFO - [2022-05-09 23:54:25,453] {dag.py:2937} INFO - Setting next_dagrun for example_trigger_target_dag to None
[2022-05-09 23:54:25,464] {processor.py:171} INFO - Processing /home/airflow/.local/lib/python3.7/site-packages/airflow/example_dags/example_trigger_target_dag.py took 0.085 seconds
[2022-05-09 23:54:55,948] {processor.py:163} INFO - Started process (PID=1620) to work on /home/airflow/.local/lib/python3.7/site-packages/airflow/example_dags/example_trigger_target_dag.py
[2022-05-09 23:54:55,950] {processor.py:642} INFO - Processing file /home/airflow/.local/lib/python3.7/site-packages/airflow/example_dags/example_trigger_target_dag.py for tasks to queue
[2022-05-09 23:54:55,951] {logging_mixin.py:109} INFO - [2022-05-09 23:54:55,951] {dagbag.py:500} INFO - Filling up the DagBag from /home/airflow/.local/lib/python3.7/site-packages/airflow/example_dags/example_trigger_target_dag.py
[2022-05-09 23:54:55,971] {processor.py:652} INFO - DAG(s) dict_keys(['example_trigger_target_dag']) retrieved from /home/airflow/.local/lib/python3.7/site-packages/airflow/example_dags/example_trigger_target_dag.py
[2022-05-09 23:54:55,993] {logging_mixin.py:109} INFO - [2022-05-09 23:54:55,993] {dag.py:2398} INFO - Sync 1 DAGs
[2022-05-09 23:54:56,010] {logging_mixin.py:109} INFO - [2022-05-09 23:54:56,010] {dag.py:2937} INFO - Setting next_dagrun for example_trigger_target_dag to None
[2022-05-09 23:54:56,022] {processor.py:171} INFO - Processing /home/airflow/.local/lib/python3.7/site-packages/airflow/example_dags/example_trigger_target_dag.py took 0.078 seconds
[2022-05-09 23:55:26,401] {processor.py:163} INFO - Started process (PID=1671) to work on /home/airflow/.local/lib/python3.7/site-packages/airflow/example_dags/example_trigger_target_dag.py
[2022-05-09 23:55:26,403] {processor.py:642} INFO - Processing file /home/airflow/.local/lib/python3.7/site-packages/airflow/example_dags/example_trigger_target_dag.py for tasks to queue
[2022-05-09 23:55:26,404] {logging_mixin.py:109} INFO - [2022-05-09 23:55:26,404] {dagbag.py:500} INFO - Filling up the DagBag from /home/airflow/.local/lib/python3.7/site-packages/airflow/example_dags/example_trigger_target_dag.py
[2022-05-09 23:55:26,426] {processor.py:652} INFO - DAG(s) dict_keys(['example_trigger_target_dag']) retrieved from /home/airflow/.local/lib/python3.7/site-packages/airflow/example_dags/example_trigger_target_dag.py
[2022-05-09 23:55:26,449] {logging_mixin.py:109} INFO - [2022-05-09 23:55:26,449] {dag.py:2398} INFO - Sync 1 DAGs
[2022-05-09 23:55:26,470] {logging_mixin.py:109} INFO - [2022-05-09 23:55:26,470] {dag.py:2937} INFO - Setting next_dagrun for example_trigger_target_dag to None
[2022-05-09 23:55:26,482] {processor.py:171} INFO - Processing /home/airflow/.local/lib/python3.7/site-packages/airflow/example_dags/example_trigger_target_dag.py took 0.085 seconds
[2022-05-09 23:55:57,195] {processor.py:163} INFO - Started process (PID=1732) to work on /home/airflow/.local/lib/python3.7/site-packages/airflow/example_dags/example_trigger_target_dag.py
[2022-05-09 23:55:57,197] {processor.py:642} INFO - Processing file /home/airflow/.local/lib/python3.7/site-packages/airflow/example_dags/example_trigger_target_dag.py for tasks to queue
[2022-05-09 23:55:57,198] {logging_mixin.py:109} INFO - [2022-05-09 23:55:57,198] {dagbag.py:500} INFO - Filling up the DagBag from /home/airflow/.local/lib/python3.7/site-packages/airflow/example_dags/example_trigger_target_dag.py
[2022-05-09 23:55:57,218] {processor.py:652} INFO - DAG(s) dict_keys(['example_trigger_target_dag']) retrieved from /home/airflow/.local/lib/python3.7/site-packages/airflow/example_dags/example_trigger_target_dag.py
[2022-05-09 23:55:57,240] {logging_mixin.py:109} INFO - [2022-05-09 23:55:57,240] {dag.py:2398} INFO - Sync 1 DAGs
[2022-05-09 23:55:57,257] {logging_mixin.py:109} INFO - [2022-05-09 23:55:57,257] {dag.py:2937} INFO - Setting next_dagrun for example_trigger_target_dag to None
[2022-05-09 23:55:57,267] {processor.py:171} INFO - Processing /home/airflow/.local/lib/python3.7/site-packages/airflow/example_dags/example_trigger_target_dag.py took 0.075 seconds
[2022-05-09 23:56:27,934] {processor.py:163} INFO - Started process (PID=1793) to work on /home/airflow/.local/lib/python3.7/site-packages/airflow/example_dags/example_trigger_target_dag.py
[2022-05-09 23:56:27,936] {processor.py:642} INFO - Processing file /home/airflow/.local/lib/python3.7/site-packages/airflow/example_dags/example_trigger_target_dag.py for tasks to queue
[2022-05-09 23:56:27,937] {logging_mixin.py:109} INFO - [2022-05-09 23:56:27,937] {dagbag.py:500} INFO - Filling up the DagBag from /home/airflow/.local/lib/python3.7/site-packages/airflow/example_dags/example_trigger_target_dag.py
[2022-05-09 23:56:27,957] {processor.py:652} INFO - DAG(s) dict_keys(['example_trigger_target_dag']) retrieved from /home/airflow/.local/lib/python3.7/site-packages/airflow/example_dags/example_trigger_target_dag.py
[2022-05-09 23:56:27,981] {logging_mixin.py:109} INFO - [2022-05-09 23:56:27,981] {dag.py:2398} INFO - Sync 1 DAGs
[2022-05-09 23:56:27,999] {logging_mixin.py:109} INFO - [2022-05-09 23:56:27,999] {dag.py:2937} INFO - Setting next_dagrun for example_trigger_target_dag to None
[2022-05-09 23:56:28,011] {processor.py:171} INFO - Processing /home/airflow/.local/lib/python3.7/site-packages/airflow/example_dags/example_trigger_target_dag.py took 0.080 seconds
[2022-05-09 23:56:58,664] {processor.py:163} INFO - Started process (PID=1845) to work on /home/airflow/.local/lib/python3.7/site-packages/airflow/example_dags/example_trigger_target_dag.py
[2022-05-09 23:56:58,666] {processor.py:642} INFO - Processing file /home/airflow/.local/lib/python3.7/site-packages/airflow/example_dags/example_trigger_target_dag.py for tasks to queue
[2022-05-09 23:56:58,667] {logging_mixin.py:109} INFO - [2022-05-09 23:56:58,667] {dagbag.py:500} INFO - Filling up the DagBag from /home/airflow/.local/lib/python3.7/site-packages/airflow/example_dags/example_trigger_target_dag.py
[2022-05-09 23:56:58,691] {processor.py:652} INFO - DAG(s) dict_keys(['example_trigger_target_dag']) retrieved from /home/airflow/.local/lib/python3.7/site-packages/airflow/example_dags/example_trigger_target_dag.py
[2022-05-09 23:56:58,713] {logging_mixin.py:109} INFO - [2022-05-09 23:56:58,713] {dag.py:2398} INFO - Sync 1 DAGs
[2022-05-09 23:56:58,730] {logging_mixin.py:109} INFO - [2022-05-09 23:56:58,730] {dag.py:2937} INFO - Setting next_dagrun for example_trigger_target_dag to None
[2022-05-09 23:56:58,741] {processor.py:171} INFO - Processing /home/airflow/.local/lib/python3.7/site-packages/airflow/example_dags/example_trigger_target_dag.py took 0.082 seconds
[2022-05-09 23:57:29,319] {processor.py:163} INFO - Started process (PID=1908) to work on /home/airflow/.local/lib/python3.7/site-packages/airflow/example_dags/example_trigger_target_dag.py
[2022-05-09 23:57:29,321] {processor.py:642} INFO - Processing file /home/airflow/.local/lib/python3.7/site-packages/airflow/example_dags/example_trigger_target_dag.py for tasks to queue
[2022-05-09 23:57:29,322] {logging_mixin.py:109} INFO - [2022-05-09 23:57:29,322] {dagbag.py:500} INFO - Filling up the DagBag from /home/airflow/.local/lib/python3.7/site-packages/airflow/example_dags/example_trigger_target_dag.py
[2022-05-09 23:57:29,345] {processor.py:652} INFO - DAG(s) dict_keys(['example_trigger_target_dag']) retrieved from /home/airflow/.local/lib/python3.7/site-packages/airflow/example_dags/example_trigger_target_dag.py
[2022-05-09 23:57:29,371] {logging_mixin.py:109} INFO - [2022-05-09 23:57:29,371] {dag.py:2398} INFO - Sync 1 DAGs
[2022-05-09 23:57:29,392] {logging_mixin.py:109} INFO - [2022-05-09 23:57:29,392] {dag.py:2937} INFO - Setting next_dagrun for example_trigger_target_dag to None
[2022-05-09 23:57:29,405] {processor.py:171} INFO - Processing /home/airflow/.local/lib/python3.7/site-packages/airflow/example_dags/example_trigger_target_dag.py took 0.090 seconds
[2022-05-09 23:57:59,970] {processor.py:163} INFO - Started process (PID=1959) to work on /home/airflow/.local/lib/python3.7/site-packages/airflow/example_dags/example_trigger_target_dag.py
[2022-05-09 23:57:59,972] {processor.py:642} INFO - Processing file /home/airflow/.local/lib/python3.7/site-packages/airflow/example_dags/example_trigger_target_dag.py for tasks to queue
[2022-05-09 23:57:59,973] {logging_mixin.py:109} INFO - [2022-05-09 23:57:59,973] {dagbag.py:500} INFO - Filling up the DagBag from /home/airflow/.local/lib/python3.7/site-packages/airflow/example_dags/example_trigger_target_dag.py
[2022-05-09 23:57:59,992] {processor.py:652} INFO - DAG(s) dict_keys(['example_trigger_target_dag']) retrieved from /home/airflow/.local/lib/python3.7/site-packages/airflow/example_dags/example_trigger_target_dag.py
[2022-05-09 23:58:00,014] {logging_mixin.py:109} INFO - [2022-05-09 23:58:00,014] {dag.py:2398} INFO - Sync 1 DAGs
[2022-05-09 23:58:00,033] {logging_mixin.py:109} INFO - [2022-05-09 23:58:00,033] {dag.py:2937} INFO - Setting next_dagrun for example_trigger_target_dag to None
[2022-05-09 23:58:00,042] {processor.py:171} INFO - Processing /home/airflow/.local/lib/python3.7/site-packages/airflow/example_dags/example_trigger_target_dag.py took 0.076 seconds
[2022-05-09 23:58:30,685] {processor.py:163} INFO - Started process (PID=2021) to work on /home/airflow/.local/lib/python3.7/site-packages/airflow/example_dags/example_trigger_target_dag.py
[2022-05-09 23:58:30,687] {processor.py:642} INFO - Processing file /home/airflow/.local/lib/python3.7/site-packages/airflow/example_dags/example_trigger_target_dag.py for tasks to queue
[2022-05-09 23:58:30,688] {logging_mixin.py:109} INFO - [2022-05-09 23:58:30,688] {dagbag.py:500} INFO - Filling up the DagBag from /home/airflow/.local/lib/python3.7/site-packages/airflow/example_dags/example_trigger_target_dag.py
[2022-05-09 23:58:30,710] {processor.py:652} INFO - DAG(s) dict_keys(['example_trigger_target_dag']) retrieved from /home/airflow/.local/lib/python3.7/site-packages/airflow/example_dags/example_trigger_target_dag.py
[2022-05-09 23:58:30,733] {logging_mixin.py:109} INFO - [2022-05-09 23:58:30,733] {dag.py:2398} INFO - Sync 1 DAGs
[2022-05-09 23:58:30,752] {logging_mixin.py:109} INFO - [2022-05-09 23:58:30,752] {dag.py:2937} INFO - Setting next_dagrun for example_trigger_target_dag to None
[2022-05-09 23:58:30,763] {processor.py:171} INFO - Processing /home/airflow/.local/lib/python3.7/site-packages/airflow/example_dags/example_trigger_target_dag.py took 0.082 seconds
[2022-05-09 23:59:01,320] {processor.py:163} INFO - Started process (PID=2082) to work on /home/airflow/.local/lib/python3.7/site-packages/airflow/example_dags/example_trigger_target_dag.py
[2022-05-09 23:59:01,323] {processor.py:642} INFO - Processing file /home/airflow/.local/lib/python3.7/site-packages/airflow/example_dags/example_trigger_target_dag.py for tasks to queue
[2022-05-09 23:59:01,324] {logging_mixin.py:109} INFO - [2022-05-09 23:59:01,324] {dagbag.py:500} INFO - Filling up the DagBag from /home/airflow/.local/lib/python3.7/site-packages/airflow/example_dags/example_trigger_target_dag.py
[2022-05-09 23:59:01,344] {processor.py:652} INFO - DAG(s) dict_keys(['example_trigger_target_dag']) retrieved from /home/airflow/.local/lib/python3.7/site-packages/airflow/example_dags/example_trigger_target_dag.py
[2022-05-09 23:59:01,366] {logging_mixin.py:109} INFO - [2022-05-09 23:59:01,366] {dag.py:2398} INFO - Sync 1 DAGs
[2022-05-09 23:59:01,385] {logging_mixin.py:109} INFO - [2022-05-09 23:59:01,385] {dag.py:2937} INFO - Setting next_dagrun for example_trigger_target_dag to None
[2022-05-09 23:59:01,396] {processor.py:171} INFO - Processing /home/airflow/.local/lib/python3.7/site-packages/airflow/example_dags/example_trigger_target_dag.py took 0.079 seconds
[2022-05-09 23:59:31,989] {processor.py:163} INFO - Started process (PID=2133) to work on /home/airflow/.local/lib/python3.7/site-packages/airflow/example_dags/example_trigger_target_dag.py
[2022-05-09 23:59:31,991] {processor.py:642} INFO - Processing file /home/airflow/.local/lib/python3.7/site-packages/airflow/example_dags/example_trigger_target_dag.py for tasks to queue
[2022-05-09 23:59:31,992] {logging_mixin.py:109} INFO - [2022-05-09 23:59:31,992] {dagbag.py:500} INFO - Filling up the DagBag from /home/airflow/.local/lib/python3.7/site-packages/airflow/example_dags/example_trigger_target_dag.py
[2022-05-09 23:59:32,015] {processor.py:652} INFO - DAG(s) dict_keys(['example_trigger_target_dag']) retrieved from /home/airflow/.local/lib/python3.7/site-packages/airflow/example_dags/example_trigger_target_dag.py
[2022-05-09 23:59:32,036] {logging_mixin.py:109} INFO - [2022-05-09 23:59:32,036] {dag.py:2398} INFO - Sync 1 DAGs
[2022-05-09 23:59:32,054] {logging_mixin.py:109} INFO - [2022-05-09 23:59:32,054] {dag.py:2937} INFO - Setting next_dagrun for example_trigger_target_dag to None
[2022-05-09 23:59:32,068] {processor.py:171} INFO - Processing /home/airflow/.local/lib/python3.7/site-packages/airflow/example_dags/example_trigger_target_dag.py took 0.083 seconds
