[2022-05-09 23:41:04,799] {processor.py:163} INFO - Started process (PID=65) to work on /home/airflow/.local/lib/python3.7/site-packages/airflow/example_dags/example_external_task_marker_dag.py
[2022-05-09 23:41:04,802] {processor.py:642} INFO - Processing file /home/airflow/.local/lib/python3.7/site-packages/airflow/example_dags/example_external_task_marker_dag.py for tasks to queue
[2022-05-09 23:41:04,804] {logging_mixin.py:109} INFO - [2022-05-09 23:41:04,804] {dagbag.py:500} INFO - Filling up the DagBag from /home/airflow/.local/lib/python3.7/site-packages/airflow/example_dags/example_external_task_marker_dag.py
[2022-05-09 23:41:04,852] {processor.py:652} INFO - DAG(s) dict_keys(['example_external_task_marker_parent', 'example_external_task_marker_child']) retrieved from /home/airflow/.local/lib/python3.7/site-packages/airflow/example_dags/example_external_task_marker_dag.py
[2022-05-09 23:41:04,908] {logging_mixin.py:109} INFO - [2022-05-09 23:41:04,908] {dag.py:2398} INFO - Sync 2 DAGs
[2022-05-09 23:41:04,941] {logging_mixin.py:109} INFO - [2022-05-09 23:41:04,941] {dag.py:2937} INFO - Setting next_dagrun for example_external_task_marker_child to None
[2022-05-09 23:41:04,943] {logging_mixin.py:109} INFO - [2022-05-09 23:41:04,943] {dag.py:2937} INFO - Setting next_dagrun for example_external_task_marker_parent to None
[2022-05-09 23:41:04,960] {processor.py:171} INFO - Processing /home/airflow/.local/lib/python3.7/site-packages/airflow/example_dags/example_external_task_marker_dag.py took 0.170 seconds
[2022-05-09 23:41:35,732] {processor.py:163} INFO - Started process (PID=125) to work on /home/airflow/.local/lib/python3.7/site-packages/airflow/example_dags/example_external_task_marker_dag.py
[2022-05-09 23:41:35,736] {processor.py:642} INFO - Processing file /home/airflow/.local/lib/python3.7/site-packages/airflow/example_dags/example_external_task_marker_dag.py for tasks to queue
[2022-05-09 23:41:35,738] {logging_mixin.py:109} INFO - [2022-05-09 23:41:35,738] {dagbag.py:500} INFO - Filling up the DagBag from /home/airflow/.local/lib/python3.7/site-packages/airflow/example_dags/example_external_task_marker_dag.py
[2022-05-09 23:41:35,760] {processor.py:652} INFO - DAG(s) dict_keys(['example_external_task_marker_parent', 'example_external_task_marker_child']) retrieved from /home/airflow/.local/lib/python3.7/site-packages/airflow/example_dags/example_external_task_marker_dag.py
[2022-05-09 23:41:35,807] {logging_mixin.py:109} INFO - [2022-05-09 23:41:35,806] {dag.py:2398} INFO - Sync 2 DAGs
[2022-05-09 23:41:35,835] {logging_mixin.py:109} INFO - [2022-05-09 23:41:35,835] {dag.py:2937} INFO - Setting next_dagrun for example_external_task_marker_child to None
[2022-05-09 23:41:35,837] {logging_mixin.py:109} INFO - [2022-05-09 23:41:35,836] {dag.py:2937} INFO - Setting next_dagrun for example_external_task_marker_parent to None
[2022-05-09 23:41:35,852] {processor.py:171} INFO - Processing /home/airflow/.local/lib/python3.7/site-packages/airflow/example_dags/example_external_task_marker_dag.py took 0.128 seconds
[2022-05-09 23:42:06,934] {processor.py:163} INFO - Started process (PID=188) to work on /home/airflow/.local/lib/python3.7/site-packages/airflow/example_dags/example_external_task_marker_dag.py
[2022-05-09 23:42:06,936] {processor.py:642} INFO - Processing file /home/airflow/.local/lib/python3.7/site-packages/airflow/example_dags/example_external_task_marker_dag.py for tasks to queue
[2022-05-09 23:42:06,938] {logging_mixin.py:109} INFO - [2022-05-09 23:42:06,938] {dagbag.py:500} INFO - Filling up the DagBag from /home/airflow/.local/lib/python3.7/site-packages/airflow/example_dags/example_external_task_marker_dag.py
[2022-05-09 23:42:06,957] {processor.py:652} INFO - DAG(s) dict_keys(['example_external_task_marker_parent', 'example_external_task_marker_child']) retrieved from /home/airflow/.local/lib/python3.7/site-packages/airflow/example_dags/example_external_task_marker_dag.py
[2022-05-09 23:42:06,983] {logging_mixin.py:109} INFO - [2022-05-09 23:42:06,982] {dag.py:2398} INFO - Sync 2 DAGs
[2022-05-09 23:42:07,000] {logging_mixin.py:109} INFO - [2022-05-09 23:42:07,000] {dag.py:2937} INFO - Setting next_dagrun for example_external_task_marker_child to None
[2022-05-09 23:42:07,002] {logging_mixin.py:109} INFO - [2022-05-09 23:42:07,002] {dag.py:2937} INFO - Setting next_dagrun for example_external_task_marker_parent to None
[2022-05-09 23:42:07,013] {processor.py:171} INFO - Processing /home/airflow/.local/lib/python3.7/site-packages/airflow/example_dags/example_external_task_marker_dag.py took 0.082 seconds
[2022-05-09 23:42:37,622] {processor.py:163} INFO - Started process (PID=242) to work on /home/airflow/.local/lib/python3.7/site-packages/airflow/example_dags/example_external_task_marker_dag.py
[2022-05-09 23:42:37,624] {processor.py:642} INFO - Processing file /home/airflow/.local/lib/python3.7/site-packages/airflow/example_dags/example_external_task_marker_dag.py for tasks to queue
[2022-05-09 23:42:37,625] {logging_mixin.py:109} INFO - [2022-05-09 23:42:37,625] {dagbag.py:500} INFO - Filling up the DagBag from /home/airflow/.local/lib/python3.7/site-packages/airflow/example_dags/example_external_task_marker_dag.py
[2022-05-09 23:42:37,644] {processor.py:652} INFO - DAG(s) dict_keys(['example_external_task_marker_parent', 'example_external_task_marker_child']) retrieved from /home/airflow/.local/lib/python3.7/site-packages/airflow/example_dags/example_external_task_marker_dag.py
[2022-05-09 23:42:37,669] {logging_mixin.py:109} INFO - [2022-05-09 23:42:37,669] {dag.py:2398} INFO - Sync 2 DAGs
[2022-05-09 23:42:37,686] {logging_mixin.py:109} INFO - [2022-05-09 23:42:37,685] {dag.py:2937} INFO - Setting next_dagrun for example_external_task_marker_child to None
[2022-05-09 23:42:37,687] {logging_mixin.py:109} INFO - [2022-05-09 23:42:37,686] {dag.py:2937} INFO - Setting next_dagrun for example_external_task_marker_parent to None
[2022-05-09 23:42:37,697] {processor.py:171} INFO - Processing /home/airflow/.local/lib/python3.7/site-packages/airflow/example_dags/example_external_task_marker_dag.py took 0.078 seconds
[2022-05-09 23:43:08,836] {processor.py:163} INFO - Started process (PID=303) to work on /home/airflow/.local/lib/python3.7/site-packages/airflow/example_dags/example_external_task_marker_dag.py
[2022-05-09 23:43:08,838] {processor.py:642} INFO - Processing file /home/airflow/.local/lib/python3.7/site-packages/airflow/example_dags/example_external_task_marker_dag.py for tasks to queue
[2022-05-09 23:43:08,839] {logging_mixin.py:109} INFO - [2022-05-09 23:43:08,839] {dagbag.py:500} INFO - Filling up the DagBag from /home/airflow/.local/lib/python3.7/site-packages/airflow/example_dags/example_external_task_marker_dag.py
[2022-05-09 23:43:08,859] {processor.py:652} INFO - DAG(s) dict_keys(['example_external_task_marker_parent', 'example_external_task_marker_child']) retrieved from /home/airflow/.local/lib/python3.7/site-packages/airflow/example_dags/example_external_task_marker_dag.py
[2022-05-09 23:43:08,890] {logging_mixin.py:109} INFO - [2022-05-09 23:43:08,890] {dag.py:2398} INFO - Sync 2 DAGs
[2022-05-09 23:43:08,909] {logging_mixin.py:109} INFO - [2022-05-09 23:43:08,909] {dag.py:2937} INFO - Setting next_dagrun for example_external_task_marker_child to None
[2022-05-09 23:43:08,910] {logging_mixin.py:109} INFO - [2022-05-09 23:43:08,910] {dag.py:2937} INFO - Setting next_dagrun for example_external_task_marker_parent to None
[2022-05-09 23:43:08,921] {processor.py:171} INFO - Processing /home/airflow/.local/lib/python3.7/site-packages/airflow/example_dags/example_external_task_marker_dag.py took 0.089 seconds
[2022-05-09 23:43:39,717] {processor.py:163} INFO - Started process (PID=355) to work on /home/airflow/.local/lib/python3.7/site-packages/airflow/example_dags/example_external_task_marker_dag.py
[2022-05-09 23:43:39,719] {processor.py:642} INFO - Processing file /home/airflow/.local/lib/python3.7/site-packages/airflow/example_dags/example_external_task_marker_dag.py for tasks to queue
[2022-05-09 23:43:39,720] {logging_mixin.py:109} INFO - [2022-05-09 23:43:39,720] {dagbag.py:500} INFO - Filling up the DagBag from /home/airflow/.local/lib/python3.7/site-packages/airflow/example_dags/example_external_task_marker_dag.py
[2022-05-09 23:43:39,740] {processor.py:652} INFO - DAG(s) dict_keys(['example_external_task_marker_parent', 'example_external_task_marker_child']) retrieved from /home/airflow/.local/lib/python3.7/site-packages/airflow/example_dags/example_external_task_marker_dag.py
[2022-05-09 23:43:39,770] {logging_mixin.py:109} INFO - [2022-05-09 23:43:39,769] {dag.py:2398} INFO - Sync 2 DAGs
[2022-05-09 23:43:39,788] {logging_mixin.py:109} INFO - [2022-05-09 23:43:39,788] {dag.py:2937} INFO - Setting next_dagrun for example_external_task_marker_child to None
[2022-05-09 23:43:39,789] {logging_mixin.py:109} INFO - [2022-05-09 23:43:39,789] {dag.py:2937} INFO - Setting next_dagrun for example_external_task_marker_parent to None
[2022-05-09 23:43:39,801] {processor.py:171} INFO - Processing /home/airflow/.local/lib/python3.7/site-packages/airflow/example_dags/example_external_task_marker_dag.py took 0.089 seconds
[2022-05-09 23:44:10,603] {processor.py:163} INFO - Started process (PID=417) to work on /home/airflow/.local/lib/python3.7/site-packages/airflow/example_dags/example_external_task_marker_dag.py
[2022-05-09 23:44:10,606] {processor.py:642} INFO - Processing file /home/airflow/.local/lib/python3.7/site-packages/airflow/example_dags/example_external_task_marker_dag.py for tasks to queue
[2022-05-09 23:44:10,607] {logging_mixin.py:109} INFO - [2022-05-09 23:44:10,607] {dagbag.py:500} INFO - Filling up the DagBag from /home/airflow/.local/lib/python3.7/site-packages/airflow/example_dags/example_external_task_marker_dag.py
[2022-05-09 23:44:10,626] {processor.py:652} INFO - DAG(s) dict_keys(['example_external_task_marker_parent', 'example_external_task_marker_child']) retrieved from /home/airflow/.local/lib/python3.7/site-packages/airflow/example_dags/example_external_task_marker_dag.py
[2022-05-09 23:44:10,653] {logging_mixin.py:109} INFO - [2022-05-09 23:44:10,653] {dag.py:2398} INFO - Sync 2 DAGs
[2022-05-09 23:44:10,671] {logging_mixin.py:109} INFO - [2022-05-09 23:44:10,671] {dag.py:2937} INFO - Setting next_dagrun for example_external_task_marker_child to None
[2022-05-09 23:44:10,672] {logging_mixin.py:109} INFO - [2022-05-09 23:44:10,672] {dag.py:2937} INFO - Setting next_dagrun for example_external_task_marker_parent to None
[2022-05-09 23:44:10,684] {processor.py:171} INFO - Processing /home/airflow/.local/lib/python3.7/site-packages/airflow/example_dags/example_external_task_marker_dag.py took 0.085 seconds
[2022-05-09 23:44:41,478] {processor.py:163} INFO - Started process (PID=472) to work on /home/airflow/.local/lib/python3.7/site-packages/airflow/example_dags/example_external_task_marker_dag.py
[2022-05-09 23:44:41,480] {processor.py:642} INFO - Processing file /home/airflow/.local/lib/python3.7/site-packages/airflow/example_dags/example_external_task_marker_dag.py for tasks to queue
[2022-05-09 23:44:41,481] {logging_mixin.py:109} INFO - [2022-05-09 23:44:41,481] {dagbag.py:500} INFO - Filling up the DagBag from /home/airflow/.local/lib/python3.7/site-packages/airflow/example_dags/example_external_task_marker_dag.py
[2022-05-09 23:44:41,503] {processor.py:652} INFO - DAG(s) dict_keys(['example_external_task_marker_parent', 'example_external_task_marker_child']) retrieved from /home/airflow/.local/lib/python3.7/site-packages/airflow/example_dags/example_external_task_marker_dag.py
[2022-05-09 23:44:41,536] {logging_mixin.py:109} INFO - [2022-05-09 23:44:41,536] {dag.py:2398} INFO - Sync 2 DAGs
[2022-05-09 23:44:41,556] {logging_mixin.py:109} INFO - [2022-05-09 23:44:41,556] {dag.py:2937} INFO - Setting next_dagrun for example_external_task_marker_child to None
[2022-05-09 23:44:41,557] {logging_mixin.py:109} INFO - [2022-05-09 23:44:41,557] {dag.py:2937} INFO - Setting next_dagrun for example_external_task_marker_parent to None
[2022-05-09 23:44:41,570] {processor.py:171} INFO - Processing /home/airflow/.local/lib/python3.7/site-packages/airflow/example_dags/example_external_task_marker_dag.py took 0.097 seconds
[2022-05-09 23:45:12,553] {processor.py:163} INFO - Started process (PID=536) to work on /home/airflow/.local/lib/python3.7/site-packages/airflow/example_dags/example_external_task_marker_dag.py
[2022-05-09 23:45:12,556] {processor.py:642} INFO - Processing file /home/airflow/.local/lib/python3.7/site-packages/airflow/example_dags/example_external_task_marker_dag.py for tasks to queue
[2022-05-09 23:45:12,557] {logging_mixin.py:109} INFO - [2022-05-09 23:45:12,557] {dagbag.py:500} INFO - Filling up the DagBag from /home/airflow/.local/lib/python3.7/site-packages/airflow/example_dags/example_external_task_marker_dag.py
[2022-05-09 23:45:12,582] {processor.py:652} INFO - DAG(s) dict_keys(['example_external_task_marker_parent', 'example_external_task_marker_child']) retrieved from /home/airflow/.local/lib/python3.7/site-packages/airflow/example_dags/example_external_task_marker_dag.py
[2022-05-09 23:45:12,614] {logging_mixin.py:109} INFO - [2022-05-09 23:45:12,614] {dag.py:2398} INFO - Sync 2 DAGs
[2022-05-09 23:45:12,633] {logging_mixin.py:109} INFO - [2022-05-09 23:45:12,633] {dag.py:2937} INFO - Setting next_dagrun for example_external_task_marker_child to None
[2022-05-09 23:45:12,634] {logging_mixin.py:109} INFO - [2022-05-09 23:45:12,634] {dag.py:2937} INFO - Setting next_dagrun for example_external_task_marker_parent to None
[2022-05-09 23:45:12,649] {processor.py:171} INFO - Processing /home/airflow/.local/lib/python3.7/site-packages/airflow/example_dags/example_external_task_marker_dag.py took 0.100 seconds
[2022-05-09 23:45:43,708] {processor.py:163} INFO - Started process (PID=600) to work on /home/airflow/.local/lib/python3.7/site-packages/airflow/example_dags/example_external_task_marker_dag.py
[2022-05-09 23:45:43,711] {processor.py:642} INFO - Processing file /home/airflow/.local/lib/python3.7/site-packages/airflow/example_dags/example_external_task_marker_dag.py for tasks to queue
[2022-05-09 23:45:43,712] {logging_mixin.py:109} INFO - [2022-05-09 23:45:43,712] {dagbag.py:500} INFO - Filling up the DagBag from /home/airflow/.local/lib/python3.7/site-packages/airflow/example_dags/example_external_task_marker_dag.py
[2022-05-09 23:45:43,729] {processor.py:652} INFO - DAG(s) dict_keys(['example_external_task_marker_parent', 'example_external_task_marker_child']) retrieved from /home/airflow/.local/lib/python3.7/site-packages/airflow/example_dags/example_external_task_marker_dag.py
[2022-05-09 23:45:43,757] {logging_mixin.py:109} INFO - [2022-05-09 23:45:43,756] {dag.py:2398} INFO - Sync 2 DAGs
[2022-05-09 23:45:43,778] {logging_mixin.py:109} INFO - [2022-05-09 23:45:43,778] {dag.py:2937} INFO - Setting next_dagrun for example_external_task_marker_child to None
[2022-05-09 23:45:43,779] {logging_mixin.py:109} INFO - [2022-05-09 23:45:43,779] {dag.py:2937} INFO - Setting next_dagrun for example_external_task_marker_parent to None
[2022-05-09 23:45:43,792] {processor.py:171} INFO - Processing /home/airflow/.local/lib/python3.7/site-packages/airflow/example_dags/example_external_task_marker_dag.py took 0.088 seconds
[2022-05-09 23:46:14,717] {processor.py:163} INFO - Started process (PID=652) to work on /home/airflow/.local/lib/python3.7/site-packages/airflow/example_dags/example_external_task_marker_dag.py
[2022-05-09 23:46:14,719] {processor.py:642} INFO - Processing file /home/airflow/.local/lib/python3.7/site-packages/airflow/example_dags/example_external_task_marker_dag.py for tasks to queue
[2022-05-09 23:46:14,720] {logging_mixin.py:109} INFO - [2022-05-09 23:46:14,720] {dagbag.py:500} INFO - Filling up the DagBag from /home/airflow/.local/lib/python3.7/site-packages/airflow/example_dags/example_external_task_marker_dag.py
[2022-05-09 23:46:14,738] {processor.py:652} INFO - DAG(s) dict_keys(['example_external_task_marker_parent', 'example_external_task_marker_child']) retrieved from /home/airflow/.local/lib/python3.7/site-packages/airflow/example_dags/example_external_task_marker_dag.py
[2022-05-09 23:46:14,764] {logging_mixin.py:109} INFO - [2022-05-09 23:46:14,764] {dag.py:2398} INFO - Sync 2 DAGs
[2022-05-09 23:46:14,782] {logging_mixin.py:109} INFO - [2022-05-09 23:46:14,782] {dag.py:2937} INFO - Setting next_dagrun for example_external_task_marker_child to None
[2022-05-09 23:46:14,783] {logging_mixin.py:109} INFO - [2022-05-09 23:46:14,783] {dag.py:2937} INFO - Setting next_dagrun for example_external_task_marker_parent to None
[2022-05-09 23:46:14,794] {processor.py:171} INFO - Processing /home/airflow/.local/lib/python3.7/site-packages/airflow/example_dags/example_external_task_marker_dag.py took 0.081 seconds
[2022-05-09 23:46:45,463] {processor.py:163} INFO - Started process (PID=716) to work on /home/airflow/.local/lib/python3.7/site-packages/airflow/example_dags/example_external_task_marker_dag.py
[2022-05-09 23:46:45,465] {processor.py:642} INFO - Processing file /home/airflow/.local/lib/python3.7/site-packages/airflow/example_dags/example_external_task_marker_dag.py for tasks to queue
[2022-05-09 23:46:45,467] {logging_mixin.py:109} INFO - [2022-05-09 23:46:45,466] {dagbag.py:500} INFO - Filling up the DagBag from /home/airflow/.local/lib/python3.7/site-packages/airflow/example_dags/example_external_task_marker_dag.py
[2022-05-09 23:46:45,484] {processor.py:652} INFO - DAG(s) dict_keys(['example_external_task_marker_parent', 'example_external_task_marker_child']) retrieved from /home/airflow/.local/lib/python3.7/site-packages/airflow/example_dags/example_external_task_marker_dag.py
[2022-05-09 23:46:45,508] {logging_mixin.py:109} INFO - [2022-05-09 23:46:45,508] {dag.py:2398} INFO - Sync 2 DAGs
[2022-05-09 23:46:45,529] {logging_mixin.py:109} INFO - [2022-05-09 23:46:45,529] {dag.py:2937} INFO - Setting next_dagrun for example_external_task_marker_child to None
[2022-05-09 23:46:45,530] {logging_mixin.py:109} INFO - [2022-05-09 23:46:45,530] {dag.py:2937} INFO - Setting next_dagrun for example_external_task_marker_parent to None
[2022-05-09 23:46:45,540] {processor.py:171} INFO - Processing /home/airflow/.local/lib/python3.7/site-packages/airflow/example_dags/example_external_task_marker_dag.py took 0.081 seconds
[2022-05-09 23:47:16,430] {processor.py:163} INFO - Started process (PID=766) to work on /home/airflow/.local/lib/python3.7/site-packages/airflow/example_dags/example_external_task_marker_dag.py
[2022-05-09 23:47:16,432] {processor.py:642} INFO - Processing file /home/airflow/.local/lib/python3.7/site-packages/airflow/example_dags/example_external_task_marker_dag.py for tasks to queue
[2022-05-09 23:47:16,433] {logging_mixin.py:109} INFO - [2022-05-09 23:47:16,433] {dagbag.py:500} INFO - Filling up the DagBag from /home/airflow/.local/lib/python3.7/site-packages/airflow/example_dags/example_external_task_marker_dag.py
[2022-05-09 23:47:16,450] {processor.py:652} INFO - DAG(s) dict_keys(['example_external_task_marker_parent', 'example_external_task_marker_child']) retrieved from /home/airflow/.local/lib/python3.7/site-packages/airflow/example_dags/example_external_task_marker_dag.py
[2022-05-09 23:47:16,478] {logging_mixin.py:109} INFO - [2022-05-09 23:47:16,478] {dag.py:2398} INFO - Sync 2 DAGs
[2022-05-09 23:47:16,497] {logging_mixin.py:109} INFO - [2022-05-09 23:47:16,497] {dag.py:2937} INFO - Setting next_dagrun for example_external_task_marker_child to None
[2022-05-09 23:47:16,498] {logging_mixin.py:109} INFO - [2022-05-09 23:47:16,498] {dag.py:2937} INFO - Setting next_dagrun for example_external_task_marker_parent to None
[2022-05-09 23:47:16,509] {processor.py:171} INFO - Processing /home/airflow/.local/lib/python3.7/site-packages/airflow/example_dags/example_external_task_marker_dag.py took 0.084 seconds
[2022-05-09 23:47:47,186] {processor.py:163} INFO - Started process (PID=827) to work on /home/airflow/.local/lib/python3.7/site-packages/airflow/example_dags/example_external_task_marker_dag.py
[2022-05-09 23:47:47,188] {processor.py:642} INFO - Processing file /home/airflow/.local/lib/python3.7/site-packages/airflow/example_dags/example_external_task_marker_dag.py for tasks to queue
[2022-05-09 23:47:47,189] {logging_mixin.py:109} INFO - [2022-05-09 23:47:47,189] {dagbag.py:500} INFO - Filling up the DagBag from /home/airflow/.local/lib/python3.7/site-packages/airflow/example_dags/example_external_task_marker_dag.py
[2022-05-09 23:47:47,206] {processor.py:652} INFO - DAG(s) dict_keys(['example_external_task_marker_parent', 'example_external_task_marker_child']) retrieved from /home/airflow/.local/lib/python3.7/site-packages/airflow/example_dags/example_external_task_marker_dag.py
[2022-05-09 23:47:47,230] {logging_mixin.py:109} INFO - [2022-05-09 23:47:47,230] {dag.py:2398} INFO - Sync 2 DAGs
[2022-05-09 23:47:47,249] {logging_mixin.py:109} INFO - [2022-05-09 23:47:47,249] {dag.py:2937} INFO - Setting next_dagrun for example_external_task_marker_child to None
[2022-05-09 23:47:47,251] {logging_mixin.py:109} INFO - [2022-05-09 23:47:47,251] {dag.py:2937} INFO - Setting next_dagrun for example_external_task_marker_parent to None
[2022-05-09 23:47:47,263] {processor.py:171} INFO - Processing /home/airflow/.local/lib/python3.7/site-packages/airflow/example_dags/example_external_task_marker_dag.py took 0.081 seconds
[2022-05-09 23:48:17,734] {processor.py:163} INFO - Started process (PID=878) to work on /home/airflow/.local/lib/python3.7/site-packages/airflow/example_dags/example_external_task_marker_dag.py
[2022-05-09 23:48:17,736] {processor.py:642} INFO - Processing file /home/airflow/.local/lib/python3.7/site-packages/airflow/example_dags/example_external_task_marker_dag.py for tasks to queue
[2022-05-09 23:48:17,737] {logging_mixin.py:109} INFO - [2022-05-09 23:48:17,737] {dagbag.py:500} INFO - Filling up the DagBag from /home/airflow/.local/lib/python3.7/site-packages/airflow/example_dags/example_external_task_marker_dag.py
[2022-05-09 23:48:17,754] {processor.py:652} INFO - DAG(s) dict_keys(['example_external_task_marker_parent', 'example_external_task_marker_child']) retrieved from /home/airflow/.local/lib/python3.7/site-packages/airflow/example_dags/example_external_task_marker_dag.py
[2022-05-09 23:48:17,795] {logging_mixin.py:109} INFO - [2022-05-09 23:48:17,795] {dag.py:2398} INFO - Sync 2 DAGs
[2022-05-09 23:48:17,814] {logging_mixin.py:109} INFO - [2022-05-09 23:48:17,814] {dag.py:2937} INFO - Setting next_dagrun for example_external_task_marker_child to None
[2022-05-09 23:48:17,815] {logging_mixin.py:109} INFO - [2022-05-09 23:48:17,815] {dag.py:2937} INFO - Setting next_dagrun for example_external_task_marker_parent to None
[2022-05-09 23:48:17,828] {processor.py:171} INFO - Processing /home/airflow/.local/lib/python3.7/site-packages/airflow/example_dags/example_external_task_marker_dag.py took 0.098 seconds
[2022-05-09 23:48:48,730] {processor.py:163} INFO - Started process (PID=941) to work on /home/airflow/.local/lib/python3.7/site-packages/airflow/example_dags/example_external_task_marker_dag.py
[2022-05-09 23:48:48,732] {processor.py:642} INFO - Processing file /home/airflow/.local/lib/python3.7/site-packages/airflow/example_dags/example_external_task_marker_dag.py for tasks to queue
[2022-05-09 23:48:48,734] {logging_mixin.py:109} INFO - [2022-05-09 23:48:48,734] {dagbag.py:500} INFO - Filling up the DagBag from /home/airflow/.local/lib/python3.7/site-packages/airflow/example_dags/example_external_task_marker_dag.py
[2022-05-09 23:48:48,731] {processor.py:652} INFO - DAG(s) dict_keys(['example_external_task_marker_parent', 'example_external_task_marker_child']) retrieved from /home/airflow/.local/lib/python3.7/site-packages/airflow/example_dags/example_external_task_marker_dag.py
[2022-05-09 23:48:48,758] {logging_mixin.py:109} INFO - [2022-05-09 23:48:48,758] {dag.py:2398} INFO - Sync 2 DAGs
[2022-05-09 23:48:48,776] {logging_mixin.py:109} INFO - [2022-05-09 23:48:48,776] {dag.py:2937} INFO - Setting next_dagrun for example_external_task_marker_child to None
[2022-05-09 23:48:48,777] {logging_mixin.py:109} INFO - [2022-05-09 23:48:48,777] {dag.py:2937} INFO - Setting next_dagrun for example_external_task_marker_parent to None
[2022-05-09 23:48:48,788] {processor.py:171} INFO - Processing /home/airflow/.local/lib/python3.7/site-packages/airflow/example_dags/example_external_task_marker_dag.py took 0.083 seconds
[2022-05-09 23:49:19,320] {processor.py:163} INFO - Started process (PID=1002) to work on /home/airflow/.local/lib/python3.7/site-packages/airflow/example_dags/example_external_task_marker_dag.py
[2022-05-09 23:49:19,322] {processor.py:642} INFO - Processing file /home/airflow/.local/lib/python3.7/site-packages/airflow/example_dags/example_external_task_marker_dag.py for tasks to queue
[2022-05-09 23:49:19,323] {logging_mixin.py:109} INFO - [2022-05-09 23:49:19,323] {dagbag.py:500} INFO - Filling up the DagBag from /home/airflow/.local/lib/python3.7/site-packages/airflow/example_dags/example_external_task_marker_dag.py
[2022-05-09 23:49:19,340] {processor.py:652} INFO - DAG(s) dict_keys(['example_external_task_marker_parent', 'example_external_task_marker_child']) retrieved from /home/airflow/.local/lib/python3.7/site-packages/airflow/example_dags/example_external_task_marker_dag.py
[2022-05-09 23:49:19,370] {logging_mixin.py:109} INFO - [2022-05-09 23:49:19,370] {dag.py:2398} INFO - Sync 2 DAGs
[2022-05-09 23:49:19,390] {logging_mixin.py:109} INFO - [2022-05-09 23:49:19,390] {dag.py:2937} INFO - Setting next_dagrun for example_external_task_marker_child to None
[2022-05-09 23:49:19,391] {logging_mixin.py:109} INFO - [2022-05-09 23:49:19,391] {dag.py:2937} INFO - Setting next_dagrun for example_external_task_marker_parent to None
[2022-05-09 23:49:19,402] {processor.py:171} INFO - Processing /home/airflow/.local/lib/python3.7/site-packages/airflow/example_dags/example_external_task_marker_dag.py took 0.086 seconds
[2022-05-09 23:49:50,153] {processor.py:163} INFO - Started process (PID=1055) to work on /home/airflow/.local/lib/python3.7/site-packages/airflow/example_dags/example_external_task_marker_dag.py
[2022-05-09 23:49:50,155] {processor.py:642} INFO - Processing file /home/airflow/.local/lib/python3.7/site-packages/airflow/example_dags/example_external_task_marker_dag.py for tasks to queue
[2022-05-09 23:49:50,156] {logging_mixin.py:109} INFO - [2022-05-09 23:49:50,156] {dagbag.py:500} INFO - Filling up the DagBag from /home/airflow/.local/lib/python3.7/site-packages/airflow/example_dags/example_external_task_marker_dag.py
[2022-05-09 23:49:50,172] {processor.py:652} INFO - DAG(s) dict_keys(['example_external_task_marker_parent', 'example_external_task_marker_child']) retrieved from /home/airflow/.local/lib/python3.7/site-packages/airflow/example_dags/example_external_task_marker_dag.py
[2022-05-09 23:49:50,197] {logging_mixin.py:109} INFO - [2022-05-09 23:49:50,197] {dag.py:2398} INFO - Sync 2 DAGs
[2022-05-09 23:49:50,216] {logging_mixin.py:109} INFO - [2022-05-09 23:49:50,215] {dag.py:2937} INFO - Setting next_dagrun for example_external_task_marker_child to None
[2022-05-09 23:49:50,217] {logging_mixin.py:109} INFO - [2022-05-09 23:49:50,217] {dag.py:2937} INFO - Setting next_dagrun for example_external_task_marker_parent to None
[2022-05-09 23:49:50,229] {processor.py:171} INFO - Processing /home/airflow/.local/lib/python3.7/site-packages/airflow/example_dags/example_external_task_marker_dag.py took 0.080 seconds
[2022-05-09 23:50:20,814] {processor.py:163} INFO - Started process (PID=1115) to work on /home/airflow/.local/lib/python3.7/site-packages/airflow/example_dags/example_external_task_marker_dag.py
[2022-05-09 23:50:20,817] {processor.py:642} INFO - Processing file /home/airflow/.local/lib/python3.7/site-packages/airflow/example_dags/example_external_task_marker_dag.py for tasks to queue
[2022-05-09 23:50:20,818] {logging_mixin.py:109} INFO - [2022-05-09 23:50:20,818] {dagbag.py:500} INFO - Filling up the DagBag from /home/airflow/.local/lib/python3.7/site-packages/airflow/example_dags/example_external_task_marker_dag.py
[2022-05-09 23:50:20,833] {processor.py:652} INFO - DAG(s) dict_keys(['example_external_task_marker_parent', 'example_external_task_marker_child']) retrieved from /home/airflow/.local/lib/python3.7/site-packages/airflow/example_dags/example_external_task_marker_dag.py
[2022-05-09 23:50:20,858] {logging_mixin.py:109} INFO - [2022-05-09 23:50:20,858] {dag.py:2398} INFO - Sync 2 DAGs
[2022-05-09 23:50:20,876] {logging_mixin.py:109} INFO - [2022-05-09 23:50:20,876] {dag.py:2937} INFO - Setting next_dagrun for example_external_task_marker_child to None
[2022-05-09 23:50:20,878] {logging_mixin.py:109} INFO - [2022-05-09 23:50:20,878] {dag.py:2937} INFO - Setting next_dagrun for example_external_task_marker_parent to None
[2022-05-09 23:50:20,889] {processor.py:171} INFO - Processing /home/airflow/.local/lib/python3.7/site-packages/airflow/example_dags/example_external_task_marker_dag.py took 0.078 seconds
[2022-05-09 23:50:51,418] {processor.py:163} INFO - Started process (PID=1168) to work on /home/airflow/.local/lib/python3.7/site-packages/airflow/example_dags/example_external_task_marker_dag.py
[2022-05-09 23:50:51,420] {processor.py:642} INFO - Processing file /home/airflow/.local/lib/python3.7/site-packages/airflow/example_dags/example_external_task_marker_dag.py for tasks to queue
[2022-05-09 23:50:51,421] {logging_mixin.py:109} INFO - [2022-05-09 23:50:51,421] {dagbag.py:500} INFO - Filling up the DagBag from /home/airflow/.local/lib/python3.7/site-packages/airflow/example_dags/example_external_task_marker_dag.py
[2022-05-09 23:50:51,437] {processor.py:652} INFO - DAG(s) dict_keys(['example_external_task_marker_parent', 'example_external_task_marker_child']) retrieved from /home/airflow/.local/lib/python3.7/site-packages/airflow/example_dags/example_external_task_marker_dag.py
[2022-05-09 23:50:51,463] {logging_mixin.py:109} INFO - [2022-05-09 23:50:51,462] {dag.py:2398} INFO - Sync 2 DAGs
[2022-05-09 23:50:51,481] {logging_mixin.py:109} INFO - [2022-05-09 23:50:51,481] {dag.py:2937} INFO - Setting next_dagrun for example_external_task_marker_child to None
[2022-05-09 23:50:51,482] {logging_mixin.py:109} INFO - [2022-05-09 23:50:51,482] {dag.py:2937} INFO - Setting next_dagrun for example_external_task_marker_parent to None
[2022-05-09 23:50:51,496] {processor.py:171} INFO - Processing /home/airflow/.local/lib/python3.7/site-packages/airflow/example_dags/example_external_task_marker_dag.py took 0.081 seconds
[2022-05-09 23:51:21,863] {processor.py:163} INFO - Started process (PID=1227) to work on /home/airflow/.local/lib/python3.7/site-packages/airflow/example_dags/example_external_task_marker_dag.py
[2022-05-09 23:51:21,866] {processor.py:642} INFO - Processing file /home/airflow/.local/lib/python3.7/site-packages/airflow/example_dags/example_external_task_marker_dag.py for tasks to queue
[2022-05-09 23:51:21,867] {logging_mixin.py:109} INFO - [2022-05-09 23:51:21,867] {dagbag.py:500} INFO - Filling up the DagBag from /home/airflow/.local/lib/python3.7/site-packages/airflow/example_dags/example_external_task_marker_dag.py
[2022-05-09 23:51:21,885] {processor.py:652} INFO - DAG(s) dict_keys(['example_external_task_marker_parent', 'example_external_task_marker_child']) retrieved from /home/airflow/.local/lib/python3.7/site-packages/airflow/example_dags/example_external_task_marker_dag.py
[2022-05-09 23:51:21,911] {logging_mixin.py:109} INFO - [2022-05-09 23:51:21,911] {dag.py:2398} INFO - Sync 2 DAGs
[2022-05-09 23:51:21,928] {logging_mixin.py:109} INFO - [2022-05-09 23:51:21,928] {dag.py:2937} INFO - Setting next_dagrun for example_external_task_marker_child to None
[2022-05-09 23:51:21,929] {logging_mixin.py:109} INFO - [2022-05-09 23:51:21,929] {dag.py:2937} INFO - Setting next_dagrun for example_external_task_marker_parent to None
[2022-05-09 23:51:21,941] {processor.py:171} INFO - Processing /home/airflow/.local/lib/python3.7/site-packages/airflow/example_dags/example_external_task_marker_dag.py took 0.082 seconds
[2022-05-09 23:51:52,520] {processor.py:163} INFO - Started process (PID=1279) to work on /home/airflow/.local/lib/python3.7/site-packages/airflow/example_dags/example_external_task_marker_dag.py
[2022-05-09 23:51:52,522] {processor.py:642} INFO - Processing file /home/airflow/.local/lib/python3.7/site-packages/airflow/example_dags/example_external_task_marker_dag.py for tasks to queue
[2022-05-09 23:51:52,523] {logging_mixin.py:109} INFO - [2022-05-09 23:51:52,523] {dagbag.py:500} INFO - Filling up the DagBag from /home/airflow/.local/lib/python3.7/site-packages/airflow/example_dags/example_external_task_marker_dag.py
[2022-05-09 23:51:52,542] {processor.py:652} INFO - DAG(s) dict_keys(['example_external_task_marker_parent', 'example_external_task_marker_child']) retrieved from /home/airflow/.local/lib/python3.7/site-packages/airflow/example_dags/example_external_task_marker_dag.py
[2022-05-09 23:51:52,572] {logging_mixin.py:109} INFO - [2022-05-09 23:51:52,572] {dag.py:2398} INFO - Sync 2 DAGs
[2022-05-09 23:51:52,593] {logging_mixin.py:109} INFO - [2022-05-09 23:51:52,592] {dag.py:2937} INFO - Setting next_dagrun for example_external_task_marker_child to None
[2022-05-09 23:51:52,594] {logging_mixin.py:109} INFO - [2022-05-09 23:51:52,594] {dag.py:2937} INFO - Setting next_dagrun for example_external_task_marker_parent to None
[2022-05-09 23:51:52,608] {processor.py:171} INFO - Processing /home/airflow/.local/lib/python3.7/site-packages/airflow/example_dags/example_external_task_marker_dag.py took 0.093 seconds
[2022-05-09 23:52:23,150] {processor.py:163} INFO - Started process (PID=1340) to work on /home/airflow/.local/lib/python3.7/site-packages/airflow/example_dags/example_external_task_marker_dag.py
[2022-05-09 23:52:23,152] {processor.py:642} INFO - Processing file /home/airflow/.local/lib/python3.7/site-packages/airflow/example_dags/example_external_task_marker_dag.py for tasks to queue
[2022-05-09 23:52:23,153] {logging_mixin.py:109} INFO - [2022-05-09 23:52:23,153] {dagbag.py:500} INFO - Filling up the DagBag from /home/airflow/.local/lib/python3.7/site-packages/airflow/example_dags/example_external_task_marker_dag.py
[2022-05-09 23:52:23,169] {processor.py:652} INFO - DAG(s) dict_keys(['example_external_task_marker_parent', 'example_external_task_marker_child']) retrieved from /home/airflow/.local/lib/python3.7/site-packages/airflow/example_dags/example_external_task_marker_dag.py
[2022-05-09 23:52:23,194] {logging_mixin.py:109} INFO - [2022-05-09 23:52:23,194] {dag.py:2398} INFO - Sync 2 DAGs
[2022-05-09 23:52:23,212] {logging_mixin.py:109} INFO - [2022-05-09 23:52:23,212] {dag.py:2937} INFO - Setting next_dagrun for example_external_task_marker_child to None
[2022-05-09 23:52:23,213] {logging_mixin.py:109} INFO - [2022-05-09 23:52:23,213] {dag.py:2937} INFO - Setting next_dagrun for example_external_task_marker_parent to None
[2022-05-09 23:52:23,223] {processor.py:171} INFO - Processing /home/airflow/.local/lib/python3.7/site-packages/airflow/example_dags/example_external_task_marker_dag.py took 0.077 seconds
[2022-05-09 23:52:53,845] {processor.py:163} INFO - Started process (PID=1401) to work on /home/airflow/.local/lib/python3.7/site-packages/airflow/example_dags/example_external_task_marker_dag.py
[2022-05-09 23:52:53,847] {processor.py:642} INFO - Processing file /home/airflow/.local/lib/python3.7/site-packages/airflow/example_dags/example_external_task_marker_dag.py for tasks to queue
[2022-05-09 23:52:53,848] {logging_mixin.py:109} INFO - [2022-05-09 23:52:53,848] {dagbag.py:500} INFO - Filling up the DagBag from /home/airflow/.local/lib/python3.7/site-packages/airflow/example_dags/example_external_task_marker_dag.py
[2022-05-09 23:52:53,869] {processor.py:652} INFO - DAG(s) dict_keys(['example_external_task_marker_parent', 'example_external_task_marker_child']) retrieved from /home/airflow/.local/lib/python3.7/site-packages/airflow/example_dags/example_external_task_marker_dag.py
[2022-05-09 23:52:53,899] {logging_mixin.py:109} INFO - [2022-05-09 23:52:53,899] {dag.py:2398} INFO - Sync 2 DAGs
[2022-05-09 23:52:53,920] {logging_mixin.py:109} INFO - [2022-05-09 23:52:53,920] {dag.py:2937} INFO - Setting next_dagrun for example_external_task_marker_child to None
[2022-05-09 23:52:53,921] {logging_mixin.py:109} INFO - [2022-05-09 23:52:53,921] {dag.py:2937} INFO - Setting next_dagrun for example_external_task_marker_parent to None
[2022-05-09 23:52:53,933] {processor.py:171} INFO - Processing /home/airflow/.local/lib/python3.7/site-packages/airflow/example_dags/example_external_task_marker_dag.py took 0.094 seconds
[2022-05-09 23:53:24,636] {processor.py:163} INFO - Started process (PID=1454) to work on /home/airflow/.local/lib/python3.7/site-packages/airflow/example_dags/example_external_task_marker_dag.py
[2022-05-09 23:53:24,638] {processor.py:642} INFO - Processing file /home/airflow/.local/lib/python3.7/site-packages/airflow/example_dags/example_external_task_marker_dag.py for tasks to queue
[2022-05-09 23:53:24,639] {logging_mixin.py:109} INFO - [2022-05-09 23:53:24,639] {dagbag.py:500} INFO - Filling up the DagBag from /home/airflow/.local/lib/python3.7/site-packages/airflow/example_dags/example_external_task_marker_dag.py
[2022-05-09 23:53:24,657] {processor.py:652} INFO - DAG(s) dict_keys(['example_external_task_marker_parent', 'example_external_task_marker_child']) retrieved from /home/airflow/.local/lib/python3.7/site-packages/airflow/example_dags/example_external_task_marker_dag.py
[2022-05-09 23:53:24,685] {logging_mixin.py:109} INFO - [2022-05-09 23:53:24,685] {dag.py:2398} INFO - Sync 2 DAGs
[2022-05-09 23:53:24,704] {logging_mixin.py:109} INFO - [2022-05-09 23:53:24,704] {dag.py:2937} INFO - Setting next_dagrun for example_external_task_marker_child to None
[2022-05-09 23:53:24,705] {logging_mixin.py:109} INFO - [2022-05-09 23:53:24,705] {dag.py:2937} INFO - Setting next_dagrun for example_external_task_marker_parent to None
[2022-05-09 23:53:24,717] {processor.py:171} INFO - Processing /home/airflow/.local/lib/python3.7/site-packages/airflow/example_dags/example_external_task_marker_dag.py took 0.085 seconds
[2022-05-09 23:53:55,111] {processor.py:163} INFO - Started process (PID=1513) to work on /home/airflow/.local/lib/python3.7/site-packages/airflow/example_dags/example_external_task_marker_dag.py
[2022-05-09 23:53:55,113] {processor.py:642} INFO - Processing file /home/airflow/.local/lib/python3.7/site-packages/airflow/example_dags/example_external_task_marker_dag.py for tasks to queue
[2022-05-09 23:53:55,114] {logging_mixin.py:109} INFO - [2022-05-09 23:53:55,114] {dagbag.py:500} INFO - Filling up the DagBag from /home/airflow/.local/lib/python3.7/site-packages/airflow/example_dags/example_external_task_marker_dag.py
[2022-05-09 23:53:55,134] {processor.py:652} INFO - DAG(s) dict_keys(['example_external_task_marker_parent', 'example_external_task_marker_child']) retrieved from /home/airflow/.local/lib/python3.7/site-packages/airflow/example_dags/example_external_task_marker_dag.py
[2022-05-09 23:53:55,162] {logging_mixin.py:109} INFO - [2022-05-09 23:53:55,162] {dag.py:2398} INFO - Sync 2 DAGs
[2022-05-09 23:53:55,180] {logging_mixin.py:109} INFO - [2022-05-09 23:53:55,180] {dag.py:2937} INFO - Setting next_dagrun for example_external_task_marker_child to None
[2022-05-09 23:53:55,181] {logging_mixin.py:109} INFO - [2022-05-09 23:53:55,181] {dag.py:2937} INFO - Setting next_dagrun for example_external_task_marker_parent to None
[2022-05-09 23:53:55,193] {processor.py:171} INFO - Processing /home/airflow/.local/lib/python3.7/site-packages/airflow/example_dags/example_external_task_marker_dag.py took 0.086 seconds
[2022-05-09 23:54:25,702] {processor.py:163} INFO - Started process (PID=1564) to work on /home/airflow/.local/lib/python3.7/site-packages/airflow/example_dags/example_external_task_marker_dag.py
[2022-05-09 23:54:25,704] {processor.py:642} INFO - Processing file /home/airflow/.local/lib/python3.7/site-packages/airflow/example_dags/example_external_task_marker_dag.py for tasks to queue
[2022-05-09 23:54:25,706] {logging_mixin.py:109} INFO - [2022-05-09 23:54:25,705] {dagbag.py:500} INFO - Filling up the DagBag from /home/airflow/.local/lib/python3.7/site-packages/airflow/example_dags/example_external_task_marker_dag.py
[2022-05-09 23:54:25,725] {processor.py:652} INFO - DAG(s) dict_keys(['example_external_task_marker_parent', 'example_external_task_marker_child']) retrieved from /home/airflow/.local/lib/python3.7/site-packages/airflow/example_dags/example_external_task_marker_dag.py
[2022-05-09 23:54:25,754] {logging_mixin.py:109} INFO - [2022-05-09 23:54:25,754] {dag.py:2398} INFO - Sync 2 DAGs
[2022-05-09 23:54:25,774] {logging_mixin.py:109} INFO - [2022-05-09 23:54:25,774] {dag.py:2937} INFO - Setting next_dagrun for example_external_task_marker_child to None
[2022-05-09 23:54:25,775] {logging_mixin.py:109} INFO - [2022-05-09 23:54:25,775] {dag.py:2937} INFO - Setting next_dagrun for example_external_task_marker_parent to None
[2022-05-09 23:54:25,786] {processor.py:171} INFO - Processing /home/airflow/.local/lib/python3.7/site-packages/airflow/example_dags/example_external_task_marker_dag.py took 0.088 seconds
[2022-05-09 23:54:56,232] {processor.py:163} INFO - Started process (PID=1625) to work on /home/airflow/.local/lib/python3.7/site-packages/airflow/example_dags/example_external_task_marker_dag.py
[2022-05-09 23:54:56,234] {processor.py:642} INFO - Processing file /home/airflow/.local/lib/python3.7/site-packages/airflow/example_dags/example_external_task_marker_dag.py for tasks to queue
[2022-05-09 23:54:56,235] {logging_mixin.py:109} INFO - [2022-05-09 23:54:56,235] {dagbag.py:500} INFO - Filling up the DagBag from /home/airflow/.local/lib/python3.7/site-packages/airflow/example_dags/example_external_task_marker_dag.py
[2022-05-09 23:54:56,253] {processor.py:652} INFO - DAG(s) dict_keys(['example_external_task_marker_parent', 'example_external_task_marker_child']) retrieved from /home/airflow/.local/lib/python3.7/site-packages/airflow/example_dags/example_external_task_marker_dag.py
[2022-05-09 23:54:56,278] {logging_mixin.py:109} INFO - [2022-05-09 23:54:56,278] {dag.py:2398} INFO - Sync 2 DAGs
[2022-05-09 23:54:56,296] {logging_mixin.py:109} INFO - [2022-05-09 23:54:56,296] {dag.py:2937} INFO - Setting next_dagrun for example_external_task_marker_child to None
[2022-05-09 23:54:56,297] {logging_mixin.py:109} INFO - [2022-05-09 23:54:56,297] {dag.py:2937} INFO - Setting next_dagrun for example_external_task_marker_parent to None
[2022-05-09 23:54:56,308] {processor.py:171} INFO - Processing /home/airflow/.local/lib/python3.7/site-packages/airflow/example_dags/example_external_task_marker_dag.py took 0.080 seconds
[2022-05-09 23:55:26,730] {processor.py:163} INFO - Started process (PID=1676) to work on /home/airflow/.local/lib/python3.7/site-packages/airflow/example_dags/example_external_task_marker_dag.py
[2022-05-09 23:55:26,732] {processor.py:642} INFO - Processing file /home/airflow/.local/lib/python3.7/site-packages/airflow/example_dags/example_external_task_marker_dag.py for tasks to queue
[2022-05-09 23:55:26,734] {logging_mixin.py:109} INFO - [2022-05-09 23:55:26,734] {dagbag.py:500} INFO - Filling up the DagBag from /home/airflow/.local/lib/python3.7/site-packages/airflow/example_dags/example_external_task_marker_dag.py
[2022-05-09 23:55:26,751] {processor.py:652} INFO - DAG(s) dict_keys(['example_external_task_marker_parent', 'example_external_task_marker_child']) retrieved from /home/airflow/.local/lib/python3.7/site-packages/airflow/example_dags/example_external_task_marker_dag.py
[2022-05-09 23:55:26,781] {logging_mixin.py:109} INFO - [2022-05-09 23:55:26,780] {dag.py:2398} INFO - Sync 2 DAGs
[2022-05-09 23:55:26,802] {logging_mixin.py:109} INFO - [2022-05-09 23:55:26,802] {dag.py:2937} INFO - Setting next_dagrun for example_external_task_marker_child to None
[2022-05-09 23:55:26,804] {logging_mixin.py:109} INFO - [2022-05-09 23:55:26,804] {dag.py:2937} INFO - Setting next_dagrun for example_external_task_marker_parent to None
[2022-05-09 23:55:26,820] {processor.py:171} INFO - Processing /home/airflow/.local/lib/python3.7/site-packages/airflow/example_dags/example_external_task_marker_dag.py took 0.094 seconds
[2022-05-09 23:55:57,500] {processor.py:163} INFO - Started process (PID=1738) to work on /home/airflow/.local/lib/python3.7/site-packages/airflow/example_dags/example_external_task_marker_dag.py
[2022-05-09 23:55:57,502] {processor.py:642} INFO - Processing file /home/airflow/.local/lib/python3.7/site-packages/airflow/example_dags/example_external_task_marker_dag.py for tasks to queue
[2022-05-09 23:55:57,504] {logging_mixin.py:109} INFO - [2022-05-09 23:55:57,504] {dagbag.py:500} INFO - Filling up the DagBag from /home/airflow/.local/lib/python3.7/site-packages/airflow/example_dags/example_external_task_marker_dag.py
[2022-05-09 23:55:57,521] {processor.py:652} INFO - DAG(s) dict_keys(['example_external_task_marker_parent', 'example_external_task_marker_child']) retrieved from /home/airflow/.local/lib/python3.7/site-packages/airflow/example_dags/example_external_task_marker_dag.py
[2022-05-09 23:55:57,547] {logging_mixin.py:109} INFO - [2022-05-09 23:55:57,547] {dag.py:2398} INFO - Sync 2 DAGs
[2022-05-09 23:55:57,567] {logging_mixin.py:109} INFO - [2022-05-09 23:55:57,567] {dag.py:2937} INFO - Setting next_dagrun for example_external_task_marker_child to None
[2022-05-09 23:55:57,569] {logging_mixin.py:109} INFO - [2022-05-09 23:55:57,569] {dag.py:2937} INFO - Setting next_dagrun for example_external_task_marker_parent to None
[2022-05-09 23:55:57,582] {processor.py:171} INFO - Processing /home/airflow/.local/lib/python3.7/site-packages/airflow/example_dags/example_external_task_marker_dag.py took 0.086 seconds
[2022-05-09 23:56:28,334] {processor.py:163} INFO - Started process (PID=1799) to work on /home/airflow/.local/lib/python3.7/site-packages/airflow/example_dags/example_external_task_marker_dag.py
[2022-05-09 23:56:28,336] {processor.py:642} INFO - Processing file /home/airflow/.local/lib/python3.7/site-packages/airflow/example_dags/example_external_task_marker_dag.py for tasks to queue
[2022-05-09 23:56:28,337] {logging_mixin.py:109} INFO - [2022-05-09 23:56:28,337] {dagbag.py:500} INFO - Filling up the DagBag from /home/airflow/.local/lib/python3.7/site-packages/airflow/example_dags/example_external_task_marker_dag.py
[2022-05-09 23:56:28,354] {processor.py:652} INFO - DAG(s) dict_keys(['example_external_task_marker_parent', 'example_external_task_marker_child']) retrieved from /home/airflow/.local/lib/python3.7/site-packages/airflow/example_dags/example_external_task_marker_dag.py
[2022-05-09 23:56:28,378] {logging_mixin.py:109} INFO - [2022-05-09 23:56:28,378] {dag.py:2398} INFO - Sync 2 DAGs
[2022-05-09 23:56:28,398] {logging_mixin.py:109} INFO - [2022-05-09 23:56:28,398] {dag.py:2937} INFO - Setting next_dagrun for example_external_task_marker_child to None
[2022-05-09 23:56:28,399] {logging_mixin.py:109} INFO - [2022-05-09 23:56:28,399] {dag.py:2937} INFO - Setting next_dagrun for example_external_task_marker_parent to None
[2022-05-09 23:56:28,413] {processor.py:171} INFO - Processing /home/airflow/.local/lib/python3.7/site-packages/airflow/example_dags/example_external_task_marker_dag.py took 0.082 seconds
[2022-05-09 23:56:59,051] {processor.py:163} INFO - Started process (PID=1851) to work on /home/airflow/.local/lib/python3.7/site-packages/airflow/example_dags/example_external_task_marker_dag.py
[2022-05-09 23:56:59,053] {processor.py:642} INFO - Processing file /home/airflow/.local/lib/python3.7/site-packages/airflow/example_dags/example_external_task_marker_dag.py for tasks to queue
[2022-05-09 23:56:59,054] {logging_mixin.py:109} INFO - [2022-05-09 23:56:59,054] {dagbag.py:500} INFO - Filling up the DagBag from /home/airflow/.local/lib/python3.7/site-packages/airflow/example_dags/example_external_task_marker_dag.py
[2022-05-09 23:56:59,070] {processor.py:652} INFO - DAG(s) dict_keys(['example_external_task_marker_parent', 'example_external_task_marker_child']) retrieved from /home/airflow/.local/lib/python3.7/site-packages/airflow/example_dags/example_external_task_marker_dag.py
[2022-05-09 23:56:59,095] {logging_mixin.py:109} INFO - [2022-05-09 23:56:59,095] {dag.py:2398} INFO - Sync 2 DAGs
[2022-05-09 23:56:59,114] {logging_mixin.py:109} INFO - [2022-05-09 23:56:59,114] {dag.py:2937} INFO - Setting next_dagrun for example_external_task_marker_child to None
[2022-05-09 23:56:59,115] {logging_mixin.py:109} INFO - [2022-05-09 23:56:59,115] {dag.py:2937} INFO - Setting next_dagrun for example_external_task_marker_parent to None
[2022-05-09 23:56:59,127] {processor.py:171} INFO - Processing /home/airflow/.local/lib/python3.7/site-packages/airflow/example_dags/example_external_task_marker_dag.py took 0.080 seconds
[2022-05-09 23:57:29,647] {processor.py:163} INFO - Started process (PID=1914) to work on /home/airflow/.local/lib/python3.7/site-packages/airflow/example_dags/example_external_task_marker_dag.py
[2022-05-09 23:57:29,650] {processor.py:642} INFO - Processing file /home/airflow/.local/lib/python3.7/site-packages/airflow/example_dags/example_external_task_marker_dag.py for tasks to queue
[2022-05-09 23:57:29,652] {logging_mixin.py:109} INFO - [2022-05-09 23:57:29,652] {dagbag.py:500} INFO - Filling up the DagBag from /home/airflow/.local/lib/python3.7/site-packages/airflow/example_dags/example_external_task_marker_dag.py
[2022-05-09 23:57:29,671] {processor.py:652} INFO - DAG(s) dict_keys(['example_external_task_marker_parent', 'example_external_task_marker_child']) retrieved from /home/airflow/.local/lib/python3.7/site-packages/airflow/example_dags/example_external_task_marker_dag.py
[2022-05-09 23:57:29,701] {logging_mixin.py:109} INFO - [2022-05-09 23:57:29,700] {dag.py:2398} INFO - Sync 2 DAGs
[2022-05-09 23:57:29,721] {logging_mixin.py:109} INFO - [2022-05-09 23:57:29,721] {dag.py:2937} INFO - Setting next_dagrun for example_external_task_marker_child to None
[2022-05-09 23:57:29,722] {logging_mixin.py:109} INFO - [2022-05-09 23:57:29,722] {dag.py:2937} INFO - Setting next_dagrun for example_external_task_marker_parent to None
[2022-05-09 23:57:29,735] {processor.py:171} INFO - Processing /home/airflow/.local/lib/python3.7/site-packages/airflow/example_dags/example_external_task_marker_dag.py took 0.092 seconds
[2022-05-09 23:58:00,323] {processor.py:163} INFO - Started process (PID=1965) to work on /home/airflow/.local/lib/python3.7/site-packages/airflow/example_dags/example_external_task_marker_dag.py
[2022-05-09 23:58:00,325] {processor.py:642} INFO - Processing file /home/airflow/.local/lib/python3.7/site-packages/airflow/example_dags/example_external_task_marker_dag.py for tasks to queue
[2022-05-09 23:58:00,327] {logging_mixin.py:109} INFO - [2022-05-09 23:58:00,326] {dagbag.py:500} INFO - Filling up the DagBag from /home/airflow/.local/lib/python3.7/site-packages/airflow/example_dags/example_external_task_marker_dag.py
[2022-05-09 23:58:00,344] {processor.py:652} INFO - DAG(s) dict_keys(['example_external_task_marker_parent', 'example_external_task_marker_child']) retrieved from /home/airflow/.local/lib/python3.7/site-packages/airflow/example_dags/example_external_task_marker_dag.py
[2022-05-09 23:58:00,369] {logging_mixin.py:109} INFO - [2022-05-09 23:58:00,369] {dag.py:2398} INFO - Sync 2 DAGs
[2022-05-09 23:58:00,387] {logging_mixin.py:109} INFO - [2022-05-09 23:58:00,386] {dag.py:2937} INFO - Setting next_dagrun for example_external_task_marker_child to None
[2022-05-09 23:58:00,387] {logging_mixin.py:109} INFO - [2022-05-09 23:58:00,387] {dag.py:2937} INFO - Setting next_dagrun for example_external_task_marker_parent to None
[2022-05-09 23:58:00,398] {processor.py:171} INFO - Processing /home/airflow/.local/lib/python3.7/site-packages/airflow/example_dags/example_external_task_marker_dag.py took 0.078 seconds
[2022-05-09 23:58:30,991] {processor.py:163} INFO - Started process (PID=2027) to work on /home/airflow/.local/lib/python3.7/site-packages/airflow/example_dags/example_external_task_marker_dag.py
[2022-05-09 23:58:30,993] {processor.py:642} INFO - Processing file /home/airflow/.local/lib/python3.7/site-packages/airflow/example_dags/example_external_task_marker_dag.py for tasks to queue
[2022-05-09 23:58:30,994] {logging_mixin.py:109} INFO - [2022-05-09 23:58:30,994] {dagbag.py:500} INFO - Filling up the DagBag from /home/airflow/.local/lib/python3.7/site-packages/airflow/example_dags/example_external_task_marker_dag.py
[2022-05-09 23:58:31,011] {processor.py:652} INFO - DAG(s) dict_keys(['example_external_task_marker_parent', 'example_external_task_marker_child']) retrieved from /home/airflow/.local/lib/python3.7/site-packages/airflow/example_dags/example_external_task_marker_dag.py
[2022-05-09 23:58:31,036] {logging_mixin.py:109} INFO - [2022-05-09 23:58:31,035] {dag.py:2398} INFO - Sync 2 DAGs
[2022-05-09 23:58:31,053] {logging_mixin.py:109} INFO - [2022-05-09 23:58:31,053] {dag.py:2937} INFO - Setting next_dagrun for example_external_task_marker_child to None
[2022-05-09 23:58:31,055] {logging_mixin.py:109} INFO - [2022-05-09 23:58:31,055] {dag.py:2937} INFO - Setting next_dagrun for example_external_task_marker_parent to None
[2022-05-09 23:58:31,066] {processor.py:171} INFO - Processing /home/airflow/.local/lib/python3.7/site-packages/airflow/example_dags/example_external_task_marker_dag.py took 0.078 seconds
[2022-05-09 23:59:01,626] {processor.py:163} INFO - Started process (PID=2088) to work on /home/airflow/.local/lib/python3.7/site-packages/airflow/example_dags/example_external_task_marker_dag.py
[2022-05-09 23:59:01,628] {processor.py:642} INFO - Processing file /home/airflow/.local/lib/python3.7/site-packages/airflow/example_dags/example_external_task_marker_dag.py for tasks to queue
[2022-05-09 23:59:01,630] {logging_mixin.py:109} INFO - [2022-05-09 23:59:01,630] {dagbag.py:500} INFO - Filling up the DagBag from /home/airflow/.local/lib/python3.7/site-packages/airflow/example_dags/example_external_task_marker_dag.py
[2022-05-09 23:59:01,647] {processor.py:652} INFO - DAG(s) dict_keys(['example_external_task_marker_parent', 'example_external_task_marker_child']) retrieved from /home/airflow/.local/lib/python3.7/site-packages/airflow/example_dags/example_external_task_marker_dag.py
[2022-05-09 23:59:01,671] {logging_mixin.py:109} INFO - [2022-05-09 23:59:01,671] {dag.py:2398} INFO - Sync 2 DAGs
[2022-05-09 23:59:01,689] {logging_mixin.py:109} INFO - [2022-05-09 23:59:01,689] {dag.py:2937} INFO - Setting next_dagrun for example_external_task_marker_child to None
[2022-05-09 23:59:01,690] {logging_mixin.py:109} INFO - [2022-05-09 23:59:01,690] {dag.py:2937} INFO - Setting next_dagrun for example_external_task_marker_parent to None
[2022-05-09 23:59:01,700] {processor.py:171} INFO - Processing /home/airflow/.local/lib/python3.7/site-packages/airflow/example_dags/example_external_task_marker_dag.py took 0.078 seconds
[2022-05-09 23:59:32,299] {processor.py:163} INFO - Started process (PID=2139) to work on /home/airflow/.local/lib/python3.7/site-packages/airflow/example_dags/example_external_task_marker_dag.py
[2022-05-09 23:59:32,301] {processor.py:642} INFO - Processing file /home/airflow/.local/lib/python3.7/site-packages/airflow/example_dags/example_external_task_marker_dag.py for tasks to queue
[2022-05-09 23:59:32,302] {logging_mixin.py:109} INFO - [2022-05-09 23:59:32,302] {dagbag.py:500} INFO - Filling up the DagBag from /home/airflow/.local/lib/python3.7/site-packages/airflow/example_dags/example_external_task_marker_dag.py
[2022-05-09 23:59:32,318] {processor.py:652} INFO - DAG(s) dict_keys(['example_external_task_marker_parent', 'example_external_task_marker_child']) retrieved from /home/airflow/.local/lib/python3.7/site-packages/airflow/example_dags/example_external_task_marker_dag.py
[2022-05-09 23:59:32,345] {logging_mixin.py:109} INFO - [2022-05-09 23:59:32,345] {dag.py:2398} INFO - Sync 2 DAGs
[2022-05-09 23:59:32,363] {logging_mixin.py:109} INFO - [2022-05-09 23:59:32,363] {dag.py:2937} INFO - Setting next_dagrun for example_external_task_marker_child to None
[2022-05-09 23:59:32,364] {logging_mixin.py:109} INFO - [2022-05-09 23:59:32,364] {dag.py:2937} INFO - Setting next_dagrun for example_external_task_marker_parent to None
[2022-05-09 23:59:32,374] {processor.py:171} INFO - Processing /home/airflow/.local/lib/python3.7/site-packages/airflow/example_dags/example_external_task_marker_dag.py took 0.080 seconds
