[2022-05-09 23:41:03,200] {processor.py:163} INFO - Started process (PID=55) to work on /home/airflow/.local/lib/python3.7/site-packages/airflow/example_dags/example_task_group.py
[2022-05-09 23:41:03,203] {processor.py:642} INFO - Processing file /home/airflow/.local/lib/python3.7/site-packages/airflow/example_dags/example_task_group.py for tasks to queue
[2022-05-09 23:41:03,206] {logging_mixin.py:109} INFO - [2022-05-09 23:41:03,206] {dagbag.py:500} INFO - Filling up the DagBag from /home/airflow/.local/lib/python3.7/site-packages/airflow/example_dags/example_task_group.py
[2022-05-09 23:41:03,266] {processor.py:652} INFO - DAG(s) dict_keys(['example_task_group']) retrieved from /home/airflow/.local/lib/python3.7/site-packages/airflow/example_dags/example_task_group.py
[2022-05-09 23:41:03,329] {logging_mixin.py:109} INFO - [2022-05-09 23:41:03,329] {dag.py:2398} INFO - Sync 1 DAGs
[2022-05-09 23:41:03,377] {logging_mixin.py:109} INFO - [2022-05-09 23:41:03,377] {dag.py:2937} INFO - Setting next_dagrun for example_task_group to 2022-05-08T23:41:03.377411+00:00
[2022-05-09 23:41:03,407] {processor.py:171} INFO - Processing /home/airflow/.local/lib/python3.7/site-packages/airflow/example_dags/example_task_group.py took 0.212 seconds
[2022-05-09 23:41:34,443] {processor.py:163} INFO - Started process (PID=115) to work on /home/airflow/.local/lib/python3.7/site-packages/airflow/example_dags/example_task_group.py
[2022-05-09 23:41:34,445] {processor.py:642} INFO - Processing file /home/airflow/.local/lib/python3.7/site-packages/airflow/example_dags/example_task_group.py for tasks to queue
[2022-05-09 23:41:34,447] {logging_mixin.py:109} INFO - [2022-05-09 23:41:34,447] {dagbag.py:500} INFO - Filling up the DagBag from /home/airflow/.local/lib/python3.7/site-packages/airflow/example_dags/example_task_group.py
[2022-05-09 23:41:34,470] {processor.py:652} INFO - DAG(s) dict_keys(['example_task_group']) retrieved from /home/airflow/.local/lib/python3.7/site-packages/airflow/example_dags/example_task_group.py
[2022-05-09 23:41:34,500] {logging_mixin.py:109} INFO - [2022-05-09 23:41:34,500] {dag.py:2398} INFO - Sync 1 DAGs
[2022-05-09 23:41:34,523] {logging_mixin.py:109} INFO - [2022-05-09 23:41:34,522] {dag.py:2937} INFO - Setting next_dagrun for example_task_group to 2022-05-08T23:41:34.522650+00:00
[2022-05-09 23:41:34,537] {processor.py:171} INFO - Processing /home/airflow/.local/lib/python3.7/site-packages/airflow/example_dags/example_task_group.py took 0.099 seconds
[2022-05-09 23:42:05,052] {processor.py:163} INFO - Started process (PID=179) to work on /home/airflow/.local/lib/python3.7/site-packages/airflow/example_dags/example_task_group.py
[2022-05-09 23:42:05,054] {processor.py:642} INFO - Processing file /home/airflow/.local/lib/python3.7/site-packages/airflow/example_dags/example_task_group.py for tasks to queue
[2022-05-09 23:42:05,055] {logging_mixin.py:109} INFO - [2022-05-09 23:42:05,055] {dagbag.py:500} INFO - Filling up the DagBag from /home/airflow/.local/lib/python3.7/site-packages/airflow/example_dags/example_task_group.py
[2022-05-09 23:42:05,077] {processor.py:652} INFO - DAG(s) dict_keys(['example_task_group']) retrieved from /home/airflow/.local/lib/python3.7/site-packages/airflow/example_dags/example_task_group.py
[2022-05-09 23:42:05,102] {logging_mixin.py:109} INFO - [2022-05-09 23:42:05,102] {dag.py:2398} INFO - Sync 1 DAGs
[2022-05-09 23:42:05,122] {logging_mixin.py:109} INFO - [2022-05-09 23:42:05,122] {dag.py:2937} INFO - Setting next_dagrun for example_task_group to 2022-05-08T23:42:05.122211+00:00
[2022-05-09 23:42:05,136] {processor.py:171} INFO - Processing /home/airflow/.local/lib/python3.7/site-packages/airflow/example_dags/example_task_group.py took 0.088 seconds
[2022-05-09 23:42:35,913] {processor.py:163} INFO - Started process (PID=232) to work on /home/airflow/.local/lib/python3.7/site-packages/airflow/example_dags/example_task_group.py
[2022-05-09 23:42:35,915] {processor.py:642} INFO - Processing file /home/airflow/.local/lib/python3.7/site-packages/airflow/example_dags/example_task_group.py for tasks to queue
[2022-05-09 23:42:35,917] {logging_mixin.py:109} INFO - [2022-05-09 23:42:35,917] {dagbag.py:500} INFO - Filling up the DagBag from /home/airflow/.local/lib/python3.7/site-packages/airflow/example_dags/example_task_group.py
[2022-05-09 23:42:35,938] {processor.py:652} INFO - DAG(s) dict_keys(['example_task_group']) retrieved from /home/airflow/.local/lib/python3.7/site-packages/airflow/example_dags/example_task_group.py
[2022-05-09 23:42:35,959] {logging_mixin.py:109} INFO - [2022-05-09 23:42:35,959] {dag.py:2398} INFO - Sync 1 DAGs
[2022-05-09 23:42:35,977] {logging_mixin.py:109} INFO - [2022-05-09 23:42:35,976] {dag.py:2937} INFO - Setting next_dagrun for example_task_group to 2022-05-08T23:42:35.976567+00:00
[2022-05-09 23:42:35,988] {processor.py:171} INFO - Processing /home/airflow/.local/lib/python3.7/site-packages/airflow/example_dags/example_task_group.py took 0.078 seconds
[2022-05-09 23:43:06,952] {processor.py:163} INFO - Started process (PID=293) to work on /home/airflow/.local/lib/python3.7/site-packages/airflow/example_dags/example_task_group.py
[2022-05-09 23:43:06,955] {processor.py:642} INFO - Processing file /home/airflow/.local/lib/python3.7/site-packages/airflow/example_dags/example_task_group.py for tasks to queue
[2022-05-09 23:43:06,958] {logging_mixin.py:109} INFO - [2022-05-09 23:43:06,958] {dagbag.py:500} INFO - Filling up the DagBag from /home/airflow/.local/lib/python3.7/site-packages/airflow/example_dags/example_task_group.py
[2022-05-09 23:43:06,993] {processor.py:652} INFO - DAG(s) dict_keys(['example_task_group']) retrieved from /home/airflow/.local/lib/python3.7/site-packages/airflow/example_dags/example_task_group.py
[2022-05-09 23:43:07,023] {logging_mixin.py:109} INFO - [2022-05-09 23:43:07,023] {dag.py:2398} INFO - Sync 1 DAGs
[2022-05-09 23:43:07,055] {logging_mixin.py:109} INFO - [2022-05-09 23:43:07,054] {dag.py:2937} INFO - Setting next_dagrun for example_task_group to 2022-05-08T23:43:07.054653+00:00
[2022-05-09 23:43:07,071] {processor.py:171} INFO - Processing /home/airflow/.local/lib/python3.7/site-packages/airflow/example_dags/example_task_group.py took 0.126 seconds
[2022-05-09 23:43:37,834] {processor.py:163} INFO - Started process (PID=345) to work on /home/airflow/.local/lib/python3.7/site-packages/airflow/example_dags/example_task_group.py
[2022-05-09 23:43:37,836] {processor.py:642} INFO - Processing file /home/airflow/.local/lib/python3.7/site-packages/airflow/example_dags/example_task_group.py for tasks to queue
[2022-05-09 23:43:37,837] {logging_mixin.py:109} INFO - [2022-05-09 23:43:37,837] {dagbag.py:500} INFO - Filling up the DagBag from /home/airflow/.local/lib/python3.7/site-packages/airflow/example_dags/example_task_group.py
[2022-05-09 23:43:37,861] {processor.py:652} INFO - DAG(s) dict_keys(['example_task_group']) retrieved from /home/airflow/.local/lib/python3.7/site-packages/airflow/example_dags/example_task_group.py
[2022-05-09 23:43:37,888] {logging_mixin.py:109} INFO - [2022-05-09 23:43:37,888] {dag.py:2398} INFO - Sync 1 DAGs
[2022-05-09 23:43:37,910] {logging_mixin.py:109} INFO - [2022-05-09 23:43:37,910] {dag.py:2937} INFO - Setting next_dagrun for example_task_group to 2022-05-08T23:43:37.909870+00:00
[2022-05-09 23:43:37,924] {processor.py:171} INFO - Processing /home/airflow/.local/lib/python3.7/site-packages/airflow/example_dags/example_task_group.py took 0.094 seconds
[2022-05-09 23:44:08,769] {processor.py:163} INFO - Started process (PID=408) to work on /home/airflow/.local/lib/python3.7/site-packages/airflow/example_dags/example_task_group.py
[2022-05-09 23:44:08,771] {processor.py:642} INFO - Processing file /home/airflow/.local/lib/python3.7/site-packages/airflow/example_dags/example_task_group.py for tasks to queue
[2022-05-09 23:44:08,772] {logging_mixin.py:109} INFO - [2022-05-09 23:44:08,772] {dagbag.py:500} INFO - Filling up the DagBag from /home/airflow/.local/lib/python3.7/site-packages/airflow/example_dags/example_task_group.py
[2022-05-09 23:44:08,795] {processor.py:652} INFO - DAG(s) dict_keys(['example_task_group']) retrieved from /home/airflow/.local/lib/python3.7/site-packages/airflow/example_dags/example_task_group.py
[2022-05-09 23:44:08,820] {logging_mixin.py:109} INFO - [2022-05-09 23:44:08,820] {dag.py:2398} INFO - Sync 1 DAGs
[2022-05-09 23:44:08,838] {logging_mixin.py:109} INFO - [2022-05-09 23:44:08,838] {dag.py:2937} INFO - Setting next_dagrun for example_task_group to 2022-05-08T23:44:08.838376+00:00
[2022-05-09 23:44:08,850] {processor.py:171} INFO - Processing /home/airflow/.local/lib/python3.7/site-packages/airflow/example_dags/example_task_group.py took 0.086 seconds
[2022-05-09 23:44:39,648] {processor.py:163} INFO - Started process (PID=462) to work on /home/airflow/.local/lib/python3.7/site-packages/airflow/example_dags/example_task_group.py
[2022-05-09 23:44:39,651] {processor.py:642} INFO - Processing file /home/airflow/.local/lib/python3.7/site-packages/airflow/example_dags/example_task_group.py for tasks to queue
[2022-05-09 23:44:39,652] {logging_mixin.py:109} INFO - [2022-05-09 23:44:39,652] {dagbag.py:500} INFO - Filling up the DagBag from /home/airflow/.local/lib/python3.7/site-packages/airflow/example_dags/example_task_group.py
[2022-05-09 23:44:39,674] {processor.py:652} INFO - DAG(s) dict_keys(['example_task_group']) retrieved from /home/airflow/.local/lib/python3.7/site-packages/airflow/example_dags/example_task_group.py
[2022-05-09 23:44:39,702] {logging_mixin.py:109} INFO - [2022-05-09 23:44:39,702] {dag.py:2398} INFO - Sync 1 DAGs
[2022-05-09 23:44:39,722] {logging_mixin.py:109} INFO - [2022-05-09 23:44:39,722] {dag.py:2937} INFO - Setting next_dagrun for example_task_group to 2022-05-08T23:44:39.722480+00:00
[2022-05-09 23:44:39,735] {processor.py:171} INFO - Processing /home/airflow/.local/lib/python3.7/site-packages/airflow/example_dags/example_task_group.py took 0.091 seconds
[2022-05-09 23:45:10,807] {processor.py:163} INFO - Started process (PID=527) to work on /home/airflow/.local/lib/python3.7/site-packages/airflow/example_dags/example_task_group.py
[2022-05-09 23:45:10,810] {processor.py:642} INFO - Processing file /home/airflow/.local/lib/python3.7/site-packages/airflow/example_dags/example_task_group.py for tasks to queue
[2022-05-09 23:45:10,811] {logging_mixin.py:109} INFO - [2022-05-09 23:45:10,811] {dagbag.py:500} INFO - Filling up the DagBag from /home/airflow/.local/lib/python3.7/site-packages/airflow/example_dags/example_task_group.py
[2022-05-09 23:45:10,832] {processor.py:652} INFO - DAG(s) dict_keys(['example_task_group']) retrieved from /home/airflow/.local/lib/python3.7/site-packages/airflow/example_dags/example_task_group.py
[2022-05-09 23:45:10,855] {logging_mixin.py:109} INFO - [2022-05-09 23:45:10,854] {dag.py:2398} INFO - Sync 1 DAGs
[2022-05-09 23:45:10,873] {logging_mixin.py:109} INFO - [2022-05-09 23:45:10,873] {dag.py:2937} INFO - Setting next_dagrun for example_task_group to 2022-05-08T23:45:10.872719+00:00
[2022-05-09 23:45:10,884] {processor.py:171} INFO - Processing /home/airflow/.local/lib/python3.7/site-packages/airflow/example_dags/example_task_group.py took 0.081 seconds
[2022-05-09 23:45:41,643] {processor.py:163} INFO - Started process (PID=578) to work on /home/airflow/.local/lib/python3.7/site-packages/airflow/example_dags/example_task_group.py
[2022-05-09 23:45:41,645] {processor.py:642} INFO - Processing file /home/airflow/.local/lib/python3.7/site-packages/airflow/example_dags/example_task_group.py for tasks to queue
[2022-05-09 23:45:41,647] {logging_mixin.py:109} INFO - [2022-05-09 23:45:41,647] {dagbag.py:500} INFO - Filling up the DagBag from /home/airflow/.local/lib/python3.7/site-packages/airflow/example_dags/example_task_group.py
[2022-05-09 23:45:41,667] {processor.py:652} INFO - DAG(s) dict_keys(['example_task_group']) retrieved from /home/airflow/.local/lib/python3.7/site-packages/airflow/example_dags/example_task_group.py
[2022-05-09 23:45:41,695] {logging_mixin.py:109} INFO - [2022-05-09 23:45:41,695] {dag.py:2398} INFO - Sync 1 DAGs
[2022-05-09 23:45:41,721] {logging_mixin.py:109} INFO - [2022-05-09 23:45:41,721] {dag.py:2937} INFO - Setting next_dagrun for example_task_group to 2022-05-08T23:45:41.720782+00:00
[2022-05-09 23:45:41,737] {processor.py:171} INFO - Processing /home/airflow/.local/lib/python3.7/site-packages/airflow/example_dags/example_task_group.py took 0.098 seconds
[2022-05-09 23:46:12,823] {processor.py:163} INFO - Started process (PID=643) to work on /home/airflow/.local/lib/python3.7/site-packages/airflow/example_dags/example_task_group.py
[2022-05-09 23:46:12,825] {processor.py:642} INFO - Processing file /home/airflow/.local/lib/python3.7/site-packages/airflow/example_dags/example_task_group.py for tasks to queue
[2022-05-09 23:46:12,826] {logging_mixin.py:109} INFO - [2022-05-09 23:46:12,826] {dagbag.py:500} INFO - Filling up the DagBag from /home/airflow/.local/lib/python3.7/site-packages/airflow/example_dags/example_task_group.py
[2022-05-09 23:46:12,845] {processor.py:652} INFO - DAG(s) dict_keys(['example_task_group']) retrieved from /home/airflow/.local/lib/python3.7/site-packages/airflow/example_dags/example_task_group.py
[2022-05-09 23:46:12,867] {logging_mixin.py:109} INFO - [2022-05-09 23:46:12,867] {dag.py:2398} INFO - Sync 1 DAGs
[2022-05-09 23:46:12,885] {logging_mixin.py:109} INFO - [2022-05-09 23:46:12,885] {dag.py:2937} INFO - Setting next_dagrun for example_task_group to 2022-05-08T23:46:12.884735+00:00
[2022-05-09 23:46:12,896] {processor.py:171} INFO - Processing /home/airflow/.local/lib/python3.7/site-packages/airflow/example_dags/example_task_group.py took 0.077 seconds
[2022-05-09 23:46:43,571] {processor.py:163} INFO - Started process (PID=706) to work on /home/airflow/.local/lib/python3.7/site-packages/airflow/example_dags/example_task_group.py
[2022-05-09 23:46:43,573] {processor.py:642} INFO - Processing file /home/airflow/.local/lib/python3.7/site-packages/airflow/example_dags/example_task_group.py for tasks to queue
[2022-05-09 23:46:43,575] {logging_mixin.py:109} INFO - [2022-05-09 23:46:43,574] {dagbag.py:500} INFO - Filling up the DagBag from /home/airflow/.local/lib/python3.7/site-packages/airflow/example_dags/example_task_group.py
[2022-05-09 23:46:43,595] {processor.py:652} INFO - DAG(s) dict_keys(['example_task_group']) retrieved from /home/airflow/.local/lib/python3.7/site-packages/airflow/example_dags/example_task_group.py
[2022-05-09 23:46:43,623] {logging_mixin.py:109} INFO - [2022-05-09 23:46:43,623] {dag.py:2398} INFO - Sync 1 DAGs
[2022-05-09 23:46:43,646] {logging_mixin.py:109} INFO - [2022-05-09 23:46:43,646] {dag.py:2937} INFO - Setting next_dagrun for example_task_group to 2022-05-08T23:46:43.646182+00:00
[2022-05-09 23:46:43,660] {processor.py:171} INFO - Processing /home/airflow/.local/lib/python3.7/site-packages/airflow/example_dags/example_task_group.py took 0.094 seconds
[2022-05-09 23:47:14,578] {processor.py:163} INFO - Started process (PID=757) to work on /home/airflow/.local/lib/python3.7/site-packages/airflow/example_dags/example_task_group.py
[2022-05-09 23:47:14,580] {processor.py:642} INFO - Processing file /home/airflow/.local/lib/python3.7/site-packages/airflow/example_dags/example_task_group.py for tasks to queue
[2022-05-09 23:47:14,582] {logging_mixin.py:109} INFO - [2022-05-09 23:47:14,582] {dagbag.py:500} INFO - Filling up the DagBag from /home/airflow/.local/lib/python3.7/site-packages/airflow/example_dags/example_task_group.py
[2022-05-09 23:47:14,604] {processor.py:652} INFO - DAG(s) dict_keys(['example_task_group']) retrieved from /home/airflow/.local/lib/python3.7/site-packages/airflow/example_dags/example_task_group.py
[2022-05-09 23:47:14,635] {logging_mixin.py:109} INFO - [2022-05-09 23:47:14,635] {dag.py:2398} INFO - Sync 1 DAGs
[2022-05-09 23:47:14,659] {logging_mixin.py:109} INFO - [2022-05-09 23:47:14,659] {dag.py:2937} INFO - Setting next_dagrun for example_task_group to 2022-05-08T23:47:14.658511+00:00
[2022-05-09 23:47:14,676] {processor.py:171} INFO - Processing /home/airflow/.local/lib/python3.7/site-packages/airflow/example_dags/example_task_group.py took 0.103 seconds
[2022-05-09 23:47:45,326] {processor.py:163} INFO - Started process (PID=817) to work on /home/airflow/.local/lib/python3.7/site-packages/airflow/example_dags/example_task_group.py
[2022-05-09 23:47:45,328] {processor.py:642} INFO - Processing file /home/airflow/.local/lib/python3.7/site-packages/airflow/example_dags/example_task_group.py for tasks to queue
[2022-05-09 23:47:45,329] {logging_mixin.py:109} INFO - [2022-05-09 23:47:45,329] {dagbag.py:500} INFO - Filling up the DagBag from /home/airflow/.local/lib/python3.7/site-packages/airflow/example_dags/example_task_group.py
[2022-05-09 23:47:45,349] {processor.py:652} INFO - DAG(s) dict_keys(['example_task_group']) retrieved from /home/airflow/.local/lib/python3.7/site-packages/airflow/example_dags/example_task_group.py
[2022-05-09 23:47:45,375] {logging_mixin.py:109} INFO - [2022-05-09 23:47:45,375] {dag.py:2398} INFO - Sync 1 DAGs
[2022-05-09 23:47:45,394] {logging_mixin.py:109} INFO - [2022-05-09 23:47:45,394] {dag.py:2937} INFO - Setting next_dagrun for example_task_group to 2022-05-08T23:47:45.394306+00:00
[2022-05-09 23:47:45,405] {processor.py:171} INFO - Processing /home/airflow/.local/lib/python3.7/site-packages/airflow/example_dags/example_task_group.py took 0.084 seconds
[2022-05-09 23:48:15,573] {processor.py:163} INFO - Started process (PID=867) to work on /home/airflow/.local/lib/python3.7/site-packages/airflow/example_dags/example_task_group.py
[2022-05-09 23:48:15,576] {processor.py:642} INFO - Processing file /home/airflow/.local/lib/python3.7/site-packages/airflow/example_dags/example_task_group.py for tasks to queue
[2022-05-09 23:48:15,577] {logging_mixin.py:109} INFO - [2022-05-09 23:48:15,577] {dagbag.py:500} INFO - Filling up the DagBag from /home/airflow/.local/lib/python3.7/site-packages/airflow/example_dags/example_task_group.py
[2022-05-09 23:48:15,599] {processor.py:652} INFO - DAG(s) dict_keys(['example_task_group']) retrieved from /home/airflow/.local/lib/python3.7/site-packages/airflow/example_dags/example_task_group.py
[2022-05-09 23:48:15,629] {logging_mixin.py:109} INFO - [2022-05-09 23:48:15,629] {dag.py:2398} INFO - Sync 1 DAGs
[2022-05-09 23:48:15,653] {logging_mixin.py:109} INFO - [2022-05-09 23:48:15,653] {dag.py:2937} INFO - Setting next_dagrun for example_task_group to 2022-05-08T23:48:15.653067+00:00
[2022-05-09 23:48:15,669] {processor.py:171} INFO - Processing /home/airflow/.local/lib/python3.7/site-packages/airflow/example_dags/example_task_group.py took 0.100 seconds
[2022-05-09 23:48:46,938] {processor.py:163} INFO - Started process (PID=932) to work on /home/airflow/.local/lib/python3.7/site-packages/airflow/example_dags/example_task_group.py
[2022-05-09 23:48:46,940] {processor.py:642} INFO - Processing file /home/airflow/.local/lib/python3.7/site-packages/airflow/example_dags/example_task_group.py for tasks to queue
[2022-05-09 23:48:46,942] {logging_mixin.py:109} INFO - [2022-05-09 23:48:46,942] {dagbag.py:500} INFO - Filling up the DagBag from /home/airflow/.local/lib/python3.7/site-packages/airflow/example_dags/example_task_group.py
[2022-05-09 23:48:46,961] {processor.py:652} INFO - DAG(s) dict_keys(['example_task_group']) retrieved from /home/airflow/.local/lib/python3.7/site-packages/airflow/example_dags/example_task_group.py
[2022-05-09 23:48:46,983] {logging_mixin.py:109} INFO - [2022-05-09 23:48:46,983] {dag.py:2398} INFO - Sync 1 DAGs
[2022-05-09 23:48:47,001] {logging_mixin.py:109} INFO - [2022-05-09 23:48:47,001] {dag.py:2937} INFO - Setting next_dagrun for example_task_group to 2022-05-08T23:48:47.001359+00:00
[2022-05-09 23:48:47,013] {processor.py:171} INFO - Processing /home/airflow/.local/lib/python3.7/site-packages/airflow/example_dags/example_task_group.py took 0.079 seconds
[2022-05-09 23:49:17,488] {processor.py:163} INFO - Started process (PID=983) to work on /home/airflow/.local/lib/python3.7/site-packages/airflow/example_dags/example_task_group.py
[2022-05-09 23:49:17,490] {processor.py:642} INFO - Processing file /home/airflow/.local/lib/python3.7/site-packages/airflow/example_dags/example_task_group.py for tasks to queue
[2022-05-09 23:49:17,492] {logging_mixin.py:109} INFO - [2022-05-09 23:49:17,492] {dagbag.py:500} INFO - Filling up the DagBag from /home/airflow/.local/lib/python3.7/site-packages/airflow/example_dags/example_task_group.py
[2022-05-09 23:49:17,512] {processor.py:652} INFO - DAG(s) dict_keys(['example_task_group']) retrieved from /home/airflow/.local/lib/python3.7/site-packages/airflow/example_dags/example_task_group.py
[2022-05-09 23:49:17,536] {logging_mixin.py:109} INFO - [2022-05-09 23:49:17,535] {dag.py:2398} INFO - Sync 1 DAGs
[2022-05-09 23:49:17,553] {logging_mixin.py:109} INFO - [2022-05-09 23:49:17,553] {dag.py:2937} INFO - Setting next_dagrun for example_task_group to 2022-05-08T23:49:17.553534+00:00
[2022-05-09 23:49:17,565] {processor.py:171} INFO - Processing /home/airflow/.local/lib/python3.7/site-packages/airflow/example_dags/example_task_group.py took 0.081 seconds
[2022-05-09 23:49:48,293] {processor.py:163} INFO - Started process (PID=1045) to work on /home/airflow/.local/lib/python3.7/site-packages/airflow/example_dags/example_task_group.py
[2022-05-09 23:49:48,294] {processor.py:642} INFO - Processing file /home/airflow/.local/lib/python3.7/site-packages/airflow/example_dags/example_task_group.py for tasks to queue
[2022-05-09 23:49:48,296] {logging_mixin.py:109} INFO - [2022-05-09 23:49:48,296] {dagbag.py:500} INFO - Filling up the DagBag from /home/airflow/.local/lib/python3.7/site-packages/airflow/example_dags/example_task_group.py
[2022-05-09 23:49:48,314] {processor.py:652} INFO - DAG(s) dict_keys(['example_task_group']) retrieved from /home/airflow/.local/lib/python3.7/site-packages/airflow/example_dags/example_task_group.py
[2022-05-09 23:49:48,337] {logging_mixin.py:109} INFO - [2022-05-09 23:49:48,337] {dag.py:2398} INFO - Sync 1 DAGs
[2022-05-09 23:49:48,356] {logging_mixin.py:109} INFO - [2022-05-09 23:49:48,356] {dag.py:2937} INFO - Setting next_dagrun for example_task_group to 2022-05-08T23:49:48.355833+00:00
[2022-05-09 23:49:48,366] {processor.py:171} INFO - Processing /home/airflow/.local/lib/python3.7/site-packages/airflow/example_dags/example_task_group.py took 0.077 seconds
[2022-05-09 23:50:18,922] {processor.py:163} INFO - Started process (PID=1105) to work on /home/airflow/.local/lib/python3.7/site-packages/airflow/example_dags/example_task_group.py
[2022-05-09 23:50:18,924] {processor.py:642} INFO - Processing file /home/airflow/.local/lib/python3.7/site-packages/airflow/example_dags/example_task_group.py for tasks to queue
[2022-05-09 23:50:18,926] {logging_mixin.py:109} INFO - [2022-05-09 23:50:18,925] {dagbag.py:500} INFO - Filling up the DagBag from /home/airflow/.local/lib/python3.7/site-packages/airflow/example_dags/example_task_group.py
[2022-05-09 23:50:18,951] {processor.py:652} INFO - DAG(s) dict_keys(['example_task_group']) retrieved from /home/airflow/.local/lib/python3.7/site-packages/airflow/example_dags/example_task_group.py
[2022-05-09 23:50:18,978] {logging_mixin.py:109} INFO - [2022-05-09 23:50:18,978] {dag.py:2398} INFO - Sync 1 DAGs
[2022-05-09 23:50:18,999] {logging_mixin.py:109} INFO - [2022-05-09 23:50:18,999] {dag.py:2937} INFO - Setting next_dagrun for example_task_group to 2022-05-08T23:50:18.998708+00:00
[2022-05-09 23:50:19,010] {processor.py:171} INFO - Processing /home/airflow/.local/lib/python3.7/site-packages/airflow/example_dags/example_task_group.py took 0.093 seconds
[2022-05-09 23:50:49,533] {processor.py:163} INFO - Started process (PID=1158) to work on /home/airflow/.local/lib/python3.7/site-packages/airflow/example_dags/example_task_group.py
[2022-05-09 23:50:49,535] {processor.py:642} INFO - Processing file /home/airflow/.local/lib/python3.7/site-packages/airflow/example_dags/example_task_group.py for tasks to queue
[2022-05-09 23:50:49,536] {logging_mixin.py:109} INFO - [2022-05-09 23:50:49,536] {dagbag.py:500} INFO - Filling up the DagBag from /home/airflow/.local/lib/python3.7/site-packages/airflow/example_dags/example_task_group.py
[2022-05-09 23:50:49,555] {processor.py:652} INFO - DAG(s) dict_keys(['example_task_group']) retrieved from /home/airflow/.local/lib/python3.7/site-packages/airflow/example_dags/example_task_group.py
[2022-05-09 23:50:49,579] {logging_mixin.py:109} INFO - [2022-05-09 23:50:49,579] {dag.py:2398} INFO - Sync 1 DAGs
[2022-05-09 23:50:49,596] {logging_mixin.py:109} INFO - [2022-05-09 23:50:49,596] {dag.py:2937} INFO - Setting next_dagrun for example_task_group to 2022-05-08T23:50:49.596468+00:00
[2022-05-09 23:50:49,608] {processor.py:171} INFO - Processing /home/airflow/.local/lib/python3.7/site-packages/airflow/example_dags/example_task_group.py took 0.078 seconds
[2022-05-09 23:51:20,095] {processor.py:163} INFO - Started process (PID=1218) to work on /home/airflow/.local/lib/python3.7/site-packages/airflow/example_dags/example_task_group.py
[2022-05-09 23:51:20,098] {processor.py:642} INFO - Processing file /home/airflow/.local/lib/python3.7/site-packages/airflow/example_dags/example_task_group.py for tasks to queue
[2022-05-09 23:51:20,102] {logging_mixin.py:109} INFO - [2022-05-09 23:51:20,102] {dagbag.py:500} INFO - Filling up the DagBag from /home/airflow/.local/lib/python3.7/site-packages/airflow/example_dags/example_task_group.py
[2022-05-09 23:51:20,121] {processor.py:652} INFO - DAG(s) dict_keys(['example_task_group']) retrieved from /home/airflow/.local/lib/python3.7/site-packages/airflow/example_dags/example_task_group.py
[2022-05-09 23:51:20,145] {logging_mixin.py:109} INFO - [2022-05-09 23:51:20,145] {dag.py:2398} INFO - Sync 1 DAGs
[2022-05-09 23:51:20,164] {logging_mixin.py:109} INFO - [2022-05-09 23:51:20,164] {dag.py:2937} INFO - Setting next_dagrun for example_task_group to 2022-05-08T23:51:20.163709+00:00
[2022-05-09 23:51:20,173] {processor.py:171} INFO - Processing /home/airflow/.local/lib/python3.7/site-packages/airflow/example_dags/example_task_group.py took 0.082 seconds
[2022-05-09 23:51:50,702] {processor.py:163} INFO - Started process (PID=1269) to work on /home/airflow/.local/lib/python3.7/site-packages/airflow/example_dags/example_task_group.py
[2022-05-09 23:51:50,704] {processor.py:642} INFO - Processing file /home/airflow/.local/lib/python3.7/site-packages/airflow/example_dags/example_task_group.py for tasks to queue
[2022-05-09 23:51:50,705] {logging_mixin.py:109} INFO - [2022-05-09 23:51:50,705] {dagbag.py:500} INFO - Filling up the DagBag from /home/airflow/.local/lib/python3.7/site-packages/airflow/example_dags/example_task_group.py
[2022-05-09 23:51:50,726] {processor.py:652} INFO - DAG(s) dict_keys(['example_task_group']) retrieved from /home/airflow/.local/lib/python3.7/site-packages/airflow/example_dags/example_task_group.py
[2022-05-09 23:51:50,748] {logging_mixin.py:109} INFO - [2022-05-09 23:51:50,748] {dag.py:2398} INFO - Sync 1 DAGs
[2022-05-09 23:51:50,766] {logging_mixin.py:109} INFO - [2022-05-09 23:51:50,766] {dag.py:2937} INFO - Setting next_dagrun for example_task_group to 2022-05-08T23:51:50.766105+00:00
[2022-05-09 23:51:50,777] {processor.py:171} INFO - Processing /home/airflow/.local/lib/python3.7/site-packages/airflow/example_dags/example_task_group.py took 0.080 seconds
[2022-05-09 23:52:21,301] {processor.py:163} INFO - Started process (PID=1330) to work on /home/airflow/.local/lib/python3.7/site-packages/airflow/example_dags/example_task_group.py
[2022-05-09 23:52:21,304] {processor.py:642} INFO - Processing file /home/airflow/.local/lib/python3.7/site-packages/airflow/example_dags/example_task_group.py for tasks to queue
[2022-05-09 23:52:21,305] {logging_mixin.py:109} INFO - [2022-05-09 23:52:21,305] {dagbag.py:500} INFO - Filling up the DagBag from /home/airflow/.local/lib/python3.7/site-packages/airflow/example_dags/example_task_group.py
[2022-05-09 23:52:21,323] {processor.py:652} INFO - DAG(s) dict_keys(['example_task_group']) retrieved from /home/airflow/.local/lib/python3.7/site-packages/airflow/example_dags/example_task_group.py
[2022-05-09 23:52:21,347] {logging_mixin.py:109} INFO - [2022-05-09 23:52:21,346] {dag.py:2398} INFO - Sync 1 DAGs
[2022-05-09 23:52:21,368] {logging_mixin.py:109} INFO - [2022-05-09 23:52:21,368] {dag.py:2937} INFO - Setting next_dagrun for example_task_group to 2022-05-08T23:52:21.367974+00:00
[2022-05-09 23:52:21,381] {processor.py:171} INFO - Processing /home/airflow/.local/lib/python3.7/site-packages/airflow/example_dags/example_task_group.py took 0.084 seconds
[2022-05-09 23:52:51,903] {processor.py:163} INFO - Started process (PID=1381) to work on /home/airflow/.local/lib/python3.7/site-packages/airflow/example_dags/example_task_group.py
[2022-05-09 23:52:51,905] {processor.py:642} INFO - Processing file /home/airflow/.local/lib/python3.7/site-packages/airflow/example_dags/example_task_group.py for tasks to queue
[2022-05-09 23:52:51,907] {logging_mixin.py:109} INFO - [2022-05-09 23:52:51,906] {dagbag.py:500} INFO - Filling up the DagBag from /home/airflow/.local/lib/python3.7/site-packages/airflow/example_dags/example_task_group.py
[2022-05-09 23:52:51,927] {processor.py:652} INFO - DAG(s) dict_keys(['example_task_group']) retrieved from /home/airflow/.local/lib/python3.7/site-packages/airflow/example_dags/example_task_group.py
[2022-05-09 23:52:51,952] {logging_mixin.py:109} INFO - [2022-05-09 23:52:51,952] {dag.py:2398} INFO - Sync 1 DAGs
[2022-05-09 23:52:51,970] {logging_mixin.py:109} INFO - [2022-05-09 23:52:51,970] {dag.py:2937} INFO - Setting next_dagrun for example_task_group to 2022-05-08T23:52:51.970412+00:00
[2022-05-09 23:52:51,984] {processor.py:171} INFO - Processing /home/airflow/.local/lib/python3.7/site-packages/airflow/example_dags/example_task_group.py took 0.085 seconds
[2022-05-09 23:53:22,816] {processor.py:163} INFO - Started process (PID=1444) to work on /home/airflow/.local/lib/python3.7/site-packages/airflow/example_dags/example_task_group.py
[2022-05-09 23:53:22,818] {processor.py:642} INFO - Processing file /home/airflow/.local/lib/python3.7/site-packages/airflow/example_dags/example_task_group.py for tasks to queue
[2022-05-09 23:53:22,819] {logging_mixin.py:109} INFO - [2022-05-09 23:53:22,819] {dagbag.py:500} INFO - Filling up the DagBag from /home/airflow/.local/lib/python3.7/site-packages/airflow/example_dags/example_task_group.py
[2022-05-09 23:53:22,838] {processor.py:652} INFO - DAG(s) dict_keys(['example_task_group']) retrieved from /home/airflow/.local/lib/python3.7/site-packages/airflow/example_dags/example_task_group.py
[2022-05-09 23:53:22,861] {logging_mixin.py:109} INFO - [2022-05-09 23:53:22,861] {dag.py:2398} INFO - Sync 1 DAGs
[2022-05-09 23:53:22,880] {logging_mixin.py:109} INFO - [2022-05-09 23:53:22,880] {dag.py:2937} INFO - Setting next_dagrun for example_task_group to 2022-05-08T23:53:22.880150+00:00
[2022-05-09 23:53:22,891] {processor.py:171} INFO - Processing /home/airflow/.local/lib/python3.7/site-packages/airflow/example_dags/example_task_group.py took 0.078 seconds
[2022-05-09 23:53:53,409] {processor.py:163} INFO - Started process (PID=1504) to work on /home/airflow/.local/lib/python3.7/site-packages/airflow/example_dags/example_task_group.py
[2022-05-09 23:53:53,411] {processor.py:642} INFO - Processing file /home/airflow/.local/lib/python3.7/site-packages/airflow/example_dags/example_task_group.py for tasks to queue
[2022-05-09 23:53:53,412] {logging_mixin.py:109} INFO - [2022-05-09 23:53:53,412] {dagbag.py:500} INFO - Filling up the DagBag from /home/airflow/.local/lib/python3.7/site-packages/airflow/example_dags/example_task_group.py
[2022-05-09 23:53:53,429] {processor.py:652} INFO - DAG(s) dict_keys(['example_task_group']) retrieved from /home/airflow/.local/lib/python3.7/site-packages/airflow/example_dags/example_task_group.py
[2022-05-09 23:53:53,451] {logging_mixin.py:109} INFO - [2022-05-09 23:53:53,451] {dag.py:2398} INFO - Sync 1 DAGs
[2022-05-09 23:53:53,468] {logging_mixin.py:109} INFO - [2022-05-09 23:53:53,468] {dag.py:2937} INFO - Setting next_dagrun for example_task_group to 2022-05-08T23:53:53.468488+00:00
[2022-05-09 23:53:53,479] {processor.py:171} INFO - Processing /home/airflow/.local/lib/python3.7/site-packages/airflow/example_dags/example_task_group.py took 0.074 seconds
[2022-05-09 23:54:23,889] {processor.py:163} INFO - Started process (PID=1555) to work on /home/airflow/.local/lib/python3.7/site-packages/airflow/example_dags/example_task_group.py
[2022-05-09 23:54:23,891] {processor.py:642} INFO - Processing file /home/airflow/.local/lib/python3.7/site-packages/airflow/example_dags/example_task_group.py for tasks to queue
[2022-05-09 23:54:23,893] {logging_mixin.py:109} INFO - [2022-05-09 23:54:23,893] {dagbag.py:500} INFO - Filling up the DagBag from /home/airflow/.local/lib/python3.7/site-packages/airflow/example_dags/example_task_group.py
[2022-05-09 23:54:23,911] {processor.py:652} INFO - DAG(s) dict_keys(['example_task_group']) retrieved from /home/airflow/.local/lib/python3.7/site-packages/airflow/example_dags/example_task_group.py
[2022-05-09 23:54:23,933] {logging_mixin.py:109} INFO - [2022-05-09 23:54:23,933] {dag.py:2398} INFO - Sync 1 DAGs
[2022-05-09 23:54:23,952] {logging_mixin.py:109} INFO - [2022-05-09 23:54:23,952] {dag.py:2937} INFO - Setting next_dagrun for example_task_group to 2022-05-08T23:54:23.951979+00:00
[2022-05-09 23:54:23,964] {processor.py:171} INFO - Processing /home/airflow/.local/lib/python3.7/site-packages/airflow/example_dags/example_task_group.py took 0.079 seconds
[2022-05-09 23:54:54,472] {processor.py:163} INFO - Started process (PID=1616) to work on /home/airflow/.local/lib/python3.7/site-packages/airflow/example_dags/example_task_group.py
[2022-05-09 23:54:54,474] {processor.py:642} INFO - Processing file /home/airflow/.local/lib/python3.7/site-packages/airflow/example_dags/example_task_group.py for tasks to queue
[2022-05-09 23:54:54,476] {logging_mixin.py:109} INFO - [2022-05-09 23:54:54,475] {dagbag.py:500} INFO - Filling up the DagBag from /home/airflow/.local/lib/python3.7/site-packages/airflow/example_dags/example_task_group.py
[2022-05-09 23:54:54,496] {processor.py:652} INFO - DAG(s) dict_keys(['example_task_group']) retrieved from /home/airflow/.local/lib/python3.7/site-packages/airflow/example_dags/example_task_group.py
[2022-05-09 23:54:54,520] {logging_mixin.py:109} INFO - [2022-05-09 23:54:54,520] {dag.py:2398} INFO - Sync 1 DAGs
[2022-05-09 23:54:54,538] {logging_mixin.py:109} INFO - [2022-05-09 23:54:54,538] {dag.py:2937} INFO - Setting next_dagrun for example_task_group to 2022-05-08T23:54:54.538496+00:00
[2022-05-09 23:54:54,550] {processor.py:171} INFO - Processing /home/airflow/.local/lib/python3.7/site-packages/airflow/example_dags/example_task_group.py took 0.083 seconds
[2022-05-09 23:55:24,881] {processor.py:163} INFO - Started process (PID=1667) to work on /home/airflow/.local/lib/python3.7/site-packages/airflow/example_dags/example_task_group.py
[2022-05-09 23:55:24,883] {processor.py:642} INFO - Processing file /home/airflow/.local/lib/python3.7/site-packages/airflow/example_dags/example_task_group.py for tasks to queue
[2022-05-09 23:55:24,884] {logging_mixin.py:109} INFO - [2022-05-09 23:55:24,884] {dagbag.py:500} INFO - Filling up the DagBag from /home/airflow/.local/lib/python3.7/site-packages/airflow/example_dags/example_task_group.py
[2022-05-09 23:55:24,904] {processor.py:652} INFO - DAG(s) dict_keys(['example_task_group']) retrieved from /home/airflow/.local/lib/python3.7/site-packages/airflow/example_dags/example_task_group.py
[2022-05-09 23:55:24,929] {logging_mixin.py:109} INFO - [2022-05-09 23:55:24,929] {dag.py:2398} INFO - Sync 1 DAGs
[2022-05-09 23:55:24,947] {logging_mixin.py:109} INFO - [2022-05-09 23:55:24,947] {dag.py:2937} INFO - Setting next_dagrun for example_task_group to 2022-05-08T23:55:24.946962+00:00
[2022-05-09 23:55:24,958] {processor.py:171} INFO - Processing /home/airflow/.local/lib/python3.7/site-packages/airflow/example_dags/example_task_group.py took 0.081 seconds
[2022-05-09 23:55:55,690] {processor.py:163} INFO - Started process (PID=1728) to work on /home/airflow/.local/lib/python3.7/site-packages/airflow/example_dags/example_task_group.py
[2022-05-09 23:55:55,692] {processor.py:642} INFO - Processing file /home/airflow/.local/lib/python3.7/site-packages/airflow/example_dags/example_task_group.py for tasks to queue
[2022-05-09 23:55:55,693] {logging_mixin.py:109} INFO - [2022-05-09 23:55:55,693] {dagbag.py:500} INFO - Filling up the DagBag from /home/airflow/.local/lib/python3.7/site-packages/airflow/example_dags/example_task_group.py
[2022-05-09 23:55:55,711] {processor.py:652} INFO - DAG(s) dict_keys(['example_task_group']) retrieved from /home/airflow/.local/lib/python3.7/site-packages/airflow/example_dags/example_task_group.py
[2022-05-09 23:55:55,733] {logging_mixin.py:109} INFO - [2022-05-09 23:55:55,733] {dag.py:2398} INFO - Sync 1 DAGs
[2022-05-09 23:55:55,754] {logging_mixin.py:109} INFO - [2022-05-09 23:55:55,754] {dag.py:2937} INFO - Setting next_dagrun for example_task_group to 2022-05-08T23:55:55.754337+00:00
[2022-05-09 23:55:55,765] {processor.py:171} INFO - Processing /home/airflow/.local/lib/python3.7/site-packages/airflow/example_dags/example_task_group.py took 0.079 seconds
[2022-05-09 23:56:26,422] {processor.py:163} INFO - Started process (PID=1779) to work on /home/airflow/.local/lib/python3.7/site-packages/airflow/example_dags/example_task_group.py
[2022-05-09 23:56:26,424] {processor.py:642} INFO - Processing file /home/airflow/.local/lib/python3.7/site-packages/airflow/example_dags/example_task_group.py for tasks to queue
[2022-05-09 23:56:26,426] {logging_mixin.py:109} INFO - [2022-05-09 23:56:26,426] {dagbag.py:500} INFO - Filling up the DagBag from /home/airflow/.local/lib/python3.7/site-packages/airflow/example_dags/example_task_group.py
[2022-05-09 23:56:26,448] {processor.py:652} INFO - DAG(s) dict_keys(['example_task_group']) retrieved from /home/airflow/.local/lib/python3.7/site-packages/airflow/example_dags/example_task_group.py
[2022-05-09 23:56:26,476] {logging_mixin.py:109} INFO - [2022-05-09 23:56:26,476] {dag.py:2398} INFO - Sync 1 DAGs
[2022-05-09 23:56:26,498] {logging_mixin.py:109} INFO - [2022-05-09 23:56:26,498] {dag.py:2937} INFO - Setting next_dagrun for example_task_group to 2022-05-08T23:56:26.498092+00:00
[2022-05-09 23:56:26,514] {processor.py:171} INFO - Processing /home/airflow/.local/lib/python3.7/site-packages/airflow/example_dags/example_task_group.py took 0.100 seconds
[2022-05-09 23:56:57,191] {processor.py:163} INFO - Started process (PID=1841) to work on /home/airflow/.local/lib/python3.7/site-packages/airflow/example_dags/example_task_group.py
[2022-05-09 23:56:57,192] {processor.py:642} INFO - Processing file /home/airflow/.local/lib/python3.7/site-packages/airflow/example_dags/example_task_group.py for tasks to queue
[2022-05-09 23:56:57,194] {logging_mixin.py:109} INFO - [2022-05-09 23:56:57,194] {dagbag.py:500} INFO - Filling up the DagBag from /home/airflow/.local/lib/python3.7/site-packages/airflow/example_dags/example_task_group.py
[2022-05-09 23:56:57,216] {processor.py:652} INFO - DAG(s) dict_keys(['example_task_group']) retrieved from /home/airflow/.local/lib/python3.7/site-packages/airflow/example_dags/example_task_group.py
[2022-05-09 23:56:57,244] {logging_mixin.py:109} INFO - [2022-05-09 23:56:57,243] {dag.py:2398} INFO - Sync 1 DAGs
[2022-05-09 23:56:57,268] {logging_mixin.py:109} INFO - [2022-05-09 23:56:57,268] {dag.py:2937} INFO - Setting next_dagrun for example_task_group to 2022-05-08T23:56:57.268284+00:00
[2022-05-09 23:56:57,278] {processor.py:171} INFO - Processing /home/airflow/.local/lib/python3.7/site-packages/airflow/example_dags/example_task_group.py took 0.092 seconds
[2022-05-09 23:57:27,837] {processor.py:163} INFO - Started process (PID=1904) to work on /home/airflow/.local/lib/python3.7/site-packages/airflow/example_dags/example_task_group.py
[2022-05-09 23:57:27,841] {processor.py:642} INFO - Processing file /home/airflow/.local/lib/python3.7/site-packages/airflow/example_dags/example_task_group.py for tasks to queue
[2022-05-09 23:57:27,843] {logging_mixin.py:109} INFO - [2022-05-09 23:57:27,843] {dagbag.py:500} INFO - Filling up the DagBag from /home/airflow/.local/lib/python3.7/site-packages/airflow/example_dags/example_task_group.py
[2022-05-09 23:57:27,868] {processor.py:652} INFO - DAG(s) dict_keys(['example_task_group']) retrieved from /home/airflow/.local/lib/python3.7/site-packages/airflow/example_dags/example_task_group.py
[2022-05-09 23:57:27,901] {logging_mixin.py:109} INFO - [2022-05-09 23:57:27,901] {dag.py:2398} INFO - Sync 1 DAGs
[2022-05-09 23:57:27,927] {logging_mixin.py:109} INFO - [2022-05-09 23:57:27,926] {dag.py:2937} INFO - Setting next_dagrun for example_task_group to 2022-05-08T23:57:27.926603+00:00
[2022-05-09 23:57:27,940] {processor.py:171} INFO - Processing /home/airflow/.local/lib/python3.7/site-packages/airflow/example_dags/example_task_group.py took 0.109 seconds
[2022-05-09 23:57:58,481] {processor.py:163} INFO - Started process (PID=1955) to work on /home/airflow/.local/lib/python3.7/site-packages/airflow/example_dags/example_task_group.py
[2022-05-09 23:57:58,483] {processor.py:642} INFO - Processing file /home/airflow/.local/lib/python3.7/site-packages/airflow/example_dags/example_task_group.py for tasks to queue
[2022-05-09 23:57:58,484] {logging_mixin.py:109} INFO - [2022-05-09 23:57:58,484] {dagbag.py:500} INFO - Filling up the DagBag from /home/airflow/.local/lib/python3.7/site-packages/airflow/example_dags/example_task_group.py
[2022-05-09 23:57:58,502] {processor.py:652} INFO - DAG(s) dict_keys(['example_task_group']) retrieved from /home/airflow/.local/lib/python3.7/site-packages/airflow/example_dags/example_task_group.py
[2022-05-09 23:57:58,523] {logging_mixin.py:109} INFO - [2022-05-09 23:57:58,523] {dag.py:2398} INFO - Sync 1 DAGs
[2022-05-09 23:57:58,541] {logging_mixin.py:109} INFO - [2022-05-09 23:57:58,541] {dag.py:2937} INFO - Setting next_dagrun for example_task_group to 2022-05-08T23:57:58.541190+00:00
[2022-05-09 23:57:58,552] {processor.py:171} INFO - Processing /home/airflow/.local/lib/python3.7/site-packages/airflow/example_dags/example_task_group.py took 0.075 seconds
[2022-05-09 23:58:29,176] {processor.py:163} INFO - Started process (PID=2017) to work on /home/airflow/.local/lib/python3.7/site-packages/airflow/example_dags/example_task_group.py
[2022-05-09 23:58:29,178] {processor.py:642} INFO - Processing file /home/airflow/.local/lib/python3.7/site-packages/airflow/example_dags/example_task_group.py for tasks to queue
[2022-05-09 23:58:29,180] {logging_mixin.py:109} INFO - [2022-05-09 23:58:29,180] {dagbag.py:500} INFO - Filling up the DagBag from /home/airflow/.local/lib/python3.7/site-packages/airflow/example_dags/example_task_group.py
[2022-05-09 23:58:29,198] {processor.py:652} INFO - DAG(s) dict_keys(['example_task_group']) retrieved from /home/airflow/.local/lib/python3.7/site-packages/airflow/example_dags/example_task_group.py
[2022-05-09 23:58:29,221] {logging_mixin.py:109} INFO - [2022-05-09 23:58:29,220] {dag.py:2398} INFO - Sync 1 DAGs
[2022-05-09 23:58:29,239] {logging_mixin.py:109} INFO - [2022-05-09 23:58:29,238] {dag.py:2937} INFO - Setting next_dagrun for example_task_group to 2022-05-08T23:58:29.238614+00:00
[2022-05-09 23:58:29,250] {processor.py:171} INFO - Processing /home/airflow/.local/lib/python3.7/site-packages/airflow/example_dags/example_task_group.py took 0.077 seconds
[2022-05-09 23:58:59,841] {processor.py:163} INFO - Started process (PID=2069) to work on /home/airflow/.local/lib/python3.7/site-packages/airflow/example_dags/example_task_group.py
[2022-05-09 23:58:59,843] {processor.py:642} INFO - Processing file /home/airflow/.local/lib/python3.7/site-packages/airflow/example_dags/example_task_group.py for tasks to queue
[2022-05-09 23:58:59,844] {logging_mixin.py:109} INFO - [2022-05-09 23:58:59,844] {dagbag.py:500} INFO - Filling up the DagBag from /home/airflow/.local/lib/python3.7/site-packages/airflow/example_dags/example_task_group.py
[2022-05-09 23:58:59,862] {processor.py:652} INFO - DAG(s) dict_keys(['example_task_group']) retrieved from /home/airflow/.local/lib/python3.7/site-packages/airflow/example_dags/example_task_group.py
[2022-05-09 23:58:59,887] {logging_mixin.py:109} INFO - [2022-05-09 23:58:59,886] {dag.py:2398} INFO - Sync 1 DAGs
[2022-05-09 23:58:59,905] {logging_mixin.py:109} INFO - [2022-05-09 23:58:59,904] {dag.py:2937} INFO - Setting next_dagrun for example_task_group to 2022-05-08T23:58:59.904687+00:00
[2022-05-09 23:58:59,918] {processor.py:171} INFO - Processing /home/airflow/.local/lib/python3.7/site-packages/airflow/example_dags/example_task_group.py took 0.081 seconds
[2022-05-09 23:59:30,500] {processor.py:163} INFO - Started process (PID=2129) to work on /home/airflow/.local/lib/python3.7/site-packages/airflow/example_dags/example_task_group.py
[2022-05-09 23:59:30,502] {processor.py:642} INFO - Processing file /home/airflow/.local/lib/python3.7/site-packages/airflow/example_dags/example_task_group.py for tasks to queue
[2022-05-09 23:59:30,503] {logging_mixin.py:109} INFO - [2022-05-09 23:59:30,503] {dagbag.py:500} INFO - Filling up the DagBag from /home/airflow/.local/lib/python3.7/site-packages/airflow/example_dags/example_task_group.py
[2022-05-09 23:59:30,525] {processor.py:652} INFO - DAG(s) dict_keys(['example_task_group']) retrieved from /home/airflow/.local/lib/python3.7/site-packages/airflow/example_dags/example_task_group.py
[2022-05-09 23:59:30,549] {logging_mixin.py:109} INFO - [2022-05-09 23:59:30,549] {dag.py:2398} INFO - Sync 1 DAGs
[2022-05-09 23:59:30,568] {logging_mixin.py:109} INFO - [2022-05-09 23:59:30,568] {dag.py:2937} INFO - Setting next_dagrun for example_task_group to 2022-05-08T23:59:30.568015+00:00
[2022-05-09 23:59:30,578] {processor.py:171} INFO - Processing /home/airflow/.local/lib/python3.7/site-packages/airflow/example_dags/example_task_group.py took 0.082 seconds
