[2022-05-09 23:41:03,331] {processor.py:163} INFO - Started process (PID=56) to work on /home/airflow/.local/lib/python3.7/site-packages/airflow/example_dags/example_task_group_decorator.py
[2022-05-09 23:41:03,337] {processor.py:642} INFO - Processing file /home/airflow/.local/lib/python3.7/site-packages/airflow/example_dags/example_task_group_decorator.py for tasks to queue
[2022-05-09 23:41:03,341] {logging_mixin.py:109} INFO - [2022-05-09 23:41:03,340] {dagbag.py:500} INFO - Filling up the DagBag from /home/airflow/.local/lib/python3.7/site-packages/airflow/example_dags/example_task_group_decorator.py
[2022-05-09 23:41:03,497] {processor.py:652} INFO - DAG(s) dict_keys(['example_task_group_decorator']) retrieved from /home/airflow/.local/lib/python3.7/site-packages/airflow/example_dags/example_task_group_decorator.py
[2022-05-09 23:41:03,927] {logging_mixin.py:109} INFO - [2022-05-09 23:41:03,926] {dag.py:2398} INFO - Sync 1 DAGs
[2022-05-09 23:41:03,945] {logging_mixin.py:109} INFO - [2022-05-09 23:41:03,945] {dag.py:2937} INFO - Setting next_dagrun for example_task_group_decorator to 2022-05-08T23:41:03.944976+00:00
[2022-05-09 23:41:03,961] {processor.py:171} INFO - Processing /home/airflow/.local/lib/python3.7/site-packages/airflow/example_dags/example_task_group_decorator.py took 0.639 seconds
[2022-05-09 23:41:34,516] {processor.py:163} INFO - Started process (PID=116) to work on /home/airflow/.local/lib/python3.7/site-packages/airflow/example_dags/example_task_group_decorator.py
[2022-05-09 23:41:34,519] {processor.py:642} INFO - Processing file /home/airflow/.local/lib/python3.7/site-packages/airflow/example_dags/example_task_group_decorator.py for tasks to queue
[2022-05-09 23:41:34,520] {logging_mixin.py:109} INFO - [2022-05-09 23:41:34,520] {dagbag.py:500} INFO - Filling up the DagBag from /home/airflow/.local/lib/python3.7/site-packages/airflow/example_dags/example_task_group_decorator.py
[2022-05-09 23:41:34,569] {processor.py:652} INFO - DAG(s) dict_keys(['example_task_group_decorator']) retrieved from /home/airflow/.local/lib/python3.7/site-packages/airflow/example_dags/example_task_group_decorator.py
[2022-05-09 23:41:35,172] {logging_mixin.py:109} INFO - [2022-05-09 23:41:35,172] {dag.py:2398} INFO - Sync 1 DAGs
[2022-05-09 23:41:35,189] {logging_mixin.py:109} INFO - [2022-05-09 23:41:35,189] {dag.py:2937} INFO - Setting next_dagrun for example_task_group_decorator to 2022-05-08T23:41:35.189282+00:00
[2022-05-09 23:41:35,204] {processor.py:171} INFO - Processing /home/airflow/.local/lib/python3.7/site-packages/airflow/example_dags/example_task_group_decorator.py took 0.692 seconds
[2022-05-09 23:42:06,148] {processor.py:163} INFO - Started process (PID=180) to work on /home/airflow/.local/lib/python3.7/site-packages/airflow/example_dags/example_task_group_decorator.py
[2022-05-09 23:42:06,151] {processor.py:642} INFO - Processing file /home/airflow/.local/lib/python3.7/site-packages/airflow/example_dags/example_task_group_decorator.py for tasks to queue
[2022-05-09 23:42:06,152] {logging_mixin.py:109} INFO - [2022-05-09 23:42:06,152] {dagbag.py:500} INFO - Filling up the DagBag from /home/airflow/.local/lib/python3.7/site-packages/airflow/example_dags/example_task_group_decorator.py
[2022-05-09 23:42:06,186] {processor.py:652} INFO - DAG(s) dict_keys(['example_task_group_decorator']) retrieved from /home/airflow/.local/lib/python3.7/site-packages/airflow/example_dags/example_task_group_decorator.py
[2022-05-09 23:42:06,488] {logging_mixin.py:109} INFO - [2022-05-09 23:42:06,488] {dag.py:2398} INFO - Sync 1 DAGs
[2022-05-09 23:42:06,503] {logging_mixin.py:109} INFO - [2022-05-09 23:42:06,503] {dag.py:2937} INFO - Setting next_dagrun for example_task_group_decorator to 2022-05-08T23:42:06.503174+00:00
[2022-05-09 23:42:06,515] {processor.py:171} INFO - Processing /home/airflow/.local/lib/python3.7/site-packages/airflow/example_dags/example_task_group_decorator.py took 0.371 seconds
[2022-05-09 23:42:36,923] {processor.py:163} INFO - Started process (PID=233) to work on /home/airflow/.local/lib/python3.7/site-packages/airflow/example_dags/example_task_group_decorator.py
[2022-05-09 23:42:36,926] {processor.py:642} INFO - Processing file /home/airflow/.local/lib/python3.7/site-packages/airflow/example_dags/example_task_group_decorator.py for tasks to queue
[2022-05-09 23:42:36,927] {logging_mixin.py:109} INFO - [2022-05-09 23:42:36,927] {dagbag.py:500} INFO - Filling up the DagBag from /home/airflow/.local/lib/python3.7/site-packages/airflow/example_dags/example_task_group_decorator.py
[2022-05-09 23:42:36,962] {processor.py:652} INFO - DAG(s) dict_keys(['example_task_group_decorator']) retrieved from /home/airflow/.local/lib/python3.7/site-packages/airflow/example_dags/example_task_group_decorator.py
[2022-05-09 23:42:37,256] {logging_mixin.py:109} INFO - [2022-05-09 23:42:37,256] {dag.py:2398} INFO - Sync 1 DAGs
[2022-05-09 23:42:37,270] {logging_mixin.py:109} INFO - [2022-05-09 23:42:37,270] {dag.py:2937} INFO - Setting next_dagrun for example_task_group_decorator to 2022-05-08T23:42:37.270206+00:00
[2022-05-09 23:42:37,282] {processor.py:171} INFO - Processing /home/airflow/.local/lib/python3.7/site-packages/airflow/example_dags/example_task_group_decorator.py took 0.363 seconds
[2022-05-09 23:43:08,078] {processor.py:163} INFO - Started process (PID=294) to work on /home/airflow/.local/lib/python3.7/site-packages/airflow/example_dags/example_task_group_decorator.py
[2022-05-09 23:43:08,080] {processor.py:642} INFO - Processing file /home/airflow/.local/lib/python3.7/site-packages/airflow/example_dags/example_task_group_decorator.py for tasks to queue
[2022-05-09 23:43:08,081] {logging_mixin.py:109} INFO - [2022-05-09 23:43:08,080] {dagbag.py:500} INFO - Filling up the DagBag from /home/airflow/.local/lib/python3.7/site-packages/airflow/example_dags/example_task_group_decorator.py
[2022-05-09 23:43:08,110] {processor.py:652} INFO - DAG(s) dict_keys(['example_task_group_decorator']) retrieved from /home/airflow/.local/lib/python3.7/site-packages/airflow/example_dags/example_task_group_decorator.py
[2022-05-09 23:43:08,419] {logging_mixin.py:109} INFO - [2022-05-09 23:43:08,419] {dag.py:2398} INFO - Sync 1 DAGs
[2022-05-09 23:43:08,432] {logging_mixin.py:109} INFO - [2022-05-09 23:43:08,432] {dag.py:2937} INFO - Setting next_dagrun for example_task_group_decorator to 2022-05-08T23:43:08.432541+00:00
[2022-05-09 23:43:08,445] {processor.py:171} INFO - Processing /home/airflow/.local/lib/python3.7/site-packages/airflow/example_dags/example_task_group_decorator.py took 0.371 seconds
[2022-05-09 23:43:38,925] {processor.py:163} INFO - Started process (PID=346) to work on /home/airflow/.local/lib/python3.7/site-packages/airflow/example_dags/example_task_group_decorator.py
[2022-05-09 23:43:38,927] {processor.py:642} INFO - Processing file /home/airflow/.local/lib/python3.7/site-packages/airflow/example_dags/example_task_group_decorator.py for tasks to queue
[2022-05-09 23:43:38,929] {logging_mixin.py:109} INFO - [2022-05-09 23:43:38,929] {dagbag.py:500} INFO - Filling up the DagBag from /home/airflow/.local/lib/python3.7/site-packages/airflow/example_dags/example_task_group_decorator.py
[2022-05-09 23:43:38,966] {processor.py:652} INFO - DAG(s) dict_keys(['example_task_group_decorator']) retrieved from /home/airflow/.local/lib/python3.7/site-packages/airflow/example_dags/example_task_group_decorator.py
[2022-05-09 23:43:39,287] {logging_mixin.py:109} INFO - [2022-05-09 23:43:39,287] {dag.py:2398} INFO - Sync 1 DAGs
[2022-05-09 23:43:39,304] {logging_mixin.py:109} INFO - [2022-05-09 23:43:39,304] {dag.py:2937} INFO - Setting next_dagrun for example_task_group_decorator to 2022-05-08T23:43:39.303813+00:00
[2022-05-09 23:43:39,319] {processor.py:171} INFO - Processing /home/airflow/.local/lib/python3.7/site-packages/airflow/example_dags/example_task_group_decorator.py took 0.399 seconds
[2022-05-09 23:44:09,876] {processor.py:163} INFO - Started process (PID=409) to work on /home/airflow/.local/lib/python3.7/site-packages/airflow/example_dags/example_task_group_decorator.py
[2022-05-09 23:44:09,879] {processor.py:642} INFO - Processing file /home/airflow/.local/lib/python3.7/site-packages/airflow/example_dags/example_task_group_decorator.py for tasks to queue
[2022-05-09 23:44:09,881] {logging_mixin.py:109} INFO - [2022-05-09 23:44:09,881] {dagbag.py:500} INFO - Filling up the DagBag from /home/airflow/.local/lib/python3.7/site-packages/airflow/example_dags/example_task_group_decorator.py
[2022-05-09 23:44:09,918] {processor.py:652} INFO - DAG(s) dict_keys(['example_task_group_decorator']) retrieved from /home/airflow/.local/lib/python3.7/site-packages/airflow/example_dags/example_task_group_decorator.py
[2022-05-09 23:44:10,227] {logging_mixin.py:109} INFO - [2022-05-09 23:44:10,226] {dag.py:2398} INFO - Sync 1 DAGs
[2022-05-09 23:44:10,240] {logging_mixin.py:109} INFO - [2022-05-09 23:44:10,240] {dag.py:2937} INFO - Setting next_dagrun for example_task_group_decorator to 2022-05-08T23:44:10.240461+00:00
[2022-05-09 23:44:10,252] {processor.py:171} INFO - Processing /home/airflow/.local/lib/python3.7/site-packages/airflow/example_dags/example_task_group_decorator.py took 0.380 seconds
[2022-05-09 23:44:40,655] {processor.py:163} INFO - Started process (PID=463) to work on /home/airflow/.local/lib/python3.7/site-packages/airflow/example_dags/example_task_group_decorator.py
[2022-05-09 23:44:40,658] {processor.py:642} INFO - Processing file /home/airflow/.local/lib/python3.7/site-packages/airflow/example_dags/example_task_group_decorator.py for tasks to queue
[2022-05-09 23:44:40,659] {logging_mixin.py:109} INFO - [2022-05-09 23:44:40,659] {dagbag.py:500} INFO - Filling up the DagBag from /home/airflow/.local/lib/python3.7/site-packages/airflow/example_dags/example_task_group_decorator.py
[2022-05-09 23:44:40,698] {processor.py:652} INFO - DAG(s) dict_keys(['example_task_group_decorator']) retrieved from /home/airflow/.local/lib/python3.7/site-packages/airflow/example_dags/example_task_group_decorator.py
[2022-05-09 23:44:41,032] {logging_mixin.py:109} INFO - [2022-05-09 23:44:41,032] {dag.py:2398} INFO - Sync 1 DAGs
[2022-05-09 23:44:41,050] {logging_mixin.py:109} INFO - [2022-05-09 23:44:41,050] {dag.py:2937} INFO - Setting next_dagrun for example_task_group_decorator to 2022-05-08T23:44:41.050272+00:00
[2022-05-09 23:44:41,069] {processor.py:171} INFO - Processing /home/airflow/.local/lib/python3.7/site-packages/airflow/example_dags/example_task_group_decorator.py took 0.420 seconds
[2022-05-09 23:45:11,819] {processor.py:163} INFO - Started process (PID=528) to work on /home/airflow/.local/lib/python3.7/site-packages/airflow/example_dags/example_task_group_decorator.py
[2022-05-09 23:45:11,822] {processor.py:642} INFO - Processing file /home/airflow/.local/lib/python3.7/site-packages/airflow/example_dags/example_task_group_decorator.py for tasks to queue
[2022-05-09 23:45:11,823] {logging_mixin.py:109} INFO - [2022-05-09 23:45:11,823] {dagbag.py:500} INFO - Filling up the DagBag from /home/airflow/.local/lib/python3.7/site-packages/airflow/example_dags/example_task_group_decorator.py
[2022-05-09 23:45:11,858] {processor.py:652} INFO - DAG(s) dict_keys(['example_task_group_decorator']) retrieved from /home/airflow/.local/lib/python3.7/site-packages/airflow/example_dags/example_task_group_decorator.py
[2022-05-09 23:45:12,173] {logging_mixin.py:109} INFO - [2022-05-09 23:45:12,173] {dag.py:2398} INFO - Sync 1 DAGs
[2022-05-09 23:45:12,189] {logging_mixin.py:109} INFO - [2022-05-09 23:45:12,189] {dag.py:2937} INFO - Setting next_dagrun for example_task_group_decorator to 2022-05-08T23:45:12.189630+00:00
[2022-05-09 23:45:12,204] {processor.py:171} INFO - Processing /home/airflow/.local/lib/python3.7/site-packages/airflow/example_dags/example_task_group_decorator.py took 0.389 seconds
[2022-05-09 23:45:42,760] {processor.py:163} INFO - Started process (PID=579) to work on /home/airflow/.local/lib/python3.7/site-packages/airflow/example_dags/example_task_group_decorator.py
[2022-05-09 23:45:42,764] {processor.py:642} INFO - Processing file /home/airflow/.local/lib/python3.7/site-packages/airflow/example_dags/example_task_group_decorator.py for tasks to queue
[2022-05-09 23:45:42,768] {logging_mixin.py:109} INFO - [2022-05-09 23:45:42,767] {dagbag.py:500} INFO - Filling up the DagBag from /home/airflow/.local/lib/python3.7/site-packages/airflow/example_dags/example_task_group_decorator.py
[2022-05-09 23:45:42,867] {processor.py:652} INFO - DAG(s) dict_keys(['example_task_group_decorator']) retrieved from /home/airflow/.local/lib/python3.7/site-packages/airflow/example_dags/example_task_group_decorator.py
[2022-05-09 23:45:43,275] {logging_mixin.py:109} INFO - [2022-05-09 23:45:43,275] {dag.py:2398} INFO - Sync 1 DAGs
[2022-05-09 23:45:43,296] {logging_mixin.py:109} INFO - [2022-05-09 23:45:43,296] {dag.py:2937} INFO - Setting next_dagrun for example_task_group_decorator to 2022-05-08T23:45:43.296014+00:00
[2022-05-09 23:45:43,317] {processor.py:171} INFO - Processing /home/airflow/.local/lib/python3.7/site-packages/airflow/example_dags/example_task_group_decorator.py took 0.565 seconds
[2022-05-09 23:46:13,916] {processor.py:163} INFO - Started process (PID=644) to work on /home/airflow/.local/lib/python3.7/site-packages/airflow/example_dags/example_task_group_decorator.py
[2022-05-09 23:46:13,918] {processor.py:642} INFO - Processing file /home/airflow/.local/lib/python3.7/site-packages/airflow/example_dags/example_task_group_decorator.py for tasks to queue
[2022-05-09 23:46:13,919] {logging_mixin.py:109} INFO - [2022-05-09 23:46:13,919] {dagbag.py:500} INFO - Filling up the DagBag from /home/airflow/.local/lib/python3.7/site-packages/airflow/example_dags/example_task_group_decorator.py
[2022-05-09 23:46:13,951] {processor.py:652} INFO - DAG(s) dict_keys(['example_task_group_decorator']) retrieved from /home/airflow/.local/lib/python3.7/site-packages/airflow/example_dags/example_task_group_decorator.py
[2022-05-09 23:46:14,271] {logging_mixin.py:109} INFO - [2022-05-09 23:46:14,271] {dag.py:2398} INFO - Sync 1 DAGs
[2022-05-09 23:46:14,290] {logging_mixin.py:109} INFO - [2022-05-09 23:46:14,290] {dag.py:2937} INFO - Setting next_dagrun for example_task_group_decorator to 2022-05-08T23:46:14.290505+00:00
[2022-05-09 23:46:14,309] {processor.py:171} INFO - Processing /home/airflow/.local/lib/python3.7/site-packages/airflow/example_dags/example_task_group_decorator.py took 0.397 seconds
[2022-05-09 23:46:44,672] {processor.py:163} INFO - Started process (PID=707) to work on /home/airflow/.local/lib/python3.7/site-packages/airflow/example_dags/example_task_group_decorator.py
[2022-05-09 23:46:44,674] {processor.py:642} INFO - Processing file /home/airflow/.local/lib/python3.7/site-packages/airflow/example_dags/example_task_group_decorator.py for tasks to queue
[2022-05-09 23:46:44,676] {logging_mixin.py:109} INFO - [2022-05-09 23:46:44,676] {dagbag.py:500} INFO - Filling up the DagBag from /home/airflow/.local/lib/python3.7/site-packages/airflow/example_dags/example_task_group_decorator.py
[2022-05-09 23:46:44,717] {processor.py:652} INFO - DAG(s) dict_keys(['example_task_group_decorator']) retrieved from /home/airflow/.local/lib/python3.7/site-packages/airflow/example_dags/example_task_group_decorator.py
[2022-05-09 23:46:45,065] {logging_mixin.py:109} INFO - [2022-05-09 23:46:45,065] {dag.py:2398} INFO - Sync 1 DAGs
[2022-05-09 23:46:45,080] {logging_mixin.py:109} INFO - [2022-05-09 23:46:45,080] {dag.py:2937} INFO - Setting next_dagrun for example_task_group_decorator to 2022-05-08T23:46:45.080082+00:00
[2022-05-09 23:46:45,093] {processor.py:171} INFO - Processing /home/airflow/.local/lib/python3.7/site-packages/airflow/example_dags/example_task_group_decorator.py took 0.425 seconds
[2022-05-09 23:47:15,684] {processor.py:163} INFO - Started process (PID=758) to work on /home/airflow/.local/lib/python3.7/site-packages/airflow/example_dags/example_task_group_decorator.py
[2022-05-09 23:47:15,686] {processor.py:642} INFO - Processing file /home/airflow/.local/lib/python3.7/site-packages/airflow/example_dags/example_task_group_decorator.py for tasks to queue
[2022-05-09 23:47:15,687] {logging_mixin.py:109} INFO - [2022-05-09 23:47:15,687] {dagbag.py:500} INFO - Filling up the DagBag from /home/airflow/.local/lib/python3.7/site-packages/airflow/example_dags/example_task_group_decorator.py
[2022-05-09 23:47:15,717] {processor.py:652} INFO - DAG(s) dict_keys(['example_task_group_decorator']) retrieved from /home/airflow/.local/lib/python3.7/site-packages/airflow/example_dags/example_task_group_decorator.py
[2022-05-09 23:47:16,011] {logging_mixin.py:109} INFO - [2022-05-09 23:47:16,011] {dag.py:2398} INFO - Sync 1 DAGs
[2022-05-09 23:47:16,025] {logging_mixin.py:109} INFO - [2022-05-09 23:47:16,025] {dag.py:2937} INFO - Setting next_dagrun for example_task_group_decorator to 2022-05-08T23:47:16.025149+00:00
[2022-05-09 23:47:16,038] {processor.py:171} INFO - Processing /home/airflow/.local/lib/python3.7/site-packages/airflow/example_dags/example_task_group_decorator.py took 0.358 seconds
[2022-05-09 23:47:46,435] {processor.py:163} INFO - Started process (PID=818) to work on /home/airflow/.local/lib/python3.7/site-packages/airflow/example_dags/example_task_group_decorator.py
[2022-05-09 23:47:46,438] {processor.py:642} INFO - Processing file /home/airflow/.local/lib/python3.7/site-packages/airflow/example_dags/example_task_group_decorator.py for tasks to queue
[2022-05-09 23:47:46,439] {logging_mixin.py:109} INFO - [2022-05-09 23:47:46,439] {dagbag.py:500} INFO - Filling up the DagBag from /home/airflow/.local/lib/python3.7/site-packages/airflow/example_dags/example_task_group_decorator.py
[2022-05-09 23:47:46,470] {processor.py:652} INFO - DAG(s) dict_keys(['example_task_group_decorator']) retrieved from /home/airflow/.local/lib/python3.7/site-packages/airflow/example_dags/example_task_group_decorator.py
[2022-05-09 23:47:46,800] {logging_mixin.py:109} INFO - [2022-05-09 23:47:46,800] {dag.py:2398} INFO - Sync 1 DAGs
[2022-05-09 23:47:46,816] {logging_mixin.py:109} INFO - [2022-05-09 23:47:46,815] {dag.py:2937} INFO - Setting next_dagrun for example_task_group_decorator to 2022-05-08T23:47:46.815619+00:00
[2022-05-09 23:47:46,831] {processor.py:171} INFO - Processing /home/airflow/.local/lib/python3.7/site-packages/airflow/example_dags/example_task_group_decorator.py took 0.400 seconds
[2022-05-09 23:48:16,889] {processor.py:163} INFO - Started process (PID=869) to work on /home/airflow/.local/lib/python3.7/site-packages/airflow/example_dags/example_task_group_decorator.py
[2022-05-09 23:48:16,892] {processor.py:642} INFO - Processing file /home/airflow/.local/lib/python3.7/site-packages/airflow/example_dags/example_task_group_decorator.py for tasks to queue
[2022-05-09 23:48:16,894] {logging_mixin.py:109} INFO - [2022-05-09 23:48:16,894] {dagbag.py:500} INFO - Filling up the DagBag from /home/airflow/.local/lib/python3.7/site-packages/airflow/example_dags/example_task_group_decorator.py
[2022-05-09 23:48:16,934] {processor.py:652} INFO - DAG(s) dict_keys(['example_task_group_decorator']) retrieved from /home/airflow/.local/lib/python3.7/site-packages/airflow/example_dags/example_task_group_decorator.py
[2022-05-09 23:48:17,277] {logging_mixin.py:109} INFO - [2022-05-09 23:48:17,277] {dag.py:2398} INFO - Sync 1 DAGs
[2022-05-09 23:48:17,292] {logging_mixin.py:109} INFO - [2022-05-09 23:48:17,292] {dag.py:2937} INFO - Setting next_dagrun for example_task_group_decorator to 2022-05-08T23:48:17.292549+00:00
[2022-05-09 23:48:17,303] {processor.py:171} INFO - Processing /home/airflow/.local/lib/python3.7/site-packages/airflow/example_dags/example_task_group_decorator.py took 0.422 seconds
[2022-05-09 23:48:48,033] {processor.py:163} INFO - Started process (PID=933) to work on /home/airflow/.local/lib/python3.7/site-packages/airflow/example_dags/example_task_group_decorator.py
[2022-05-09 23:48:48,036] {processor.py:642} INFO - Processing file /home/airflow/.local/lib/python3.7/site-packages/airflow/example_dags/example_task_group_decorator.py for tasks to queue
[2022-05-09 23:48:48,038] {logging_mixin.py:109} INFO - [2022-05-09 23:48:48,037] {dagbag.py:500} INFO - Filling up the DagBag from /home/airflow/.local/lib/python3.7/site-packages/airflow/example_dags/example_task_group_decorator.py
[2022-05-09 23:48:48,070] {processor.py:652} INFO - DAG(s) dict_keys(['example_task_group_decorator']) retrieved from /home/airflow/.local/lib/python3.7/site-packages/airflow/example_dags/example_task_group_decorator.py
[2022-05-09 23:48:48,382] {logging_mixin.py:109} INFO - [2022-05-09 23:48:48,381] {dag.py:2398} INFO - Sync 1 DAGs
[2022-05-09 23:48:48,400] {logging_mixin.py:109} INFO - [2022-05-09 23:48:48,400] {dag.py:2937} INFO - Setting next_dagrun for example_task_group_decorator to 2022-05-08T23:48:48.399795+00:00
[2022-05-09 23:48:48,417] {processor.py:171} INFO - Processing /home/airflow/.local/lib/python3.7/site-packages/airflow/example_dags/example_task_group_decorator.py took 0.388 seconds
[2022-05-09 23:49:18,583] {processor.py:163} INFO - Started process (PID=984) to work on /home/airflow/.local/lib/python3.7/site-packages/airflow/example_dags/example_task_group_decorator.py
[2022-05-09 23:49:18,584] {processor.py:642} INFO - Processing file /home/airflow/.local/lib/python3.7/site-packages/airflow/example_dags/example_task_group_decorator.py for tasks to queue
[2022-05-09 23:49:18,586] {logging_mixin.py:109} INFO - [2022-05-09 23:49:18,586] {dagbag.py:500} INFO - Filling up the DagBag from /home/airflow/.local/lib/python3.7/site-packages/airflow/example_dags/example_task_group_decorator.py
[2022-05-09 23:49:18,617] {processor.py:652} INFO - DAG(s) dict_keys(['example_task_group_decorator']) retrieved from /home/airflow/.local/lib/python3.7/site-packages/airflow/example_dags/example_task_group_decorator.py
[2022-05-09 23:49:18,915] {logging_mixin.py:109} INFO - [2022-05-09 23:49:18,915] {dag.py:2398} INFO - Sync 1 DAGs
[2022-05-09 23:49:18,929] {logging_mixin.py:109} INFO - [2022-05-09 23:49:18,929] {dag.py:2937} INFO - Setting next_dagrun for example_task_group_decorator to 2022-05-08T23:49:18.929013+00:00
[2022-05-09 23:49:18,944] {processor.py:171} INFO - Processing /home/airflow/.local/lib/python3.7/site-packages/airflow/example_dags/example_task_group_decorator.py took 0.388 seconds
[2022-05-09 23:49:49,354] {processor.py:163} INFO - Started process (PID=1046) to work on /home/airflow/.local/lib/python3.7/site-packages/airflow/example_dags/example_task_group_decorator.py
[2022-05-09 23:49:49,355] {processor.py:642} INFO - Processing file /home/airflow/.local/lib/python3.7/site-packages/airflow/example_dags/example_task_group_decorator.py for tasks to queue
[2022-05-09 23:49:49,357] {logging_mixin.py:109} INFO - [2022-05-09 23:49:49,357] {dagbag.py:500} INFO - Filling up the DagBag from /home/airflow/.local/lib/python3.7/site-packages/airflow/example_dags/example_task_group_decorator.py
[2022-05-09 23:49:49,388] {processor.py:652} INFO - DAG(s) dict_keys(['example_task_group_decorator']) retrieved from /home/airflow/.local/lib/python3.7/site-packages/airflow/example_dags/example_task_group_decorator.py
[2022-05-09 23:49:49,686] {logging_mixin.py:109} INFO - [2022-05-09 23:49:49,686] {dag.py:2398} INFO - Sync 1 DAGs
[2022-05-09 23:49:49,700] {logging_mixin.py:109} INFO - [2022-05-09 23:49:49,700] {dag.py:2937} INFO - Setting next_dagrun for example_task_group_decorator to 2022-05-08T23:49:49.700105+00:00
[2022-05-09 23:49:49,713] {processor.py:171} INFO - Processing /home/airflow/.local/lib/python3.7/site-packages/airflow/example_dags/example_task_group_decorator.py took 0.364 seconds
[2022-05-09 23:50:20,023] {processor.py:163} INFO - Started process (PID=1106) to work on /home/airflow/.local/lib/python3.7/site-packages/airflow/example_dags/example_task_group_decorator.py
[2022-05-09 23:50:20,026] {processor.py:642} INFO - Processing file /home/airflow/.local/lib/python3.7/site-packages/airflow/example_dags/example_task_group_decorator.py for tasks to queue
[2022-05-09 23:50:20,027] {logging_mixin.py:109} INFO - [2022-05-09 23:50:20,027] {dagbag.py:500} INFO - Filling up the DagBag from /home/airflow/.local/lib/python3.7/site-packages/airflow/example_dags/example_task_group_decorator.py
[2022-05-09 23:50:20,065] {processor.py:652} INFO - DAG(s) dict_keys(['example_task_group_decorator']) retrieved from /home/airflow/.local/lib/python3.7/site-packages/airflow/example_dags/example_task_group_decorator.py
[2022-05-09 23:50:20,377] {logging_mixin.py:109} INFO - [2022-05-09 23:50:20,377] {dag.py:2398} INFO - Sync 1 DAGs
[2022-05-09 23:50:20,390] {logging_mixin.py:109} INFO - [2022-05-09 23:50:20,389] {dag.py:2937} INFO - Setting next_dagrun for example_task_group_decorator to 2022-05-08T23:50:20.389748+00:00
[2022-05-09 23:50:20,399] {processor.py:171} INFO - Processing /home/airflow/.local/lib/python3.7/site-packages/airflow/example_dags/example_task_group_decorator.py took 0.382 seconds
[2022-05-09 23:50:50,626] {processor.py:163} INFO - Started process (PID=1159) to work on /home/airflow/.local/lib/python3.7/site-packages/airflow/example_dags/example_task_group_decorator.py
[2022-05-09 23:50:50,628] {processor.py:642} INFO - Processing file /home/airflow/.local/lib/python3.7/site-packages/airflow/example_dags/example_task_group_decorator.py for tasks to queue
[2022-05-09 23:50:50,629] {logging_mixin.py:109} INFO - [2022-05-09 23:50:50,629] {dagbag.py:500} INFO - Filling up the DagBag from /home/airflow/.local/lib/python3.7/site-packages/airflow/example_dags/example_task_group_decorator.py
[2022-05-09 23:50:50,661] {processor.py:652} INFO - DAG(s) dict_keys(['example_task_group_decorator']) retrieved from /home/airflow/.local/lib/python3.7/site-packages/airflow/example_dags/example_task_group_decorator.py
[2022-05-09 23:50:50,946] {logging_mixin.py:109} INFO - [2022-05-09 23:50:50,945] {dag.py:2398} INFO - Sync 1 DAGs
[2022-05-09 23:50:50,960] {logging_mixin.py:109} INFO - [2022-05-09 23:50:50,960] {dag.py:2937} INFO - Setting next_dagrun for example_task_group_decorator to 2022-05-08T23:50:50.959760+00:00
[2022-05-09 23:50:50,972] {processor.py:171} INFO - Processing /home/airflow/.local/lib/python3.7/site-packages/airflow/example_dags/example_task_group_decorator.py took 0.350 seconds
[2022-05-09 23:51:21,179] {processor.py:163} INFO - Started process (PID=1219) to work on /home/airflow/.local/lib/python3.7/site-packages/airflow/example_dags/example_task_group_decorator.py
[2022-05-09 23:51:21,181] {processor.py:642} INFO - Processing file /home/airflow/.local/lib/python3.7/site-packages/airflow/example_dags/example_task_group_decorator.py for tasks to queue
[2022-05-09 23:51:21,183] {logging_mixin.py:109} INFO - [2022-05-09 23:51:21,183] {dagbag.py:500} INFO - Filling up the DagBag from /home/airflow/.local/lib/python3.7/site-packages/airflow/example_dags/example_task_group_decorator.py
[2022-05-09 23:51:21,221] {processor.py:652} INFO - DAG(s) dict_keys(['example_task_group_decorator']) retrieved from /home/airflow/.local/lib/python3.7/site-packages/airflow/example_dags/example_task_group_decorator.py
[2022-05-09 23:51:21,516] {logging_mixin.py:109} INFO - [2022-05-09 23:51:21,516] {dag.py:2398} INFO - Sync 1 DAGs
[2022-05-09 23:51:21,532] {logging_mixin.py:109} INFO - [2022-05-09 23:51:21,531] {dag.py:2937} INFO - Setting next_dagrun for example_task_group_decorator to 2022-05-08T23:51:21.531734+00:00
[2022-05-09 23:51:21,546] {processor.py:171} INFO - Processing /home/airflow/.local/lib/python3.7/site-packages/airflow/example_dags/example_task_group_decorator.py took 0.371 seconds
[2022-05-09 23:51:51,793] {processor.py:163} INFO - Started process (PID=1270) to work on /home/airflow/.local/lib/python3.7/site-packages/airflow/example_dags/example_task_group_decorator.py
[2022-05-09 23:51:51,795] {processor.py:642} INFO - Processing file /home/airflow/.local/lib/python3.7/site-packages/airflow/example_dags/example_task_group_decorator.py for tasks to queue
[2022-05-09 23:51:51,796] {logging_mixin.py:109} INFO - [2022-05-09 23:51:51,796] {dagbag.py:500} INFO - Filling up the DagBag from /home/airflow/.local/lib/python3.7/site-packages/airflow/example_dags/example_task_group_decorator.py
[2022-05-09 23:51:51,826] {processor.py:652} INFO - DAG(s) dict_keys(['example_task_group_decorator']) retrieved from /home/airflow/.local/lib/python3.7/site-packages/airflow/example_dags/example_task_group_decorator.py
[2022-05-09 23:51:52,123] {logging_mixin.py:109} INFO - [2022-05-09 23:51:52,122] {dag.py:2398} INFO - Sync 1 DAGs
[2022-05-09 23:51:52,139] {logging_mixin.py:109} INFO - [2022-05-09 23:51:52,138] {dag.py:2937} INFO - Setting next_dagrun for example_task_group_decorator to 2022-05-08T23:51:52.138698+00:00
[2022-05-09 23:51:52,152] {processor.py:171} INFO - Processing /home/airflow/.local/lib/python3.7/site-packages/airflow/example_dags/example_task_group_decorator.py took 0.363 seconds
[2022-05-09 23:52:22,404] {processor.py:163} INFO - Started process (PID=1331) to work on /home/airflow/.local/lib/python3.7/site-packages/airflow/example_dags/example_task_group_decorator.py
[2022-05-09 23:52:22,407] {processor.py:642} INFO - Processing file /home/airflow/.local/lib/python3.7/site-packages/airflow/example_dags/example_task_group_decorator.py for tasks to queue
[2022-05-09 23:52:22,409] {logging_mixin.py:109} INFO - [2022-05-09 23:52:22,408] {dagbag.py:500} INFO - Filling up the DagBag from /home/airflow/.local/lib/python3.7/site-packages/airflow/example_dags/example_task_group_decorator.py
[2022-05-09 23:52:22,448] {processor.py:652} INFO - DAG(s) dict_keys(['example_task_group_decorator']) retrieved from /home/airflow/.local/lib/python3.7/site-packages/airflow/example_dags/example_task_group_decorator.py
[2022-05-09 23:52:22,746] {logging_mixin.py:109} INFO - [2022-05-09 23:52:22,746] {dag.py:2398} INFO - Sync 1 DAGs
[2022-05-09 23:52:22,761] {logging_mixin.py:109} INFO - [2022-05-09 23:52:22,761] {dag.py:2937} INFO - Setting next_dagrun for example_task_group_decorator to 2022-05-08T23:52:22.761127+00:00
[2022-05-09 23:52:22,776] {processor.py:171} INFO - Processing /home/airflow/.local/lib/python3.7/site-packages/airflow/example_dags/example_task_group_decorator.py took 0.378 seconds
[2022-05-09 23:52:52,998] {processor.py:163} INFO - Started process (PID=1392) to work on /home/airflow/.local/lib/python3.7/site-packages/airflow/example_dags/example_task_group_decorator.py
[2022-05-09 23:52:53,000] {processor.py:642} INFO - Processing file /home/airflow/.local/lib/python3.7/site-packages/airflow/example_dags/example_task_group_decorator.py for tasks to queue
[2022-05-09 23:52:53,001] {logging_mixin.py:109} INFO - [2022-05-09 23:52:53,001] {dagbag.py:500} INFO - Filling up the DagBag from /home/airflow/.local/lib/python3.7/site-packages/airflow/example_dags/example_task_group_decorator.py
[2022-05-09 23:52:53,040] {processor.py:652} INFO - DAG(s) dict_keys(['example_task_group_decorator']) retrieved from /home/airflow/.local/lib/python3.7/site-packages/airflow/example_dags/example_task_group_decorator.py
[2022-05-09 23:52:53,405] {logging_mixin.py:109} INFO - [2022-05-09 23:52:53,405] {dag.py:2398} INFO - Sync 1 DAGs
[2022-05-09 23:52:53,422] {logging_mixin.py:109} INFO - [2022-05-09 23:52:53,422] {dag.py:2937} INFO - Setting next_dagrun for example_task_group_decorator to 2022-05-08T23:52:53.421846+00:00
[2022-05-09 23:52:53,439] {processor.py:171} INFO - Processing /home/airflow/.local/lib/python3.7/site-packages/airflow/example_dags/example_task_group_decorator.py took 0.444 seconds
[2022-05-09 23:53:23,911] {processor.py:163} INFO - Started process (PID=1445) to work on /home/airflow/.local/lib/python3.7/site-packages/airflow/example_dags/example_task_group_decorator.py
[2022-05-09 23:53:23,913] {processor.py:642} INFO - Processing file /home/airflow/.local/lib/python3.7/site-packages/airflow/example_dags/example_task_group_decorator.py for tasks to queue
[2022-05-09 23:53:23,915] {logging_mixin.py:109} INFO - [2022-05-09 23:53:23,914] {dagbag.py:500} INFO - Filling up the DagBag from /home/airflow/.local/lib/python3.7/site-packages/airflow/example_dags/example_task_group_decorator.py
[2022-05-09 23:53:23,947] {processor.py:652} INFO - DAG(s) dict_keys(['example_task_group_decorator']) retrieved from /home/airflow/.local/lib/python3.7/site-packages/airflow/example_dags/example_task_group_decorator.py
[2022-05-09 23:53:24,236] {logging_mixin.py:109} INFO - [2022-05-09 23:53:24,235] {dag.py:2398} INFO - Sync 1 DAGs
[2022-05-09 23:53:24,251] {logging_mixin.py:109} INFO - [2022-05-09 23:53:24,251] {dag.py:2937} INFO - Setting next_dagrun for example_task_group_decorator to 2022-05-08T23:53:24.250869+00:00
[2022-05-09 23:53:24,264] {processor.py:171} INFO - Processing /home/airflow/.local/lib/python3.7/site-packages/airflow/example_dags/example_task_group_decorator.py took 0.358 seconds
[2022-05-09 23:53:54,420] {processor.py:163} INFO - Started process (PID=1505) to work on /home/airflow/.local/lib/python3.7/site-packages/airflow/example_dags/example_task_group_decorator.py
[2022-05-09 23:53:54,422] {processor.py:642} INFO - Processing file /home/airflow/.local/lib/python3.7/site-packages/airflow/example_dags/example_task_group_decorator.py for tasks to queue
[2022-05-09 23:53:54,424] {logging_mixin.py:109} INFO - [2022-05-09 23:53:54,424] {dagbag.py:500} INFO - Filling up the DagBag from /home/airflow/.local/lib/python3.7/site-packages/airflow/example_dags/example_task_group_decorator.py
[2022-05-09 23:53:54,454] {processor.py:652} INFO - DAG(s) dict_keys(['example_task_group_decorator']) retrieved from /home/airflow/.local/lib/python3.7/site-packages/airflow/example_dags/example_task_group_decorator.py
[2022-05-09 23:53:54,746] {logging_mixin.py:109} INFO - [2022-05-09 23:53:54,746] {dag.py:2398} INFO - Sync 1 DAGs
[2022-05-09 23:53:54,767] {logging_mixin.py:109} INFO - [2022-05-09 23:53:54,767] {dag.py:2937} INFO - Setting next_dagrun for example_task_group_decorator to 2022-05-08T23:53:54.766770+00:00
[2022-05-09 23:53:54,780] {processor.py:171} INFO - Processing /home/airflow/.local/lib/python3.7/site-packages/airflow/example_dags/example_task_group_decorator.py took 0.364 seconds
[2022-05-09 23:54:24,981] {processor.py:163} INFO - Started process (PID=1556) to work on /home/airflow/.local/lib/python3.7/site-packages/airflow/example_dags/example_task_group_decorator.py
[2022-05-09 23:54:24,983] {processor.py:642} INFO - Processing file /home/airflow/.local/lib/python3.7/site-packages/airflow/example_dags/example_task_group_decorator.py for tasks to queue
[2022-05-09 23:54:24,984] {logging_mixin.py:109} INFO - [2022-05-09 23:54:24,984] {dagbag.py:500} INFO - Filling up the DagBag from /home/airflow/.local/lib/python3.7/site-packages/airflow/example_dags/example_task_group_decorator.py
[2022-05-09 23:54:25,018] {processor.py:652} INFO - DAG(s) dict_keys(['example_task_group_decorator']) retrieved from /home/airflow/.local/lib/python3.7/site-packages/airflow/example_dags/example_task_group_decorator.py
[2022-05-09 23:54:25,323] {logging_mixin.py:109} INFO - [2022-05-09 23:54:25,323] {dag.py:2398} INFO - Sync 1 DAGs
[2022-05-09 23:54:25,340] {logging_mixin.py:109} INFO - [2022-05-09 23:54:25,339] {dag.py:2937} INFO - Setting next_dagrun for example_task_group_decorator to 2022-05-08T23:54:25.339694+00:00
[2022-05-09 23:54:25,353] {processor.py:171} INFO - Processing /home/airflow/.local/lib/python3.7/site-packages/airflow/example_dags/example_task_group_decorator.py took 0.377 seconds
[2022-05-09 23:54:55,561] {processor.py:163} INFO - Started process (PID=1617) to work on /home/airflow/.local/lib/python3.7/site-packages/airflow/example_dags/example_task_group_decorator.py
[2022-05-09 23:54:55,562] {processor.py:642} INFO - Processing file /home/airflow/.local/lib/python3.7/site-packages/airflow/example_dags/example_task_group_decorator.py for tasks to queue
[2022-05-09 23:54:55,564] {logging_mixin.py:109} INFO - [2022-05-09 23:54:55,564] {dagbag.py:500} INFO - Filling up the DagBag from /home/airflow/.local/lib/python3.7/site-packages/airflow/example_dags/example_task_group_decorator.py
[2022-05-09 23:54:55,593] {processor.py:652} INFO - DAG(s) dict_keys(['example_task_group_decorator']) retrieved from /home/airflow/.local/lib/python3.7/site-packages/airflow/example_dags/example_task_group_decorator.py
[2022-05-09 23:54:55,886] {logging_mixin.py:109} INFO - [2022-05-09 23:54:55,886] {dag.py:2398} INFO - Sync 1 DAGs
[2022-05-09 23:54:55,901] {logging_mixin.py:109} INFO - [2022-05-09 23:54:55,901] {dag.py:2937} INFO - Setting next_dagrun for example_task_group_decorator to 2022-05-08T23:54:55.900983+00:00
[2022-05-09 23:54:55,915] {processor.py:171} INFO - Processing /home/airflow/.local/lib/python3.7/site-packages/airflow/example_dags/example_task_group_decorator.py took 0.357 seconds
[2022-05-09 23:55:25,981] {processor.py:163} INFO - Started process (PID=1668) to work on /home/airflow/.local/lib/python3.7/site-packages/airflow/example_dags/example_task_group_decorator.py
[2022-05-09 23:55:25,983] {processor.py:642} INFO - Processing file /home/airflow/.local/lib/python3.7/site-packages/airflow/example_dags/example_task_group_decorator.py for tasks to queue
[2022-05-09 23:55:25,984] {logging_mixin.py:109} INFO - [2022-05-09 23:55:25,984] {dagbag.py:500} INFO - Filling up the DagBag from /home/airflow/.local/lib/python3.7/site-packages/airflow/example_dags/example_task_group_decorator.py
[2022-05-09 23:55:26,014] {processor.py:652} INFO - DAG(s) dict_keys(['example_task_group_decorator']) retrieved from /home/airflow/.local/lib/python3.7/site-packages/airflow/example_dags/example_task_group_decorator.py
[2022-05-09 23:55:26,338] {logging_mixin.py:109} INFO - [2022-05-09 23:55:26,338] {dag.py:2398} INFO - Sync 1 DAGs
[2022-05-09 23:55:26,355] {logging_mixin.py:109} INFO - [2022-05-09 23:55:26,355] {dag.py:2937} INFO - Setting next_dagrun for example_task_group_decorator to 2022-05-08T23:55:26.354842+00:00
[2022-05-09 23:55:26,367] {processor.py:171} INFO - Processing /home/airflow/.local/lib/python3.7/site-packages/airflow/example_dags/example_task_group_decorator.py took 0.389 seconds
[2022-05-09 23:55:56,701] {processor.py:163} INFO - Started process (PID=1729) to work on /home/airflow/.local/lib/python3.7/site-packages/airflow/example_dags/example_task_group_decorator.py
[2022-05-09 23:55:56,703] {processor.py:642} INFO - Processing file /home/airflow/.local/lib/python3.7/site-packages/airflow/example_dags/example_task_group_decorator.py for tasks to queue
[2022-05-09 23:55:56,705] {logging_mixin.py:109} INFO - [2022-05-09 23:55:56,704] {dagbag.py:500} INFO - Filling up the DagBag from /home/airflow/.local/lib/python3.7/site-packages/airflow/example_dags/example_task_group_decorator.py
[2022-05-09 23:55:56,737] {processor.py:652} INFO - DAG(s) dict_keys(['example_task_group_decorator']) retrieved from /home/airflow/.local/lib/python3.7/site-packages/airflow/example_dags/example_task_group_decorator.py
[2022-05-09 23:55:57,046] {logging_mixin.py:109} INFO - [2022-05-09 23:55:57,046] {dag.py:2398} INFO - Sync 1 DAGs
[2022-05-09 23:55:57,060] {logging_mixin.py:109} INFO - [2022-05-09 23:55:57,060] {dag.py:2937} INFO - Setting next_dagrun for example_task_group_decorator to 2022-05-08T23:55:57.060304+00:00
[2022-05-09 23:55:57,072] {processor.py:171} INFO - Processing /home/airflow/.local/lib/python3.7/site-packages/airflow/example_dags/example_task_group_decorator.py took 0.375 seconds
[2022-05-09 23:56:27,525] {processor.py:163} INFO - Started process (PID=1790) to work on /home/airflow/.local/lib/python3.7/site-packages/airflow/example_dags/example_task_group_decorator.py
[2022-05-09 23:56:27,528] {processor.py:642} INFO - Processing file /home/airflow/.local/lib/python3.7/site-packages/airflow/example_dags/example_task_group_decorator.py for tasks to queue
[2022-05-09 23:56:27,529] {logging_mixin.py:109} INFO - [2022-05-09 23:56:27,529] {dagbag.py:500} INFO - Filling up the DagBag from /home/airflow/.local/lib/python3.7/site-packages/airflow/example_dags/example_task_group_decorator.py
[2022-05-09 23:56:27,557] {processor.py:652} INFO - DAG(s) dict_keys(['example_task_group_decorator']) retrieved from /home/airflow/.local/lib/python3.7/site-packages/airflow/example_dags/example_task_group_decorator.py
[2022-05-09 23:56:27,868] {logging_mixin.py:109} INFO - [2022-05-09 23:56:27,868] {dag.py:2398} INFO - Sync 1 DAGs
[2022-05-09 23:56:27,886] {logging_mixin.py:109} INFO - [2022-05-09 23:56:27,886] {dag.py:2937} INFO - Setting next_dagrun for example_task_group_decorator to 2022-05-08T23:56:27.885917+00:00
[2022-05-09 23:56:27,898] {processor.py:171} INFO - Processing /home/airflow/.local/lib/python3.7/site-packages/airflow/example_dags/example_task_group_decorator.py took 0.377 seconds
[2022-05-09 23:56:58,281] {processor.py:163} INFO - Started process (PID=1842) to work on /home/airflow/.local/lib/python3.7/site-packages/airflow/example_dags/example_task_group_decorator.py
[2022-05-09 23:56:58,283] {processor.py:642} INFO - Processing file /home/airflow/.local/lib/python3.7/site-packages/airflow/example_dags/example_task_group_decorator.py for tasks to queue
[2022-05-09 23:56:58,284] {logging_mixin.py:109} INFO - [2022-05-09 23:56:58,284] {dagbag.py:500} INFO - Filling up the DagBag from /home/airflow/.local/lib/python3.7/site-packages/airflow/example_dags/example_task_group_decorator.py
[2022-05-09 23:56:58,316] {processor.py:652} INFO - DAG(s) dict_keys(['example_task_group_decorator']) retrieved from /home/airflow/.local/lib/python3.7/site-packages/airflow/example_dags/example_task_group_decorator.py
[2022-05-09 23:56:58,604] {logging_mixin.py:109} INFO - [2022-05-09 23:56:58,604] {dag.py:2398} INFO - Sync 1 DAGs
[2022-05-09 23:56:58,618] {logging_mixin.py:109} INFO - [2022-05-09 23:56:58,618] {dag.py:2937} INFO - Setting next_dagrun for example_task_group_decorator to 2022-05-08T23:56:58.618117+00:00
[2022-05-09 23:56:58,628] {processor.py:171} INFO - Processing /home/airflow/.local/lib/python3.7/site-packages/airflow/example_dags/example_task_group_decorator.py took 0.351 seconds
[2022-05-09 23:57:28,923] {processor.py:163} INFO - Started process (PID=1905) to work on /home/airflow/.local/lib/python3.7/site-packages/airflow/example_dags/example_task_group_decorator.py
[2022-05-09 23:57:28,925] {processor.py:642} INFO - Processing file /home/airflow/.local/lib/python3.7/site-packages/airflow/example_dags/example_task_group_decorator.py for tasks to queue
[2022-05-09 23:57:28,927] {logging_mixin.py:109} INFO - [2022-05-09 23:57:28,927] {dagbag.py:500} INFO - Filling up the DagBag from /home/airflow/.local/lib/python3.7/site-packages/airflow/example_dags/example_task_group_decorator.py
[2022-05-09 23:57:28,956] {processor.py:652} INFO - DAG(s) dict_keys(['example_task_group_decorator']) retrieved from /home/airflow/.local/lib/python3.7/site-packages/airflow/example_dags/example_task_group_decorator.py
[2022-05-09 23:57:29,257] {logging_mixin.py:109} INFO - [2022-05-09 23:57:29,257] {dag.py:2398} INFO - Sync 1 DAGs
[2022-05-09 23:57:29,273] {logging_mixin.py:109} INFO - [2022-05-09 23:57:29,273] {dag.py:2937} INFO - Setting next_dagrun for example_task_group_decorator to 2022-05-08T23:57:29.272818+00:00
[2022-05-09 23:57:29,287] {processor.py:171} INFO - Processing /home/airflow/.local/lib/python3.7/site-packages/airflow/example_dags/example_task_group_decorator.py took 0.367 seconds
[2022-05-09 23:57:59,490] {processor.py:163} INFO - Started process (PID=1956) to work on /home/airflow/.local/lib/python3.7/site-packages/airflow/example_dags/example_task_group_decorator.py
[2022-05-09 23:57:59,492] {processor.py:642} INFO - Processing file /home/airflow/.local/lib/python3.7/site-packages/airflow/example_dags/example_task_group_decorator.py for tasks to queue
[2022-05-09 23:57:59,494] {logging_mixin.py:109} INFO - [2022-05-09 23:57:59,494] {dagbag.py:500} INFO - Filling up the DagBag from /home/airflow/.local/lib/python3.7/site-packages/airflow/example_dags/example_task_group_decorator.py
[2022-05-09 23:57:59,525] {processor.py:652} INFO - DAG(s) dict_keys(['example_task_group_decorator']) retrieved from /home/airflow/.local/lib/python3.7/site-packages/airflow/example_dags/example_task_group_decorator.py
[2022-05-09 23:57:59,817] {logging_mixin.py:109} INFO - [2022-05-09 23:57:59,817] {dag.py:2398} INFO - Sync 1 DAGs
[2022-05-09 23:57:59,831] {logging_mixin.py:109} INFO - [2022-05-09 23:57:59,831] {dag.py:2937} INFO - Setting next_dagrun for example_task_group_decorator to 2022-05-08T23:57:59.831155+00:00
[2022-05-09 23:57:59,842] {processor.py:171} INFO - Processing /home/airflow/.local/lib/python3.7/site-packages/airflow/example_dags/example_task_group_decorator.py took 0.357 seconds
[2022-05-09 23:58:30,262] {processor.py:163} INFO - Started process (PID=2018) to work on /home/airflow/.local/lib/python3.7/site-packages/airflow/example_dags/example_task_group_decorator.py
[2022-05-09 23:58:30,264] {processor.py:642} INFO - Processing file /home/airflow/.local/lib/python3.7/site-packages/airflow/example_dags/example_task_group_decorator.py for tasks to queue
[2022-05-09 23:58:30,265] {logging_mixin.py:109} INFO - [2022-05-09 23:58:30,265] {dagbag.py:500} INFO - Filling up the DagBag from /home/airflow/.local/lib/python3.7/site-packages/airflow/example_dags/example_task_group_decorator.py
[2022-05-09 23:58:30,298] {processor.py:652} INFO - DAG(s) dict_keys(['example_task_group_decorator']) retrieved from /home/airflow/.local/lib/python3.7/site-packages/airflow/example_dags/example_task_group_decorator.py
[2022-05-09 23:58:30,616] {logging_mixin.py:109} INFO - [2022-05-09 23:58:30,616] {dag.py:2398} INFO - Sync 1 DAGs
[2022-05-09 23:58:30,637] {logging_mixin.py:109} INFO - [2022-05-09 23:58:30,637] {dag.py:2937} INFO - Setting next_dagrun for example_task_group_decorator to 2022-05-08T23:58:30.637434+00:00
[2022-05-09 23:58:30,652] {processor.py:171} INFO - Processing /home/airflow/.local/lib/python3.7/site-packages/airflow/example_dags/example_task_group_decorator.py took 0.395 seconds
[2022-05-09 23:59:00,929] {processor.py:163} INFO - Started process (PID=2077) to work on /home/airflow/.local/lib/python3.7/site-packages/airflow/example_dags/example_task_group_decorator.py
[2022-05-09 23:59:00,931] {processor.py:642} INFO - Processing file /home/airflow/.local/lib/python3.7/site-packages/airflow/example_dags/example_task_group_decorator.py for tasks to queue
[2022-05-09 23:59:00,932] {logging_mixin.py:109} INFO - [2022-05-09 23:59:00,932] {dagbag.py:500} INFO - Filling up the DagBag from /home/airflow/.local/lib/python3.7/site-packages/airflow/example_dags/example_task_group_decorator.py
[2022-05-09 23:59:00,963] {processor.py:652} INFO - DAG(s) dict_keys(['example_task_group_decorator']) retrieved from /home/airflow/.local/lib/python3.7/site-packages/airflow/example_dags/example_task_group_decorator.py
[2022-05-09 23:59:01,256] {logging_mixin.py:109} INFO - [2022-05-09 23:59:01,256] {dag.py:2398} INFO - Sync 1 DAGs
[2022-05-09 23:59:01,271] {logging_mixin.py:109} INFO - [2022-05-09 23:59:01,271] {dag.py:2937} INFO - Setting next_dagrun for example_task_group_decorator to 2022-05-08T23:59:01.270829+00:00
[2022-05-09 23:59:01,289] {processor.py:171} INFO - Processing /home/airflow/.local/lib/python3.7/site-packages/airflow/example_dags/example_task_group_decorator.py took 0.363 seconds
[2022-05-09 23:59:31,593] {processor.py:163} INFO - Started process (PID=2130) to work on /home/airflow/.local/lib/python3.7/site-packages/airflow/example_dags/example_task_group_decorator.py
[2022-05-09 23:59:31,595] {processor.py:642} INFO - Processing file /home/airflow/.local/lib/python3.7/site-packages/airflow/example_dags/example_task_group_decorator.py for tasks to queue
[2022-05-09 23:59:31,596] {logging_mixin.py:109} INFO - [2022-05-09 23:59:31,596] {dagbag.py:500} INFO - Filling up the DagBag from /home/airflow/.local/lib/python3.7/site-packages/airflow/example_dags/example_task_group_decorator.py
[2022-05-09 23:59:31,626] {processor.py:652} INFO - DAG(s) dict_keys(['example_task_group_decorator']) retrieved from /home/airflow/.local/lib/python3.7/site-packages/airflow/example_dags/example_task_group_decorator.py
[2022-05-09 23:59:31,929] {logging_mixin.py:109} INFO - [2022-05-09 23:59:31,929] {dag.py:2398} INFO - Sync 1 DAGs
[2022-05-09 23:59:31,943] {logging_mixin.py:109} INFO - [2022-05-09 23:59:31,943] {dag.py:2937} INFO - Setting next_dagrun for example_task_group_decorator to 2022-05-08T23:59:31.943219+00:00
[2022-05-09 23:59:31,957] {processor.py:171} INFO - Processing /home/airflow/.local/lib/python3.7/site-packages/airflow/example_dags/example_task_group_decorator.py took 0.371 seconds
