[2022-05-09 23:41:06,148] {processor.py:163} INFO - Started process (PID=80) to work on /home/airflow/.local/lib/python3.7/site-packages/airflow/example_dags/example_subdag_operator.py
[2022-05-09 23:41:06,153] {processor.py:642} INFO - Processing file /home/airflow/.local/lib/python3.7/site-packages/airflow/example_dags/example_subdag_operator.py for tasks to queue
[2022-05-09 23:41:06,156] {logging_mixin.py:109} INFO - [2022-05-09 23:41:06,155] {dagbag.py:500} INFO - Filling up the DagBag from /home/airflow/.local/lib/python3.7/site-packages/airflow/example_dags/example_subdag_operator.py
[2022-05-09 23:41:06,225] {processor.py:652} INFO - DAG(s) dict_keys(['example_subdag_operator.section-1', 'example_subdag_operator.section-2', 'example_subdag_operator']) retrieved from /home/airflow/.local/lib/python3.7/site-packages/airflow/example_dags/example_subdag_operator.py
[2022-05-09 23:41:06,731] {logging_mixin.py:109} INFO - [2022-05-09 23:41:06,731] {dag.py:2398} INFO - Sync 3 DAGs
[2022-05-09 23:41:06,763] {logging_mixin.py:109} INFO - [2022-05-09 23:41:06,763] {dag.py:2937} INFO - Setting next_dagrun for example_subdag_operator to 2022-05-07T00:00:00+00:00
[2022-05-09 23:41:06,765] {logging_mixin.py:109} INFO - [2022-05-09 23:41:06,765] {dag.py:2937} INFO - Setting next_dagrun for example_subdag_operator.section-1 to None
[2022-05-09 23:41:06,766] {logging_mixin.py:109} INFO - [2022-05-09 23:41:06,766] {dag.py:2937} INFO - Setting next_dagrun for example_subdag_operator.section-2 to None
[2022-05-09 23:41:06,778] {logging_mixin.py:109} INFO - [2022-05-09 23:41:06,777] {dag.py:2398} INFO - Sync 2 DAGs
[2022-05-09 23:41:06,792] {logging_mixin.py:109} INFO - [2022-05-09 23:41:06,792] {dag.py:2937} INFO - Setting next_dagrun for example_subdag_operator.section-1 to None
[2022-05-09 23:41:06,794] {logging_mixin.py:109} INFO - [2022-05-09 23:41:06,794] {dag.py:2937} INFO - Setting next_dagrun for example_subdag_operator.section-2 to None
[2022-05-09 23:41:06,805] {processor.py:171} INFO - Processing /home/airflow/.local/lib/python3.7/site-packages/airflow/example_dags/example_subdag_operator.py took 0.664 seconds
[2022-05-09 23:41:37,408] {processor.py:163} INFO - Started process (PID=141) to work on /home/airflow/.local/lib/python3.7/site-packages/airflow/example_dags/example_subdag_operator.py
[2022-05-09 23:41:37,410] {processor.py:642} INFO - Processing file /home/airflow/.local/lib/python3.7/site-packages/airflow/example_dags/example_subdag_operator.py for tasks to queue
[2022-05-09 23:41:37,411] {logging_mixin.py:109} INFO - [2022-05-09 23:41:37,411] {dagbag.py:500} INFO - Filling up the DagBag from /home/airflow/.local/lib/python3.7/site-packages/airflow/example_dags/example_subdag_operator.py
[2022-05-09 23:41:37,474] {processor.py:652} INFO - DAG(s) dict_keys(['example_subdag_operator.section-1', 'example_subdag_operator.section-2', 'example_subdag_operator']) retrieved from /home/airflow/.local/lib/python3.7/site-packages/airflow/example_dags/example_subdag_operator.py
[2022-05-09 23:41:37,495] {logging_mixin.py:109} INFO - [2022-05-09 23:41:37,495] {dag.py:2398} INFO - Sync 3 DAGs
[2022-05-09 23:41:37,516] {logging_mixin.py:109} INFO - [2022-05-09 23:41:37,516] {dag.py:2937} INFO - Setting next_dagrun for example_subdag_operator to 2022-05-07T00:00:00+00:00
[2022-05-09 23:41:37,517] {logging_mixin.py:109} INFO - [2022-05-09 23:41:37,517] {dag.py:2937} INFO - Setting next_dagrun for example_subdag_operator.section-1 to None
[2022-05-09 23:41:37,518] {logging_mixin.py:109} INFO - [2022-05-09 23:41:37,518] {dag.py:2937} INFO - Setting next_dagrun for example_subdag_operator.section-2 to None
[2022-05-09 23:41:37,525] {logging_mixin.py:109} INFO - [2022-05-09 23:41:37,525] {dag.py:2398} INFO - Sync 2 DAGs
[2022-05-09 23:41:37,538] {logging_mixin.py:109} INFO - [2022-05-09 23:41:37,538] {dag.py:2937} INFO - Setting next_dagrun for example_subdag_operator.section-1 to None
[2022-05-09 23:41:37,539] {logging_mixin.py:109} INFO - [2022-05-09 23:41:37,539] {dag.py:2937} INFO - Setting next_dagrun for example_subdag_operator.section-2 to None
[2022-05-09 23:41:37,551] {processor.py:171} INFO - Processing /home/airflow/.local/lib/python3.7/site-packages/airflow/example_dags/example_subdag_operator.py took 0.147 seconds
[2022-05-09 23:42:08,193] {processor.py:163} INFO - Started process (PID=206) to work on /home/airflow/.local/lib/python3.7/site-packages/airflow/example_dags/example_subdag_operator.py
[2022-05-09 23:42:08,195] {processor.py:642} INFO - Processing file /home/airflow/.local/lib/python3.7/site-packages/airflow/example_dags/example_subdag_operator.py for tasks to queue
[2022-05-09 23:42:08,199] {logging_mixin.py:109} INFO - [2022-05-09 23:42:08,199] {dagbag.py:500} INFO - Filling up the DagBag from /home/airflow/.local/lib/python3.7/site-packages/airflow/example_dags/example_subdag_operator.py
[2022-05-09 23:42:08,240] {processor.py:652} INFO - DAG(s) dict_keys(['example_subdag_operator.section-1', 'example_subdag_operator.section-2', 'example_subdag_operator']) retrieved from /home/airflow/.local/lib/python3.7/site-packages/airflow/example_dags/example_subdag_operator.py
[2022-05-09 23:42:08,259] {logging_mixin.py:109} INFO - [2022-05-09 23:42:08,259] {dag.py:2398} INFO - Sync 3 DAGs
[2022-05-09 23:42:08,275] {logging_mixin.py:109} INFO - [2022-05-09 23:42:08,275] {dag.py:2937} INFO - Setting next_dagrun for example_subdag_operator to 2022-05-07T00:00:00+00:00
[2022-05-09 23:42:08,277] {logging_mixin.py:109} INFO - [2022-05-09 23:42:08,276] {dag.py:2937} INFO - Setting next_dagrun for example_subdag_operator.section-1 to None
[2022-05-09 23:42:08,277] {logging_mixin.py:109} INFO - [2022-05-09 23:42:08,277] {dag.py:2937} INFO - Setting next_dagrun for example_subdag_operator.section-2 to None
[2022-05-09 23:42:08,283] {logging_mixin.py:109} INFO - [2022-05-09 23:42:08,283] {dag.py:2398} INFO - Sync 2 DAGs
[2022-05-09 23:42:08,291] {logging_mixin.py:109} INFO - [2022-05-09 23:42:08,291] {dag.py:2937} INFO - Setting next_dagrun for example_subdag_operator.section-1 to None
[2022-05-09 23:42:08,292] {logging_mixin.py:109} INFO - [2022-05-09 23:42:08,292] {dag.py:2937} INFO - Setting next_dagrun for example_subdag_operator.section-2 to None
[2022-05-09 23:42:08,299] {processor.py:171} INFO - Processing /home/airflow/.local/lib/python3.7/site-packages/airflow/example_dags/example_subdag_operator.py took 0.109 seconds
[2022-05-09 23:42:38,715] {processor.py:163} INFO - Started process (PID=257) to work on /home/airflow/.local/lib/python3.7/site-packages/airflow/example_dags/example_subdag_operator.py
[2022-05-09 23:42:38,717] {processor.py:642} INFO - Processing file /home/airflow/.local/lib/python3.7/site-packages/airflow/example_dags/example_subdag_operator.py for tasks to queue
[2022-05-09 23:42:38,718] {logging_mixin.py:109} INFO - [2022-05-09 23:42:38,718] {dagbag.py:500} INFO - Filling up the DagBag from /home/airflow/.local/lib/python3.7/site-packages/airflow/example_dags/example_subdag_operator.py
[2022-05-09 23:42:38,761] {processor.py:652} INFO - DAG(s) dict_keys(['example_subdag_operator.section-1', 'example_subdag_operator.section-2', 'example_subdag_operator']) retrieved from /home/airflow/.local/lib/python3.7/site-packages/airflow/example_dags/example_subdag_operator.py
[2022-05-09 23:42:38,775] {logging_mixin.py:109} INFO - [2022-05-09 23:42:38,775] {dag.py:2398} INFO - Sync 3 DAGs
[2022-05-09 23:42:38,796] {logging_mixin.py:109} INFO - [2022-05-09 23:42:38,796] {dag.py:2937} INFO - Setting next_dagrun for example_subdag_operator to 2022-05-07T00:00:00+00:00
[2022-05-09 23:42:38,797] {logging_mixin.py:109} INFO - [2022-05-09 23:42:38,797] {dag.py:2937} INFO - Setting next_dagrun for example_subdag_operator.section-1 to None
[2022-05-09 23:42:38,798] {logging_mixin.py:109} INFO - [2022-05-09 23:42:38,798] {dag.py:2937} INFO - Setting next_dagrun for example_subdag_operator.section-2 to None
[2022-05-09 23:42:38,805] {logging_mixin.py:109} INFO - [2022-05-09 23:42:38,805] {dag.py:2398} INFO - Sync 2 DAGs
[2022-05-09 23:42:38,815] {logging_mixin.py:109} INFO - [2022-05-09 23:42:38,815] {dag.py:2937} INFO - Setting next_dagrun for example_subdag_operator.section-1 to None
[2022-05-09 23:42:38,817] {logging_mixin.py:109} INFO - [2022-05-09 23:42:38,817] {dag.py:2937} INFO - Setting next_dagrun for example_subdag_operator.section-2 to None
[2022-05-09 23:42:38,828] {processor.py:171} INFO - Processing /home/airflow/.local/lib/python3.7/site-packages/airflow/example_dags/example_subdag_operator.py took 0.118 seconds
[2022-05-09 23:43:10,135] {processor.py:163} INFO - Started process (PID=318) to work on /home/airflow/.local/lib/python3.7/site-packages/airflow/example_dags/example_subdag_operator.py
[2022-05-09 23:43:10,138] {processor.py:642} INFO - Processing file /home/airflow/.local/lib/python3.7/site-packages/airflow/example_dags/example_subdag_operator.py for tasks to queue
[2022-05-09 23:43:10,140] {logging_mixin.py:109} INFO - [2022-05-09 23:43:10,140] {dagbag.py:500} INFO - Filling up the DagBag from /home/airflow/.local/lib/python3.7/site-packages/airflow/example_dags/example_subdag_operator.py
[2022-05-09 23:43:10,186] {processor.py:652} INFO - DAG(s) dict_keys(['example_subdag_operator.section-1', 'example_subdag_operator.section-2', 'example_subdag_operator']) retrieved from /home/airflow/.local/lib/python3.7/site-packages/airflow/example_dags/example_subdag_operator.py
[2022-05-09 23:43:10,203] {logging_mixin.py:109} INFO - [2022-05-09 23:43:10,202] {dag.py:2398} INFO - Sync 3 DAGs
[2022-05-09 23:43:10,223] {logging_mixin.py:109} INFO - [2022-05-09 23:43:10,223] {dag.py:2937} INFO - Setting next_dagrun for example_subdag_operator to 2022-05-07T00:00:00+00:00
[2022-05-09 23:43:10,224] {logging_mixin.py:109} INFO - [2022-05-09 23:43:10,224] {dag.py:2937} INFO - Setting next_dagrun for example_subdag_operator.section-1 to None
[2022-05-09 23:43:10,225] {logging_mixin.py:109} INFO - [2022-05-09 23:43:10,225] {dag.py:2937} INFO - Setting next_dagrun for example_subdag_operator.section-2 to None
[2022-05-09 23:43:10,232] {logging_mixin.py:109} INFO - [2022-05-09 23:43:10,232] {dag.py:2398} INFO - Sync 2 DAGs
[2022-05-09 23:43:10,243] {logging_mixin.py:109} INFO - [2022-05-09 23:43:10,243] {dag.py:2937} INFO - Setting next_dagrun for example_subdag_operator.section-1 to None
[2022-05-09 23:43:10,245] {logging_mixin.py:109} INFO - [2022-05-09 23:43:10,244] {dag.py:2937} INFO - Setting next_dagrun for example_subdag_operator.section-2 to None
[2022-05-09 23:43:10,254] {processor.py:171} INFO - Processing /home/airflow/.local/lib/python3.7/site-packages/airflow/example_dags/example_subdag_operator.py took 0.126 seconds
[2022-05-09 23:43:41,027] {processor.py:163} INFO - Started process (PID=379) to work on /home/airflow/.local/lib/python3.7/site-packages/airflow/example_dags/example_subdag_operator.py
[2022-05-09 23:43:41,030] {processor.py:642} INFO - Processing file /home/airflow/.local/lib/python3.7/site-packages/airflow/example_dags/example_subdag_operator.py for tasks to queue
[2022-05-09 23:43:41,032] {logging_mixin.py:109} INFO - [2022-05-09 23:43:41,032] {dagbag.py:500} INFO - Filling up the DagBag from /home/airflow/.local/lib/python3.7/site-packages/airflow/example_dags/example_subdag_operator.py
[2022-05-09 23:43:41,078] {processor.py:652} INFO - DAG(s) dict_keys(['example_subdag_operator.section-1', 'example_subdag_operator.section-2', 'example_subdag_operator']) retrieved from /home/airflow/.local/lib/python3.7/site-packages/airflow/example_dags/example_subdag_operator.py
[2022-05-09 23:43:41,095] {logging_mixin.py:109} INFO - [2022-05-09 23:43:41,094] {dag.py:2398} INFO - Sync 3 DAGs
[2022-05-09 23:43:41,114] {logging_mixin.py:109} INFO - [2022-05-09 23:43:41,114] {dag.py:2937} INFO - Setting next_dagrun for example_subdag_operator to 2022-05-07T00:00:00+00:00
[2022-05-09 23:43:41,115] {logging_mixin.py:109} INFO - [2022-05-09 23:43:41,115] {dag.py:2937} INFO - Setting next_dagrun for example_subdag_operator.section-1 to None
[2022-05-09 23:43:41,116] {logging_mixin.py:109} INFO - [2022-05-09 23:43:41,116] {dag.py:2937} INFO - Setting next_dagrun for example_subdag_operator.section-2 to None
[2022-05-09 23:43:41,123] {logging_mixin.py:109} INFO - [2022-05-09 23:43:41,123] {dag.py:2398} INFO - Sync 2 DAGs
[2022-05-09 23:43:41,133] {logging_mixin.py:109} INFO - [2022-05-09 23:43:41,133] {dag.py:2937} INFO - Setting next_dagrun for example_subdag_operator.section-1 to None
[2022-05-09 23:43:41,134] {logging_mixin.py:109} INFO - [2022-05-09 23:43:41,134] {dag.py:2937} INFO - Setting next_dagrun for example_subdag_operator.section-2 to None
[2022-05-09 23:43:41,143] {processor.py:171} INFO - Processing /home/airflow/.local/lib/python3.7/site-packages/airflow/example_dags/example_subdag_operator.py took 0.120 seconds
[2022-05-09 23:44:11,841] {processor.py:163} INFO - Started process (PID=433) to work on /home/airflow/.local/lib/python3.7/site-packages/airflow/example_dags/example_subdag_operator.py
[2022-05-09 23:44:11,843] {processor.py:642} INFO - Processing file /home/airflow/.local/lib/python3.7/site-packages/airflow/example_dags/example_subdag_operator.py for tasks to queue
[2022-05-09 23:44:11,845] {logging_mixin.py:109} INFO - [2022-05-09 23:44:11,845] {dagbag.py:500} INFO - Filling up the DagBag from /home/airflow/.local/lib/python3.7/site-packages/airflow/example_dags/example_subdag_operator.py
[2022-05-09 23:44:11,888] {processor.py:652} INFO - DAG(s) dict_keys(['example_subdag_operator.section-1', 'example_subdag_operator.section-2', 'example_subdag_operator']) retrieved from /home/airflow/.local/lib/python3.7/site-packages/airflow/example_dags/example_subdag_operator.py
[2022-05-09 23:44:11,903] {logging_mixin.py:109} INFO - [2022-05-09 23:44:11,903] {dag.py:2398} INFO - Sync 3 DAGs
[2022-05-09 23:44:11,925] {logging_mixin.py:109} INFO - [2022-05-09 23:44:11,925] {dag.py:2937} INFO - Setting next_dagrun for example_subdag_operator to 2022-05-07T00:00:00+00:00
[2022-05-09 23:44:11,926] {logging_mixin.py:109} INFO - [2022-05-09 23:44:11,926] {dag.py:2937} INFO - Setting next_dagrun for example_subdag_operator.section-1 to None
[2022-05-09 23:44:11,927] {logging_mixin.py:109} INFO - [2022-05-09 23:44:11,927] {dag.py:2937} INFO - Setting next_dagrun for example_subdag_operator.section-2 to None
[2022-05-09 23:44:11,936] {logging_mixin.py:109} INFO - [2022-05-09 23:44:11,936] {dag.py:2398} INFO - Sync 2 DAGs
[2022-05-09 23:44:11,947] {logging_mixin.py:109} INFO - [2022-05-09 23:44:11,946] {dag.py:2937} INFO - Setting next_dagrun for example_subdag_operator.section-1 to None
[2022-05-09 23:44:11,948] {logging_mixin.py:109} INFO - [2022-05-09 23:44:11,948] {dag.py:2937} INFO - Setting next_dagrun for example_subdag_operator.section-2 to None
[2022-05-09 23:44:11,957] {processor.py:171} INFO - Processing /home/airflow/.local/lib/python3.7/site-packages/airflow/example_dags/example_subdag_operator.py took 0.121 seconds
[2022-05-09 23:44:42,880] {processor.py:163} INFO - Started process (PID=500) to work on /home/airflow/.local/lib/python3.7/site-packages/airflow/example_dags/example_subdag_operator.py
[2022-05-09 23:44:42,883] {processor.py:642} INFO - Processing file /home/airflow/.local/lib/python3.7/site-packages/airflow/example_dags/example_subdag_operator.py for tasks to queue
[2022-05-09 23:44:42,885] {logging_mixin.py:109} INFO - [2022-05-09 23:44:42,884] {dagbag.py:500} INFO - Filling up the DagBag from /home/airflow/.local/lib/python3.7/site-packages/airflow/example_dags/example_subdag_operator.py
[2022-05-09 23:44:42,931] {processor.py:652} INFO - DAG(s) dict_keys(['example_subdag_operator.section-1', 'example_subdag_operator.section-2', 'example_subdag_operator']) retrieved from /home/airflow/.local/lib/python3.7/site-packages/airflow/example_dags/example_subdag_operator.py
[2022-05-09 23:44:42,946] {logging_mixin.py:109} INFO - [2022-05-09 23:44:42,946] {dag.py:2398} INFO - Sync 3 DAGs
[2022-05-09 23:44:42,969] {logging_mixin.py:109} INFO - [2022-05-09 23:44:42,968] {dag.py:2937} INFO - Setting next_dagrun for example_subdag_operator to 2022-05-07T00:00:00+00:00
[2022-05-09 23:44:42,969] {logging_mixin.py:109} INFO - [2022-05-09 23:44:42,969] {dag.py:2937} INFO - Setting next_dagrun for example_subdag_operator.section-1 to None
[2022-05-09 23:44:42,970] {logging_mixin.py:109} INFO - [2022-05-09 23:44:42,970] {dag.py:2937} INFO - Setting next_dagrun for example_subdag_operator.section-2 to None
[2022-05-09 23:44:42,979] {logging_mixin.py:109} INFO - [2022-05-09 23:44:42,979] {dag.py:2398} INFO - Sync 2 DAGs
[2022-05-09 23:44:42,990] {logging_mixin.py:109} INFO - [2022-05-09 23:44:42,990] {dag.py:2937} INFO - Setting next_dagrun for example_subdag_operator.section-1 to None
[2022-05-09 23:44:42,991] {logging_mixin.py:109} INFO - [2022-05-09 23:44:42,991] {dag.py:2937} INFO - Setting next_dagrun for example_subdag_operator.section-2 to None
[2022-05-09 23:44:43,003] {processor.py:171} INFO - Processing /home/airflow/.local/lib/python3.7/site-packages/airflow/example_dags/example_subdag_operator.py took 0.128 seconds
[2022-05-09 23:45:13,905] {processor.py:163} INFO - Started process (PID=552) to work on /home/airflow/.local/lib/python3.7/site-packages/airflow/example_dags/example_subdag_operator.py
[2022-05-09 23:45:13,906] {processor.py:642} INFO - Processing file /home/airflow/.local/lib/python3.7/site-packages/airflow/example_dags/example_subdag_operator.py for tasks to queue
[2022-05-09 23:45:13,908] {logging_mixin.py:109} INFO - [2022-05-09 23:45:13,907] {dagbag.py:500} INFO - Filling up the DagBag from /home/airflow/.local/lib/python3.7/site-packages/airflow/example_dags/example_subdag_operator.py
[2022-05-09 23:45:13,946] {processor.py:652} INFO - DAG(s) dict_keys(['example_subdag_operator.section-1', 'example_subdag_operator.section-2', 'example_subdag_operator']) retrieved from /home/airflow/.local/lib/python3.7/site-packages/airflow/example_dags/example_subdag_operator.py
[2022-05-09 23:45:13,959] {logging_mixin.py:109} INFO - [2022-05-09 23:45:13,959] {dag.py:2398} INFO - Sync 3 DAGs
[2022-05-09 23:45:13,977] {logging_mixin.py:109} INFO - [2022-05-09 23:45:13,977] {dag.py:2937} INFO - Setting next_dagrun for example_subdag_operator to 2022-05-07T00:00:00+00:00
[2022-05-09 23:45:13,979] {logging_mixin.py:109} INFO - [2022-05-09 23:45:13,979] {dag.py:2937} INFO - Setting next_dagrun for example_subdag_operator.section-1 to None
[2022-05-09 23:45:13,980] {logging_mixin.py:109} INFO - [2022-05-09 23:45:13,980] {dag.py:2937} INFO - Setting next_dagrun for example_subdag_operator.section-2 to None
[2022-05-09 23:45:13,986] {logging_mixin.py:109} INFO - [2022-05-09 23:45:13,986] {dag.py:2398} INFO - Sync 2 DAGs
[2022-05-09 23:45:13,994] {logging_mixin.py:109} INFO - [2022-05-09 23:45:13,994] {dag.py:2937} INFO - Setting next_dagrun for example_subdag_operator.section-1 to None
[2022-05-09 23:45:13,995] {logging_mixin.py:109} INFO - [2022-05-09 23:45:13,995] {dag.py:2937} INFO - Setting next_dagrun for example_subdag_operator.section-2 to None
[2022-05-09 23:45:14,002] {processor.py:171} INFO - Processing /home/airflow/.local/lib/python3.7/site-packages/airflow/example_dags/example_subdag_operator.py took 0.102 seconds
[2022-05-09 23:45:45,023] {processor.py:163} INFO - Started process (PID=616) to work on /home/airflow/.local/lib/python3.7/site-packages/airflow/example_dags/example_subdag_operator.py
[2022-05-09 23:45:45,026] {processor.py:642} INFO - Processing file /home/airflow/.local/lib/python3.7/site-packages/airflow/example_dags/example_subdag_operator.py for tasks to queue
[2022-05-09 23:45:45,028] {logging_mixin.py:109} INFO - [2022-05-09 23:45:45,027] {dagbag.py:500} INFO - Filling up the DagBag from /home/airflow/.local/lib/python3.7/site-packages/airflow/example_dags/example_subdag_operator.py
[2022-05-09 23:45:45,076] {processor.py:652} INFO - DAG(s) dict_keys(['example_subdag_operator.section-1', 'example_subdag_operator.section-2', 'example_subdag_operator']) retrieved from /home/airflow/.local/lib/python3.7/site-packages/airflow/example_dags/example_subdag_operator.py
[2022-05-09 23:45:45,091] {logging_mixin.py:109} INFO - [2022-05-09 23:45:45,091] {dag.py:2398} INFO - Sync 3 DAGs
[2022-05-09 23:45:45,113] {logging_mixin.py:109} INFO - [2022-05-09 23:45:45,113] {dag.py:2937} INFO - Setting next_dagrun for example_subdag_operator to 2022-05-07T00:00:00+00:00
[2022-05-09 23:45:45,115] {logging_mixin.py:109} INFO - [2022-05-09 23:45:45,115] {dag.py:2937} INFO - Setting next_dagrun for example_subdag_operator.section-1 to None
[2022-05-09 23:45:45,116] {logging_mixin.py:109} INFO - [2022-05-09 23:45:45,116] {dag.py:2937} INFO - Setting next_dagrun for example_subdag_operator.section-2 to None
[2022-05-09 23:45:45,125] {logging_mixin.py:109} INFO - [2022-05-09 23:45:45,125] {dag.py:2398} INFO - Sync 2 DAGs
[2022-05-09 23:45:45,154] {logging_mixin.py:109} INFO - [2022-05-09 23:45:45,153] {dag.py:2937} INFO - Setting next_dagrun for example_subdag_operator.section-1 to None
[2022-05-09 23:45:45,155] {logging_mixin.py:109} INFO - [2022-05-09 23:45:45,155] {dag.py:2937} INFO - Setting next_dagrun for example_subdag_operator.section-2 to None
[2022-05-09 23:45:45,165] {processor.py:171} INFO - Processing /home/airflow/.local/lib/python3.7/site-packages/airflow/example_dags/example_subdag_operator.py took 0.147 seconds
[2022-05-09 23:46:15,829] {processor.py:163} INFO - Started process (PID=668) to work on /home/airflow/.local/lib/python3.7/site-packages/airflow/example_dags/example_subdag_operator.py
[2022-05-09 23:46:15,832] {processor.py:642} INFO - Processing file /home/airflow/.local/lib/python3.7/site-packages/airflow/example_dags/example_subdag_operator.py for tasks to queue
[2022-05-09 23:46:15,833] {logging_mixin.py:109} INFO - [2022-05-09 23:46:15,833] {dagbag.py:500} INFO - Filling up the DagBag from /home/airflow/.local/lib/python3.7/site-packages/airflow/example_dags/example_subdag_operator.py
[2022-05-09 23:46:15,875] {processor.py:652} INFO - DAG(s) dict_keys(['example_subdag_operator.section-1', 'example_subdag_operator.section-2', 'example_subdag_operator']) retrieved from /home/airflow/.local/lib/python3.7/site-packages/airflow/example_dags/example_subdag_operator.py
[2022-05-09 23:46:15,891] {logging_mixin.py:109} INFO - [2022-05-09 23:46:15,891] {dag.py:2398} INFO - Sync 3 DAGs
[2022-05-09 23:46:15,910] {logging_mixin.py:109} INFO - [2022-05-09 23:46:15,910] {dag.py:2937} INFO - Setting next_dagrun for example_subdag_operator to 2022-05-07T00:00:00+00:00
[2022-05-09 23:46:15,911] {logging_mixin.py:109} INFO - [2022-05-09 23:46:15,911] {dag.py:2937} INFO - Setting next_dagrun for example_subdag_operator.section-1 to None
[2022-05-09 23:46:15,913] {logging_mixin.py:109} INFO - [2022-05-09 23:46:15,912] {dag.py:2937} INFO - Setting next_dagrun for example_subdag_operator.section-2 to None
[2022-05-09 23:46:15,920] {logging_mixin.py:109} INFO - [2022-05-09 23:46:15,920] {dag.py:2398} INFO - Sync 2 DAGs
[2022-05-09 23:46:15,930] {logging_mixin.py:109} INFO - [2022-05-09 23:46:15,930] {dag.py:2937} INFO - Setting next_dagrun for example_subdag_operator.section-1 to None
[2022-05-09 23:46:15,931] {logging_mixin.py:109} INFO - [2022-05-09 23:46:15,931] {dag.py:2937} INFO - Setting next_dagrun for example_subdag_operator.section-2 to None
[2022-05-09 23:46:15,962] {processor.py:171} INFO - Processing /home/airflow/.local/lib/python3.7/site-packages/airflow/example_dags/example_subdag_operator.py took 0.138 seconds
[2022-05-09 23:46:46,615] {processor.py:163} INFO - Started process (PID=731) to work on /home/airflow/.local/lib/python3.7/site-packages/airflow/example_dags/example_subdag_operator.py
[2022-05-09 23:46:46,618] {processor.py:642} INFO - Processing file /home/airflow/.local/lib/python3.7/site-packages/airflow/example_dags/example_subdag_operator.py for tasks to queue
[2022-05-09 23:46:46,621] {logging_mixin.py:109} INFO - [2022-05-09 23:46:46,620] {dagbag.py:500} INFO - Filling up the DagBag from /home/airflow/.local/lib/python3.7/site-packages/airflow/example_dags/example_subdag_operator.py
[2022-05-09 23:46:46,705] {processor.py:652} INFO - DAG(s) dict_keys(['example_subdag_operator.section-1', 'example_subdag_operator.section-2', 'example_subdag_operator']) retrieved from /home/airflow/.local/lib/python3.7/site-packages/airflow/example_dags/example_subdag_operator.py
[2022-05-09 23:46:46,725] {logging_mixin.py:109} INFO - [2022-05-09 23:46:46,724] {dag.py:2398} INFO - Sync 3 DAGs
[2022-05-09 23:46:46,792] {logging_mixin.py:109} INFO - [2022-05-09 23:46:46,791] {dag.py:2937} INFO - Setting next_dagrun for example_subdag_operator to 2022-05-07T00:00:00+00:00
[2022-05-09 23:46:46,793] {logging_mixin.py:109} INFO - [2022-05-09 23:46:46,793] {dag.py:2937} INFO - Setting next_dagrun for example_subdag_operator.section-1 to None
[2022-05-09 23:46:46,795] {logging_mixin.py:109} INFO - [2022-05-09 23:46:46,795] {dag.py:2937} INFO - Setting next_dagrun for example_subdag_operator.section-2 to None
[2022-05-09 23:46:46,810] {logging_mixin.py:109} INFO - [2022-05-09 23:46:46,810] {dag.py:2398} INFO - Sync 2 DAGs
[2022-05-09 23:46:46,831] {logging_mixin.py:109} INFO - [2022-05-09 23:46:46,831] {dag.py:2937} INFO - Setting next_dagrun for example_subdag_operator.section-1 to None
[2022-05-09 23:46:46,832] {logging_mixin.py:109} INFO - [2022-05-09 23:46:46,832] {dag.py:2937} INFO - Setting next_dagrun for example_subdag_operator.section-2 to None
[2022-05-09 23:46:46,851] {processor.py:171} INFO - Processing /home/airflow/.local/lib/python3.7/site-packages/airflow/example_dags/example_subdag_operator.py took 0.244 seconds
[2022-05-09 23:47:17,774] {processor.py:163} INFO - Started process (PID=782) to work on /home/airflow/.local/lib/python3.7/site-packages/airflow/example_dags/example_subdag_operator.py
[2022-05-09 23:47:17,776] {processor.py:642} INFO - Processing file /home/airflow/.local/lib/python3.7/site-packages/airflow/example_dags/example_subdag_operator.py for tasks to queue
[2022-05-09 23:47:17,778] {logging_mixin.py:109} INFO - [2022-05-09 23:47:17,778] {dagbag.py:500} INFO - Filling up the DagBag from /home/airflow/.local/lib/python3.7/site-packages/airflow/example_dags/example_subdag_operator.py
[2022-05-09 23:47:17,816] {processor.py:652} INFO - DAG(s) dict_keys(['example_subdag_operator.section-1', 'example_subdag_operator.section-2', 'example_subdag_operator']) retrieved from /home/airflow/.local/lib/python3.7/site-packages/airflow/example_dags/example_subdag_operator.py
[2022-05-09 23:47:17,830] {logging_mixin.py:109} INFO - [2022-05-09 23:47:17,830] {dag.py:2398} INFO - Sync 3 DAGs
[2022-05-09 23:47:17,850] {logging_mixin.py:109} INFO - [2022-05-09 23:47:17,850] {dag.py:2937} INFO - Setting next_dagrun for example_subdag_operator to 2022-05-07T00:00:00+00:00
[2022-05-09 23:47:17,851] {logging_mixin.py:109} INFO - [2022-05-09 23:47:17,851] {dag.py:2937} INFO - Setting next_dagrun for example_subdag_operator.section-1 to None
[2022-05-09 23:47:17,852] {logging_mixin.py:109} INFO - [2022-05-09 23:47:17,852] {dag.py:2937} INFO - Setting next_dagrun for example_subdag_operator.section-2 to None
[2022-05-09 23:47:17,859] {logging_mixin.py:109} INFO - [2022-05-09 23:47:17,859] {dag.py:2398} INFO - Sync 2 DAGs
[2022-05-09 23:47:17,869] {logging_mixin.py:109} INFO - [2022-05-09 23:47:17,869] {dag.py:2937} INFO - Setting next_dagrun for example_subdag_operator.section-1 to None
[2022-05-09 23:47:17,870] {logging_mixin.py:109} INFO - [2022-05-09 23:47:17,870] {dag.py:2937} INFO - Setting next_dagrun for example_subdag_operator.section-2 to None
[2022-05-09 23:47:17,878] {processor.py:171} INFO - Processing /home/airflow/.local/lib/python3.7/site-packages/airflow/example_dags/example_subdag_operator.py took 0.108 seconds
[2022-05-09 23:47:48,163] {processor.py:163} INFO - Started process (PID=842) to work on /home/airflow/.local/lib/python3.7/site-packages/airflow/example_dags/example_subdag_operator.py
[2022-05-09 23:47:48,165] {processor.py:642} INFO - Processing file /home/airflow/.local/lib/python3.7/site-packages/airflow/example_dags/example_subdag_operator.py for tasks to queue
[2022-05-09 23:47:48,166] {logging_mixin.py:109} INFO - [2022-05-09 23:47:48,166] {dagbag.py:500} INFO - Filling up the DagBag from /home/airflow/.local/lib/python3.7/site-packages/airflow/example_dags/example_subdag_operator.py
[2022-05-09 23:47:48,205] {processor.py:652} INFO - DAG(s) dict_keys(['example_subdag_operator.section-1', 'example_subdag_operator.section-2', 'example_subdag_operator']) retrieved from /home/airflow/.local/lib/python3.7/site-packages/airflow/example_dags/example_subdag_operator.py
[2022-05-09 23:47:48,219] {logging_mixin.py:109} INFO - [2022-05-09 23:47:48,218] {dag.py:2398} INFO - Sync 3 DAGs
[2022-05-09 23:47:48,239] {logging_mixin.py:109} INFO - [2022-05-09 23:47:48,239] {dag.py:2937} INFO - Setting next_dagrun for example_subdag_operator to 2022-05-07T00:00:00+00:00
[2022-05-09 23:47:48,240] {logging_mixin.py:109} INFO - [2022-05-09 23:47:48,240] {dag.py:2937} INFO - Setting next_dagrun for example_subdag_operator.section-1 to None
[2022-05-09 23:47:48,241] {logging_mixin.py:109} INFO - [2022-05-09 23:47:48,241] {dag.py:2937} INFO - Setting next_dagrun for example_subdag_operator.section-2 to None
[2022-05-09 23:47:48,249] {logging_mixin.py:109} INFO - [2022-05-09 23:47:48,249] {dag.py:2398} INFO - Sync 2 DAGs
[2022-05-09 23:47:48,260] {logging_mixin.py:109} INFO - [2022-05-09 23:47:48,260] {dag.py:2937} INFO - Setting next_dagrun for example_subdag_operator.section-1 to None
[2022-05-09 23:47:48,261] {logging_mixin.py:109} INFO - [2022-05-09 23:47:48,261] {dag.py:2937} INFO - Setting next_dagrun for example_subdag_operator.section-2 to None
[2022-05-09 23:47:48,270] {processor.py:171} INFO - Processing /home/airflow/.local/lib/python3.7/site-packages/airflow/example_dags/example_subdag_operator.py took 0.111 seconds
[2022-05-09 23:48:19,160] {processor.py:163} INFO - Started process (PID=903) to work on /home/airflow/.local/lib/python3.7/site-packages/airflow/example_dags/example_subdag_operator.py
[2022-05-09 23:48:19,162] {processor.py:642} INFO - Processing file /home/airflow/.local/lib/python3.7/site-packages/airflow/example_dags/example_subdag_operator.py for tasks to queue
[2022-05-09 23:48:19,164] {logging_mixin.py:109} INFO - [2022-05-09 23:48:19,164] {dagbag.py:500} INFO - Filling up the DagBag from /home/airflow/.local/lib/python3.7/site-packages/airflow/example_dags/example_subdag_operator.py
[2022-05-09 23:48:19,203] {processor.py:652} INFO - DAG(s) dict_keys(['example_subdag_operator.section-1', 'example_subdag_operator.section-2', 'example_subdag_operator']) retrieved from /home/airflow/.local/lib/python3.7/site-packages/airflow/example_dags/example_subdag_operator.py
[2022-05-09 23:48:19,222] {logging_mixin.py:109} INFO - [2022-05-09 23:48:19,222] {dag.py:2398} INFO - Sync 3 DAGs
[2022-05-09 23:48:19,244] {logging_mixin.py:109} INFO - [2022-05-09 23:48:19,244] {dag.py:2937} INFO - Setting next_dagrun for example_subdag_operator to 2022-05-07T00:00:00+00:00
[2022-05-09 23:48:19,245] {logging_mixin.py:109} INFO - [2022-05-09 23:48:19,245] {dag.py:2937} INFO - Setting next_dagrun for example_subdag_operator.section-1 to None
[2022-05-09 23:48:19,246] {logging_mixin.py:109} INFO - [2022-05-09 23:48:19,246] {dag.py:2937} INFO - Setting next_dagrun for example_subdag_operator.section-2 to None
[2022-05-09 23:48:19,255] {logging_mixin.py:109} INFO - [2022-05-09 23:48:19,255] {dag.py:2398} INFO - Sync 2 DAGs
[2022-05-09 23:48:19,266] {logging_mixin.py:109} INFO - [2022-05-09 23:48:19,265] {dag.py:2937} INFO - Setting next_dagrun for example_subdag_operator.section-1 to None
[2022-05-09 23:48:19,266] {logging_mixin.py:109} INFO - [2022-05-09 23:48:19,266] {dag.py:2937} INFO - Setting next_dagrun for example_subdag_operator.section-2 to None
[2022-05-09 23:48:19,276] {processor.py:171} INFO - Processing /home/airflow/.local/lib/python3.7/site-packages/airflow/example_dags/example_subdag_operator.py took 0.119 seconds
[2022-05-09 23:48:49,770] {processor.py:163} INFO - Started process (PID=957) to work on /home/airflow/.local/lib/python3.7/site-packages/airflow/example_dags/example_subdag_operator.py
[2022-05-09 23:48:49,772] {processor.py:642} INFO - Processing file /home/airflow/.local/lib/python3.7/site-packages/airflow/example_dags/example_subdag_operator.py for tasks to queue
[2022-05-09 23:48:49,774] {logging_mixin.py:109} INFO - [2022-05-09 23:48:49,774] {dagbag.py:500} INFO - Filling up the DagBag from /home/airflow/.local/lib/python3.7/site-packages/airflow/example_dags/example_subdag_operator.py
[2022-05-09 23:48:49,811] {processor.py:652} INFO - DAG(s) dict_keys(['example_subdag_operator.section-1', 'example_subdag_operator.section-2', 'example_subdag_operator']) retrieved from /home/airflow/.local/lib/python3.7/site-packages/airflow/example_dags/example_subdag_operator.py
[2022-05-09 23:48:49,824] {logging_mixin.py:109} INFO - [2022-05-09 23:48:49,824] {dag.py:2398} INFO - Sync 3 DAGs
[2022-05-09 23:48:49,842] {logging_mixin.py:109} INFO - [2022-05-09 23:48:49,842] {dag.py:2937} INFO - Setting next_dagrun for example_subdag_operator to 2022-05-07T00:00:00+00:00
[2022-05-09 23:48:49,843] {logging_mixin.py:109} INFO - [2022-05-09 23:48:49,843] {dag.py:2937} INFO - Setting next_dagrun for example_subdag_operator.section-1 to None
[2022-05-09 23:48:49,844] {logging_mixin.py:109} INFO - [2022-05-09 23:48:49,844] {dag.py:2937} INFO - Setting next_dagrun for example_subdag_operator.section-2 to None
[2022-05-09 23:48:49,851] {logging_mixin.py:109} INFO - [2022-05-09 23:48:49,851] {dag.py:2398} INFO - Sync 2 DAGs
[2022-05-09 23:48:49,860] {logging_mixin.py:109} INFO - [2022-05-09 23:48:49,860] {dag.py:2937} INFO - Setting next_dagrun for example_subdag_operator.section-1 to None
[2022-05-09 23:48:49,861] {logging_mixin.py:109} INFO - [2022-05-09 23:48:49,861] {dag.py:2937} INFO - Setting next_dagrun for example_subdag_operator.section-2 to None
[2022-05-09 23:48:49,869] {processor.py:171} INFO - Processing /home/airflow/.local/lib/python3.7/site-packages/airflow/example_dags/example_subdag_operator.py took 0.103 seconds
[2022-05-09 23:49:20,483] {processor.py:163} INFO - Started process (PID=1018) to work on /home/airflow/.local/lib/python3.7/site-packages/airflow/example_dags/example_subdag_operator.py
[2022-05-09 23:49:20,486] {processor.py:642} INFO - Processing file /home/airflow/.local/lib/python3.7/site-packages/airflow/example_dags/example_subdag_operator.py for tasks to queue
[2022-05-09 23:49:20,488] {logging_mixin.py:109} INFO - [2022-05-09 23:49:20,487] {dagbag.py:500} INFO - Filling up the DagBag from /home/airflow/.local/lib/python3.7/site-packages/airflow/example_dags/example_subdag_operator.py
[2022-05-09 23:49:20,536] {processor.py:652} INFO - DAG(s) dict_keys(['example_subdag_operator.section-1', 'example_subdag_operator.section-2', 'example_subdag_operator']) retrieved from /home/airflow/.local/lib/python3.7/site-packages/airflow/example_dags/example_subdag_operator.py
[2022-05-09 23:49:20,568] {logging_mixin.py:109} INFO - [2022-05-09 23:49:20,568] {dag.py:2398} INFO - Sync 3 DAGs
[2022-05-09 23:49:20,592] {logging_mixin.py:109} INFO - [2022-05-09 23:49:20,591] {dag.py:2937} INFO - Setting next_dagrun for example_subdag_operator to 2022-05-07T00:00:00+00:00
[2022-05-09 23:49:20,593] {logging_mixin.py:109} INFO - [2022-05-09 23:49:20,593] {dag.py:2937} INFO - Setting next_dagrun for example_subdag_operator.section-1 to None
[2022-05-09 23:49:20,594] {logging_mixin.py:109} INFO - [2022-05-09 23:49:20,593] {dag.py:2937} INFO - Setting next_dagrun for example_subdag_operator.section-2 to None
[2022-05-09 23:49:20,602] {logging_mixin.py:109} INFO - [2022-05-09 23:49:20,602] {dag.py:2398} INFO - Sync 2 DAGs
[2022-05-09 23:49:20,613] {logging_mixin.py:109} INFO - [2022-05-09 23:49:20,613] {dag.py:2937} INFO - Setting next_dagrun for example_subdag_operator.section-1 to None
[2022-05-09 23:49:20,614] {logging_mixin.py:109} INFO - [2022-05-09 23:49:20,614] {dag.py:2937} INFO - Setting next_dagrun for example_subdag_operator.section-2 to None
[2022-05-09 23:49:20,626] {processor.py:171} INFO - Processing /home/airflow/.local/lib/python3.7/site-packages/airflow/example_dags/example_subdag_operator.py took 0.147 seconds
[2022-05-09 23:49:51,153] {processor.py:163} INFO - Started process (PID=1070) to work on /home/airflow/.local/lib/python3.7/site-packages/airflow/example_dags/example_subdag_operator.py
[2022-05-09 23:49:51,155] {processor.py:642} INFO - Processing file /home/airflow/.local/lib/python3.7/site-packages/airflow/example_dags/example_subdag_operator.py for tasks to queue
[2022-05-09 23:49:51,157] {logging_mixin.py:109} INFO - [2022-05-09 23:49:51,157] {dagbag.py:500} INFO - Filling up the DagBag from /home/airflow/.local/lib/python3.7/site-packages/airflow/example_dags/example_subdag_operator.py
[2022-05-09 23:49:51,200] {processor.py:652} INFO - DAG(s) dict_keys(['example_subdag_operator.section-1', 'example_subdag_operator.section-2', 'example_subdag_operator']) retrieved from /home/airflow/.local/lib/python3.7/site-packages/airflow/example_dags/example_subdag_operator.py
[2022-05-09 23:49:51,214] {logging_mixin.py:109} INFO - [2022-05-09 23:49:51,213] {dag.py:2398} INFO - Sync 3 DAGs
[2022-05-09 23:49:51,232] {logging_mixin.py:109} INFO - [2022-05-09 23:49:51,232] {dag.py:2937} INFO - Setting next_dagrun for example_subdag_operator to 2022-05-07T00:00:00+00:00
[2022-05-09 23:49:51,233] {logging_mixin.py:109} INFO - [2022-05-09 23:49:51,233] {dag.py:2937} INFO - Setting next_dagrun for example_subdag_operator.section-1 to None
[2022-05-09 23:49:51,234] {logging_mixin.py:109} INFO - [2022-05-09 23:49:51,234] {dag.py:2937} INFO - Setting next_dagrun for example_subdag_operator.section-2 to None
[2022-05-09 23:49:51,241] {logging_mixin.py:109} INFO - [2022-05-09 23:49:51,241] {dag.py:2398} INFO - Sync 2 DAGs
[2022-05-09 23:49:51,250] {logging_mixin.py:109} INFO - [2022-05-09 23:49:51,250] {dag.py:2937} INFO - Setting next_dagrun for example_subdag_operator.section-1 to None
[2022-05-09 23:49:51,251] {logging_mixin.py:109} INFO - [2022-05-09 23:49:51,251] {dag.py:2937} INFO - Setting next_dagrun for example_subdag_operator.section-2 to None
[2022-05-09 23:49:51,259] {processor.py:171} INFO - Processing /home/airflow/.local/lib/python3.7/site-packages/airflow/example_dags/example_subdag_operator.py took 0.110 seconds
[2022-05-09 23:50:21,806] {processor.py:163} INFO - Started process (PID=1130) to work on /home/airflow/.local/lib/python3.7/site-packages/airflow/example_dags/example_subdag_operator.py
[2022-05-09 23:50:21,809] {processor.py:642} INFO - Processing file /home/airflow/.local/lib/python3.7/site-packages/airflow/example_dags/example_subdag_operator.py for tasks to queue
[2022-05-09 23:50:21,810] {logging_mixin.py:109} INFO - [2022-05-09 23:50:21,810] {dagbag.py:500} INFO - Filling up the DagBag from /home/airflow/.local/lib/python3.7/site-packages/airflow/example_dags/example_subdag_operator.py
[2022-05-09 23:50:21,847] {processor.py:652} INFO - DAG(s) dict_keys(['example_subdag_operator.section-1', 'example_subdag_operator.section-2', 'example_subdag_operator']) retrieved from /home/airflow/.local/lib/python3.7/site-packages/airflow/example_dags/example_subdag_operator.py
[2022-05-09 23:50:21,860] {logging_mixin.py:109} INFO - [2022-05-09 23:50:21,860] {dag.py:2398} INFO - Sync 3 DAGs
[2022-05-09 23:50:21,879] {logging_mixin.py:109} INFO - [2022-05-09 23:50:21,879] {dag.py:2937} INFO - Setting next_dagrun for example_subdag_operator to 2022-05-07T00:00:00+00:00
[2022-05-09 23:50:21,880] {logging_mixin.py:109} INFO - [2022-05-09 23:50:21,880] {dag.py:2937} INFO - Setting next_dagrun for example_subdag_operator.section-1 to None
[2022-05-09 23:50:21,881] {logging_mixin.py:109} INFO - [2022-05-09 23:50:21,881] {dag.py:2937} INFO - Setting next_dagrun for example_subdag_operator.section-2 to None
[2022-05-09 23:50:21,889] {logging_mixin.py:109} INFO - [2022-05-09 23:50:21,889] {dag.py:2398} INFO - Sync 2 DAGs
[2022-05-09 23:50:21,898] {logging_mixin.py:109} INFO - [2022-05-09 23:50:21,898] {dag.py:2937} INFO - Setting next_dagrun for example_subdag_operator.section-1 to None
[2022-05-09 23:50:21,899] {logging_mixin.py:109} INFO - [2022-05-09 23:50:21,898] {dag.py:2937} INFO - Setting next_dagrun for example_subdag_operator.section-2 to None
[2022-05-09 23:50:21,907] {processor.py:171} INFO - Processing /home/airflow/.local/lib/python3.7/site-packages/airflow/example_dags/example_subdag_operator.py took 0.104 seconds
[2022-05-09 23:50:52,295] {processor.py:163} INFO - Started process (PID=1183) to work on /home/airflow/.local/lib/python3.7/site-packages/airflow/example_dags/example_subdag_operator.py
[2022-05-09 23:50:52,298] {processor.py:642} INFO - Processing file /home/airflow/.local/lib/python3.7/site-packages/airflow/example_dags/example_subdag_operator.py for tasks to queue
[2022-05-09 23:50:52,299] {logging_mixin.py:109} INFO - [2022-05-09 23:50:52,299] {dagbag.py:500} INFO - Filling up the DagBag from /home/airflow/.local/lib/python3.7/site-packages/airflow/example_dags/example_subdag_operator.py
[2022-05-09 23:50:52,336] {processor.py:652} INFO - DAG(s) dict_keys(['example_subdag_operator.section-1', 'example_subdag_operator.section-2', 'example_subdag_operator']) retrieved from /home/airflow/.local/lib/python3.7/site-packages/airflow/example_dags/example_subdag_operator.py
[2022-05-09 23:50:52,348] {logging_mixin.py:109} INFO - [2022-05-09 23:50:52,348] {dag.py:2398} INFO - Sync 3 DAGs
[2022-05-09 23:50:52,366] {logging_mixin.py:109} INFO - [2022-05-09 23:50:52,366] {dag.py:2937} INFO - Setting next_dagrun for example_subdag_operator to 2022-05-07T00:00:00+00:00
[2022-05-09 23:50:52,367] {logging_mixin.py:109} INFO - [2022-05-09 23:50:52,367] {dag.py:2937} INFO - Setting next_dagrun for example_subdag_operator.section-1 to None
[2022-05-09 23:50:52,368] {logging_mixin.py:109} INFO - [2022-05-09 23:50:52,368] {dag.py:2937} INFO - Setting next_dagrun for example_subdag_operator.section-2 to None
[2022-05-09 23:50:52,380] {logging_mixin.py:109} INFO - [2022-05-09 23:50:52,379] {dag.py:2398} INFO - Sync 2 DAGs
[2022-05-09 23:50:52,390] {logging_mixin.py:109} INFO - [2022-05-09 23:50:52,390] {dag.py:2937} INFO - Setting next_dagrun for example_subdag_operator.section-1 to None
[2022-05-09 23:50:52,391] {logging_mixin.py:109} INFO - [2022-05-09 23:50:52,391] {dag.py:2937} INFO - Setting next_dagrun for example_subdag_operator.section-2 to None
[2022-05-09 23:50:52,399] {processor.py:171} INFO - Processing /home/airflow/.local/lib/python3.7/site-packages/airflow/example_dags/example_subdag_operator.py took 0.108 seconds
[2022-05-09 23:51:22,933] {processor.py:163} INFO - Started process (PID=1243) to work on /home/airflow/.local/lib/python3.7/site-packages/airflow/example_dags/example_subdag_operator.py
[2022-05-09 23:51:22,936] {processor.py:642} INFO - Processing file /home/airflow/.local/lib/python3.7/site-packages/airflow/example_dags/example_subdag_operator.py for tasks to queue
[2022-05-09 23:51:22,937] {logging_mixin.py:109} INFO - [2022-05-09 23:51:22,937] {dagbag.py:500} INFO - Filling up the DagBag from /home/airflow/.local/lib/python3.7/site-packages/airflow/example_dags/example_subdag_operator.py
[2022-05-09 23:51:22,977] {processor.py:652} INFO - DAG(s) dict_keys(['example_subdag_operator.section-1', 'example_subdag_operator.section-2', 'example_subdag_operator']) retrieved from /home/airflow/.local/lib/python3.7/site-packages/airflow/example_dags/example_subdag_operator.py
[2022-05-09 23:51:22,990] {logging_mixin.py:109} INFO - [2022-05-09 23:51:22,990] {dag.py:2398} INFO - Sync 3 DAGs
[2022-05-09 23:51:23,009] {logging_mixin.py:109} INFO - [2022-05-09 23:51:23,008] {dag.py:2937} INFO - Setting next_dagrun for example_subdag_operator to 2022-05-07T00:00:00+00:00
[2022-05-09 23:51:23,010] {logging_mixin.py:109} INFO - [2022-05-09 23:51:23,009] {dag.py:2937} INFO - Setting next_dagrun for example_subdag_operator.section-1 to None
[2022-05-09 23:51:23,011] {logging_mixin.py:109} INFO - [2022-05-09 23:51:23,011] {dag.py:2937} INFO - Setting next_dagrun for example_subdag_operator.section-2 to None
[2022-05-09 23:51:23,019] {logging_mixin.py:109} INFO - [2022-05-09 23:51:23,019] {dag.py:2398} INFO - Sync 2 DAGs
[2022-05-09 23:51:23,028] {logging_mixin.py:109} INFO - [2022-05-09 23:51:23,028] {dag.py:2937} INFO - Setting next_dagrun for example_subdag_operator.section-1 to None
[2022-05-09 23:51:23,029] {logging_mixin.py:109} INFO - [2022-05-09 23:51:23,029] {dag.py:2937} INFO - Setting next_dagrun for example_subdag_operator.section-2 to None
[2022-05-09 23:51:23,037] {processor.py:171} INFO - Processing /home/airflow/.local/lib/python3.7/site-packages/airflow/example_dags/example_subdag_operator.py took 0.107 seconds
[2022-05-09 23:51:53,640] {processor.py:163} INFO - Started process (PID=1304) to work on /home/airflow/.local/lib/python3.7/site-packages/airflow/example_dags/example_subdag_operator.py
[2022-05-09 23:51:53,642] {processor.py:642} INFO - Processing file /home/airflow/.local/lib/python3.7/site-packages/airflow/example_dags/example_subdag_operator.py for tasks to queue
[2022-05-09 23:51:53,643] {logging_mixin.py:109} INFO - [2022-05-09 23:51:53,643] {dagbag.py:500} INFO - Filling up the DagBag from /home/airflow/.local/lib/python3.7/site-packages/airflow/example_dags/example_subdag_operator.py
[2022-05-09 23:51:53,687] {processor.py:652} INFO - DAG(s) dict_keys(['example_subdag_operator.section-1', 'example_subdag_operator.section-2', 'example_subdag_operator']) retrieved from /home/airflow/.local/lib/python3.7/site-packages/airflow/example_dags/example_subdag_operator.py
[2022-05-09 23:51:53,701] {logging_mixin.py:109} INFO - [2022-05-09 23:51:53,701] {dag.py:2398} INFO - Sync 3 DAGs
[2022-05-09 23:51:53,723] {logging_mixin.py:109} INFO - [2022-05-09 23:51:53,723] {dag.py:2937} INFO - Setting next_dagrun for example_subdag_operator to 2022-05-07T00:00:00+00:00
[2022-05-09 23:51:53,724] {logging_mixin.py:109} INFO - [2022-05-09 23:51:53,724] {dag.py:2937} INFO - Setting next_dagrun for example_subdag_operator.section-1 to None
[2022-05-09 23:51:53,725] {logging_mixin.py:109} INFO - [2022-05-09 23:51:53,725] {dag.py:2937} INFO - Setting next_dagrun for example_subdag_operator.section-2 to None
[2022-05-09 23:51:53,733] {logging_mixin.py:109} INFO - [2022-05-09 23:51:53,733] {dag.py:2398} INFO - Sync 2 DAGs
[2022-05-09 23:51:53,743] {logging_mixin.py:109} INFO - [2022-05-09 23:51:53,743] {dag.py:2937} INFO - Setting next_dagrun for example_subdag_operator.section-1 to None
[2022-05-09 23:51:53,744] {logging_mixin.py:109} INFO - [2022-05-09 23:51:53,744] {dag.py:2937} INFO - Setting next_dagrun for example_subdag_operator.section-2 to None
[2022-05-09 23:51:53,753] {processor.py:171} INFO - Processing /home/airflow/.local/lib/python3.7/site-packages/airflow/example_dags/example_subdag_operator.py took 0.117 seconds
[2022-05-09 23:52:24,200] {processor.py:163} INFO - Started process (PID=1355) to work on /home/airflow/.local/lib/python3.7/site-packages/airflow/example_dags/example_subdag_operator.py
[2022-05-09 23:52:24,202] {processor.py:642} INFO - Processing file /home/airflow/.local/lib/python3.7/site-packages/airflow/example_dags/example_subdag_operator.py for tasks to queue
[2022-05-09 23:52:24,203] {logging_mixin.py:109} INFO - [2022-05-09 23:52:24,203] {dagbag.py:500} INFO - Filling up the DagBag from /home/airflow/.local/lib/python3.7/site-packages/airflow/example_dags/example_subdag_operator.py
[2022-05-09 23:52:24,240] {processor.py:652} INFO - DAG(s) dict_keys(['example_subdag_operator.section-1', 'example_subdag_operator.section-2', 'example_subdag_operator']) retrieved from /home/airflow/.local/lib/python3.7/site-packages/airflow/example_dags/example_subdag_operator.py
[2022-05-09 23:52:24,271] {logging_mixin.py:109} INFO - [2022-05-09 23:52:24,270] {dag.py:2398} INFO - Sync 3 DAGs
[2022-05-09 23:52:24,290] {logging_mixin.py:109} INFO - [2022-05-09 23:52:24,290] {dag.py:2937} INFO - Setting next_dagrun for example_subdag_operator to 2022-05-07T00:00:00+00:00
[2022-05-09 23:52:24,291] {logging_mixin.py:109} INFO - [2022-05-09 23:52:24,291] {dag.py:2937} INFO - Setting next_dagrun for example_subdag_operator.section-1 to None
[2022-05-09 23:52:24,292] {logging_mixin.py:109} INFO - [2022-05-09 23:52:24,292] {dag.py:2937} INFO - Setting next_dagrun for example_subdag_operator.section-2 to None
[2022-05-09 23:52:24,299] {logging_mixin.py:109} INFO - [2022-05-09 23:52:24,299] {dag.py:2398} INFO - Sync 2 DAGs
[2022-05-09 23:52:24,308] {logging_mixin.py:109} INFO - [2022-05-09 23:52:24,308] {dag.py:2937} INFO - Setting next_dagrun for example_subdag_operator.section-1 to None
[2022-05-09 23:52:24,309] {logging_mixin.py:109} INFO - [2022-05-09 23:52:24,309] {dag.py:2937} INFO - Setting next_dagrun for example_subdag_operator.section-2 to None
[2022-05-09 23:52:24,317] {processor.py:171} INFO - Processing /home/airflow/.local/lib/python3.7/site-packages/airflow/example_dags/example_subdag_operator.py took 0.121 seconds
[2022-05-09 23:52:55,169] {processor.py:163} INFO - Started process (PID=1416) to work on /home/airflow/.local/lib/python3.7/site-packages/airflow/example_dags/example_subdag_operator.py
[2022-05-09 23:52:55,172] {processor.py:642} INFO - Processing file /home/airflow/.local/lib/python3.7/site-packages/airflow/example_dags/example_subdag_operator.py for tasks to queue
[2022-05-09 23:52:55,173] {logging_mixin.py:109} INFO - [2022-05-09 23:52:55,173] {dagbag.py:500} INFO - Filling up the DagBag from /home/airflow/.local/lib/python3.7/site-packages/airflow/example_dags/example_subdag_operator.py
[2022-05-09 23:52:55,213] {processor.py:652} INFO - DAG(s) dict_keys(['example_subdag_operator.section-1', 'example_subdag_operator.section-2', 'example_subdag_operator']) retrieved from /home/airflow/.local/lib/python3.7/site-packages/airflow/example_dags/example_subdag_operator.py
[2022-05-09 23:52:55,228] {logging_mixin.py:109} INFO - [2022-05-09 23:52:55,228] {dag.py:2398} INFO - Sync 3 DAGs
[2022-05-09 23:52:55,248] {logging_mixin.py:109} INFO - [2022-05-09 23:52:55,248] {dag.py:2937} INFO - Setting next_dagrun for example_subdag_operator to 2022-05-07T00:00:00+00:00
[2022-05-09 23:52:55,249] {logging_mixin.py:109} INFO - [2022-05-09 23:52:55,249] {dag.py:2937} INFO - Setting next_dagrun for example_subdag_operator.section-1 to None
[2022-05-09 23:52:55,250] {logging_mixin.py:109} INFO - [2022-05-09 23:52:55,250] {dag.py:2937} INFO - Setting next_dagrun for example_subdag_operator.section-2 to None
[2022-05-09 23:52:55,258] {logging_mixin.py:109} INFO - [2022-05-09 23:52:55,258] {dag.py:2398} INFO - Sync 2 DAGs
[2022-05-09 23:52:55,269] {logging_mixin.py:109} INFO - [2022-05-09 23:52:55,269] {dag.py:2937} INFO - Setting next_dagrun for example_subdag_operator.section-1 to None
[2022-05-09 23:52:55,270] {logging_mixin.py:109} INFO - [2022-05-09 23:52:55,270] {dag.py:2937} INFO - Setting next_dagrun for example_subdag_operator.section-2 to None
[2022-05-09 23:52:55,278] {processor.py:171} INFO - Processing /home/airflow/.local/lib/python3.7/site-packages/airflow/example_dags/example_subdag_operator.py took 0.113 seconds
[2022-05-09 23:53:25,655] {processor.py:163} INFO - Started process (PID=1469) to work on /home/airflow/.local/lib/python3.7/site-packages/airflow/example_dags/example_subdag_operator.py
[2022-05-09 23:53:25,656] {processor.py:642} INFO - Processing file /home/airflow/.local/lib/python3.7/site-packages/airflow/example_dags/example_subdag_operator.py for tasks to queue
[2022-05-09 23:53:25,657] {logging_mixin.py:109} INFO - [2022-05-09 23:53:25,657] {dagbag.py:500} INFO - Filling up the DagBag from /home/airflow/.local/lib/python3.7/site-packages/airflow/example_dags/example_subdag_operator.py
[2022-05-09 23:53:25,694] {processor.py:652} INFO - DAG(s) dict_keys(['example_subdag_operator.section-1', 'example_subdag_operator.section-2', 'example_subdag_operator']) retrieved from /home/airflow/.local/lib/python3.7/site-packages/airflow/example_dags/example_subdag_operator.py
[2022-05-09 23:53:25,706] {logging_mixin.py:109} INFO - [2022-05-09 23:53:25,706] {dag.py:2398} INFO - Sync 3 DAGs
[2022-05-09 23:53:25,723] {logging_mixin.py:109} INFO - [2022-05-09 23:53:25,723] {dag.py:2937} INFO - Setting next_dagrun for example_subdag_operator to 2022-05-07T00:00:00+00:00
[2022-05-09 23:53:25,724] {logging_mixin.py:109} INFO - [2022-05-09 23:53:25,724] {dag.py:2937} INFO - Setting next_dagrun for example_subdag_operator.section-1 to None
[2022-05-09 23:53:25,725] {logging_mixin.py:109} INFO - [2022-05-09 23:53:25,725] {dag.py:2937} INFO - Setting next_dagrun for example_subdag_operator.section-2 to None
[2022-05-09 23:53:25,733] {logging_mixin.py:109} INFO - [2022-05-09 23:53:25,733] {dag.py:2398} INFO - Sync 2 DAGs
[2022-05-09 23:53:25,743] {logging_mixin.py:109} INFO - [2022-05-09 23:53:25,743] {dag.py:2937} INFO - Setting next_dagrun for example_subdag_operator.section-1 to None
[2022-05-09 23:53:25,745] {logging_mixin.py:109} INFO - [2022-05-09 23:53:25,745] {dag.py:2937} INFO - Setting next_dagrun for example_subdag_operator.section-2 to None
[2022-05-09 23:53:25,753] {processor.py:171} INFO - Processing /home/airflow/.local/lib/python3.7/site-packages/airflow/example_dags/example_subdag_operator.py took 0.102 seconds
[2022-05-09 23:53:56,222] {processor.py:163} INFO - Started process (PID=1529) to work on /home/airflow/.local/lib/python3.7/site-packages/airflow/example_dags/example_subdag_operator.py
[2022-05-09 23:53:56,225] {processor.py:642} INFO - Processing file /home/airflow/.local/lib/python3.7/site-packages/airflow/example_dags/example_subdag_operator.py for tasks to queue
[2022-05-09 23:53:56,226] {logging_mixin.py:109} INFO - [2022-05-09 23:53:56,226] {dagbag.py:500} INFO - Filling up the DagBag from /home/airflow/.local/lib/python3.7/site-packages/airflow/example_dags/example_subdag_operator.py
[2022-05-09 23:53:56,275] {processor.py:652} INFO - DAG(s) dict_keys(['example_subdag_operator.section-1', 'example_subdag_operator.section-2', 'example_subdag_operator']) retrieved from /home/airflow/.local/lib/python3.7/site-packages/airflow/example_dags/example_subdag_operator.py
[2022-05-09 23:53:56,289] {logging_mixin.py:109} INFO - [2022-05-09 23:53:56,289] {dag.py:2398} INFO - Sync 3 DAGs
[2022-05-09 23:53:56,313] {logging_mixin.py:109} INFO - [2022-05-09 23:53:56,313] {dag.py:2937} INFO - Setting next_dagrun for example_subdag_operator to 2022-05-07T00:00:00+00:00
[2022-05-09 23:53:56,314] {logging_mixin.py:109} INFO - [2022-05-09 23:53:56,314] {dag.py:2937} INFO - Setting next_dagrun for example_subdag_operator.section-1 to None
[2022-05-09 23:53:56,315] {logging_mixin.py:109} INFO - [2022-05-09 23:53:56,315] {dag.py:2937} INFO - Setting next_dagrun for example_subdag_operator.section-2 to None
[2022-05-09 23:53:56,324] {logging_mixin.py:109} INFO - [2022-05-09 23:53:56,323] {dag.py:2398} INFO - Sync 2 DAGs
[2022-05-09 23:53:56,335] {logging_mixin.py:109} INFO - [2022-05-09 23:53:56,335] {dag.py:2937} INFO - Setting next_dagrun for example_subdag_operator.section-1 to None
[2022-05-09 23:53:56,337] {logging_mixin.py:109} INFO - [2022-05-09 23:53:56,336] {dag.py:2937} INFO - Setting next_dagrun for example_subdag_operator.section-2 to None
[2022-05-09 23:53:56,349] {processor.py:171} INFO - Processing /home/airflow/.local/lib/python3.7/site-packages/airflow/example_dags/example_subdag_operator.py took 0.131 seconds
[2022-05-09 23:54:26,827] {processor.py:163} INFO - Started process (PID=1580) to work on /home/airflow/.local/lib/python3.7/site-packages/airflow/example_dags/example_subdag_operator.py
[2022-05-09 23:54:26,829] {processor.py:642} INFO - Processing file /home/airflow/.local/lib/python3.7/site-packages/airflow/example_dags/example_subdag_operator.py for tasks to queue
[2022-05-09 23:54:26,831] {logging_mixin.py:109} INFO - [2022-05-09 23:54:26,831] {dagbag.py:500} INFO - Filling up the DagBag from /home/airflow/.local/lib/python3.7/site-packages/airflow/example_dags/example_subdag_operator.py
[2022-05-09 23:54:26,876] {processor.py:652} INFO - DAG(s) dict_keys(['example_subdag_operator.section-1', 'example_subdag_operator.section-2', 'example_subdag_operator']) retrieved from /home/airflow/.local/lib/python3.7/site-packages/airflow/example_dags/example_subdag_operator.py
[2022-05-09 23:54:26,890] {logging_mixin.py:109} INFO - [2022-05-09 23:54:26,890] {dag.py:2398} INFO - Sync 3 DAGs
[2022-05-09 23:54:26,910] {logging_mixin.py:109} INFO - [2022-05-09 23:54:26,910] {dag.py:2937} INFO - Setting next_dagrun for example_subdag_operator to 2022-05-07T00:00:00+00:00
[2022-05-09 23:54:26,911] {logging_mixin.py:109} INFO - [2022-05-09 23:54:26,911] {dag.py:2937} INFO - Setting next_dagrun for example_subdag_operator.section-1 to None
[2022-05-09 23:54:26,912] {logging_mixin.py:109} INFO - [2022-05-09 23:54:26,912] {dag.py:2937} INFO - Setting next_dagrun for example_subdag_operator.section-2 to None
[2022-05-09 23:54:26,921] {logging_mixin.py:109} INFO - [2022-05-09 23:54:26,920] {dag.py:2398} INFO - Sync 2 DAGs
[2022-05-09 23:54:26,931] {logging_mixin.py:109} INFO - [2022-05-09 23:54:26,931] {dag.py:2937} INFO - Setting next_dagrun for example_subdag_operator.section-1 to None
[2022-05-09 23:54:26,932] {logging_mixin.py:109} INFO - [2022-05-09 23:54:26,932] {dag.py:2937} INFO - Setting next_dagrun for example_subdag_operator.section-2 to None
[2022-05-09 23:54:26,941] {processor.py:171} INFO - Processing /home/airflow/.local/lib/python3.7/site-packages/airflow/example_dags/example_subdag_operator.py took 0.118 seconds
[2022-05-09 23:54:57,322] {processor.py:163} INFO - Started process (PID=1641) to work on /home/airflow/.local/lib/python3.7/site-packages/airflow/example_dags/example_subdag_operator.py
[2022-05-09 23:54:57,325] {processor.py:642} INFO - Processing file /home/airflow/.local/lib/python3.7/site-packages/airflow/example_dags/example_subdag_operator.py for tasks to queue
[2022-05-09 23:54:57,326] {logging_mixin.py:109} INFO - [2022-05-09 23:54:57,326] {dagbag.py:500} INFO - Filling up the DagBag from /home/airflow/.local/lib/python3.7/site-packages/airflow/example_dags/example_subdag_operator.py
[2022-05-09 23:54:57,362] {processor.py:652} INFO - DAG(s) dict_keys(['example_subdag_operator.section-1', 'example_subdag_operator.section-2', 'example_subdag_operator']) retrieved from /home/airflow/.local/lib/python3.7/site-packages/airflow/example_dags/example_subdag_operator.py
[2022-05-09 23:54:57,377] {logging_mixin.py:109} INFO - [2022-05-09 23:54:57,377] {dag.py:2398} INFO - Sync 3 DAGs
[2022-05-09 23:54:57,396] {logging_mixin.py:109} INFO - [2022-05-09 23:54:57,396] {dag.py:2937} INFO - Setting next_dagrun for example_subdag_operator to 2022-05-07T00:00:00+00:00
[2022-05-09 23:54:57,397] {logging_mixin.py:109} INFO - [2022-05-09 23:54:57,397] {dag.py:2937} INFO - Setting next_dagrun for example_subdag_operator.section-1 to None
[2022-05-09 23:54:57,398] {logging_mixin.py:109} INFO - [2022-05-09 23:54:57,398] {dag.py:2937} INFO - Setting next_dagrun for example_subdag_operator.section-2 to None
[2022-05-09 23:54:57,404] {logging_mixin.py:109} INFO - [2022-05-09 23:54:57,404] {dag.py:2398} INFO - Sync 2 DAGs
[2022-05-09 23:54:57,415] {logging_mixin.py:109} INFO - [2022-05-09 23:54:57,415] {dag.py:2937} INFO - Setting next_dagrun for example_subdag_operator.section-1 to None
[2022-05-09 23:54:57,416] {logging_mixin.py:109} INFO - [2022-05-09 23:54:57,416] {dag.py:2937} INFO - Setting next_dagrun for example_subdag_operator.section-2 to None
[2022-05-09 23:54:57,427] {processor.py:171} INFO - Processing /home/airflow/.local/lib/python3.7/site-packages/airflow/example_dags/example_subdag_operator.py took 0.109 seconds
[2022-05-09 23:55:27,803] {processor.py:163} INFO - Started process (PID=1702) to work on /home/airflow/.local/lib/python3.7/site-packages/airflow/example_dags/example_subdag_operator.py
[2022-05-09 23:55:27,805] {processor.py:642} INFO - Processing file /home/airflow/.local/lib/python3.7/site-packages/airflow/example_dags/example_subdag_operator.py for tasks to queue
[2022-05-09 23:55:27,808] {logging_mixin.py:109} INFO - [2022-05-09 23:55:27,808] {dagbag.py:500} INFO - Filling up the DagBag from /home/airflow/.local/lib/python3.7/site-packages/airflow/example_dags/example_subdag_operator.py
[2022-05-09 23:55:27,849] {processor.py:652} INFO - DAG(s) dict_keys(['example_subdag_operator.section-1', 'example_subdag_operator.section-2', 'example_subdag_operator']) retrieved from /home/airflow/.local/lib/python3.7/site-packages/airflow/example_dags/example_subdag_operator.py
[2022-05-09 23:55:27,864] {logging_mixin.py:109} INFO - [2022-05-09 23:55:27,864] {dag.py:2398} INFO - Sync 3 DAGs
[2022-05-09 23:55:27,886] {logging_mixin.py:109} INFO - [2022-05-09 23:55:27,886] {dag.py:2937} INFO - Setting next_dagrun for example_subdag_operator to 2022-05-07T00:00:00+00:00
[2022-05-09 23:55:27,888] {logging_mixin.py:109} INFO - [2022-05-09 23:55:27,888] {dag.py:2937} INFO - Setting next_dagrun for example_subdag_operator.section-1 to None
[2022-05-09 23:55:27,889] {logging_mixin.py:109} INFO - [2022-05-09 23:55:27,889] {dag.py:2937} INFO - Setting next_dagrun for example_subdag_operator.section-2 to None
[2022-05-09 23:55:27,898] {logging_mixin.py:109} INFO - [2022-05-09 23:55:27,898] {dag.py:2398} INFO - Sync 2 DAGs
[2022-05-09 23:55:27,909] {logging_mixin.py:109} INFO - [2022-05-09 23:55:27,908] {dag.py:2937} INFO - Setting next_dagrun for example_subdag_operator.section-1 to None
[2022-05-09 23:55:27,910] {logging_mixin.py:109} INFO - [2022-05-09 23:55:27,910] {dag.py:2937} INFO - Setting next_dagrun for example_subdag_operator.section-2 to None
[2022-05-09 23:55:27,920] {processor.py:171} INFO - Processing /home/airflow/.local/lib/python3.7/site-packages/airflow/example_dags/example_subdag_operator.py took 0.121 seconds
[2022-05-09 23:55:58,595] {processor.py:163} INFO - Started process (PID=1753) to work on /home/airflow/.local/lib/python3.7/site-packages/airflow/example_dags/example_subdag_operator.py
[2022-05-09 23:55:58,596] {processor.py:642} INFO - Processing file /home/airflow/.local/lib/python3.7/site-packages/airflow/example_dags/example_subdag_operator.py for tasks to queue
[2022-05-09 23:55:58,598] {logging_mixin.py:109} INFO - [2022-05-09 23:55:58,598] {dagbag.py:500} INFO - Filling up the DagBag from /home/airflow/.local/lib/python3.7/site-packages/airflow/example_dags/example_subdag_operator.py
[2022-05-09 23:55:58,635] {processor.py:652} INFO - DAG(s) dict_keys(['example_subdag_operator.section-1', 'example_subdag_operator.section-2', 'example_subdag_operator']) retrieved from /home/airflow/.local/lib/python3.7/site-packages/airflow/example_dags/example_subdag_operator.py
[2022-05-09 23:55:58,650] {logging_mixin.py:109} INFO - [2022-05-09 23:55:58,649] {dag.py:2398} INFO - Sync 3 DAGs
[2022-05-09 23:55:58,671] {logging_mixin.py:109} INFO - [2022-05-09 23:55:58,671] {dag.py:2937} INFO - Setting next_dagrun for example_subdag_operator to 2022-05-07T00:00:00+00:00
[2022-05-09 23:55:58,672] {logging_mixin.py:109} INFO - [2022-05-09 23:55:58,672] {dag.py:2937} INFO - Setting next_dagrun for example_subdag_operator.section-1 to None
[2022-05-09 23:55:58,673] {logging_mixin.py:109} INFO - [2022-05-09 23:55:58,673] {dag.py:2937} INFO - Setting next_dagrun for example_subdag_operator.section-2 to None
[2022-05-09 23:55:58,680] {logging_mixin.py:109} INFO - [2022-05-09 23:55:58,680] {dag.py:2398} INFO - Sync 2 DAGs
[2022-05-09 23:55:58,690] {logging_mixin.py:109} INFO - [2022-05-09 23:55:58,690] {dag.py:2937} INFO - Setting next_dagrun for example_subdag_operator.section-1 to None
[2022-05-09 23:55:58,691] {logging_mixin.py:109} INFO - [2022-05-09 23:55:58,691] {dag.py:2937} INFO - Setting next_dagrun for example_subdag_operator.section-2 to None
[2022-05-09 23:55:58,699] {processor.py:171} INFO - Processing /home/airflow/.local/lib/python3.7/site-packages/airflow/example_dags/example_subdag_operator.py took 0.108 seconds
[2022-05-09 23:56:29,414] {processor.py:163} INFO - Started process (PID=1814) to work on /home/airflow/.local/lib/python3.7/site-packages/airflow/example_dags/example_subdag_operator.py
[2022-05-09 23:56:29,417] {processor.py:642} INFO - Processing file /home/airflow/.local/lib/python3.7/site-packages/airflow/example_dags/example_subdag_operator.py for tasks to queue
[2022-05-09 23:56:29,419] {logging_mixin.py:109} INFO - [2022-05-09 23:56:29,419] {dagbag.py:500} INFO - Filling up the DagBag from /home/airflow/.local/lib/python3.7/site-packages/airflow/example_dags/example_subdag_operator.py
[2022-05-09 23:56:29,465] {processor.py:652} INFO - DAG(s) dict_keys(['example_subdag_operator.section-1', 'example_subdag_operator.section-2', 'example_subdag_operator']) retrieved from /home/airflow/.local/lib/python3.7/site-packages/airflow/example_dags/example_subdag_operator.py
[2022-05-09 23:56:29,481] {logging_mixin.py:109} INFO - [2022-05-09 23:56:29,480] {dag.py:2398} INFO - Sync 3 DAGs
[2022-05-09 23:56:29,499] {logging_mixin.py:109} INFO - [2022-05-09 23:56:29,499] {dag.py:2937} INFO - Setting next_dagrun for example_subdag_operator to 2022-05-07T00:00:00+00:00
[2022-05-09 23:56:29,501] {logging_mixin.py:109} INFO - [2022-05-09 23:56:29,501] {dag.py:2937} INFO - Setting next_dagrun for example_subdag_operator.section-1 to None
[2022-05-09 23:56:29,503] {logging_mixin.py:109} INFO - [2022-05-09 23:56:29,503] {dag.py:2937} INFO - Setting next_dagrun for example_subdag_operator.section-2 to None
[2022-05-09 23:56:29,511] {logging_mixin.py:109} INFO - [2022-05-09 23:56:29,511] {dag.py:2398} INFO - Sync 2 DAGs
[2022-05-09 23:56:29,522] {logging_mixin.py:109} INFO - [2022-05-09 23:56:29,522] {dag.py:2937} INFO - Setting next_dagrun for example_subdag_operator.section-1 to None
[2022-05-09 23:56:29,523] {logging_mixin.py:109} INFO - [2022-05-09 23:56:29,523] {dag.py:2937} INFO - Setting next_dagrun for example_subdag_operator.section-2 to None
[2022-05-09 23:56:29,533] {processor.py:171} INFO - Processing /home/airflow/.local/lib/python3.7/site-packages/airflow/example_dags/example_subdag_operator.py took 0.124 seconds
[2022-05-09 23:57:00,122] {processor.py:163} INFO - Started process (PID=1867) to work on /home/airflow/.local/lib/python3.7/site-packages/airflow/example_dags/example_subdag_operator.py
[2022-05-09 23:57:00,125] {processor.py:642} INFO - Processing file /home/airflow/.local/lib/python3.7/site-packages/airflow/example_dags/example_subdag_operator.py for tasks to queue
[2022-05-09 23:57:00,126] {logging_mixin.py:109} INFO - [2022-05-09 23:57:00,126] {dagbag.py:500} INFO - Filling up the DagBag from /home/airflow/.local/lib/python3.7/site-packages/airflow/example_dags/example_subdag_operator.py
[2022-05-09 23:57:00,165] {processor.py:652} INFO - DAG(s) dict_keys(['example_subdag_operator.section-1', 'example_subdag_operator.section-2', 'example_subdag_operator']) retrieved from /home/airflow/.local/lib/python3.7/site-packages/airflow/example_dags/example_subdag_operator.py
[2022-05-09 23:57:00,179] {logging_mixin.py:109} INFO - [2022-05-09 23:57:00,179] {dag.py:2398} INFO - Sync 3 DAGs
[2022-05-09 23:57:00,200] {logging_mixin.py:109} INFO - [2022-05-09 23:57:00,200] {dag.py:2937} INFO - Setting next_dagrun for example_subdag_operator to 2022-05-07T00:00:00+00:00
[2022-05-09 23:57:00,202] {logging_mixin.py:109} INFO - [2022-05-09 23:57:00,202] {dag.py:2937} INFO - Setting next_dagrun for example_subdag_operator.section-1 to None
[2022-05-09 23:57:00,203] {logging_mixin.py:109} INFO - [2022-05-09 23:57:00,203] {dag.py:2937} INFO - Setting next_dagrun for example_subdag_operator.section-2 to None
[2022-05-09 23:57:00,212] {logging_mixin.py:109} INFO - [2022-05-09 23:57:00,212] {dag.py:2398} INFO - Sync 2 DAGs
[2022-05-09 23:57:00,223] {logging_mixin.py:109} INFO - [2022-05-09 23:57:00,223] {dag.py:2937} INFO - Setting next_dagrun for example_subdag_operator.section-1 to None
[2022-05-09 23:57:00,224] {logging_mixin.py:109} INFO - [2022-05-09 23:57:00,224] {dag.py:2937} INFO - Setting next_dagrun for example_subdag_operator.section-2 to None
[2022-05-09 23:57:00,233] {processor.py:171} INFO - Processing /home/airflow/.local/lib/python3.7/site-packages/airflow/example_dags/example_subdag_operator.py took 0.114 seconds
[2022-05-09 23:57:30,743] {processor.py:163} INFO - Started process (PID=1929) to work on /home/airflow/.local/lib/python3.7/site-packages/airflow/example_dags/example_subdag_operator.py
[2022-05-09 23:57:30,745] {processor.py:642} INFO - Processing file /home/airflow/.local/lib/python3.7/site-packages/airflow/example_dags/example_subdag_operator.py for tasks to queue
[2022-05-09 23:57:30,747] {logging_mixin.py:109} INFO - [2022-05-09 23:57:30,747] {dagbag.py:500} INFO - Filling up the DagBag from /home/airflow/.local/lib/python3.7/site-packages/airflow/example_dags/example_subdag_operator.py
[2022-05-09 23:57:30,781] {processor.py:652} INFO - DAG(s) dict_keys(['example_subdag_operator.section-1', 'example_subdag_operator.section-2', 'example_subdag_operator']) retrieved from /home/airflow/.local/lib/python3.7/site-packages/airflow/example_dags/example_subdag_operator.py
[2022-05-09 23:57:30,798] {logging_mixin.py:109} INFO - [2022-05-09 23:57:30,798] {dag.py:2398} INFO - Sync 3 DAGs
[2022-05-09 23:57:30,817] {logging_mixin.py:109} INFO - [2022-05-09 23:57:30,817] {dag.py:2937} INFO - Setting next_dagrun for example_subdag_operator to 2022-05-07T00:00:00+00:00
[2022-05-09 23:57:30,818] {logging_mixin.py:109} INFO - [2022-05-09 23:57:30,818] {dag.py:2937} INFO - Setting next_dagrun for example_subdag_operator.section-1 to None
[2022-05-09 23:57:30,819] {logging_mixin.py:109} INFO - [2022-05-09 23:57:30,819] {dag.py:2937} INFO - Setting next_dagrun for example_subdag_operator.section-2 to None
[2022-05-09 23:57:30,826] {logging_mixin.py:109} INFO - [2022-05-09 23:57:30,826] {dag.py:2398} INFO - Sync 2 DAGs
[2022-05-09 23:57:30,836] {logging_mixin.py:109} INFO - [2022-05-09 23:57:30,836] {dag.py:2937} INFO - Setting next_dagrun for example_subdag_operator.section-1 to None
[2022-05-09 23:57:30,837] {logging_mixin.py:109} INFO - [2022-05-09 23:57:30,837] {dag.py:2937} INFO - Setting next_dagrun for example_subdag_operator.section-2 to None
[2022-05-09 23:57:30,845] {processor.py:171} INFO - Processing /home/airflow/.local/lib/python3.7/site-packages/airflow/example_dags/example_subdag_operator.py took 0.105 seconds
[2022-05-09 23:58:01,411] {processor.py:163} INFO - Started process (PID=1980) to work on /home/airflow/.local/lib/python3.7/site-packages/airflow/example_dags/example_subdag_operator.py
[2022-05-09 23:58:01,413] {processor.py:642} INFO - Processing file /home/airflow/.local/lib/python3.7/site-packages/airflow/example_dags/example_subdag_operator.py for tasks to queue
[2022-05-09 23:58:01,415] {logging_mixin.py:109} INFO - [2022-05-09 23:58:01,415] {dagbag.py:500} INFO - Filling up the DagBag from /home/airflow/.local/lib/python3.7/site-packages/airflow/example_dags/example_subdag_operator.py
[2022-05-09 23:58:01,455] {processor.py:652} INFO - DAG(s) dict_keys(['example_subdag_operator.section-1', 'example_subdag_operator.section-2', 'example_subdag_operator']) retrieved from /home/airflow/.local/lib/python3.7/site-packages/airflow/example_dags/example_subdag_operator.py
[2022-05-09 23:58:01,471] {logging_mixin.py:109} INFO - [2022-05-09 23:58:01,470] {dag.py:2398} INFO - Sync 3 DAGs
[2022-05-09 23:58:01,489] {logging_mixin.py:109} INFO - [2022-05-09 23:58:01,489] {dag.py:2937} INFO - Setting next_dagrun for example_subdag_operator to 2022-05-07T00:00:00+00:00
[2022-05-09 23:58:01,490] {logging_mixin.py:109} INFO - [2022-05-09 23:58:01,490] {dag.py:2937} INFO - Setting next_dagrun for example_subdag_operator.section-1 to None
[2022-05-09 23:58:01,491] {logging_mixin.py:109} INFO - [2022-05-09 23:58:01,491] {dag.py:2937} INFO - Setting next_dagrun for example_subdag_operator.section-2 to None
[2022-05-09 23:58:01,506] {logging_mixin.py:109} INFO - [2022-05-09 23:58:01,506] {dag.py:2398} INFO - Sync 2 DAGs
[2022-05-09 23:58:01,518] {logging_mixin.py:109} INFO - [2022-05-09 23:58:01,518] {dag.py:2937} INFO - Setting next_dagrun for example_subdag_operator.section-1 to None
[2022-05-09 23:58:01,519] {logging_mixin.py:109} INFO - [2022-05-09 23:58:01,519] {dag.py:2937} INFO - Setting next_dagrun for example_subdag_operator.section-2 to None
[2022-05-09 23:58:01,529] {processor.py:171} INFO - Processing /home/airflow/.local/lib/python3.7/site-packages/airflow/example_dags/example_subdag_operator.py took 0.123 seconds
[2022-05-09 23:58:32,058] {processor.py:163} INFO - Started process (PID=2042) to work on /home/airflow/.local/lib/python3.7/site-packages/airflow/example_dags/example_subdag_operator.py
[2022-05-09 23:58:32,060] {processor.py:642} INFO - Processing file /home/airflow/.local/lib/python3.7/site-packages/airflow/example_dags/example_subdag_operator.py for tasks to queue
[2022-05-09 23:58:32,062] {logging_mixin.py:109} INFO - [2022-05-09 23:58:32,062] {dagbag.py:500} INFO - Filling up the DagBag from /home/airflow/.local/lib/python3.7/site-packages/airflow/example_dags/example_subdag_operator.py
[2022-05-09 23:58:32,126] {processor.py:652} INFO - DAG(s) dict_keys(['example_subdag_operator.section-1', 'example_subdag_operator.section-2', 'example_subdag_operator']) retrieved from /home/airflow/.local/lib/python3.7/site-packages/airflow/example_dags/example_subdag_operator.py
[2022-05-09 23:58:32,150] {logging_mixin.py:109} INFO - [2022-05-09 23:58:32,150] {dag.py:2398} INFO - Sync 3 DAGs
[2022-05-09 23:58:32,172] {logging_mixin.py:109} INFO - [2022-05-09 23:58:32,171] {dag.py:2937} INFO - Setting next_dagrun for example_subdag_operator to 2022-05-07T00:00:00+00:00
[2022-05-09 23:58:32,172] {logging_mixin.py:109} INFO - [2022-05-09 23:58:32,172] {dag.py:2937} INFO - Setting next_dagrun for example_subdag_operator.section-1 to None
[2022-05-09 23:58:32,173] {logging_mixin.py:109} INFO - [2022-05-09 23:58:32,173] {dag.py:2937} INFO - Setting next_dagrun for example_subdag_operator.section-2 to None
[2022-05-09 23:58:32,181] {logging_mixin.py:109} INFO - [2022-05-09 23:58:32,181] {dag.py:2398} INFO - Sync 2 DAGs
[2022-05-09 23:58:32,191] {logging_mixin.py:109} INFO - [2022-05-09 23:58:32,191] {dag.py:2937} INFO - Setting next_dagrun for example_subdag_operator.section-1 to None
[2022-05-09 23:58:32,192] {logging_mixin.py:109} INFO - [2022-05-09 23:58:32,192] {dag.py:2937} INFO - Setting next_dagrun for example_subdag_operator.section-2 to None
[2022-05-09 23:58:32,200] {processor.py:171} INFO - Processing /home/airflow/.local/lib/python3.7/site-packages/airflow/example_dags/example_subdag_operator.py took 0.147 seconds
[2022-05-09 23:59:02,728] {processor.py:163} INFO - Started process (PID=2103) to work on /home/airflow/.local/lib/python3.7/site-packages/airflow/example_dags/example_subdag_operator.py
[2022-05-09 23:59:02,730] {processor.py:642} INFO - Processing file /home/airflow/.local/lib/python3.7/site-packages/airflow/example_dags/example_subdag_operator.py for tasks to queue
[2022-05-09 23:59:02,732] {logging_mixin.py:109} INFO - [2022-05-09 23:59:02,732] {dagbag.py:500} INFO - Filling up the DagBag from /home/airflow/.local/lib/python3.7/site-packages/airflow/example_dags/example_subdag_operator.py
[2022-05-09 23:59:02,785] {processor.py:652} INFO - DAG(s) dict_keys(['example_subdag_operator.section-1', 'example_subdag_operator.section-2', 'example_subdag_operator']) retrieved from /home/airflow/.local/lib/python3.7/site-packages/airflow/example_dags/example_subdag_operator.py
[2022-05-09 23:59:02,800] {logging_mixin.py:109} INFO - [2022-05-09 23:59:02,800] {dag.py:2398} INFO - Sync 3 DAGs
[2022-05-09 23:59:02,822] {logging_mixin.py:109} INFO - [2022-05-09 23:59:02,822] {dag.py:2937} INFO - Setting next_dagrun for example_subdag_operator to 2022-05-07T00:00:00+00:00
[2022-05-09 23:59:02,823] {logging_mixin.py:109} INFO - [2022-05-09 23:59:02,823] {dag.py:2937} INFO - Setting next_dagrun for example_subdag_operator.section-1 to None
[2022-05-09 23:59:02,824] {logging_mixin.py:109} INFO - [2022-05-09 23:59:02,824] {dag.py:2937} INFO - Setting next_dagrun for example_subdag_operator.section-2 to None
[2022-05-09 23:59:02,834] {logging_mixin.py:109} INFO - [2022-05-09 23:59:02,833] {dag.py:2398} INFO - Sync 2 DAGs
[2022-05-09 23:59:02,844] {logging_mixin.py:109} INFO - [2022-05-09 23:59:02,844] {dag.py:2937} INFO - Setting next_dagrun for example_subdag_operator.section-1 to None
[2022-05-09 23:59:02,845] {logging_mixin.py:109} INFO - [2022-05-09 23:59:02,845] {dag.py:2937} INFO - Setting next_dagrun for example_subdag_operator.section-2 to None
[2022-05-09 23:59:02,855] {processor.py:171} INFO - Processing /home/airflow/.local/lib/python3.7/site-packages/airflow/example_dags/example_subdag_operator.py took 0.131 seconds
[2022-05-09 23:59:33,421] {processor.py:163} INFO - Started process (PID=2154) to work on /home/airflow/.local/lib/python3.7/site-packages/airflow/example_dags/example_subdag_operator.py
[2022-05-09 23:59:33,423] {processor.py:642} INFO - Processing file /home/airflow/.local/lib/python3.7/site-packages/airflow/example_dags/example_subdag_operator.py for tasks to queue
[2022-05-09 23:59:33,424] {logging_mixin.py:109} INFO - [2022-05-09 23:59:33,424] {dagbag.py:500} INFO - Filling up the DagBag from /home/airflow/.local/lib/python3.7/site-packages/airflow/example_dags/example_subdag_operator.py
[2022-05-09 23:59:33,469] {processor.py:652} INFO - DAG(s) dict_keys(['example_subdag_operator.section-1', 'example_subdag_operator.section-2', 'example_subdag_operator']) retrieved from /home/airflow/.local/lib/python3.7/site-packages/airflow/example_dags/example_subdag_operator.py
[2022-05-09 23:59:33,484] {logging_mixin.py:109} INFO - [2022-05-09 23:59:33,483] {dag.py:2398} INFO - Sync 3 DAGs
[2022-05-09 23:59:33,503] {logging_mixin.py:109} INFO - [2022-05-09 23:59:33,503] {dag.py:2937} INFO - Setting next_dagrun for example_subdag_operator to 2022-05-07T00:00:00+00:00
[2022-05-09 23:59:33,504] {logging_mixin.py:109} INFO - [2022-05-09 23:59:33,504] {dag.py:2937} INFO - Setting next_dagrun for example_subdag_operator.section-1 to None
[2022-05-09 23:59:33,505] {logging_mixin.py:109} INFO - [2022-05-09 23:59:33,505] {dag.py:2937} INFO - Setting next_dagrun for example_subdag_operator.section-2 to None
[2022-05-09 23:59:33,513] {logging_mixin.py:109} INFO - [2022-05-09 23:59:33,512] {dag.py:2398} INFO - Sync 2 DAGs
[2022-05-09 23:59:33,523] {logging_mixin.py:109} INFO - [2022-05-09 23:59:33,523] {dag.py:2937} INFO - Setting next_dagrun for example_subdag_operator.section-1 to None
[2022-05-09 23:59:33,524] {logging_mixin.py:109} INFO - [2022-05-09 23:59:33,524] {dag.py:2937} INFO - Setting next_dagrun for example_subdag_operator.section-2 to None
[2022-05-09 23:59:33,533] {processor.py:171} INFO - Processing /home/airflow/.local/lib/python3.7/site-packages/airflow/example_dags/example_subdag_operator.py took 0.116 seconds
