[2022-05-09 23:41:05,399] {processor.py:163} INFO - Started process (PID=70) to work on /home/airflow/.local/lib/python3.7/site-packages/airflow/example_dags/example_xcomargs.py
[2022-05-09 23:41:05,401] {processor.py:642} INFO - Processing file /home/airflow/.local/lib/python3.7/site-packages/airflow/example_dags/example_xcomargs.py for tasks to queue
[2022-05-09 23:41:05,403] {logging_mixin.py:109} INFO - [2022-05-09 23:41:05,403] {dagbag.py:500} INFO - Filling up the DagBag from /home/airflow/.local/lib/python3.7/site-packages/airflow/example_dags/example_xcomargs.py
[2022-05-09 23:41:05,435] {processor.py:652} INFO - DAG(s) dict_keys(['example_xcom_args', 'example_xcom_args_with_operators']) retrieved from /home/airflow/.local/lib/python3.7/site-packages/airflow/example_dags/example_xcomargs.py
[2022-05-09 23:41:05,835] {logging_mixin.py:109} INFO - [2022-05-09 23:41:05,835] {dag.py:2398} INFO - Sync 2 DAGs
[2022-05-09 23:41:05,851] {logging_mixin.py:109} INFO - [2022-05-09 23:41:05,851] {dag.py:2937} INFO - Setting next_dagrun for example_xcom_args to None
[2022-05-09 23:41:05,852] {logging_mixin.py:109} INFO - [2022-05-09 23:41:05,852] {dag.py:2937} INFO - Setting next_dagrun for example_xcom_args_with_operators to None
[2022-05-09 23:41:05,864] {processor.py:171} INFO - Processing /home/airflow/.local/lib/python3.7/site-packages/airflow/example_dags/example_xcomargs.py took 0.470 seconds
[2022-05-09 23:41:36,465] {processor.py:163} INFO - Started process (PID=130) to work on /home/airflow/.local/lib/python3.7/site-packages/airflow/example_dags/example_xcomargs.py
[2022-05-09 23:41:36,469] {processor.py:642} INFO - Processing file /home/airflow/.local/lib/python3.7/site-packages/airflow/example_dags/example_xcomargs.py for tasks to queue
[2022-05-09 23:41:36,470] {logging_mixin.py:109} INFO - [2022-05-09 23:41:36,470] {dagbag.py:500} INFO - Filling up the DagBag from /home/airflow/.local/lib/python3.7/site-packages/airflow/example_dags/example_xcomargs.py
[2022-05-09 23:41:36,524] {processor.py:652} INFO - DAG(s) dict_keys(['example_xcom_args', 'example_xcom_args_with_operators']) retrieved from /home/airflow/.local/lib/python3.7/site-packages/airflow/example_dags/example_xcomargs.py
[2022-05-09 23:41:37,020] {logging_mixin.py:109} INFO - [2022-05-09 23:41:37,019] {dag.py:2398} INFO - Sync 2 DAGs
[2022-05-09 23:41:37,037] {logging_mixin.py:109} INFO - [2022-05-09 23:41:37,037] {dag.py:2937} INFO - Setting next_dagrun for example_xcom_args to None
[2022-05-09 23:41:37,038] {logging_mixin.py:109} INFO - [2022-05-09 23:41:37,038] {dag.py:2937} INFO - Setting next_dagrun for example_xcom_args_with_operators to None
[2022-05-09 23:41:37,049] {processor.py:171} INFO - Processing /home/airflow/.local/lib/python3.7/site-packages/airflow/example_dags/example_xcomargs.py took 0.589 seconds
[2022-05-09 23:42:07,531] {processor.py:163} INFO - Started process (PID=197) to work on /home/airflow/.local/lib/python3.7/site-packages/airflow/example_dags/example_xcomargs.py
[2022-05-09 23:42:07,533] {processor.py:642} INFO - Processing file /home/airflow/.local/lib/python3.7/site-packages/airflow/example_dags/example_xcomargs.py for tasks to queue
[2022-05-09 23:42:07,534] {logging_mixin.py:109} INFO - [2022-05-09 23:42:07,534] {dagbag.py:500} INFO - Filling up the DagBag from /home/airflow/.local/lib/python3.7/site-packages/airflow/example_dags/example_xcomargs.py
[2022-05-09 23:42:07,559] {processor.py:652} INFO - DAG(s) dict_keys(['example_xcom_args', 'example_xcom_args_with_operators']) retrieved from /home/airflow/.local/lib/python3.7/site-packages/airflow/example_dags/example_xcomargs.py
[2022-05-09 23:42:07,876] {logging_mixin.py:109} INFO - [2022-05-09 23:42:07,875] {dag.py:2398} INFO - Sync 2 DAGs
[2022-05-09 23:42:07,891] {logging_mixin.py:109} INFO - [2022-05-09 23:42:07,891] {dag.py:2937} INFO - Setting next_dagrun for example_xcom_args to None
[2022-05-09 23:42:07,892] {logging_mixin.py:109} INFO - [2022-05-09 23:42:07,892] {dag.py:2937} INFO - Setting next_dagrun for example_xcom_args_with_operators to None
[2022-05-09 23:42:07,903] {processor.py:171} INFO - Processing /home/airflow/.local/lib/python3.7/site-packages/airflow/example_dags/example_xcomargs.py took 0.376 seconds
[2022-05-09 23:42:38,103] {processor.py:163} INFO - Started process (PID=248) to work on /home/airflow/.local/lib/python3.7/site-packages/airflow/example_dags/example_xcomargs.py
[2022-05-09 23:42:38,105] {processor.py:642} INFO - Processing file /home/airflow/.local/lib/python3.7/site-packages/airflow/example_dags/example_xcomargs.py for tasks to queue
[2022-05-09 23:42:38,106] {logging_mixin.py:109} INFO - [2022-05-09 23:42:38,106] {dagbag.py:500} INFO - Filling up the DagBag from /home/airflow/.local/lib/python3.7/site-packages/airflow/example_dags/example_xcomargs.py
[2022-05-09 23:42:38,133] {processor.py:652} INFO - DAG(s) dict_keys(['example_xcom_args', 'example_xcom_args_with_operators']) retrieved from /home/airflow/.local/lib/python3.7/site-packages/airflow/example_dags/example_xcomargs.py
[2022-05-09 23:42:38,446] {logging_mixin.py:109} INFO - [2022-05-09 23:42:38,446] {dag.py:2398} INFO - Sync 2 DAGs
[2022-05-09 23:42:38,463] {logging_mixin.py:109} INFO - [2022-05-09 23:42:38,463] {dag.py:2937} INFO - Setting next_dagrun for example_xcom_args to None
[2022-05-09 23:42:38,465] {logging_mixin.py:109} INFO - [2022-05-09 23:42:38,465] {dag.py:2937} INFO - Setting next_dagrun for example_xcom_args_with_operators to None
[2022-05-09 23:42:38,477] {processor.py:171} INFO - Processing /home/airflow/.local/lib/python3.7/site-packages/airflow/example_dags/example_xcomargs.py took 0.378 seconds
[2022-05-09 23:43:09,317] {processor.py:163} INFO - Started process (PID=308) to work on /home/airflow/.local/lib/python3.7/site-packages/airflow/example_dags/example_xcomargs.py
[2022-05-09 23:43:09,319] {processor.py:642} INFO - Processing file /home/airflow/.local/lib/python3.7/site-packages/airflow/example_dags/example_xcomargs.py for tasks to queue
[2022-05-09 23:43:09,321] {logging_mixin.py:109} INFO - [2022-05-09 23:43:09,321] {dagbag.py:500} INFO - Filling up the DagBag from /home/airflow/.local/lib/python3.7/site-packages/airflow/example_dags/example_xcomargs.py
[2022-05-09 23:43:09,352] {processor.py:652} INFO - DAG(s) dict_keys(['example_xcom_args', 'example_xcom_args_with_operators']) retrieved from /home/airflow/.local/lib/python3.7/site-packages/airflow/example_dags/example_xcomargs.py
[2022-05-09 23:43:09,777] {logging_mixin.py:109} INFO - [2022-05-09 23:43:09,776] {dag.py:2398} INFO - Sync 2 DAGs
[2022-05-09 23:43:09,797] {logging_mixin.py:109} INFO - [2022-05-09 23:43:09,797] {dag.py:2937} INFO - Setting next_dagrun for example_xcom_args to None
[2022-05-09 23:43:09,798] {logging_mixin.py:109} INFO - [2022-05-09 23:43:09,798] {dag.py:2937} INFO - Setting next_dagrun for example_xcom_args_with_operators to None
[2022-05-09 23:43:09,812] {processor.py:171} INFO - Processing /home/airflow/.local/lib/python3.7/site-packages/airflow/example_dags/example_xcomargs.py took 0.499 seconds
[2022-05-09 23:43:40,276] {processor.py:163} INFO - Started process (PID=362) to work on /home/airflow/.local/lib/python3.7/site-packages/airflow/example_dags/example_xcomargs.py
[2022-05-09 23:43:40,279] {processor.py:642} INFO - Processing file /home/airflow/.local/lib/python3.7/site-packages/airflow/example_dags/example_xcomargs.py for tasks to queue
[2022-05-09 23:43:40,282] {logging_mixin.py:109} INFO - [2022-05-09 23:43:40,281] {dagbag.py:500} INFO - Filling up the DagBag from /home/airflow/.local/lib/python3.7/site-packages/airflow/example_dags/example_xcomargs.py
[2022-05-09 23:43:40,316] {processor.py:652} INFO - DAG(s) dict_keys(['example_xcom_args', 'example_xcom_args_with_operators']) retrieved from /home/airflow/.local/lib/python3.7/site-packages/airflow/example_dags/example_xcomargs.py
[2022-05-09 23:43:40,687] {logging_mixin.py:109} INFO - [2022-05-09 23:43:40,687] {dag.py:2398} INFO - Sync 2 DAGs
[2022-05-09 23:43:40,707] {logging_mixin.py:109} INFO - [2022-05-09 23:43:40,707] {dag.py:2937} INFO - Setting next_dagrun for example_xcom_args to None
[2022-05-09 23:43:40,708] {logging_mixin.py:109} INFO - [2022-05-09 23:43:40,708] {dag.py:2937} INFO - Setting next_dagrun for example_xcom_args_with_operators to None
[2022-05-09 23:43:40,725] {processor.py:171} INFO - Processing /home/airflow/.local/lib/python3.7/site-packages/airflow/example_dags/example_xcomargs.py took 0.453 seconds
[2022-05-09 23:44:11,362] {processor.py:163} INFO - Started process (PID=427) to work on /home/airflow/.local/lib/python3.7/site-packages/airflow/example_dags/example_xcomargs.py
[2022-05-09 23:44:11,365] {processor.py:642} INFO - Processing file /home/airflow/.local/lib/python3.7/site-packages/airflow/example_dags/example_xcomargs.py for tasks to queue
[2022-05-09 23:44:11,366] {logging_mixin.py:109} INFO - [2022-05-09 23:44:11,366] {dagbag.py:500} INFO - Filling up the DagBag from /home/airflow/.local/lib/python3.7/site-packages/airflow/example_dags/example_xcomargs.py
[2022-05-09 23:44:11,392] {processor.py:652} INFO - DAG(s) dict_keys(['example_xcom_args', 'example_xcom_args_with_operators']) retrieved from /home/airflow/.local/lib/python3.7/site-packages/airflow/example_dags/example_xcomargs.py
[2022-05-09 23:44:11,718] {logging_mixin.py:109} INFO - [2022-05-09 23:44:11,718] {dag.py:2398} INFO - Sync 2 DAGs
[2022-05-09 23:44:11,735] {logging_mixin.py:109} INFO - [2022-05-09 23:44:11,735] {dag.py:2937} INFO - Setting next_dagrun for example_xcom_args to None
[2022-05-09 23:44:11,736] {logging_mixin.py:109} INFO - [2022-05-09 23:44:11,736] {dag.py:2937} INFO - Setting next_dagrun for example_xcom_args_with_operators to None
[2022-05-09 23:44:11,750] {processor.py:171} INFO - Processing /home/airflow/.local/lib/python3.7/site-packages/airflow/example_dags/example_xcomargs.py took 0.392 seconds
[2022-05-09 23:44:42,205] {processor.py:163} INFO - Started process (PID=492) to work on /home/airflow/.local/lib/python3.7/site-packages/airflow/example_dags/example_xcomargs.py
[2022-05-09 23:44:42,208] {processor.py:642} INFO - Processing file /home/airflow/.local/lib/python3.7/site-packages/airflow/example_dags/example_xcomargs.py for tasks to queue
[2022-05-09 23:44:42,209] {logging_mixin.py:109} INFO - [2022-05-09 23:44:42,209] {dagbag.py:500} INFO - Filling up the DagBag from /home/airflow/.local/lib/python3.7/site-packages/airflow/example_dags/example_xcomargs.py
[2022-05-09 23:44:42,239] {processor.py:652} INFO - DAG(s) dict_keys(['example_xcom_args', 'example_xcom_args_with_operators']) retrieved from /home/airflow/.local/lib/python3.7/site-packages/airflow/example_dags/example_xcomargs.py
[2022-05-09 23:44:42,608] {logging_mixin.py:109} INFO - [2022-05-09 23:44:42,608] {dag.py:2398} INFO - Sync 2 DAGs
[2022-05-09 23:44:42,624] {logging_mixin.py:109} INFO - [2022-05-09 23:44:42,624] {dag.py:2937} INFO - Setting next_dagrun for example_xcom_args to None
[2022-05-09 23:44:42,625] {logging_mixin.py:109} INFO - [2022-05-09 23:44:42,625] {dag.py:2937} INFO - Setting next_dagrun for example_xcom_args_with_operators to None
[2022-05-09 23:44:42,639] {processor.py:171} INFO - Processing /home/airflow/.local/lib/python3.7/site-packages/airflow/example_dags/example_xcomargs.py took 0.439 seconds
[2022-05-09 23:45:13,111] {processor.py:163} INFO - Started process (PID=542) to work on /home/airflow/.local/lib/python3.7/site-packages/airflow/example_dags/example_xcomargs.py
[2022-05-09 23:45:13,113] {processor.py:642} INFO - Processing file /home/airflow/.local/lib/python3.7/site-packages/airflow/example_dags/example_xcomargs.py for tasks to queue
[2022-05-09 23:45:13,115] {logging_mixin.py:109} INFO - [2022-05-09 23:45:13,115] {dagbag.py:500} INFO - Filling up the DagBag from /home/airflow/.local/lib/python3.7/site-packages/airflow/example_dags/example_xcomargs.py
[2022-05-09 23:45:13,146] {processor.py:652} INFO - DAG(s) dict_keys(['example_xcom_args', 'example_xcom_args_with_operators']) retrieved from /home/airflow/.local/lib/python3.7/site-packages/airflow/example_dags/example_xcomargs.py
[2022-05-09 23:45:13,480] {logging_mixin.py:109} INFO - [2022-05-09 23:45:13,480] {dag.py:2398} INFO - Sync 2 DAGs
[2022-05-09 23:45:13,497] {logging_mixin.py:109} INFO - [2022-05-09 23:45:13,496] {dag.py:2937} INFO - Setting next_dagrun for example_xcom_args to None
[2022-05-09 23:45:13,498] {logging_mixin.py:109} INFO - [2022-05-09 23:45:13,498] {dag.py:2937} INFO - Setting next_dagrun for example_xcom_args_with_operators to None
[2022-05-09 23:45:13,510] {processor.py:171} INFO - Processing /home/airflow/.local/lib/python3.7/site-packages/airflow/example_dags/example_xcomargs.py took 0.405 seconds
[2022-05-09 23:45:44,316] {processor.py:163} INFO - Started process (PID=606) to work on /home/airflow/.local/lib/python3.7/site-packages/airflow/example_dags/example_xcomargs.py
[2022-05-09 23:45:44,318] {processor.py:642} INFO - Processing file /home/airflow/.local/lib/python3.7/site-packages/airflow/example_dags/example_xcomargs.py for tasks to queue
[2022-05-09 23:45:44,319] {logging_mixin.py:109} INFO - [2022-05-09 23:45:44,319] {dagbag.py:500} INFO - Filling up the DagBag from /home/airflow/.local/lib/python3.7/site-packages/airflow/example_dags/example_xcomargs.py
[2022-05-09 23:45:44,343] {processor.py:652} INFO - DAG(s) dict_keys(['example_xcom_args', 'example_xcom_args_with_operators']) retrieved from /home/airflow/.local/lib/python3.7/site-packages/airflow/example_dags/example_xcomargs.py
[2022-05-09 23:45:44,688] {logging_mixin.py:109} INFO - [2022-05-09 23:45:44,687] {dag.py:2398} INFO - Sync 2 DAGs
[2022-05-09 23:45:44,703] {logging_mixin.py:109} INFO - [2022-05-09 23:45:44,703] {dag.py:2937} INFO - Setting next_dagrun for example_xcom_args to None
[2022-05-09 23:45:44,704] {logging_mixin.py:109} INFO - [2022-05-09 23:45:44,704] {dag.py:2937} INFO - Setting next_dagrun for example_xcom_args_with_operators to None
[2022-05-09 23:45:44,716] {processor.py:171} INFO - Processing /home/airflow/.local/lib/python3.7/site-packages/airflow/example_dags/example_xcomargs.py took 0.405 seconds
[2022-05-09 23:46:15,303] {processor.py:163} INFO - Started process (PID=661) to work on /home/airflow/.local/lib/python3.7/site-packages/airflow/example_dags/example_xcomargs.py
[2022-05-09 23:46:15,305] {processor.py:642} INFO - Processing file /home/airflow/.local/lib/python3.7/site-packages/airflow/example_dags/example_xcomargs.py for tasks to queue
[2022-05-09 23:46:15,306] {logging_mixin.py:109} INFO - [2022-05-09 23:46:15,306] {dagbag.py:500} INFO - Filling up the DagBag from /home/airflow/.local/lib/python3.7/site-packages/airflow/example_dags/example_xcomargs.py
[2022-05-09 23:46:15,333] {processor.py:652} INFO - DAG(s) dict_keys(['example_xcom_args', 'example_xcom_args_with_operators']) retrieved from /home/airflow/.local/lib/python3.7/site-packages/airflow/example_dags/example_xcomargs.py
[2022-05-09 23:46:15,640] {logging_mixin.py:109} INFO - [2022-05-09 23:46:15,640] {dag.py:2398} INFO - Sync 2 DAGs
[2022-05-09 23:46:15,654] {logging_mixin.py:109} INFO - [2022-05-09 23:46:15,654] {dag.py:2937} INFO - Setting next_dagrun for example_xcom_args to None
[2022-05-09 23:46:15,655] {logging_mixin.py:109} INFO - [2022-05-09 23:46:15,655] {dag.py:2937} INFO - Setting next_dagrun for example_xcom_args_with_operators to None
[2022-05-09 23:46:15,667] {processor.py:171} INFO - Processing /home/airflow/.local/lib/python3.7/site-packages/airflow/example_dags/example_xcomargs.py took 0.370 seconds
[2022-05-09 23:46:46,064] {processor.py:163} INFO - Started process (PID=724) to work on /home/airflow/.local/lib/python3.7/site-packages/airflow/example_dags/example_xcomargs.py
[2022-05-09 23:46:46,075] {processor.py:642} INFO - Processing file /home/airflow/.local/lib/python3.7/site-packages/airflow/example_dags/example_xcomargs.py for tasks to queue
[2022-05-09 23:46:46,078] {logging_mixin.py:109} INFO - [2022-05-09 23:46:46,078] {dagbag.py:500} INFO - Filling up the DagBag from /home/airflow/.local/lib/python3.7/site-packages/airflow/example_dags/example_xcomargs.py
[2022-05-09 23:46:46,105] {processor.py:652} INFO - DAG(s) dict_keys(['example_xcom_args', 'example_xcom_args_with_operators']) retrieved from /home/airflow/.local/lib/python3.7/site-packages/airflow/example_dags/example_xcomargs.py
[2022-05-09 23:46:46,405] {logging_mixin.py:109} INFO - [2022-05-09 23:46:46,405] {dag.py:2398} INFO - Sync 2 DAGs
[2022-05-09 23:46:46,419] {logging_mixin.py:109} INFO - [2022-05-09 23:46:46,419] {dag.py:2937} INFO - Setting next_dagrun for example_xcom_args to None
[2022-05-09 23:46:46,420] {logging_mixin.py:109} INFO - [2022-05-09 23:46:46,420] {dag.py:2937} INFO - Setting next_dagrun for example_xcom_args_with_operators to None
[2022-05-09 23:46:46,432] {processor.py:171} INFO - Processing /home/airflow/.local/lib/python3.7/site-packages/airflow/example_dags/example_xcomargs.py took 0.372 seconds
[2022-05-09 23:47:17,036] {processor.py:163} INFO - Started process (PID=772) to work on /home/airflow/.local/lib/python3.7/site-packages/airflow/example_dags/example_xcomargs.py
[2022-05-09 23:47:17,038] {processor.py:642} INFO - Processing file /home/airflow/.local/lib/python3.7/site-packages/airflow/example_dags/example_xcomargs.py for tasks to queue
[2022-05-09 23:47:17,040] {logging_mixin.py:109} INFO - [2022-05-09 23:47:17,039] {dagbag.py:500} INFO - Filling up the DagBag from /home/airflow/.local/lib/python3.7/site-packages/airflow/example_dags/example_xcomargs.py
[2022-05-09 23:47:17,067] {processor.py:652} INFO - DAG(s) dict_keys(['example_xcom_args', 'example_xcom_args_with_operators']) retrieved from /home/airflow/.local/lib/python3.7/site-packages/airflow/example_dags/example_xcomargs.py
[2022-05-09 23:47:17,411] {logging_mixin.py:109} INFO - [2022-05-09 23:47:17,411] {dag.py:2398} INFO - Sync 2 DAGs
[2022-05-09 23:47:17,428] {logging_mixin.py:109} INFO - [2022-05-09 23:47:17,428] {dag.py:2937} INFO - Setting next_dagrun for example_xcom_args to None
[2022-05-09 23:47:17,429] {logging_mixin.py:109} INFO - [2022-05-09 23:47:17,429] {dag.py:2937} INFO - Setting next_dagrun for example_xcom_args_with_operators to None
[2022-05-09 23:47:17,442] {processor.py:171} INFO - Processing /home/airflow/.local/lib/python3.7/site-packages/airflow/example_dags/example_xcomargs.py took 0.411 seconds
[2022-05-09 23:47:47,477] {processor.py:163} INFO - Started process (PID=832) to work on /home/airflow/.local/lib/python3.7/site-packages/airflow/example_dags/example_xcomargs.py
[2022-05-09 23:47:47,480] {processor.py:642} INFO - Processing file /home/airflow/.local/lib/python3.7/site-packages/airflow/example_dags/example_xcomargs.py for tasks to queue
[2022-05-09 23:47:47,481] {logging_mixin.py:109} INFO - [2022-05-09 23:47:47,481] {dagbag.py:500} INFO - Filling up the DagBag from /home/airflow/.local/lib/python3.7/site-packages/airflow/example_dags/example_xcomargs.py
[2022-05-09 23:47:47,507] {processor.py:652} INFO - DAG(s) dict_keys(['example_xcom_args', 'example_xcom_args_with_operators']) retrieved from /home/airflow/.local/lib/python3.7/site-packages/airflow/example_dags/example_xcomargs.py
[2022-05-09 23:47:47,835] {logging_mixin.py:109} INFO - [2022-05-09 23:47:47,835] {dag.py:2398} INFO - Sync 2 DAGs
[2022-05-09 23:47:47,851] {logging_mixin.py:109} INFO - [2022-05-09 23:47:47,851] {dag.py:2937} INFO - Setting next_dagrun for example_xcom_args to None
[2022-05-09 23:47:47,852] {logging_mixin.py:109} INFO - [2022-05-09 23:47:47,852] {dag.py:2937} INFO - Setting next_dagrun for example_xcom_args_with_operators to None
[2022-05-09 23:47:47,864] {processor.py:171} INFO - Processing /home/airflow/.local/lib/python3.7/site-packages/airflow/example_dags/example_xcomargs.py took 0.391 seconds
[2022-05-09 23:48:18,280] {processor.py:163} INFO - Started process (PID=883) to work on /home/airflow/.local/lib/python3.7/site-packages/airflow/example_dags/example_xcomargs.py
[2022-05-09 23:48:18,283] {processor.py:642} INFO - Processing file /home/airflow/.local/lib/python3.7/site-packages/airflow/example_dags/example_xcomargs.py for tasks to queue
[2022-05-09 23:48:18,284] {logging_mixin.py:109} INFO - [2022-05-09 23:48:18,284] {dagbag.py:500} INFO - Filling up the DagBag from /home/airflow/.local/lib/python3.7/site-packages/airflow/example_dags/example_xcomargs.py
[2022-05-09 23:48:18,311] {processor.py:652} INFO - DAG(s) dict_keys(['example_xcom_args', 'example_xcom_args_with_operators']) retrieved from /home/airflow/.local/lib/python3.7/site-packages/airflow/example_dags/example_xcomargs.py
[2022-05-09 23:48:18,728] {logging_mixin.py:109} INFO - [2022-05-09 23:48:18,728] {dag.py:2398} INFO - Sync 2 DAGs
[2022-05-09 23:48:18,745] {logging_mixin.py:109} INFO - [2022-05-09 23:48:18,745] {dag.py:2937} INFO - Setting next_dagrun for example_xcom_args to None
[2022-05-09 23:48:18,746] {logging_mixin.py:109} INFO - [2022-05-09 23:48:18,746] {dag.py:2937} INFO - Setting next_dagrun for example_xcom_args_with_operators to None
[2022-05-09 23:48:18,738] {processor.py:171} INFO - Processing /home/airflow/.local/lib/python3.7/site-packages/airflow/example_dags/example_xcomargs.py took 0.487 seconds
[2022-05-09 23:48:49,149] {processor.py:163} INFO - Started process (PID=947) to work on /home/airflow/.local/lib/python3.7/site-packages/airflow/example_dags/example_xcomargs.py
[2022-05-09 23:48:49,151] {processor.py:642} INFO - Processing file /home/airflow/.local/lib/python3.7/site-packages/airflow/example_dags/example_xcomargs.py for tasks to queue
[2022-05-09 23:48:49,153] {logging_mixin.py:109} INFO - [2022-05-09 23:48:49,152] {dagbag.py:500} INFO - Filling up the DagBag from /home/airflow/.local/lib/python3.7/site-packages/airflow/example_dags/example_xcomargs.py
[2022-05-09 23:48:49,178] {processor.py:652} INFO - DAG(s) dict_keys(['example_xcom_args', 'example_xcom_args_with_operators']) retrieved from /home/airflow/.local/lib/python3.7/site-packages/airflow/example_dags/example_xcomargs.py
[2022-05-09 23:48:49,481] {logging_mixin.py:109} INFO - [2022-05-09 23:48:49,481] {dag.py:2398} INFO - Sync 2 DAGs
[2022-05-09 23:48:49,495] {logging_mixin.py:109} INFO - [2022-05-09 23:48:49,495] {dag.py:2937} INFO - Setting next_dagrun for example_xcom_args to None
[2022-05-09 23:48:49,496] {logging_mixin.py:109} INFO - [2022-05-09 23:48:49,496] {dag.py:2937} INFO - Setting next_dagrun for example_xcom_args_with_operators to None
[2022-05-09 23:48:49,508] {processor.py:171} INFO - Processing /home/airflow/.local/lib/python3.7/site-packages/airflow/example_dags/example_xcomargs.py took 0.363 seconds
[2022-05-09 23:49:19,699] {processor.py:163} INFO - Started process (PID=1008) to work on /home/airflow/.local/lib/python3.7/site-packages/airflow/example_dags/example_xcomargs.py
[2022-05-09 23:49:19,701] {processor.py:642} INFO - Processing file /home/airflow/.local/lib/python3.7/site-packages/airflow/example_dags/example_xcomargs.py for tasks to queue
[2022-05-09 23:49:19,702] {logging_mixin.py:109} INFO - [2022-05-09 23:49:19,702] {dagbag.py:500} INFO - Filling up the DagBag from /home/airflow/.local/lib/python3.7/site-packages/airflow/example_dags/example_xcomargs.py
[2022-05-09 23:49:19,726] {processor.py:652} INFO - DAG(s) dict_keys(['example_xcom_args', 'example_xcom_args_with_operators']) retrieved from /home/airflow/.local/lib/python3.7/site-packages/airflow/example_dags/example_xcomargs.py
[2022-05-09 23:49:20,046] {logging_mixin.py:109} INFO - [2022-05-09 23:49:20,046] {dag.py:2398} INFO - Sync 2 DAGs
[2022-05-09 23:49:20,064] {logging_mixin.py:109} INFO - [2022-05-09 23:49:20,064] {dag.py:2937} INFO - Setting next_dagrun for example_xcom_args to None
[2022-05-09 23:49:20,065] {logging_mixin.py:109} INFO - [2022-05-09 23:49:20,065] {dag.py:2937} INFO - Setting next_dagrun for example_xcom_args_with_operators to None
[2022-05-09 23:49:20,078] {processor.py:171} INFO - Processing /home/airflow/.local/lib/python3.7/site-packages/airflow/example_dags/example_xcomargs.py took 0.382 seconds
[2022-05-09 23:49:50,507] {processor.py:163} INFO - Started process (PID=1060) to work on /home/airflow/.local/lib/python3.7/site-packages/airflow/example_dags/example_xcomargs.py
[2022-05-09 23:49:50,509] {processor.py:642} INFO - Processing file /home/airflow/.local/lib/python3.7/site-packages/airflow/example_dags/example_xcomargs.py for tasks to queue
[2022-05-09 23:49:50,510] {logging_mixin.py:109} INFO - [2022-05-09 23:49:50,510] {dagbag.py:500} INFO - Filling up the DagBag from /home/airflow/.local/lib/python3.7/site-packages/airflow/example_dags/example_xcomargs.py
[2022-05-09 23:49:50,533] {processor.py:652} INFO - DAG(s) dict_keys(['example_xcom_args', 'example_xcom_args_with_operators']) retrieved from /home/airflow/.local/lib/python3.7/site-packages/airflow/example_dags/example_xcomargs.py
[2022-05-09 23:49:50,828] {logging_mixin.py:109} INFO - [2022-05-09 23:49:50,828] {dag.py:2398} INFO - Sync 2 DAGs
[2022-05-09 23:49:50,843] {logging_mixin.py:109} INFO - [2022-05-09 23:49:50,843] {dag.py:2937} INFO - Setting next_dagrun for example_xcom_args to None
[2022-05-09 23:49:50,844] {logging_mixin.py:109} INFO - [2022-05-09 23:49:50,844] {dag.py:2937} INFO - Setting next_dagrun for example_xcom_args_with_operators to None
[2022-05-09 23:49:50,856] {processor.py:171} INFO - Processing /home/airflow/.local/lib/python3.7/site-packages/airflow/example_dags/example_xcomargs.py took 0.353 seconds
[2022-05-09 23:50:21,187] {processor.py:163} INFO - Started process (PID=1120) to work on /home/airflow/.local/lib/python3.7/site-packages/airflow/example_dags/example_xcomargs.py
[2022-05-09 23:50:21,189] {processor.py:642} INFO - Processing file /home/airflow/.local/lib/python3.7/site-packages/airflow/example_dags/example_xcomargs.py for tasks to queue
[2022-05-09 23:50:21,190] {logging_mixin.py:109} INFO - [2022-05-09 23:50:21,190] {dagbag.py:500} INFO - Filling up the DagBag from /home/airflow/.local/lib/python3.7/site-packages/airflow/example_dags/example_xcomargs.py
[2022-05-09 23:50:21,214] {processor.py:652} INFO - DAG(s) dict_keys(['example_xcom_args', 'example_xcom_args_with_operators']) retrieved from /home/airflow/.local/lib/python3.7/site-packages/airflow/example_dags/example_xcomargs.py
[2022-05-09 23:50:21,506] {logging_mixin.py:109} INFO - [2022-05-09 23:50:21,506] {dag.py:2398} INFO - Sync 2 DAGs
[2022-05-09 23:50:21,521] {logging_mixin.py:109} INFO - [2022-05-09 23:50:21,521] {dag.py:2937} INFO - Setting next_dagrun for example_xcom_args to None
[2022-05-09 23:50:21,523] {logging_mixin.py:109} INFO - [2022-05-09 23:50:21,523] {dag.py:2937} INFO - Setting next_dagrun for example_xcom_args_with_operators to None
[2022-05-09 23:50:21,534] {processor.py:171} INFO - Processing /home/airflow/.local/lib/python3.7/site-packages/airflow/example_dags/example_xcomargs.py took 0.351 seconds
[2022-05-09 23:50:51,789] {processor.py:163} INFO - Started process (PID=1173) to work on /home/airflow/.local/lib/python3.7/site-packages/airflow/example_dags/example_xcomargs.py
[2022-05-09 23:50:51,791] {processor.py:642} INFO - Processing file /home/airflow/.local/lib/python3.7/site-packages/airflow/example_dags/example_xcomargs.py for tasks to queue
[2022-05-09 23:50:51,792] {logging_mixin.py:109} INFO - [2022-05-09 23:50:51,792] {dagbag.py:500} INFO - Filling up the DagBag from /home/airflow/.local/lib/python3.7/site-packages/airflow/example_dags/example_xcomargs.py
[2022-05-09 23:50:51,816] {processor.py:652} INFO - DAG(s) dict_keys(['example_xcom_args', 'example_xcom_args_with_operators']) retrieved from /home/airflow/.local/lib/python3.7/site-packages/airflow/example_dags/example_xcomargs.py
[2022-05-09 23:50:51,843] {logging_mixin.py:109} INFO - [2022-05-09 23:50:51,843] {dag.py:2398} INFO - Sync 2 DAGs
[2022-05-09 23:50:51,860] {logging_mixin.py:109} INFO - [2022-05-09 23:50:51,860] {dag.py:2937} INFO - Setting next_dagrun for example_xcom_args to None
[2022-05-09 23:50:51,861] {logging_mixin.py:109} INFO - [2022-05-09 23:50:51,861] {dag.py:2937} INFO - Setting next_dagrun for example_xcom_args_with_operators to None
[2022-05-09 23:50:51,872] {processor.py:171} INFO - Processing /home/airflow/.local/lib/python3.7/site-packages/airflow/example_dags/example_xcomargs.py took 0.087 seconds
[2022-05-09 23:51:22,269] {processor.py:163} INFO - Started process (PID=1233) to work on /home/airflow/.local/lib/python3.7/site-packages/airflow/example_dags/example_xcomargs.py
[2022-05-09 23:51:22,271] {processor.py:642} INFO - Processing file /home/airflow/.local/lib/python3.7/site-packages/airflow/example_dags/example_xcomargs.py for tasks to queue
[2022-05-09 23:51:22,273] {logging_mixin.py:109} INFO - [2022-05-09 23:51:22,273] {dagbag.py:500} INFO - Filling up the DagBag from /home/airflow/.local/lib/python3.7/site-packages/airflow/example_dags/example_xcomargs.py
[2022-05-09 23:51:22,295] {processor.py:652} INFO - DAG(s) dict_keys(['example_xcom_args', 'example_xcom_args_with_operators']) retrieved from /home/airflow/.local/lib/python3.7/site-packages/airflow/example_dags/example_xcomargs.py
[2022-05-09 23:51:22,591] {logging_mixin.py:109} INFO - [2022-05-09 23:51:22,591] {dag.py:2398} INFO - Sync 2 DAGs
[2022-05-09 23:51:22,606] {logging_mixin.py:109} INFO - [2022-05-09 23:51:22,606] {dag.py:2937} INFO - Setting next_dagrun for example_xcom_args to None
[2022-05-09 23:51:22,607] {logging_mixin.py:109} INFO - [2022-05-09 23:51:22,607] {dag.py:2937} INFO - Setting next_dagrun for example_xcom_args_with_operators to None
[2022-05-09 23:51:22,618] {processor.py:171} INFO - Processing /home/airflow/.local/lib/python3.7/site-packages/airflow/example_dags/example_xcomargs.py took 0.352 seconds
[2022-05-09 23:51:52,955] {processor.py:163} INFO - Started process (PID=1292) to work on /home/airflow/.local/lib/python3.7/site-packages/airflow/example_dags/example_xcomargs.py
[2022-05-09 23:51:52,956] {processor.py:642} INFO - Processing file /home/airflow/.local/lib/python3.7/site-packages/airflow/example_dags/example_xcomargs.py for tasks to queue
[2022-05-09 23:51:52,958] {logging_mixin.py:109} INFO - [2022-05-09 23:51:52,958] {dagbag.py:500} INFO - Filling up the DagBag from /home/airflow/.local/lib/python3.7/site-packages/airflow/example_dags/example_xcomargs.py
[2022-05-09 23:51:52,982] {processor.py:652} INFO - DAG(s) dict_keys(['example_xcom_args', 'example_xcom_args_with_operators']) retrieved from /home/airflow/.local/lib/python3.7/site-packages/airflow/example_dags/example_xcomargs.py
[2022-05-09 23:51:53,292] {logging_mixin.py:109} INFO - [2022-05-09 23:51:53,292] {dag.py:2398} INFO - Sync 2 DAGs
[2022-05-09 23:51:53,308] {logging_mixin.py:109} INFO - [2022-05-09 23:51:53,308] {dag.py:2937} INFO - Setting next_dagrun for example_xcom_args to None
[2022-05-09 23:51:53,309] {logging_mixin.py:109} INFO - [2022-05-09 23:51:53,309] {dag.py:2937} INFO - Setting next_dagrun for example_xcom_args_with_operators to None
[2022-05-09 23:51:53,323] {processor.py:171} INFO - Processing /home/airflow/.local/lib/python3.7/site-packages/airflow/example_dags/example_xcomargs.py took 0.374 seconds
[2022-05-09 23:52:23,569] {processor.py:163} INFO - Started process (PID=1345) to work on /home/airflow/.local/lib/python3.7/site-packages/airflow/example_dags/example_xcomargs.py
[2022-05-09 23:52:23,571] {processor.py:642} INFO - Processing file /home/airflow/.local/lib/python3.7/site-packages/airflow/example_dags/example_xcomargs.py for tasks to queue
[2022-05-09 23:52:23,572] {logging_mixin.py:109} INFO - [2022-05-09 23:52:23,572] {dagbag.py:500} INFO - Filling up the DagBag from /home/airflow/.local/lib/python3.7/site-packages/airflow/example_dags/example_xcomargs.py
[2022-05-09 23:52:23,598] {processor.py:652} INFO - DAG(s) dict_keys(['example_xcom_args', 'example_xcom_args_with_operators']) retrieved from /home/airflow/.local/lib/python3.7/site-packages/airflow/example_dags/example_xcomargs.py
[2022-05-09 23:52:23,920] {logging_mixin.py:109} INFO - [2022-05-09 23:52:23,920] {dag.py:2398} INFO - Sync 2 DAGs
[2022-05-09 23:52:23,935] {logging_mixin.py:109} INFO - [2022-05-09 23:52:23,935] {dag.py:2937} INFO - Setting next_dagrun for example_xcom_args to None
[2022-05-09 23:52:23,936] {logging_mixin.py:109} INFO - [2022-05-09 23:52:23,936] {dag.py:2937} INFO - Setting next_dagrun for example_xcom_args_with_operators to None
[2022-05-09 23:52:23,948] {processor.py:171} INFO - Processing /home/airflow/.local/lib/python3.7/site-packages/airflow/example_dags/example_xcomargs.py took 0.383 seconds
[2022-05-09 23:52:54,308] {processor.py:163} INFO - Started process (PID=1406) to work on /home/airflow/.local/lib/python3.7/site-packages/airflow/example_dags/example_xcomargs.py
[2022-05-09 23:52:54,310] {processor.py:642} INFO - Processing file /home/airflow/.local/lib/python3.7/site-packages/airflow/example_dags/example_xcomargs.py for tasks to queue
[2022-05-09 23:52:54,312] {logging_mixin.py:109} INFO - [2022-05-09 23:52:54,312] {dagbag.py:500} INFO - Filling up the DagBag from /home/airflow/.local/lib/python3.7/site-packages/airflow/example_dags/example_xcomargs.py
[2022-05-09 23:52:54,356] {processor.py:652} INFO - DAG(s) dict_keys(['example_xcom_args', 'example_xcom_args_with_operators']) retrieved from /home/airflow/.local/lib/python3.7/site-packages/airflow/example_dags/example_xcomargs.py
[2022-05-09 23:52:54,748] {logging_mixin.py:109} INFO - [2022-05-09 23:52:54,748] {dag.py:2398} INFO - Sync 2 DAGs
[2022-05-09 23:52:54,773] {logging_mixin.py:109} INFO - [2022-05-09 23:52:54,773] {dag.py:2937} INFO - Setting next_dagrun for example_xcom_args to None
[2022-05-09 23:52:54,774] {logging_mixin.py:109} INFO - [2022-05-09 23:52:54,774] {dag.py:2937} INFO - Setting next_dagrun for example_xcom_args_with_operators to None
[2022-05-09 23:52:54,789] {processor.py:171} INFO - Processing /home/airflow/.local/lib/python3.7/site-packages/airflow/example_dags/example_xcomargs.py took 0.485 seconds
[2022-05-09 23:53:25,082] {processor.py:163} INFO - Started process (PID=1460) to work on /home/airflow/.local/lib/python3.7/site-packages/airflow/example_dags/example_xcomargs.py
[2022-05-09 23:53:25,083] {processor.py:642} INFO - Processing file /home/airflow/.local/lib/python3.7/site-packages/airflow/example_dags/example_xcomargs.py for tasks to queue
[2022-05-09 23:53:25,084] {logging_mixin.py:109} INFO - [2022-05-09 23:53:25,084] {dagbag.py:500} INFO - Filling up the DagBag from /home/airflow/.local/lib/python3.7/site-packages/airflow/example_dags/example_xcomargs.py
[2022-05-09 23:53:25,107] {processor.py:652} INFO - DAG(s) dict_keys(['example_xcom_args', 'example_xcom_args_with_operators']) retrieved from /home/airflow/.local/lib/python3.7/site-packages/airflow/example_dags/example_xcomargs.py
[2022-05-09 23:53:25,405] {logging_mixin.py:109} INFO - [2022-05-09 23:53:25,405] {dag.py:2398} INFO - Sync 2 DAGs
[2022-05-09 23:53:25,420] {logging_mixin.py:109} INFO - [2022-05-09 23:53:25,420] {dag.py:2937} INFO - Setting next_dagrun for example_xcom_args to None
[2022-05-09 23:53:25,421] {logging_mixin.py:109} INFO - [2022-05-09 23:53:25,420] {dag.py:2937} INFO - Setting next_dagrun for example_xcom_args_with_operators to None
[2022-05-09 23:53:25,433] {processor.py:171} INFO - Processing /home/airflow/.local/lib/python3.7/site-packages/airflow/example_dags/example_xcomargs.py took 0.355 seconds
[2022-05-09 23:53:55,606] {processor.py:163} INFO - Started process (PID=1520) to work on /home/airflow/.local/lib/python3.7/site-packages/airflow/example_dags/example_xcomargs.py
[2022-05-09 23:53:55,608] {processor.py:642} INFO - Processing file /home/airflow/.local/lib/python3.7/site-packages/airflow/example_dags/example_xcomargs.py for tasks to queue
[2022-05-09 23:53:55,610] {logging_mixin.py:109} INFO - [2022-05-09 23:53:55,610] {dagbag.py:500} INFO - Filling up the DagBag from /home/airflow/.local/lib/python3.7/site-packages/airflow/example_dags/example_xcomargs.py
[2022-05-09 23:53:55,644] {processor.py:652} INFO - DAG(s) dict_keys(['example_xcom_args', 'example_xcom_args_with_operators']) retrieved from /home/airflow/.local/lib/python3.7/site-packages/airflow/example_dags/example_xcomargs.py
[2022-05-09 23:53:55,956] {logging_mixin.py:109} INFO - [2022-05-09 23:53:55,956] {dag.py:2398} INFO - Sync 2 DAGs
[2022-05-09 23:53:55,971] {logging_mixin.py:109} INFO - [2022-05-09 23:53:55,971] {dag.py:2937} INFO - Setting next_dagrun for example_xcom_args to None
[2022-05-09 23:53:55,972] {logging_mixin.py:109} INFO - [2022-05-09 23:53:55,972] {dag.py:2937} INFO - Setting next_dagrun for example_xcom_args_with_operators to None
[2022-05-09 23:53:55,985] {processor.py:171} INFO - Processing /home/airflow/.local/lib/python3.7/site-packages/airflow/example_dags/example_xcomargs.py took 0.384 seconds
[2022-05-09 23:54:26,310] {processor.py:163} INFO - Started process (PID=1573) to work on /home/airflow/.local/lib/python3.7/site-packages/airflow/example_dags/example_xcomargs.py
[2022-05-09 23:54:26,312] {processor.py:642} INFO - Processing file /home/airflow/.local/lib/python3.7/site-packages/airflow/example_dags/example_xcomargs.py for tasks to queue
[2022-05-09 23:54:26,313] {logging_mixin.py:109} INFO - [2022-05-09 23:54:26,313] {dagbag.py:500} INFO - Filling up the DagBag from /home/airflow/.local/lib/python3.7/site-packages/airflow/example_dags/example_xcomargs.py
[2022-05-09 23:54:26,338] {processor.py:652} INFO - DAG(s) dict_keys(['example_xcom_args', 'example_xcom_args_with_operators']) retrieved from /home/airflow/.local/lib/python3.7/site-packages/airflow/example_dags/example_xcomargs.py
[2022-05-09 23:54:26,636] {logging_mixin.py:109} INFO - [2022-05-09 23:54:26,636] {dag.py:2398} INFO - Sync 2 DAGs
[2022-05-09 23:54:26,682] {logging_mixin.py:109} INFO - [2022-05-09 23:54:26,682] {dag.py:2937} INFO - Setting next_dagrun for example_xcom_args to None
[2022-05-09 23:54:26,683] {logging_mixin.py:109} INFO - [2022-05-09 23:54:26,683] {dag.py:2937} INFO - Setting next_dagrun for example_xcom_args_with_operators to None
[2022-05-09 23:54:26,696] {processor.py:171} INFO - Processing /home/airflow/.local/lib/python3.7/site-packages/airflow/example_dags/example_xcomargs.py took 0.390 seconds
[2022-05-09 23:54:56,814] {processor.py:163} INFO - Started process (PID=1634) to work on /home/airflow/.local/lib/python3.7/site-packages/airflow/example_dags/example_xcomargs.py
[2022-05-09 23:54:56,816] {processor.py:642} INFO - Processing file /home/airflow/.local/lib/python3.7/site-packages/airflow/example_dags/example_xcomargs.py for tasks to queue
[2022-05-09 23:54:56,817] {logging_mixin.py:109} INFO - [2022-05-09 23:54:56,817] {dagbag.py:500} INFO - Filling up the DagBag from /home/airflow/.local/lib/python3.7/site-packages/airflow/example_dags/example_xcomargs.py
[2022-05-09 23:54:56,844] {processor.py:652} INFO - DAG(s) dict_keys(['example_xcom_args', 'example_xcom_args_with_operators']) retrieved from /home/airflow/.local/lib/python3.7/site-packages/airflow/example_dags/example_xcomargs.py
[2022-05-09 23:54:57,164] {logging_mixin.py:109} INFO - [2022-05-09 23:54:57,164] {dag.py:2398} INFO - Sync 2 DAGs
[2022-05-09 23:54:57,180] {logging_mixin.py:109} INFO - [2022-05-09 23:54:57,180] {dag.py:2937} INFO - Setting next_dagrun for example_xcom_args to None
[2022-05-09 23:54:57,181] {logging_mixin.py:109} INFO - [2022-05-09 23:54:57,180] {dag.py:2937} INFO - Setting next_dagrun for example_xcom_args_with_operators to None
[2022-05-09 23:54:57,192] {processor.py:171} INFO - Processing /home/airflow/.local/lib/python3.7/site-packages/airflow/example_dags/example_xcomargs.py took 0.382 seconds
[2022-05-09 23:55:27,333] {processor.py:163} INFO - Started process (PID=1694) to work on /home/airflow/.local/lib/python3.7/site-packages/airflow/example_dags/example_xcomargs.py
[2022-05-09 23:55:27,335] {processor.py:642} INFO - Processing file /home/airflow/.local/lib/python3.7/site-packages/airflow/example_dags/example_xcomargs.py for tasks to queue
[2022-05-09 23:55:27,337] {logging_mixin.py:109} INFO - [2022-05-09 23:55:27,337] {dagbag.py:500} INFO - Filling up the DagBag from /home/airflow/.local/lib/python3.7/site-packages/airflow/example_dags/example_xcomargs.py
[2022-05-09 23:55:27,361] {processor.py:652} INFO - DAG(s) dict_keys(['example_xcom_args', 'example_xcom_args_with_operators']) retrieved from /home/airflow/.local/lib/python3.7/site-packages/airflow/example_dags/example_xcomargs.py
[2022-05-09 23:55:27,702] {logging_mixin.py:109} INFO - [2022-05-09 23:55:27,701] {dag.py:2398} INFO - Sync 2 DAGs
[2022-05-09 23:55:27,721] {logging_mixin.py:109} INFO - [2022-05-09 23:55:27,721] {dag.py:2937} INFO - Setting next_dagrun for example_xcom_args to None
[2022-05-09 23:55:27,722] {logging_mixin.py:109} INFO - [2022-05-09 23:55:27,722] {dag.py:2937} INFO - Setting next_dagrun for example_xcom_args_with_operators to None
[2022-05-09 23:55:27,737] {processor.py:171} INFO - Processing /home/airflow/.local/lib/python3.7/site-packages/airflow/example_dags/example_xcomargs.py took 0.408 seconds
[2022-05-09 23:55:58,099] {processor.py:163} INFO - Started process (PID=1745) to work on /home/airflow/.local/lib/python3.7/site-packages/airflow/example_dags/example_xcomargs.py
[2022-05-09 23:55:58,100] {processor.py:642} INFO - Processing file /home/airflow/.local/lib/python3.7/site-packages/airflow/example_dags/example_xcomargs.py for tasks to queue
[2022-05-09 23:55:58,101] {logging_mixin.py:109} INFO - [2022-05-09 23:55:58,101] {dagbag.py:500} INFO - Filling up the DagBag from /home/airflow/.local/lib/python3.7/site-packages/airflow/example_dags/example_xcomargs.py
[2022-05-09 23:55:58,124] {processor.py:652} INFO - DAG(s) dict_keys(['example_xcom_args', 'example_xcom_args_with_operators']) retrieved from /home/airflow/.local/lib/python3.7/site-packages/airflow/example_dags/example_xcomargs.py
[2022-05-09 23:55:58,418] {logging_mixin.py:109} INFO - [2022-05-09 23:55:58,418] {dag.py:2398} INFO - Sync 2 DAGs
[2022-05-09 23:55:58,433] {logging_mixin.py:109} INFO - [2022-05-09 23:55:58,433] {dag.py:2937} INFO - Setting next_dagrun for example_xcom_args to None
[2022-05-09 23:55:58,435] {logging_mixin.py:109} INFO - [2022-05-09 23:55:58,434] {dag.py:2937} INFO - Setting next_dagrun for example_xcom_args_with_operators to None
[2022-05-09 23:55:58,445] {processor.py:171} INFO - Processing /home/airflow/.local/lib/python3.7/site-packages/airflow/example_dags/example_xcomargs.py took 0.350 seconds
[2022-05-09 23:56:28,976] {processor.py:163} INFO - Started process (PID=1808) to work on /home/airflow/.local/lib/python3.7/site-packages/airflow/example_dags/example_xcomargs.py
[2022-05-09 23:56:28,978] {processor.py:642} INFO - Processing file /home/airflow/.local/lib/python3.7/site-packages/airflow/example_dags/example_xcomargs.py for tasks to queue
[2022-05-09 23:56:28,979] {logging_mixin.py:109} INFO - [2022-05-09 23:56:28,979] {dagbag.py:500} INFO - Filling up the DagBag from /home/airflow/.local/lib/python3.7/site-packages/airflow/example_dags/example_xcomargs.py
[2022-05-09 23:56:29,004] {processor.py:652} INFO - DAG(s) dict_keys(['example_xcom_args', 'example_xcom_args_with_operators']) retrieved from /home/airflow/.local/lib/python3.7/site-packages/airflow/example_dags/example_xcomargs.py
[2022-05-09 23:56:29,300] {logging_mixin.py:109} INFO - [2022-05-09 23:56:29,300] {dag.py:2398} INFO - Sync 2 DAGs
[2022-05-09 23:56:29,316] {logging_mixin.py:109} INFO - [2022-05-09 23:56:29,316] {dag.py:2937} INFO - Setting next_dagrun for example_xcom_args to None
[2022-05-09 23:56:29,317] {logging_mixin.py:109} INFO - [2022-05-09 23:56:29,317] {dag.py:2937} INFO - Setting next_dagrun for example_xcom_args_with_operators to None
[2022-05-09 23:56:29,329] {processor.py:171} INFO - Processing /home/airflow/.local/lib/python3.7/site-packages/airflow/example_dags/example_xcomargs.py took 0.357 seconds
[2022-05-09 23:56:59,530] {processor.py:163} INFO - Started process (PID=1858) to work on /home/airflow/.local/lib/python3.7/site-packages/airflow/example_dags/example_xcomargs.py
[2022-05-09 23:56:59,533] {processor.py:642} INFO - Processing file /home/airflow/.local/lib/python3.7/site-packages/airflow/example_dags/example_xcomargs.py for tasks to queue
[2022-05-09 23:56:59,535] {logging_mixin.py:109} INFO - [2022-05-09 23:56:59,535] {dagbag.py:500} INFO - Filling up the DagBag from /home/airflow/.local/lib/python3.7/site-packages/airflow/example_dags/example_xcomargs.py
[2022-05-09 23:56:59,561] {processor.py:652} INFO - DAG(s) dict_keys(['example_xcom_args', 'example_xcom_args_with_operators']) retrieved from /home/airflow/.local/lib/python3.7/site-packages/airflow/example_dags/example_xcomargs.py
[2022-05-09 23:56:59,866] {logging_mixin.py:109} INFO - [2022-05-09 23:56:59,865] {dag.py:2398} INFO - Sync 2 DAGs
[2022-05-09 23:56:59,880] {logging_mixin.py:109} INFO - [2022-05-09 23:56:59,880] {dag.py:2937} INFO - Setting next_dagrun for example_xcom_args to None
[2022-05-09 23:56:59,882] {logging_mixin.py:109} INFO - [2022-05-09 23:56:59,882] {dag.py:2937} INFO - Setting next_dagrun for example_xcom_args_with_operators to None
[2022-05-09 23:56:59,893] {processor.py:171} INFO - Processing /home/airflow/.local/lib/python3.7/site-packages/airflow/example_dags/example_xcomargs.py took 0.366 seconds
[2022-05-09 23:57:30,119] {processor.py:163} INFO - Started process (PID=1919) to work on /home/airflow/.local/lib/python3.7/site-packages/airflow/example_dags/example_xcomargs.py
[2022-05-09 23:57:30,121] {processor.py:642} INFO - Processing file /home/airflow/.local/lib/python3.7/site-packages/airflow/example_dags/example_xcomargs.py for tasks to queue
[2022-05-09 23:57:30,122] {logging_mixin.py:109} INFO - [2022-05-09 23:57:30,122] {dagbag.py:500} INFO - Filling up the DagBag from /home/airflow/.local/lib/python3.7/site-packages/airflow/example_dags/example_xcomargs.py
[2022-05-09 23:57:30,146] {processor.py:652} INFO - DAG(s) dict_keys(['example_xcom_args', 'example_xcom_args_with_operators']) retrieved from /home/airflow/.local/lib/python3.7/site-packages/airflow/example_dags/example_xcomargs.py
[2022-05-09 23:57:30,435] {logging_mixin.py:109} INFO - [2022-05-09 23:57:30,435] {dag.py:2398} INFO - Sync 2 DAGs
[2022-05-09 23:57:30,450] {logging_mixin.py:109} INFO - [2022-05-09 23:57:30,450] {dag.py:2937} INFO - Setting next_dagrun for example_xcom_args to None
[2022-05-09 23:57:30,451] {logging_mixin.py:109} INFO - [2022-05-09 23:57:30,451] {dag.py:2937} INFO - Setting next_dagrun for example_xcom_args_with_operators to None
[2022-05-09 23:57:30,462] {processor.py:171} INFO - Processing /home/airflow/.local/lib/python3.7/site-packages/airflow/example_dags/example_xcomargs.py took 0.347 seconds
[2022-05-09 23:58:00,734] {processor.py:163} INFO - Started process (PID=1970) to work on /home/airflow/.local/lib/python3.7/site-packages/airflow/example_dags/example_xcomargs.py
[2022-05-09 23:58:00,736] {processor.py:642} INFO - Processing file /home/airflow/.local/lib/python3.7/site-packages/airflow/example_dags/example_xcomargs.py for tasks to queue
[2022-05-09 23:58:00,738] {logging_mixin.py:109} INFO - [2022-05-09 23:58:00,738] {dagbag.py:500} INFO - Filling up the DagBag from /home/airflow/.local/lib/python3.7/site-packages/airflow/example_dags/example_xcomargs.py
[2022-05-09 23:58:00,762] {processor.py:652} INFO - DAG(s) dict_keys(['example_xcom_args', 'example_xcom_args_with_operators']) retrieved from /home/airflow/.local/lib/python3.7/site-packages/airflow/example_dags/example_xcomargs.py
[2022-05-09 23:58:01,066] {logging_mixin.py:109} INFO - [2022-05-09 23:58:01,066] {dag.py:2398} INFO - Sync 2 DAGs
[2022-05-09 23:58:01,081] {logging_mixin.py:109} INFO - [2022-05-09 23:58:01,081] {dag.py:2937} INFO - Setting next_dagrun for example_xcom_args to None
[2022-05-09 23:58:01,082] {logging_mixin.py:109} INFO - [2022-05-09 23:58:01,082] {dag.py:2937} INFO - Setting next_dagrun for example_xcom_args_with_operators to None
[2022-05-09 23:58:01,094] {processor.py:171} INFO - Processing /home/airflow/.local/lib/python3.7/site-packages/airflow/example_dags/example_xcomargs.py took 0.364 seconds
[2022-05-09 23:58:31,399] {processor.py:163} INFO - Started process (PID=2032) to work on /home/airflow/.local/lib/python3.7/site-packages/airflow/example_dags/example_xcomargs.py
[2022-05-09 23:58:31,401] {processor.py:642} INFO - Processing file /home/airflow/.local/lib/python3.7/site-packages/airflow/example_dags/example_xcomargs.py for tasks to queue
[2022-05-09 23:58:31,403] {logging_mixin.py:109} INFO - [2022-05-09 23:58:31,402] {dagbag.py:500} INFO - Filling up the DagBag from /home/airflow/.local/lib/python3.7/site-packages/airflow/example_dags/example_xcomargs.py
[2022-05-09 23:58:31,428] {processor.py:652} INFO - DAG(s) dict_keys(['example_xcom_args', 'example_xcom_args_with_operators']) retrieved from /home/airflow/.local/lib/python3.7/site-packages/airflow/example_dags/example_xcomargs.py
[2022-05-09 23:58:31,737] {logging_mixin.py:109} INFO - [2022-05-09 23:58:31,737] {dag.py:2398} INFO - Sync 2 DAGs
[2022-05-09 23:58:31,752] {logging_mixin.py:109} INFO - [2022-05-09 23:58:31,752] {dag.py:2937} INFO - Setting next_dagrun for example_xcom_args to None
[2022-05-09 23:58:31,753] {logging_mixin.py:109} INFO - [2022-05-09 23:58:31,753] {dag.py:2937} INFO - Setting next_dagrun for example_xcom_args_with_operators to None
[2022-05-09 23:58:31,765] {processor.py:171} INFO - Processing /home/airflow/.local/lib/python3.7/site-packages/airflow/example_dags/example_xcomargs.py took 0.371 seconds
[2022-05-09 23:59:02,040] {processor.py:163} INFO - Started process (PID=2093) to work on /home/airflow/.local/lib/python3.7/site-packages/airflow/example_dags/example_xcomargs.py
[2022-05-09 23:59:02,042] {processor.py:642} INFO - Processing file /home/airflow/.local/lib/python3.7/site-packages/airflow/example_dags/example_xcomargs.py for tasks to queue
[2022-05-09 23:59:02,043] {logging_mixin.py:109} INFO - [2022-05-09 23:59:02,043] {dagbag.py:500} INFO - Filling up the DagBag from /home/airflow/.local/lib/python3.7/site-packages/airflow/example_dags/example_xcomargs.py
[2022-05-09 23:59:02,068] {processor.py:652} INFO - DAG(s) dict_keys(['example_xcom_args', 'example_xcom_args_with_operators']) retrieved from /home/airflow/.local/lib/python3.7/site-packages/airflow/example_dags/example_xcomargs.py
[2022-05-09 23:59:02,393] {logging_mixin.py:109} INFO - [2022-05-09 23:59:02,393] {dag.py:2398} INFO - Sync 2 DAGs
[2022-05-09 23:59:02,409] {logging_mixin.py:109} INFO - [2022-05-09 23:59:02,409] {dag.py:2937} INFO - Setting next_dagrun for example_xcom_args to None
[2022-05-09 23:59:02,410] {logging_mixin.py:109} INFO - [2022-05-09 23:59:02,410] {dag.py:2937} INFO - Setting next_dagrun for example_xcom_args_with_operators to None
[2022-05-09 23:59:02,422] {processor.py:171} INFO - Processing /home/airflow/.local/lib/python3.7/site-packages/airflow/example_dags/example_xcomargs.py took 0.386 seconds
[2022-05-09 23:59:32,738] {processor.py:163} INFO - Started process (PID=2144) to work on /home/airflow/.local/lib/python3.7/site-packages/airflow/example_dags/example_xcomargs.py
[2022-05-09 23:59:32,740] {processor.py:642} INFO - Processing file /home/airflow/.local/lib/python3.7/site-packages/airflow/example_dags/example_xcomargs.py for tasks to queue
[2022-05-09 23:59:32,741] {logging_mixin.py:109} INFO - [2022-05-09 23:59:32,741] {dagbag.py:500} INFO - Filling up the DagBag from /home/airflow/.local/lib/python3.7/site-packages/airflow/example_dags/example_xcomargs.py
[2022-05-09 23:59:32,766] {processor.py:652} INFO - DAG(s) dict_keys(['example_xcom_args', 'example_xcom_args_with_operators']) retrieved from /home/airflow/.local/lib/python3.7/site-packages/airflow/example_dags/example_xcomargs.py
[2022-05-09 23:59:33,070] {logging_mixin.py:109} INFO - [2022-05-09 23:59:33,070] {dag.py:2398} INFO - Sync 2 DAGs
[2022-05-09 23:59:33,088] {logging_mixin.py:109} INFO - [2022-05-09 23:59:33,088] {dag.py:2937} INFO - Setting next_dagrun for example_xcom_args to None
[2022-05-09 23:59:33,089] {logging_mixin.py:109} INFO - [2022-05-09 23:59:33,089] {dag.py:2937} INFO - Setting next_dagrun for example_xcom_args_with_operators to None
[2022-05-09 23:59:33,102] {processor.py:171} INFO - Processing /home/airflow/.local/lib/python3.7/site-packages/airflow/example_dags/example_xcomargs.py took 0.368 seconds
