[2022-05-09 23:41:06,010] {processor.py:163} INFO - Started process (PID=77) to work on /home/airflow/.local/lib/python3.7/site-packages/airflow/example_dags/example_nested_branch_dag.py
[2022-05-09 23:41:06,012] {processor.py:642} INFO - Processing file /home/airflow/.local/lib/python3.7/site-packages/airflow/example_dags/example_nested_branch_dag.py for tasks to queue
[2022-05-09 23:41:06,013] {logging_mixin.py:109} INFO - [2022-05-09 23:41:06,013] {dagbag.py:500} INFO - Filling up the DagBag from /home/airflow/.local/lib/python3.7/site-packages/airflow/example_dags/example_nested_branch_dag.py
[2022-05-09 23:41:06,033] {processor.py:652} INFO - DAG(s) dict_keys(['example_nested_branch_dag']) retrieved from /home/airflow/.local/lib/python3.7/site-packages/airflow/example_dags/example_nested_branch_dag.py
[2022-05-09 23:41:06,060] {logging_mixin.py:109} INFO - [2022-05-09 23:41:06,060] {dag.py:2398} INFO - Sync 1 DAGs
[2022-05-09 23:41:06,080] {logging_mixin.py:109} INFO - [2022-05-09 23:41:06,080] {dag.py:2937} INFO - Setting next_dagrun for example_nested_branch_dag to 2022-05-08 00:00:00+00:00
[2022-05-09 23:41:06,092] {processor.py:171} INFO - Processing /home/airflow/.local/lib/python3.7/site-packages/airflow/example_dags/example_nested_branch_dag.py took 0.086 seconds
[2022-05-09 23:41:37,215] {processor.py:163} INFO - Started process (PID=137) to work on /home/airflow/.local/lib/python3.7/site-packages/airflow/example_dags/example_nested_branch_dag.py
[2022-05-09 23:41:37,217] {processor.py:642} INFO - Processing file /home/airflow/.local/lib/python3.7/site-packages/airflow/example_dags/example_nested_branch_dag.py for tasks to queue
[2022-05-09 23:41:37,219] {logging_mixin.py:109} INFO - [2022-05-09 23:41:37,219] {dagbag.py:500} INFO - Filling up the DagBag from /home/airflow/.local/lib/python3.7/site-packages/airflow/example_dags/example_nested_branch_dag.py
[2022-05-09 23:41:37,244] {processor.py:652} INFO - DAG(s) dict_keys(['example_nested_branch_dag']) retrieved from /home/airflow/.local/lib/python3.7/site-packages/airflow/example_dags/example_nested_branch_dag.py
[2022-05-09 23:41:37,270] {logging_mixin.py:109} INFO - [2022-05-09 23:41:37,270] {dag.py:2398} INFO - Sync 1 DAGs
[2022-05-09 23:41:37,291] {logging_mixin.py:109} INFO - [2022-05-09 23:41:37,291] {dag.py:2937} INFO - Setting next_dagrun for example_nested_branch_dag to 2022-05-08 00:00:00+00:00
[2022-05-09 23:41:37,303] {processor.py:171} INFO - Processing /home/airflow/.local/lib/python3.7/site-packages/airflow/example_dags/example_nested_branch_dag.py took 0.092 seconds
[2022-05-09 23:42:07,926] {processor.py:163} INFO - Started process (PID=201) to work on /home/airflow/.local/lib/python3.7/site-packages/airflow/example_dags/example_nested_branch_dag.py
[2022-05-09 23:42:07,928] {processor.py:642} INFO - Processing file /home/airflow/.local/lib/python3.7/site-packages/airflow/example_dags/example_nested_branch_dag.py for tasks to queue
[2022-05-09 23:42:07,929] {logging_mixin.py:109} INFO - [2022-05-09 23:42:07,929] {dagbag.py:500} INFO - Filling up the DagBag from /home/airflow/.local/lib/python3.7/site-packages/airflow/example_dags/example_nested_branch_dag.py
[2022-05-09 23:42:07,953] {processor.py:652} INFO - DAG(s) dict_keys(['example_nested_branch_dag']) retrieved from /home/airflow/.local/lib/python3.7/site-packages/airflow/example_dags/example_nested_branch_dag.py
[2022-05-09 23:42:07,977] {logging_mixin.py:109} INFO - [2022-05-09 23:42:07,977] {dag.py:2398} INFO - Sync 1 DAGs
[2022-05-09 23:42:07,998] {logging_mixin.py:109} INFO - [2022-05-09 23:42:07,998] {dag.py:2937} INFO - Setting next_dagrun for example_nested_branch_dag to 2022-05-08 00:00:00+00:00
[2022-05-09 23:42:08,010] {processor.py:171} INFO - Processing /home/airflow/.local/lib/python3.7/site-packages/airflow/example_dags/example_nested_branch_dag.py took 0.088 seconds
[2022-05-09 23:42:38,577] {processor.py:163} INFO - Started process (PID=254) to work on /home/airflow/.local/lib/python3.7/site-packages/airflow/example_dags/example_nested_branch_dag.py
[2022-05-09 23:42:38,579] {processor.py:642} INFO - Processing file /home/airflow/.local/lib/python3.7/site-packages/airflow/example_dags/example_nested_branch_dag.py for tasks to queue
[2022-05-09 23:42:38,581] {logging_mixin.py:109} INFO - [2022-05-09 23:42:38,581] {dagbag.py:500} INFO - Filling up the DagBag from /home/airflow/.local/lib/python3.7/site-packages/airflow/example_dags/example_nested_branch_dag.py
[2022-05-09 23:42:38,608] {processor.py:652} INFO - DAG(s) dict_keys(['example_nested_branch_dag']) retrieved from /home/airflow/.local/lib/python3.7/site-packages/airflow/example_dags/example_nested_branch_dag.py
[2022-05-09 23:42:38,631] {logging_mixin.py:109} INFO - [2022-05-09 23:42:38,631] {dag.py:2398} INFO - Sync 1 DAGs
[2022-05-09 23:42:38,654] {logging_mixin.py:109} INFO - [2022-05-09 23:42:38,654] {dag.py:2937} INFO - Setting next_dagrun for example_nested_branch_dag to 2022-05-08 00:00:00+00:00
[2022-05-09 23:42:38,669] {processor.py:171} INFO - Processing /home/airflow/.local/lib/python3.7/site-packages/airflow/example_dags/example_nested_branch_dag.py took 0.096 seconds
[2022-05-09 23:43:09,969] {processor.py:163} INFO - Started process (PID=315) to work on /home/airflow/.local/lib/python3.7/site-packages/airflow/example_dags/example_nested_branch_dag.py
[2022-05-09 23:43:09,971] {processor.py:642} INFO - Processing file /home/airflow/.local/lib/python3.7/site-packages/airflow/example_dags/example_nested_branch_dag.py for tasks to queue
[2022-05-09 23:43:09,972] {logging_mixin.py:109} INFO - [2022-05-09 23:43:09,972] {dagbag.py:500} INFO - Filling up the DagBag from /home/airflow/.local/lib/python3.7/site-packages/airflow/example_dags/example_nested_branch_dag.py
[2022-05-09 23:43:09,995] {processor.py:652} INFO - DAG(s) dict_keys(['example_nested_branch_dag']) retrieved from /home/airflow/.local/lib/python3.7/site-packages/airflow/example_dags/example_nested_branch_dag.py
[2022-05-09 23:43:10,022] {logging_mixin.py:109} INFO - [2022-05-09 23:43:10,022] {dag.py:2398} INFO - Sync 1 DAGs
[2022-05-09 23:43:10,053] {logging_mixin.py:109} INFO - [2022-05-09 23:43:10,053] {dag.py:2937} INFO - Setting next_dagrun for example_nested_branch_dag to 2022-05-08 00:00:00+00:00
[2022-05-09 23:43:10,064] {processor.py:171} INFO - Processing /home/airflow/.local/lib/python3.7/site-packages/airflow/example_dags/example_nested_branch_dag.py took 0.099 seconds
[2022-05-09 23:43:40,766] {processor.py:163} INFO - Started process (PID=374) to work on /home/airflow/.local/lib/python3.7/site-packages/airflow/example_dags/example_nested_branch_dag.py
[2022-05-09 23:43:40,768] {processor.py:642} INFO - Processing file /home/airflow/.local/lib/python3.7/site-packages/airflow/example_dags/example_nested_branch_dag.py for tasks to queue
[2022-05-09 23:43:40,770] {logging_mixin.py:109} INFO - [2022-05-09 23:43:40,770] {dagbag.py:500} INFO - Filling up the DagBag from /home/airflow/.local/lib/python3.7/site-packages/airflow/example_dags/example_nested_branch_dag.py
[2022-05-09 23:43:40,798] {processor.py:652} INFO - DAG(s) dict_keys(['example_nested_branch_dag']) retrieved from /home/airflow/.local/lib/python3.7/site-packages/airflow/example_dags/example_nested_branch_dag.py
[2022-05-09 23:43:40,828] {logging_mixin.py:109} INFO - [2022-05-09 23:43:40,828] {dag.py:2398} INFO - Sync 1 DAGs
[2022-05-09 23:43:40,855] {logging_mixin.py:109} INFO - [2022-05-09 23:43:40,855] {dag.py:2937} INFO - Setting next_dagrun for example_nested_branch_dag to 2022-05-08 00:00:00+00:00
[2022-05-09 23:43:40,876] {processor.py:171} INFO - Processing /home/airflow/.local/lib/python3.7/site-packages/airflow/example_dags/example_nested_branch_dag.py took 0.115 seconds
[2022-05-09 23:44:11,574] {processor.py:163} INFO - Started process (PID=430) to work on /home/airflow/.local/lib/python3.7/site-packages/airflow/example_dags/example_nested_branch_dag.py
[2022-05-09 23:44:11,576] {processor.py:642} INFO - Processing file /home/airflow/.local/lib/python3.7/site-packages/airflow/example_dags/example_nested_branch_dag.py for tasks to queue
[2022-05-09 23:44:11,578] {logging_mixin.py:109} INFO - [2022-05-09 23:44:11,578] {dagbag.py:500} INFO - Filling up the DagBag from /home/airflow/.local/lib/python3.7/site-packages/airflow/example_dags/example_nested_branch_dag.py
[2022-05-09 23:44:11,604] {processor.py:652} INFO - DAG(s) dict_keys(['example_nested_branch_dag']) retrieved from /home/airflow/.local/lib/python3.7/site-packages/airflow/example_dags/example_nested_branch_dag.py
[2022-05-09 23:44:11,631] {logging_mixin.py:109} INFO - [2022-05-09 23:44:11,631] {dag.py:2398} INFO - Sync 1 DAGs
[2022-05-09 23:44:11,655] {logging_mixin.py:109} INFO - [2022-05-09 23:44:11,654] {dag.py:2937} INFO - Setting next_dagrun for example_nested_branch_dag to 2022-05-08 00:00:00+00:00
[2022-05-09 23:44:11,666] {processor.py:171} INFO - Processing /home/airflow/.local/lib/python3.7/site-packages/airflow/example_dags/example_nested_branch_dag.py took 0.097 seconds
[2022-05-09 23:44:42,675] {processor.py:163} INFO - Started process (PID=497) to work on /home/airflow/.local/lib/python3.7/site-packages/airflow/example_dags/example_nested_branch_dag.py
[2022-05-09 23:44:42,678] {processor.py:642} INFO - Processing file /home/airflow/.local/lib/python3.7/site-packages/airflow/example_dags/example_nested_branch_dag.py for tasks to queue
[2022-05-09 23:44:42,680] {logging_mixin.py:109} INFO - [2022-05-09 23:44:42,679] {dagbag.py:500} INFO - Filling up the DagBag from /home/airflow/.local/lib/python3.7/site-packages/airflow/example_dags/example_nested_branch_dag.py
[2022-05-09 23:44:42,704] {processor.py:652} INFO - DAG(s) dict_keys(['example_nested_branch_dag']) retrieved from /home/airflow/.local/lib/python3.7/site-packages/airflow/example_dags/example_nested_branch_dag.py
[2022-05-09 23:44:42,731] {logging_mixin.py:109} INFO - [2022-05-09 23:44:42,731] {dag.py:2398} INFO - Sync 1 DAGs
[2022-05-09 23:44:42,756] {logging_mixin.py:109} INFO - [2022-05-09 23:44:42,756] {dag.py:2937} INFO - Setting next_dagrun for example_nested_branch_dag to 2022-05-08 00:00:00+00:00
[2022-05-09 23:44:42,770] {processor.py:171} INFO - Processing /home/airflow/.local/lib/python3.7/site-packages/airflow/example_dags/example_nested_branch_dag.py took 0.098 seconds
[2022-05-09 23:45:13,652] {processor.py:163} INFO - Started process (PID=549) to work on /home/airflow/.local/lib/python3.7/site-packages/airflow/example_dags/example_nested_branch_dag.py
[2022-05-09 23:45:13,655] {processor.py:642} INFO - Processing file /home/airflow/.local/lib/python3.7/site-packages/airflow/example_dags/example_nested_branch_dag.py for tasks to queue
[2022-05-09 23:45:13,656] {logging_mixin.py:109} INFO - [2022-05-09 23:45:13,656] {dagbag.py:500} INFO - Filling up the DagBag from /home/airflow/.local/lib/python3.7/site-packages/airflow/example_dags/example_nested_branch_dag.py
[2022-05-09 23:45:13,689] {processor.py:652} INFO - DAG(s) dict_keys(['example_nested_branch_dag']) retrieved from /home/airflow/.local/lib/python3.7/site-packages/airflow/example_dags/example_nested_branch_dag.py
[2022-05-09 23:45:13,720] {logging_mixin.py:109} INFO - [2022-05-09 23:45:13,720] {dag.py:2398} INFO - Sync 1 DAGs
[2022-05-09 23:45:13,746] {logging_mixin.py:109} INFO - [2022-05-09 23:45:13,746] {dag.py:2937} INFO - Setting next_dagrun for example_nested_branch_dag to 2022-05-08 00:00:00+00:00
[2022-05-09 23:45:13,760] {processor.py:171} INFO - Processing /home/airflow/.local/lib/python3.7/site-packages/airflow/example_dags/example_nested_branch_dag.py took 0.112 seconds
[2022-05-09 23:45:44,879] {processor.py:163} INFO - Started process (PID=613) to work on /home/airflow/.local/lib/python3.7/site-packages/airflow/example_dags/example_nested_branch_dag.py
[2022-05-09 23:45:44,882] {processor.py:642} INFO - Processing file /home/airflow/.local/lib/python3.7/site-packages/airflow/example_dags/example_nested_branch_dag.py for tasks to queue
[2022-05-09 23:45:44,884] {logging_mixin.py:109} INFO - [2022-05-09 23:45:44,884] {dagbag.py:500} INFO - Filling up the DagBag from /home/airflow/.local/lib/python3.7/site-packages/airflow/example_dags/example_nested_branch_dag.py
[2022-05-09 23:45:44,913] {processor.py:652} INFO - DAG(s) dict_keys(['example_nested_branch_dag']) retrieved from /home/airflow/.local/lib/python3.7/site-packages/airflow/example_dags/example_nested_branch_dag.py
[2022-05-09 23:45:44,945] {logging_mixin.py:109} INFO - [2022-05-09 23:45:44,945] {dag.py:2398} INFO - Sync 1 DAGs
[2022-05-09 23:45:44,969] {logging_mixin.py:109} INFO - [2022-05-09 23:45:44,969] {dag.py:2937} INFO - Setting next_dagrun for example_nested_branch_dag to 2022-05-08 00:00:00+00:00
[2022-05-09 23:45:44,981] {processor.py:171} INFO - Processing /home/airflow/.local/lib/python3.7/site-packages/airflow/example_dags/example_nested_branch_dag.py took 0.108 seconds
[2022-05-09 23:46:15,613] {processor.py:163} INFO - Started process (PID=665) to work on /home/airflow/.local/lib/python3.7/site-packages/airflow/example_dags/example_nested_branch_dag.py
[2022-05-09 23:46:15,615] {processor.py:642} INFO - Processing file /home/airflow/.local/lib/python3.7/site-packages/airflow/example_dags/example_nested_branch_dag.py for tasks to queue
[2022-05-09 23:46:15,616] {logging_mixin.py:109} INFO - [2022-05-09 23:46:15,616] {dagbag.py:500} INFO - Filling up the DagBag from /home/airflow/.local/lib/python3.7/site-packages/airflow/example_dags/example_nested_branch_dag.py
[2022-05-09 23:46:15,635] {processor.py:652} INFO - DAG(s) dict_keys(['example_nested_branch_dag']) retrieved from /home/airflow/.local/lib/python3.7/site-packages/airflow/example_dags/example_nested_branch_dag.py
[2022-05-09 23:46:15,657] {logging_mixin.py:109} INFO - [2022-05-09 23:46:15,657] {dag.py:2398} INFO - Sync 1 DAGs
[2022-05-09 23:46:15,678] {logging_mixin.py:109} INFO - [2022-05-09 23:46:15,678] {dag.py:2937} INFO - Setting next_dagrun for example_nested_branch_dag to 2022-05-08 00:00:00+00:00
[2022-05-09 23:46:15,692] {processor.py:171} INFO - Processing /home/airflow/.local/lib/python3.7/site-packages/airflow/example_dags/example_nested_branch_dag.py took 0.083 seconds
[2022-05-09 23:46:46,403] {processor.py:163} INFO - Started process (PID=728) to work on /home/airflow/.local/lib/python3.7/site-packages/airflow/example_dags/example_nested_branch_dag.py
[2022-05-09 23:46:46,404] {processor.py:642} INFO - Processing file /home/airflow/.local/lib/python3.7/site-packages/airflow/example_dags/example_nested_branch_dag.py for tasks to queue
[2022-05-09 23:46:46,406] {logging_mixin.py:109} INFO - [2022-05-09 23:46:46,405] {dagbag.py:500} INFO - Filling up the DagBag from /home/airflow/.local/lib/python3.7/site-packages/airflow/example_dags/example_nested_branch_dag.py
[2022-05-09 23:46:46,425] {processor.py:652} INFO - DAG(s) dict_keys(['example_nested_branch_dag']) retrieved from /home/airflow/.local/lib/python3.7/site-packages/airflow/example_dags/example_nested_branch_dag.py
[2022-05-09 23:46:46,452] {logging_mixin.py:109} INFO - [2022-05-09 23:46:46,452] {dag.py:2398} INFO - Sync 1 DAGs
[2022-05-09 23:46:46,477] {logging_mixin.py:109} INFO - [2022-05-09 23:46:46,477] {dag.py:2937} INFO - Setting next_dagrun for example_nested_branch_dag to 2022-05-08 00:00:00+00:00
[2022-05-09 23:46:46,492] {processor.py:171} INFO - Processing /home/airflow/.local/lib/python3.7/site-packages/airflow/example_dags/example_nested_branch_dag.py took 0.093 seconds
[2022-05-09 23:47:17,616] {processor.py:163} INFO - Started process (PID=779) to work on /home/airflow/.local/lib/python3.7/site-packages/airflow/example_dags/example_nested_branch_dag.py
[2022-05-09 23:47:17,619] {processor.py:642} INFO - Processing file /home/airflow/.local/lib/python3.7/site-packages/airflow/example_dags/example_nested_branch_dag.py for tasks to queue
[2022-05-09 23:47:17,620] {logging_mixin.py:109} INFO - [2022-05-09 23:47:17,620] {dagbag.py:500} INFO - Filling up the DagBag from /home/airflow/.local/lib/python3.7/site-packages/airflow/example_dags/example_nested_branch_dag.py
[2022-05-09 23:47:17,639] {processor.py:652} INFO - DAG(s) dict_keys(['example_nested_branch_dag']) retrieved from /home/airflow/.local/lib/python3.7/site-packages/airflow/example_dags/example_nested_branch_dag.py
[2022-05-09 23:47:17,666] {logging_mixin.py:109} INFO - [2022-05-09 23:47:17,666] {dag.py:2398} INFO - Sync 1 DAGs
[2022-05-09 23:47:17,691] {logging_mixin.py:109} INFO - [2022-05-09 23:47:17,691] {dag.py:2937} INFO - Setting next_dagrun for example_nested_branch_dag to 2022-05-08 00:00:00+00:00
[2022-05-09 23:47:17,703] {processor.py:171} INFO - Processing /home/airflow/.local/lib/python3.7/site-packages/airflow/example_dags/example_nested_branch_dag.py took 0.091 seconds
[2022-05-09 23:47:48,049] {processor.py:163} INFO - Started process (PID=839) to work on /home/airflow/.local/lib/python3.7/site-packages/airflow/example_dags/example_nested_branch_dag.py
[2022-05-09 23:47:48,051] {processor.py:642} INFO - Processing file /home/airflow/.local/lib/python3.7/site-packages/airflow/example_dags/example_nested_branch_dag.py for tasks to queue
[2022-05-09 23:47:48,052] {logging_mixin.py:109} INFO - [2022-05-09 23:47:48,052] {dagbag.py:500} INFO - Filling up the DagBag from /home/airflow/.local/lib/python3.7/site-packages/airflow/example_dags/example_nested_branch_dag.py
[2022-05-09 23:47:48,073] {processor.py:652} INFO - DAG(s) dict_keys(['example_nested_branch_dag']) retrieved from /home/airflow/.local/lib/python3.7/site-packages/airflow/example_dags/example_nested_branch_dag.py
[2022-05-09 23:47:48,098] {logging_mixin.py:109} INFO - [2022-05-09 23:47:48,098] {dag.py:2398} INFO - Sync 1 DAGs
[2022-05-09 23:47:48,118] {logging_mixin.py:109} INFO - [2022-05-09 23:47:48,118] {dag.py:2937} INFO - Setting next_dagrun for example_nested_branch_dag to 2022-05-08 00:00:00+00:00
[2022-05-09 23:47:48,129] {processor.py:171} INFO - Processing /home/airflow/.local/lib/python3.7/site-packages/airflow/example_dags/example_nested_branch_dag.py took 0.085 seconds
[2022-05-09 23:48:18,939] {processor.py:163} INFO - Started process (PID=898) to work on /home/airflow/.local/lib/python3.7/site-packages/airflow/example_dags/example_nested_branch_dag.py
[2022-05-09 23:48:18,942] {processor.py:642} INFO - Processing file /home/airflow/.local/lib/python3.7/site-packages/airflow/example_dags/example_nested_branch_dag.py for tasks to queue
[2022-05-09 23:48:18,943] {logging_mixin.py:109} INFO - [2022-05-09 23:48:18,943] {dagbag.py:500} INFO - Filling up the DagBag from /home/airflow/.local/lib/python3.7/site-packages/airflow/example_dags/example_nested_branch_dag.py
[2022-05-09 23:48:18,967] {processor.py:652} INFO - DAG(s) dict_keys(['example_nested_branch_dag']) retrieved from /home/airflow/.local/lib/python3.7/site-packages/airflow/example_dags/example_nested_branch_dag.py
[2022-05-09 23:48:19,034] {logging_mixin.py:109} INFO - [2022-05-09 23:48:19,034] {dag.py:2398} INFO - Sync 1 DAGs
[2022-05-09 23:48:19,058] {logging_mixin.py:109} INFO - [2022-05-09 23:48:19,058] {dag.py:2937} INFO - Setting next_dagrun for example_nested_branch_dag to 2022-05-08 00:00:00+00:00
[2022-05-09 23:48:19,074] {processor.py:171} INFO - Processing /home/airflow/.local/lib/python3.7/site-packages/airflow/example_dags/example_nested_branch_dag.py took 0.140 seconds
[2022-05-09 23:48:49,646] {processor.py:163} INFO - Started process (PID=954) to work on /home/airflow/.local/lib/python3.7/site-packages/airflow/example_dags/example_nested_branch_dag.py
[2022-05-09 23:48:49,648] {processor.py:642} INFO - Processing file /home/airflow/.local/lib/python3.7/site-packages/airflow/example_dags/example_nested_branch_dag.py for tasks to queue
[2022-05-09 23:48:49,650] {logging_mixin.py:109} INFO - [2022-05-09 23:48:49,650] {dagbag.py:500} INFO - Filling up the DagBag from /home/airflow/.local/lib/python3.7/site-packages/airflow/example_dags/example_nested_branch_dag.py
[2022-05-09 23:48:49,672] {processor.py:652} INFO - DAG(s) dict_keys(['example_nested_branch_dag']) retrieved from /home/airflow/.local/lib/python3.7/site-packages/airflow/example_dags/example_nested_branch_dag.py
[2022-05-09 23:48:49,697] {logging_mixin.py:109} INFO - [2022-05-09 23:48:49,697] {dag.py:2398} INFO - Sync 1 DAGs
[2022-05-09 23:48:49,717] {logging_mixin.py:109} INFO - [2022-05-09 23:48:49,716] {dag.py:2937} INFO - Setting next_dagrun for example_nested_branch_dag to 2022-05-08 00:00:00+00:00
[2022-05-09 23:48:49,730] {processor.py:171} INFO - Processing /home/airflow/.local/lib/python3.7/site-packages/airflow/example_dags/example_nested_branch_dag.py took 0.088 seconds
[2022-05-09 23:49:20,348] {processor.py:163} INFO - Started process (PID=1015) to work on /home/airflow/.local/lib/python3.7/site-packages/airflow/example_dags/example_nested_branch_dag.py
[2022-05-09 23:49:20,350] {processor.py:642} INFO - Processing file /home/airflow/.local/lib/python3.7/site-packages/airflow/example_dags/example_nested_branch_dag.py for tasks to queue
[2022-05-09 23:49:20,351] {logging_mixin.py:109} INFO - [2022-05-09 23:49:20,351] {dagbag.py:500} INFO - Filling up the DagBag from /home/airflow/.local/lib/python3.7/site-packages/airflow/example_dags/example_nested_branch_dag.py
[2022-05-09 23:49:20,375] {processor.py:652} INFO - DAG(s) dict_keys(['example_nested_branch_dag']) retrieved from /home/airflow/.local/lib/python3.7/site-packages/airflow/example_dags/example_nested_branch_dag.py
[2022-05-09 23:49:20,400] {logging_mixin.py:109} INFO - [2022-05-09 23:49:20,400] {dag.py:2398} INFO - Sync 1 DAGs
[2022-05-09 23:49:20,420] {logging_mixin.py:109} INFO - [2022-05-09 23:49:20,420] {dag.py:2937} INFO - Setting next_dagrun for example_nested_branch_dag to 2022-05-08 00:00:00+00:00
[2022-05-09 23:49:20,432] {processor.py:171} INFO - Processing /home/airflow/.local/lib/python3.7/site-packages/airflow/example_dags/example_nested_branch_dag.py took 0.088 seconds
[2022-05-09 23:49:50,997] {processor.py:163} INFO - Started process (PID=1067) to work on /home/airflow/.local/lib/python3.7/site-packages/airflow/example_dags/example_nested_branch_dag.py
[2022-05-09 23:49:50,998] {processor.py:642} INFO - Processing file /home/airflow/.local/lib/python3.7/site-packages/airflow/example_dags/example_nested_branch_dag.py for tasks to queue
[2022-05-09 23:49:51,000] {logging_mixin.py:109} INFO - [2022-05-09 23:49:51,000] {dagbag.py:500} INFO - Filling up the DagBag from /home/airflow/.local/lib/python3.7/site-packages/airflow/example_dags/example_nested_branch_dag.py
[2022-05-09 23:49:51,020] {processor.py:652} INFO - DAG(s) dict_keys(['example_nested_branch_dag']) retrieved from /home/airflow/.local/lib/python3.7/site-packages/airflow/example_dags/example_nested_branch_dag.py
[2022-05-09 23:49:51,043] {logging_mixin.py:109} INFO - [2022-05-09 23:49:51,043] {dag.py:2398} INFO - Sync 1 DAGs
[2022-05-09 23:49:51,065] {logging_mixin.py:109} INFO - [2022-05-09 23:49:51,065] {dag.py:2937} INFO - Setting next_dagrun for example_nested_branch_dag to 2022-05-08 00:00:00+00:00
[2022-05-09 23:49:51,076] {processor.py:171} INFO - Processing /home/airflow/.local/lib/python3.7/site-packages/airflow/example_dags/example_nested_branch_dag.py took 0.083 seconds
[2022-05-09 23:50:21,674] {processor.py:163} INFO - Started process (PID=1127) to work on /home/airflow/.local/lib/python3.7/site-packages/airflow/example_dags/example_nested_branch_dag.py
[2022-05-09 23:50:21,676] {processor.py:642} INFO - Processing file /home/airflow/.local/lib/python3.7/site-packages/airflow/example_dags/example_nested_branch_dag.py for tasks to queue
[2022-05-09 23:50:21,678] {logging_mixin.py:109} INFO - [2022-05-09 23:50:21,678] {dagbag.py:500} INFO - Filling up the DagBag from /home/airflow/.local/lib/python3.7/site-packages/airflow/example_dags/example_nested_branch_dag.py
[2022-05-09 23:50:21,699] {processor.py:652} INFO - DAG(s) dict_keys(['example_nested_branch_dag']) retrieved from /home/airflow/.local/lib/python3.7/site-packages/airflow/example_dags/example_nested_branch_dag.py
[2022-05-09 23:50:21,727] {logging_mixin.py:109} INFO - [2022-05-09 23:50:21,727] {dag.py:2398} INFO - Sync 1 DAGs
[2022-05-09 23:50:21,747] {logging_mixin.py:109} INFO - [2022-05-09 23:50:21,747] {dag.py:2937} INFO - Setting next_dagrun for example_nested_branch_dag to 2022-05-08 00:00:00+00:00
[2022-05-09 23:50:21,760] {processor.py:171} INFO - Processing /home/airflow/.local/lib/python3.7/site-packages/airflow/example_dags/example_nested_branch_dag.py took 0.090 seconds
[2022-05-09 23:50:52,188] {processor.py:163} INFO - Started process (PID=1180) to work on /home/airflow/.local/lib/python3.7/site-packages/airflow/example_dags/example_nested_branch_dag.py
[2022-05-09 23:50:52,190] {processor.py:642} INFO - Processing file /home/airflow/.local/lib/python3.7/site-packages/airflow/example_dags/example_nested_branch_dag.py for tasks to queue
[2022-05-09 23:50:52,191] {logging_mixin.py:109} INFO - [2022-05-09 23:50:52,191] {dagbag.py:500} INFO - Filling up the DagBag from /home/airflow/.local/lib/python3.7/site-packages/airflow/example_dags/example_nested_branch_dag.py
[2022-05-09 23:50:52,211] {processor.py:652} INFO - DAG(s) dict_keys(['example_nested_branch_dag']) retrieved from /home/airflow/.local/lib/python3.7/site-packages/airflow/example_dags/example_nested_branch_dag.py
[2022-05-09 23:50:52,236] {logging_mixin.py:109} INFO - [2022-05-09 23:50:52,236] {dag.py:2398} INFO - Sync 1 DAGs
[2022-05-09 23:50:52,255] {logging_mixin.py:109} INFO - [2022-05-09 23:50:52,255] {dag.py:2937} INFO - Setting next_dagrun for example_nested_branch_dag to 2022-05-08 00:00:00+00:00
[2022-05-09 23:50:52,265] {processor.py:171} INFO - Processing /home/airflow/.local/lib/python3.7/site-packages/airflow/example_dags/example_nested_branch_dag.py took 0.081 seconds
[2022-05-09 23:51:22,774] {processor.py:163} INFO - Started process (PID=1240) to work on /home/airflow/.local/lib/python3.7/site-packages/airflow/example_dags/example_nested_branch_dag.py
[2022-05-09 23:51:22,776] {processor.py:642} INFO - Processing file /home/airflow/.local/lib/python3.7/site-packages/airflow/example_dags/example_nested_branch_dag.py for tasks to queue
[2022-05-09 23:51:22,777] {logging_mixin.py:109} INFO - [2022-05-09 23:51:22,777] {dagbag.py:500} INFO - Filling up the DagBag from /home/airflow/.local/lib/python3.7/site-packages/airflow/example_dags/example_nested_branch_dag.py
[2022-05-09 23:51:22,796] {processor.py:652} INFO - DAG(s) dict_keys(['example_nested_branch_dag']) retrieved from /home/airflow/.local/lib/python3.7/site-packages/airflow/example_dags/example_nested_branch_dag.py
[2022-05-09 23:51:22,819] {logging_mixin.py:109} INFO - [2022-05-09 23:51:22,819] {dag.py:2398} INFO - Sync 1 DAGs
[2022-05-09 23:51:22,842] {logging_mixin.py:109} INFO - [2022-05-09 23:51:22,842] {dag.py:2937} INFO - Setting next_dagrun for example_nested_branch_dag to 2022-05-08 00:00:00+00:00
[2022-05-09 23:51:22,852] {processor.py:171} INFO - Processing /home/airflow/.local/lib/python3.7/site-packages/airflow/example_dags/example_nested_branch_dag.py took 0.083 seconds
[2022-05-09 23:51:53,460] {processor.py:163} INFO - Started process (PID=1301) to work on /home/airflow/.local/lib/python3.7/site-packages/airflow/example_dags/example_nested_branch_dag.py
[2022-05-09 23:51:53,462] {processor.py:642} INFO - Processing file /home/airflow/.local/lib/python3.7/site-packages/airflow/example_dags/example_nested_branch_dag.py for tasks to queue
[2022-05-09 23:51:53,463] {logging_mixin.py:109} INFO - [2022-05-09 23:51:53,463] {dagbag.py:500} INFO - Filling up the DagBag from /home/airflow/.local/lib/python3.7/site-packages/airflow/example_dags/example_nested_branch_dag.py
[2022-05-09 23:51:53,483] {processor.py:652} INFO - DAG(s) dict_keys(['example_nested_branch_dag']) retrieved from /home/airflow/.local/lib/python3.7/site-packages/airflow/example_dags/example_nested_branch_dag.py
[2022-05-09 23:51:53,509] {logging_mixin.py:109} INFO - [2022-05-09 23:51:53,509] {dag.py:2398} INFO - Sync 1 DAGs
[2022-05-09 23:51:53,531] {logging_mixin.py:109} INFO - [2022-05-09 23:51:53,531] {dag.py:2937} INFO - Setting next_dagrun for example_nested_branch_dag to 2022-05-08 00:00:00+00:00
[2022-05-09 23:51:53,542] {processor.py:171} INFO - Processing /home/airflow/.local/lib/python3.7/site-packages/airflow/example_dags/example_nested_branch_dag.py took 0.086 seconds
[2022-05-09 23:52:24,083] {processor.py:163} INFO - Started process (PID=1352) to work on /home/airflow/.local/lib/python3.7/site-packages/airflow/example_dags/example_nested_branch_dag.py
[2022-05-09 23:52:24,086] {processor.py:642} INFO - Processing file /home/airflow/.local/lib/python3.7/site-packages/airflow/example_dags/example_nested_branch_dag.py for tasks to queue
[2022-05-09 23:52:24,088] {logging_mixin.py:109} INFO - [2022-05-09 23:52:24,088] {dagbag.py:500} INFO - Filling up the DagBag from /home/airflow/.local/lib/python3.7/site-packages/airflow/example_dags/example_nested_branch_dag.py
[2022-05-09 23:52:24,107] {processor.py:652} INFO - DAG(s) dict_keys(['example_nested_branch_dag']) retrieved from /home/airflow/.local/lib/python3.7/site-packages/airflow/example_dags/example_nested_branch_dag.py
[2022-05-09 23:52:24,131] {logging_mixin.py:109} INFO - [2022-05-09 23:52:24,131] {dag.py:2398} INFO - Sync 1 DAGs
[2022-05-09 23:52:24,150] {logging_mixin.py:109} INFO - [2022-05-09 23:52:24,150] {dag.py:2937} INFO - Setting next_dagrun for example_nested_branch_dag to 2022-05-08 00:00:00+00:00
[2022-05-09 23:52:24,161] {processor.py:171} INFO - Processing /home/airflow/.local/lib/python3.7/site-packages/airflow/example_dags/example_nested_branch_dag.py took 0.082 seconds
[2022-05-09 23:52:54,971] {processor.py:163} INFO - Started process (PID=1413) to work on /home/airflow/.local/lib/python3.7/site-packages/airflow/example_dags/example_nested_branch_dag.py
[2022-05-09 23:52:54,974] {processor.py:642} INFO - Processing file /home/airflow/.local/lib/python3.7/site-packages/airflow/example_dags/example_nested_branch_dag.py for tasks to queue
[2022-05-09 23:52:54,976] {logging_mixin.py:109} INFO - [2022-05-09 23:52:54,975] {dagbag.py:500} INFO - Filling up the DagBag from /home/airflow/.local/lib/python3.7/site-packages/airflow/example_dags/example_nested_branch_dag.py
[2022-05-09 23:52:55,002] {processor.py:652} INFO - DAG(s) dict_keys(['example_nested_branch_dag']) retrieved from /home/airflow/.local/lib/python3.7/site-packages/airflow/example_dags/example_nested_branch_dag.py
[2022-05-09 23:52:55,031] {logging_mixin.py:109} INFO - [2022-05-09 23:52:55,031] {dag.py:2398} INFO - Sync 1 DAGs
[2022-05-09 23:52:55,054] {logging_mixin.py:109} INFO - [2022-05-09 23:52:55,054] {dag.py:2937} INFO - Setting next_dagrun for example_nested_branch_dag to 2022-05-08 00:00:00+00:00
[2022-05-09 23:52:55,065] {processor.py:171} INFO - Processing /home/airflow/.local/lib/python3.7/site-packages/airflow/example_dags/example_nested_branch_dag.py took 0.099 seconds
[2022-05-09 23:53:25,552] {processor.py:163} INFO - Started process (PID=1466) to work on /home/airflow/.local/lib/python3.7/site-packages/airflow/example_dags/example_nested_branch_dag.py
[2022-05-09 23:53:25,554] {processor.py:642} INFO - Processing file /home/airflow/.local/lib/python3.7/site-packages/airflow/example_dags/example_nested_branch_dag.py for tasks to queue
[2022-05-09 23:53:25,555] {logging_mixin.py:109} INFO - [2022-05-09 23:53:25,555] {dagbag.py:500} INFO - Filling up the DagBag from /home/airflow/.local/lib/python3.7/site-packages/airflow/example_dags/example_nested_branch_dag.py
[2022-05-09 23:53:25,575] {processor.py:652} INFO - DAG(s) dict_keys(['example_nested_branch_dag']) retrieved from /home/airflow/.local/lib/python3.7/site-packages/airflow/example_dags/example_nested_branch_dag.py
[2022-05-09 23:53:25,598] {logging_mixin.py:109} INFO - [2022-05-09 23:53:25,598] {dag.py:2398} INFO - Sync 1 DAGs
[2022-05-09 23:53:25,619] {logging_mixin.py:109} INFO - [2022-05-09 23:53:25,618] {dag.py:2937} INFO - Setting next_dagrun for example_nested_branch_dag to 2022-05-08 00:00:00+00:00
[2022-05-09 23:53:25,629] {processor.py:171} INFO - Processing /home/airflow/.local/lib/python3.7/site-packages/airflow/example_dags/example_nested_branch_dag.py took 0.080 seconds
[2022-05-09 23:53:56,037] {processor.py:163} INFO - Started process (PID=1526) to work on /home/airflow/.local/lib/python3.7/site-packages/airflow/example_dags/example_nested_branch_dag.py
[2022-05-09 23:53:56,039] {processor.py:642} INFO - Processing file /home/airflow/.local/lib/python3.7/site-packages/airflow/example_dags/example_nested_branch_dag.py for tasks to queue
[2022-05-09 23:53:56,042] {logging_mixin.py:109} INFO - [2022-05-09 23:53:56,041] {dagbag.py:500} INFO - Filling up the DagBag from /home/airflow/.local/lib/python3.7/site-packages/airflow/example_dags/example_nested_branch_dag.py
[2022-05-09 23:53:56,060] {processor.py:652} INFO - DAG(s) dict_keys(['example_nested_branch_dag']) retrieved from /home/airflow/.local/lib/python3.7/site-packages/airflow/example_dags/example_nested_branch_dag.py
[2022-05-09 23:53:56,085] {logging_mixin.py:109} INFO - [2022-05-09 23:53:56,085] {dag.py:2398} INFO - Sync 1 DAGs
[2022-05-09 23:53:56,111] {logging_mixin.py:109} INFO - [2022-05-09 23:53:56,111] {dag.py:2937} INFO - Setting next_dagrun for example_nested_branch_dag to 2022-05-08 00:00:00+00:00
[2022-05-09 23:53:56,124] {processor.py:171} INFO - Processing /home/airflow/.local/lib/python3.7/site-packages/airflow/example_dags/example_nested_branch_dag.py took 0.090 seconds
[2022-05-09 23:54:26,691] {processor.py:163} INFO - Started process (PID=1577) to work on /home/airflow/.local/lib/python3.7/site-packages/airflow/example_dags/example_nested_branch_dag.py
[2022-05-09 23:54:26,693] {processor.py:642} INFO - Processing file /home/airflow/.local/lib/python3.7/site-packages/airflow/example_dags/example_nested_branch_dag.py for tasks to queue
[2022-05-09 23:54:26,694] {logging_mixin.py:109} INFO - [2022-05-09 23:54:26,694] {dagbag.py:500} INFO - Filling up the DagBag from /home/airflow/.local/lib/python3.7/site-packages/airflow/example_dags/example_nested_branch_dag.py
[2022-05-09 23:54:26,716] {processor.py:652} INFO - DAG(s) dict_keys(['example_nested_branch_dag']) retrieved from /home/airflow/.local/lib/python3.7/site-packages/airflow/example_dags/example_nested_branch_dag.py
[2022-05-09 23:54:26,744] {logging_mixin.py:109} INFO - [2022-05-09 23:54:26,744] {dag.py:2398} INFO - Sync 1 DAGs
[2022-05-09 23:54:26,765] {logging_mixin.py:109} INFO - [2022-05-09 23:54:26,765] {dag.py:2937} INFO - Setting next_dagrun for example_nested_branch_dag to 2022-05-08 00:00:00+00:00
[2022-05-09 23:54:26,776] {processor.py:171} INFO - Processing /home/airflow/.local/lib/python3.7/site-packages/airflow/example_dags/example_nested_branch_dag.py took 0.089 seconds
[2022-05-09 23:54:57,152] {processor.py:163} INFO - Started process (PID=1638) to work on /home/airflow/.local/lib/python3.7/site-packages/airflow/example_dags/example_nested_branch_dag.py
[2022-05-09 23:54:57,154] {processor.py:642} INFO - Processing file /home/airflow/.local/lib/python3.7/site-packages/airflow/example_dags/example_nested_branch_dag.py for tasks to queue
[2022-05-09 23:54:57,156] {logging_mixin.py:109} INFO - [2022-05-09 23:54:57,156] {dagbag.py:500} INFO - Filling up the DagBag from /home/airflow/.local/lib/python3.7/site-packages/airflow/example_dags/example_nested_branch_dag.py
[2022-05-09 23:54:57,179] {processor.py:652} INFO - DAG(s) dict_keys(['example_nested_branch_dag']) retrieved from /home/airflow/.local/lib/python3.7/site-packages/airflow/example_dags/example_nested_branch_dag.py
[2022-05-09 23:54:57,209] {logging_mixin.py:109} INFO - [2022-05-09 23:54:57,208] {dag.py:2398} INFO - Sync 1 DAGs
[2022-05-09 23:54:57,234] {logging_mixin.py:109} INFO - [2022-05-09 23:54:57,234] {dag.py:2937} INFO - Setting next_dagrun for example_nested_branch_dag to 2022-05-08 00:00:00+00:00
[2022-05-09 23:54:57,247] {processor.py:171} INFO - Processing /home/airflow/.local/lib/python3.7/site-packages/airflow/example_dags/example_nested_branch_dag.py took 0.099 seconds
[2022-05-09 23:55:27,582] {processor.py:163} INFO - Started process (PID=1699) to work on /home/airflow/.local/lib/python3.7/site-packages/airflow/example_dags/example_nested_branch_dag.py
[2022-05-09 23:55:27,584] {processor.py:642} INFO - Processing file /home/airflow/.local/lib/python3.7/site-packages/airflow/example_dags/example_nested_branch_dag.py for tasks to queue
[2022-05-09 23:55:27,586] {logging_mixin.py:109} INFO - [2022-05-09 23:55:27,586] {dagbag.py:500} INFO - Filling up the DagBag from /home/airflow/.local/lib/python3.7/site-packages/airflow/example_dags/example_nested_branch_dag.py
[2022-05-09 23:55:27,612] {processor.py:652} INFO - DAG(s) dict_keys(['example_nested_branch_dag']) retrieved from /home/airflow/.local/lib/python3.7/site-packages/airflow/example_dags/example_nested_branch_dag.py
[2022-05-09 23:55:27,640] {logging_mixin.py:109} INFO - [2022-05-09 23:55:27,640] {dag.py:2398} INFO - Sync 1 DAGs
[2022-05-09 23:55:27,661] {logging_mixin.py:109} INFO - [2022-05-09 23:55:27,661] {dag.py:2937} INFO - Setting next_dagrun for example_nested_branch_dag to 2022-05-08 00:00:00+00:00
[2022-05-09 23:55:27,672] {processor.py:171} INFO - Processing /home/airflow/.local/lib/python3.7/site-packages/airflow/example_dags/example_nested_branch_dag.py took 0.095 seconds
[2022-05-09 23:55:58,475] {processor.py:163} INFO - Started process (PID=1750) to work on /home/airflow/.local/lib/python3.7/site-packages/airflow/example_dags/example_nested_branch_dag.py
[2022-05-09 23:55:58,477] {processor.py:642} INFO - Processing file /home/airflow/.local/lib/python3.7/site-packages/airflow/example_dags/example_nested_branch_dag.py for tasks to queue
[2022-05-09 23:55:58,479] {logging_mixin.py:109} INFO - [2022-05-09 23:55:58,479] {dagbag.py:500} INFO - Filling up the DagBag from /home/airflow/.local/lib/python3.7/site-packages/airflow/example_dags/example_nested_branch_dag.py
[2022-05-09 23:55:58,500] {processor.py:652} INFO - DAG(s) dict_keys(['example_nested_branch_dag']) retrieved from /home/airflow/.local/lib/python3.7/site-packages/airflow/example_dags/example_nested_branch_dag.py
[2022-05-09 23:55:58,524] {logging_mixin.py:109} INFO - [2022-05-09 23:55:58,524] {dag.py:2398} INFO - Sync 1 DAGs
[2022-05-09 23:55:58,543] {logging_mixin.py:109} INFO - [2022-05-09 23:55:58,543] {dag.py:2937} INFO - Setting next_dagrun for example_nested_branch_dag to 2022-05-08 00:00:00+00:00
[2022-05-09 23:55:58,554] {processor.py:171} INFO - Processing /home/airflow/.local/lib/python3.7/site-packages/airflow/example_dags/example_nested_branch_dag.py took 0.083 seconds
[2022-05-09 23:56:29,212] {processor.py:163} INFO - Started process (PID=1811) to work on /home/airflow/.local/lib/python3.7/site-packages/airflow/example_dags/example_nested_branch_dag.py
[2022-05-09 23:56:29,214] {processor.py:642} INFO - Processing file /home/airflow/.local/lib/python3.7/site-packages/airflow/example_dags/example_nested_branch_dag.py for tasks to queue
[2022-05-09 23:56:29,215] {logging_mixin.py:109} INFO - [2022-05-09 23:56:29,215] {dagbag.py:500} INFO - Filling up the DagBag from /home/airflow/.local/lib/python3.7/site-packages/airflow/example_dags/example_nested_branch_dag.py
[2022-05-09 23:56:29,235] {processor.py:652} INFO - DAG(s) dict_keys(['example_nested_branch_dag']) retrieved from /home/airflow/.local/lib/python3.7/site-packages/airflow/example_dags/example_nested_branch_dag.py
[2022-05-09 23:56:29,258] {logging_mixin.py:109} INFO - [2022-05-09 23:56:29,258] {dag.py:2398} INFO - Sync 1 DAGs
[2022-05-09 23:56:29,277] {logging_mixin.py:109} INFO - [2022-05-09 23:56:29,277] {dag.py:2937} INFO - Setting next_dagrun for example_nested_branch_dag to 2022-05-08 00:00:00+00:00
[2022-05-09 23:56:29,287] {processor.py:171} INFO - Processing /home/airflow/.local/lib/python3.7/site-packages/airflow/example_dags/example_nested_branch_dag.py took 0.079 seconds
[2022-05-09 23:56:59,923] {processor.py:163} INFO - Started process (PID=1863) to work on /home/airflow/.local/lib/python3.7/site-packages/airflow/example_dags/example_nested_branch_dag.py
[2022-05-09 23:56:59,925] {processor.py:642} INFO - Processing file /home/airflow/.local/lib/python3.7/site-packages/airflow/example_dags/example_nested_branch_dag.py for tasks to queue
[2022-05-09 23:56:59,927] {logging_mixin.py:109} INFO - [2022-05-09 23:56:59,927] {dagbag.py:500} INFO - Filling up the DagBag from /home/airflow/.local/lib/python3.7/site-packages/airflow/example_dags/example_nested_branch_dag.py
[2022-05-09 23:56:59,947] {processor.py:652} INFO - DAG(s) dict_keys(['example_nested_branch_dag']) retrieved from /home/airflow/.local/lib/python3.7/site-packages/airflow/example_dags/example_nested_branch_dag.py
[2022-05-09 23:56:59,972] {logging_mixin.py:109} INFO - [2022-05-09 23:56:59,972] {dag.py:2398} INFO - Sync 1 DAGs
[2022-05-09 23:56:59,993] {logging_mixin.py:109} INFO - [2022-05-09 23:56:59,993] {dag.py:2937} INFO - Setting next_dagrun for example_nested_branch_dag to 2022-05-08 00:00:00+00:00
[2022-05-09 23:57:00,004] {processor.py:171} INFO - Processing /home/airflow/.local/lib/python3.7/site-packages/airflow/example_dags/example_nested_branch_dag.py took 0.085 seconds
[2022-05-09 23:57:30,601] {processor.py:163} INFO - Started process (PID=1926) to work on /home/airflow/.local/lib/python3.7/site-packages/airflow/example_dags/example_nested_branch_dag.py
[2022-05-09 23:57:30,603] {processor.py:642} INFO - Processing file /home/airflow/.local/lib/python3.7/site-packages/airflow/example_dags/example_nested_branch_dag.py for tasks to queue
[2022-05-09 23:57:30,604] {logging_mixin.py:109} INFO - [2022-05-09 23:57:30,604] {dagbag.py:500} INFO - Filling up the DagBag from /home/airflow/.local/lib/python3.7/site-packages/airflow/example_dags/example_nested_branch_dag.py
[2022-05-09 23:57:30,624] {processor.py:652} INFO - DAG(s) dict_keys(['example_nested_branch_dag']) retrieved from /home/airflow/.local/lib/python3.7/site-packages/airflow/example_dags/example_nested_branch_dag.py
[2022-05-09 23:57:30,650] {logging_mixin.py:109} INFO - [2022-05-09 23:57:30,650] {dag.py:2398} INFO - Sync 1 DAGs
[2022-05-09 23:57:30,671] {logging_mixin.py:109} INFO - [2022-05-09 23:57:30,671] {dag.py:2937} INFO - Setting next_dagrun for example_nested_branch_dag to 2022-05-08 00:00:00+00:00
[2022-05-09 23:57:30,681] {processor.py:171} INFO - Processing /home/airflow/.local/lib/python3.7/site-packages/airflow/example_dags/example_nested_branch_dag.py took 0.085 seconds
[2022-05-09 23:58:01,240] {processor.py:163} INFO - Started process (PID=1977) to work on /home/airflow/.local/lib/python3.7/site-packages/airflow/example_dags/example_nested_branch_dag.py
[2022-05-09 23:58:01,242] {processor.py:642} INFO - Processing file /home/airflow/.local/lib/python3.7/site-packages/airflow/example_dags/example_nested_branch_dag.py for tasks to queue
[2022-05-09 23:58:01,244] {logging_mixin.py:109} INFO - [2022-05-09 23:58:01,244] {dagbag.py:500} INFO - Filling up the DagBag from /home/airflow/.local/lib/python3.7/site-packages/airflow/example_dags/example_nested_branch_dag.py
[2022-05-09 23:58:01,268] {processor.py:652} INFO - DAG(s) dict_keys(['example_nested_branch_dag']) retrieved from /home/airflow/.local/lib/python3.7/site-packages/airflow/example_dags/example_nested_branch_dag.py
[2022-05-09 23:58:01,296] {logging_mixin.py:109} INFO - [2022-05-09 23:58:01,296] {dag.py:2398} INFO - Sync 1 DAGs
[2022-05-09 23:58:01,321] {logging_mixin.py:109} INFO - [2022-05-09 23:58:01,321] {dag.py:2937} INFO - Setting next_dagrun for example_nested_branch_dag to 2022-05-08 00:00:00+00:00
[2022-05-09 23:58:01,333] {processor.py:171} INFO - Processing /home/airflow/.local/lib/python3.7/site-packages/airflow/example_dags/example_nested_branch_dag.py took 0.097 seconds
[2022-05-09 23:58:31,909] {processor.py:163} INFO - Started process (PID=2039) to work on /home/airflow/.local/lib/python3.7/site-packages/airflow/example_dags/example_nested_branch_dag.py
[2022-05-09 23:58:31,911] {processor.py:642} INFO - Processing file /home/airflow/.local/lib/python3.7/site-packages/airflow/example_dags/example_nested_branch_dag.py for tasks to queue
[2022-05-09 23:58:31,912] {logging_mixin.py:109} INFO - [2022-05-09 23:58:31,912] {dagbag.py:500} INFO - Filling up the DagBag from /home/airflow/.local/lib/python3.7/site-packages/airflow/example_dags/example_nested_branch_dag.py
[2022-05-09 23:58:31,936] {processor.py:652} INFO - DAG(s) dict_keys(['example_nested_branch_dag']) retrieved from /home/airflow/.local/lib/python3.7/site-packages/airflow/example_dags/example_nested_branch_dag.py
[2022-05-09 23:58:31,962] {logging_mixin.py:109} INFO - [2022-05-09 23:58:31,961] {dag.py:2398} INFO - Sync 1 DAGs
[2022-05-09 23:58:31,984] {logging_mixin.py:109} INFO - [2022-05-09 23:58:31,983] {dag.py:2937} INFO - Setting next_dagrun for example_nested_branch_dag to 2022-05-08 00:00:00+00:00
[2022-05-09 23:58:31,999] {processor.py:171} INFO - Processing /home/airflow/.local/lib/python3.7/site-packages/airflow/example_dags/example_nested_branch_dag.py took 0.095 seconds
[2022-05-09 23:59:02,566] {processor.py:163} INFO - Started process (PID=2100) to work on /home/airflow/.local/lib/python3.7/site-packages/airflow/example_dags/example_nested_branch_dag.py
[2022-05-09 23:59:02,568] {processor.py:642} INFO - Processing file /home/airflow/.local/lib/python3.7/site-packages/airflow/example_dags/example_nested_branch_dag.py for tasks to queue
[2022-05-09 23:59:02,569] {logging_mixin.py:109} INFO - [2022-05-09 23:59:02,569] {dagbag.py:500} INFO - Filling up the DagBag from /home/airflow/.local/lib/python3.7/site-packages/airflow/example_dags/example_nested_branch_dag.py
[2022-05-09 23:59:02,590] {processor.py:652} INFO - DAG(s) dict_keys(['example_nested_branch_dag']) retrieved from /home/airflow/.local/lib/python3.7/site-packages/airflow/example_dags/example_nested_branch_dag.py
[2022-05-09 23:59:02,617] {logging_mixin.py:109} INFO - [2022-05-09 23:59:02,617] {dag.py:2398} INFO - Sync 1 DAGs
[2022-05-09 23:59:02,638] {logging_mixin.py:109} INFO - [2022-05-09 23:59:02,638] {dag.py:2937} INFO - Setting next_dagrun for example_nested_branch_dag to 2022-05-08 00:00:00+00:00
[2022-05-09 23:59:02,654] {processor.py:171} INFO - Processing /home/airflow/.local/lib/python3.7/site-packages/airflow/example_dags/example_nested_branch_dag.py took 0.092 seconds
[2022-05-09 23:59:33,268] {processor.py:163} INFO - Started process (PID=2151) to work on /home/airflow/.local/lib/python3.7/site-packages/airflow/example_dags/example_nested_branch_dag.py
[2022-05-09 23:59:33,270] {processor.py:642} INFO - Processing file /home/airflow/.local/lib/python3.7/site-packages/airflow/example_dags/example_nested_branch_dag.py for tasks to queue
[2022-05-09 23:59:33,271] {logging_mixin.py:109} INFO - [2022-05-09 23:59:33,271] {dagbag.py:500} INFO - Filling up the DagBag from /home/airflow/.local/lib/python3.7/site-packages/airflow/example_dags/example_nested_branch_dag.py
[2022-05-09 23:59:33,291] {processor.py:652} INFO - DAG(s) dict_keys(['example_nested_branch_dag']) retrieved from /home/airflow/.local/lib/python3.7/site-packages/airflow/example_dags/example_nested_branch_dag.py
[2022-05-09 23:59:33,318] {logging_mixin.py:109} INFO - [2022-05-09 23:59:33,318] {dag.py:2398} INFO - Sync 1 DAGs
[2022-05-09 23:59:33,338] {logging_mixin.py:109} INFO - [2022-05-09 23:59:33,338] {dag.py:2937} INFO - Setting next_dagrun for example_nested_branch_dag to 2022-05-08 00:00:00+00:00
[2022-05-09 23:59:33,348] {processor.py:171} INFO - Processing /home/airflow/.local/lib/python3.7/site-packages/airflow/example_dags/example_nested_branch_dag.py took 0.084 seconds
