[2022-05-09 23:41:04,539] {processor.py:163} INFO - Started process (PID=63) to work on /home/airflow/.local/lib/python3.7/site-packages/airflow/example_dags/example_complex.py
[2022-05-09 23:41:04,542] {processor.py:642} INFO - Processing file /home/airflow/.local/lib/python3.7/site-packages/airflow/example_dags/example_complex.py for tasks to queue
[2022-05-09 23:41:04,545] {logging_mixin.py:109} INFO - [2022-05-09 23:41:04,545] {dagbag.py:500} INFO - Filling up the DagBag from /home/airflow/.local/lib/python3.7/site-packages/airflow/example_dags/example_complex.py
[2022-05-09 23:41:04,622] {processor.py:652} INFO - DAG(s) dict_keys(['example_complex']) retrieved from /home/airflow/.local/lib/python3.7/site-packages/airflow/example_dags/example_complex.py
[2022-05-09 23:41:04,666] {logging_mixin.py:109} INFO - [2022-05-09 23:41:04,666] {dag.py:2398} INFO - Sync 1 DAGs
[2022-05-09 23:41:04,708] {logging_mixin.py:109} INFO - [2022-05-09 23:41:04,708] {dag.py:2937} INFO - Setting next_dagrun for example_complex to None
[2022-05-09 23:41:04,739] {processor.py:171} INFO - Processing /home/airflow/.local/lib/python3.7/site-packages/airflow/example_dags/example_complex.py took 0.205 seconds
[2022-05-09 23:41:35,554] {processor.py:163} INFO - Started process (PID=123) to work on /home/airflow/.local/lib/python3.7/site-packages/airflow/example_dags/example_complex.py
[2022-05-09 23:41:35,556] {processor.py:642} INFO - Processing file /home/airflow/.local/lib/python3.7/site-packages/airflow/example_dags/example_complex.py for tasks to queue
[2022-05-09 23:41:35,558] {logging_mixin.py:109} INFO - [2022-05-09 23:41:35,558] {dagbag.py:500} INFO - Filling up the DagBag from /home/airflow/.local/lib/python3.7/site-packages/airflow/example_dags/example_complex.py
[2022-05-09 23:41:35,595] {processor.py:652} INFO - DAG(s) dict_keys(['example_complex']) retrieved from /home/airflow/.local/lib/python3.7/site-packages/airflow/example_dags/example_complex.py
[2022-05-09 23:41:35,639] {logging_mixin.py:109} INFO - [2022-05-09 23:41:35,639] {dag.py:2398} INFO - Sync 1 DAGs
[2022-05-09 23:41:35,681] {logging_mixin.py:109} INFO - [2022-05-09 23:41:35,681] {dag.py:2937} INFO - Setting next_dagrun for example_complex to None
[2022-05-09 23:41:35,698] {processor.py:171} INFO - Processing /home/airflow/.local/lib/python3.7/site-packages/airflow/example_dags/example_complex.py took 0.148 seconds
[2022-05-09 23:42:06,841] {processor.py:163} INFO - Started process (PID=187) to work on /home/airflow/.local/lib/python3.7/site-packages/airflow/example_dags/example_complex.py
[2022-05-09 23:42:06,843] {processor.py:642} INFO - Processing file /home/airflow/.local/lib/python3.7/site-packages/airflow/example_dags/example_complex.py for tasks to queue
[2022-05-09 23:42:06,845] {logging_mixin.py:109} INFO - [2022-05-09 23:42:06,844] {dagbag.py:500} INFO - Filling up the DagBag from /home/airflow/.local/lib/python3.7/site-packages/airflow/example_dags/example_complex.py
[2022-05-09 23:42:06,877] {processor.py:652} INFO - DAG(s) dict_keys(['example_complex']) retrieved from /home/airflow/.local/lib/python3.7/site-packages/airflow/example_dags/example_complex.py
[2022-05-09 23:42:06,905] {logging_mixin.py:109} INFO - [2022-05-09 23:42:06,905] {dag.py:2398} INFO - Sync 1 DAGs
[2022-05-09 23:42:06,924] {logging_mixin.py:109} INFO - [2022-05-09 23:42:06,923] {dag.py:2937} INFO - Setting next_dagrun for example_complex to None
[2022-05-09 23:42:06,935] {processor.py:171} INFO - Processing /home/airflow/.local/lib/python3.7/site-packages/airflow/example_dags/example_complex.py took 0.098 seconds
[2022-05-09 23:42:37,512] {processor.py:163} INFO - Started process (PID=240) to work on /home/airflow/.local/lib/python3.7/site-packages/airflow/example_dags/example_complex.py
[2022-05-09 23:42:37,514] {processor.py:642} INFO - Processing file /home/airflow/.local/lib/python3.7/site-packages/airflow/example_dags/example_complex.py for tasks to queue
[2022-05-09 23:42:37,515] {logging_mixin.py:109} INFO - [2022-05-09 23:42:37,515] {dagbag.py:500} INFO - Filling up the DagBag from /home/airflow/.local/lib/python3.7/site-packages/airflow/example_dags/example_complex.py
[2022-05-09 23:42:37,542] {processor.py:652} INFO - DAG(s) dict_keys(['example_complex']) retrieved from /home/airflow/.local/lib/python3.7/site-packages/airflow/example_dags/example_complex.py
[2022-05-09 23:42:37,568] {logging_mixin.py:109} INFO - [2022-05-09 23:42:37,568] {dag.py:2398} INFO - Sync 1 DAGs
[2022-05-09 23:42:37,585] {logging_mixin.py:109} INFO - [2022-05-09 23:42:37,585] {dag.py:2937} INFO - Setting next_dagrun for example_complex to None
[2022-05-09 23:42:37,600] {processor.py:171} INFO - Processing /home/airflow/.local/lib/python3.7/site-packages/airflow/example_dags/example_complex.py took 0.092 seconds
[2022-05-09 23:43:08,707] {processor.py:163} INFO - Started process (PID=301) to work on /home/airflow/.local/lib/python3.7/site-packages/airflow/example_dags/example_complex.py
[2022-05-09 23:43:08,709] {processor.py:642} INFO - Processing file /home/airflow/.local/lib/python3.7/site-packages/airflow/example_dags/example_complex.py for tasks to queue
[2022-05-09 23:43:08,710] {logging_mixin.py:109} INFO - [2022-05-09 23:43:08,710] {dagbag.py:500} INFO - Filling up the DagBag from /home/airflow/.local/lib/python3.7/site-packages/airflow/example_dags/example_complex.py
[2022-05-09 23:43:08,738] {processor.py:652} INFO - DAG(s) dict_keys(['example_complex']) retrieved from /home/airflow/.local/lib/python3.7/site-packages/airflow/example_dags/example_complex.py
[2022-05-09 23:43:08,777] {logging_mixin.py:109} INFO - [2022-05-09 23:43:08,777] {dag.py:2398} INFO - Sync 1 DAGs
[2022-05-09 23:43:08,802] {logging_mixin.py:109} INFO - [2022-05-09 23:43:08,802] {dag.py:2937} INFO - Setting next_dagrun for example_complex to None
[2022-05-09 23:43:08,814] {processor.py:171} INFO - Processing /home/airflow/.local/lib/python3.7/site-packages/airflow/example_dags/example_complex.py took 0.111 seconds
[2022-05-09 23:43:39,584] {processor.py:163} INFO - Started process (PID=353) to work on /home/airflow/.local/lib/python3.7/site-packages/airflow/example_dags/example_complex.py
[2022-05-09 23:43:39,586] {processor.py:642} INFO - Processing file /home/airflow/.local/lib/python3.7/site-packages/airflow/example_dags/example_complex.py for tasks to queue
[2022-05-09 23:43:39,588] {logging_mixin.py:109} INFO - [2022-05-09 23:43:39,588] {dagbag.py:500} INFO - Filling up the DagBag from /home/airflow/.local/lib/python3.7/site-packages/airflow/example_dags/example_complex.py
[2022-05-09 23:43:39,618] {processor.py:652} INFO - DAG(s) dict_keys(['example_complex']) retrieved from /home/airflow/.local/lib/python3.7/site-packages/airflow/example_dags/example_complex.py
[2022-05-09 23:43:39,655] {logging_mixin.py:109} INFO - [2022-05-09 23:43:39,654] {dag.py:2398} INFO - Sync 1 DAGs
[2022-05-09 23:43:39,677] {logging_mixin.py:109} INFO - [2022-05-09 23:43:39,677] {dag.py:2937} INFO - Setting next_dagrun for example_complex to None
[2022-05-09 23:43:39,691] {processor.py:171} INFO - Processing /home/airflow/.local/lib/python3.7/site-packages/airflow/example_dags/example_complex.py took 0.111 seconds
[2022-05-09 23:44:10,587] {processor.py:163} INFO - Started process (PID=416) to work on /home/airflow/.local/lib/python3.7/site-packages/airflow/example_dags/example_complex.py
[2022-05-09 23:44:10,590] {processor.py:642} INFO - Processing file /home/airflow/.local/lib/python3.7/site-packages/airflow/example_dags/example_complex.py for tasks to queue
[2022-05-09 23:44:10,591] {logging_mixin.py:109} INFO - [2022-05-09 23:44:10,591] {dagbag.py:500} INFO - Filling up the DagBag from /home/airflow/.local/lib/python3.7/site-packages/airflow/example_dags/example_complex.py
[2022-05-09 23:44:10,619] {processor.py:652} INFO - DAG(s) dict_keys(['example_complex']) retrieved from /home/airflow/.local/lib/python3.7/site-packages/airflow/example_dags/example_complex.py
[2022-05-09 23:44:10,649] {logging_mixin.py:109} INFO - [2022-05-09 23:44:10,649] {dag.py:2398} INFO - Sync 1 DAGs
[2022-05-09 23:44:10,666] {logging_mixin.py:109} INFO - [2022-05-09 23:44:10,666] {dag.py:2937} INFO - Setting next_dagrun for example_complex to None
[2022-05-09 23:44:10,677] {processor.py:171} INFO - Processing /home/airflow/.local/lib/python3.7/site-packages/airflow/example_dags/example_complex.py took 0.095 seconds
[2022-05-09 23:44:41,346] {processor.py:163} INFO - Started process (PID=470) to work on /home/airflow/.local/lib/python3.7/site-packages/airflow/example_dags/example_complex.py
[2022-05-09 23:44:41,349] {processor.py:642} INFO - Processing file /home/airflow/.local/lib/python3.7/site-packages/airflow/example_dags/example_complex.py for tasks to queue
[2022-05-09 23:44:41,350] {logging_mixin.py:109} INFO - [2022-05-09 23:44:41,350] {dagbag.py:500} INFO - Filling up the DagBag from /home/airflow/.local/lib/python3.7/site-packages/airflow/example_dags/example_complex.py
[2022-05-09 23:44:41,379] {processor.py:652} INFO - DAG(s) dict_keys(['example_complex']) retrieved from /home/airflow/.local/lib/python3.7/site-packages/airflow/example_dags/example_complex.py
[2022-05-09 23:44:41,413] {logging_mixin.py:109} INFO - [2022-05-09 23:44:41,413] {dag.py:2398} INFO - Sync 1 DAGs
[2022-05-09 23:44:41,439] {logging_mixin.py:109} INFO - [2022-05-09 23:44:41,439] {dag.py:2937} INFO - Setting next_dagrun for example_complex to None
[2022-05-09 23:44:41,452] {processor.py:171} INFO - Processing /home/airflow/.local/lib/python3.7/site-packages/airflow/example_dags/example_complex.py took 0.110 seconds
[2022-05-09 23:45:12,550] {processor.py:163} INFO - Started process (PID=535) to work on /home/airflow/.local/lib/python3.7/site-packages/airflow/example_dags/example_complex.py
[2022-05-09 23:45:12,552] {processor.py:642} INFO - Processing file /home/airflow/.local/lib/python3.7/site-packages/airflow/example_dags/example_complex.py for tasks to queue
[2022-05-09 23:45:12,553] {logging_mixin.py:109} INFO - [2022-05-09 23:45:12,553] {dagbag.py:500} INFO - Filling up the DagBag from /home/airflow/.local/lib/python3.7/site-packages/airflow/example_dags/example_complex.py
[2022-05-09 23:45:12,583] {processor.py:652} INFO - DAG(s) dict_keys(['example_complex']) retrieved from /home/airflow/.local/lib/python3.7/site-packages/airflow/example_dags/example_complex.py
[2022-05-09 23:45:12,619] {logging_mixin.py:109} INFO - [2022-05-09 23:45:12,619] {dag.py:2398} INFO - Sync 1 DAGs
[2022-05-09 23:45:12,638] {logging_mixin.py:109} INFO - [2022-05-09 23:45:12,638] {dag.py:2937} INFO - Setting next_dagrun for example_complex to None
[2022-05-09 23:45:12,653] {processor.py:171} INFO - Processing /home/airflow/.local/lib/python3.7/site-packages/airflow/example_dags/example_complex.py took 0.108 seconds
[2022-05-09 23:45:43,688] {processor.py:163} INFO - Started process (PID=599) to work on /home/airflow/.local/lib/python3.7/site-packages/airflow/example_dags/example_complex.py
[2022-05-09 23:45:43,690] {processor.py:642} INFO - Processing file /home/airflow/.local/lib/python3.7/site-packages/airflow/example_dags/example_complex.py for tasks to queue
[2022-05-09 23:45:43,693] {logging_mixin.py:109} INFO - [2022-05-09 23:45:43,693] {dagbag.py:500} INFO - Filling up the DagBag from /home/airflow/.local/lib/python3.7/site-packages/airflow/example_dags/example_complex.py
[2022-05-09 23:45:43,718] {processor.py:652} INFO - DAG(s) dict_keys(['example_complex']) retrieved from /home/airflow/.local/lib/python3.7/site-packages/airflow/example_dags/example_complex.py
[2022-05-09 23:45:43,747] {logging_mixin.py:109} INFO - [2022-05-09 23:45:43,747] {dag.py:2398} INFO - Sync 1 DAGs
[2022-05-09 23:45:43,765] {logging_mixin.py:109} INFO - [2022-05-09 23:45:43,765] {dag.py:2937} INFO - Setting next_dagrun for example_complex to None
[2022-05-09 23:45:43,776] {processor.py:171} INFO - Processing /home/airflow/.local/lib/python3.7/site-packages/airflow/example_dags/example_complex.py took 0.092 seconds
[2022-05-09 23:46:14,623] {processor.py:163} INFO - Started process (PID=651) to work on /home/airflow/.local/lib/python3.7/site-packages/airflow/example_dags/example_complex.py
[2022-05-09 23:46:14,624] {processor.py:642} INFO - Processing file /home/airflow/.local/lib/python3.7/site-packages/airflow/example_dags/example_complex.py for tasks to queue
[2022-05-09 23:46:14,626] {logging_mixin.py:109} INFO - [2022-05-09 23:46:14,626] {dagbag.py:500} INFO - Filling up the DagBag from /home/airflow/.local/lib/python3.7/site-packages/airflow/example_dags/example_complex.py
[2022-05-09 23:46:14,650] {processor.py:652} INFO - DAG(s) dict_keys(['example_complex']) retrieved from /home/airflow/.local/lib/python3.7/site-packages/airflow/example_dags/example_complex.py
[2022-05-09 23:46:14,679] {logging_mixin.py:109} INFO - [2022-05-09 23:46:14,678] {dag.py:2398} INFO - Sync 1 DAGs
[2022-05-09 23:46:14,696] {logging_mixin.py:109} INFO - [2022-05-09 23:46:14,695] {dag.py:2937} INFO - Setting next_dagrun for example_complex to None
[2022-05-09 23:46:14,706] {processor.py:171} INFO - Processing /home/airflow/.local/lib/python3.7/site-packages/airflow/example_dags/example_complex.py took 0.087 seconds
[2022-05-09 23:46:45,345] {processor.py:163} INFO - Started process (PID=714) to work on /home/airflow/.local/lib/python3.7/site-packages/airflow/example_dags/example_complex.py
[2022-05-09 23:46:45,347] {processor.py:642} INFO - Processing file /home/airflow/.local/lib/python3.7/site-packages/airflow/example_dags/example_complex.py for tasks to queue
[2022-05-09 23:46:45,349] {logging_mixin.py:109} INFO - [2022-05-09 23:46:45,349] {dagbag.py:500} INFO - Filling up the DagBag from /home/airflow/.local/lib/python3.7/site-packages/airflow/example_dags/example_complex.py
[2022-05-09 23:46:45,377] {processor.py:652} INFO - DAG(s) dict_keys(['example_complex']) retrieved from /home/airflow/.local/lib/python3.7/site-packages/airflow/example_dags/example_complex.py
[2022-05-09 23:46:45,407] {logging_mixin.py:109} INFO - [2022-05-09 23:46:45,407] {dag.py:2398} INFO - Sync 1 DAGs
[2022-05-09 23:46:45,425] {logging_mixin.py:109} INFO - [2022-05-09 23:46:45,425] {dag.py:2937} INFO - Setting next_dagrun for example_complex to None
[2022-05-09 23:46:45,436] {processor.py:171} INFO - Processing /home/airflow/.local/lib/python3.7/site-packages/airflow/example_dags/example_complex.py took 0.095 seconds
[2022-05-09 23:47:16,427] {processor.py:163} INFO - Started process (PID=765) to work on /home/airflow/.local/lib/python3.7/site-packages/airflow/example_dags/example_complex.py
[2022-05-09 23:47:16,429] {processor.py:642} INFO - Processing file /home/airflow/.local/lib/python3.7/site-packages/airflow/example_dags/example_complex.py for tasks to queue
[2022-05-09 23:47:16,431] {logging_mixin.py:109} INFO - [2022-05-09 23:47:16,431] {dagbag.py:500} INFO - Filling up the DagBag from /home/airflow/.local/lib/python3.7/site-packages/airflow/example_dags/example_complex.py
[2022-05-09 23:47:16,456] {processor.py:652} INFO - DAG(s) dict_keys(['example_complex']) retrieved from /home/airflow/.local/lib/python3.7/site-packages/airflow/example_dags/example_complex.py
[2022-05-09 23:47:16,486] {logging_mixin.py:109} INFO - [2022-05-09 23:47:16,486] {dag.py:2398} INFO - Sync 1 DAGs
[2022-05-09 23:47:16,506] {logging_mixin.py:109} INFO - [2022-05-09 23:47:16,506] {dag.py:2937} INFO - Setting next_dagrun for example_complex to None
[2022-05-09 23:47:16,520] {processor.py:171} INFO - Processing /home/airflow/.local/lib/python3.7/site-packages/airflow/example_dags/example_complex.py took 0.097 seconds
[2022-05-09 23:47:47,074] {processor.py:163} INFO - Started process (PID=825) to work on /home/airflow/.local/lib/python3.7/site-packages/airflow/example_dags/example_complex.py
[2022-05-09 23:47:47,076] {processor.py:642} INFO - Processing file /home/airflow/.local/lib/python3.7/site-packages/airflow/example_dags/example_complex.py for tasks to queue
[2022-05-09 23:47:47,077] {logging_mixin.py:109} INFO - [2022-05-09 23:47:47,077] {dagbag.py:500} INFO - Filling up the DagBag from /home/airflow/.local/lib/python3.7/site-packages/airflow/example_dags/example_complex.py
[2022-05-09 23:47:47,102] {processor.py:652} INFO - DAG(s) dict_keys(['example_complex']) retrieved from /home/airflow/.local/lib/python3.7/site-packages/airflow/example_dags/example_complex.py
[2022-05-09 23:47:47,132] {logging_mixin.py:109} INFO - [2022-05-09 23:47:47,132] {dag.py:2398} INFO - Sync 1 DAGs
[2022-05-09 23:47:47,151] {logging_mixin.py:109} INFO - [2022-05-09 23:47:47,151] {dag.py:2937} INFO - Setting next_dagrun for example_complex to None
[2022-05-09 23:47:47,162] {processor.py:171} INFO - Processing /home/airflow/.local/lib/python3.7/site-packages/airflow/example_dags/example_complex.py took 0.092 seconds
[2022-05-09 23:48:17,601] {processor.py:163} INFO - Started process (PID=876) to work on /home/airflow/.local/lib/python3.7/site-packages/airflow/example_dags/example_complex.py
[2022-05-09 23:48:17,603] {processor.py:642} INFO - Processing file /home/airflow/.local/lib/python3.7/site-packages/airflow/example_dags/example_complex.py for tasks to queue
[2022-05-09 23:48:17,605] {logging_mixin.py:109} INFO - [2022-05-09 23:48:17,605] {dagbag.py:500} INFO - Filling up the DagBag from /home/airflow/.local/lib/python3.7/site-packages/airflow/example_dags/example_complex.py
[2022-05-09 23:48:17,635] {processor.py:652} INFO - DAG(s) dict_keys(['example_complex']) retrieved from /home/airflow/.local/lib/python3.7/site-packages/airflow/example_dags/example_complex.py
[2022-05-09 23:48:17,667] {logging_mixin.py:109} INFO - [2022-05-09 23:48:17,667] {dag.py:2398} INFO - Sync 1 DAGs
[2022-05-09 23:48:17,690] {logging_mixin.py:109} INFO - [2022-05-09 23:48:17,690] {dag.py:2937} INFO - Setting next_dagrun for example_complex to None
[2022-05-09 23:48:17,707] {processor.py:171} INFO - Processing /home/airflow/.local/lib/python3.7/site-packages/airflow/example_dags/example_complex.py took 0.111 seconds
[2022-05-09 23:48:48,647] {processor.py:163} INFO - Started process (PID=940) to work on /home/airflow/.local/lib/python3.7/site-packages/airflow/example_dags/example_complex.py
[2022-05-09 23:48:48,649] {processor.py:642} INFO - Processing file /home/airflow/.local/lib/python3.7/site-packages/airflow/example_dags/example_complex.py for tasks to queue
[2022-05-09 23:48:48,651] {logging_mixin.py:109} INFO - [2022-05-09 23:48:48,650] {dagbag.py:500} INFO - Filling up the DagBag from /home/airflow/.local/lib/python3.7/site-packages/airflow/example_dags/example_complex.py
[2022-05-09 23:48:48,684] {processor.py:652} INFO - DAG(s) dict_keys(['example_complex']) retrieved from /home/airflow/.local/lib/python3.7/site-packages/airflow/example_dags/example_complex.py
[2022-05-09 23:48:48,722] {logging_mixin.py:109} INFO - [2022-05-09 23:48:48,722] {dag.py:2398} INFO - Sync 1 DAGs
[2022-05-09 23:48:48,722] {logging_mixin.py:109} INFO - [2022-05-09 23:48:48,721] {dag.py:2937} INFO - Setting next_dagrun for example_complex to None
[2022-05-09 23:48:48,732] {processor.py:171} INFO - Processing /home/airflow/.local/lib/python3.7/site-packages/airflow/example_dags/example_complex.py took 0.110 seconds
[2022-05-09 23:49:19,249] {processor.py:163} INFO - Started process (PID=1001) to work on /home/airflow/.local/lib/python3.7/site-packages/airflow/example_dags/example_complex.py
[2022-05-09 23:49:19,251] {processor.py:642} INFO - Processing file /home/airflow/.local/lib/python3.7/site-packages/airflow/example_dags/example_complex.py for tasks to queue
[2022-05-09 23:49:19,253] {logging_mixin.py:109} INFO - [2022-05-09 23:49:19,253] {dagbag.py:500} INFO - Filling up the DagBag from /home/airflow/.local/lib/python3.7/site-packages/airflow/example_dags/example_complex.py
[2022-05-09 23:49:19,284] {processor.py:652} INFO - DAG(s) dict_keys(['example_complex']) retrieved from /home/airflow/.local/lib/python3.7/site-packages/airflow/example_dags/example_complex.py
[2022-05-09 23:49:19,319] {logging_mixin.py:109} INFO - [2022-05-09 23:49:19,319] {dag.py:2398} INFO - Sync 1 DAGs
[2022-05-09 23:49:19,338] {logging_mixin.py:109} INFO - [2022-05-09 23:49:19,338] {dag.py:2937} INFO - Setting next_dagrun for example_complex to None
[2022-05-09 23:49:19,350] {processor.py:171} INFO - Processing /home/airflow/.local/lib/python3.7/site-packages/airflow/example_dags/example_complex.py took 0.107 seconds
[2022-05-09 23:49:50,039] {processor.py:163} INFO - Started process (PID=1053) to work on /home/airflow/.local/lib/python3.7/site-packages/airflow/example_dags/example_complex.py
[2022-05-09 23:49:50,041] {processor.py:642} INFO - Processing file /home/airflow/.local/lib/python3.7/site-packages/airflow/example_dags/example_complex.py for tasks to queue
[2022-05-09 23:49:50,042] {logging_mixin.py:109} INFO - [2022-05-09 23:49:50,042] {dagbag.py:500} INFO - Filling up the DagBag from /home/airflow/.local/lib/python3.7/site-packages/airflow/example_dags/example_complex.py
[2022-05-09 23:49:50,069] {processor.py:652} INFO - DAG(s) dict_keys(['example_complex']) retrieved from /home/airflow/.local/lib/python3.7/site-packages/airflow/example_dags/example_complex.py
[2022-05-09 23:49:50,095] {logging_mixin.py:109} INFO - [2022-05-09 23:49:50,095] {dag.py:2398} INFO - Sync 1 DAGs
[2022-05-09 23:49:50,115] {logging_mixin.py:109} INFO - [2022-05-09 23:49:50,115] {dag.py:2937} INFO - Setting next_dagrun for example_complex to None
[2022-05-09 23:49:50,129] {processor.py:171} INFO - Processing /home/airflow/.local/lib/python3.7/site-packages/airflow/example_dags/example_complex.py took 0.093 seconds
[2022-05-09 23:50:20,710] {processor.py:163} INFO - Started process (PID=1113) to work on /home/airflow/.local/lib/python3.7/site-packages/airflow/example_dags/example_complex.py
[2022-05-09 23:50:20,712] {processor.py:642} INFO - Processing file /home/airflow/.local/lib/python3.7/site-packages/airflow/example_dags/example_complex.py for tasks to queue
[2022-05-09 23:50:20,713] {logging_mixin.py:109} INFO - [2022-05-09 23:50:20,713] {dagbag.py:500} INFO - Filling up the DagBag from /home/airflow/.local/lib/python3.7/site-packages/airflow/example_dags/example_complex.py
[2022-05-09 23:50:20,739] {processor.py:652} INFO - DAG(s) dict_keys(['example_complex']) retrieved from /home/airflow/.local/lib/python3.7/site-packages/airflow/example_dags/example_complex.py
[2022-05-09 23:50:20,766] {logging_mixin.py:109} INFO - [2022-05-09 23:50:20,766] {dag.py:2398} INFO - Sync 1 DAGs
[2022-05-09 23:50:20,783] {logging_mixin.py:109} INFO - [2022-05-09 23:50:20,783] {dag.py:2937} INFO - Setting next_dagrun for example_complex to None
[2022-05-09 23:50:20,793] {processor.py:171} INFO - Processing /home/airflow/.local/lib/python3.7/site-packages/airflow/example_dags/example_complex.py took 0.088 seconds
[2022-05-09 23:50:51,309] {processor.py:163} INFO - Started process (PID=1166) to work on /home/airflow/.local/lib/python3.7/site-packages/airflow/example_dags/example_complex.py
[2022-05-09 23:50:51,311] {processor.py:642} INFO - Processing file /home/airflow/.local/lib/python3.7/site-packages/airflow/example_dags/example_complex.py for tasks to queue
[2022-05-09 23:50:51,312] {logging_mixin.py:109} INFO - [2022-05-09 23:50:51,312] {dagbag.py:500} INFO - Filling up the DagBag from /home/airflow/.local/lib/python3.7/site-packages/airflow/example_dags/example_complex.py
[2022-05-09 23:50:51,337] {processor.py:652} INFO - DAG(s) dict_keys(['example_complex']) retrieved from /home/airflow/.local/lib/python3.7/site-packages/airflow/example_dags/example_complex.py
[2022-05-09 23:50:51,370] {logging_mixin.py:109} INFO - [2022-05-09 23:50:51,370] {dag.py:2398} INFO - Sync 1 DAGs
[2022-05-09 23:50:51,387] {logging_mixin.py:109} INFO - [2022-05-09 23:50:51,387] {dag.py:2937} INFO - Setting next_dagrun for example_complex to None
[2022-05-09 23:50:51,397] {processor.py:171} INFO - Processing /home/airflow/.local/lib/python3.7/site-packages/airflow/example_dags/example_complex.py took 0.092 seconds
[2022-05-09 23:51:21,772] {processor.py:163} INFO - Started process (PID=1226) to work on /home/airflow/.local/lib/python3.7/site-packages/airflow/example_dags/example_complex.py
[2022-05-09 23:51:21,774] {processor.py:642} INFO - Processing file /home/airflow/.local/lib/python3.7/site-packages/airflow/example_dags/example_complex.py for tasks to queue
[2022-05-09 23:51:21,775] {logging_mixin.py:109} INFO - [2022-05-09 23:51:21,775] {dagbag.py:500} INFO - Filling up the DagBag from /home/airflow/.local/lib/python3.7/site-packages/airflow/example_dags/example_complex.py
[2022-05-09 23:51:21,798] {processor.py:652} INFO - DAG(s) dict_keys(['example_complex']) retrieved from /home/airflow/.local/lib/python3.7/site-packages/airflow/example_dags/example_complex.py
[2022-05-09 23:51:21,827] {logging_mixin.py:109} INFO - [2022-05-09 23:51:21,827] {dag.py:2398} INFO - Sync 1 DAGs
[2022-05-09 23:51:21,845] {logging_mixin.py:109} INFO - [2022-05-09 23:51:21,845] {dag.py:2937} INFO - Setting next_dagrun for example_complex to None
[2022-05-09 23:51:21,857] {processor.py:171} INFO - Processing /home/airflow/.local/lib/python3.7/site-packages/airflow/example_dags/example_complex.py took 0.089 seconds
[2022-05-09 23:51:52,396] {processor.py:163} INFO - Started process (PID=1277) to work on /home/airflow/.local/lib/python3.7/site-packages/airflow/example_dags/example_complex.py
[2022-05-09 23:51:52,398] {processor.py:642} INFO - Processing file /home/airflow/.local/lib/python3.7/site-packages/airflow/example_dags/example_complex.py for tasks to queue
[2022-05-09 23:51:52,399] {logging_mixin.py:109} INFO - [2022-05-09 23:51:52,399] {dagbag.py:500} INFO - Filling up the DagBag from /home/airflow/.local/lib/python3.7/site-packages/airflow/example_dags/example_complex.py
[2022-05-09 23:51:52,425] {processor.py:652} INFO - DAG(s) dict_keys(['example_complex']) retrieved from /home/airflow/.local/lib/python3.7/site-packages/airflow/example_dags/example_complex.py
[2022-05-09 23:51:52,458] {logging_mixin.py:109} INFO - [2022-05-09 23:51:52,458] {dag.py:2398} INFO - Sync 1 DAGs
[2022-05-09 23:51:52,479] {logging_mixin.py:109} INFO - [2022-05-09 23:51:52,479] {dag.py:2937} INFO - Setting next_dagrun for example_complex to None
[2022-05-09 23:51:52,494] {processor.py:171} INFO - Processing /home/airflow/.local/lib/python3.7/site-packages/airflow/example_dags/example_complex.py took 0.101 seconds
[2022-05-09 23:52:23,040] {processor.py:163} INFO - Started process (PID=1338) to work on /home/airflow/.local/lib/python3.7/site-packages/airflow/example_dags/example_complex.py
[2022-05-09 23:52:23,043] {processor.py:642} INFO - Processing file /home/airflow/.local/lib/python3.7/site-packages/airflow/example_dags/example_complex.py for tasks to queue
[2022-05-09 23:52:23,044] {logging_mixin.py:109} INFO - [2022-05-09 23:52:23,044] {dagbag.py:500} INFO - Filling up the DagBag from /home/airflow/.local/lib/python3.7/site-packages/airflow/example_dags/example_complex.py
[2022-05-09 23:52:23,069] {processor.py:652} INFO - DAG(s) dict_keys(['example_complex']) retrieved from /home/airflow/.local/lib/python3.7/site-packages/airflow/example_dags/example_complex.py
[2022-05-09 23:52:23,098] {logging_mixin.py:109} INFO - [2022-05-09 23:52:23,098] {dag.py:2398} INFO - Sync 1 DAGs
[2022-05-09 23:52:23,117] {logging_mixin.py:109} INFO - [2022-05-09 23:52:23,117] {dag.py:2937} INFO - Setting next_dagrun for example_complex to None
[2022-05-09 23:52:23,127] {processor.py:171} INFO - Processing /home/airflow/.local/lib/python3.7/site-packages/airflow/example_dags/example_complex.py took 0.091 seconds
[2022-05-09 23:52:53,707] {processor.py:163} INFO - Started process (PID=1399) to work on /home/airflow/.local/lib/python3.7/site-packages/airflow/example_dags/example_complex.py
[2022-05-09 23:52:53,710] {processor.py:642} INFO - Processing file /home/airflow/.local/lib/python3.7/site-packages/airflow/example_dags/example_complex.py for tasks to queue
[2022-05-09 23:52:53,712] {logging_mixin.py:109} INFO - [2022-05-09 23:52:53,712] {dagbag.py:500} INFO - Filling up the DagBag from /home/airflow/.local/lib/python3.7/site-packages/airflow/example_dags/example_complex.py
[2022-05-09 23:52:53,742] {processor.py:652} INFO - DAG(s) dict_keys(['example_complex']) retrieved from /home/airflow/.local/lib/python3.7/site-packages/airflow/example_dags/example_complex.py
[2022-05-09 23:52:53,778] {logging_mixin.py:109} INFO - [2022-05-09 23:52:53,778] {dag.py:2398} INFO - Sync 1 DAGs
[2022-05-09 23:52:53,801] {logging_mixin.py:109} INFO - [2022-05-09 23:52:53,801] {dag.py:2937} INFO - Setting next_dagrun for example_complex to None
[2022-05-09 23:52:53,816] {processor.py:171} INFO - Processing /home/airflow/.local/lib/python3.7/site-packages/airflow/example_dags/example_complex.py took 0.113 seconds
[2022-05-09 23:53:24,516] {processor.py:163} INFO - Started process (PID=1452) to work on /home/airflow/.local/lib/python3.7/site-packages/airflow/example_dags/example_complex.py
[2022-05-09 23:53:24,518] {processor.py:642} INFO - Processing file /home/airflow/.local/lib/python3.7/site-packages/airflow/example_dags/example_complex.py for tasks to queue
[2022-05-09 23:53:24,519] {logging_mixin.py:109} INFO - [2022-05-09 23:53:24,519] {dagbag.py:500} INFO - Filling up the DagBag from /home/airflow/.local/lib/python3.7/site-packages/airflow/example_dags/example_complex.py
[2022-05-09 23:53:24,545] {processor.py:652} INFO - DAG(s) dict_keys(['example_complex']) retrieved from /home/airflow/.local/lib/python3.7/site-packages/airflow/example_dags/example_complex.py
[2022-05-09 23:53:24,577] {logging_mixin.py:109} INFO - [2022-05-09 23:53:24,577] {dag.py:2398} INFO - Sync 1 DAGs
[2022-05-09 23:53:24,597] {logging_mixin.py:109} INFO - [2022-05-09 23:53:24,597] {dag.py:2937} INFO - Setting next_dagrun for example_complex to None
[2022-05-09 23:53:24,610] {processor.py:171} INFO - Processing /home/airflow/.local/lib/python3.7/site-packages/airflow/example_dags/example_complex.py took 0.098 seconds
[2022-05-09 23:53:55,028] {processor.py:163} INFO - Started process (PID=1512) to work on /home/airflow/.local/lib/python3.7/site-packages/airflow/example_dags/example_complex.py
[2022-05-09 23:53:55,030] {processor.py:642} INFO - Processing file /home/airflow/.local/lib/python3.7/site-packages/airflow/example_dags/example_complex.py for tasks to queue
[2022-05-09 23:53:55,031] {logging_mixin.py:109} INFO - [2022-05-09 23:53:55,031] {dagbag.py:500} INFO - Filling up the DagBag from /home/airflow/.local/lib/python3.7/site-packages/airflow/example_dags/example_complex.py
[2022-05-09 23:53:55,055] {processor.py:652} INFO - DAG(s) dict_keys(['example_complex']) retrieved from /home/airflow/.local/lib/python3.7/site-packages/airflow/example_dags/example_complex.py
[2022-05-09 23:53:55,085] {logging_mixin.py:109} INFO - [2022-05-09 23:53:55,085] {dag.py:2398} INFO - Sync 1 DAGs
[2022-05-09 23:53:55,103] {logging_mixin.py:109} INFO - [2022-05-09 23:53:55,103] {dag.py:2937} INFO - Setting next_dagrun for example_complex to None
[2022-05-09 23:53:55,116] {processor.py:171} INFO - Processing /home/airflow/.local/lib/python3.7/site-packages/airflow/example_dags/example_complex.py took 0.091 seconds
[2022-05-09 23:54:25,608] {processor.py:163} INFO - Started process (PID=1563) to work on /home/airflow/.local/lib/python3.7/site-packages/airflow/example_dags/example_complex.py
[2022-05-09 23:54:25,610] {processor.py:642} INFO - Processing file /home/airflow/.local/lib/python3.7/site-packages/airflow/example_dags/example_complex.py for tasks to queue
[2022-05-09 23:54:25,611] {logging_mixin.py:109} INFO - [2022-05-09 23:54:25,611] {dagbag.py:500} INFO - Filling up the DagBag from /home/airflow/.local/lib/python3.7/site-packages/airflow/example_dags/example_complex.py
[2022-05-09 23:54:25,637] {processor.py:652} INFO - DAG(s) dict_keys(['example_complex']) retrieved from /home/airflow/.local/lib/python3.7/site-packages/airflow/example_dags/example_complex.py
[2022-05-09 23:54:25,668] {logging_mixin.py:109} INFO - [2022-05-09 23:54:25,667] {dag.py:2398} INFO - Sync 1 DAGs
[2022-05-09 23:54:25,687] {logging_mixin.py:109} INFO - [2022-05-09 23:54:25,687] {dag.py:2937} INFO - Setting next_dagrun for example_complex to None
[2022-05-09 23:54:25,700] {processor.py:171} INFO - Processing /home/airflow/.local/lib/python3.7/site-packages/airflow/example_dags/example_complex.py took 0.096 seconds
[2022-05-09 23:54:56,139] {processor.py:163} INFO - Started process (PID=1624) to work on /home/airflow/.local/lib/python3.7/site-packages/airflow/example_dags/example_complex.py
[2022-05-09 23:54:56,141] {processor.py:642} INFO - Processing file /home/airflow/.local/lib/python3.7/site-packages/airflow/example_dags/example_complex.py for tasks to queue
[2022-05-09 23:54:56,143] {logging_mixin.py:109} INFO - [2022-05-09 23:54:56,143] {dagbag.py:500} INFO - Filling up the DagBag from /home/airflow/.local/lib/python3.7/site-packages/airflow/example_dags/example_complex.py
[2022-05-09 23:54:56,167] {processor.py:652} INFO - DAG(s) dict_keys(['example_complex']) retrieved from /home/airflow/.local/lib/python3.7/site-packages/airflow/example_dags/example_complex.py
[2022-05-09 23:54:56,196] {logging_mixin.py:109} INFO - [2022-05-09 23:54:56,196] {dag.py:2398} INFO - Sync 1 DAGs
[2022-05-09 23:54:56,213] {logging_mixin.py:109} INFO - [2022-05-09 23:54:56,213] {dag.py:2937} INFO - Setting next_dagrun for example_complex to None
[2022-05-09 23:54:56,225] {processor.py:171} INFO - Processing /home/airflow/.local/lib/python3.7/site-packages/airflow/example_dags/example_complex.py took 0.089 seconds
[2022-05-09 23:55:26,714] {processor.py:163} INFO - Started process (PID=1675) to work on /home/airflow/.local/lib/python3.7/site-packages/airflow/example_dags/example_complex.py
[2022-05-09 23:55:26,716] {processor.py:642} INFO - Processing file /home/airflow/.local/lib/python3.7/site-packages/airflow/example_dags/example_complex.py for tasks to queue
[2022-05-09 23:55:26,717] {logging_mixin.py:109} INFO - [2022-05-09 23:55:26,717] {dagbag.py:500} INFO - Filling up the DagBag from /home/airflow/.local/lib/python3.7/site-packages/airflow/example_dags/example_complex.py
[2022-05-09 23:55:26,744] {processor.py:652} INFO - DAG(s) dict_keys(['example_complex']) retrieved from /home/airflow/.local/lib/python3.7/site-packages/airflow/example_dags/example_complex.py
[2022-05-09 23:55:26,776] {logging_mixin.py:109} INFO - [2022-05-09 23:55:26,776] {dag.py:2398} INFO - Sync 1 DAGs
[2022-05-09 23:55:26,797] {logging_mixin.py:109} INFO - [2022-05-09 23:55:26,797] {dag.py:2937} INFO - Setting next_dagrun for example_complex to None
[2022-05-09 23:55:26,810] {processor.py:171} INFO - Processing /home/airflow/.local/lib/python3.7/site-packages/airflow/example_dags/example_complex.py took 0.100 seconds
[2022-05-09 23:55:57,384] {processor.py:163} INFO - Started process (PID=1736) to work on /home/airflow/.local/lib/python3.7/site-packages/airflow/example_dags/example_complex.py
[2022-05-09 23:55:57,387] {processor.py:642} INFO - Processing file /home/airflow/.local/lib/python3.7/site-packages/airflow/example_dags/example_complex.py for tasks to queue
[2022-05-09 23:55:57,388] {logging_mixin.py:109} INFO - [2022-05-09 23:55:57,388] {dagbag.py:500} INFO - Filling up the DagBag from /home/airflow/.local/lib/python3.7/site-packages/airflow/example_dags/example_complex.py
[2022-05-09 23:55:57,415] {processor.py:652} INFO - DAG(s) dict_keys(['example_complex']) retrieved from /home/airflow/.local/lib/python3.7/site-packages/airflow/example_dags/example_complex.py
[2022-05-09 23:55:57,447] {logging_mixin.py:109} INFO - [2022-05-09 23:55:57,447] {dag.py:2398} INFO - Sync 1 DAGs
[2022-05-09 23:55:57,464] {logging_mixin.py:109} INFO - [2022-05-09 23:55:57,464] {dag.py:2937} INFO - Setting next_dagrun for example_complex to None
[2022-05-09 23:55:57,477] {processor.py:171} INFO - Processing /home/airflow/.local/lib/python3.7/site-packages/airflow/example_dags/example_complex.py took 0.097 seconds
[2022-05-09 23:56:28,227] {processor.py:163} INFO - Started process (PID=1797) to work on /home/airflow/.local/lib/python3.7/site-packages/airflow/example_dags/example_complex.py
[2022-05-09 23:56:28,229] {processor.py:642} INFO - Processing file /home/airflow/.local/lib/python3.7/site-packages/airflow/example_dags/example_complex.py for tasks to queue
[2022-05-09 23:56:28,230] {logging_mixin.py:109} INFO - [2022-05-09 23:56:28,230] {dagbag.py:500} INFO - Filling up the DagBag from /home/airflow/.local/lib/python3.7/site-packages/airflow/example_dags/example_complex.py
[2022-05-09 23:56:28,253] {processor.py:652} INFO - DAG(s) dict_keys(['example_complex']) retrieved from /home/airflow/.local/lib/python3.7/site-packages/airflow/example_dags/example_complex.py
[2022-05-09 23:56:28,280] {logging_mixin.py:109} INFO - [2022-05-09 23:56:28,280] {dag.py:2398} INFO - Sync 1 DAGs
[2022-05-09 23:56:28,297] {logging_mixin.py:109} INFO - [2022-05-09 23:56:28,297] {dag.py:2937} INFO - Setting next_dagrun for example_complex to None
[2022-05-09 23:56:28,308] {processor.py:171} INFO - Processing /home/airflow/.local/lib/python3.7/site-packages/airflow/example_dags/example_complex.py took 0.085 seconds
[2022-05-09 23:56:58,950] {processor.py:163} INFO - Started process (PID=1849) to work on /home/airflow/.local/lib/python3.7/site-packages/airflow/example_dags/example_complex.py
[2022-05-09 23:56:58,952] {processor.py:642} INFO - Processing file /home/airflow/.local/lib/python3.7/site-packages/airflow/example_dags/example_complex.py for tasks to queue
[2022-05-09 23:56:58,953] {logging_mixin.py:109} INFO - [2022-05-09 23:56:58,953] {dagbag.py:500} INFO - Filling up the DagBag from /home/airflow/.local/lib/python3.7/site-packages/airflow/example_dags/example_complex.py
[2022-05-09 23:56:58,976] {processor.py:652} INFO - DAG(s) dict_keys(['example_complex']) retrieved from /home/airflow/.local/lib/python3.7/site-packages/airflow/example_dags/example_complex.py
[2022-05-09 23:56:59,004] {logging_mixin.py:109} INFO - [2022-05-09 23:56:59,004] {dag.py:2398} INFO - Sync 1 DAGs
[2022-05-09 23:56:59,021] {logging_mixin.py:109} INFO - [2022-05-09 23:56:59,021] {dag.py:2937} INFO - Setting next_dagrun for example_complex to None
[2022-05-09 23:56:59,031] {processor.py:171} INFO - Processing /home/airflow/.local/lib/python3.7/site-packages/airflow/example_dags/example_complex.py took 0.085 seconds
[2022-05-09 23:57:29,529] {processor.py:163} INFO - Started process (PID=1912) to work on /home/airflow/.local/lib/python3.7/site-packages/airflow/example_dags/example_complex.py
[2022-05-09 23:57:29,531] {processor.py:642} INFO - Processing file /home/airflow/.local/lib/python3.7/site-packages/airflow/example_dags/example_complex.py for tasks to queue
[2022-05-09 23:57:29,534] {logging_mixin.py:109} INFO - [2022-05-09 23:57:29,534] {dagbag.py:500} INFO - Filling up the DagBag from /home/airflow/.local/lib/python3.7/site-packages/airflow/example_dags/example_complex.py
[2022-05-09 23:57:29,558] {processor.py:652} INFO - DAG(s) dict_keys(['example_complex']) retrieved from /home/airflow/.local/lib/python3.7/site-packages/airflow/example_dags/example_complex.py
[2022-05-09 23:57:29,589] {logging_mixin.py:109} INFO - [2022-05-09 23:57:29,589] {dag.py:2398} INFO - Sync 1 DAGs
[2022-05-09 23:57:29,609] {logging_mixin.py:109} INFO - [2022-05-09 23:57:29,608] {dag.py:2937} INFO - Setting next_dagrun for example_complex to None
[2022-05-09 23:57:29,621] {processor.py:171} INFO - Processing /home/airflow/.local/lib/python3.7/site-packages/airflow/example_dags/example_complex.py took 0.096 seconds
[2022-05-09 23:58:00,174] {processor.py:163} INFO - Started process (PID=1963) to work on /home/airflow/.local/lib/python3.7/site-packages/airflow/example_dags/example_complex.py
[2022-05-09 23:58:00,176] {processor.py:642} INFO - Processing file /home/airflow/.local/lib/python3.7/site-packages/airflow/example_dags/example_complex.py for tasks to queue
[2022-05-09 23:58:00,177] {logging_mixin.py:109} INFO - [2022-05-09 23:58:00,177] {dagbag.py:500} INFO - Filling up the DagBag from /home/airflow/.local/lib/python3.7/site-packages/airflow/example_dags/example_complex.py
[2022-05-09 23:58:00,202] {processor.py:652} INFO - DAG(s) dict_keys(['example_complex']) retrieved from /home/airflow/.local/lib/python3.7/site-packages/airflow/example_dags/example_complex.py
[2022-05-09 23:58:00,257] {logging_mixin.py:109} INFO - [2022-05-09 23:58:00,257] {dag.py:2398} INFO - Sync 1 DAGs
[2022-05-09 23:58:00,285] {logging_mixin.py:109} INFO - [2022-05-09 23:58:00,285] {dag.py:2937} INFO - Setting next_dagrun for example_complex to None
[2022-05-09 23:58:00,297] {processor.py:171} INFO - Processing /home/airflow/.local/lib/python3.7/site-packages/airflow/example_dags/example_complex.py took 0.127 seconds
[2022-05-09 23:58:30,884] {processor.py:163} INFO - Started process (PID=2025) to work on /home/airflow/.local/lib/python3.7/site-packages/airflow/example_dags/example_complex.py
[2022-05-09 23:58:30,886] {processor.py:642} INFO - Processing file /home/airflow/.local/lib/python3.7/site-packages/airflow/example_dags/example_complex.py for tasks to queue
[2022-05-09 23:58:30,887] {logging_mixin.py:109} INFO - [2022-05-09 23:58:30,887] {dagbag.py:500} INFO - Filling up the DagBag from /home/airflow/.local/lib/python3.7/site-packages/airflow/example_dags/example_complex.py
[2022-05-09 23:58:30,911] {processor.py:652} INFO - DAG(s) dict_keys(['example_complex']) retrieved from /home/airflow/.local/lib/python3.7/site-packages/airflow/example_dags/example_complex.py
[2022-05-09 23:58:30,939] {logging_mixin.py:109} INFO - [2022-05-09 23:58:30,939] {dag.py:2398} INFO - Sync 1 DAGs
[2022-05-09 23:58:30,958] {logging_mixin.py:109} INFO - [2022-05-09 23:58:30,958] {dag.py:2937} INFO - Setting next_dagrun for example_complex to None
[2022-05-09 23:58:30,969] {processor.py:171} INFO - Processing /home/airflow/.local/lib/python3.7/site-packages/airflow/example_dags/example_complex.py took 0.088 seconds
[2022-05-09 23:59:01,517] {processor.py:163} INFO - Started process (PID=2086) to work on /home/airflow/.local/lib/python3.7/site-packages/airflow/example_dags/example_complex.py
[2022-05-09 23:59:01,519] {processor.py:642} INFO - Processing file /home/airflow/.local/lib/python3.7/site-packages/airflow/example_dags/example_complex.py for tasks to queue
[2022-05-09 23:59:01,520] {logging_mixin.py:109} INFO - [2022-05-09 23:59:01,520] {dagbag.py:500} INFO - Filling up the DagBag from /home/airflow/.local/lib/python3.7/site-packages/airflow/example_dags/example_complex.py
[2022-05-09 23:59:01,546] {processor.py:652} INFO - DAG(s) dict_keys(['example_complex']) retrieved from /home/airflow/.local/lib/python3.7/site-packages/airflow/example_dags/example_complex.py
[2022-05-09 23:59:01,575] {logging_mixin.py:109} INFO - [2022-05-09 23:59:01,574] {dag.py:2398} INFO - Sync 1 DAGs
[2022-05-09 23:59:01,593] {logging_mixin.py:109} INFO - [2022-05-09 23:59:01,593] {dag.py:2937} INFO - Setting next_dagrun for example_complex to None
[2022-05-09 23:59:01,604] {processor.py:171} INFO - Processing /home/airflow/.local/lib/python3.7/site-packages/airflow/example_dags/example_complex.py took 0.091 seconds
[2022-05-09 23:59:32,188] {processor.py:163} INFO - Started process (PID=2137) to work on /home/airflow/.local/lib/python3.7/site-packages/airflow/example_dags/example_complex.py
[2022-05-09 23:59:32,190] {processor.py:642} INFO - Processing file /home/airflow/.local/lib/python3.7/site-packages/airflow/example_dags/example_complex.py for tasks to queue
[2022-05-09 23:59:32,191] {logging_mixin.py:109} INFO - [2022-05-09 23:59:32,191] {dagbag.py:500} INFO - Filling up the DagBag from /home/airflow/.local/lib/python3.7/site-packages/airflow/example_dags/example_complex.py
[2022-05-09 23:59:32,216] {processor.py:652} INFO - DAG(s) dict_keys(['example_complex']) retrieved from /home/airflow/.local/lib/python3.7/site-packages/airflow/example_dags/example_complex.py
[2022-05-09 23:59:32,248] {logging_mixin.py:109} INFO - [2022-05-09 23:59:32,248] {dag.py:2398} INFO - Sync 1 DAGs
[2022-05-09 23:59:32,266] {logging_mixin.py:109} INFO - [2022-05-09 23:59:32,266] {dag.py:2937} INFO - Setting next_dagrun for example_complex to None
[2022-05-09 23:59:32,277] {processor.py:171} INFO - Processing /home/airflow/.local/lib/python3.7/site-packages/airflow/example_dags/example_complex.py took 0.092 seconds
