[2022-05-09 23:41:05,417] {processor.py:163} INFO - Started process (PID=71) to work on /home/airflow/.local/lib/python3.7/site-packages/airflow/example_dags/example_branch_datetime_operator.py
[2022-05-09 23:41:05,419] {processor.py:642} INFO - Processing file /home/airflow/.local/lib/python3.7/site-packages/airflow/example_dags/example_branch_datetime_operator.py for tasks to queue
[2022-05-09 23:41:05,421] {logging_mixin.py:109} INFO - [2022-05-09 23:41:05,421] {dagbag.py:500} INFO - Filling up the DagBag from /home/airflow/.local/lib/python3.7/site-packages/airflow/example_dags/example_branch_datetime_operator.py
[2022-05-09 23:41:05,442] {processor.py:652} INFO - DAG(s) dict_keys(['example_branch_datetime_operator_2']) retrieved from /home/airflow/.local/lib/python3.7/site-packages/airflow/example_dags/example_branch_datetime_operator.py
[2022-05-09 23:41:05,475] {logging_mixin.py:109} INFO - [2022-05-09 23:41:05,475] {dag.py:2398} INFO - Sync 1 DAGs
[2022-05-09 23:41:05,498] {logging_mixin.py:109} INFO - [2022-05-09 23:41:05,498] {dag.py:2937} INFO - Setting next_dagrun for example_branch_datetime_operator_2 to 2022-05-08 00:00:00+00:00
[2022-05-09 23:41:05,511] {processor.py:171} INFO - Processing /home/airflow/.local/lib/python3.7/site-packages/airflow/example_dags/example_branch_datetime_operator.py took 0.098 seconds
[2022-05-09 23:41:36,487] {processor.py:163} INFO - Started process (PID=131) to work on /home/airflow/.local/lib/python3.7/site-packages/airflow/example_dags/example_branch_datetime_operator.py
[2022-05-09 23:41:36,492] {processor.py:642} INFO - Processing file /home/airflow/.local/lib/python3.7/site-packages/airflow/example_dags/example_branch_datetime_operator.py for tasks to queue
[2022-05-09 23:41:36,494] {logging_mixin.py:109} INFO - [2022-05-09 23:41:36,494] {dagbag.py:500} INFO - Filling up the DagBag from /home/airflow/.local/lib/python3.7/site-packages/airflow/example_dags/example_branch_datetime_operator.py
[2022-05-09 23:41:36,521] {processor.py:652} INFO - DAG(s) dict_keys(['example_branch_datetime_operator_2']) retrieved from /home/airflow/.local/lib/python3.7/site-packages/airflow/example_dags/example_branch_datetime_operator.py
[2022-05-09 23:41:36,581] {logging_mixin.py:109} INFO - [2022-05-09 23:41:36,581] {dag.py:2398} INFO - Sync 1 DAGs
[2022-05-09 23:41:36,621] {logging_mixin.py:109} INFO - [2022-05-09 23:41:36,620] {dag.py:2937} INFO - Setting next_dagrun for example_branch_datetime_operator_2 to 2022-05-08 00:00:00+00:00
[2022-05-09 23:41:36,672] {processor.py:171} INFO - Processing /home/airflow/.local/lib/python3.7/site-packages/airflow/example_dags/example_branch_datetime_operator.py took 0.200 seconds
[2022-05-09 23:42:07,364] {processor.py:163} INFO - Started process (PID=194) to work on /home/airflow/.local/lib/python3.7/site-packages/airflow/example_dags/example_branch_datetime_operator.py
[2022-05-09 23:42:07,366] {processor.py:642} INFO - Processing file /home/airflow/.local/lib/python3.7/site-packages/airflow/example_dags/example_branch_datetime_operator.py for tasks to queue
[2022-05-09 23:42:07,367] {logging_mixin.py:109} INFO - [2022-05-09 23:42:07,367] {dagbag.py:500} INFO - Filling up the DagBag from /home/airflow/.local/lib/python3.7/site-packages/airflow/example_dags/example_branch_datetime_operator.py
[2022-05-09 23:42:07,390] {processor.py:652} INFO - DAG(s) dict_keys(['example_branch_datetime_operator_2']) retrieved from /home/airflow/.local/lib/python3.7/site-packages/airflow/example_dags/example_branch_datetime_operator.py
[2022-05-09 23:42:07,413] {logging_mixin.py:109} INFO - [2022-05-09 23:42:07,413] {dag.py:2398} INFO - Sync 1 DAGs
[2022-05-09 23:42:07,441] {logging_mixin.py:109} INFO - [2022-05-09 23:42:07,441] {dag.py:2937} INFO - Setting next_dagrun for example_branch_datetime_operator_2 to 2022-05-08 00:00:00+00:00
[2022-05-09 23:42:07,452] {processor.py:171} INFO - Processing /home/airflow/.local/lib/python3.7/site-packages/airflow/example_dags/example_branch_datetime_operator.py took 0.092 seconds
[2022-05-09 23:42:38,059] {processor.py:163} INFO - Started process (PID=247) to work on /home/airflow/.local/lib/python3.7/site-packages/airflow/example_dags/example_branch_datetime_operator.py
[2022-05-09 23:42:38,061] {processor.py:642} INFO - Processing file /home/airflow/.local/lib/python3.7/site-packages/airflow/example_dags/example_branch_datetime_operator.py for tasks to queue
[2022-05-09 23:42:38,063] {logging_mixin.py:109} INFO - [2022-05-09 23:42:38,063] {dagbag.py:500} INFO - Filling up the DagBag from /home/airflow/.local/lib/python3.7/site-packages/airflow/example_dags/example_branch_datetime_operator.py
[2022-05-09 23:42:38,083] {processor.py:652} INFO - DAG(s) dict_keys(['example_branch_datetime_operator_2']) retrieved from /home/airflow/.local/lib/python3.7/site-packages/airflow/example_dags/example_branch_datetime_operator.py
[2022-05-09 23:42:38,110] {logging_mixin.py:109} INFO - [2022-05-09 23:42:38,109] {dag.py:2398} INFO - Sync 1 DAGs
[2022-05-09 23:42:38,130] {logging_mixin.py:109} INFO - [2022-05-09 23:42:38,130] {dag.py:2937} INFO - Setting next_dagrun for example_branch_datetime_operator_2 to 2022-05-08 00:00:00+00:00
[2022-05-09 23:42:38,141] {processor.py:171} INFO - Processing /home/airflow/.local/lib/python3.7/site-packages/airflow/example_dags/example_branch_datetime_operator.py took 0.086 seconds
[2022-05-09 23:43:09,380] {processor.py:163} INFO - Started process (PID=309) to work on /home/airflow/.local/lib/python3.7/site-packages/airflow/example_dags/example_branch_datetime_operator.py
[2022-05-09 23:43:09,383] {processor.py:642} INFO - Processing file /home/airflow/.local/lib/python3.7/site-packages/airflow/example_dags/example_branch_datetime_operator.py for tasks to queue
[2022-05-09 23:43:09,386] {logging_mixin.py:109} INFO - [2022-05-09 23:43:09,386] {dagbag.py:500} INFO - Filling up the DagBag from /home/airflow/.local/lib/python3.7/site-packages/airflow/example_dags/example_branch_datetime_operator.py
[2022-05-09 23:43:09,421] {processor.py:652} INFO - DAG(s) dict_keys(['example_branch_datetime_operator_2']) retrieved from /home/airflow/.local/lib/python3.7/site-packages/airflow/example_dags/example_branch_datetime_operator.py
[2022-05-09 23:43:09,455] {logging_mixin.py:109} INFO - [2022-05-09 23:43:09,455] {dag.py:2398} INFO - Sync 1 DAGs
[2022-05-09 23:43:09,485] {logging_mixin.py:109} INFO - [2022-05-09 23:43:09,485] {dag.py:2937} INFO - Setting next_dagrun for example_branch_datetime_operator_2 to 2022-05-08 00:00:00+00:00
[2022-05-09 23:43:09,500] {processor.py:171} INFO - Processing /home/airflow/.local/lib/python3.7/site-packages/airflow/example_dags/example_branch_datetime_operator.py took 0.127 seconds
[2022-05-09 23:43:40,165] {processor.py:163} INFO - Started process (PID=360) to work on /home/airflow/.local/lib/python3.7/site-packages/airflow/example_dags/example_branch_datetime_operator.py
[2022-05-09 23:43:40,168] {processor.py:642} INFO - Processing file /home/airflow/.local/lib/python3.7/site-packages/airflow/example_dags/example_branch_datetime_operator.py for tasks to queue
[2022-05-09 23:43:40,169] {logging_mixin.py:109} INFO - [2022-05-09 23:43:40,169] {dagbag.py:500} INFO - Filling up the DagBag from /home/airflow/.local/lib/python3.7/site-packages/airflow/example_dags/example_branch_datetime_operator.py
[2022-05-09 23:43:40,190] {processor.py:652} INFO - DAG(s) dict_keys(['example_branch_datetime_operator_2']) retrieved from /home/airflow/.local/lib/python3.7/site-packages/airflow/example_dags/example_branch_datetime_operator.py
[2022-05-09 23:43:40,216] {logging_mixin.py:109} INFO - [2022-05-09 23:43:40,216] {dag.py:2398} INFO - Sync 1 DAGs
[2022-05-09 23:43:40,237] {logging_mixin.py:109} INFO - [2022-05-09 23:43:40,237] {dag.py:2937} INFO - Setting next_dagrun for example_branch_datetime_operator_2 to 2022-05-08 00:00:00+00:00
[2022-05-09 23:43:40,249] {processor.py:171} INFO - Processing /home/airflow/.local/lib/python3.7/site-packages/airflow/example_dags/example_branch_datetime_operator.py took 0.088 seconds
[2022-05-09 23:44:11,123] {processor.py:163} INFO - Started process (PID=423) to work on /home/airflow/.local/lib/python3.7/site-packages/airflow/example_dags/example_branch_datetime_operator.py
[2022-05-09 23:44:11,125] {processor.py:642} INFO - Processing file /home/airflow/.local/lib/python3.7/site-packages/airflow/example_dags/example_branch_datetime_operator.py for tasks to queue
[2022-05-09 23:44:11,127] {logging_mixin.py:109} INFO - [2022-05-09 23:44:11,127] {dagbag.py:500} INFO - Filling up the DagBag from /home/airflow/.local/lib/python3.7/site-packages/airflow/example_dags/example_branch_datetime_operator.py
[2022-05-09 23:44:11,161] {processor.py:652} INFO - DAG(s) dict_keys(['example_branch_datetime_operator_2']) retrieved from /home/airflow/.local/lib/python3.7/site-packages/airflow/example_dags/example_branch_datetime_operator.py
[2022-05-09 23:44:11,185] {logging_mixin.py:109} INFO - [2022-05-09 23:44:11,185] {dag.py:2398} INFO - Sync 1 DAGs
[2022-05-09 23:44:11,204] {logging_mixin.py:109} INFO - [2022-05-09 23:44:11,204] {dag.py:2937} INFO - Setting next_dagrun for example_branch_datetime_operator_2 to 2022-05-08 00:00:00+00:00
[2022-05-09 23:44:11,216] {processor.py:171} INFO - Processing /home/airflow/.local/lib/python3.7/site-packages/airflow/example_dags/example_branch_datetime_operator.py took 0.098 seconds
[2022-05-09 23:44:42,085] {processor.py:163} INFO - Started process (PID=490) to work on /home/airflow/.local/lib/python3.7/site-packages/airflow/example_dags/example_branch_datetime_operator.py
[2022-05-09 23:44:42,087] {processor.py:642} INFO - Processing file /home/airflow/.local/lib/python3.7/site-packages/airflow/example_dags/example_branch_datetime_operator.py for tasks to queue
[2022-05-09 23:44:42,089] {logging_mixin.py:109} INFO - [2022-05-09 23:44:42,089] {dagbag.py:500} INFO - Filling up the DagBag from /home/airflow/.local/lib/python3.7/site-packages/airflow/example_dags/example_branch_datetime_operator.py
[2022-05-09 23:44:42,113] {processor.py:652} INFO - DAG(s) dict_keys(['example_branch_datetime_operator_2']) retrieved from /home/airflow/.local/lib/python3.7/site-packages/airflow/example_dags/example_branch_datetime_operator.py
[2022-05-09 23:44:42,140] {logging_mixin.py:109} INFO - [2022-05-09 23:44:42,140] {dag.py:2398} INFO - Sync 1 DAGs
[2022-05-09 23:44:42,164] {logging_mixin.py:109} INFO - [2022-05-09 23:44:42,164] {dag.py:2937} INFO - Setting next_dagrun for example_branch_datetime_operator_2 to 2022-05-08 00:00:00+00:00
[2022-05-09 23:44:42,177] {processor.py:171} INFO - Processing /home/airflow/.local/lib/python3.7/site-packages/airflow/example_dags/example_branch_datetime_operator.py took 0.097 seconds
[2022-05-09 23:45:13,128] {processor.py:163} INFO - Started process (PID=543) to work on /home/airflow/.local/lib/python3.7/site-packages/airflow/example_dags/example_branch_datetime_operator.py
[2022-05-09 23:45:13,130] {processor.py:642} INFO - Processing file /home/airflow/.local/lib/python3.7/site-packages/airflow/example_dags/example_branch_datetime_operator.py for tasks to queue
[2022-05-09 23:45:13,132] {logging_mixin.py:109} INFO - [2022-05-09 23:45:13,132] {dagbag.py:500} INFO - Filling up the DagBag from /home/airflow/.local/lib/python3.7/site-packages/airflow/example_dags/example_branch_datetime_operator.py
[2022-05-09 23:45:13,152] {processor.py:652} INFO - DAG(s) dict_keys(['example_branch_datetime_operator_2']) retrieved from /home/airflow/.local/lib/python3.7/site-packages/airflow/example_dags/example_branch_datetime_operator.py
[2022-05-09 23:45:13,172] {logging_mixin.py:109} INFO - [2022-05-09 23:45:13,172] {dag.py:2398} INFO - Sync 1 DAGs
[2022-05-09 23:45:13,193] {logging_mixin.py:109} INFO - [2022-05-09 23:45:13,193] {dag.py:2937} INFO - Setting next_dagrun for example_branch_datetime_operator_2 to 2022-05-08 00:00:00+00:00
[2022-05-09 23:45:13,205] {processor.py:171} INFO - Processing /home/airflow/.local/lib/python3.7/site-packages/airflow/example_dags/example_branch_datetime_operator.py took 0.081 seconds
[2022-05-09 23:45:44,318] {processor.py:163} INFO - Started process (PID=607) to work on /home/airflow/.local/lib/python3.7/site-packages/airflow/example_dags/example_branch_datetime_operator.py
[2022-05-09 23:45:44,321] {processor.py:642} INFO - Processing file /home/airflow/.local/lib/python3.7/site-packages/airflow/example_dags/example_branch_datetime_operator.py for tasks to queue
[2022-05-09 23:45:44,322] {logging_mixin.py:109} INFO - [2022-05-09 23:45:44,322] {dagbag.py:500} INFO - Filling up the DagBag from /home/airflow/.local/lib/python3.7/site-packages/airflow/example_dags/example_branch_datetime_operator.py
[2022-05-09 23:45:44,339] {processor.py:652} INFO - DAG(s) dict_keys(['example_branch_datetime_operator_2']) retrieved from /home/airflow/.local/lib/python3.7/site-packages/airflow/example_dags/example_branch_datetime_operator.py
[2022-05-09 23:45:44,368] {logging_mixin.py:109} INFO - [2022-05-09 23:45:44,368] {dag.py:2398} INFO - Sync 1 DAGs
[2022-05-09 23:45:44,391] {logging_mixin.py:109} INFO - [2022-05-09 23:45:44,391] {dag.py:2937} INFO - Setting next_dagrun for example_branch_datetime_operator_2 to 2022-05-08 00:00:00+00:00
[2022-05-09 23:45:44,402] {processor.py:171} INFO - Processing /home/airflow/.local/lib/python3.7/site-packages/airflow/example_dags/example_branch_datetime_operator.py took 0.087 seconds
[2022-05-09 23:46:15,122] {processor.py:163} INFO - Started process (PID=658) to work on /home/airflow/.local/lib/python3.7/site-packages/airflow/example_dags/example_branch_datetime_operator.py
[2022-05-09 23:46:15,124] {processor.py:642} INFO - Processing file /home/airflow/.local/lib/python3.7/site-packages/airflow/example_dags/example_branch_datetime_operator.py for tasks to queue
[2022-05-09 23:46:15,125] {logging_mixin.py:109} INFO - [2022-05-09 23:46:15,125] {dagbag.py:500} INFO - Filling up the DagBag from /home/airflow/.local/lib/python3.7/site-packages/airflow/example_dags/example_branch_datetime_operator.py
[2022-05-09 23:46:15,144] {processor.py:652} INFO - DAG(s) dict_keys(['example_branch_datetime_operator_2']) retrieved from /home/airflow/.local/lib/python3.7/site-packages/airflow/example_dags/example_branch_datetime_operator.py
[2022-05-09 23:46:15,166] {logging_mixin.py:109} INFO - [2022-05-09 23:46:15,166] {dag.py:2398} INFO - Sync 1 DAGs
[2022-05-09 23:46:15,185] {logging_mixin.py:109} INFO - [2022-05-09 23:46:15,185] {dag.py:2937} INFO - Setting next_dagrun for example_branch_datetime_operator_2 to 2022-05-08 00:00:00+00:00
[2022-05-09 23:46:15,196] {processor.py:171} INFO - Processing /home/airflow/.local/lib/python3.7/site-packages/airflow/example_dags/example_branch_datetime_operator.py took 0.078 seconds
[2022-05-09 23:46:45,886] {processor.py:163} INFO - Started process (PID=721) to work on /home/airflow/.local/lib/python3.7/site-packages/airflow/example_dags/example_branch_datetime_operator.py
[2022-05-09 23:46:45,887] {processor.py:642} INFO - Processing file /home/airflow/.local/lib/python3.7/site-packages/airflow/example_dags/example_branch_datetime_operator.py for tasks to queue
[2022-05-09 23:46:45,889] {logging_mixin.py:109} INFO - [2022-05-09 23:46:45,888] {dagbag.py:500} INFO - Filling up the DagBag from /home/airflow/.local/lib/python3.7/site-packages/airflow/example_dags/example_branch_datetime_operator.py
[2022-05-09 23:46:45,906] {processor.py:652} INFO - DAG(s) dict_keys(['example_branch_datetime_operator_2']) retrieved from /home/airflow/.local/lib/python3.7/site-packages/airflow/example_dags/example_branch_datetime_operator.py
[2022-05-09 23:46:45,928] {logging_mixin.py:109} INFO - [2022-05-09 23:46:45,928] {dag.py:2398} INFO - Sync 1 DAGs
[2022-05-09 23:46:45,948] {logging_mixin.py:109} INFO - [2022-05-09 23:46:45,948] {dag.py:2937} INFO - Setting next_dagrun for example_branch_datetime_operator_2 to 2022-05-08 00:00:00+00:00
[2022-05-09 23:46:45,960] {processor.py:171} INFO - Processing /home/airflow/.local/lib/python3.7/site-packages/airflow/example_dags/example_branch_datetime_operator.py took 0.078 seconds
[2022-05-09 23:47:17,050] {processor.py:163} INFO - Started process (PID=773) to work on /home/airflow/.local/lib/python3.7/site-packages/airflow/example_dags/example_branch_datetime_operator.py
[2022-05-09 23:47:17,053] {processor.py:642} INFO - Processing file /home/airflow/.local/lib/python3.7/site-packages/airflow/example_dags/example_branch_datetime_operator.py for tasks to queue
[2022-05-09 23:47:17,054] {logging_mixin.py:109} INFO - [2022-05-09 23:47:17,054] {dagbag.py:500} INFO - Filling up the DagBag from /home/airflow/.local/lib/python3.7/site-packages/airflow/example_dags/example_branch_datetime_operator.py
[2022-05-09 23:47:17,074] {processor.py:652} INFO - DAG(s) dict_keys(['example_branch_datetime_operator_2']) retrieved from /home/airflow/.local/lib/python3.7/site-packages/airflow/example_dags/example_branch_datetime_operator.py
[2022-05-09 23:47:17,099] {logging_mixin.py:109} INFO - [2022-05-09 23:47:17,099] {dag.py:2398} INFO - Sync 1 DAGs
[2022-05-09 23:47:17,120] {logging_mixin.py:109} INFO - [2022-05-09 23:47:17,120] {dag.py:2937} INFO - Setting next_dagrun for example_branch_datetime_operator_2 to 2022-05-08 00:00:00+00:00
[2022-05-09 23:47:17,132] {processor.py:171} INFO - Processing /home/airflow/.local/lib/python3.7/site-packages/airflow/example_dags/example_branch_datetime_operator.py took 0.086 seconds
[2022-05-09 23:47:47,492] {processor.py:163} INFO - Started process (PID=833) to work on /home/airflow/.local/lib/python3.7/site-packages/airflow/example_dags/example_branch_datetime_operator.py
[2022-05-09 23:47:47,495] {processor.py:642} INFO - Processing file /home/airflow/.local/lib/python3.7/site-packages/airflow/example_dags/example_branch_datetime_operator.py for tasks to queue
[2022-05-09 23:47:47,496] {logging_mixin.py:109} INFO - [2022-05-09 23:47:47,496] {dagbag.py:500} INFO - Filling up the DagBag from /home/airflow/.local/lib/python3.7/site-packages/airflow/example_dags/example_branch_datetime_operator.py
[2022-05-09 23:47:47,520] {processor.py:652} INFO - DAG(s) dict_keys(['example_branch_datetime_operator_2']) retrieved from /home/airflow/.local/lib/python3.7/site-packages/airflow/example_dags/example_branch_datetime_operator.py
[2022-05-09 23:47:47,544] {logging_mixin.py:109} INFO - [2022-05-09 23:47:47,544] {dag.py:2398} INFO - Sync 1 DAGs
[2022-05-09 23:47:47,567] {logging_mixin.py:109} INFO - [2022-05-09 23:47:47,567] {dag.py:2937} INFO - Setting next_dagrun for example_branch_datetime_operator_2 to 2022-05-08 00:00:00+00:00
[2022-05-09 23:47:47,583] {processor.py:171} INFO - Processing /home/airflow/.local/lib/python3.7/site-packages/airflow/example_dags/example_branch_datetime_operator.py took 0.095 seconds
[2022-05-09 23:48:18,345] {processor.py:163} INFO - Started process (PID=884) to work on /home/airflow/.local/lib/python3.7/site-packages/airflow/example_dags/example_branch_datetime_operator.py
[2022-05-09 23:48:18,347] {processor.py:642} INFO - Processing file /home/airflow/.local/lib/python3.7/site-packages/airflow/example_dags/example_branch_datetime_operator.py for tasks to queue
[2022-05-09 23:48:18,349] {logging_mixin.py:109} INFO - [2022-05-09 23:48:18,349] {dagbag.py:500} INFO - Filling up the DagBag from /home/airflow/.local/lib/python3.7/site-packages/airflow/example_dags/example_branch_datetime_operator.py
[2022-05-09 23:48:18,369] {processor.py:652} INFO - DAG(s) dict_keys(['example_branch_datetime_operator_2']) retrieved from /home/airflow/.local/lib/python3.7/site-packages/airflow/example_dags/example_branch_datetime_operator.py
[2022-05-09 23:48:18,396] {logging_mixin.py:109} INFO - [2022-05-09 23:48:18,396] {dag.py:2398} INFO - Sync 1 DAGs
[2022-05-09 23:48:18,422] {logging_mixin.py:109} INFO - [2022-05-09 23:48:18,422] {dag.py:2937} INFO - Setting next_dagrun for example_branch_datetime_operator_2 to 2022-05-08 00:00:00+00:00
[2022-05-09 23:48:18,439] {processor.py:171} INFO - Processing /home/airflow/.local/lib/python3.7/site-packages/airflow/example_dags/example_branch_datetime_operator.py took 0.102 seconds
[2022-05-09 23:48:49,186] {processor.py:163} INFO - Started process (PID=948) to work on /home/airflow/.local/lib/python3.7/site-packages/airflow/example_dags/example_branch_datetime_operator.py
[2022-05-09 23:48:49,188] {processor.py:642} INFO - Processing file /home/airflow/.local/lib/python3.7/site-packages/airflow/example_dags/example_branch_datetime_operator.py for tasks to queue
[2022-05-09 23:48:49,190] {logging_mixin.py:109} INFO - [2022-05-09 23:48:49,190] {dagbag.py:500} INFO - Filling up the DagBag from /home/airflow/.local/lib/python3.7/site-packages/airflow/example_dags/example_branch_datetime_operator.py
[2022-05-09 23:48:49,206] {processor.py:652} INFO - DAG(s) dict_keys(['example_branch_datetime_operator_2']) retrieved from /home/airflow/.local/lib/python3.7/site-packages/airflow/example_dags/example_branch_datetime_operator.py
[2022-05-09 23:48:49,227] {logging_mixin.py:109} INFO - [2022-05-09 23:48:49,227] {dag.py:2398} INFO - Sync 1 DAGs
[2022-05-09 23:48:49,246] {logging_mixin.py:109} INFO - [2022-05-09 23:48:49,246] {dag.py:2937} INFO - Setting next_dagrun for example_branch_datetime_operator_2 to 2022-05-08 00:00:00+00:00
[2022-05-09 23:48:49,257] {processor.py:171} INFO - Processing /home/airflow/.local/lib/python3.7/site-packages/airflow/example_dags/example_branch_datetime_operator.py took 0.075 seconds
[2022-05-09 23:49:19,953] {processor.py:163} INFO - Started process (PID=1009) to work on /home/airflow/.local/lib/python3.7/site-packages/airflow/example_dags/example_branch_datetime_operator.py
[2022-05-09 23:49:19,955] {processor.py:642} INFO - Processing file /home/airflow/.local/lib/python3.7/site-packages/airflow/example_dags/example_branch_datetime_operator.py for tasks to queue
[2022-05-09 23:49:19,956] {logging_mixin.py:109} INFO - [2022-05-09 23:49:19,956] {dagbag.py:500} INFO - Filling up the DagBag from /home/airflow/.local/lib/python3.7/site-packages/airflow/example_dags/example_branch_datetime_operator.py
[2022-05-09 23:49:19,977] {processor.py:652} INFO - DAG(s) dict_keys(['example_branch_datetime_operator_2']) retrieved from /home/airflow/.local/lib/python3.7/site-packages/airflow/example_dags/example_branch_datetime_operator.py
[2022-05-09 23:49:20,000] {logging_mixin.py:109} INFO - [2022-05-09 23:49:19,999] {dag.py:2398} INFO - Sync 1 DAGs
[2022-05-09 23:49:20,020] {logging_mixin.py:109} INFO - [2022-05-09 23:49:20,020] {dag.py:2937} INFO - Setting next_dagrun for example_branch_datetime_operator_2 to 2022-05-08 00:00:00+00:00
[2022-05-09 23:49:20,032] {processor.py:171} INFO - Processing /home/airflow/.local/lib/python3.7/site-packages/airflow/example_dags/example_branch_datetime_operator.py took 0.084 seconds
[2022-05-09 23:49:50,558] {processor.py:163} INFO - Started process (PID=1061) to work on /home/airflow/.local/lib/python3.7/site-packages/airflow/example_dags/example_branch_datetime_operator.py
[2022-05-09 23:49:50,560] {processor.py:642} INFO - Processing file /home/airflow/.local/lib/python3.7/site-packages/airflow/example_dags/example_branch_datetime_operator.py for tasks to queue
[2022-05-09 23:49:50,561] {logging_mixin.py:109} INFO - [2022-05-09 23:49:50,561] {dagbag.py:500} INFO - Filling up the DagBag from /home/airflow/.local/lib/python3.7/site-packages/airflow/example_dags/example_branch_datetime_operator.py
[2022-05-09 23:49:50,578] {processor.py:652} INFO - DAG(s) dict_keys(['example_branch_datetime_operator_2']) retrieved from /home/airflow/.local/lib/python3.7/site-packages/airflow/example_dags/example_branch_datetime_operator.py
[2022-05-09 23:49:50,600] {logging_mixin.py:109} INFO - [2022-05-09 23:49:50,600] {dag.py:2398} INFO - Sync 1 DAGs
[2022-05-09 23:49:50,619] {logging_mixin.py:109} INFO - [2022-05-09 23:49:50,619] {dag.py:2937} INFO - Setting next_dagrun for example_branch_datetime_operator_2 to 2022-05-08 00:00:00+00:00
[2022-05-09 23:49:50,629] {processor.py:171} INFO - Processing /home/airflow/.local/lib/python3.7/site-packages/airflow/example_dags/example_branch_datetime_operator.py took 0.074 seconds
[2022-05-09 23:50:21,216] {processor.py:163} INFO - Started process (PID=1121) to work on /home/airflow/.local/lib/python3.7/site-packages/airflow/example_dags/example_branch_datetime_operator.py
[2022-05-09 23:50:21,218] {processor.py:642} INFO - Processing file /home/airflow/.local/lib/python3.7/site-packages/airflow/example_dags/example_branch_datetime_operator.py for tasks to queue
[2022-05-09 23:50:21,220] {logging_mixin.py:109} INFO - [2022-05-09 23:50:21,220] {dagbag.py:500} INFO - Filling up the DagBag from /home/airflow/.local/lib/python3.7/site-packages/airflow/example_dags/example_branch_datetime_operator.py
[2022-05-09 23:50:21,236] {processor.py:652} INFO - DAG(s) dict_keys(['example_branch_datetime_operator_2']) retrieved from /home/airflow/.local/lib/python3.7/site-packages/airflow/example_dags/example_branch_datetime_operator.py
[2022-05-09 23:50:21,257] {logging_mixin.py:109} INFO - [2022-05-09 23:50:21,257] {dag.py:2398} INFO - Sync 1 DAGs
[2022-05-09 23:50:21,276] {logging_mixin.py:109} INFO - [2022-05-09 23:50:21,276] {dag.py:2937} INFO - Setting next_dagrun for example_branch_datetime_operator_2 to 2022-05-08 00:00:00+00:00
[2022-05-09 23:50:21,286] {processor.py:171} INFO - Processing /home/airflow/.local/lib/python3.7/site-packages/airflow/example_dags/example_branch_datetime_operator.py took 0.073 seconds
[2022-05-09 23:50:51,830] {processor.py:163} INFO - Started process (PID=1174) to work on /home/airflow/.local/lib/python3.7/site-packages/airflow/example_dags/example_branch_datetime_operator.py
[2022-05-09 23:50:51,832] {processor.py:642} INFO - Processing file /home/airflow/.local/lib/python3.7/site-packages/airflow/example_dags/example_branch_datetime_operator.py for tasks to queue
[2022-05-09 23:50:51,833] {logging_mixin.py:109} INFO - [2022-05-09 23:50:51,833] {dagbag.py:500} INFO - Filling up the DagBag from /home/airflow/.local/lib/python3.7/site-packages/airflow/example_dags/example_branch_datetime_operator.py
[2022-05-09 23:50:51,851] {processor.py:652} INFO - DAG(s) dict_keys(['example_branch_datetime_operator_2']) retrieved from /home/airflow/.local/lib/python3.7/site-packages/airflow/example_dags/example_branch_datetime_operator.py
[2022-05-09 23:50:51,874] {logging_mixin.py:109} INFO - [2022-05-09 23:50:51,874] {dag.py:2398} INFO - Sync 1 DAGs
[2022-05-09 23:50:51,898] {logging_mixin.py:109} INFO - [2022-05-09 23:50:51,898] {dag.py:2937} INFO - Setting next_dagrun for example_branch_datetime_operator_2 to 2022-05-08 00:00:00+00:00
[2022-05-09 23:50:51,909] {processor.py:171} INFO - Processing /home/airflow/.local/lib/python3.7/site-packages/airflow/example_dags/example_branch_datetime_operator.py took 0.083 seconds
[2022-05-09 23:51:22,343] {processor.py:163} INFO - Started process (PID=1234) to work on /home/airflow/.local/lib/python3.7/site-packages/airflow/example_dags/example_branch_datetime_operator.py
[2022-05-09 23:51:22,345] {processor.py:642} INFO - Processing file /home/airflow/.local/lib/python3.7/site-packages/airflow/example_dags/example_branch_datetime_operator.py for tasks to queue
[2022-05-09 23:51:22,347] {logging_mixin.py:109} INFO - [2022-05-09 23:51:22,346] {dagbag.py:500} INFO - Filling up the DagBag from /home/airflow/.local/lib/python3.7/site-packages/airflow/example_dags/example_branch_datetime_operator.py
[2022-05-09 23:51:22,364] {processor.py:652} INFO - DAG(s) dict_keys(['example_branch_datetime_operator_2']) retrieved from /home/airflow/.local/lib/python3.7/site-packages/airflow/example_dags/example_branch_datetime_operator.py
[2022-05-09 23:51:22,385] {logging_mixin.py:109} INFO - [2022-05-09 23:51:22,385] {dag.py:2398} INFO - Sync 1 DAGs
[2022-05-09 23:51:22,404] {logging_mixin.py:109} INFO - [2022-05-09 23:51:22,404] {dag.py:2937} INFO - Setting next_dagrun for example_branch_datetime_operator_2 to 2022-05-08 00:00:00+00:00
[2022-05-09 23:51:22,418] {processor.py:171} INFO - Processing /home/airflow/.local/lib/python3.7/site-packages/airflow/example_dags/example_branch_datetime_operator.py took 0.078 seconds
[2022-05-09 23:51:53,013] {processor.py:163} INFO - Started process (PID=1293) to work on /home/airflow/.local/lib/python3.7/site-packages/airflow/example_dags/example_branch_datetime_operator.py
[2022-05-09 23:51:53,016] {processor.py:642} INFO - Processing file /home/airflow/.local/lib/python3.7/site-packages/airflow/example_dags/example_branch_datetime_operator.py for tasks to queue
[2022-05-09 23:51:53,018] {logging_mixin.py:109} INFO - [2022-05-09 23:51:53,017] {dagbag.py:500} INFO - Filling up the DagBag from /home/airflow/.local/lib/python3.7/site-packages/airflow/example_dags/example_branch_datetime_operator.py
[2022-05-09 23:51:53,035] {processor.py:652} INFO - DAG(s) dict_keys(['example_branch_datetime_operator_2']) retrieved from /home/airflow/.local/lib/python3.7/site-packages/airflow/example_dags/example_branch_datetime_operator.py
[2022-05-09 23:51:53,056] {logging_mixin.py:109} INFO - [2022-05-09 23:51:53,056] {dag.py:2398} INFO - Sync 1 DAGs
[2022-05-09 23:51:53,075] {logging_mixin.py:109} INFO - [2022-05-09 23:51:53,075] {dag.py:2937} INFO - Setting next_dagrun for example_branch_datetime_operator_2 to 2022-05-08 00:00:00+00:00
[2022-05-09 23:51:53,085] {processor.py:171} INFO - Processing /home/airflow/.local/lib/python3.7/site-packages/airflow/example_dags/example_branch_datetime_operator.py took 0.076 seconds
[2022-05-09 23:52:23,613] {processor.py:163} INFO - Started process (PID=1346) to work on /home/airflow/.local/lib/python3.7/site-packages/airflow/example_dags/example_branch_datetime_operator.py
[2022-05-09 23:52:23,616] {processor.py:642} INFO - Processing file /home/airflow/.local/lib/python3.7/site-packages/airflow/example_dags/example_branch_datetime_operator.py for tasks to queue
[2022-05-09 23:52:23,617] {logging_mixin.py:109} INFO - [2022-05-09 23:52:23,617] {dagbag.py:500} INFO - Filling up the DagBag from /home/airflow/.local/lib/python3.7/site-packages/airflow/example_dags/example_branch_datetime_operator.py
[2022-05-09 23:52:23,634] {processor.py:652} INFO - DAG(s) dict_keys(['example_branch_datetime_operator_2']) retrieved from /home/airflow/.local/lib/python3.7/site-packages/airflow/example_dags/example_branch_datetime_operator.py
[2022-05-09 23:52:23,655] {logging_mixin.py:109} INFO - [2022-05-09 23:52:23,655] {dag.py:2398} INFO - Sync 1 DAGs
[2022-05-09 23:52:23,673] {logging_mixin.py:109} INFO - [2022-05-09 23:52:23,673] {dag.py:2937} INFO - Setting next_dagrun for example_branch_datetime_operator_2 to 2022-05-08 00:00:00+00:00
[2022-05-09 23:52:23,684] {processor.py:171} INFO - Processing /home/airflow/.local/lib/python3.7/site-packages/airflow/example_dags/example_branch_datetime_operator.py took 0.074 seconds
[2022-05-09 23:52:54,398] {processor.py:163} INFO - Started process (PID=1407) to work on /home/airflow/.local/lib/python3.7/site-packages/airflow/example_dags/example_branch_datetime_operator.py
[2022-05-09 23:52:54,401] {processor.py:642} INFO - Processing file /home/airflow/.local/lib/python3.7/site-packages/airflow/example_dags/example_branch_datetime_operator.py for tasks to queue
[2022-05-09 23:52:54,402] {logging_mixin.py:109} INFO - [2022-05-09 23:52:54,402] {dagbag.py:500} INFO - Filling up the DagBag from /home/airflow/.local/lib/python3.7/site-packages/airflow/example_dags/example_branch_datetime_operator.py
[2022-05-09 23:52:54,434] {processor.py:652} INFO - DAG(s) dict_keys(['example_branch_datetime_operator_2']) retrieved from /home/airflow/.local/lib/python3.7/site-packages/airflow/example_dags/example_branch_datetime_operator.py
[2022-05-09 23:52:54,461] {logging_mixin.py:109} INFO - [2022-05-09 23:52:54,460] {dag.py:2398} INFO - Sync 1 DAGs
[2022-05-09 23:52:54,484] {logging_mixin.py:109} INFO - [2022-05-09 23:52:54,484] {dag.py:2937} INFO - Setting next_dagrun for example_branch_datetime_operator_2 to 2022-05-08 00:00:00+00:00
[2022-05-09 23:52:54,498] {processor.py:171} INFO - Processing /home/airflow/.local/lib/python3.7/site-packages/airflow/example_dags/example_branch_datetime_operator.py took 0.106 seconds
[2022-05-09 23:53:25,045] {processor.py:163} INFO - Started process (PID=1459) to work on /home/airflow/.local/lib/python3.7/site-packages/airflow/example_dags/example_branch_datetime_operator.py
[2022-05-09 23:53:25,047] {processor.py:642} INFO - Processing file /home/airflow/.local/lib/python3.7/site-packages/airflow/example_dags/example_branch_datetime_operator.py for tasks to queue
[2022-05-09 23:53:25,049] {logging_mixin.py:109} INFO - [2022-05-09 23:53:25,048] {dagbag.py:500} INFO - Filling up the DagBag from /home/airflow/.local/lib/python3.7/site-packages/airflow/example_dags/example_branch_datetime_operator.py
[2022-05-09 23:53:25,066] {processor.py:652} INFO - DAG(s) dict_keys(['example_branch_datetime_operator_2']) retrieved from /home/airflow/.local/lib/python3.7/site-packages/airflow/example_dags/example_branch_datetime_operator.py
[2022-05-09 23:53:25,089] {logging_mixin.py:109} INFO - [2022-05-09 23:53:25,089] {dag.py:2398} INFO - Sync 1 DAGs
[2022-05-09 23:53:25,109] {logging_mixin.py:109} INFO - [2022-05-09 23:53:25,109] {dag.py:2937} INFO - Setting next_dagrun for example_branch_datetime_operator_2 to 2022-05-08 00:00:00+00:00
[2022-05-09 23:53:25,118] {processor.py:171} INFO - Processing /home/airflow/.local/lib/python3.7/site-packages/airflow/example_dags/example_branch_datetime_operator.py took 0.077 seconds
[2022-05-09 23:53:55,527] {processor.py:163} INFO - Started process (PID=1519) to work on /home/airflow/.local/lib/python3.7/site-packages/airflow/example_dags/example_branch_datetime_operator.py
[2022-05-09 23:53:55,529] {processor.py:642} INFO - Processing file /home/airflow/.local/lib/python3.7/site-packages/airflow/example_dags/example_branch_datetime_operator.py for tasks to queue
[2022-05-09 23:53:55,530] {logging_mixin.py:109} INFO - [2022-05-09 23:53:55,530] {dagbag.py:500} INFO - Filling up the DagBag from /home/airflow/.local/lib/python3.7/site-packages/airflow/example_dags/example_branch_datetime_operator.py
[2022-05-09 23:53:55,546] {processor.py:652} INFO - DAG(s) dict_keys(['example_branch_datetime_operator_2']) retrieved from /home/airflow/.local/lib/python3.7/site-packages/airflow/example_dags/example_branch_datetime_operator.py
[2022-05-09 23:53:55,568] {logging_mixin.py:109} INFO - [2022-05-09 23:53:55,568] {dag.py:2398} INFO - Sync 1 DAGs
[2022-05-09 23:53:55,591] {logging_mixin.py:109} INFO - [2022-05-09 23:53:55,591] {dag.py:2937} INFO - Setting next_dagrun for example_branch_datetime_operator_2 to 2022-05-08 00:00:00+00:00
[2022-05-09 23:53:55,602] {processor.py:171} INFO - Processing /home/airflow/.local/lib/python3.7/site-packages/airflow/example_dags/example_branch_datetime_operator.py took 0.079 seconds
[2022-05-09 23:54:26,045] {processor.py:163} INFO - Started process (PID=1570) to work on /home/airflow/.local/lib/python3.7/site-packages/airflow/example_dags/example_branch_datetime_operator.py
[2022-05-09 23:54:26,046] {processor.py:642} INFO - Processing file /home/airflow/.local/lib/python3.7/site-packages/airflow/example_dags/example_branch_datetime_operator.py for tasks to queue
[2022-05-09 23:54:26,048] {logging_mixin.py:109} INFO - [2022-05-09 23:54:26,048] {dagbag.py:500} INFO - Filling up the DagBag from /home/airflow/.local/lib/python3.7/site-packages/airflow/example_dags/example_branch_datetime_operator.py
[2022-05-09 23:54:26,066] {processor.py:652} INFO - DAG(s) dict_keys(['example_branch_datetime_operator_2']) retrieved from /home/airflow/.local/lib/python3.7/site-packages/airflow/example_dags/example_branch_datetime_operator.py
[2022-05-09 23:54:26,088] {logging_mixin.py:109} INFO - [2022-05-09 23:54:26,088] {dag.py:2398} INFO - Sync 1 DAGs
[2022-05-09 23:54:26,111] {logging_mixin.py:109} INFO - [2022-05-09 23:54:26,111] {dag.py:2937} INFO - Setting next_dagrun for example_branch_datetime_operator_2 to 2022-05-08 00:00:00+00:00
[2022-05-09 23:54:26,123] {processor.py:171} INFO - Processing /home/airflow/.local/lib/python3.7/site-packages/airflow/example_dags/example_branch_datetime_operator.py took 0.083 seconds
[2022-05-09 23:54:56,540] {processor.py:163} INFO - Started process (PID=1631) to work on /home/airflow/.local/lib/python3.7/site-packages/airflow/example_dags/example_branch_datetime_operator.py
[2022-05-09 23:54:56,543] {processor.py:642} INFO - Processing file /home/airflow/.local/lib/python3.7/site-packages/airflow/example_dags/example_branch_datetime_operator.py for tasks to queue
[2022-05-09 23:54:56,544] {logging_mixin.py:109} INFO - [2022-05-09 23:54:56,544] {dagbag.py:500} INFO - Filling up the DagBag from /home/airflow/.local/lib/python3.7/site-packages/airflow/example_dags/example_branch_datetime_operator.py
[2022-05-09 23:54:56,561] {processor.py:652} INFO - DAG(s) dict_keys(['example_branch_datetime_operator_2']) retrieved from /home/airflow/.local/lib/python3.7/site-packages/airflow/example_dags/example_branch_datetime_operator.py
[2022-05-09 23:54:56,584] {logging_mixin.py:109} INFO - [2022-05-09 23:54:56,584] {dag.py:2398} INFO - Sync 1 DAGs
[2022-05-09 23:54:56,606] {logging_mixin.py:109} INFO - [2022-05-09 23:54:56,606] {dag.py:2937} INFO - Setting next_dagrun for example_branch_datetime_operator_2 to 2022-05-08 00:00:00+00:00
[2022-05-09 23:54:56,618] {processor.py:171} INFO - Processing /home/airflow/.local/lib/python3.7/site-packages/airflow/example_dags/example_branch_datetime_operator.py took 0.081 seconds
[2022-05-09 23:55:27,104] {processor.py:163} INFO - Started process (PID=1682) to work on /home/airflow/.local/lib/python3.7/site-packages/airflow/example_dags/example_branch_datetime_operator.py
[2022-05-09 23:55:27,106] {processor.py:642} INFO - Processing file /home/airflow/.local/lib/python3.7/site-packages/airflow/example_dags/example_branch_datetime_operator.py for tasks to queue
[2022-05-09 23:55:27,107] {logging_mixin.py:109} INFO - [2022-05-09 23:55:27,107] {dagbag.py:500} INFO - Filling up the DagBag from /home/airflow/.local/lib/python3.7/site-packages/airflow/example_dags/example_branch_datetime_operator.py
[2022-05-09 23:55:27,129] {processor.py:652} INFO - DAG(s) dict_keys(['example_branch_datetime_operator_2']) retrieved from /home/airflow/.local/lib/python3.7/site-packages/airflow/example_dags/example_branch_datetime_operator.py
[2022-05-09 23:55:27,161] {logging_mixin.py:109} INFO - [2022-05-09 23:55:27,161] {dag.py:2398} INFO - Sync 1 DAGs
[2022-05-09 23:55:27,183] {logging_mixin.py:109} INFO - [2022-05-09 23:55:27,183] {dag.py:2937} INFO - Setting next_dagrun for example_branch_datetime_operator_2 to 2022-05-08 00:00:00+00:00
[2022-05-09 23:55:27,194] {processor.py:171} INFO - Processing /home/airflow/.local/lib/python3.7/site-packages/airflow/example_dags/example_branch_datetime_operator.py took 0.094 seconds
[2022-05-09 23:55:57,917] {processor.py:163} INFO - Started process (PID=1743) to work on /home/airflow/.local/lib/python3.7/site-packages/airflow/example_dags/example_branch_datetime_operator.py
[2022-05-09 23:55:57,919] {processor.py:642} INFO - Processing file /home/airflow/.local/lib/python3.7/site-packages/airflow/example_dags/example_branch_datetime_operator.py for tasks to queue
[2022-05-09 23:55:57,921] {logging_mixin.py:109} INFO - [2022-05-09 23:55:57,920] {dagbag.py:500} INFO - Filling up the DagBag from /home/airflow/.local/lib/python3.7/site-packages/airflow/example_dags/example_branch_datetime_operator.py
[2022-05-09 23:55:57,938] {processor.py:652} INFO - DAG(s) dict_keys(['example_branch_datetime_operator_2']) retrieved from /home/airflow/.local/lib/python3.7/site-packages/airflow/example_dags/example_branch_datetime_operator.py
[2022-05-09 23:55:57,959] {logging_mixin.py:109} INFO - [2022-05-09 23:55:57,959] {dag.py:2398} INFO - Sync 1 DAGs
[2022-05-09 23:55:57,978] {logging_mixin.py:109} INFO - [2022-05-09 23:55:57,978] {dag.py:2937} INFO - Setting next_dagrun for example_branch_datetime_operator_2 to 2022-05-08 00:00:00+00:00
[2022-05-09 23:55:57,988] {processor.py:171} INFO - Processing /home/airflow/.local/lib/python3.7/site-packages/airflow/example_dags/example_branch_datetime_operator.py took 0.075 seconds
[2022-05-09 23:56:28,766] {processor.py:163} INFO - Started process (PID=1804) to work on /home/airflow/.local/lib/python3.7/site-packages/airflow/example_dags/example_branch_datetime_operator.py
[2022-05-09 23:56:28,768] {processor.py:642} INFO - Processing file /home/airflow/.local/lib/python3.7/site-packages/airflow/example_dags/example_branch_datetime_operator.py for tasks to queue
[2022-05-09 23:56:28,770] {logging_mixin.py:109} INFO - [2022-05-09 23:56:28,769] {dagbag.py:500} INFO - Filling up the DagBag from /home/airflow/.local/lib/python3.7/site-packages/airflow/example_dags/example_branch_datetime_operator.py
[2022-05-09 23:56:28,788] {processor.py:652} INFO - DAG(s) dict_keys(['example_branch_datetime_operator_2']) retrieved from /home/airflow/.local/lib/python3.7/site-packages/airflow/example_dags/example_branch_datetime_operator.py
[2022-05-09 23:56:28,811] {logging_mixin.py:109} INFO - [2022-05-09 23:56:28,811] {dag.py:2398} INFO - Sync 1 DAGs
[2022-05-09 23:56:28,831] {logging_mixin.py:109} INFO - [2022-05-09 23:56:28,831] {dag.py:2937} INFO - Setting next_dagrun for example_branch_datetime_operator_2 to 2022-05-08 00:00:00+00:00
[2022-05-09 23:56:28,841] {processor.py:171} INFO - Processing /home/airflow/.local/lib/python3.7/site-packages/airflow/example_dags/example_branch_datetime_operator.py took 0.079 seconds
[2022-05-09 23:56:59,435] {processor.py:163} INFO - Started process (PID=1856) to work on /home/airflow/.local/lib/python3.7/site-packages/airflow/example_dags/example_branch_datetime_operator.py
[2022-05-09 23:56:59,437] {processor.py:642} INFO - Processing file /home/airflow/.local/lib/python3.7/site-packages/airflow/example_dags/example_branch_datetime_operator.py for tasks to queue
[2022-05-09 23:56:59,438] {logging_mixin.py:109} INFO - [2022-05-09 23:56:59,438] {dagbag.py:500} INFO - Filling up the DagBag from /home/airflow/.local/lib/python3.7/site-packages/airflow/example_dags/example_branch_datetime_operator.py
[2022-05-09 23:56:59,457] {processor.py:652} INFO - DAG(s) dict_keys(['example_branch_datetime_operator_2']) retrieved from /home/airflow/.local/lib/python3.7/site-packages/airflow/example_dags/example_branch_datetime_operator.py
[2022-05-09 23:56:59,479] {logging_mixin.py:109} INFO - [2022-05-09 23:56:59,479] {dag.py:2398} INFO - Sync 1 DAGs
[2022-05-09 23:56:59,497] {logging_mixin.py:109} INFO - [2022-05-09 23:56:59,497] {dag.py:2937} INFO - Setting next_dagrun for example_branch_datetime_operator_2 to 2022-05-08 00:00:00+00:00
[2022-05-09 23:56:59,507] {processor.py:171} INFO - Processing /home/airflow/.local/lib/python3.7/site-packages/airflow/example_dags/example_branch_datetime_operator.py took 0.077 seconds
[2022-05-09 23:57:30,158] {processor.py:163} INFO - Started process (PID=1920) to work on /home/airflow/.local/lib/python3.7/site-packages/airflow/example_dags/example_branch_datetime_operator.py
[2022-05-09 23:57:30,160] {processor.py:642} INFO - Processing file /home/airflow/.local/lib/python3.7/site-packages/airflow/example_dags/example_branch_datetime_operator.py for tasks to queue
[2022-05-09 23:57:30,161] {logging_mixin.py:109} INFO - [2022-05-09 23:57:30,161] {dagbag.py:500} INFO - Filling up the DagBag from /home/airflow/.local/lib/python3.7/site-packages/airflow/example_dags/example_branch_datetime_operator.py
[2022-05-09 23:57:30,179] {processor.py:652} INFO - DAG(s) dict_keys(['example_branch_datetime_operator_2']) retrieved from /home/airflow/.local/lib/python3.7/site-packages/airflow/example_dags/example_branch_datetime_operator.py
[2022-05-09 23:57:30,200] {logging_mixin.py:109} INFO - [2022-05-09 23:57:30,200] {dag.py:2398} INFO - Sync 1 DAGs
[2022-05-09 23:57:30,219] {logging_mixin.py:109} INFO - [2022-05-09 23:57:30,219] {dag.py:2937} INFO - Setting next_dagrun for example_branch_datetime_operator_2 to 2022-05-08 00:00:00+00:00
[2022-05-09 23:57:30,229] {processor.py:171} INFO - Processing /home/airflow/.local/lib/python3.7/site-packages/airflow/example_dags/example_branch_datetime_operator.py took 0.075 seconds
[2022-05-09 23:58:00,786] {processor.py:163} INFO - Started process (PID=1971) to work on /home/airflow/.local/lib/python3.7/site-packages/airflow/example_dags/example_branch_datetime_operator.py
[2022-05-09 23:58:00,788] {processor.py:642} INFO - Processing file /home/airflow/.local/lib/python3.7/site-packages/airflow/example_dags/example_branch_datetime_operator.py for tasks to queue
[2022-05-09 23:58:00,789] {logging_mixin.py:109} INFO - [2022-05-09 23:58:00,789] {dagbag.py:500} INFO - Filling up the DagBag from /home/airflow/.local/lib/python3.7/site-packages/airflow/example_dags/example_branch_datetime_operator.py
[2022-05-09 23:58:00,807] {processor.py:652} INFO - DAG(s) dict_keys(['example_branch_datetime_operator_2']) retrieved from /home/airflow/.local/lib/python3.7/site-packages/airflow/example_dags/example_branch_datetime_operator.py
[2022-05-09 23:58:00,829] {logging_mixin.py:109} INFO - [2022-05-09 23:58:00,829] {dag.py:2398} INFO - Sync 1 DAGs
[2022-05-09 23:58:00,851] {logging_mixin.py:109} INFO - [2022-05-09 23:58:00,850] {dag.py:2937} INFO - Setting next_dagrun for example_branch_datetime_operator_2 to 2022-05-08 00:00:00+00:00
[2022-05-09 23:58:00,862] {processor.py:171} INFO - Processing /home/airflow/.local/lib/python3.7/site-packages/airflow/example_dags/example_branch_datetime_operator.py took 0.080 seconds
[2022-05-09 23:58:31,420] {processor.py:163} INFO - Started process (PID=2033) to work on /home/airflow/.local/lib/python3.7/site-packages/airflow/example_dags/example_branch_datetime_operator.py
[2022-05-09 23:58:31,422] {processor.py:642} INFO - Processing file /home/airflow/.local/lib/python3.7/site-packages/airflow/example_dags/example_branch_datetime_operator.py for tasks to queue
[2022-05-09 23:58:31,423] {logging_mixin.py:109} INFO - [2022-05-09 23:58:31,423] {dagbag.py:500} INFO - Filling up the DagBag from /home/airflow/.local/lib/python3.7/site-packages/airflow/example_dags/example_branch_datetime_operator.py
[2022-05-09 23:58:31,440] {processor.py:652} INFO - DAG(s) dict_keys(['example_branch_datetime_operator_2']) retrieved from /home/airflow/.local/lib/python3.7/site-packages/airflow/example_dags/example_branch_datetime_operator.py
[2022-05-09 23:58:31,461] {logging_mixin.py:109} INFO - [2022-05-09 23:58:31,461] {dag.py:2398} INFO - Sync 1 DAGs
[2022-05-09 23:58:31,480] {logging_mixin.py:109} INFO - [2022-05-09 23:58:31,479] {dag.py:2937} INFO - Setting next_dagrun for example_branch_datetime_operator_2 to 2022-05-08 00:00:00+00:00
[2022-05-09 23:58:31,490] {processor.py:171} INFO - Processing /home/airflow/.local/lib/python3.7/site-packages/airflow/example_dags/example_branch_datetime_operator.py took 0.074 seconds
[2022-05-09 23:59:02,082] {processor.py:163} INFO - Started process (PID=2094) to work on /home/airflow/.local/lib/python3.7/site-packages/airflow/example_dags/example_branch_datetime_operator.py
[2022-05-09 23:59:02,084] {processor.py:642} INFO - Processing file /home/airflow/.local/lib/python3.7/site-packages/airflow/example_dags/example_branch_datetime_operator.py for tasks to queue
[2022-05-09 23:59:02,086] {logging_mixin.py:109} INFO - [2022-05-09 23:59:02,086] {dagbag.py:500} INFO - Filling up the DagBag from /home/airflow/.local/lib/python3.7/site-packages/airflow/example_dags/example_branch_datetime_operator.py
[2022-05-09 23:59:02,105] {processor.py:652} INFO - DAG(s) dict_keys(['example_branch_datetime_operator_2']) retrieved from /home/airflow/.local/lib/python3.7/site-packages/airflow/example_dags/example_branch_datetime_operator.py
[2022-05-09 23:59:02,127] {logging_mixin.py:109} INFO - [2022-05-09 23:59:02,127] {dag.py:2398} INFO - Sync 1 DAGs
[2022-05-09 23:59:02,146] {logging_mixin.py:109} INFO - [2022-05-09 23:59:02,146] {dag.py:2937} INFO - Setting next_dagrun for example_branch_datetime_operator_2 to 2022-05-08 00:00:00+00:00
[2022-05-09 23:59:02,157] {processor.py:171} INFO - Processing /home/airflow/.local/lib/python3.7/site-packages/airflow/example_dags/example_branch_datetime_operator.py took 0.079 seconds
[2022-05-09 23:59:32,786] {processor.py:163} INFO - Started process (PID=2145) to work on /home/airflow/.local/lib/python3.7/site-packages/airflow/example_dags/example_branch_datetime_operator.py
[2022-05-09 23:59:32,788] {processor.py:642} INFO - Processing file /home/airflow/.local/lib/python3.7/site-packages/airflow/example_dags/example_branch_datetime_operator.py for tasks to queue
[2022-05-09 23:59:32,789] {logging_mixin.py:109} INFO - [2022-05-09 23:59:32,789] {dagbag.py:500} INFO - Filling up the DagBag from /home/airflow/.local/lib/python3.7/site-packages/airflow/example_dags/example_branch_datetime_operator.py
[2022-05-09 23:59:32,807] {processor.py:652} INFO - DAG(s) dict_keys(['example_branch_datetime_operator_2']) retrieved from /home/airflow/.local/lib/python3.7/site-packages/airflow/example_dags/example_branch_datetime_operator.py
[2022-05-09 23:59:32,830] {logging_mixin.py:109} INFO - [2022-05-09 23:59:32,830] {dag.py:2398} INFO - Sync 1 DAGs
[2022-05-09 23:59:32,850] {logging_mixin.py:109} INFO - [2022-05-09 23:59:32,849] {dag.py:2937} INFO - Setting next_dagrun for example_branch_datetime_operator_2 to 2022-05-08 00:00:00+00:00
[2022-05-09 23:59:32,860] {processor.py:171} INFO - Processing /home/airflow/.local/lib/python3.7/site-packages/airflow/example_dags/example_branch_datetime_operator.py took 0.078 seconds
