[2022-05-09 23:41:05,540] {processor.py:163} INFO - Started process (PID=72) to work on /home/airflow/.local/lib/python3.7/site-packages/airflow/example_dags/tutorial.py
[2022-05-09 23:41:05,542] {processor.py:642} INFO - Processing file /home/airflow/.local/lib/python3.7/site-packages/airflow/example_dags/tutorial.py for tasks to queue
[2022-05-09 23:41:05,544] {logging_mixin.py:109} INFO - [2022-05-09 23:41:05,544] {dagbag.py:500} INFO - Filling up the DagBag from /home/airflow/.local/lib/python3.7/site-packages/airflow/example_dags/tutorial.py
[2022-05-09 23:41:05,562] {processor.py:652} INFO - DAG(s) dict_keys(['tutorial']) retrieved from /home/airflow/.local/lib/python3.7/site-packages/airflow/example_dags/tutorial.py
[2022-05-09 23:41:05,592] {logging_mixin.py:109} INFO - [2022-05-09 23:41:05,591] {dag.py:2398} INFO - Sync 1 DAGs
[2022-05-09 23:41:05,613] {logging_mixin.py:109} INFO - [2022-05-09 23:41:05,613] {dag.py:2937} INFO - Setting next_dagrun for tutorial to 2022-05-08T23:41:05.613048+00:00
[2022-05-09 23:41:05,627] {processor.py:171} INFO - Processing /home/airflow/.local/lib/python3.7/site-packages/airflow/example_dags/tutorial.py took 0.091 seconds
[2022-05-09 23:41:36,719] {processor.py:163} INFO - Started process (PID=132) to work on /home/airflow/.local/lib/python3.7/site-packages/airflow/example_dags/tutorial.py
[2022-05-09 23:41:36,724] {processor.py:642} INFO - Processing file /home/airflow/.local/lib/python3.7/site-packages/airflow/example_dags/tutorial.py for tasks to queue
[2022-05-09 23:41:36,726] {logging_mixin.py:109} INFO - [2022-05-09 23:41:36,725] {dagbag.py:500} INFO - Filling up the DagBag from /home/airflow/.local/lib/python3.7/site-packages/airflow/example_dags/tutorial.py
[2022-05-09 23:41:36,753] {processor.py:652} INFO - DAG(s) dict_keys(['tutorial']) retrieved from /home/airflow/.local/lib/python3.7/site-packages/airflow/example_dags/tutorial.py
[2022-05-09 23:41:36,783] {logging_mixin.py:109} INFO - [2022-05-09 23:41:36,783] {dag.py:2398} INFO - Sync 1 DAGs
[2022-05-09 23:41:36,820] {logging_mixin.py:109} INFO - [2022-05-09 23:41:36,820] {dag.py:2937} INFO - Setting next_dagrun for tutorial to 2022-05-08T23:41:36.819754+00:00
[2022-05-09 23:41:36,836] {processor.py:171} INFO - Processing /home/airflow/.local/lib/python3.7/site-packages/airflow/example_dags/tutorial.py took 0.125 seconds
[2022-05-09 23:42:07,417] {processor.py:163} INFO - Started process (PID=195) to work on /home/airflow/.local/lib/python3.7/site-packages/airflow/example_dags/tutorial.py
[2022-05-09 23:42:07,419] {processor.py:642} INFO - Processing file /home/airflow/.local/lib/python3.7/site-packages/airflow/example_dags/tutorial.py for tasks to queue
[2022-05-09 23:42:07,421] {logging_mixin.py:109} INFO - [2022-05-09 23:42:07,421] {dagbag.py:500} INFO - Filling up the DagBag from /home/airflow/.local/lib/python3.7/site-packages/airflow/example_dags/tutorial.py
[2022-05-09 23:42:07,446] {processor.py:652} INFO - DAG(s) dict_keys(['tutorial']) retrieved from /home/airflow/.local/lib/python3.7/site-packages/airflow/example_dags/tutorial.py
[2022-05-09 23:42:07,469] {logging_mixin.py:109} INFO - [2022-05-09 23:42:07,469] {dag.py:2398} INFO - Sync 1 DAGs
[2022-05-09 23:42:07,490] {logging_mixin.py:109} INFO - [2022-05-09 23:42:07,490] {dag.py:2937} INFO - Setting next_dagrun for tutorial to 2022-05-08T23:42:07.490099+00:00
[2022-05-09 23:42:07,502] {processor.py:171} INFO - Processing /home/airflow/.local/lib/python3.7/site-packages/airflow/example_dags/tutorial.py took 0.088 seconds
[2022-05-09 23:42:38,164] {processor.py:163} INFO - Started process (PID=249) to work on /home/airflow/.local/lib/python3.7/site-packages/airflow/example_dags/tutorial.py
[2022-05-09 23:42:38,166] {processor.py:642} INFO - Processing file /home/airflow/.local/lib/python3.7/site-packages/airflow/example_dags/tutorial.py for tasks to queue
[2022-05-09 23:42:38,167] {logging_mixin.py:109} INFO - [2022-05-09 23:42:38,167] {dagbag.py:500} INFO - Filling up the DagBag from /home/airflow/.local/lib/python3.7/site-packages/airflow/example_dags/tutorial.py
[2022-05-09 23:42:38,185] {processor.py:652} INFO - DAG(s) dict_keys(['tutorial']) retrieved from /home/airflow/.local/lib/python3.7/site-packages/airflow/example_dags/tutorial.py
[2022-05-09 23:42:38,207] {logging_mixin.py:109} INFO - [2022-05-09 23:42:38,207] {dag.py:2398} INFO - Sync 1 DAGs
[2022-05-09 23:42:38,225] {logging_mixin.py:109} INFO - [2022-05-09 23:42:38,225] {dag.py:2937} INFO - Setting next_dagrun for tutorial to 2022-05-08T23:42:38.225329+00:00
[2022-05-09 23:42:38,236] {processor.py:171} INFO - Processing /home/airflow/.local/lib/python3.7/site-packages/airflow/example_dags/tutorial.py took 0.077 seconds
[2022-05-09 23:43:09,528] {processor.py:163} INFO - Started process (PID=310) to work on /home/airflow/.local/lib/python3.7/site-packages/airflow/example_dags/tutorial.py
[2022-05-09 23:43:09,531] {processor.py:642} INFO - Processing file /home/airflow/.local/lib/python3.7/site-packages/airflow/example_dags/tutorial.py for tasks to queue
[2022-05-09 23:43:09,533] {logging_mixin.py:109} INFO - [2022-05-09 23:43:09,532] {dagbag.py:500} INFO - Filling up the DagBag from /home/airflow/.local/lib/python3.7/site-packages/airflow/example_dags/tutorial.py
[2022-05-09 23:43:09,554] {processor.py:652} INFO - DAG(s) dict_keys(['tutorial']) retrieved from /home/airflow/.local/lib/python3.7/site-packages/airflow/example_dags/tutorial.py
[2022-05-09 23:43:09,579] {logging_mixin.py:109} INFO - [2022-05-09 23:43:09,579] {dag.py:2398} INFO - Sync 1 DAGs
[2022-05-09 23:43:09,606] {logging_mixin.py:109} INFO - [2022-05-09 23:43:09,606] {dag.py:2937} INFO - Setting next_dagrun for tutorial to 2022-05-08T23:43:09.606511+00:00
[2022-05-09 23:43:09,620] {processor.py:171} INFO - Processing /home/airflow/.local/lib/python3.7/site-packages/airflow/example_dags/tutorial.py took 0.096 seconds
[2022-05-09 23:43:40,221] {processor.py:163} INFO - Started process (PID=361) to work on /home/airflow/.local/lib/python3.7/site-packages/airflow/example_dags/tutorial.py
[2022-05-09 23:43:40,223] {processor.py:642} INFO - Processing file /home/airflow/.local/lib/python3.7/site-packages/airflow/example_dags/tutorial.py for tasks to queue
[2022-05-09 23:43:40,225] {logging_mixin.py:109} INFO - [2022-05-09 23:43:40,225] {dagbag.py:500} INFO - Filling up the DagBag from /home/airflow/.local/lib/python3.7/site-packages/airflow/example_dags/tutorial.py
[2022-05-09 23:43:40,246] {processor.py:652} INFO - DAG(s) dict_keys(['tutorial']) retrieved from /home/airflow/.local/lib/python3.7/site-packages/airflow/example_dags/tutorial.py
[2022-05-09 23:43:40,275] {logging_mixin.py:109} INFO - [2022-05-09 23:43:40,275] {dag.py:2398} INFO - Sync 1 DAGs
[2022-05-09 23:43:40,301] {logging_mixin.py:109} INFO - [2022-05-09 23:43:40,300] {dag.py:2937} INFO - Setting next_dagrun for tutorial to 2022-05-08T23:43:40.300021+00:00
[2022-05-09 23:43:40,315] {processor.py:171} INFO - Processing /home/airflow/.local/lib/python3.7/site-packages/airflow/example_dags/tutorial.py took 0.098 seconds
[2022-05-09 23:44:11,164] {processor.py:163} INFO - Started process (PID=424) to work on /home/airflow/.local/lib/python3.7/site-packages/airflow/example_dags/tutorial.py
[2022-05-09 23:44:11,166] {processor.py:642} INFO - Processing file /home/airflow/.local/lib/python3.7/site-packages/airflow/example_dags/tutorial.py for tasks to queue
[2022-05-09 23:44:11,167] {logging_mixin.py:109} INFO - [2022-05-09 23:44:11,167] {dagbag.py:500} INFO - Filling up the DagBag from /home/airflow/.local/lib/python3.7/site-packages/airflow/example_dags/tutorial.py
[2022-05-09 23:44:11,187] {processor.py:652} INFO - DAG(s) dict_keys(['tutorial']) retrieved from /home/airflow/.local/lib/python3.7/site-packages/airflow/example_dags/tutorial.py
[2022-05-09 23:44:11,210] {logging_mixin.py:109} INFO - [2022-05-09 23:44:11,210] {dag.py:2398} INFO - Sync 1 DAGs
[2022-05-09 23:44:11,231] {logging_mixin.py:109} INFO - [2022-05-09 23:44:11,231] {dag.py:2937} INFO - Setting next_dagrun for tutorial to 2022-05-08T23:44:11.230835+00:00
[2022-05-09 23:44:11,242] {processor.py:171} INFO - Processing /home/airflow/.local/lib/python3.7/site-packages/airflow/example_dags/tutorial.py took 0.083 seconds
[2022-05-09 23:44:42,107] {processor.py:163} INFO - Started process (PID=491) to work on /home/airflow/.local/lib/python3.7/site-packages/airflow/example_dags/tutorial.py
[2022-05-09 23:44:42,110] {processor.py:642} INFO - Processing file /home/airflow/.local/lib/python3.7/site-packages/airflow/example_dags/tutorial.py for tasks to queue
[2022-05-09 23:44:42,112] {logging_mixin.py:109} INFO - [2022-05-09 23:44:42,111] {dagbag.py:500} INFO - Filling up the DagBag from /home/airflow/.local/lib/python3.7/site-packages/airflow/example_dags/tutorial.py
[2022-05-09 23:44:42,135] {processor.py:652} INFO - DAG(s) dict_keys(['tutorial']) retrieved from /home/airflow/.local/lib/python3.7/site-packages/airflow/example_dags/tutorial.py
[2022-05-09 23:44:42,160] {logging_mixin.py:109} INFO - [2022-05-09 23:44:42,160] {dag.py:2398} INFO - Sync 1 DAGs
[2022-05-09 23:44:42,185] {logging_mixin.py:109} INFO - [2022-05-09 23:44:42,185] {dag.py:2937} INFO - Setting next_dagrun for tutorial to 2022-05-08T23:44:42.185150+00:00
[2022-05-09 23:44:42,202] {processor.py:171} INFO - Processing /home/airflow/.local/lib/python3.7/site-packages/airflow/example_dags/tutorial.py took 0.098 seconds
[2022-05-09 23:45:13,226] {processor.py:163} INFO - Started process (PID=544) to work on /home/airflow/.local/lib/python3.7/site-packages/airflow/example_dags/tutorial.py
[2022-05-09 23:45:13,229] {processor.py:642} INFO - Processing file /home/airflow/.local/lib/python3.7/site-packages/airflow/example_dags/tutorial.py for tasks to queue
[2022-05-09 23:45:13,230] {logging_mixin.py:109} INFO - [2022-05-09 23:45:13,230] {dagbag.py:500} INFO - Filling up the DagBag from /home/airflow/.local/lib/python3.7/site-packages/airflow/example_dags/tutorial.py
[2022-05-09 23:45:13,249] {processor.py:652} INFO - DAG(s) dict_keys(['tutorial']) retrieved from /home/airflow/.local/lib/python3.7/site-packages/airflow/example_dags/tutorial.py
[2022-05-09 23:45:13,271] {logging_mixin.py:109} INFO - [2022-05-09 23:45:13,271] {dag.py:2398} INFO - Sync 1 DAGs
[2022-05-09 23:45:13,290] {logging_mixin.py:109} INFO - [2022-05-09 23:45:13,290] {dag.py:2937} INFO - Setting next_dagrun for tutorial to 2022-05-08T23:45:13.289788+00:00
[2022-05-09 23:45:13,302] {processor.py:171} INFO - Processing /home/airflow/.local/lib/python3.7/site-packages/airflow/example_dags/tutorial.py took 0.079 seconds
[2022-05-09 23:45:44,428] {processor.py:163} INFO - Started process (PID=608) to work on /home/airflow/.local/lib/python3.7/site-packages/airflow/example_dags/tutorial.py
[2022-05-09 23:45:44,431] {processor.py:642} INFO - Processing file /home/airflow/.local/lib/python3.7/site-packages/airflow/example_dags/tutorial.py for tasks to queue
[2022-05-09 23:45:44,432] {logging_mixin.py:109} INFO - [2022-05-09 23:45:44,432] {dagbag.py:500} INFO - Filling up the DagBag from /home/airflow/.local/lib/python3.7/site-packages/airflow/example_dags/tutorial.py
[2022-05-09 23:45:44,452] {processor.py:652} INFO - DAG(s) dict_keys(['tutorial']) retrieved from /home/airflow/.local/lib/python3.7/site-packages/airflow/example_dags/tutorial.py
[2022-05-09 23:45:44,478] {logging_mixin.py:109} INFO - [2022-05-09 23:45:44,478] {dag.py:2398} INFO - Sync 1 DAGs
[2022-05-09 23:45:44,500] {logging_mixin.py:109} INFO - [2022-05-09 23:45:44,500] {dag.py:2937} INFO - Setting next_dagrun for tutorial to 2022-05-08T23:45:44.500049+00:00
[2022-05-09 23:45:44,514] {processor.py:171} INFO - Processing /home/airflow/.local/lib/python3.7/site-packages/airflow/example_dags/tutorial.py took 0.092 seconds
[2022-05-09 23:46:15,209] {processor.py:163} INFO - Started process (PID=659) to work on /home/airflow/.local/lib/python3.7/site-packages/airflow/example_dags/tutorial.py
[2022-05-09 23:46:15,211] {processor.py:642} INFO - Processing file /home/airflow/.local/lib/python3.7/site-packages/airflow/example_dags/tutorial.py for tasks to queue
[2022-05-09 23:46:15,212] {logging_mixin.py:109} INFO - [2022-05-09 23:46:15,212] {dagbag.py:500} INFO - Filling up the DagBag from /home/airflow/.local/lib/python3.7/site-packages/airflow/example_dags/tutorial.py
[2022-05-09 23:46:15,229] {processor.py:652} INFO - DAG(s) dict_keys(['tutorial']) retrieved from /home/airflow/.local/lib/python3.7/site-packages/airflow/example_dags/tutorial.py
[2022-05-09 23:46:15,250] {logging_mixin.py:109} INFO - [2022-05-09 23:46:15,250] {dag.py:2398} INFO - Sync 1 DAGs
[2022-05-09 23:46:15,268] {logging_mixin.py:109} INFO - [2022-05-09 23:46:15,268] {dag.py:2937} INFO - Setting next_dagrun for tutorial to 2022-05-08T23:46:15.267758+00:00
[2022-05-09 23:46:15,278] {processor.py:171} INFO - Processing /home/airflow/.local/lib/python3.7/site-packages/airflow/example_dags/tutorial.py took 0.072 seconds
[2022-05-09 23:46:45,955] {processor.py:163} INFO - Started process (PID=722) to work on /home/airflow/.local/lib/python3.7/site-packages/airflow/example_dags/tutorial.py
[2022-05-09 23:46:45,957] {processor.py:642} INFO - Processing file /home/airflow/.local/lib/python3.7/site-packages/airflow/example_dags/tutorial.py for tasks to queue
[2022-05-09 23:46:45,958] {logging_mixin.py:109} INFO - [2022-05-09 23:46:45,958] {dagbag.py:500} INFO - Filling up the DagBag from /home/airflow/.local/lib/python3.7/site-packages/airflow/example_dags/tutorial.py
[2022-05-09 23:46:45,976] {processor.py:652} INFO - DAG(s) dict_keys(['tutorial']) retrieved from /home/airflow/.local/lib/python3.7/site-packages/airflow/example_dags/tutorial.py
[2022-05-09 23:46:46,004] {logging_mixin.py:109} INFO - [2022-05-09 23:46:46,004] {dag.py:2398} INFO - Sync 1 DAGs
[2022-05-09 23:46:46,023] {logging_mixin.py:109} INFO - [2022-05-09 23:46:46,023] {dag.py:2937} INFO - Setting next_dagrun for tutorial to 2022-05-08T23:46:46.023239+00:00
[2022-05-09 23:46:46,034] {processor.py:171} INFO - Processing /home/airflow/.local/lib/python3.7/site-packages/airflow/example_dags/tutorial.py took 0.083 seconds
[2022-05-09 23:47:17,163] {processor.py:163} INFO - Started process (PID=774) to work on /home/airflow/.local/lib/python3.7/site-packages/airflow/example_dags/tutorial.py
[2022-05-09 23:47:17,166] {processor.py:642} INFO - Processing file /home/airflow/.local/lib/python3.7/site-packages/airflow/example_dags/tutorial.py for tasks to queue
[2022-05-09 23:47:17,167] {logging_mixin.py:109} INFO - [2022-05-09 23:47:17,167] {dagbag.py:500} INFO - Filling up the DagBag from /home/airflow/.local/lib/python3.7/site-packages/airflow/example_dags/tutorial.py
[2022-05-09 23:47:17,185] {processor.py:652} INFO - DAG(s) dict_keys(['tutorial']) retrieved from /home/airflow/.local/lib/python3.7/site-packages/airflow/example_dags/tutorial.py
[2022-05-09 23:47:17,209] {logging_mixin.py:109} INFO - [2022-05-09 23:47:17,209] {dag.py:2398} INFO - Sync 1 DAGs
[2022-05-09 23:47:17,240] {logging_mixin.py:109} INFO - [2022-05-09 23:47:17,240] {dag.py:2937} INFO - Setting next_dagrun for tutorial to 2022-05-08T23:47:17.240516+00:00
[2022-05-09 23:47:17,254] {processor.py:171} INFO - Processing /home/airflow/.local/lib/python3.7/site-packages/airflow/example_dags/tutorial.py took 0.096 seconds
[2022-05-09 23:47:47,608] {processor.py:163} INFO - Started process (PID=834) to work on /home/airflow/.local/lib/python3.7/site-packages/airflow/example_dags/tutorial.py
[2022-05-09 23:47:47,613] {processor.py:642} INFO - Processing file /home/airflow/.local/lib/python3.7/site-packages/airflow/example_dags/tutorial.py for tasks to queue
[2022-05-09 23:47:47,615] {logging_mixin.py:109} INFO - [2022-05-09 23:47:47,615] {dagbag.py:500} INFO - Filling up the DagBag from /home/airflow/.local/lib/python3.7/site-packages/airflow/example_dags/tutorial.py
[2022-05-09 23:47:47,637] {processor.py:652} INFO - DAG(s) dict_keys(['tutorial']) retrieved from /home/airflow/.local/lib/python3.7/site-packages/airflow/example_dags/tutorial.py
[2022-05-09 23:47:47,663] {logging_mixin.py:109} INFO - [2022-05-09 23:47:47,663] {dag.py:2398} INFO - Sync 1 DAGs
[2022-05-09 23:47:47,684] {logging_mixin.py:109} INFO - [2022-05-09 23:47:47,684] {dag.py:2937} INFO - Setting next_dagrun for tutorial to 2022-05-08T23:47:47.683874+00:00
[2022-05-09 23:47:47,697] {processor.py:171} INFO - Processing /home/airflow/.local/lib/python3.7/site-packages/airflow/example_dags/tutorial.py took 0.094 seconds
[2022-05-09 23:48:18,470] {processor.py:163} INFO - Started process (PID=885) to work on /home/airflow/.local/lib/python3.7/site-packages/airflow/example_dags/tutorial.py
[2022-05-09 23:48:18,473] {processor.py:642} INFO - Processing file /home/airflow/.local/lib/python3.7/site-packages/airflow/example_dags/tutorial.py for tasks to queue
[2022-05-09 23:48:18,475] {logging_mixin.py:109} INFO - [2022-05-09 23:48:18,475] {dagbag.py:500} INFO - Filling up the DagBag from /home/airflow/.local/lib/python3.7/site-packages/airflow/example_dags/tutorial.py
[2022-05-09 23:48:18,494] {processor.py:652} INFO - DAG(s) dict_keys(['tutorial']) retrieved from /home/airflow/.local/lib/python3.7/site-packages/airflow/example_dags/tutorial.py
[2022-05-09 23:48:18,528] {logging_mixin.py:109} INFO - [2022-05-09 23:48:18,528] {dag.py:2398} INFO - Sync 1 DAGs
[2022-05-09 23:48:18,551] {logging_mixin.py:109} INFO - [2022-05-09 23:48:18,550] {dag.py:2937} INFO - Setting next_dagrun for tutorial to 2022-05-08T23:48:18.550572+00:00
[2022-05-09 23:48:18,571] {processor.py:171} INFO - Processing /home/airflow/.local/lib/python3.7/site-packages/airflow/example_dags/tutorial.py took 0.104 seconds
[2022-05-09 23:48:49,277] {processor.py:163} INFO - Started process (PID=949) to work on /home/airflow/.local/lib/python3.7/site-packages/airflow/example_dags/tutorial.py
[2022-05-09 23:48:49,279] {processor.py:642} INFO - Processing file /home/airflow/.local/lib/python3.7/site-packages/airflow/example_dags/tutorial.py for tasks to queue
[2022-05-09 23:48:49,280] {logging_mixin.py:109} INFO - [2022-05-09 23:48:49,280] {dagbag.py:500} INFO - Filling up the DagBag from /home/airflow/.local/lib/python3.7/site-packages/airflow/example_dags/tutorial.py
[2022-05-09 23:48:49,296] {processor.py:652} INFO - DAG(s) dict_keys(['tutorial']) retrieved from /home/airflow/.local/lib/python3.7/site-packages/airflow/example_dags/tutorial.py
[2022-05-09 23:48:49,318] {logging_mixin.py:109} INFO - [2022-05-09 23:48:49,318] {dag.py:2398} INFO - Sync 1 DAGs
[2022-05-09 23:48:49,336] {logging_mixin.py:109} INFO - [2022-05-09 23:48:49,336] {dag.py:2937} INFO - Setting next_dagrun for tutorial to 2022-05-08T23:48:49.336546+00:00
[2022-05-09 23:48:49,349] {processor.py:171} INFO - Processing /home/airflow/.local/lib/python3.7/site-packages/airflow/example_dags/tutorial.py took 0.075 seconds
[2022-05-09 23:49:20,055] {processor.py:163} INFO - Started process (PID=1010) to work on /home/airflow/.local/lib/python3.7/site-packages/airflow/example_dags/tutorial.py
[2022-05-09 23:49:20,057] {processor.py:642} INFO - Processing file /home/airflow/.local/lib/python3.7/site-packages/airflow/example_dags/tutorial.py for tasks to queue
[2022-05-09 23:49:20,059] {logging_mixin.py:109} INFO - [2022-05-09 23:49:20,059] {dagbag.py:500} INFO - Filling up the DagBag from /home/airflow/.local/lib/python3.7/site-packages/airflow/example_dags/tutorial.py
[2022-05-09 23:49:20,078] {processor.py:652} INFO - DAG(s) dict_keys(['tutorial']) retrieved from /home/airflow/.local/lib/python3.7/site-packages/airflow/example_dags/tutorial.py
[2022-05-09 23:49:20,108] {logging_mixin.py:109} INFO - [2022-05-09 23:49:20,108] {dag.py:2398} INFO - Sync 1 DAGs
[2022-05-09 23:49:20,132] {logging_mixin.py:109} INFO - [2022-05-09 23:49:20,132] {dag.py:2937} INFO - Setting next_dagrun for tutorial to 2022-05-08T23:49:20.132337+00:00
[2022-05-09 23:49:20,144] {processor.py:171} INFO - Processing /home/airflow/.local/lib/python3.7/site-packages/airflow/example_dags/tutorial.py took 0.093 seconds
[2022-05-09 23:49:50,652] {processor.py:163} INFO - Started process (PID=1062) to work on /home/airflow/.local/lib/python3.7/site-packages/airflow/example_dags/tutorial.py
[2022-05-09 23:49:50,654] {processor.py:642} INFO - Processing file /home/airflow/.local/lib/python3.7/site-packages/airflow/example_dags/tutorial.py for tasks to queue
[2022-05-09 23:49:50,655] {logging_mixin.py:109} INFO - [2022-05-09 23:49:50,655] {dagbag.py:500} INFO - Filling up the DagBag from /home/airflow/.local/lib/python3.7/site-packages/airflow/example_dags/tutorial.py
[2022-05-09 23:49:50,671] {processor.py:652} INFO - DAG(s) dict_keys(['tutorial']) retrieved from /home/airflow/.local/lib/python3.7/site-packages/airflow/example_dags/tutorial.py
[2022-05-09 23:49:50,697] {logging_mixin.py:109} INFO - [2022-05-09 23:49:50,697] {dag.py:2398} INFO - Sync 1 DAGs
[2022-05-09 23:49:50,717] {logging_mixin.py:109} INFO - [2022-05-09 23:49:50,717] {dag.py:2937} INFO - Setting next_dagrun for tutorial to 2022-05-08T23:49:50.716878+00:00
[2022-05-09 23:49:50,728] {processor.py:171} INFO - Processing /home/airflow/.local/lib/python3.7/site-packages/airflow/example_dags/tutorial.py took 0.081 seconds
[2022-05-09 23:50:21,307] {processor.py:163} INFO - Started process (PID=1122) to work on /home/airflow/.local/lib/python3.7/site-packages/airflow/example_dags/tutorial.py
[2022-05-09 23:50:21,309] {processor.py:642} INFO - Processing file /home/airflow/.local/lib/python3.7/site-packages/airflow/example_dags/tutorial.py for tasks to queue
[2022-05-09 23:50:21,310] {logging_mixin.py:109} INFO - [2022-05-09 23:50:21,310] {dagbag.py:500} INFO - Filling up the DagBag from /home/airflow/.local/lib/python3.7/site-packages/airflow/example_dags/tutorial.py
[2022-05-09 23:50:21,326] {processor.py:652} INFO - DAG(s) dict_keys(['tutorial']) retrieved from /home/airflow/.local/lib/python3.7/site-packages/airflow/example_dags/tutorial.py
[2022-05-09 23:50:21,347] {logging_mixin.py:109} INFO - [2022-05-09 23:50:21,347] {dag.py:2398} INFO - Sync 1 DAGs
[2022-05-09 23:50:21,367] {logging_mixin.py:109} INFO - [2022-05-09 23:50:21,367] {dag.py:2937} INFO - Setting next_dagrun for tutorial to 2022-05-08T23:50:21.366867+00:00
[2022-05-09 23:50:21,380] {processor.py:171} INFO - Processing /home/airflow/.local/lib/python3.7/site-packages/airflow/example_dags/tutorial.py took 0.077 seconds
[2022-05-09 23:50:51,896] {processor.py:163} INFO - Started process (PID=1175) to work on /home/airflow/.local/lib/python3.7/site-packages/airflow/example_dags/tutorial.py
[2022-05-09 23:50:51,898] {processor.py:642} INFO - Processing file /home/airflow/.local/lib/python3.7/site-packages/airflow/example_dags/tutorial.py for tasks to queue
[2022-05-09 23:50:51,900] {logging_mixin.py:109} INFO - [2022-05-09 23:50:51,899] {dagbag.py:500} INFO - Filling up the DagBag from /home/airflow/.local/lib/python3.7/site-packages/airflow/example_dags/tutorial.py
[2022-05-09 23:50:51,917] {processor.py:652} INFO - DAG(s) dict_keys(['tutorial']) retrieved from /home/airflow/.local/lib/python3.7/site-packages/airflow/example_dags/tutorial.py
[2022-05-09 23:50:51,941] {logging_mixin.py:109} INFO - [2022-05-09 23:50:51,941] {dag.py:2398} INFO - Sync 1 DAGs
[2022-05-09 23:50:51,959] {logging_mixin.py:109} INFO - [2022-05-09 23:50:51,959] {dag.py:2937} INFO - Setting next_dagrun for tutorial to 2022-05-08T23:50:51.959081+00:00
[2022-05-09 23:50:51,970] {processor.py:171} INFO - Processing /home/airflow/.local/lib/python3.7/site-packages/airflow/example_dags/tutorial.py took 0.077 seconds
[2022-05-09 23:51:22,441] {processor.py:163} INFO - Started process (PID=1235) to work on /home/airflow/.local/lib/python3.7/site-packages/airflow/example_dags/tutorial.py
[2022-05-09 23:51:22,444] {processor.py:642} INFO - Processing file /home/airflow/.local/lib/python3.7/site-packages/airflow/example_dags/tutorial.py for tasks to queue
[2022-05-09 23:51:22,446] {logging_mixin.py:109} INFO - [2022-05-09 23:51:22,446] {dagbag.py:500} INFO - Filling up the DagBag from /home/airflow/.local/lib/python3.7/site-packages/airflow/example_dags/tutorial.py
[2022-05-09 23:51:22,466] {processor.py:652} INFO - DAG(s) dict_keys(['tutorial']) retrieved from /home/airflow/.local/lib/python3.7/site-packages/airflow/example_dags/tutorial.py
[2022-05-09 23:51:22,491] {logging_mixin.py:109} INFO - [2022-05-09 23:51:22,491] {dag.py:2398} INFO - Sync 1 DAGs
[2022-05-09 23:51:22,510] {logging_mixin.py:109} INFO - [2022-05-09 23:51:22,510] {dag.py:2937} INFO - Setting next_dagrun for tutorial to 2022-05-08T23:51:22.509902+00:00
[2022-05-09 23:51:22,521] {processor.py:171} INFO - Processing /home/airflow/.local/lib/python3.7/site-packages/airflow/example_dags/tutorial.py took 0.084 seconds
[2022-05-09 23:51:53,107] {processor.py:163} INFO - Started process (PID=1294) to work on /home/airflow/.local/lib/python3.7/site-packages/airflow/example_dags/tutorial.py
[2022-05-09 23:51:53,109] {processor.py:642} INFO - Processing file /home/airflow/.local/lib/python3.7/site-packages/airflow/example_dags/tutorial.py for tasks to queue
[2022-05-09 23:51:53,110] {logging_mixin.py:109} INFO - [2022-05-09 23:51:53,110] {dagbag.py:500} INFO - Filling up the DagBag from /home/airflow/.local/lib/python3.7/site-packages/airflow/example_dags/tutorial.py
[2022-05-09 23:51:53,128] {processor.py:652} INFO - DAG(s) dict_keys(['tutorial']) retrieved from /home/airflow/.local/lib/python3.7/site-packages/airflow/example_dags/tutorial.py
[2022-05-09 23:51:53,154] {logging_mixin.py:109} INFO - [2022-05-09 23:51:53,153] {dag.py:2398} INFO - Sync 1 DAGs
[2022-05-09 23:51:53,173] {logging_mixin.py:109} INFO - [2022-05-09 23:51:53,173] {dag.py:2937} INFO - Setting next_dagrun for tutorial to 2022-05-08T23:51:53.173464+00:00
[2022-05-09 23:51:53,185] {processor.py:171} INFO - Processing /home/airflow/.local/lib/python3.7/site-packages/airflow/example_dags/tutorial.py took 0.081 seconds
[2022-05-09 23:52:23,704] {processor.py:163} INFO - Started process (PID=1347) to work on /home/airflow/.local/lib/python3.7/site-packages/airflow/example_dags/tutorial.py
[2022-05-09 23:52:23,707] {processor.py:642} INFO - Processing file /home/airflow/.local/lib/python3.7/site-packages/airflow/example_dags/tutorial.py for tasks to queue
[2022-05-09 23:52:23,708] {logging_mixin.py:109} INFO - [2022-05-09 23:52:23,708] {dagbag.py:500} INFO - Filling up the DagBag from /home/airflow/.local/lib/python3.7/site-packages/airflow/example_dags/tutorial.py
[2022-05-09 23:52:23,724] {processor.py:652} INFO - DAG(s) dict_keys(['tutorial']) retrieved from /home/airflow/.local/lib/python3.7/site-packages/airflow/example_dags/tutorial.py
[2022-05-09 23:52:23,746] {logging_mixin.py:109} INFO - [2022-05-09 23:52:23,746] {dag.py:2398} INFO - Sync 1 DAGs
[2022-05-09 23:52:23,765] {logging_mixin.py:109} INFO - [2022-05-09 23:52:23,765] {dag.py:2937} INFO - Setting next_dagrun for tutorial to 2022-05-08T23:52:23.764786+00:00
[2022-05-09 23:52:23,777] {processor.py:171} INFO - Processing /home/airflow/.local/lib/python3.7/site-packages/airflow/example_dags/tutorial.py took 0.076 seconds
[2022-05-09 23:52:54,529] {processor.py:163} INFO - Started process (PID=1408) to work on /home/airflow/.local/lib/python3.7/site-packages/airflow/example_dags/tutorial.py
[2022-05-09 23:52:54,532] {processor.py:642} INFO - Processing file /home/airflow/.local/lib/python3.7/site-packages/airflow/example_dags/tutorial.py for tasks to queue
[2022-05-09 23:52:54,534] {logging_mixin.py:109} INFO - [2022-05-09 23:52:54,534] {dagbag.py:500} INFO - Filling up the DagBag from /home/airflow/.local/lib/python3.7/site-packages/airflow/example_dags/tutorial.py
[2022-05-09 23:52:54,556] {processor.py:652} INFO - DAG(s) dict_keys(['tutorial']) retrieved from /home/airflow/.local/lib/python3.7/site-packages/airflow/example_dags/tutorial.py
[2022-05-09 23:52:54,585] {logging_mixin.py:109} INFO - [2022-05-09 23:52:54,585] {dag.py:2398} INFO - Sync 1 DAGs
[2022-05-09 23:52:54,609] {logging_mixin.py:109} INFO - [2022-05-09 23:52:54,608] {dag.py:2937} INFO - Setting next_dagrun for tutorial to 2022-05-08T23:52:54.608649+00:00
[2022-05-09 23:52:54,622] {processor.py:171} INFO - Processing /home/airflow/.local/lib/python3.7/site-packages/airflow/example_dags/tutorial.py took 0.099 seconds
[2022-05-09 23:53:25,140] {processor.py:163} INFO - Started process (PID=1461) to work on /home/airflow/.local/lib/python3.7/site-packages/airflow/example_dags/tutorial.py
[2022-05-09 23:53:25,142] {processor.py:642} INFO - Processing file /home/airflow/.local/lib/python3.7/site-packages/airflow/example_dags/tutorial.py for tasks to queue
[2022-05-09 23:53:25,144] {logging_mixin.py:109} INFO - [2022-05-09 23:53:25,144] {dagbag.py:500} INFO - Filling up the DagBag from /home/airflow/.local/lib/python3.7/site-packages/airflow/example_dags/tutorial.py
[2022-05-09 23:53:25,160] {processor.py:652} INFO - DAG(s) dict_keys(['tutorial']) retrieved from /home/airflow/.local/lib/python3.7/site-packages/airflow/example_dags/tutorial.py
[2022-05-09 23:53:25,181] {logging_mixin.py:109} INFO - [2022-05-09 23:53:25,181] {dag.py:2398} INFO - Sync 1 DAGs
[2022-05-09 23:53:25,199] {logging_mixin.py:109} INFO - [2022-05-09 23:53:25,199] {dag.py:2937} INFO - Setting next_dagrun for tutorial to 2022-05-08T23:53:25.199139+00:00
[2022-05-09 23:53:25,210] {processor.py:171} INFO - Processing /home/airflow/.local/lib/python3.7/site-packages/airflow/example_dags/tutorial.py took 0.074 seconds
[2022-05-09 23:53:55,626] {processor.py:163} INFO - Started process (PID=1521) to work on /home/airflow/.local/lib/python3.7/site-packages/airflow/example_dags/tutorial.py
[2022-05-09 23:53:55,628] {processor.py:642} INFO - Processing file /home/airflow/.local/lib/python3.7/site-packages/airflow/example_dags/tutorial.py for tasks to queue
[2022-05-09 23:53:55,629] {logging_mixin.py:109} INFO - [2022-05-09 23:53:55,629] {dagbag.py:500} INFO - Filling up the DagBag from /home/airflow/.local/lib/python3.7/site-packages/airflow/example_dags/tutorial.py
[2022-05-09 23:53:55,648] {processor.py:652} INFO - DAG(s) dict_keys(['tutorial']) retrieved from /home/airflow/.local/lib/python3.7/site-packages/airflow/example_dags/tutorial.py
[2022-05-09 23:53:55,671] {logging_mixin.py:109} INFO - [2022-05-09 23:53:55,671] {dag.py:2398} INFO - Sync 1 DAGs
[2022-05-09 23:53:55,690] {logging_mixin.py:109} INFO - [2022-05-09 23:53:55,690] {dag.py:2937} INFO - Setting next_dagrun for tutorial to 2022-05-08T23:53:55.690441+00:00
[2022-05-09 23:53:55,700] {processor.py:171} INFO - Processing /home/airflow/.local/lib/python3.7/site-packages/airflow/example_dags/tutorial.py took 0.079 seconds
[2022-05-09 23:54:26,147] {processor.py:163} INFO - Started process (PID=1571) to work on /home/airflow/.local/lib/python3.7/site-packages/airflow/example_dags/tutorial.py
[2022-05-09 23:54:26,149] {processor.py:642} INFO - Processing file /home/airflow/.local/lib/python3.7/site-packages/airflow/example_dags/tutorial.py for tasks to queue
[2022-05-09 23:54:26,150] {logging_mixin.py:109} INFO - [2022-05-09 23:54:26,150] {dagbag.py:500} INFO - Filling up the DagBag from /home/airflow/.local/lib/python3.7/site-packages/airflow/example_dags/tutorial.py
[2022-05-09 23:54:26,167] {processor.py:652} INFO - DAG(s) dict_keys(['tutorial']) retrieved from /home/airflow/.local/lib/python3.7/site-packages/airflow/example_dags/tutorial.py
[2022-05-09 23:54:26,189] {logging_mixin.py:109} INFO - [2022-05-09 23:54:26,189] {dag.py:2398} INFO - Sync 1 DAGs
[2022-05-09 23:54:26,207] {logging_mixin.py:109} INFO - [2022-05-09 23:54:26,207] {dag.py:2937} INFO - Setting next_dagrun for tutorial to 2022-05-08T23:54:26.207213+00:00
[2022-05-09 23:54:26,218] {processor.py:171} INFO - Processing /home/airflow/.local/lib/python3.7/site-packages/airflow/example_dags/tutorial.py took 0.075 seconds
[2022-05-09 23:54:56,643] {processor.py:163} INFO - Started process (PID=1632) to work on /home/airflow/.local/lib/python3.7/site-packages/airflow/example_dags/tutorial.py
[2022-05-09 23:54:56,645] {processor.py:642} INFO - Processing file /home/airflow/.local/lib/python3.7/site-packages/airflow/example_dags/tutorial.py for tasks to queue
[2022-05-09 23:54:56,647] {logging_mixin.py:109} INFO - [2022-05-09 23:54:56,646] {dagbag.py:500} INFO - Filling up the DagBag from /home/airflow/.local/lib/python3.7/site-packages/airflow/example_dags/tutorial.py
[2022-05-09 23:54:56,665] {processor.py:652} INFO - DAG(s) dict_keys(['tutorial']) retrieved from /home/airflow/.local/lib/python3.7/site-packages/airflow/example_dags/tutorial.py
[2022-05-09 23:54:56,688] {logging_mixin.py:109} INFO - [2022-05-09 23:54:56,688] {dag.py:2398} INFO - Sync 1 DAGs
[2022-05-09 23:54:56,707] {logging_mixin.py:109} INFO - [2022-05-09 23:54:56,706] {dag.py:2937} INFO - Setting next_dagrun for tutorial to 2022-05-08T23:54:56.706697+00:00
[2022-05-09 23:54:56,717] {processor.py:171} INFO - Processing /home/airflow/.local/lib/python3.7/site-packages/airflow/example_dags/tutorial.py took 0.078 seconds
[2022-05-09 23:55:27,177] {processor.py:163} INFO - Started process (PID=1683) to work on /home/airflow/.local/lib/python3.7/site-packages/airflow/example_dags/tutorial.py
[2022-05-09 23:55:27,179] {processor.py:642} INFO - Processing file /home/airflow/.local/lib/python3.7/site-packages/airflow/example_dags/tutorial.py for tasks to queue
[2022-05-09 23:55:27,180] {logging_mixin.py:109} INFO - [2022-05-09 23:55:27,180] {dagbag.py:500} INFO - Filling up the DagBag from /home/airflow/.local/lib/python3.7/site-packages/airflow/example_dags/tutorial.py
[2022-05-09 23:55:27,197] {processor.py:652} INFO - DAG(s) dict_keys(['tutorial']) retrieved from /home/airflow/.local/lib/python3.7/site-packages/airflow/example_dags/tutorial.py
[2022-05-09 23:55:27,225] {logging_mixin.py:109} INFO - [2022-05-09 23:55:27,225] {dag.py:2398} INFO - Sync 1 DAGs
[2022-05-09 23:55:27,244] {logging_mixin.py:109} INFO - [2022-05-09 23:55:27,244] {dag.py:2937} INFO - Setting next_dagrun for tutorial to 2022-05-08T23:55:27.243899+00:00
[2022-05-09 23:55:27,259] {processor.py:171} INFO - Processing /home/airflow/.local/lib/python3.7/site-packages/airflow/example_dags/tutorial.py took 0.086 seconds
[2022-05-09 23:55:58,010] {processor.py:163} INFO - Started process (PID=1744) to work on /home/airflow/.local/lib/python3.7/site-packages/airflow/example_dags/tutorial.py
[2022-05-09 23:55:58,012] {processor.py:642} INFO - Processing file /home/airflow/.local/lib/python3.7/site-packages/airflow/example_dags/tutorial.py for tasks to queue
[2022-05-09 23:55:58,013] {logging_mixin.py:109} INFO - [2022-05-09 23:55:58,013] {dagbag.py:500} INFO - Filling up the DagBag from /home/airflow/.local/lib/python3.7/site-packages/airflow/example_dags/tutorial.py
[2022-05-09 23:55:58,029] {processor.py:652} INFO - DAG(s) dict_keys(['tutorial']) retrieved from /home/airflow/.local/lib/python3.7/site-packages/airflow/example_dags/tutorial.py
[2022-05-09 23:55:58,050] {logging_mixin.py:109} INFO - [2022-05-09 23:55:58,050] {dag.py:2398} INFO - Sync 1 DAGs
[2022-05-09 23:55:58,067] {logging_mixin.py:109} INFO - [2022-05-09 23:55:58,067] {dag.py:2937} INFO - Setting next_dagrun for tutorial to 2022-05-08T23:55:58.066865+00:00
[2022-05-09 23:55:58,077] {processor.py:171} INFO - Processing /home/airflow/.local/lib/python3.7/site-packages/airflow/example_dags/tutorial.py took 0.071 seconds
[2022-05-09 23:56:28,822] {processor.py:163} INFO - Started process (PID=1805) to work on /home/airflow/.local/lib/python3.7/site-packages/airflow/example_dags/tutorial.py
[2022-05-09 23:56:28,824] {processor.py:642} INFO - Processing file /home/airflow/.local/lib/python3.7/site-packages/airflow/example_dags/tutorial.py for tasks to queue
[2022-05-09 23:56:28,825] {logging_mixin.py:109} INFO - [2022-05-09 23:56:28,825] {dagbag.py:500} INFO - Filling up the DagBag from /home/airflow/.local/lib/python3.7/site-packages/airflow/example_dags/tutorial.py
[2022-05-09 23:56:28,843] {processor.py:652} INFO - DAG(s) dict_keys(['tutorial']) retrieved from /home/airflow/.local/lib/python3.7/site-packages/airflow/example_dags/tutorial.py
[2022-05-09 23:56:28,869] {logging_mixin.py:109} INFO - [2022-05-09 23:56:28,869] {dag.py:2398} INFO - Sync 1 DAGs
[2022-05-09 23:56:28,887] {logging_mixin.py:109} INFO - [2022-05-09 23:56:28,887] {dag.py:2937} INFO - Setting next_dagrun for tutorial to 2022-05-08T23:56:28.886951+00:00
[2022-05-09 23:56:28,897] {processor.py:171} INFO - Processing /home/airflow/.local/lib/python3.7/site-packages/airflow/example_dags/tutorial.py took 0.079 seconds
[2022-05-09 23:56:59,448] {processor.py:163} INFO - Started process (PID=1857) to work on /home/airflow/.local/lib/python3.7/site-packages/airflow/example_dags/tutorial.py
[2022-05-09 23:56:59,451] {processor.py:642} INFO - Processing file /home/airflow/.local/lib/python3.7/site-packages/airflow/example_dags/tutorial.py for tasks to queue
[2022-05-09 23:56:59,452] {logging_mixin.py:109} INFO - [2022-05-09 23:56:59,452] {dagbag.py:500} INFO - Filling up the DagBag from /home/airflow/.local/lib/python3.7/site-packages/airflow/example_dags/tutorial.py
[2022-05-09 23:56:59,469] {processor.py:652} INFO - DAG(s) dict_keys(['tutorial']) retrieved from /home/airflow/.local/lib/python3.7/site-packages/airflow/example_dags/tutorial.py
[2022-05-09 23:56:59,491] {logging_mixin.py:109} INFO - [2022-05-09 23:56:59,491] {dag.py:2398} INFO - Sync 1 DAGs
[2022-05-09 23:56:59,509] {logging_mixin.py:109} INFO - [2022-05-09 23:56:59,509] {dag.py:2937} INFO - Setting next_dagrun for tutorial to 2022-05-08T23:56:59.508925+00:00
[2022-05-09 23:56:59,524] {processor.py:171} INFO - Processing /home/airflow/.local/lib/python3.7/site-packages/airflow/example_dags/tutorial.py took 0.080 seconds
[2022-05-09 23:57:30,251] {processor.py:163} INFO - Started process (PID=1921) to work on /home/airflow/.local/lib/python3.7/site-packages/airflow/example_dags/tutorial.py
[2022-05-09 23:57:30,253] {processor.py:642} INFO - Processing file /home/airflow/.local/lib/python3.7/site-packages/airflow/example_dags/tutorial.py for tasks to queue
[2022-05-09 23:57:30,255] {logging_mixin.py:109} INFO - [2022-05-09 23:57:30,255] {dagbag.py:500} INFO - Filling up the DagBag from /home/airflow/.local/lib/python3.7/site-packages/airflow/example_dags/tutorial.py
[2022-05-09 23:57:30,272] {processor.py:652} INFO - DAG(s) dict_keys(['tutorial']) retrieved from /home/airflow/.local/lib/python3.7/site-packages/airflow/example_dags/tutorial.py
[2022-05-09 23:57:30,296] {logging_mixin.py:109} INFO - [2022-05-09 23:57:30,296] {dag.py:2398} INFO - Sync 1 DAGs
[2022-05-09 23:57:30,316] {logging_mixin.py:109} INFO - [2022-05-09 23:57:30,316] {dag.py:2937} INFO - Setting next_dagrun for tutorial to 2022-05-08T23:57:30.315756+00:00
[2022-05-09 23:57:30,327] {processor.py:171} INFO - Processing /home/airflow/.local/lib/python3.7/site-packages/airflow/example_dags/tutorial.py took 0.080 seconds
[2022-05-09 23:58:00,887] {processor.py:163} INFO - Started process (PID=1972) to work on /home/airflow/.local/lib/python3.7/site-packages/airflow/example_dags/tutorial.py
[2022-05-09 23:58:00,890] {processor.py:642} INFO - Processing file /home/airflow/.local/lib/python3.7/site-packages/airflow/example_dags/tutorial.py for tasks to queue
[2022-05-09 23:58:00,891] {logging_mixin.py:109} INFO - [2022-05-09 23:58:00,891] {dagbag.py:500} INFO - Filling up the DagBag from /home/airflow/.local/lib/python3.7/site-packages/airflow/example_dags/tutorial.py
[2022-05-09 23:58:00,910] {processor.py:652} INFO - DAG(s) dict_keys(['tutorial']) retrieved from /home/airflow/.local/lib/python3.7/site-packages/airflow/example_dags/tutorial.py
[2022-05-09 23:58:00,935] {logging_mixin.py:109} INFO - [2022-05-09 23:58:00,935] {dag.py:2398} INFO - Sync 1 DAGs
[2022-05-09 23:58:00,954] {logging_mixin.py:109} INFO - [2022-05-09 23:58:00,954] {dag.py:2937} INFO - Setting next_dagrun for tutorial to 2022-05-08T23:58:00.954441+00:00
[2022-05-09 23:58:00,966] {processor.py:171} INFO - Processing /home/airflow/.local/lib/python3.7/site-packages/airflow/example_dags/tutorial.py took 0.083 seconds
[2022-05-09 23:58:31,510] {processor.py:163} INFO - Started process (PID=2034) to work on /home/airflow/.local/lib/python3.7/site-packages/airflow/example_dags/tutorial.py
[2022-05-09 23:58:31,512] {processor.py:642} INFO - Processing file /home/airflow/.local/lib/python3.7/site-packages/airflow/example_dags/tutorial.py for tasks to queue
[2022-05-09 23:58:31,513] {logging_mixin.py:109} INFO - [2022-05-09 23:58:31,513] {dagbag.py:500} INFO - Filling up the DagBag from /home/airflow/.local/lib/python3.7/site-packages/airflow/example_dags/tutorial.py
[2022-05-09 23:58:31,529] {processor.py:652} INFO - DAG(s) dict_keys(['tutorial']) retrieved from /home/airflow/.local/lib/python3.7/site-packages/airflow/example_dags/tutorial.py
[2022-05-09 23:58:31,554] {logging_mixin.py:109} INFO - [2022-05-09 23:58:31,554] {dag.py:2398} INFO - Sync 1 DAGs
[2022-05-09 23:58:31,577] {logging_mixin.py:109} INFO - [2022-05-09 23:58:31,577] {dag.py:2937} INFO - Setting next_dagrun for tutorial to 2022-05-08T23:58:31.577233+00:00
[2022-05-09 23:58:31,594] {processor.py:171} INFO - Processing /home/airflow/.local/lib/python3.7/site-packages/airflow/example_dags/tutorial.py took 0.087 seconds
[2022-05-09 23:59:02,179] {processor.py:163} INFO - Started process (PID=2095) to work on /home/airflow/.local/lib/python3.7/site-packages/airflow/example_dags/tutorial.py
[2022-05-09 23:59:02,181] {processor.py:642} INFO - Processing file /home/airflow/.local/lib/python3.7/site-packages/airflow/example_dags/tutorial.py for tasks to queue
[2022-05-09 23:59:02,183] {logging_mixin.py:109} INFO - [2022-05-09 23:59:02,183] {dagbag.py:500} INFO - Filling up the DagBag from /home/airflow/.local/lib/python3.7/site-packages/airflow/example_dags/tutorial.py
[2022-05-09 23:59:02,200] {processor.py:652} INFO - DAG(s) dict_keys(['tutorial']) retrieved from /home/airflow/.local/lib/python3.7/site-packages/airflow/example_dags/tutorial.py
[2022-05-09 23:59:02,224] {logging_mixin.py:109} INFO - [2022-05-09 23:59:02,224] {dag.py:2398} INFO - Sync 1 DAGs
[2022-05-09 23:59:02,244] {logging_mixin.py:109} INFO - [2022-05-09 23:59:02,244] {dag.py:2937} INFO - Setting next_dagrun for tutorial to 2022-05-08T23:59:02.244138+00:00
[2022-05-09 23:59:02,255] {processor.py:171} INFO - Processing /home/airflow/.local/lib/python3.7/site-packages/airflow/example_dags/tutorial.py took 0.080 seconds
[2022-05-09 23:59:32,884] {processor.py:163} INFO - Started process (PID=2146) to work on /home/airflow/.local/lib/python3.7/site-packages/airflow/example_dags/tutorial.py
[2022-05-09 23:59:32,886] {processor.py:642} INFO - Processing file /home/airflow/.local/lib/python3.7/site-packages/airflow/example_dags/tutorial.py for tasks to queue
[2022-05-09 23:59:32,887] {logging_mixin.py:109} INFO - [2022-05-09 23:59:32,887] {dagbag.py:500} INFO - Filling up the DagBag from /home/airflow/.local/lib/python3.7/site-packages/airflow/example_dags/tutorial.py
[2022-05-09 23:59:32,906] {processor.py:652} INFO - DAG(s) dict_keys(['tutorial']) retrieved from /home/airflow/.local/lib/python3.7/site-packages/airflow/example_dags/tutorial.py
[2022-05-09 23:59:32,931] {logging_mixin.py:109} INFO - [2022-05-09 23:59:32,931] {dag.py:2398} INFO - Sync 1 DAGs
[2022-05-09 23:59:32,950] {logging_mixin.py:109} INFO - [2022-05-09 23:59:32,950] {dag.py:2937} INFO - Setting next_dagrun for tutorial to 2022-05-08T23:59:32.949916+00:00
[2022-05-09 23:59:32,960] {processor.py:171} INFO - Processing /home/airflow/.local/lib/python3.7/site-packages/airflow/example_dags/tutorial.py took 0.080 seconds
