[2022-05-09 23:41:07,501] {taskinstance.py:1043} INFO - Dependencies all met for <TaskInstance: my_dag.training_model_B scheduled__2022-04-11T00:00:00+00:00 [queued]>
[2022-05-09 23:41:07,535] {taskinstance.py:1043} INFO - Dependencies all met for <TaskInstance: my_dag.training_model_B scheduled__2022-04-11T00:00:00+00:00 [queued]>
[2022-05-09 23:41:07,541] {taskinstance.py:1249} INFO - 
--------------------------------------------------------------------------------
[2022-05-09 23:41:07,542] {taskinstance.py:1250} INFO - Starting attempt 1 of 1
[2022-05-09 23:41:07,543] {taskinstance.py:1251} INFO - 
--------------------------------------------------------------------------------
[2022-05-09 23:41:07,571] {taskinstance.py:1270} INFO - Executing <Task(PythonOperator): training_model_B> on 2022-04-11 00:00:00+00:00
[2022-05-09 23:41:07,576] {standard_task_runner.py:52} INFO - Started process 68 to run task
[2022-05-09 23:41:07,590] {standard_task_runner.py:79} INFO - Running: ['***', 'tasks', 'run', 'my_dag', 'training_model_B', 'scheduled__2022-04-11T00:00:00+00:00', '--job-id', '20', '--raw', '--subdir', 'DAGS_FOLDER/my_dag.py', '--cfg-path', '/tmp/tmpv2gjpq5z', '--error-file', '/tmp/tmpg0bw38n5']
[2022-05-09 23:41:07,594] {standard_task_runner.py:80} INFO - Job 20: Subtask training_model_B
[2022-05-09 23:41:07,771] {logging_mixin.py:109} INFO - Running <TaskInstance: my_dag.training_model_B scheduled__2022-04-11T00:00:00+00:00 [running]> on host c0c6f6bf1c08
[2022-05-09 23:41:07,924] {taskinstance.py:1448} INFO - Exporting the following env vars:
AIRFLOW_CTX_DAG_OWNER=***
AIRFLOW_CTX_DAG_ID=my_dag
AIRFLOW_CTX_TASK_ID=training_model_B
AIRFLOW_CTX_EXECUTION_DATE=2022-04-11T00:00:00+00:00
AIRFLOW_CTX_DAG_RUN_ID=scheduled__2022-04-11T00:00:00+00:00
[2022-05-09 23:41:07,927] {python.py:175} INFO - Done. Returned value was: 9
[2022-05-09 23:41:07,990] {taskinstance.py:1288} INFO - Marking task as SUCCESS. dag_id=my_dag, task_id=training_model_B, execution_date=20220411T000000, start_date=20220509T234107, end_date=20220509T234107
[2022-05-09 23:41:08,041] {local_task_job.py:154} INFO - Task exited with return code 0
[2022-05-09 23:41:08,147] {local_task_job.py:264} INFO - 0 downstream tasks scheduled from follow-on schedule check
