[2022-05-09 23:41:01,647] {processor.py:163} INFO - Started process (PID=40) to work on /opt/airflow/dags/my_dag.py
[2022-05-09 23:41:01,649] {processor.py:642} INFO - Processing file /opt/airflow/dags/my_dag.py for tasks to queue
[2022-05-09 23:41:01,652] {logging_mixin.py:109} INFO - [2022-05-09 23:41:01,651] {dagbag.py:500} INFO - Filling up the DagBag from /opt/airflow/dags/my_dag.py
[2022-05-09 23:41:01,789] {processor.py:652} INFO - DAG(s) dict_keys(['my_dag']) retrieved from /opt/airflow/dags/my_dag.py
[2022-05-09 23:41:01,847] {logging_mixin.py:109} INFO - [2022-05-09 23:41:01,847] {dag.py:2398} INFO - Sync 1 DAGs
[2022-05-09 23:41:01,902] {logging_mixin.py:109} INFO - [2022-05-09 23:41:01,902] {dag.py:2937} INFO - Setting next_dagrun for my_dag to 2022-05-08 00:00:00+00:00
[2022-05-09 23:41:01,945] {processor.py:171} INFO - Processing /opt/airflow/dags/my_dag.py took 0.303 seconds
[2022-05-09 23:41:32,541] {processor.py:163} INFO - Started process (PID=110) to work on /opt/airflow/dags/my_dag.py
[2022-05-09 23:41:32,543] {processor.py:642} INFO - Processing file /opt/airflow/dags/my_dag.py for tasks to queue
[2022-05-09 23:41:32,546] {logging_mixin.py:109} INFO - [2022-05-09 23:41:32,546] {dagbag.py:500} INFO - Filling up the DagBag from /opt/airflow/dags/my_dag.py
[2022-05-09 23:41:32,591] {processor.py:652} INFO - DAG(s) dict_keys(['my_dag']) retrieved from /opt/airflow/dags/my_dag.py
[2022-05-09 23:41:32,640] {logging_mixin.py:109} INFO - [2022-05-09 23:41:32,639] {dag.py:2398} INFO - Sync 1 DAGs
[2022-05-09 23:41:32,672] {logging_mixin.py:109} INFO - [2022-05-09 23:41:32,672] {dag.py:2937} INFO - Setting next_dagrun for my_dag to 2022-05-09T00:00:00+00:00
[2022-05-09 23:41:32,718] {processor.py:171} INFO - Processing /opt/airflow/dags/my_dag.py took 0.185 seconds
[2022-05-09 23:42:03,645] {processor.py:163} INFO - Started process (PID=172) to work on /opt/airflow/dags/my_dag.py
[2022-05-09 23:42:03,648] {processor.py:642} INFO - Processing file /opt/airflow/dags/my_dag.py for tasks to queue
[2022-05-09 23:42:03,649] {logging_mixin.py:109} INFO - [2022-05-09 23:42:03,649] {dagbag.py:500} INFO - Filling up the DagBag from /opt/airflow/dags/my_dag.py
[2022-05-09 23:42:03,678] {processor.py:652} INFO - DAG(s) dict_keys(['my_dag']) retrieved from /opt/airflow/dags/my_dag.py
[2022-05-09 23:42:03,701] {logging_mixin.py:109} INFO - [2022-05-09 23:42:03,701] {dag.py:2398} INFO - Sync 1 DAGs
[2022-05-09 23:42:03,725] {logging_mixin.py:109} INFO - [2022-05-09 23:42:03,725] {dag.py:2937} INFO - Setting next_dagrun for my_dag to 2022-05-09T00:00:00+00:00
[2022-05-09 23:42:03,739] {processor.py:171} INFO - Processing /opt/airflow/dags/my_dag.py took 0.099 seconds
[2022-05-09 23:42:34,317] {processor.py:163} INFO - Started process (PID=227) to work on /opt/airflow/dags/my_dag.py
[2022-05-09 23:42:34,319] {processor.py:642} INFO - Processing file /opt/airflow/dags/my_dag.py for tasks to queue
[2022-05-09 23:42:34,320] {logging_mixin.py:109} INFO - [2022-05-09 23:42:34,320] {dagbag.py:500} INFO - Filling up the DagBag from /opt/airflow/dags/my_dag.py
[2022-05-09 23:42:34,347] {processor.py:652} INFO - DAG(s) dict_keys(['my_dag']) retrieved from /opt/airflow/dags/my_dag.py
[2022-05-09 23:42:34,371] {logging_mixin.py:109} INFO - [2022-05-09 23:42:34,371] {dag.py:2398} INFO - Sync 1 DAGs
[2022-05-09 23:42:34,390] {logging_mixin.py:109} INFO - [2022-05-09 23:42:34,390] {dag.py:2937} INFO - Setting next_dagrun for my_dag to 2022-05-09T00:00:00+00:00
[2022-05-09 23:42:34,400] {processor.py:171} INFO - Processing /opt/airflow/dags/my_dag.py took 0.087 seconds
[2022-05-09 23:43:05,008] {processor.py:163} INFO - Started process (PID=288) to work on /opt/airflow/dags/my_dag.py
[2022-05-09 23:43:05,013] {processor.py:642} INFO - Processing file /opt/airflow/dags/my_dag.py for tasks to queue
[2022-05-09 23:43:05,015] {logging_mixin.py:109} INFO - [2022-05-09 23:43:05,014] {dagbag.py:500} INFO - Filling up the DagBag from /opt/airflow/dags/my_dag.py
[2022-05-09 23:43:05,107] {processor.py:652} INFO - DAG(s) dict_keys(['my_dag']) retrieved from /opt/airflow/dags/my_dag.py
[2022-05-09 23:43:05,214] {logging_mixin.py:109} INFO - [2022-05-09 23:43:05,212] {dag.py:2398} INFO - Sync 1 DAGs
[2022-05-09 23:43:05,262] {logging_mixin.py:109} INFO - [2022-05-09 23:43:05,261] {dag.py:2937} INFO - Setting next_dagrun for my_dag to 2022-05-09T00:00:00+00:00
[2022-05-09 23:43:05,275] {processor.py:171} INFO - Processing /opt/airflow/dags/my_dag.py took 0.276 seconds
[2022-05-09 23:43:35,389] {processor.py:163} INFO - Started process (PID=340) to work on /opt/airflow/dags/my_dag.py
[2022-05-09 23:43:35,393] {processor.py:642} INFO - Processing file /opt/airflow/dags/my_dag.py for tasks to queue
[2022-05-09 23:43:35,395] {logging_mixin.py:109} INFO - [2022-05-09 23:43:35,395] {dagbag.py:500} INFO - Filling up the DagBag from /opt/airflow/dags/my_dag.py
[2022-05-09 23:43:35,429] {processor.py:652} INFO - DAG(s) dict_keys(['my_dag']) retrieved from /opt/airflow/dags/my_dag.py
[2022-05-09 23:43:35,454] {logging_mixin.py:109} INFO - [2022-05-09 23:43:35,454] {dag.py:2398} INFO - Sync 1 DAGs
[2022-05-09 23:43:35,479] {logging_mixin.py:109} INFO - [2022-05-09 23:43:35,479] {dag.py:2937} INFO - Setting next_dagrun for my_dag to 2022-05-09T00:00:00+00:00
[2022-05-09 23:43:35,490] {processor.py:171} INFO - Processing /opt/airflow/dags/my_dag.py took 0.105 seconds
[2022-05-09 23:44:06,228] {processor.py:163} INFO - Started process (PID=403) to work on /opt/airflow/dags/my_dag.py
[2022-05-09 23:44:06,230] {processor.py:642} INFO - Processing file /opt/airflow/dags/my_dag.py for tasks to queue
[2022-05-09 23:44:06,232] {logging_mixin.py:109} INFO - [2022-05-09 23:44:06,232] {dagbag.py:500} INFO - Filling up the DagBag from /opt/airflow/dags/my_dag.py
[2022-05-09 23:44:06,261] {processor.py:652} INFO - DAG(s) dict_keys(['my_dag']) retrieved from /opt/airflow/dags/my_dag.py
[2022-05-09 23:44:06,287] {logging_mixin.py:109} INFO - [2022-05-09 23:44:06,287] {dag.py:2398} INFO - Sync 1 DAGs
[2022-05-09 23:44:06,307] {logging_mixin.py:109} INFO - [2022-05-09 23:44:06,307] {dag.py:2937} INFO - Setting next_dagrun for my_dag to 2022-05-09T00:00:00+00:00
[2022-05-09 23:44:06,320] {processor.py:171} INFO - Processing /opt/airflow/dags/my_dag.py took 0.097 seconds
[2022-05-09 23:44:37,110] {processor.py:163} INFO - Started process (PID=457) to work on /opt/airflow/dags/my_dag.py
[2022-05-09 23:44:37,113] {processor.py:642} INFO - Processing file /opt/airflow/dags/my_dag.py for tasks to queue
[2022-05-09 23:44:37,114] {logging_mixin.py:109} INFO - [2022-05-09 23:44:37,114] {dagbag.py:500} INFO - Filling up the DagBag from /opt/airflow/dags/my_dag.py
[2022-05-09 23:44:37,142] {processor.py:652} INFO - DAG(s) dict_keys(['my_dag']) retrieved from /opt/airflow/dags/my_dag.py
[2022-05-09 23:44:37,166] {logging_mixin.py:109} INFO - [2022-05-09 23:44:37,166] {dag.py:2398} INFO - Sync 1 DAGs
[2022-05-09 23:44:37,190] {logging_mixin.py:109} INFO - [2022-05-09 23:44:37,190] {dag.py:2937} INFO - Setting next_dagrun for my_dag to 2022-05-09T00:00:00+00:00
[2022-05-09 23:44:37,204] {processor.py:171} INFO - Processing /opt/airflow/dags/my_dag.py took 0.100 seconds
[2022-05-09 23:45:08,138] {processor.py:163} INFO - Started process (PID=522) to work on /opt/airflow/dags/my_dag.py
[2022-05-09 23:45:08,143] {processor.py:642} INFO - Processing file /opt/airflow/dags/my_dag.py for tasks to queue
[2022-05-09 23:45:08,145] {logging_mixin.py:109} INFO - [2022-05-09 23:45:08,145] {dagbag.py:500} INFO - Filling up the DagBag from /opt/airflow/dags/my_dag.py
[2022-05-09 23:45:08,186] {processor.py:652} INFO - DAG(s) dict_keys(['my_dag']) retrieved from /opt/airflow/dags/my_dag.py
[2022-05-09 23:45:08,233] {logging_mixin.py:109} INFO - [2022-05-09 23:45:08,232] {dag.py:2398} INFO - Sync 1 DAGs
[2022-05-09 23:45:08,268] {logging_mixin.py:109} INFO - [2022-05-09 23:45:08,268] {dag.py:2937} INFO - Setting next_dagrun for my_dag to 2022-05-09T00:00:00+00:00
[2022-05-09 23:45:08,295] {processor.py:171} INFO - Processing /opt/airflow/dags/my_dag.py took 0.162 seconds
[2022-05-09 23:45:39,218] {processor.py:163} INFO - Started process (PID=573) to work on /opt/airflow/dags/my_dag.py
[2022-05-09 23:45:39,221] {processor.py:642} INFO - Processing file /opt/airflow/dags/my_dag.py for tasks to queue
[2022-05-09 23:45:39,223] {logging_mixin.py:109} INFO - [2022-05-09 23:45:39,223] {dagbag.py:500} INFO - Filling up the DagBag from /opt/airflow/dags/my_dag.py
[2022-05-09 23:45:39,255] {processor.py:652} INFO - DAG(s) dict_keys(['my_dag']) retrieved from /opt/airflow/dags/my_dag.py
[2022-05-09 23:45:39,308] {logging_mixin.py:109} INFO - [2022-05-09 23:45:39,308] {dag.py:2398} INFO - Sync 1 DAGs
[2022-05-09 23:45:39,337] {logging_mixin.py:109} INFO - [2022-05-09 23:45:39,337] {dag.py:2937} INFO - Setting next_dagrun for my_dag to 2022-05-09T00:00:00+00:00
[2022-05-09 23:45:39,351] {processor.py:171} INFO - Processing /opt/airflow/dags/my_dag.py took 0.138 seconds
[2022-05-09 23:46:10,327] {processor.py:163} INFO - Started process (PID=638) to work on /opt/airflow/dags/my_dag.py
[2022-05-09 23:46:10,329] {processor.py:642} INFO - Processing file /opt/airflow/dags/my_dag.py for tasks to queue
[2022-05-09 23:46:10,330] {logging_mixin.py:109} INFO - [2022-05-09 23:46:10,330] {dagbag.py:500} INFO - Filling up the DagBag from /opt/airflow/dags/my_dag.py
[2022-05-09 23:46:10,351] {processor.py:652} INFO - DAG(s) dict_keys(['my_dag']) retrieved from /opt/airflow/dags/my_dag.py
[2022-05-09 23:46:10,372] {logging_mixin.py:109} INFO - [2022-05-09 23:46:10,372] {dag.py:2398} INFO - Sync 1 DAGs
[2022-05-09 23:46:10,391] {logging_mixin.py:109} INFO - [2022-05-09 23:46:10,391] {dag.py:2937} INFO - Setting next_dagrun for my_dag to 2022-05-09T00:00:00+00:00
[2022-05-09 23:46:10,401] {processor.py:171} INFO - Processing /opt/airflow/dags/my_dag.py took 0.079 seconds
[2022-05-09 23:46:41,051] {processor.py:163} INFO - Started process (PID=691) to work on /opt/airflow/dags/my_dag.py
[2022-05-09 23:46:41,053] {processor.py:642} INFO - Processing file /opt/airflow/dags/my_dag.py for tasks to queue
[2022-05-09 23:46:41,054] {logging_mixin.py:109} INFO - [2022-05-09 23:46:41,054] {dagbag.py:500} INFO - Filling up the DagBag from /opt/airflow/dags/my_dag.py
[2022-05-09 23:46:41,077] {processor.py:652} INFO - DAG(s) dict_keys(['my_dag']) retrieved from /opt/airflow/dags/my_dag.py
[2022-05-09 23:46:41,099] {logging_mixin.py:109} INFO - [2022-05-09 23:46:41,099] {dag.py:2398} INFO - Sync 1 DAGs
[2022-05-09 23:46:41,120] {logging_mixin.py:109} INFO - [2022-05-09 23:46:41,120] {dag.py:2937} INFO - Setting next_dagrun for my_dag to 2022-05-09T00:00:00+00:00
[2022-05-09 23:46:41,130] {processor.py:171} INFO - Processing /opt/airflow/dags/my_dag.py took 0.083 seconds
[2022-05-09 23:47:12,013] {processor.py:163} INFO - Started process (PID=752) to work on /opt/airflow/dags/my_dag.py
[2022-05-09 23:47:12,015] {processor.py:642} INFO - Processing file /opt/airflow/dags/my_dag.py for tasks to queue
[2022-05-09 23:47:12,016] {logging_mixin.py:109} INFO - [2022-05-09 23:47:12,016] {dagbag.py:500} INFO - Filling up the DagBag from /opt/airflow/dags/my_dag.py
[2022-05-09 23:47:12,035] {processor.py:652} INFO - DAG(s) dict_keys(['my_dag']) retrieved from /opt/airflow/dags/my_dag.py
[2022-05-09 23:47:12,053] {logging_mixin.py:109} INFO - [2022-05-09 23:47:12,053] {dag.py:2398} INFO - Sync 1 DAGs
[2022-05-09 23:47:12,075] {logging_mixin.py:109} INFO - [2022-05-09 23:47:12,075] {dag.py:2937} INFO - Setting next_dagrun for my_dag to 2022-05-09T00:00:00+00:00
[2022-05-09 23:47:12,083] {processor.py:171} INFO - Processing /opt/airflow/dags/my_dag.py took 0.074 seconds
[2022-05-09 23:47:43,019] {processor.py:163} INFO - Started process (PID=810) to work on /opt/airflow/dags/my_dag.py
[2022-05-09 23:47:43,021] {processor.py:642} INFO - Processing file /opt/airflow/dags/my_dag.py for tasks to queue
[2022-05-09 23:47:43,022] {logging_mixin.py:109} INFO - [2022-05-09 23:47:43,022] {dagbag.py:500} INFO - Filling up the DagBag from /opt/airflow/dags/my_dag.py
[2022-05-09 23:47:43,050] {processor.py:652} INFO - DAG(s) dict_keys(['my_dag']) retrieved from /opt/airflow/dags/my_dag.py
[2022-05-09 23:47:43,075] {logging_mixin.py:109} INFO - [2022-05-09 23:47:43,075] {dag.py:2398} INFO - Sync 1 DAGs
[2022-05-09 23:47:43,095] {logging_mixin.py:109} INFO - [2022-05-09 23:47:43,095] {dag.py:2937} INFO - Setting next_dagrun for my_dag to 2022-05-09T00:00:00+00:00
[2022-05-09 23:47:43,106] {processor.py:171} INFO - Processing /opt/airflow/dags/my_dag.py took 0.091 seconds
[2022-05-09 23:48:13,418] {processor.py:163} INFO - Started process (PID=863) to work on /opt/airflow/dags/my_dag.py
[2022-05-09 23:48:13,421] {processor.py:642} INFO - Processing file /opt/airflow/dags/my_dag.py for tasks to queue
[2022-05-09 23:48:13,424] {logging_mixin.py:109} INFO - [2022-05-09 23:48:13,424] {dagbag.py:500} INFO - Filling up the DagBag from /opt/airflow/dags/my_dag.py
[2022-05-09 23:48:13,454] {processor.py:652} INFO - DAG(s) dict_keys(['my_dag']) retrieved from /opt/airflow/dags/my_dag.py
[2022-05-09 23:48:13,484] {logging_mixin.py:109} INFO - [2022-05-09 23:48:13,484] {dag.py:2398} INFO - Sync 1 DAGs
[2022-05-09 23:48:13,507] {logging_mixin.py:109} INFO - [2022-05-09 23:48:13,507] {dag.py:2937} INFO - Setting next_dagrun for my_dag to 2022-05-09T00:00:00+00:00
[2022-05-09 23:48:13,518] {processor.py:171} INFO - Processing /opt/airflow/dags/my_dag.py took 0.105 seconds
[2022-05-09 23:48:44,440] {processor.py:163} INFO - Started process (PID=927) to work on /opt/airflow/dags/my_dag.py
[2022-05-09 23:48:44,442] {processor.py:642} INFO - Processing file /opt/airflow/dags/my_dag.py for tasks to queue
[2022-05-09 23:48:44,444] {logging_mixin.py:109} INFO - [2022-05-09 23:48:44,444] {dagbag.py:500} INFO - Filling up the DagBag from /opt/airflow/dags/my_dag.py
[2022-05-09 23:48:44,468] {processor.py:652} INFO - DAG(s) dict_keys(['my_dag']) retrieved from /opt/airflow/dags/my_dag.py
[2022-05-09 23:48:44,493] {logging_mixin.py:109} INFO - [2022-05-09 23:48:44,493] {dag.py:2398} INFO - Sync 1 DAGs
[2022-05-09 23:48:44,513] {logging_mixin.py:109} INFO - [2022-05-09 23:48:44,513] {dag.py:2937} INFO - Setting next_dagrun for my_dag to 2022-05-09T00:00:00+00:00
[2022-05-09 23:48:44,524] {processor.py:171} INFO - Processing /opt/airflow/dags/my_dag.py took 0.088 seconds
[2022-05-09 23:49:15,058] {processor.py:163} INFO - Started process (PID=978) to work on /opt/airflow/dags/my_dag.py
[2022-05-09 23:49:15,060] {processor.py:642} INFO - Processing file /opt/airflow/dags/my_dag.py for tasks to queue
[2022-05-09 23:49:15,061] {logging_mixin.py:109} INFO - [2022-05-09 23:49:15,061] {dagbag.py:500} INFO - Filling up the DagBag from /opt/airflow/dags/my_dag.py
[2022-05-09 23:49:15,086] {processor.py:652} INFO - DAG(s) dict_keys(['my_dag']) retrieved from /opt/airflow/dags/my_dag.py
[2022-05-09 23:49:15,110] {logging_mixin.py:109} INFO - [2022-05-09 23:49:15,109] {dag.py:2398} INFO - Sync 1 DAGs
[2022-05-09 23:49:15,131] {logging_mixin.py:109} INFO - [2022-05-09 23:49:15,131] {dag.py:2937} INFO - Setting next_dagrun for my_dag to 2022-05-09T00:00:00+00:00
[2022-05-09 23:49:15,141] {processor.py:171} INFO - Processing /opt/airflow/dags/my_dag.py took 0.088 seconds
[2022-05-09 23:49:45,793] {processor.py:163} INFO - Started process (PID=1040) to work on /opt/airflow/dags/my_dag.py
[2022-05-09 23:49:45,795] {processor.py:642} INFO - Processing file /opt/airflow/dags/my_dag.py for tasks to queue
[2022-05-09 23:49:45,796] {logging_mixin.py:109} INFO - [2022-05-09 23:49:45,796] {dagbag.py:500} INFO - Filling up the DagBag from /opt/airflow/dags/my_dag.py
[2022-05-09 23:49:45,817] {processor.py:652} INFO - DAG(s) dict_keys(['my_dag']) retrieved from /opt/airflow/dags/my_dag.py
[2022-05-09 23:49:45,839] {logging_mixin.py:109} INFO - [2022-05-09 23:49:45,839] {dag.py:2398} INFO - Sync 1 DAGs
[2022-05-09 23:49:45,858] {logging_mixin.py:109} INFO - [2022-05-09 23:49:45,858] {dag.py:2937} INFO - Setting next_dagrun for my_dag to 2022-05-09T00:00:00+00:00
[2022-05-09 23:49:45,868] {processor.py:171} INFO - Processing /opt/airflow/dags/my_dag.py took 0.078 seconds
[2022-05-09 23:50:16,434] {processor.py:163} INFO - Started process (PID=1091) to work on /opt/airflow/dags/my_dag.py
[2022-05-09 23:50:16,438] {processor.py:642} INFO - Processing file /opt/airflow/dags/my_dag.py for tasks to queue
[2022-05-09 23:50:16,439] {logging_mixin.py:109} INFO - [2022-05-09 23:50:16,439] {dagbag.py:500} INFO - Filling up the DagBag from /opt/airflow/dags/my_dag.py
[2022-05-09 23:50:16,461] {processor.py:652} INFO - DAG(s) dict_keys(['my_dag']) retrieved from /opt/airflow/dags/my_dag.py
[2022-05-09 23:50:16,483] {logging_mixin.py:109} INFO - [2022-05-09 23:50:16,483] {dag.py:2398} INFO - Sync 1 DAGs
[2022-05-09 23:50:16,502] {logging_mixin.py:109} INFO - [2022-05-09 23:50:16,502] {dag.py:2937} INFO - Setting next_dagrun for my_dag to 2022-05-09T00:00:00+00:00
[2022-05-09 23:50:16,513] {processor.py:171} INFO - Processing /opt/airflow/dags/my_dag.py took 0.082 seconds
[2022-05-09 23:50:47,071] {processor.py:163} INFO - Started process (PID=1153) to work on /opt/airflow/dags/my_dag.py
[2022-05-09 23:50:47,073] {processor.py:642} INFO - Processing file /opt/airflow/dags/my_dag.py for tasks to queue
[2022-05-09 23:50:47,074] {logging_mixin.py:109} INFO - [2022-05-09 23:50:47,074] {dagbag.py:500} INFO - Filling up the DagBag from /opt/airflow/dags/my_dag.py
[2022-05-09 23:50:47,096] {processor.py:652} INFO - DAG(s) dict_keys(['my_dag']) retrieved from /opt/airflow/dags/my_dag.py
[2022-05-09 23:50:47,123] {logging_mixin.py:109} INFO - [2022-05-09 23:50:47,123] {dag.py:2398} INFO - Sync 1 DAGs
[2022-05-09 23:50:47,142] {logging_mixin.py:109} INFO - [2022-05-09 23:50:47,142] {dag.py:2937} INFO - Setting next_dagrun for my_dag to 2022-05-09T00:00:00+00:00
[2022-05-09 23:50:47,152] {processor.py:171} INFO - Processing /opt/airflow/dags/my_dag.py took 0.085 seconds
[2022-05-09 23:51:17,617] {processor.py:163} INFO - Started process (PID=1211) to work on /opt/airflow/dags/my_dag.py
[2022-05-09 23:51:17,619] {processor.py:642} INFO - Processing file /opt/airflow/dags/my_dag.py for tasks to queue
[2022-05-09 23:51:17,621] {logging_mixin.py:109} INFO - [2022-05-09 23:51:17,621] {dagbag.py:500} INFO - Filling up the DagBag from /opt/airflow/dags/my_dag.py
[2022-05-09 23:51:17,643] {processor.py:652} INFO - DAG(s) dict_keys(['my_dag']) retrieved from /opt/airflow/dags/my_dag.py
[2022-05-09 23:51:17,666] {logging_mixin.py:109} INFO - [2022-05-09 23:51:17,666] {dag.py:2398} INFO - Sync 1 DAGs
[2022-05-09 23:51:17,685] {logging_mixin.py:109} INFO - [2022-05-09 23:51:17,685] {dag.py:2937} INFO - Setting next_dagrun for my_dag to 2022-05-09T00:00:00+00:00
[2022-05-09 23:51:17,694] {processor.py:171} INFO - Processing /opt/airflow/dags/my_dag.py took 0.081 seconds
[2022-05-09 23:51:48,216] {processor.py:163} INFO - Started process (PID=1264) to work on /opt/airflow/dags/my_dag.py
[2022-05-09 23:51:48,217] {processor.py:642} INFO - Processing file /opt/airflow/dags/my_dag.py for tasks to queue
[2022-05-09 23:51:48,219] {logging_mixin.py:109} INFO - [2022-05-09 23:51:48,219] {dagbag.py:500} INFO - Filling up the DagBag from /opt/airflow/dags/my_dag.py
[2022-05-09 23:51:48,244] {processor.py:652} INFO - DAG(s) dict_keys(['my_dag']) retrieved from /opt/airflow/dags/my_dag.py
[2022-05-09 23:51:48,266] {logging_mixin.py:109} INFO - [2022-05-09 23:51:48,266] {dag.py:2398} INFO - Sync 1 DAGs
[2022-05-09 23:51:48,286] {logging_mixin.py:109} INFO - [2022-05-09 23:51:48,285] {dag.py:2937} INFO - Setting next_dagrun for my_dag to 2022-05-09T00:00:00+00:00
[2022-05-09 23:51:48,295] {processor.py:171} INFO - Processing /opt/airflow/dags/my_dag.py took 0.084 seconds
[2022-05-09 23:52:18,790] {processor.py:163} INFO - Started process (PID=1325) to work on /opt/airflow/dags/my_dag.py
[2022-05-09 23:52:18,793] {processor.py:642} INFO - Processing file /opt/airflow/dags/my_dag.py for tasks to queue
[2022-05-09 23:52:18,794] {logging_mixin.py:109} INFO - [2022-05-09 23:52:18,794] {dagbag.py:500} INFO - Filling up the DagBag from /opt/airflow/dags/my_dag.py
[2022-05-09 23:52:18,817] {processor.py:652} INFO - DAG(s) dict_keys(['my_dag']) retrieved from /opt/airflow/dags/my_dag.py
[2022-05-09 23:52:18,852] {logging_mixin.py:109} INFO - [2022-05-09 23:52:18,852] {dag.py:2398} INFO - Sync 1 DAGs
[2022-05-09 23:52:18,874] {logging_mixin.py:109} INFO - [2022-05-09 23:52:18,873] {dag.py:2937} INFO - Setting next_dagrun for my_dag to 2022-05-09T00:00:00+00:00
[2022-05-09 23:52:18,884] {processor.py:171} INFO - Processing /opt/airflow/dags/my_dag.py took 0.098 seconds
[2022-05-09 23:52:49,490] {processor.py:163} INFO - Started process (PID=1376) to work on /opt/airflow/dags/my_dag.py
[2022-05-09 23:52:49,492] {processor.py:642} INFO - Processing file /opt/airflow/dags/my_dag.py for tasks to queue
[2022-05-09 23:52:49,494] {logging_mixin.py:109} INFO - [2022-05-09 23:52:49,494] {dagbag.py:500} INFO - Filling up the DagBag from /opt/airflow/dags/my_dag.py
[2022-05-09 23:52:49,519] {processor.py:652} INFO - DAG(s) dict_keys(['my_dag']) retrieved from /opt/airflow/dags/my_dag.py
[2022-05-09 23:52:49,543] {logging_mixin.py:109} INFO - [2022-05-09 23:52:49,542] {dag.py:2398} INFO - Sync 1 DAGs
[2022-05-09 23:52:49,563] {logging_mixin.py:109} INFO - [2022-05-09 23:52:49,563] {dag.py:2937} INFO - Setting next_dagrun for my_dag to 2022-05-09T00:00:00+00:00
[2022-05-09 23:52:49,574] {processor.py:171} INFO - Processing /opt/airflow/dags/my_dag.py took 0.090 seconds
[2022-05-09 23:53:20,388] {processor.py:163} INFO - Started process (PID=1439) to work on /opt/airflow/dags/my_dag.py
[2022-05-09 23:53:20,390] {processor.py:642} INFO - Processing file /opt/airflow/dags/my_dag.py for tasks to queue
[2022-05-09 23:53:20,392] {logging_mixin.py:109} INFO - [2022-05-09 23:53:20,392] {dagbag.py:500} INFO - Filling up the DagBag from /opt/airflow/dags/my_dag.py
[2022-05-09 23:53:20,421] {processor.py:652} INFO - DAG(s) dict_keys(['my_dag']) retrieved from /opt/airflow/dags/my_dag.py
[2022-05-09 23:53:20,444] {logging_mixin.py:109} INFO - [2022-05-09 23:53:20,444] {dag.py:2398} INFO - Sync 1 DAGs
[2022-05-09 23:53:20,464] {logging_mixin.py:109} INFO - [2022-05-09 23:53:20,464] {dag.py:2937} INFO - Setting next_dagrun for my_dag to 2022-05-09T00:00:00+00:00
[2022-05-09 23:53:20,474] {processor.py:171} INFO - Processing /opt/airflow/dags/my_dag.py took 0.093 seconds
[2022-05-09 23:53:50,908] {processor.py:163} INFO - Started process (PID=1490) to work on /opt/airflow/dags/my_dag.py
[2022-05-09 23:53:50,910] {processor.py:642} INFO - Processing file /opt/airflow/dags/my_dag.py for tasks to queue
[2022-05-09 23:53:50,911] {logging_mixin.py:109} INFO - [2022-05-09 23:53:50,911] {dagbag.py:500} INFO - Filling up the DagBag from /opt/airflow/dags/my_dag.py
[2022-05-09 23:53:50,933] {processor.py:652} INFO - DAG(s) dict_keys(['my_dag']) retrieved from /opt/airflow/dags/my_dag.py
[2022-05-09 23:53:50,956] {logging_mixin.py:109} INFO - [2022-05-09 23:53:50,956] {dag.py:2398} INFO - Sync 1 DAGs
[2022-05-09 23:53:50,977] {logging_mixin.py:109} INFO - [2022-05-09 23:53:50,977] {dag.py:2937} INFO - Setting next_dagrun for my_dag to 2022-05-09T00:00:00+00:00
[2022-05-09 23:53:50,986] {processor.py:171} INFO - Processing /opt/airflow/dags/my_dag.py took 0.082 seconds
[2022-05-09 23:54:21,469] {processor.py:163} INFO - Started process (PID=1550) to work on /opt/airflow/dags/my_dag.py
[2022-05-09 23:54:21,471] {processor.py:642} INFO - Processing file /opt/airflow/dags/my_dag.py for tasks to queue
[2022-05-09 23:54:21,472] {logging_mixin.py:109} INFO - [2022-05-09 23:54:21,472] {dagbag.py:500} INFO - Filling up the DagBag from /opt/airflow/dags/my_dag.py
[2022-05-09 23:54:21,494] {processor.py:652} INFO - DAG(s) dict_keys(['my_dag']) retrieved from /opt/airflow/dags/my_dag.py
[2022-05-09 23:54:21,516] {logging_mixin.py:109} INFO - [2022-05-09 23:54:21,516] {dag.py:2398} INFO - Sync 1 DAGs
[2022-05-09 23:54:21,536] {logging_mixin.py:109} INFO - [2022-05-09 23:54:21,535] {dag.py:2937} INFO - Setting next_dagrun for my_dag to 2022-05-09T00:00:00+00:00
[2022-05-09 23:54:21,545] {processor.py:171} INFO - Processing /opt/airflow/dags/my_dag.py took 0.080 seconds
[2022-05-09 23:54:52,066] {processor.py:163} INFO - Started process (PID=1611) to work on /opt/airflow/dags/my_dag.py
[2022-05-09 23:54:52,068] {processor.py:642} INFO - Processing file /opt/airflow/dags/my_dag.py for tasks to queue
[2022-05-09 23:54:52,070] {logging_mixin.py:109} INFO - [2022-05-09 23:54:52,069] {dagbag.py:500} INFO - Filling up the DagBag from /opt/airflow/dags/my_dag.py
[2022-05-09 23:54:52,091] {processor.py:652} INFO - DAG(s) dict_keys(['my_dag']) retrieved from /opt/airflow/dags/my_dag.py
[2022-05-09 23:54:52,115] {logging_mixin.py:109} INFO - [2022-05-09 23:54:52,114] {dag.py:2398} INFO - Sync 1 DAGs
[2022-05-09 23:54:52,134] {logging_mixin.py:109} INFO - [2022-05-09 23:54:52,134] {dag.py:2937} INFO - Setting next_dagrun for my_dag to 2022-05-09T00:00:00+00:00
[2022-05-09 23:54:52,145] {processor.py:171} INFO - Processing /opt/airflow/dags/my_dag.py took 0.082 seconds
[2022-05-09 23:55:22,563] {processor.py:163} INFO - Started process (PID=1662) to work on /opt/airflow/dags/my_dag.py
[2022-05-09 23:55:22,564] {processor.py:642} INFO - Processing file /opt/airflow/dags/my_dag.py for tasks to queue
[2022-05-09 23:55:22,565] {logging_mixin.py:109} INFO - [2022-05-09 23:55:22,565] {dagbag.py:500} INFO - Filling up the DagBag from /opt/airflow/dags/my_dag.py
[2022-05-09 23:55:22,589] {processor.py:652} INFO - DAG(s) dict_keys(['my_dag']) retrieved from /opt/airflow/dags/my_dag.py
[2022-05-09 23:55:22,614] {logging_mixin.py:109} INFO - [2022-05-09 23:55:22,614] {dag.py:2398} INFO - Sync 1 DAGs
[2022-05-09 23:55:22,635] {logging_mixin.py:109} INFO - [2022-05-09 23:55:22,634] {dag.py:2937} INFO - Setting next_dagrun for my_dag to 2022-05-09T00:00:00+00:00
[2022-05-09 23:55:22,645] {processor.py:171} INFO - Processing /opt/airflow/dags/my_dag.py took 0.087 seconds
[2022-05-09 23:55:53,082] {processor.py:163} INFO - Started process (PID=1723) to work on /opt/airflow/dags/my_dag.py
[2022-05-09 23:55:53,084] {processor.py:642} INFO - Processing file /opt/airflow/dags/my_dag.py for tasks to queue
[2022-05-09 23:55:53,086] {logging_mixin.py:109} INFO - [2022-05-09 23:55:53,086] {dagbag.py:500} INFO - Filling up the DagBag from /opt/airflow/dags/my_dag.py
[2022-05-09 23:55:53,110] {processor.py:652} INFO - DAG(s) dict_keys(['my_dag']) retrieved from /opt/airflow/dags/my_dag.py
[2022-05-09 23:55:53,135] {logging_mixin.py:109} INFO - [2022-05-09 23:55:53,134] {dag.py:2398} INFO - Sync 1 DAGs
[2022-05-09 23:55:53,154] {logging_mixin.py:109} INFO - [2022-05-09 23:55:53,154] {dag.py:2937} INFO - Setting next_dagrun for my_dag to 2022-05-09T00:00:00+00:00
[2022-05-09 23:55:53,165] {processor.py:171} INFO - Processing /opt/airflow/dags/my_dag.py took 0.090 seconds
[2022-05-09 23:56:23,902] {processor.py:163} INFO - Started process (PID=1774) to work on /opt/airflow/dags/my_dag.py
[2022-05-09 23:56:23,904] {processor.py:642} INFO - Processing file /opt/airflow/dags/my_dag.py for tasks to queue
[2022-05-09 23:56:23,905] {logging_mixin.py:109} INFO - [2022-05-09 23:56:23,905] {dagbag.py:500} INFO - Filling up the DagBag from /opt/airflow/dags/my_dag.py
[2022-05-09 23:56:23,930] {processor.py:652} INFO - DAG(s) dict_keys(['my_dag']) retrieved from /opt/airflow/dags/my_dag.py
[2022-05-09 23:56:23,954] {logging_mixin.py:109} INFO - [2022-05-09 23:56:23,954] {dag.py:2398} INFO - Sync 1 DAGs
[2022-05-09 23:56:23,973] {logging_mixin.py:109} INFO - [2022-05-09 23:56:23,973] {dag.py:2937} INFO - Setting next_dagrun for my_dag to 2022-05-09T00:00:00+00:00
[2022-05-09 23:56:23,983] {processor.py:171} INFO - Processing /opt/airflow/dags/my_dag.py took 0.086 seconds
[2022-05-09 23:56:54,692] {processor.py:163} INFO - Started process (PID=1836) to work on /opt/airflow/dags/my_dag.py
[2022-05-09 23:56:54,694] {processor.py:642} INFO - Processing file /opt/airflow/dags/my_dag.py for tasks to queue
[2022-05-09 23:56:54,695] {logging_mixin.py:109} INFO - [2022-05-09 23:56:54,695] {dagbag.py:500} INFO - Filling up the DagBag from /opt/airflow/dags/my_dag.py
[2022-05-09 23:56:54,720] {processor.py:652} INFO - DAG(s) dict_keys(['my_dag']) retrieved from /opt/airflow/dags/my_dag.py
[2022-05-09 23:56:54,743] {logging_mixin.py:109} INFO - [2022-05-09 23:56:54,743] {dag.py:2398} INFO - Sync 1 DAGs
[2022-05-09 23:56:54,763] {logging_mixin.py:109} INFO - [2022-05-09 23:56:54,763] {dag.py:2937} INFO - Setting next_dagrun for my_dag to 2022-05-09T00:00:00+00:00
[2022-05-09 23:56:54,774] {processor.py:171} INFO - Processing /opt/airflow/dags/my_dag.py took 0.086 seconds
[2022-05-09 23:57:25,308] {processor.py:163} INFO - Started process (PID=1888) to work on /opt/airflow/dags/my_dag.py
[2022-05-09 23:57:25,311] {processor.py:642} INFO - Processing file /opt/airflow/dags/my_dag.py for tasks to queue
[2022-05-09 23:57:25,312] {logging_mixin.py:109} INFO - [2022-05-09 23:57:25,312] {dagbag.py:500} INFO - Filling up the DagBag from /opt/airflow/dags/my_dag.py
[2022-05-09 23:57:25,333] {processor.py:652} INFO - DAG(s) dict_keys(['my_dag']) retrieved from /opt/airflow/dags/my_dag.py
[2022-05-09 23:57:25,355] {logging_mixin.py:109} INFO - [2022-05-09 23:57:25,355] {dag.py:2398} INFO - Sync 1 DAGs
[2022-05-09 23:57:25,374] {logging_mixin.py:109} INFO - [2022-05-09 23:57:25,374] {dag.py:2937} INFO - Setting next_dagrun for my_dag to 2022-05-09T00:00:00+00:00
[2022-05-09 23:57:25,384] {processor.py:171} INFO - Processing /opt/airflow/dags/my_dag.py took 0.080 seconds
[2022-05-09 23:57:55,996] {processor.py:163} INFO - Started process (PID=1950) to work on /opt/airflow/dags/my_dag.py
[2022-05-09 23:57:55,998] {processor.py:642} INFO - Processing file /opt/airflow/dags/my_dag.py for tasks to queue
[2022-05-09 23:57:55,999] {logging_mixin.py:109} INFO - [2022-05-09 23:57:55,999] {dagbag.py:500} INFO - Filling up the DagBag from /opt/airflow/dags/my_dag.py
[2022-05-09 23:57:56,024] {processor.py:652} INFO - DAG(s) dict_keys(['my_dag']) retrieved from /opt/airflow/dags/my_dag.py
[2022-05-09 23:57:56,047] {logging_mixin.py:109} INFO - [2022-05-09 23:57:56,047] {dag.py:2398} INFO - Sync 1 DAGs
[2022-05-09 23:57:56,066] {logging_mixin.py:109} INFO - [2022-05-09 23:57:56,066] {dag.py:2937} INFO - Setting next_dagrun for my_dag to 2022-05-09T00:00:00+00:00
[2022-05-09 23:57:56,076] {processor.py:171} INFO - Processing /opt/airflow/dags/my_dag.py took 0.085 seconds
[2022-05-09 23:58:26,683] {processor.py:163} INFO - Started process (PID=2012) to work on /opt/airflow/dags/my_dag.py
[2022-05-09 23:58:26,685] {processor.py:642} INFO - Processing file /opt/airflow/dags/my_dag.py for tasks to queue
[2022-05-09 23:58:26,686] {logging_mixin.py:109} INFO - [2022-05-09 23:58:26,686] {dagbag.py:500} INFO - Filling up the DagBag from /opt/airflow/dags/my_dag.py
[2022-05-09 23:58:26,708] {processor.py:652} INFO - DAG(s) dict_keys(['my_dag']) retrieved from /opt/airflow/dags/my_dag.py
[2022-05-09 23:58:26,730] {logging_mixin.py:109} INFO - [2022-05-09 23:58:26,730] {dag.py:2398} INFO - Sync 1 DAGs
[2022-05-09 23:58:26,749] {logging_mixin.py:109} INFO - [2022-05-09 23:58:26,749] {dag.py:2937} INFO - Setting next_dagrun for my_dag to 2022-05-09T00:00:00+00:00
[2022-05-09 23:58:26,759] {processor.py:171} INFO - Processing /opt/airflow/dags/my_dag.py took 0.079 seconds
[2022-05-09 23:58:57,346] {processor.py:163} INFO - Started process (PID=2064) to work on /opt/airflow/dags/my_dag.py
[2022-05-09 23:58:57,348] {processor.py:642} INFO - Processing file /opt/airflow/dags/my_dag.py for tasks to queue
[2022-05-09 23:58:57,349] {logging_mixin.py:109} INFO - [2022-05-09 23:58:57,349] {dagbag.py:500} INFO - Filling up the DagBag from /opt/airflow/dags/my_dag.py
[2022-05-09 23:58:57,372] {processor.py:652} INFO - DAG(s) dict_keys(['my_dag']) retrieved from /opt/airflow/dags/my_dag.py
[2022-05-09 23:58:57,395] {logging_mixin.py:109} INFO - [2022-05-09 23:58:57,395] {dag.py:2398} INFO - Sync 1 DAGs
[2022-05-09 23:58:57,415] {logging_mixin.py:109} INFO - [2022-05-09 23:58:57,415] {dag.py:2937} INFO - Setting next_dagrun for my_dag to 2022-05-09T00:00:00+00:00
[2022-05-09 23:58:57,425] {processor.py:171} INFO - Processing /opt/airflow/dags/my_dag.py took 0.083 seconds
[2022-05-09 23:59:27,994] {processor.py:163} INFO - Started process (PID=2124) to work on /opt/airflow/dags/my_dag.py
[2022-05-09 23:59:27,996] {processor.py:642} INFO - Processing file /opt/airflow/dags/my_dag.py for tasks to queue
[2022-05-09 23:59:27,998] {logging_mixin.py:109} INFO - [2022-05-09 23:59:27,998] {dagbag.py:500} INFO - Filling up the DagBag from /opt/airflow/dags/my_dag.py
[2022-05-09 23:59:28,024] {processor.py:652} INFO - DAG(s) dict_keys(['my_dag']) retrieved from /opt/airflow/dags/my_dag.py
[2022-05-09 23:59:28,053] {logging_mixin.py:109} INFO - [2022-05-09 23:59:28,053] {dag.py:2398} INFO - Sync 1 DAGs
[2022-05-09 23:59:28,073] {logging_mixin.py:109} INFO - [2022-05-09 23:59:28,072] {dag.py:2937} INFO - Setting next_dagrun for my_dag to 2022-05-09T00:00:00+00:00
[2022-05-09 23:59:28,082] {processor.py:171} INFO - Processing /opt/airflow/dags/my_dag.py took 0.094 seconds
[2022-05-09 23:59:58,677] {processor.py:163} INFO - Started process (PID=2177) to work on /opt/airflow/dags/my_dag.py
[2022-05-09 23:59:58,679] {processor.py:642} INFO - Processing file /opt/airflow/dags/my_dag.py for tasks to queue
[2022-05-09 23:59:58,680] {logging_mixin.py:109} INFO - [2022-05-09 23:59:58,680] {dagbag.py:500} INFO - Filling up the DagBag from /opt/airflow/dags/my_dag.py
[2022-05-09 23:59:58,702] {processor.py:652} INFO - DAG(s) dict_keys(['my_dag']) retrieved from /opt/airflow/dags/my_dag.py
[2022-05-09 23:59:58,725] {logging_mixin.py:109} INFO - [2022-05-09 23:59:58,725] {dag.py:2398} INFO - Sync 1 DAGs
[2022-05-09 23:59:58,745] {logging_mixin.py:109} INFO - [2022-05-09 23:59:58,745] {dag.py:2937} INFO - Setting next_dagrun for my_dag to 2022-05-09T00:00:00+00:00
[2022-05-09 23:59:58,755] {processor.py:171} INFO - Processing /opt/airflow/dags/my_dag.py took 0.082 seconds
