[2022-05-15 21:58:08,673] {taskinstance.py:1043} INFO - Dependencies all met for <TaskInstance: my_dag.training_model_C scheduled__2022-05-13T00:00:00+00:00 [queued]>
[2022-05-15 21:58:08,708] {taskinstance.py:1043} INFO - Dependencies all met for <TaskInstance: my_dag.training_model_C scheduled__2022-05-13T00:00:00+00:00 [queued]>
[2022-05-15 21:58:08,713] {taskinstance.py:1249} INFO - 
--------------------------------------------------------------------------------
[2022-05-15 21:58:08,715] {taskinstance.py:1250} INFO - Starting attempt 1 of 1
[2022-05-15 21:58:08,716] {taskinstance.py:1251} INFO - 
--------------------------------------------------------------------------------
[2022-05-15 21:58:08,744] {taskinstance.py:1270} INFO - Executing <Task(PythonOperator): training_model_C> on 2022-05-13 00:00:00+00:00
[2022-05-15 21:58:08,751] {standard_task_runner.py:52} INFO - Started process 71 to run task
[2022-05-15 21:58:08,758] {standard_task_runner.py:79} INFO - Running: ['***', 'tasks', 'run', 'my_dag', 'training_model_C', 'scheduled__2022-05-13T00:00:00+00:00', '--job-id', '52', '--raw', '--subdir', 'DAGS_FOLDER/my_dag.py', '--cfg-path', '/tmp/tmpzkja4u9c', '--error-file', '/tmp/tmpv477zzyq']
[2022-05-15 21:58:08,759] {standard_task_runner.py:80} INFO - Job 52: Subtask training_model_C
[2022-05-15 21:58:08,884] {logging_mixin.py:109} INFO - Running <TaskInstance: my_dag.training_model_C scheduled__2022-05-13T00:00:00+00:00 [running]> on host c0c6f6bf1c08
[2022-05-15 21:58:09,045] {taskinstance.py:1448} INFO - Exporting the following env vars:
AIRFLOW_CTX_DAG_OWNER=***
AIRFLOW_CTX_DAG_ID=my_dag
AIRFLOW_CTX_TASK_ID=training_model_C
AIRFLOW_CTX_EXECUTION_DATE=2022-05-13T00:00:00+00:00
AIRFLOW_CTX_DAG_RUN_ID=scheduled__2022-05-13T00:00:00+00:00
[2022-05-15 21:58:09,046] {python.py:175} INFO - Done. Returned value was: 8
[2022-05-15 21:58:09,105] {taskinstance.py:1288} INFO - Marking task as SUCCESS. dag_id=my_dag, task_id=training_model_C, execution_date=20220513T000000, start_date=20220515T215808, end_date=20220515T215809
[2022-05-15 21:58:09,178] {local_task_job.py:154} INFO - Task exited with return code 0
[2022-05-15 21:58:09,293] {local_task_job.py:264} INFO - 0 downstream tasks scheduled from follow-on schedule check
