[2022-05-16 00:06:56,608] {processor.py:163} INFO - Started process (PID=11302) to work on /home/airflow/.local/lib/python3.7/site-packages/airflow/example_dags/example_complex.py
[2022-05-16 00:06:56,616] {processor.py:642} INFO - Processing file /home/airflow/.local/lib/python3.7/site-packages/airflow/example_dags/example_complex.py for tasks to queue
[2022-05-16 00:06:56,640] {logging_mixin.py:109} INFO - [2022-05-16 00:06:56,638] {dagbag.py:500} INFO - Filling up the DagBag from /home/airflow/.local/lib/python3.7/site-packages/airflow/example_dags/example_complex.py
[2022-05-16 00:06:56,948] {processor.py:652} INFO - DAG(s) dict_keys(['example_complex']) retrieved from /home/airflow/.local/lib/python3.7/site-packages/airflow/example_dags/example_complex.py
[2022-05-16 00:06:57,116] {logging_mixin.py:109} INFO - [2022-05-16 00:06:57,115] {dag.py:2398} INFO - Sync 1 DAGs
[2022-05-16 00:06:57,375] {logging_mixin.py:109} INFO - [2022-05-16 00:06:57,371] {dag.py:2937} INFO - Setting next_dagrun for example_complex to None
[2022-05-16 00:06:57,528] {processor.py:171} INFO - Processing /home/airflow/.local/lib/python3.7/site-packages/airflow/example_dags/example_complex.py took 0.972 seconds
[2022-05-16 00:07:28,920] {processor.py:163} INFO - Started process (PID=11347) to work on /home/airflow/.local/lib/python3.7/site-packages/airflow/example_dags/example_complex.py
[2022-05-16 00:07:28,942] {processor.py:642} INFO - Processing file /home/airflow/.local/lib/python3.7/site-packages/airflow/example_dags/example_complex.py for tasks to queue
[2022-05-16 00:07:28,956] {logging_mixin.py:109} INFO - [2022-05-16 00:07:28,954] {dagbag.py:500} INFO - Filling up the DagBag from /home/airflow/.local/lib/python3.7/site-packages/airflow/example_dags/example_complex.py
[2022-05-16 00:07:29,145] {processor.py:652} INFO - DAG(s) dict_keys(['example_complex']) retrieved from /home/airflow/.local/lib/python3.7/site-packages/airflow/example_dags/example_complex.py
[2022-05-16 00:07:29,340] {logging_mixin.py:109} INFO - [2022-05-16 00:07:29,339] {dag.py:2398} INFO - Sync 1 DAGs
[2022-05-16 00:07:29,467] {logging_mixin.py:109} INFO - [2022-05-16 00:07:29,467] {dag.py:2937} INFO - Setting next_dagrun for example_complex to None
[2022-05-16 00:07:29,532] {processor.py:171} INFO - Processing /home/airflow/.local/lib/python3.7/site-packages/airflow/example_dags/example_complex.py took 0.635 seconds
[2022-05-16 00:08:01,023] {processor.py:163} INFO - Started process (PID=11400) to work on /home/airflow/.local/lib/python3.7/site-packages/airflow/example_dags/example_complex.py
[2022-05-16 00:08:01,046] {processor.py:642} INFO - Processing file /home/airflow/.local/lib/python3.7/site-packages/airflow/example_dags/example_complex.py for tasks to queue
[2022-05-16 00:08:01,057] {logging_mixin.py:109} INFO - [2022-05-16 00:08:01,056] {dagbag.py:500} INFO - Filling up the DagBag from /home/airflow/.local/lib/python3.7/site-packages/airflow/example_dags/example_complex.py
[2022-05-16 00:08:01,525] {processor.py:652} INFO - DAG(s) dict_keys(['example_complex']) retrieved from /home/airflow/.local/lib/python3.7/site-packages/airflow/example_dags/example_complex.py
[2022-05-16 00:08:01,806] {logging_mixin.py:109} INFO - [2022-05-16 00:08:01,801] {dag.py:2398} INFO - Sync 1 DAGs
[2022-05-16 00:08:02,072] {logging_mixin.py:109} INFO - [2022-05-16 00:08:02,071] {dag.py:2937} INFO - Setting next_dagrun for example_complex to None
[2022-05-16 00:08:02,188] {processor.py:171} INFO - Processing /home/airflow/.local/lib/python3.7/site-packages/airflow/example_dags/example_complex.py took 1.213 seconds
[2022-05-16 00:08:33,607] {processor.py:163} INFO - Started process (PID=11451) to work on /home/airflow/.local/lib/python3.7/site-packages/airflow/example_dags/example_complex.py
[2022-05-16 00:08:33,617] {processor.py:642} INFO - Processing file /home/airflow/.local/lib/python3.7/site-packages/airflow/example_dags/example_complex.py for tasks to queue
[2022-05-16 00:08:33,623] {logging_mixin.py:109} INFO - [2022-05-16 00:08:33,623] {dagbag.py:500} INFO - Filling up the DagBag from /home/airflow/.local/lib/python3.7/site-packages/airflow/example_dags/example_complex.py
[2022-05-16 00:08:33,804] {processor.py:652} INFO - DAG(s) dict_keys(['example_complex']) retrieved from /home/airflow/.local/lib/python3.7/site-packages/airflow/example_dags/example_complex.py
[2022-05-16 00:08:33,983] {logging_mixin.py:109} INFO - [2022-05-16 00:08:33,983] {dag.py:2398} INFO - Sync 1 DAGs
[2022-05-16 00:08:34,088] {logging_mixin.py:109} INFO - [2022-05-16 00:08:34,087] {dag.py:2937} INFO - Setting next_dagrun for example_complex to None
[2022-05-16 00:08:34,182] {processor.py:171} INFO - Processing /home/airflow/.local/lib/python3.7/site-packages/airflow/example_dags/example_complex.py took 0.599 seconds
[2022-05-16 00:09:07,877] {processor.py:163} INFO - Started process (PID=11496) to work on /home/airflow/.local/lib/python3.7/site-packages/airflow/example_dags/example_complex.py
[2022-05-16 00:09:07,881] {processor.py:642} INFO - Processing file /home/airflow/.local/lib/python3.7/site-packages/airflow/example_dags/example_complex.py for tasks to queue
[2022-05-16 00:09:07,883] {logging_mixin.py:109} INFO - [2022-05-16 00:09:07,883] {dagbag.py:500} INFO - Filling up the DagBag from /home/airflow/.local/lib/python3.7/site-packages/airflow/example_dags/example_complex.py
[2022-05-16 00:09:07,985] {processor.py:652} INFO - DAG(s) dict_keys(['example_complex']) retrieved from /home/airflow/.local/lib/python3.7/site-packages/airflow/example_dags/example_complex.py
[2022-05-16 00:09:08,123] {logging_mixin.py:109} INFO - [2022-05-16 00:09:08,122] {dag.py:2398} INFO - Sync 1 DAGs
[2022-05-16 00:09:08,201] {logging_mixin.py:109} INFO - [2022-05-16 00:09:08,201] {dag.py:2937} INFO - Setting next_dagrun for example_complex to None
[2022-05-16 00:09:08,237] {processor.py:171} INFO - Processing /home/airflow/.local/lib/python3.7/site-packages/airflow/example_dags/example_complex.py took 0.368 seconds
[2022-05-16 00:39:11,434] {processor.py:163} INFO - Started process (PID=11530) to work on /home/airflow/.local/lib/python3.7/site-packages/airflow/example_dags/example_complex.py
[2022-05-16 00:39:11,439] {processor.py:642} INFO - Processing file /home/airflow/.local/lib/python3.7/site-packages/airflow/example_dags/example_complex.py for tasks to queue
[2022-05-16 00:39:11,443] {logging_mixin.py:109} INFO - [2022-05-16 00:39:11,442] {dagbag.py:500} INFO - Filling up the DagBag from /home/airflow/.local/lib/python3.7/site-packages/airflow/example_dags/example_complex.py
[2022-05-16 00:39:11,512] {processor.py:652} INFO - DAG(s) dict_keys(['example_complex']) retrieved from /home/airflow/.local/lib/python3.7/site-packages/airflow/example_dags/example_complex.py
[2022-05-16 00:39:11,585] {logging_mixin.py:109} INFO - [2022-05-16 00:39:11,585] {dag.py:2398} INFO - Sync 1 DAGs
[2022-05-16 00:39:11,622] {logging_mixin.py:109} INFO - [2022-05-16 00:39:11,622] {dag.py:2937} INFO - Setting next_dagrun for example_complex to None
[2022-05-16 00:39:11,644] {processor.py:171} INFO - Processing /home/airflow/.local/lib/python3.7/site-packages/airflow/example_dags/example_complex.py took 0.220 seconds
[2022-05-16 00:39:46,146] {processor.py:163} INFO - Started process (PID=11573) to work on /home/airflow/.local/lib/python3.7/site-packages/airflow/example_dags/example_complex.py
[2022-05-16 00:39:46,165] {processor.py:642} INFO - Processing file /home/airflow/.local/lib/python3.7/site-packages/airflow/example_dags/example_complex.py for tasks to queue
[2022-05-16 00:39:46,173] {logging_mixin.py:109} INFO - [2022-05-16 00:39:46,172] {dagbag.py:500} INFO - Filling up the DagBag from /home/airflow/.local/lib/python3.7/site-packages/airflow/example_dags/example_complex.py
[2022-05-16 00:39:46,342] {processor.py:652} INFO - DAG(s) dict_keys(['example_complex']) retrieved from /home/airflow/.local/lib/python3.7/site-packages/airflow/example_dags/example_complex.py
[2022-05-16 00:39:46,496] {logging_mixin.py:109} INFO - [2022-05-16 00:39:46,496] {dag.py:2398} INFO - Sync 1 DAGs
[2022-05-16 00:39:46,593] {logging_mixin.py:109} INFO - [2022-05-16 00:39:46,592] {dag.py:2937} INFO - Setting next_dagrun for example_complex to None
[2022-05-16 00:39:46,658] {processor.py:171} INFO - Processing /home/airflow/.local/lib/python3.7/site-packages/airflow/example_dags/example_complex.py took 0.535 seconds
[2022-05-16 00:40:19,581] {processor.py:163} INFO - Started process (PID=11625) to work on /home/airflow/.local/lib/python3.7/site-packages/airflow/example_dags/example_complex.py
[2022-05-16 00:40:19,601] {processor.py:642} INFO - Processing file /home/airflow/.local/lib/python3.7/site-packages/airflow/example_dags/example_complex.py for tasks to queue
[2022-05-16 00:40:19,620] {logging_mixin.py:109} INFO - [2022-05-16 00:40:19,619] {dagbag.py:500} INFO - Filling up the DagBag from /home/airflow/.local/lib/python3.7/site-packages/airflow/example_dags/example_complex.py
[2022-05-16 00:40:19,820] {processor.py:652} INFO - DAG(s) dict_keys(['example_complex']) retrieved from /home/airflow/.local/lib/python3.7/site-packages/airflow/example_dags/example_complex.py
[2022-05-16 00:40:20,032] {logging_mixin.py:109} INFO - [2022-05-16 00:40:20,032] {dag.py:2398} INFO - Sync 1 DAGs
[2022-05-16 00:40:20,248] {logging_mixin.py:109} INFO - [2022-05-16 00:40:20,248] {dag.py:2937} INFO - Setting next_dagrun for example_complex to None
[2022-05-16 00:40:20,335] {processor.py:171} INFO - Processing /home/airflow/.local/lib/python3.7/site-packages/airflow/example_dags/example_complex.py took 0.803 seconds
[2022-05-16 00:40:50,795] {processor.py:163} INFO - Started process (PID=11678) to work on /home/airflow/.local/lib/python3.7/site-packages/airflow/example_dags/example_complex.py
[2022-05-16 00:40:50,810] {processor.py:642} INFO - Processing file /home/airflow/.local/lib/python3.7/site-packages/airflow/example_dags/example_complex.py for tasks to queue
[2022-05-16 00:40:50,832] {logging_mixin.py:109} INFO - [2022-05-16 00:40:50,832] {dagbag.py:500} INFO - Filling up the DagBag from /home/airflow/.local/lib/python3.7/site-packages/airflow/example_dags/example_complex.py
[2022-05-16 00:40:51,018] {processor.py:652} INFO - DAG(s) dict_keys(['example_complex']) retrieved from /home/airflow/.local/lib/python3.7/site-packages/airflow/example_dags/example_complex.py
[2022-05-16 00:40:51,245] {logging_mixin.py:109} INFO - [2022-05-16 00:40:51,244] {dag.py:2398} INFO - Sync 1 DAGs
[2022-05-16 00:40:51,350] {logging_mixin.py:109} INFO - [2022-05-16 00:40:51,350] {dag.py:2937} INFO - Setting next_dagrun for example_complex to None
[2022-05-16 00:40:51,407] {processor.py:171} INFO - Processing /home/airflow/.local/lib/python3.7/site-packages/airflow/example_dags/example_complex.py took 0.641 seconds
[2022-05-16 00:41:23,424] {processor.py:163} INFO - Started process (PID=11721) to work on /home/airflow/.local/lib/python3.7/site-packages/airflow/example_dags/example_complex.py
[2022-05-16 00:41:23,435] {processor.py:642} INFO - Processing file /home/airflow/.local/lib/python3.7/site-packages/airflow/example_dags/example_complex.py for tasks to queue
[2022-05-16 00:41:23,441] {logging_mixin.py:109} INFO - [2022-05-16 00:41:23,441] {dagbag.py:500} INFO - Filling up the DagBag from /home/airflow/.local/lib/python3.7/site-packages/airflow/example_dags/example_complex.py
[2022-05-16 00:41:23,580] {processor.py:652} INFO - DAG(s) dict_keys(['example_complex']) retrieved from /home/airflow/.local/lib/python3.7/site-packages/airflow/example_dags/example_complex.py
[2022-05-16 00:41:23,739] {logging_mixin.py:109} INFO - [2022-05-16 00:41:23,739] {dag.py:2398} INFO - Sync 1 DAGs
[2022-05-16 00:41:23,839] {logging_mixin.py:109} INFO - [2022-05-16 00:41:23,838] {dag.py:2937} INFO - Setting next_dagrun for example_complex to None
[2022-05-16 00:41:23,893] {processor.py:171} INFO - Processing /home/airflow/.local/lib/python3.7/site-packages/airflow/example_dags/example_complex.py took 0.496 seconds
[2022-05-16 00:41:56,276] {processor.py:163} INFO - Started process (PID=11773) to work on /home/airflow/.local/lib/python3.7/site-packages/airflow/example_dags/example_complex.py
[2022-05-16 00:41:56,311] {processor.py:642} INFO - Processing file /home/airflow/.local/lib/python3.7/site-packages/airflow/example_dags/example_complex.py for tasks to queue
[2022-05-16 00:41:56,338] {logging_mixin.py:109} INFO - [2022-05-16 00:41:56,337] {dagbag.py:500} INFO - Filling up the DagBag from /home/airflow/.local/lib/python3.7/site-packages/airflow/example_dags/example_complex.py
[2022-05-16 00:41:56,777] {processor.py:652} INFO - DAG(s) dict_keys(['example_complex']) retrieved from /home/airflow/.local/lib/python3.7/site-packages/airflow/example_dags/example_complex.py
[2022-05-16 00:41:57,123] {logging_mixin.py:109} INFO - [2022-05-16 00:41:57,122] {dag.py:2398} INFO - Sync 1 DAGs
[2022-05-16 00:41:57,282] {logging_mixin.py:109} INFO - [2022-05-16 00:41:57,282] {dag.py:2937} INFO - Setting next_dagrun for example_complex to None
[2022-05-16 00:41:57,460] {processor.py:171} INFO - Processing /home/airflow/.local/lib/python3.7/site-packages/airflow/example_dags/example_complex.py took 1.221 seconds
[2022-05-16 00:42:28,898] {processor.py:163} INFO - Started process (PID=11824) to work on /home/airflow/.local/lib/python3.7/site-packages/airflow/example_dags/example_complex.py
[2022-05-16 00:42:28,906] {processor.py:642} INFO - Processing file /home/airflow/.local/lib/python3.7/site-packages/airflow/example_dags/example_complex.py for tasks to queue
[2022-05-16 00:42:28,912] {logging_mixin.py:109} INFO - [2022-05-16 00:42:28,912] {dagbag.py:500} INFO - Filling up the DagBag from /home/airflow/.local/lib/python3.7/site-packages/airflow/example_dags/example_complex.py
[2022-05-16 00:42:29,058] {processor.py:652} INFO - DAG(s) dict_keys(['example_complex']) retrieved from /home/airflow/.local/lib/python3.7/site-packages/airflow/example_dags/example_complex.py
[2022-05-16 00:42:29,210] {logging_mixin.py:109} INFO - [2022-05-16 00:42:29,209] {dag.py:2398} INFO - Sync 1 DAGs
[2022-05-16 00:42:29,295] {logging_mixin.py:109} INFO - [2022-05-16 00:42:29,295] {dag.py:2937} INFO - Setting next_dagrun for example_complex to None
[2022-05-16 00:42:29,348] {processor.py:171} INFO - Processing /home/airflow/.local/lib/python3.7/site-packages/airflow/example_dags/example_complex.py took 0.467 seconds
[2022-05-16 00:43:01,087] {processor.py:163} INFO - Started process (PID=11866) to work on /home/airflow/.local/lib/python3.7/site-packages/airflow/example_dags/example_complex.py
[2022-05-16 00:43:01,101] {processor.py:642} INFO - Processing file /home/airflow/.local/lib/python3.7/site-packages/airflow/example_dags/example_complex.py for tasks to queue
[2022-05-16 00:43:01,109] {logging_mixin.py:109} INFO - [2022-05-16 00:43:01,109] {dagbag.py:500} INFO - Filling up the DagBag from /home/airflow/.local/lib/python3.7/site-packages/airflow/example_dags/example_complex.py
[2022-05-16 00:43:01,289] {processor.py:652} INFO - DAG(s) dict_keys(['example_complex']) retrieved from /home/airflow/.local/lib/python3.7/site-packages/airflow/example_dags/example_complex.py
[2022-05-16 00:43:01,520] {logging_mixin.py:109} INFO - [2022-05-16 00:43:01,519] {dag.py:2398} INFO - Sync 1 DAGs
[2022-05-16 00:43:01,640] {logging_mixin.py:109} INFO - [2022-05-16 00:43:01,640] {dag.py:2937} INFO - Setting next_dagrun for example_complex to None
[2022-05-16 00:43:01,715] {processor.py:171} INFO - Processing /home/airflow/.local/lib/python3.7/site-packages/airflow/example_dags/example_complex.py took 0.657 seconds
[2022-05-16 00:43:33,609] {processor.py:163} INFO - Started process (PID=11918) to work on /home/airflow/.local/lib/python3.7/site-packages/airflow/example_dags/example_complex.py
[2022-05-16 00:43:33,618] {processor.py:642} INFO - Processing file /home/airflow/.local/lib/python3.7/site-packages/airflow/example_dags/example_complex.py for tasks to queue
[2022-05-16 00:43:33,627] {logging_mixin.py:109} INFO - [2022-05-16 00:43:33,626] {dagbag.py:500} INFO - Filling up the DagBag from /home/airflow/.local/lib/python3.7/site-packages/airflow/example_dags/example_complex.py
[2022-05-16 00:43:33,790] {processor.py:652} INFO - DAG(s) dict_keys(['example_complex']) retrieved from /home/airflow/.local/lib/python3.7/site-packages/airflow/example_dags/example_complex.py
[2022-05-16 00:43:33,960] {logging_mixin.py:109} INFO - [2022-05-16 00:43:33,960] {dag.py:2398} INFO - Sync 1 DAGs
[2022-05-16 00:43:34,059] {logging_mixin.py:109} INFO - [2022-05-16 00:43:34,058] {dag.py:2937} INFO - Setting next_dagrun for example_complex to None
[2022-05-16 00:43:34,120] {processor.py:171} INFO - Processing /home/airflow/.local/lib/python3.7/site-packages/airflow/example_dags/example_complex.py took 0.528 seconds
[2022-05-16 00:44:05,298] {processor.py:163} INFO - Started process (PID=11967) to work on /home/airflow/.local/lib/python3.7/site-packages/airflow/example_dags/example_complex.py
[2022-05-16 00:44:05,307] {processor.py:642} INFO - Processing file /home/airflow/.local/lib/python3.7/site-packages/airflow/example_dags/example_complex.py for tasks to queue
[2022-05-16 00:44:05,313] {logging_mixin.py:109} INFO - [2022-05-16 00:44:05,313] {dagbag.py:500} INFO - Filling up the DagBag from /home/airflow/.local/lib/python3.7/site-packages/airflow/example_dags/example_complex.py
[2022-05-16 00:44:05,448] {processor.py:652} INFO - DAG(s) dict_keys(['example_complex']) retrieved from /home/airflow/.local/lib/python3.7/site-packages/airflow/example_dags/example_complex.py
[2022-05-16 00:44:05,600] {logging_mixin.py:109} INFO - [2022-05-16 00:44:05,599] {dag.py:2398} INFO - Sync 1 DAGs
[2022-05-16 00:44:05,693] {logging_mixin.py:109} INFO - [2022-05-16 00:44:05,693] {dag.py:2937} INFO - Setting next_dagrun for example_complex to None
[2022-05-16 00:44:05,754] {processor.py:171} INFO - Processing /home/airflow/.local/lib/python3.7/site-packages/airflow/example_dags/example_complex.py took 0.474 seconds
[2022-05-16 01:14:19,196] {processor.py:163} INFO - Started process (PID=11992) to work on /home/airflow/.local/lib/python3.7/site-packages/airflow/example_dags/example_complex.py
[2022-05-16 01:14:19,205] {processor.py:642} INFO - Processing file /home/airflow/.local/lib/python3.7/site-packages/airflow/example_dags/example_complex.py for tasks to queue
[2022-05-16 01:14:19,215] {logging_mixin.py:109} INFO - [2022-05-16 01:14:19,214] {dagbag.py:500} INFO - Filling up the DagBag from /home/airflow/.local/lib/python3.7/site-packages/airflow/example_dags/example_complex.py
[2022-05-16 01:14:19,493] {processor.py:652} INFO - DAG(s) dict_keys(['example_complex']) retrieved from /home/airflow/.local/lib/python3.7/site-packages/airflow/example_dags/example_complex.py
[2022-05-16 01:14:19,765] {logging_mixin.py:109} INFO - [2022-05-16 01:14:19,764] {dag.py:2398} INFO - Sync 1 DAGs
[2022-05-16 01:14:19,897] {logging_mixin.py:109} INFO - [2022-05-16 01:14:19,896] {dag.py:2937} INFO - Setting next_dagrun for example_complex to None
[2022-05-16 01:14:20,000] {processor.py:171} INFO - Processing /home/airflow/.local/lib/python3.7/site-packages/airflow/example_dags/example_complex.py took 0.856 seconds
[2022-05-16 01:14:53,808] {processor.py:163} INFO - Started process (PID=12045) to work on /home/airflow/.local/lib/python3.7/site-packages/airflow/example_dags/example_complex.py
[2022-05-16 01:14:53,829] {processor.py:642} INFO - Processing file /home/airflow/.local/lib/python3.7/site-packages/airflow/example_dags/example_complex.py for tasks to queue
[2022-05-16 01:14:53,841] {logging_mixin.py:109} INFO - [2022-05-16 01:14:53,840] {dagbag.py:500} INFO - Filling up the DagBag from /home/airflow/.local/lib/python3.7/site-packages/airflow/example_dags/example_complex.py
[2022-05-16 01:14:54,203] {processor.py:652} INFO - DAG(s) dict_keys(['example_complex']) retrieved from /home/airflow/.local/lib/python3.7/site-packages/airflow/example_dags/example_complex.py
[2022-05-16 01:14:54,526] {logging_mixin.py:109} INFO - [2022-05-16 01:14:54,526] {dag.py:2398} INFO - Sync 1 DAGs
[2022-05-16 01:14:54,962] {logging_mixin.py:109} INFO - [2022-05-16 01:14:54,962] {dag.py:2937} INFO - Setting next_dagrun for example_complex to None
[2022-05-16 01:14:55,227] {processor.py:171} INFO - Processing /home/airflow/.local/lib/python3.7/site-packages/airflow/example_dags/example_complex.py took 1.486 seconds
[2022-05-16 01:15:25,715] {processor.py:163} INFO - Started process (PID=12100) to work on /home/airflow/.local/lib/python3.7/site-packages/airflow/example_dags/example_complex.py
[2022-05-16 01:15:25,738] {processor.py:642} INFO - Processing file /home/airflow/.local/lib/python3.7/site-packages/airflow/example_dags/example_complex.py for tasks to queue
[2022-05-16 01:15:25,751] {logging_mixin.py:109} INFO - [2022-05-16 01:15:25,746] {dagbag.py:500} INFO - Filling up the DagBag from /home/airflow/.local/lib/python3.7/site-packages/airflow/example_dags/example_complex.py
[2022-05-16 01:15:26,095] {processor.py:652} INFO - DAG(s) dict_keys(['example_complex']) retrieved from /home/airflow/.local/lib/python3.7/site-packages/airflow/example_dags/example_complex.py
[2022-05-16 01:15:26,435] {logging_mixin.py:109} INFO - [2022-05-16 01:15:26,434] {dag.py:2398} INFO - Sync 1 DAGs
[2022-05-16 01:15:26,525] {logging_mixin.py:109} INFO - [2022-05-16 01:15:26,524] {dag.py:2937} INFO - Setting next_dagrun for example_complex to None
[2022-05-16 01:15:26,582] {processor.py:171} INFO - Processing /home/airflow/.local/lib/python3.7/site-packages/airflow/example_dags/example_complex.py took 0.884 seconds
[2022-05-16 01:15:57,663] {processor.py:163} INFO - Started process (PID=12143) to work on /home/airflow/.local/lib/python3.7/site-packages/airflow/example_dags/example_complex.py
[2022-05-16 01:15:57,689] {processor.py:642} INFO - Processing file /home/airflow/.local/lib/python3.7/site-packages/airflow/example_dags/example_complex.py for tasks to queue
[2022-05-16 01:15:57,698] {logging_mixin.py:109} INFO - [2022-05-16 01:15:57,698] {dagbag.py:500} INFO - Filling up the DagBag from /home/airflow/.local/lib/python3.7/site-packages/airflow/example_dags/example_complex.py
[2022-05-16 01:15:57,805] {processor.py:652} INFO - DAG(s) dict_keys(['example_complex']) retrieved from /home/airflow/.local/lib/python3.7/site-packages/airflow/example_dags/example_complex.py
[2022-05-16 01:15:57,958] {logging_mixin.py:109} INFO - [2022-05-16 01:15:57,957] {dag.py:2398} INFO - Sync 1 DAGs
[2022-05-16 01:15:58,054] {logging_mixin.py:109} INFO - [2022-05-16 01:15:58,053] {dag.py:2937} INFO - Setting next_dagrun for example_complex to None
[2022-05-16 01:15:58,106] {processor.py:171} INFO - Processing /home/airflow/.local/lib/python3.7/site-packages/airflow/example_dags/example_complex.py took 0.488 seconds
[2022-05-16 01:16:29,829] {processor.py:163} INFO - Started process (PID=12196) to work on /home/airflow/.local/lib/python3.7/site-packages/airflow/example_dags/example_complex.py
[2022-05-16 01:16:29,840] {processor.py:642} INFO - Processing file /home/airflow/.local/lib/python3.7/site-packages/airflow/example_dags/example_complex.py for tasks to queue
[2022-05-16 01:16:29,846] {logging_mixin.py:109} INFO - [2022-05-16 01:16:29,846] {dagbag.py:500} INFO - Filling up the DagBag from /home/airflow/.local/lib/python3.7/site-packages/airflow/example_dags/example_complex.py
[2022-05-16 01:16:29,931] {processor.py:652} INFO - DAG(s) dict_keys(['example_complex']) retrieved from /home/airflow/.local/lib/python3.7/site-packages/airflow/example_dags/example_complex.py
[2022-05-16 01:16:30,080] {logging_mixin.py:109} INFO - [2022-05-16 01:16:30,079] {dag.py:2398} INFO - Sync 1 DAGs
[2022-05-16 01:16:30,163] {logging_mixin.py:109} INFO - [2022-05-16 01:16:30,162] {dag.py:2937} INFO - Setting next_dagrun for example_complex to None
[2022-05-16 01:16:30,206] {processor.py:171} INFO - Processing /home/airflow/.local/lib/python3.7/site-packages/airflow/example_dags/example_complex.py took 0.396 seconds
[2022-05-16 01:17:01,081] {processor.py:163} INFO - Started process (PID=12247) to work on /home/airflow/.local/lib/python3.7/site-packages/airflow/example_dags/example_complex.py
[2022-05-16 01:17:01,093] {processor.py:642} INFO - Processing file /home/airflow/.local/lib/python3.7/site-packages/airflow/example_dags/example_complex.py for tasks to queue
[2022-05-16 01:17:01,100] {logging_mixin.py:109} INFO - [2022-05-16 01:17:01,099] {dagbag.py:500} INFO - Filling up the DagBag from /home/airflow/.local/lib/python3.7/site-packages/airflow/example_dags/example_complex.py
[2022-05-16 01:17:01,186] {processor.py:652} INFO - DAG(s) dict_keys(['example_complex']) retrieved from /home/airflow/.local/lib/python3.7/site-packages/airflow/example_dags/example_complex.py
[2022-05-16 01:17:01,338] {logging_mixin.py:109} INFO - [2022-05-16 01:17:01,338] {dag.py:2398} INFO - Sync 1 DAGs
[2022-05-16 01:17:01,422] {logging_mixin.py:109} INFO - [2022-05-16 01:17:01,422] {dag.py:2937} INFO - Setting next_dagrun for example_complex to None
[2022-05-16 01:17:01,481] {processor.py:171} INFO - Processing /home/airflow/.local/lib/python3.7/site-packages/airflow/example_dags/example_complex.py took 0.419 seconds
[2022-05-16 01:17:32,822] {processor.py:163} INFO - Started process (PID=12292) to work on /home/airflow/.local/lib/python3.7/site-packages/airflow/example_dags/example_complex.py
[2022-05-16 01:17:32,833] {processor.py:642} INFO - Processing file /home/airflow/.local/lib/python3.7/site-packages/airflow/example_dags/example_complex.py for tasks to queue
[2022-05-16 01:17:32,840] {logging_mixin.py:109} INFO - [2022-05-16 01:17:32,839] {dagbag.py:500} INFO - Filling up the DagBag from /home/airflow/.local/lib/python3.7/site-packages/airflow/example_dags/example_complex.py
[2022-05-16 01:17:32,918] {processor.py:652} INFO - DAG(s) dict_keys(['example_complex']) retrieved from /home/airflow/.local/lib/python3.7/site-packages/airflow/example_dags/example_complex.py
[2022-05-16 01:17:33,107] {logging_mixin.py:109} INFO - [2022-05-16 01:17:33,106] {dag.py:2398} INFO - Sync 1 DAGs
[2022-05-16 01:17:33,193] {logging_mixin.py:109} INFO - [2022-05-16 01:17:33,193] {dag.py:2937} INFO - Setting next_dagrun for example_complex to None
[2022-05-16 01:17:33,250] {processor.py:171} INFO - Processing /home/airflow/.local/lib/python3.7/site-packages/airflow/example_dags/example_complex.py took 0.445 seconds
[2022-05-16 01:18:04,841] {processor.py:163} INFO - Started process (PID=12344) to work on /home/airflow/.local/lib/python3.7/site-packages/airflow/example_dags/example_complex.py
[2022-05-16 01:18:04,850] {processor.py:642} INFO - Processing file /home/airflow/.local/lib/python3.7/site-packages/airflow/example_dags/example_complex.py for tasks to queue
[2022-05-16 01:18:04,856] {logging_mixin.py:109} INFO - [2022-05-16 01:18:04,855] {dagbag.py:500} INFO - Filling up the DagBag from /home/airflow/.local/lib/python3.7/site-packages/airflow/example_dags/example_complex.py
[2022-05-16 01:18:04,955] {processor.py:652} INFO - DAG(s) dict_keys(['example_complex']) retrieved from /home/airflow/.local/lib/python3.7/site-packages/airflow/example_dags/example_complex.py
[2022-05-16 01:18:05,117] {logging_mixin.py:109} INFO - [2022-05-16 01:18:05,117] {dag.py:2398} INFO - Sync 1 DAGs
[2022-05-16 01:18:05,211] {logging_mixin.py:109} INFO - [2022-05-16 01:18:05,211] {dag.py:2937} INFO - Setting next_dagrun for example_complex to None
[2022-05-16 01:18:05,262] {processor.py:171} INFO - Processing /home/airflow/.local/lib/python3.7/site-packages/airflow/example_dags/example_complex.py took 0.440 seconds
[2022-05-16 01:18:35,995] {processor.py:163} INFO - Started process (PID=12387) to work on /home/airflow/.local/lib/python3.7/site-packages/airflow/example_dags/example_complex.py
[2022-05-16 01:18:36,005] {processor.py:642} INFO - Processing file /home/airflow/.local/lib/python3.7/site-packages/airflow/example_dags/example_complex.py for tasks to queue
[2022-05-16 01:18:36,010] {logging_mixin.py:109} INFO - [2022-05-16 01:18:36,010] {dagbag.py:500} INFO - Filling up the DagBag from /home/airflow/.local/lib/python3.7/site-packages/airflow/example_dags/example_complex.py
[2022-05-16 01:18:36,087] {processor.py:652} INFO - DAG(s) dict_keys(['example_complex']) retrieved from /home/airflow/.local/lib/python3.7/site-packages/airflow/example_dags/example_complex.py
[2022-05-16 01:18:36,258] {logging_mixin.py:109} INFO - [2022-05-16 01:18:36,257] {dag.py:2398} INFO - Sync 1 DAGs
[2022-05-16 01:18:36,353] {logging_mixin.py:109} INFO - [2022-05-16 01:18:36,352] {dag.py:2937} INFO - Setting next_dagrun for example_complex to None
[2022-05-16 01:18:36,405] {processor.py:171} INFO - Processing /home/airflow/.local/lib/python3.7/site-packages/airflow/example_dags/example_complex.py took 0.426 seconds
[2022-05-16 01:19:08,856] {processor.py:163} INFO - Started process (PID=12440) to work on /home/airflow/.local/lib/python3.7/site-packages/airflow/example_dags/example_complex.py
[2022-05-16 01:19:08,868] {processor.py:642} INFO - Processing file /home/airflow/.local/lib/python3.7/site-packages/airflow/example_dags/example_complex.py for tasks to queue
[2022-05-16 01:19:08,898] {logging_mixin.py:109} INFO - [2022-05-16 01:19:08,897] {dagbag.py:500} INFO - Filling up the DagBag from /home/airflow/.local/lib/python3.7/site-packages/airflow/example_dags/example_complex.py
[2022-05-16 01:19:09,007] {processor.py:652} INFO - DAG(s) dict_keys(['example_complex']) retrieved from /home/airflow/.local/lib/python3.7/site-packages/airflow/example_dags/example_complex.py
[2022-05-16 01:19:09,157] {logging_mixin.py:109} INFO - [2022-05-16 01:19:09,156] {dag.py:2398} INFO - Sync 1 DAGs
[2022-05-16 01:19:09,236] {logging_mixin.py:109} INFO - [2022-05-16 01:19:09,235] {dag.py:2937} INFO - Setting next_dagrun for example_complex to None
[2022-05-16 01:19:09,289] {processor.py:171} INFO - Processing /home/airflow/.local/lib/python3.7/site-packages/airflow/example_dags/example_complex.py took 0.450 seconds
[2022-05-16 01:19:40,120] {processor.py:163} INFO - Started process (PID=12493) to work on /home/airflow/.local/lib/python3.7/site-packages/airflow/example_dags/example_complex.py
[2022-05-16 01:19:40,130] {processor.py:642} INFO - Processing file /home/airflow/.local/lib/python3.7/site-packages/airflow/example_dags/example_complex.py for tasks to queue
[2022-05-16 01:19:40,136] {logging_mixin.py:109} INFO - [2022-05-16 01:19:40,135] {dagbag.py:500} INFO - Filling up the DagBag from /home/airflow/.local/lib/python3.7/site-packages/airflow/example_dags/example_complex.py
[2022-05-16 01:19:40,230] {processor.py:652} INFO - DAG(s) dict_keys(['example_complex']) retrieved from /home/airflow/.local/lib/python3.7/site-packages/airflow/example_dags/example_complex.py
[2022-05-16 01:19:40,415] {logging_mixin.py:109} INFO - [2022-05-16 01:19:40,414] {dag.py:2398} INFO - Sync 1 DAGs
[2022-05-16 01:19:40,543] {logging_mixin.py:109} INFO - [2022-05-16 01:19:40,542] {dag.py:2937} INFO - Setting next_dagrun for example_complex to None
[2022-05-16 01:19:40,598] {processor.py:171} INFO - Processing /home/airflow/.local/lib/python3.7/site-packages/airflow/example_dags/example_complex.py took 0.494 seconds
[2022-05-16 01:20:11,121] {processor.py:163} INFO - Started process (PID=12536) to work on /home/airflow/.local/lib/python3.7/site-packages/airflow/example_dags/example_complex.py
[2022-05-16 01:20:11,123] {processor.py:642} INFO - Processing file /home/airflow/.local/lib/python3.7/site-packages/airflow/example_dags/example_complex.py for tasks to queue
[2022-05-16 01:20:11,125] {logging_mixin.py:109} INFO - [2022-05-16 01:20:11,125] {dagbag.py:500} INFO - Filling up the DagBag from /home/airflow/.local/lib/python3.7/site-packages/airflow/example_dags/example_complex.py
[2022-05-16 01:20:11,157] {processor.py:652} INFO - DAG(s) dict_keys(['example_complex']) retrieved from /home/airflow/.local/lib/python3.7/site-packages/airflow/example_dags/example_complex.py
[2022-05-16 01:20:11,193] {logging_mixin.py:109} INFO - [2022-05-16 01:20:11,192] {dag.py:2398} INFO - Sync 1 DAGs
[2022-05-16 01:20:11,213] {logging_mixin.py:109} INFO - [2022-05-16 01:20:11,213] {dag.py:2937} INFO - Setting next_dagrun for example_complex to None
[2022-05-16 01:20:11,224] {processor.py:171} INFO - Processing /home/airflow/.local/lib/python3.7/site-packages/airflow/example_dags/example_complex.py took 0.109 seconds
[2022-05-16 01:50:40,444] {processor.py:163} INFO - Started process (PID=12593) to work on /home/airflow/.local/lib/python3.7/site-packages/airflow/example_dags/example_complex.py
[2022-05-16 01:50:40,470] {processor.py:642} INFO - Processing file /home/airflow/.local/lib/python3.7/site-packages/airflow/example_dags/example_complex.py for tasks to queue
[2022-05-16 01:50:40,485] {logging_mixin.py:109} INFO - [2022-05-16 01:50:40,483] {dagbag.py:500} INFO - Filling up the DagBag from /home/airflow/.local/lib/python3.7/site-packages/airflow/example_dags/example_complex.py
[2022-05-16 01:50:40,619] {processor.py:652} INFO - DAG(s) dict_keys(['example_complex']) retrieved from /home/airflow/.local/lib/python3.7/site-packages/airflow/example_dags/example_complex.py
[2022-05-16 01:50:40,830] {logging_mixin.py:109} INFO - [2022-05-16 01:50:40,829] {dag.py:2398} INFO - Sync 1 DAGs
[2022-05-16 01:50:40,947] {logging_mixin.py:109} INFO - [2022-05-16 01:50:40,947] {dag.py:2937} INFO - Setting next_dagrun for example_complex to None
[2022-05-16 01:50:41,013] {processor.py:171} INFO - Processing /home/airflow/.local/lib/python3.7/site-packages/airflow/example_dags/example_complex.py took 0.629 seconds
[2022-05-16 01:51:14,979] {processor.py:163} INFO - Started process (PID=12644) to work on /home/airflow/.local/lib/python3.7/site-packages/airflow/example_dags/example_complex.py
[2022-05-16 01:51:14,999] {processor.py:642} INFO - Processing file /home/airflow/.local/lib/python3.7/site-packages/airflow/example_dags/example_complex.py for tasks to queue
[2022-05-16 01:51:15,013] {logging_mixin.py:109} INFO - [2022-05-16 01:51:15,010] {dagbag.py:500} INFO - Filling up the DagBag from /home/airflow/.local/lib/python3.7/site-packages/airflow/example_dags/example_complex.py
[2022-05-16 01:51:15,221] {processor.py:652} INFO - DAG(s) dict_keys(['example_complex']) retrieved from /home/airflow/.local/lib/python3.7/site-packages/airflow/example_dags/example_complex.py
[2022-05-16 01:51:15,533] {logging_mixin.py:109} INFO - [2022-05-16 01:51:15,533] {dag.py:2398} INFO - Sync 1 DAGs
[2022-05-16 01:51:15,750] {logging_mixin.py:109} INFO - [2022-05-16 01:51:15,733] {dag.py:2937} INFO - Setting next_dagrun for example_complex to None
[2022-05-16 01:51:15,831] {processor.py:171} INFO - Processing /home/airflow/.local/lib/python3.7/site-packages/airflow/example_dags/example_complex.py took 0.894 seconds
[2022-05-16 01:51:46,789] {processor.py:163} INFO - Started process (PID=12693) to work on /home/airflow/.local/lib/python3.7/site-packages/airflow/example_dags/example_complex.py
[2022-05-16 01:51:46,818] {processor.py:642} INFO - Processing file /home/airflow/.local/lib/python3.7/site-packages/airflow/example_dags/example_complex.py for tasks to queue
[2022-05-16 01:51:46,837] {logging_mixin.py:109} INFO - [2022-05-16 01:51:46,836] {dagbag.py:500} INFO - Filling up the DagBag from /home/airflow/.local/lib/python3.7/site-packages/airflow/example_dags/example_complex.py
[2022-05-16 01:51:47,006] {processor.py:652} INFO - DAG(s) dict_keys(['example_complex']) retrieved from /home/airflow/.local/lib/python3.7/site-packages/airflow/example_dags/example_complex.py
[2022-05-16 01:51:47,190] {logging_mixin.py:109} INFO - [2022-05-16 01:51:47,189] {dag.py:2398} INFO - Sync 1 DAGs
[2022-05-16 01:51:47,276] {logging_mixin.py:109} INFO - [2022-05-16 01:51:47,276] {dag.py:2937} INFO - Setting next_dagrun for example_complex to None
[2022-05-16 01:51:47,334] {processor.py:171} INFO - Processing /home/airflow/.local/lib/python3.7/site-packages/airflow/example_dags/example_complex.py took 0.584 seconds
[2022-05-16 01:52:17,648] {processor.py:163} INFO - Started process (PID=12739) to work on /home/airflow/.local/lib/python3.7/site-packages/airflow/example_dags/example_complex.py
[2022-05-16 01:52:17,661] {processor.py:642} INFO - Processing file /home/airflow/.local/lib/python3.7/site-packages/airflow/example_dags/example_complex.py for tasks to queue
[2022-05-16 01:52:17,669] {logging_mixin.py:109} INFO - [2022-05-16 01:52:17,668] {dagbag.py:500} INFO - Filling up the DagBag from /home/airflow/.local/lib/python3.7/site-packages/airflow/example_dags/example_complex.py
[2022-05-16 01:52:17,781] {processor.py:652} INFO - DAG(s) dict_keys(['example_complex']) retrieved from /home/airflow/.local/lib/python3.7/site-packages/airflow/example_dags/example_complex.py
[2022-05-16 01:52:18,000] {logging_mixin.py:109} INFO - [2022-05-16 01:52:17,999] {dag.py:2398} INFO - Sync 1 DAGs
[2022-05-16 01:52:18,094] {logging_mixin.py:109} INFO - [2022-05-16 01:52:18,094] {dag.py:2937} INFO - Setting next_dagrun for example_complex to None
[2022-05-16 01:52:18,146] {processor.py:171} INFO - Processing /home/airflow/.local/lib/python3.7/site-packages/airflow/example_dags/example_complex.py took 0.516 seconds
[2022-05-16 01:52:50,025] {processor.py:163} INFO - Started process (PID=12791) to work on /home/airflow/.local/lib/python3.7/site-packages/airflow/example_dags/example_complex.py
[2022-05-16 01:52:50,033] {processor.py:642} INFO - Processing file /home/airflow/.local/lib/python3.7/site-packages/airflow/example_dags/example_complex.py for tasks to queue
[2022-05-16 01:52:50,039] {logging_mixin.py:109} INFO - [2022-05-16 01:52:50,038] {dagbag.py:500} INFO - Filling up the DagBag from /home/airflow/.local/lib/python3.7/site-packages/airflow/example_dags/example_complex.py
[2022-05-16 01:52:50,156] {processor.py:652} INFO - DAG(s) dict_keys(['example_complex']) retrieved from /home/airflow/.local/lib/python3.7/site-packages/airflow/example_dags/example_complex.py
[2022-05-16 01:52:50,327] {logging_mixin.py:109} INFO - [2022-05-16 01:52:50,326] {dag.py:2398} INFO - Sync 1 DAGs
[2022-05-16 01:52:50,414] {logging_mixin.py:109} INFO - [2022-05-16 01:52:50,413] {dag.py:2937} INFO - Setting next_dagrun for example_complex to None
[2022-05-16 01:52:50,462] {processor.py:171} INFO - Processing /home/airflow/.local/lib/python3.7/site-packages/airflow/example_dags/example_complex.py took 0.459 seconds
[2022-05-16 01:53:21,199] {processor.py:163} INFO - Started process (PID=12834) to work on /home/airflow/.local/lib/python3.7/site-packages/airflow/example_dags/example_complex.py
[2022-05-16 01:53:21,213] {processor.py:642} INFO - Processing file /home/airflow/.local/lib/python3.7/site-packages/airflow/example_dags/example_complex.py for tasks to queue
[2022-05-16 01:53:21,224] {logging_mixin.py:109} INFO - [2022-05-16 01:53:21,221] {dagbag.py:500} INFO - Filling up the DagBag from /home/airflow/.local/lib/python3.7/site-packages/airflow/example_dags/example_complex.py
[2022-05-16 01:53:21,316] {processor.py:652} INFO - DAG(s) dict_keys(['example_complex']) retrieved from /home/airflow/.local/lib/python3.7/site-packages/airflow/example_dags/example_complex.py
[2022-05-16 01:53:21,615] {logging_mixin.py:109} INFO - [2022-05-16 01:53:21,615] {dag.py:2398} INFO - Sync 1 DAGs
[2022-05-16 01:53:21,726] {logging_mixin.py:109} INFO - [2022-05-16 01:53:21,726] {dag.py:2937} INFO - Setting next_dagrun for example_complex to None
[2022-05-16 01:53:21,786] {processor.py:171} INFO - Processing /home/airflow/.local/lib/python3.7/site-packages/airflow/example_dags/example_complex.py took 0.612 seconds
[2022-05-16 01:53:52,611] {processor.py:163} INFO - Started process (PID=12885) to work on /home/airflow/.local/lib/python3.7/site-packages/airflow/example_dags/example_complex.py
[2022-05-16 01:53:52,627] {processor.py:642} INFO - Processing file /home/airflow/.local/lib/python3.7/site-packages/airflow/example_dags/example_complex.py for tasks to queue
[2022-05-16 01:53:52,633] {logging_mixin.py:109} INFO - [2022-05-16 01:53:52,632] {dagbag.py:500} INFO - Filling up the DagBag from /home/airflow/.local/lib/python3.7/site-packages/airflow/example_dags/example_complex.py
[2022-05-16 01:53:52,723] {processor.py:652} INFO - DAG(s) dict_keys(['example_complex']) retrieved from /home/airflow/.local/lib/python3.7/site-packages/airflow/example_dags/example_complex.py
[2022-05-16 01:53:52,876] {logging_mixin.py:109} INFO - [2022-05-16 01:53:52,876] {dag.py:2398} INFO - Sync 1 DAGs
[2022-05-16 01:53:53,024] {logging_mixin.py:109} INFO - [2022-05-16 01:53:53,023] {dag.py:2937} INFO - Setting next_dagrun for example_complex to None
[2022-05-16 01:53:53,101] {processor.py:171} INFO - Processing /home/airflow/.local/lib/python3.7/site-packages/airflow/example_dags/example_complex.py took 0.514 seconds
[2022-05-16 01:54:23,836] {processor.py:163} INFO - Started process (PID=12928) to work on /home/airflow/.local/lib/python3.7/site-packages/airflow/example_dags/example_complex.py
[2022-05-16 01:54:23,845] {processor.py:642} INFO - Processing file /home/airflow/.local/lib/python3.7/site-packages/airflow/example_dags/example_complex.py for tasks to queue
[2022-05-16 01:54:23,851] {logging_mixin.py:109} INFO - [2022-05-16 01:54:23,850] {dagbag.py:500} INFO - Filling up the DagBag from /home/airflow/.local/lib/python3.7/site-packages/airflow/example_dags/example_complex.py
[2022-05-16 01:54:23,945] {processor.py:652} INFO - DAG(s) dict_keys(['example_complex']) retrieved from /home/airflow/.local/lib/python3.7/site-packages/airflow/example_dags/example_complex.py
[2022-05-16 01:54:24,111] {logging_mixin.py:109} INFO - [2022-05-16 01:54:24,110] {dag.py:2398} INFO - Sync 1 DAGs
[2022-05-16 01:54:24,236] {logging_mixin.py:109} INFO - [2022-05-16 01:54:24,236] {dag.py:2937} INFO - Setting next_dagrun for example_complex to None
[2022-05-16 01:54:24,291] {processor.py:171} INFO - Processing /home/airflow/.local/lib/python3.7/site-packages/airflow/example_dags/example_complex.py took 0.474 seconds
[2022-05-16 01:54:54,597] {processor.py:163} INFO - Started process (PID=12980) to work on /home/airflow/.local/lib/python3.7/site-packages/airflow/example_dags/example_complex.py
[2022-05-16 01:54:54,607] {processor.py:642} INFO - Processing file /home/airflow/.local/lib/python3.7/site-packages/airflow/example_dags/example_complex.py for tasks to queue
[2022-05-16 01:54:54,614] {logging_mixin.py:109} INFO - [2022-05-16 01:54:54,613] {dagbag.py:500} INFO - Filling up the DagBag from /home/airflow/.local/lib/python3.7/site-packages/airflow/example_dags/example_complex.py
[2022-05-16 01:54:54,696] {processor.py:652} INFO - DAG(s) dict_keys(['example_complex']) retrieved from /home/airflow/.local/lib/python3.7/site-packages/airflow/example_dags/example_complex.py
[2022-05-16 01:54:54,828] {logging_mixin.py:109} INFO - [2022-05-16 01:54:54,828] {dag.py:2398} INFO - Sync 1 DAGs
[2022-05-16 01:54:54,905] {logging_mixin.py:109} INFO - [2022-05-16 01:54:54,904] {dag.py:2937} INFO - Setting next_dagrun for example_complex to None
[2022-05-16 01:54:54,953] {processor.py:171} INFO - Processing /home/airflow/.local/lib/python3.7/site-packages/airflow/example_dags/example_complex.py took 0.375 seconds
[2022-05-16 01:55:25,587] {processor.py:163} INFO - Started process (PID=13033) to work on /home/airflow/.local/lib/python3.7/site-packages/airflow/example_dags/example_complex.py
[2022-05-16 01:55:25,599] {processor.py:642} INFO - Processing file /home/airflow/.local/lib/python3.7/site-packages/airflow/example_dags/example_complex.py for tasks to queue
[2022-05-16 01:55:25,606] {logging_mixin.py:109} INFO - [2022-05-16 01:55:25,605] {dagbag.py:500} INFO - Filling up the DagBag from /home/airflow/.local/lib/python3.7/site-packages/airflow/example_dags/example_complex.py
[2022-05-16 01:55:25,693] {processor.py:652} INFO - DAG(s) dict_keys(['example_complex']) retrieved from /home/airflow/.local/lib/python3.7/site-packages/airflow/example_dags/example_complex.py
[2022-05-16 01:55:25,849] {logging_mixin.py:109} INFO - [2022-05-16 01:55:25,849] {dag.py:2398} INFO - Sync 1 DAGs
[2022-05-16 01:55:25,927] {logging_mixin.py:109} INFO - [2022-05-16 01:55:25,926] {dag.py:2937} INFO - Setting next_dagrun for example_complex to None
[2022-05-16 01:55:25,976] {processor.py:171} INFO - Processing /home/airflow/.local/lib/python3.7/site-packages/airflow/example_dags/example_complex.py took 0.407 seconds
[2022-05-16 01:55:57,376] {processor.py:163} INFO - Started process (PID=13076) to work on /home/airflow/.local/lib/python3.7/site-packages/airflow/example_dags/example_complex.py
[2022-05-16 01:55:57,385] {processor.py:642} INFO - Processing file /home/airflow/.local/lib/python3.7/site-packages/airflow/example_dags/example_complex.py for tasks to queue
[2022-05-16 01:55:57,390] {logging_mixin.py:109} INFO - [2022-05-16 01:55:57,390] {dagbag.py:500} INFO - Filling up the DagBag from /home/airflow/.local/lib/python3.7/site-packages/airflow/example_dags/example_complex.py
[2022-05-16 01:55:57,474] {processor.py:652} INFO - DAG(s) dict_keys(['example_complex']) retrieved from /home/airflow/.local/lib/python3.7/site-packages/airflow/example_dags/example_complex.py
[2022-05-16 01:55:57,599] {logging_mixin.py:109} INFO - [2022-05-16 01:55:57,599] {dag.py:2398} INFO - Sync 1 DAGs
[2022-05-16 01:55:57,775] {logging_mixin.py:109} INFO - [2022-05-16 01:55:57,774] {dag.py:2937} INFO - Setting next_dagrun for example_complex to None
[2022-05-16 01:55:57,820] {processor.py:171} INFO - Processing /home/airflow/.local/lib/python3.7/site-packages/airflow/example_dags/example_complex.py took 0.462 seconds
[2022-05-16 01:56:29,500] {processor.py:163} INFO - Started process (PID=13130) to work on /home/airflow/.local/lib/python3.7/site-packages/airflow/example_dags/example_complex.py
[2022-05-16 01:56:29,515] {processor.py:642} INFO - Processing file /home/airflow/.local/lib/python3.7/site-packages/airflow/example_dags/example_complex.py for tasks to queue
[2022-05-16 01:56:29,523] {logging_mixin.py:109} INFO - [2022-05-16 01:56:29,522] {dagbag.py:500} INFO - Filling up the DagBag from /home/airflow/.local/lib/python3.7/site-packages/airflow/example_dags/example_complex.py
[2022-05-16 01:56:29,610] {processor.py:652} INFO - DAG(s) dict_keys(['example_complex']) retrieved from /home/airflow/.local/lib/python3.7/site-packages/airflow/example_dags/example_complex.py
[2022-05-16 01:56:29,759] {logging_mixin.py:109} INFO - [2022-05-16 01:56:29,758] {dag.py:2398} INFO - Sync 1 DAGs
[2022-05-16 01:56:29,862] {logging_mixin.py:109} INFO - [2022-05-16 01:56:29,862] {dag.py:2937} INFO - Setting next_dagrun for example_complex to None
[2022-05-16 01:56:29,916] {processor.py:171} INFO - Processing /home/airflow/.local/lib/python3.7/site-packages/airflow/example_dags/example_complex.py took 0.435 seconds
[2022-05-16 01:57:01,046] {processor.py:163} INFO - Started process (PID=13182) to work on /home/airflow/.local/lib/python3.7/site-packages/airflow/example_dags/example_complex.py
[2022-05-16 01:57:01,055] {processor.py:642} INFO - Processing file /home/airflow/.local/lib/python3.7/site-packages/airflow/example_dags/example_complex.py for tasks to queue
[2022-05-16 01:57:01,061] {logging_mixin.py:109} INFO - [2022-05-16 01:57:01,060] {dagbag.py:500} INFO - Filling up the DagBag from /home/airflow/.local/lib/python3.7/site-packages/airflow/example_dags/example_complex.py
[2022-05-16 01:57:01,150] {processor.py:652} INFO - DAG(s) dict_keys(['example_complex']) retrieved from /home/airflow/.local/lib/python3.7/site-packages/airflow/example_dags/example_complex.py
[2022-05-16 01:57:01,303] {logging_mixin.py:109} INFO - [2022-05-16 01:57:01,303] {dag.py:2398} INFO - Sync 1 DAGs
[2022-05-16 01:57:01,368] {logging_mixin.py:109} INFO - [2022-05-16 01:57:01,367] {dag.py:2937} INFO - Setting next_dagrun for example_complex to None
[2022-05-16 01:57:01,424] {processor.py:171} INFO - Processing /home/airflow/.local/lib/python3.7/site-packages/airflow/example_dags/example_complex.py took 0.420 seconds
[2022-05-16 01:57:32,057] {processor.py:163} INFO - Started process (PID=13225) to work on /home/airflow/.local/lib/python3.7/site-packages/airflow/example_dags/example_complex.py
[2022-05-16 01:57:32,067] {processor.py:642} INFO - Processing file /home/airflow/.local/lib/python3.7/site-packages/airflow/example_dags/example_complex.py for tasks to queue
[2022-05-16 01:57:32,073] {logging_mixin.py:109} INFO - [2022-05-16 01:57:32,072] {dagbag.py:500} INFO - Filling up the DagBag from /home/airflow/.local/lib/python3.7/site-packages/airflow/example_dags/example_complex.py
[2022-05-16 01:57:32,153] {processor.py:652} INFO - DAG(s) dict_keys(['example_complex']) retrieved from /home/airflow/.local/lib/python3.7/site-packages/airflow/example_dags/example_complex.py
[2022-05-16 01:57:32,314] {logging_mixin.py:109} INFO - [2022-05-16 01:57:32,313] {dag.py:2398} INFO - Sync 1 DAGs
[2022-05-16 01:57:32,418] {logging_mixin.py:109} INFO - [2022-05-16 01:57:32,417] {dag.py:2937} INFO - Setting next_dagrun for example_complex to None
[2022-05-16 01:57:32,471] {processor.py:171} INFO - Processing /home/airflow/.local/lib/python3.7/site-packages/airflow/example_dags/example_complex.py took 0.432 seconds
[2022-05-16 01:58:04,327] {processor.py:163} INFO - Started process (PID=13278) to work on /home/airflow/.local/lib/python3.7/site-packages/airflow/example_dags/example_complex.py
[2022-05-16 01:58:04,337] {processor.py:642} INFO - Processing file /home/airflow/.local/lib/python3.7/site-packages/airflow/example_dags/example_complex.py for tasks to queue
[2022-05-16 01:58:04,343] {logging_mixin.py:109} INFO - [2022-05-16 01:58:04,343] {dagbag.py:500} INFO - Filling up the DagBag from /home/airflow/.local/lib/python3.7/site-packages/airflow/example_dags/example_complex.py
[2022-05-16 01:58:04,427] {processor.py:652} INFO - DAG(s) dict_keys(['example_complex']) retrieved from /home/airflow/.local/lib/python3.7/site-packages/airflow/example_dags/example_complex.py
[2022-05-16 01:58:04,591] {logging_mixin.py:109} INFO - [2022-05-16 01:58:04,590] {dag.py:2398} INFO - Sync 1 DAGs
[2022-05-16 01:58:04,684] {logging_mixin.py:109} INFO - [2022-05-16 01:58:04,684] {dag.py:2937} INFO - Setting next_dagrun for example_complex to None
[2022-05-16 01:58:04,731] {processor.py:171} INFO - Processing /home/airflow/.local/lib/python3.7/site-packages/airflow/example_dags/example_complex.py took 0.423 seconds
[2022-05-16 01:58:35,892] {processor.py:163} INFO - Started process (PID=13320) to work on /home/airflow/.local/lib/python3.7/site-packages/airflow/example_dags/example_complex.py
[2022-05-16 01:58:35,901] {processor.py:642} INFO - Processing file /home/airflow/.local/lib/python3.7/site-packages/airflow/example_dags/example_complex.py for tasks to queue
[2022-05-16 01:58:35,907] {logging_mixin.py:109} INFO - [2022-05-16 01:58:35,907] {dagbag.py:500} INFO - Filling up the DagBag from /home/airflow/.local/lib/python3.7/site-packages/airflow/example_dags/example_complex.py
[2022-05-16 01:58:35,988] {processor.py:652} INFO - DAG(s) dict_keys(['example_complex']) retrieved from /home/airflow/.local/lib/python3.7/site-packages/airflow/example_dags/example_complex.py
[2022-05-16 01:58:36,147] {logging_mixin.py:109} INFO - [2022-05-16 01:58:36,146] {dag.py:2398} INFO - Sync 1 DAGs
[2022-05-16 01:58:36,237] {logging_mixin.py:109} INFO - [2022-05-16 01:58:36,237] {dag.py:2937} INFO - Setting next_dagrun for example_complex to None
[2022-05-16 01:58:36,282] {processor.py:171} INFO - Processing /home/airflow/.local/lib/python3.7/site-packages/airflow/example_dags/example_complex.py took 0.406 seconds
[2022-05-16 01:59:07,562] {processor.py:163} INFO - Started process (PID=13371) to work on /home/airflow/.local/lib/python3.7/site-packages/airflow/example_dags/example_complex.py
[2022-05-16 01:59:07,572] {processor.py:642} INFO - Processing file /home/airflow/.local/lib/python3.7/site-packages/airflow/example_dags/example_complex.py for tasks to queue
[2022-05-16 01:59:07,578] {logging_mixin.py:109} INFO - [2022-05-16 01:59:07,577] {dagbag.py:500} INFO - Filling up the DagBag from /home/airflow/.local/lib/python3.7/site-packages/airflow/example_dags/example_complex.py
[2022-05-16 01:59:07,683] {processor.py:652} INFO - DAG(s) dict_keys(['example_complex']) retrieved from /home/airflow/.local/lib/python3.7/site-packages/airflow/example_dags/example_complex.py
[2022-05-16 01:59:07,850] {logging_mixin.py:109} INFO - [2022-05-16 01:59:07,849] {dag.py:2398} INFO - Sync 1 DAGs
[2022-05-16 01:59:07,929] {logging_mixin.py:109} INFO - [2022-05-16 01:59:07,928] {dag.py:2937} INFO - Setting next_dagrun for example_complex to None
[2022-05-16 01:59:07,981] {processor.py:171} INFO - Processing /home/airflow/.local/lib/python3.7/site-packages/airflow/example_dags/example_complex.py took 0.436 seconds
[2022-05-16 01:59:39,311] {processor.py:163} INFO - Started process (PID=13423) to work on /home/airflow/.local/lib/python3.7/site-packages/airflow/example_dags/example_complex.py
[2022-05-16 01:59:39,322] {processor.py:642} INFO - Processing file /home/airflow/.local/lib/python3.7/site-packages/airflow/example_dags/example_complex.py for tasks to queue
[2022-05-16 01:59:39,327] {logging_mixin.py:109} INFO - [2022-05-16 01:59:39,327] {dagbag.py:500} INFO - Filling up the DagBag from /home/airflow/.local/lib/python3.7/site-packages/airflow/example_dags/example_complex.py
[2022-05-16 01:59:39,408] {processor.py:652} INFO - DAG(s) dict_keys(['example_complex']) retrieved from /home/airflow/.local/lib/python3.7/site-packages/airflow/example_dags/example_complex.py
[2022-05-16 01:59:39,538] {logging_mixin.py:109} INFO - [2022-05-16 01:59:39,538] {dag.py:2398} INFO - Sync 1 DAGs
[2022-05-16 01:59:39,622] {logging_mixin.py:109} INFO - [2022-05-16 01:59:39,621] {dag.py:2937} INFO - Setting next_dagrun for example_complex to None
[2022-05-16 01:59:39,678] {processor.py:171} INFO - Processing /home/airflow/.local/lib/python3.7/site-packages/airflow/example_dags/example_complex.py took 0.384 seconds
[2022-05-16 02:00:10,497] {processor.py:163} INFO - Started process (PID=13465) to work on /home/airflow/.local/lib/python3.7/site-packages/airflow/example_dags/example_complex.py
[2022-05-16 02:00:10,507] {processor.py:642} INFO - Processing file /home/airflow/.local/lib/python3.7/site-packages/airflow/example_dags/example_complex.py for tasks to queue
[2022-05-16 02:00:10,514] {logging_mixin.py:109} INFO - [2022-05-16 02:00:10,513] {dagbag.py:500} INFO - Filling up the DagBag from /home/airflow/.local/lib/python3.7/site-packages/airflow/example_dags/example_complex.py
[2022-05-16 02:00:10,598] {processor.py:652} INFO - DAG(s) dict_keys(['example_complex']) retrieved from /home/airflow/.local/lib/python3.7/site-packages/airflow/example_dags/example_complex.py
[2022-05-16 02:00:10,733] {logging_mixin.py:109} INFO - [2022-05-16 02:00:10,732] {dag.py:2398} INFO - Sync 1 DAGs
[2022-05-16 02:00:10,815] {logging_mixin.py:109} INFO - [2022-05-16 02:00:10,814] {dag.py:2937} INFO - Setting next_dagrun for example_complex to None
[2022-05-16 02:00:10,885] {processor.py:171} INFO - Processing /home/airflow/.local/lib/python3.7/site-packages/airflow/example_dags/example_complex.py took 0.412 seconds
[2022-05-16 02:29:28,434] {processor.py:163} INFO - Started process (PID=13529) to work on /home/airflow/.local/lib/python3.7/site-packages/airflow/example_dags/example_complex.py
[2022-05-16 02:29:28,454] {processor.py:642} INFO - Processing file /home/airflow/.local/lib/python3.7/site-packages/airflow/example_dags/example_complex.py for tasks to queue
[2022-05-16 02:29:28,461] {logging_mixin.py:109} INFO - [2022-05-16 02:29:28,459] {dagbag.py:500} INFO - Filling up the DagBag from /home/airflow/.local/lib/python3.7/site-packages/airflow/example_dags/example_complex.py
[2022-05-16 02:29:28,501] {processor.py:652} INFO - DAG(s) dict_keys(['example_complex']) retrieved from /home/airflow/.local/lib/python3.7/site-packages/airflow/example_dags/example_complex.py
[2022-05-16 02:29:28,571] {logging_mixin.py:109} INFO - [2022-05-16 02:29:28,571] {dag.py:2398} INFO - Sync 1 DAGs
[2022-05-16 02:29:28,600] {logging_mixin.py:109} INFO - [2022-05-16 02:29:28,600] {dag.py:2937} INFO - Setting next_dagrun for example_complex to None
[2022-05-16 02:29:28,615] {processor.py:171} INFO - Processing /home/airflow/.local/lib/python3.7/site-packages/airflow/example_dags/example_complex.py took 0.192 seconds
[2022-05-16 02:29:59,243] {processor.py:163} INFO - Started process (PID=13580) to work on /home/airflow/.local/lib/python3.7/site-packages/airflow/example_dags/example_complex.py
[2022-05-16 02:29:59,247] {processor.py:642} INFO - Processing file /home/airflow/.local/lib/python3.7/site-packages/airflow/example_dags/example_complex.py for tasks to queue
[2022-05-16 02:29:59,248] {logging_mixin.py:109} INFO - [2022-05-16 02:29:59,248] {dagbag.py:500} INFO - Filling up the DagBag from /home/airflow/.local/lib/python3.7/site-packages/airflow/example_dags/example_complex.py
[2022-05-16 02:29:59,402] {processor.py:652} INFO - DAG(s) dict_keys(['example_complex']) retrieved from /home/airflow/.local/lib/python3.7/site-packages/airflow/example_dags/example_complex.py
[2022-05-16 02:29:59,445] {logging_mixin.py:109} INFO - [2022-05-16 02:29:59,444] {dag.py:2398} INFO - Sync 1 DAGs
[2022-05-16 02:29:59,468] {logging_mixin.py:109} INFO - [2022-05-16 02:29:59,468] {dag.py:2937} INFO - Setting next_dagrun for example_complex to None
[2022-05-16 02:29:59,488] {processor.py:171} INFO - Processing /home/airflow/.local/lib/python3.7/site-packages/airflow/example_dags/example_complex.py took 0.249 seconds
[2022-05-16 02:30:29,787] {processor.py:163} INFO - Started process (PID=13642) to work on /home/airflow/.local/lib/python3.7/site-packages/airflow/example_dags/example_complex.py
[2022-05-16 02:30:29,790] {processor.py:642} INFO - Processing file /home/airflow/.local/lib/python3.7/site-packages/airflow/example_dags/example_complex.py for tasks to queue
[2022-05-16 02:30:29,791] {logging_mixin.py:109} INFO - [2022-05-16 02:30:29,791] {dagbag.py:500} INFO - Filling up the DagBag from /home/airflow/.local/lib/python3.7/site-packages/airflow/example_dags/example_complex.py
[2022-05-16 02:30:29,916] {processor.py:652} INFO - DAG(s) dict_keys(['example_complex']) retrieved from /home/airflow/.local/lib/python3.7/site-packages/airflow/example_dags/example_complex.py
[2022-05-16 02:30:29,950] {logging_mixin.py:109} INFO - [2022-05-16 02:30:29,950] {dag.py:2398} INFO - Sync 1 DAGs
[2022-05-16 02:30:29,968] {logging_mixin.py:109} INFO - [2022-05-16 02:30:29,968] {dag.py:2937} INFO - Setting next_dagrun for example_complex to None
[2022-05-16 02:30:29,980] {processor.py:171} INFO - Processing /home/airflow/.local/lib/python3.7/site-packages/airflow/example_dags/example_complex.py took 0.197 seconds
[2022-05-16 02:31:00,744] {processor.py:163} INFO - Started process (PID=13693) to work on /home/airflow/.local/lib/python3.7/site-packages/airflow/example_dags/example_complex.py
[2022-05-16 02:31:00,747] {processor.py:642} INFO - Processing file /home/airflow/.local/lib/python3.7/site-packages/airflow/example_dags/example_complex.py for tasks to queue
[2022-05-16 02:31:00,748] {logging_mixin.py:109} INFO - [2022-05-16 02:31:00,748] {dagbag.py:500} INFO - Filling up the DagBag from /home/airflow/.local/lib/python3.7/site-packages/airflow/example_dags/example_complex.py
[2022-05-16 02:31:00,766] {processor.py:652} INFO - DAG(s) dict_keys(['example_complex']) retrieved from /home/airflow/.local/lib/python3.7/site-packages/airflow/example_dags/example_complex.py
[2022-05-16 02:31:00,800] {logging_mixin.py:109} INFO - [2022-05-16 02:31:00,800] {dag.py:2398} INFO - Sync 1 DAGs
[2022-05-16 02:31:00,816] {logging_mixin.py:109} INFO - [2022-05-16 02:31:00,816] {dag.py:2937} INFO - Setting next_dagrun for example_complex to None
[2022-05-16 02:31:00,828] {processor.py:171} INFO - Processing /home/airflow/.local/lib/python3.7/site-packages/airflow/example_dags/example_complex.py took 0.088 seconds
[2022-05-16 02:31:31,295] {processor.py:163} INFO - Started process (PID=13754) to work on /home/airflow/.local/lib/python3.7/site-packages/airflow/example_dags/example_complex.py
[2022-05-16 02:31:31,297] {processor.py:642} INFO - Processing file /home/airflow/.local/lib/python3.7/site-packages/airflow/example_dags/example_complex.py for tasks to queue
[2022-05-16 02:31:31,298] {logging_mixin.py:109} INFO - [2022-05-16 02:31:31,298] {dagbag.py:500} INFO - Filling up the DagBag from /home/airflow/.local/lib/python3.7/site-packages/airflow/example_dags/example_complex.py
[2022-05-16 02:31:31,317] {processor.py:652} INFO - DAG(s) dict_keys(['example_complex']) retrieved from /home/airflow/.local/lib/python3.7/site-packages/airflow/example_dags/example_complex.py
[2022-05-16 02:31:31,345] {logging_mixin.py:109} INFO - [2022-05-16 02:31:31,345] {dag.py:2398} INFO - Sync 1 DAGs
[2022-05-16 02:31:31,361] {logging_mixin.py:109} INFO - [2022-05-16 02:31:31,361] {dag.py:2937} INFO - Setting next_dagrun for example_complex to None
[2022-05-16 02:31:31,373] {processor.py:171} INFO - Processing /home/airflow/.local/lib/python3.7/site-packages/airflow/example_dags/example_complex.py took 0.082 seconds
[2022-05-16 02:32:01,654] {processor.py:163} INFO - Started process (PID=13805) to work on /home/airflow/.local/lib/python3.7/site-packages/airflow/example_dags/example_complex.py
[2022-05-16 02:32:01,656] {processor.py:642} INFO - Processing file /home/airflow/.local/lib/python3.7/site-packages/airflow/example_dags/example_complex.py for tasks to queue
[2022-05-16 02:32:01,658] {logging_mixin.py:109} INFO - [2022-05-16 02:32:01,657] {dagbag.py:500} INFO - Filling up the DagBag from /home/airflow/.local/lib/python3.7/site-packages/airflow/example_dags/example_complex.py
[2022-05-16 02:32:01,676] {processor.py:652} INFO - DAG(s) dict_keys(['example_complex']) retrieved from /home/airflow/.local/lib/python3.7/site-packages/airflow/example_dags/example_complex.py
[2022-05-16 02:32:01,704] {logging_mixin.py:109} INFO - [2022-05-16 02:32:01,704] {dag.py:2398} INFO - Sync 1 DAGs
[2022-05-16 02:32:01,722] {logging_mixin.py:109} INFO - [2022-05-16 02:32:01,722] {dag.py:2937} INFO - Setting next_dagrun for example_complex to None
[2022-05-16 02:32:01,734] {processor.py:171} INFO - Processing /home/airflow/.local/lib/python3.7/site-packages/airflow/example_dags/example_complex.py took 0.085 seconds
[2022-05-16 02:32:31,983] {processor.py:163} INFO - Started process (PID=13865) to work on /home/airflow/.local/lib/python3.7/site-packages/airflow/example_dags/example_complex.py
[2022-05-16 02:32:31,985] {processor.py:642} INFO - Processing file /home/airflow/.local/lib/python3.7/site-packages/airflow/example_dags/example_complex.py for tasks to queue
[2022-05-16 02:32:31,987] {logging_mixin.py:109} INFO - [2022-05-16 02:32:31,987] {dagbag.py:500} INFO - Filling up the DagBag from /home/airflow/.local/lib/python3.7/site-packages/airflow/example_dags/example_complex.py
[2022-05-16 02:32:32,005] {processor.py:652} INFO - DAG(s) dict_keys(['example_complex']) retrieved from /home/airflow/.local/lib/python3.7/site-packages/airflow/example_dags/example_complex.py
[2022-05-16 02:32:32,036] {logging_mixin.py:109} INFO - [2022-05-16 02:32:32,036] {dag.py:2398} INFO - Sync 1 DAGs
[2022-05-16 02:32:32,054] {logging_mixin.py:109} INFO - [2022-05-16 02:32:32,054] {dag.py:2937} INFO - Setting next_dagrun for example_complex to None
[2022-05-16 02:32:32,066] {processor.py:171} INFO - Processing /home/airflow/.local/lib/python3.7/site-packages/airflow/example_dags/example_complex.py took 0.087 seconds
[2022-05-16 02:33:02,343] {processor.py:163} INFO - Started process (PID=13919) to work on /home/airflow/.local/lib/python3.7/site-packages/airflow/example_dags/example_complex.py
[2022-05-16 02:33:02,357] {processor.py:642} INFO - Processing file /home/airflow/.local/lib/python3.7/site-packages/airflow/example_dags/example_complex.py for tasks to queue
[2022-05-16 02:33:02,359] {logging_mixin.py:109} INFO - [2022-05-16 02:33:02,359] {dagbag.py:500} INFO - Filling up the DagBag from /home/airflow/.local/lib/python3.7/site-packages/airflow/example_dags/example_complex.py
[2022-05-16 02:33:02,377] {processor.py:652} INFO - DAG(s) dict_keys(['example_complex']) retrieved from /home/airflow/.local/lib/python3.7/site-packages/airflow/example_dags/example_complex.py
[2022-05-16 02:33:02,421] {logging_mixin.py:109} INFO - [2022-05-16 02:33:02,421] {dag.py:2398} INFO - Sync 1 DAGs
[2022-05-16 02:33:02,437] {logging_mixin.py:109} INFO - [2022-05-16 02:33:02,437] {dag.py:2937} INFO - Setting next_dagrun for example_complex to None
[2022-05-16 02:33:02,463] {processor.py:171} INFO - Processing /home/airflow/.local/lib/python3.7/site-packages/airflow/example_dags/example_complex.py took 0.124 seconds
[2022-05-16 02:33:32,792] {processor.py:163} INFO - Started process (PID=13980) to work on /home/airflow/.local/lib/python3.7/site-packages/airflow/example_dags/example_complex.py
[2022-05-16 02:33:32,794] {processor.py:642} INFO - Processing file /home/airflow/.local/lib/python3.7/site-packages/airflow/example_dags/example_complex.py for tasks to queue
[2022-05-16 02:33:32,796] {logging_mixin.py:109} INFO - [2022-05-16 02:33:32,796] {dagbag.py:500} INFO - Filling up the DagBag from /home/airflow/.local/lib/python3.7/site-packages/airflow/example_dags/example_complex.py
[2022-05-16 02:33:32,815] {processor.py:652} INFO - DAG(s) dict_keys(['example_complex']) retrieved from /home/airflow/.local/lib/python3.7/site-packages/airflow/example_dags/example_complex.py
[2022-05-16 02:33:32,842] {logging_mixin.py:109} INFO - [2022-05-16 02:33:32,842] {dag.py:2398} INFO - Sync 1 DAGs
[2022-05-16 02:33:32,858] {logging_mixin.py:109} INFO - [2022-05-16 02:33:32,858] {dag.py:2937} INFO - Setting next_dagrun for example_complex to None
[2022-05-16 02:33:32,869] {processor.py:171} INFO - Processing /home/airflow/.local/lib/python3.7/site-packages/airflow/example_dags/example_complex.py took 0.082 seconds
[2022-05-16 02:34:03,139] {processor.py:163} INFO - Started process (PID=14040) to work on /home/airflow/.local/lib/python3.7/site-packages/airflow/example_dags/example_complex.py
[2022-05-16 02:34:03,157] {processor.py:642} INFO - Processing file /home/airflow/.local/lib/python3.7/site-packages/airflow/example_dags/example_complex.py for tasks to queue
[2022-05-16 02:34:03,181] {logging_mixin.py:109} INFO - [2022-05-16 02:34:03,181] {dagbag.py:500} INFO - Filling up the DagBag from /home/airflow/.local/lib/python3.7/site-packages/airflow/example_dags/example_complex.py
[2022-05-16 02:34:03,215] {processor.py:652} INFO - DAG(s) dict_keys(['example_complex']) retrieved from /home/airflow/.local/lib/python3.7/site-packages/airflow/example_dags/example_complex.py
[2022-05-16 02:34:03,241] {logging_mixin.py:109} INFO - [2022-05-16 02:34:03,241] {dag.py:2398} INFO - Sync 1 DAGs
[2022-05-16 02:34:03,255] {logging_mixin.py:109} INFO - [2022-05-16 02:34:03,255] {dag.py:2937} INFO - Setting next_dagrun for example_complex to None
[2022-05-16 02:34:03,265] {processor.py:171} INFO - Processing /home/airflow/.local/lib/python3.7/site-packages/airflow/example_dags/example_complex.py took 0.129 seconds
[2022-05-16 02:34:33,542] {processor.py:163} INFO - Started process (PID=14091) to work on /home/airflow/.local/lib/python3.7/site-packages/airflow/example_dags/example_complex.py
[2022-05-16 02:34:33,543] {processor.py:642} INFO - Processing file /home/airflow/.local/lib/python3.7/site-packages/airflow/example_dags/example_complex.py for tasks to queue
[2022-05-16 02:34:33,545] {logging_mixin.py:109} INFO - [2022-05-16 02:34:33,545] {dagbag.py:500} INFO - Filling up the DagBag from /home/airflow/.local/lib/python3.7/site-packages/airflow/example_dags/example_complex.py
[2022-05-16 02:34:33,559] {processor.py:652} INFO - DAG(s) dict_keys(['example_complex']) retrieved from /home/airflow/.local/lib/python3.7/site-packages/airflow/example_dags/example_complex.py
[2022-05-16 02:34:33,586] {logging_mixin.py:109} INFO - [2022-05-16 02:34:33,586] {dag.py:2398} INFO - Sync 1 DAGs
[2022-05-16 02:34:33,602] {logging_mixin.py:109} INFO - [2022-05-16 02:34:33,602] {dag.py:2937} INFO - Setting next_dagrun for example_complex to None
[2022-05-16 02:34:33,614] {processor.py:171} INFO - Processing /home/airflow/.local/lib/python3.7/site-packages/airflow/example_dags/example_complex.py took 0.076 seconds
[2022-05-16 02:35:03,759] {processor.py:163} INFO - Started process (PID=14153) to work on /home/airflow/.local/lib/python3.7/site-packages/airflow/example_dags/example_complex.py
[2022-05-16 02:35:03,761] {processor.py:642} INFO - Processing file /home/airflow/.local/lib/python3.7/site-packages/airflow/example_dags/example_complex.py for tasks to queue
[2022-05-16 02:35:03,762] {logging_mixin.py:109} INFO - [2022-05-16 02:35:03,762] {dagbag.py:500} INFO - Filling up the DagBag from /home/airflow/.local/lib/python3.7/site-packages/airflow/example_dags/example_complex.py
[2022-05-16 02:35:03,781] {processor.py:652} INFO - DAG(s) dict_keys(['example_complex']) retrieved from /home/airflow/.local/lib/python3.7/site-packages/airflow/example_dags/example_complex.py
[2022-05-16 02:35:03,808] {logging_mixin.py:109} INFO - [2022-05-16 02:35:03,808] {dag.py:2398} INFO - Sync 1 DAGs
[2022-05-16 02:35:03,825] {logging_mixin.py:109} INFO - [2022-05-16 02:35:03,825] {dag.py:2937} INFO - Setting next_dagrun for example_complex to None
[2022-05-16 02:35:03,836] {processor.py:171} INFO - Processing /home/airflow/.local/lib/python3.7/site-packages/airflow/example_dags/example_complex.py took 0.082 seconds
[2022-05-16 02:35:34,141] {processor.py:163} INFO - Started process (PID=14205) to work on /home/airflow/.local/lib/python3.7/site-packages/airflow/example_dags/example_complex.py
[2022-05-16 02:35:34,143] {processor.py:642} INFO - Processing file /home/airflow/.local/lib/python3.7/site-packages/airflow/example_dags/example_complex.py for tasks to queue
[2022-05-16 02:35:34,144] {logging_mixin.py:109} INFO - [2022-05-16 02:35:34,144] {dagbag.py:500} INFO - Filling up the DagBag from /home/airflow/.local/lib/python3.7/site-packages/airflow/example_dags/example_complex.py
[2022-05-16 02:35:34,158] {processor.py:652} INFO - DAG(s) dict_keys(['example_complex']) retrieved from /home/airflow/.local/lib/python3.7/site-packages/airflow/example_dags/example_complex.py
[2022-05-16 02:35:34,185] {logging_mixin.py:109} INFO - [2022-05-16 02:35:34,185] {dag.py:2398} INFO - Sync 1 DAGs
[2022-05-16 02:35:34,202] {logging_mixin.py:109} INFO - [2022-05-16 02:35:34,202] {dag.py:2937} INFO - Setting next_dagrun for example_complex to None
[2022-05-16 02:35:34,214] {processor.py:171} INFO - Processing /home/airflow/.local/lib/python3.7/site-packages/airflow/example_dags/example_complex.py took 0.076 seconds
[2022-05-16 02:36:04,424] {processor.py:163} INFO - Started process (PID=14266) to work on /home/airflow/.local/lib/python3.7/site-packages/airflow/example_dags/example_complex.py
[2022-05-16 02:36:04,426] {processor.py:642} INFO - Processing file /home/airflow/.local/lib/python3.7/site-packages/airflow/example_dags/example_complex.py for tasks to queue
[2022-05-16 02:36:04,427] {logging_mixin.py:109} INFO - [2022-05-16 02:36:04,427] {dagbag.py:500} INFO - Filling up the DagBag from /home/airflow/.local/lib/python3.7/site-packages/airflow/example_dags/example_complex.py
[2022-05-16 02:36:04,441] {processor.py:652} INFO - DAG(s) dict_keys(['example_complex']) retrieved from /home/airflow/.local/lib/python3.7/site-packages/airflow/example_dags/example_complex.py
[2022-05-16 02:36:04,468] {logging_mixin.py:109} INFO - [2022-05-16 02:36:04,468] {dag.py:2398} INFO - Sync 1 DAGs
[2022-05-16 02:36:04,489] {logging_mixin.py:109} INFO - [2022-05-16 02:36:04,489] {dag.py:2937} INFO - Setting next_dagrun for example_complex to None
[2022-05-16 02:36:04,501] {processor.py:171} INFO - Processing /home/airflow/.local/lib/python3.7/site-packages/airflow/example_dags/example_complex.py took 0.081 seconds
[2022-05-16 02:36:34,896] {processor.py:163} INFO - Started process (PID=14318) to work on /home/airflow/.local/lib/python3.7/site-packages/airflow/example_dags/example_complex.py
[2022-05-16 02:36:34,898] {processor.py:642} INFO - Processing file /home/airflow/.local/lib/python3.7/site-packages/airflow/example_dags/example_complex.py for tasks to queue
[2022-05-16 02:36:34,900] {logging_mixin.py:109} INFO - [2022-05-16 02:36:34,900] {dagbag.py:500} INFO - Filling up the DagBag from /home/airflow/.local/lib/python3.7/site-packages/airflow/example_dags/example_complex.py
[2022-05-16 02:36:34,918] {processor.py:652} INFO - DAG(s) dict_keys(['example_complex']) retrieved from /home/airflow/.local/lib/python3.7/site-packages/airflow/example_dags/example_complex.py
[2022-05-16 02:36:34,950] {logging_mixin.py:109} INFO - [2022-05-16 02:36:34,950] {dag.py:2398} INFO - Sync 1 DAGs
[2022-05-16 02:36:34,967] {logging_mixin.py:109} INFO - [2022-05-16 02:36:34,967] {dag.py:2937} INFO - Setting next_dagrun for example_complex to None
[2022-05-16 02:36:34,978] {processor.py:171} INFO - Processing /home/airflow/.local/lib/python3.7/site-packages/airflow/example_dags/example_complex.py took 0.085 seconds
[2022-05-16 02:37:05,285] {processor.py:163} INFO - Started process (PID=14379) to work on /home/airflow/.local/lib/python3.7/site-packages/airflow/example_dags/example_complex.py
[2022-05-16 02:37:05,288] {processor.py:642} INFO - Processing file /home/airflow/.local/lib/python3.7/site-packages/airflow/example_dags/example_complex.py for tasks to queue
[2022-05-16 02:37:05,289] {logging_mixin.py:109} INFO - [2022-05-16 02:37:05,289] {dagbag.py:500} INFO - Filling up the DagBag from /home/airflow/.local/lib/python3.7/site-packages/airflow/example_dags/example_complex.py
[2022-05-16 02:37:05,308] {processor.py:652} INFO - DAG(s) dict_keys(['example_complex']) retrieved from /home/airflow/.local/lib/python3.7/site-packages/airflow/example_dags/example_complex.py
[2022-05-16 02:37:05,336] {logging_mixin.py:109} INFO - [2022-05-16 02:37:05,335] {dag.py:2398} INFO - Sync 1 DAGs
[2022-05-16 02:37:05,352] {logging_mixin.py:109} INFO - [2022-05-16 02:37:05,351] {dag.py:2937} INFO - Setting next_dagrun for example_complex to None
[2022-05-16 02:37:05,361] {processor.py:171} INFO - Processing /home/airflow/.local/lib/python3.7/site-packages/airflow/example_dags/example_complex.py took 0.080 seconds
[2022-05-16 02:37:35,750] {processor.py:163} INFO - Started process (PID=14440) to work on /home/airflow/.local/lib/python3.7/site-packages/airflow/example_dags/example_complex.py
[2022-05-16 02:37:35,751] {processor.py:642} INFO - Processing file /home/airflow/.local/lib/python3.7/site-packages/airflow/example_dags/example_complex.py for tasks to queue
[2022-05-16 02:37:35,752] {logging_mixin.py:109} INFO - [2022-05-16 02:37:35,752] {dagbag.py:500} INFO - Filling up the DagBag from /home/airflow/.local/lib/python3.7/site-packages/airflow/example_dags/example_complex.py
[2022-05-16 02:37:35,767] {processor.py:652} INFO - DAG(s) dict_keys(['example_complex']) retrieved from /home/airflow/.local/lib/python3.7/site-packages/airflow/example_dags/example_complex.py
[2022-05-16 02:37:35,794] {logging_mixin.py:109} INFO - [2022-05-16 02:37:35,793] {dag.py:2398} INFO - Sync 1 DAGs
[2022-05-16 02:37:35,811] {logging_mixin.py:109} INFO - [2022-05-16 02:37:35,811] {dag.py:2937} INFO - Setting next_dagrun for example_complex to None
[2022-05-16 02:37:35,822] {processor.py:171} INFO - Processing /home/airflow/.local/lib/python3.7/site-packages/airflow/example_dags/example_complex.py took 0.076 seconds
[2022-05-16 02:38:06,242] {processor.py:163} INFO - Started process (PID=14493) to work on /home/airflow/.local/lib/python3.7/site-packages/airflow/example_dags/example_complex.py
[2022-05-16 02:38:06,245] {processor.py:642} INFO - Processing file /home/airflow/.local/lib/python3.7/site-packages/airflow/example_dags/example_complex.py for tasks to queue
[2022-05-16 02:38:06,247] {logging_mixin.py:109} INFO - [2022-05-16 02:38:06,247] {dagbag.py:500} INFO - Filling up the DagBag from /home/airflow/.local/lib/python3.7/site-packages/airflow/example_dags/example_complex.py
[2022-05-16 02:38:06,268] {processor.py:652} INFO - DAG(s) dict_keys(['example_complex']) retrieved from /home/airflow/.local/lib/python3.7/site-packages/airflow/example_dags/example_complex.py
[2022-05-16 02:38:06,302] {logging_mixin.py:109} INFO - [2022-05-16 02:38:06,302] {dag.py:2398} INFO - Sync 1 DAGs
[2022-05-16 02:38:06,321] {logging_mixin.py:109} INFO - [2022-05-16 02:38:06,321] {dag.py:2937} INFO - Setting next_dagrun for example_complex to None
[2022-05-16 02:38:06,333] {processor.py:171} INFO - Processing /home/airflow/.local/lib/python3.7/site-packages/airflow/example_dags/example_complex.py took 0.095 seconds
[2022-05-16 02:38:36,616] {processor.py:163} INFO - Started process (PID=14554) to work on /home/airflow/.local/lib/python3.7/site-packages/airflow/example_dags/example_complex.py
[2022-05-16 02:38:36,618] {processor.py:642} INFO - Processing file /home/airflow/.local/lib/python3.7/site-packages/airflow/example_dags/example_complex.py for tasks to queue
[2022-05-16 02:38:36,619] {logging_mixin.py:109} INFO - [2022-05-16 02:38:36,619] {dagbag.py:500} INFO - Filling up the DagBag from /home/airflow/.local/lib/python3.7/site-packages/airflow/example_dags/example_complex.py
[2022-05-16 02:38:36,638] {processor.py:652} INFO - DAG(s) dict_keys(['example_complex']) retrieved from /home/airflow/.local/lib/python3.7/site-packages/airflow/example_dags/example_complex.py
[2022-05-16 02:38:36,669] {logging_mixin.py:109} INFO - [2022-05-16 02:38:36,669] {dag.py:2398} INFO - Sync 1 DAGs
[2022-05-16 02:38:36,687] {logging_mixin.py:109} INFO - [2022-05-16 02:38:36,687] {dag.py:2937} INFO - Setting next_dagrun for example_complex to None
[2022-05-16 02:38:36,699] {processor.py:171} INFO - Processing /home/airflow/.local/lib/python3.7/site-packages/airflow/example_dags/example_complex.py took 0.087 seconds
[2022-05-16 02:39:07,359] {processor.py:163} INFO - Started process (PID=14605) to work on /home/airflow/.local/lib/python3.7/site-packages/airflow/example_dags/example_complex.py
[2022-05-16 02:39:07,362] {processor.py:642} INFO - Processing file /home/airflow/.local/lib/python3.7/site-packages/airflow/example_dags/example_complex.py for tasks to queue
[2022-05-16 02:39:07,365] {logging_mixin.py:109} INFO - [2022-05-16 02:39:07,365] {dagbag.py:500} INFO - Filling up the DagBag from /home/airflow/.local/lib/python3.7/site-packages/airflow/example_dags/example_complex.py
[2022-05-16 02:39:07,405] {processor.py:652} INFO - DAG(s) dict_keys(['example_complex']) retrieved from /home/airflow/.local/lib/python3.7/site-packages/airflow/example_dags/example_complex.py
[2022-05-16 02:39:07,464] {logging_mixin.py:109} INFO - [2022-05-16 02:39:07,464] {dag.py:2398} INFO - Sync 1 DAGs
[2022-05-16 02:39:07,498] {logging_mixin.py:109} INFO - [2022-05-16 02:39:07,497] {dag.py:2937} INFO - Setting next_dagrun for example_complex to None
[2022-05-16 02:39:07,515] {processor.py:171} INFO - Processing /home/airflow/.local/lib/python3.7/site-packages/airflow/example_dags/example_complex.py took 0.162 seconds
[2022-05-16 02:39:37,686] {processor.py:163} INFO - Started process (PID=14666) to work on /home/airflow/.local/lib/python3.7/site-packages/airflow/example_dags/example_complex.py
[2022-05-16 02:39:37,687] {processor.py:642} INFO - Processing file /home/airflow/.local/lib/python3.7/site-packages/airflow/example_dags/example_complex.py for tasks to queue
[2022-05-16 02:39:37,689] {logging_mixin.py:109} INFO - [2022-05-16 02:39:37,688] {dagbag.py:500} INFO - Filling up the DagBag from /home/airflow/.local/lib/python3.7/site-packages/airflow/example_dags/example_complex.py
[2022-05-16 02:39:37,704] {processor.py:652} INFO - DAG(s) dict_keys(['example_complex']) retrieved from /home/airflow/.local/lib/python3.7/site-packages/airflow/example_dags/example_complex.py
[2022-05-16 02:39:37,730] {logging_mixin.py:109} INFO - [2022-05-16 02:39:37,730] {dag.py:2398} INFO - Sync 1 DAGs
[2022-05-16 02:39:37,746] {logging_mixin.py:109} INFO - [2022-05-16 02:39:37,746] {dag.py:2937} INFO - Setting next_dagrun for example_complex to None
[2022-05-16 02:39:37,756] {processor.py:171} INFO - Processing /home/airflow/.local/lib/python3.7/site-packages/airflow/example_dags/example_complex.py took 0.075 seconds
[2022-05-16 02:40:08,037] {processor.py:163} INFO - Started process (PID=14717) to work on /home/airflow/.local/lib/python3.7/site-packages/airflow/example_dags/example_complex.py
[2022-05-16 02:40:08,039] {processor.py:642} INFO - Processing file /home/airflow/.local/lib/python3.7/site-packages/airflow/example_dags/example_complex.py for tasks to queue
[2022-05-16 02:40:08,040] {logging_mixin.py:109} INFO - [2022-05-16 02:40:08,040] {dagbag.py:500} INFO - Filling up the DagBag from /home/airflow/.local/lib/python3.7/site-packages/airflow/example_dags/example_complex.py
[2022-05-16 02:40:08,056] {processor.py:652} INFO - DAG(s) dict_keys(['example_complex']) retrieved from /home/airflow/.local/lib/python3.7/site-packages/airflow/example_dags/example_complex.py
[2022-05-16 02:40:08,085] {logging_mixin.py:109} INFO - [2022-05-16 02:40:08,085] {dag.py:2398} INFO - Sync 1 DAGs
[2022-05-16 02:40:08,102] {logging_mixin.py:109} INFO - [2022-05-16 02:40:08,101] {dag.py:2937} INFO - Setting next_dagrun for example_complex to None
[2022-05-16 02:40:08,118] {processor.py:171} INFO - Processing /home/airflow/.local/lib/python3.7/site-packages/airflow/example_dags/example_complex.py took 0.085 seconds
[2022-05-16 02:40:38,323] {processor.py:163} INFO - Started process (PID=14778) to work on /home/airflow/.local/lib/python3.7/site-packages/airflow/example_dags/example_complex.py
[2022-05-16 02:40:38,325] {processor.py:642} INFO - Processing file /home/airflow/.local/lib/python3.7/site-packages/airflow/example_dags/example_complex.py for tasks to queue
[2022-05-16 02:40:38,326] {logging_mixin.py:109} INFO - [2022-05-16 02:40:38,326] {dagbag.py:500} INFO - Filling up the DagBag from /home/airflow/.local/lib/python3.7/site-packages/airflow/example_dags/example_complex.py
[2022-05-16 02:40:38,344] {processor.py:652} INFO - DAG(s) dict_keys(['example_complex']) retrieved from /home/airflow/.local/lib/python3.7/site-packages/airflow/example_dags/example_complex.py
[2022-05-16 02:40:38,373] {logging_mixin.py:109} INFO - [2022-05-16 02:40:38,373] {dag.py:2398} INFO - Sync 1 DAGs
[2022-05-16 02:40:38,388] {logging_mixin.py:109} INFO - [2022-05-16 02:40:38,388] {dag.py:2937} INFO - Setting next_dagrun for example_complex to None
[2022-05-16 02:40:38,399] {processor.py:171} INFO - Processing /home/airflow/.local/lib/python3.7/site-packages/airflow/example_dags/example_complex.py took 0.080 seconds
[2022-05-16 02:41:08,732] {processor.py:163} INFO - Started process (PID=14840) to work on /home/airflow/.local/lib/python3.7/site-packages/airflow/example_dags/example_complex.py
[2022-05-16 02:41:08,761] {processor.py:642} INFO - Processing file /home/airflow/.local/lib/python3.7/site-packages/airflow/example_dags/example_complex.py for tasks to queue
[2022-05-16 02:41:08,762] {logging_mixin.py:109} INFO - [2022-05-16 02:41:08,762] {dagbag.py:500} INFO - Filling up the DagBag from /home/airflow/.local/lib/python3.7/site-packages/airflow/example_dags/example_complex.py
[2022-05-16 02:41:08,777] {processor.py:652} INFO - DAG(s) dict_keys(['example_complex']) retrieved from /home/airflow/.local/lib/python3.7/site-packages/airflow/example_dags/example_complex.py
[2022-05-16 02:41:08,805] {logging_mixin.py:109} INFO - [2022-05-16 02:41:08,805] {dag.py:2398} INFO - Sync 1 DAGs
[2022-05-16 02:41:08,821] {logging_mixin.py:109} INFO - [2022-05-16 02:41:08,821] {dag.py:2937} INFO - Setting next_dagrun for example_complex to None
[2022-05-16 02:41:08,832] {processor.py:171} INFO - Processing /home/airflow/.local/lib/python3.7/site-packages/airflow/example_dags/example_complex.py took 0.103 seconds
[2022-05-16 02:41:39,116] {processor.py:163} INFO - Started process (PID=14891) to work on /home/airflow/.local/lib/python3.7/site-packages/airflow/example_dags/example_complex.py
[2022-05-16 02:41:39,118] {processor.py:642} INFO - Processing file /home/airflow/.local/lib/python3.7/site-packages/airflow/example_dags/example_complex.py for tasks to queue
[2022-05-16 02:41:39,119] {logging_mixin.py:109} INFO - [2022-05-16 02:41:39,119] {dagbag.py:500} INFO - Filling up the DagBag from /home/airflow/.local/lib/python3.7/site-packages/airflow/example_dags/example_complex.py
[2022-05-16 02:41:39,139] {processor.py:652} INFO - DAG(s) dict_keys(['example_complex']) retrieved from /home/airflow/.local/lib/python3.7/site-packages/airflow/example_dags/example_complex.py
[2022-05-16 02:41:39,172] {logging_mixin.py:109} INFO - [2022-05-16 02:41:39,172] {dag.py:2398} INFO - Sync 1 DAGs
[2022-05-16 02:41:39,195] {logging_mixin.py:109} INFO - [2022-05-16 02:41:39,195] {dag.py:2937} INFO - Setting next_dagrun for example_complex to None
[2022-05-16 02:41:39,209] {processor.py:171} INFO - Processing /home/airflow/.local/lib/python3.7/site-packages/airflow/example_dags/example_complex.py took 0.098 seconds
[2022-05-16 02:42:09,483] {processor.py:163} INFO - Started process (PID=14952) to work on /home/airflow/.local/lib/python3.7/site-packages/airflow/example_dags/example_complex.py
[2022-05-16 02:42:09,485] {processor.py:642} INFO - Processing file /home/airflow/.local/lib/python3.7/site-packages/airflow/example_dags/example_complex.py for tasks to queue
[2022-05-16 02:42:09,487] {logging_mixin.py:109} INFO - [2022-05-16 02:42:09,487] {dagbag.py:500} INFO - Filling up the DagBag from /home/airflow/.local/lib/python3.7/site-packages/airflow/example_dags/example_complex.py
[2022-05-16 02:42:09,506] {processor.py:652} INFO - DAG(s) dict_keys(['example_complex']) retrieved from /home/airflow/.local/lib/python3.7/site-packages/airflow/example_dags/example_complex.py
[2022-05-16 02:42:09,534] {logging_mixin.py:109} INFO - [2022-05-16 02:42:09,534] {dag.py:2398} INFO - Sync 1 DAGs
[2022-05-16 02:42:09,550] {logging_mixin.py:109} INFO - [2022-05-16 02:42:09,550] {dag.py:2937} INFO - Setting next_dagrun for example_complex to None
[2022-05-16 02:42:09,561] {processor.py:171} INFO - Processing /home/airflow/.local/lib/python3.7/site-packages/airflow/example_dags/example_complex.py took 0.082 seconds
[2022-05-16 02:42:40,079] {processor.py:163} INFO - Started process (PID=15004) to work on /home/airflow/.local/lib/python3.7/site-packages/airflow/example_dags/example_complex.py
[2022-05-16 02:42:40,082] {processor.py:642} INFO - Processing file /home/airflow/.local/lib/python3.7/site-packages/airflow/example_dags/example_complex.py for tasks to queue
[2022-05-16 02:42:40,084] {logging_mixin.py:109} INFO - [2022-05-16 02:42:40,083] {dagbag.py:500} INFO - Filling up the DagBag from /home/airflow/.local/lib/python3.7/site-packages/airflow/example_dags/example_complex.py
[2022-05-16 02:42:40,128] {processor.py:652} INFO - DAG(s) dict_keys(['example_complex']) retrieved from /home/airflow/.local/lib/python3.7/site-packages/airflow/example_dags/example_complex.py
[2022-05-16 02:42:40,194] {logging_mixin.py:109} INFO - [2022-05-16 02:42:40,194] {dag.py:2398} INFO - Sync 1 DAGs
[2022-05-16 02:42:40,234] {logging_mixin.py:109} INFO - [2022-05-16 02:42:40,234] {dag.py:2937} INFO - Setting next_dagrun for example_complex to None
[2022-05-16 02:42:40,270] {processor.py:171} INFO - Processing /home/airflow/.local/lib/python3.7/site-packages/airflow/example_dags/example_complex.py took 0.197 seconds
[2022-05-16 02:51:00,166] {processor.py:163} INFO - Started process (PID=15047) to work on /home/airflow/.local/lib/python3.7/site-packages/airflow/example_dags/example_complex.py
[2022-05-16 02:51:00,171] {processor.py:642} INFO - Processing file /home/airflow/.local/lib/python3.7/site-packages/airflow/example_dags/example_complex.py for tasks to queue
[2022-05-16 02:51:00,174] {logging_mixin.py:109} INFO - [2022-05-16 02:51:00,174] {dagbag.py:500} INFO - Filling up the DagBag from /home/airflow/.local/lib/python3.7/site-packages/airflow/example_dags/example_complex.py
[2022-05-16 02:51:00,219] {processor.py:652} INFO - DAG(s) dict_keys(['example_complex']) retrieved from /home/airflow/.local/lib/python3.7/site-packages/airflow/example_dags/example_complex.py
[2022-05-16 02:51:00,282] {logging_mixin.py:109} INFO - [2022-05-16 02:51:00,281] {dag.py:2398} INFO - Sync 1 DAGs
[2022-05-16 02:51:00,319] {logging_mixin.py:109} INFO - [2022-05-16 02:51:00,318] {dag.py:2937} INFO - Setting next_dagrun for example_complex to None
[2022-05-16 02:51:00,347] {processor.py:171} INFO - Processing /home/airflow/.local/lib/python3.7/site-packages/airflow/example_dags/example_complex.py took 0.195 seconds
[2022-05-16 02:51:30,815] {processor.py:163} INFO - Started process (PID=15101) to work on /home/airflow/.local/lib/python3.7/site-packages/airflow/example_dags/example_complex.py
[2022-05-16 02:51:30,818] {processor.py:642} INFO - Processing file /home/airflow/.local/lib/python3.7/site-packages/airflow/example_dags/example_complex.py for tasks to queue
[2022-05-16 02:51:30,819] {logging_mixin.py:109} INFO - [2022-05-16 02:51:30,819] {dagbag.py:500} INFO - Filling up the DagBag from /home/airflow/.local/lib/python3.7/site-packages/airflow/example_dags/example_complex.py
[2022-05-16 02:51:30,844] {processor.py:652} INFO - DAG(s) dict_keys(['example_complex']) retrieved from /home/airflow/.local/lib/python3.7/site-packages/airflow/example_dags/example_complex.py
[2022-05-16 02:51:30,892] {logging_mixin.py:109} INFO - [2022-05-16 02:51:30,892] {dag.py:2398} INFO - Sync 1 DAGs
[2022-05-16 02:51:30,926] {logging_mixin.py:109} INFO - [2022-05-16 02:51:30,926] {dag.py:2937} INFO - Setting next_dagrun for example_complex to None
[2022-05-16 02:51:30,969] {processor.py:171} INFO - Processing /home/airflow/.local/lib/python3.7/site-packages/airflow/example_dags/example_complex.py took 0.159 seconds
[2022-05-16 02:52:01,486] {processor.py:163} INFO - Started process (PID=15161) to work on /home/airflow/.local/lib/python3.7/site-packages/airflow/example_dags/example_complex.py
[2022-05-16 02:52:01,489] {processor.py:642} INFO - Processing file /home/airflow/.local/lib/python3.7/site-packages/airflow/example_dags/example_complex.py for tasks to queue
[2022-05-16 02:52:01,490] {logging_mixin.py:109} INFO - [2022-05-16 02:52:01,490] {dagbag.py:500} INFO - Filling up the DagBag from /home/airflow/.local/lib/python3.7/site-packages/airflow/example_dags/example_complex.py
[2022-05-16 02:52:01,507] {processor.py:652} INFO - DAG(s) dict_keys(['example_complex']) retrieved from /home/airflow/.local/lib/python3.7/site-packages/airflow/example_dags/example_complex.py
[2022-05-16 02:52:01,539] {logging_mixin.py:109} INFO - [2022-05-16 02:52:01,539] {dag.py:2398} INFO - Sync 1 DAGs
[2022-05-16 02:52:01,560] {logging_mixin.py:109} INFO - [2022-05-16 02:52:01,560] {dag.py:2937} INFO - Setting next_dagrun for example_complex to None
[2022-05-16 02:52:01,572] {processor.py:171} INFO - Processing /home/airflow/.local/lib/python3.7/site-packages/airflow/example_dags/example_complex.py took 0.090 seconds
[2022-05-16 02:52:32,070] {processor.py:163} INFO - Started process (PID=15213) to work on /home/airflow/.local/lib/python3.7/site-packages/airflow/example_dags/example_complex.py
[2022-05-16 02:52:32,072] {processor.py:642} INFO - Processing file /home/airflow/.local/lib/python3.7/site-packages/airflow/example_dags/example_complex.py for tasks to queue
[2022-05-16 02:52:32,074] {logging_mixin.py:109} INFO - [2022-05-16 02:52:32,074] {dagbag.py:500} INFO - Filling up the DagBag from /home/airflow/.local/lib/python3.7/site-packages/airflow/example_dags/example_complex.py
[2022-05-16 02:52:32,092] {processor.py:652} INFO - DAG(s) dict_keys(['example_complex']) retrieved from /home/airflow/.local/lib/python3.7/site-packages/airflow/example_dags/example_complex.py
[2022-05-16 02:52:32,122] {logging_mixin.py:109} INFO - [2022-05-16 02:52:32,122] {dag.py:2398} INFO - Sync 1 DAGs
[2022-05-16 02:52:32,143] {logging_mixin.py:109} INFO - [2022-05-16 02:52:32,143] {dag.py:2937} INFO - Setting next_dagrun for example_complex to None
[2022-05-16 02:52:32,155] {processor.py:171} INFO - Processing /home/airflow/.local/lib/python3.7/site-packages/airflow/example_dags/example_complex.py took 0.090 seconds
[2022-05-16 02:53:02,735] {processor.py:163} INFO - Started process (PID=15274) to work on /home/airflow/.local/lib/python3.7/site-packages/airflow/example_dags/example_complex.py
[2022-05-16 02:53:02,737] {processor.py:642} INFO - Processing file /home/airflow/.local/lib/python3.7/site-packages/airflow/example_dags/example_complex.py for tasks to queue
[2022-05-16 02:53:02,739] {logging_mixin.py:109} INFO - [2022-05-16 02:53:02,739] {dagbag.py:500} INFO - Filling up the DagBag from /home/airflow/.local/lib/python3.7/site-packages/airflow/example_dags/example_complex.py
[2022-05-16 02:53:02,756] {processor.py:652} INFO - DAG(s) dict_keys(['example_complex']) retrieved from /home/airflow/.local/lib/python3.7/site-packages/airflow/example_dags/example_complex.py
[2022-05-16 02:53:02,784] {logging_mixin.py:109} INFO - [2022-05-16 02:53:02,784] {dag.py:2398} INFO - Sync 1 DAGs
[2022-05-16 02:53:02,806] {logging_mixin.py:109} INFO - [2022-05-16 02:53:02,805] {dag.py:2937} INFO - Setting next_dagrun for example_complex to None
[2022-05-16 02:53:02,820] {processor.py:171} INFO - Processing /home/airflow/.local/lib/python3.7/site-packages/airflow/example_dags/example_complex.py took 0.090 seconds
[2022-05-16 02:53:33,179] {processor.py:163} INFO - Started process (PID=15327) to work on /home/airflow/.local/lib/python3.7/site-packages/airflow/example_dags/example_complex.py
[2022-05-16 02:53:33,181] {processor.py:642} INFO - Processing file /home/airflow/.local/lib/python3.7/site-packages/airflow/example_dags/example_complex.py for tasks to queue
[2022-05-16 02:53:33,182] {logging_mixin.py:109} INFO - [2022-05-16 02:53:33,182] {dagbag.py:500} INFO - Filling up the DagBag from /home/airflow/.local/lib/python3.7/site-packages/airflow/example_dags/example_complex.py
[2022-05-16 02:53:33,199] {processor.py:652} INFO - DAG(s) dict_keys(['example_complex']) retrieved from /home/airflow/.local/lib/python3.7/site-packages/airflow/example_dags/example_complex.py
[2022-05-16 02:53:33,227] {logging_mixin.py:109} INFO - [2022-05-16 02:53:33,227] {dag.py:2398} INFO - Sync 1 DAGs
[2022-05-16 02:53:33,244] {logging_mixin.py:109} INFO - [2022-05-16 02:53:33,244] {dag.py:2937} INFO - Setting next_dagrun for example_complex to None
[2022-05-16 02:53:33,256] {processor.py:171} INFO - Processing /home/airflow/.local/lib/python3.7/site-packages/airflow/example_dags/example_complex.py took 0.081 seconds
