[2022-05-16 00:07:08,106] {processor.py:163} INFO - Started process (PID=11317) to work on /home/airflow/.local/lib/python3.7/site-packages/airflow/example_dags/example_latest_only.py
[2022-05-16 00:07:08,120] {processor.py:642} INFO - Processing file /home/airflow/.local/lib/python3.7/site-packages/airflow/example_dags/example_latest_only.py for tasks to queue
[2022-05-16 00:07:08,144] {logging_mixin.py:109} INFO - [2022-05-16 00:07:08,144] {dagbag.py:500} INFO - Filling up the DagBag from /home/airflow/.local/lib/python3.7/site-packages/airflow/example_dags/example_latest_only.py
[2022-05-16 00:07:08,321] {processor.py:652} INFO - DAG(s) dict_keys(['latest_only']) retrieved from /home/airflow/.local/lib/python3.7/site-packages/airflow/example_dags/example_latest_only.py
[2022-05-16 00:07:08,500] {logging_mixin.py:109} INFO - [2022-05-16 00:07:08,500] {dag.py:2398} INFO - Sync 1 DAGs
[2022-05-16 00:07:08,676] {logging_mixin.py:109} INFO - [2022-05-16 00:07:08,676] {dag.py:2937} INFO - Setting next_dagrun for latest_only to 2022-05-15T20:07:08.675155+00:00
[2022-05-16 00:07:08,792] {processor.py:171} INFO - Processing /home/airflow/.local/lib/python3.7/site-packages/airflow/example_dags/example_latest_only.py took 0.726 seconds
[2022-05-16 00:07:39,531] {processor.py:163} INFO - Started process (PID=11370) to work on /home/airflow/.local/lib/python3.7/site-packages/airflow/example_dags/example_latest_only.py
[2022-05-16 00:07:39,555] {processor.py:642} INFO - Processing file /home/airflow/.local/lib/python3.7/site-packages/airflow/example_dags/example_latest_only.py for tasks to queue
[2022-05-16 00:07:39,569] {logging_mixin.py:109} INFO - [2022-05-16 00:07:39,567] {dagbag.py:500} INFO - Filling up the DagBag from /home/airflow/.local/lib/python3.7/site-packages/airflow/example_dags/example_latest_only.py
[2022-05-16 00:07:39,677] {processor.py:652} INFO - DAG(s) dict_keys(['latest_only']) retrieved from /home/airflow/.local/lib/python3.7/site-packages/airflow/example_dags/example_latest_only.py
[2022-05-16 00:07:39,871] {logging_mixin.py:109} INFO - [2022-05-16 00:07:39,871] {dag.py:2398} INFO - Sync 1 DAGs
[2022-05-16 00:07:40,026] {logging_mixin.py:109} INFO - [2022-05-16 00:07:40,026] {dag.py:2937} INFO - Setting next_dagrun for latest_only to 2022-05-15T20:07:40.024796+00:00
[2022-05-16 00:07:40,094] {processor.py:171} INFO - Processing /home/airflow/.local/lib/python3.7/site-packages/airflow/example_dags/example_latest_only.py took 0.611 seconds
[2022-05-16 00:08:10,364] {processor.py:163} INFO - Started process (PID=11413) to work on /home/airflow/.local/lib/python3.7/site-packages/airflow/example_dags/example_latest_only.py
[2022-05-16 00:08:10,378] {processor.py:642} INFO - Processing file /home/airflow/.local/lib/python3.7/site-packages/airflow/example_dags/example_latest_only.py for tasks to queue
[2022-05-16 00:08:10,400] {logging_mixin.py:109} INFO - [2022-05-16 00:08:10,399] {dagbag.py:500} INFO - Filling up the DagBag from /home/airflow/.local/lib/python3.7/site-packages/airflow/example_dags/example_latest_only.py
[2022-05-16 00:08:10,494] {processor.py:652} INFO - DAG(s) dict_keys(['latest_only']) retrieved from /home/airflow/.local/lib/python3.7/site-packages/airflow/example_dags/example_latest_only.py
[2022-05-16 00:08:10,676] {logging_mixin.py:109} INFO - [2022-05-16 00:08:10,676] {dag.py:2398} INFO - Sync 1 DAGs
[2022-05-16 00:08:10,780] {logging_mixin.py:109} INFO - [2022-05-16 00:08:10,780] {dag.py:2937} INFO - Setting next_dagrun for latest_only to 2022-05-15T20:08:10.778974+00:00
[2022-05-16 00:08:10,846] {processor.py:171} INFO - Processing /home/airflow/.local/lib/python3.7/site-packages/airflow/example_dags/example_latest_only.py took 0.525 seconds
[2022-05-16 00:08:42,048] {processor.py:163} INFO - Started process (PID=11466) to work on /home/airflow/.local/lib/python3.7/site-packages/airflow/example_dags/example_latest_only.py
[2022-05-16 00:08:42,060] {processor.py:642} INFO - Processing file /home/airflow/.local/lib/python3.7/site-packages/airflow/example_dags/example_latest_only.py for tasks to queue
[2022-05-16 00:08:42,092] {logging_mixin.py:109} INFO - [2022-05-16 00:08:42,091] {dagbag.py:500} INFO - Filling up the DagBag from /home/airflow/.local/lib/python3.7/site-packages/airflow/example_dags/example_latest_only.py
[2022-05-16 00:08:42,215] {processor.py:652} INFO - DAG(s) dict_keys(['latest_only']) retrieved from /home/airflow/.local/lib/python3.7/site-packages/airflow/example_dags/example_latest_only.py
[2022-05-16 00:08:42,354] {logging_mixin.py:109} INFO - [2022-05-16 00:08:42,354] {dag.py:2398} INFO - Sync 1 DAGs
[2022-05-16 00:08:42,462] {logging_mixin.py:109} INFO - [2022-05-16 00:08:42,462] {dag.py:2937} INFO - Setting next_dagrun for latest_only to 2022-05-15T20:08:42.461086+00:00
[2022-05-16 00:08:42,523] {processor.py:171} INFO - Processing /home/airflow/.local/lib/python3.7/site-packages/airflow/example_dags/example_latest_only.py took 0.505 seconds
[2022-05-16 00:39:13,481] {processor.py:163} INFO - Started process (PID=11542) to work on /home/airflow/.local/lib/python3.7/site-packages/airflow/example_dags/example_latest_only.py
[2022-05-16 00:39:13,486] {processor.py:642} INFO - Processing file /home/airflow/.local/lib/python3.7/site-packages/airflow/example_dags/example_latest_only.py for tasks to queue
[2022-05-16 00:39:13,488] {logging_mixin.py:109} INFO - [2022-05-16 00:39:13,488] {dagbag.py:500} INFO - Filling up the DagBag from /home/airflow/.local/lib/python3.7/site-packages/airflow/example_dags/example_latest_only.py
[2022-05-16 00:39:13,532] {processor.py:652} INFO - DAG(s) dict_keys(['latest_only']) retrieved from /home/airflow/.local/lib/python3.7/site-packages/airflow/example_dags/example_latest_only.py
[2022-05-16 00:39:13,584] {logging_mixin.py:109} INFO - [2022-05-16 00:39:13,584] {dag.py:2398} INFO - Sync 1 DAGs
[2022-05-16 00:39:13,632] {logging_mixin.py:109} INFO - [2022-05-16 00:39:13,632] {dag.py:2937} INFO - Setting next_dagrun for latest_only to 2022-05-15T20:39:13.631868+00:00
[2022-05-16 00:39:13,652] {processor.py:171} INFO - Processing /home/airflow/.local/lib/python3.7/site-packages/airflow/example_dags/example_latest_only.py took 0.179 seconds
[2022-05-16 00:39:50,513] {processor.py:163} INFO - Started process (PID=11595) to work on /home/airflow/.local/lib/python3.7/site-packages/airflow/example_dags/example_latest_only.py
[2022-05-16 00:39:50,526] {processor.py:642} INFO - Processing file /home/airflow/.local/lib/python3.7/site-packages/airflow/example_dags/example_latest_only.py for tasks to queue
[2022-05-16 00:39:50,531] {logging_mixin.py:109} INFO - [2022-05-16 00:39:50,531] {dagbag.py:500} INFO - Filling up the DagBag from /home/airflow/.local/lib/python3.7/site-packages/airflow/example_dags/example_latest_only.py
[2022-05-16 00:39:50,635] {processor.py:652} INFO - DAG(s) dict_keys(['latest_only']) retrieved from /home/airflow/.local/lib/python3.7/site-packages/airflow/example_dags/example_latest_only.py
[2022-05-16 00:39:50,795] {logging_mixin.py:109} INFO - [2022-05-16 00:39:50,794] {dag.py:2398} INFO - Sync 1 DAGs
[2022-05-16 00:39:50,916] {logging_mixin.py:109} INFO - [2022-05-16 00:39:50,915] {dag.py:2937} INFO - Setting next_dagrun for latest_only to 2022-05-15T20:39:50.910627+00:00
[2022-05-16 00:39:50,975] {processor.py:171} INFO - Processing /home/airflow/.local/lib/python3.7/site-packages/airflow/example_dags/example_latest_only.py took 0.481 seconds
[2022-05-16 00:40:25,502] {processor.py:163} INFO - Started process (PID=11637) to work on /home/airflow/.local/lib/python3.7/site-packages/airflow/example_dags/example_latest_only.py
[2022-05-16 00:40:25,515] {processor.py:642} INFO - Processing file /home/airflow/.local/lib/python3.7/site-packages/airflow/example_dags/example_latest_only.py for tasks to queue
[2022-05-16 00:40:25,525] {logging_mixin.py:109} INFO - [2022-05-16 00:40:25,524] {dagbag.py:500} INFO - Filling up the DagBag from /home/airflow/.local/lib/python3.7/site-packages/airflow/example_dags/example_latest_only.py
[2022-05-16 00:40:25,644] {processor.py:652} INFO - DAG(s) dict_keys(['latest_only']) retrieved from /home/airflow/.local/lib/python3.7/site-packages/airflow/example_dags/example_latest_only.py
[2022-05-16 00:40:25,823] {logging_mixin.py:109} INFO - [2022-05-16 00:40:25,822] {dag.py:2398} INFO - Sync 1 DAGs
[2022-05-16 00:40:25,966] {logging_mixin.py:109} INFO - [2022-05-16 00:40:25,965] {dag.py:2937} INFO - Setting next_dagrun for latest_only to 2022-05-15T20:40:25.963422+00:00
[2022-05-16 00:40:26,032] {processor.py:171} INFO - Processing /home/airflow/.local/lib/python3.7/site-packages/airflow/example_dags/example_latest_only.py took 0.554 seconds
[2022-05-16 00:40:58,831] {processor.py:163} INFO - Started process (PID=11690) to work on /home/airflow/.local/lib/python3.7/site-packages/airflow/example_dags/example_latest_only.py
[2022-05-16 00:40:58,846] {processor.py:642} INFO - Processing file /home/airflow/.local/lib/python3.7/site-packages/airflow/example_dags/example_latest_only.py for tasks to queue
[2022-05-16 00:40:58,859] {logging_mixin.py:109} INFO - [2022-05-16 00:40:58,858] {dagbag.py:500} INFO - Filling up the DagBag from /home/airflow/.local/lib/python3.7/site-packages/airflow/example_dags/example_latest_only.py
[2022-05-16 00:40:59,007] {processor.py:652} INFO - DAG(s) dict_keys(['latest_only']) retrieved from /home/airflow/.local/lib/python3.7/site-packages/airflow/example_dags/example_latest_only.py
[2022-05-16 00:40:59,298] {logging_mixin.py:109} INFO - [2022-05-16 00:40:59,297] {dag.py:2398} INFO - Sync 1 DAGs
[2022-05-16 00:40:59,443] {logging_mixin.py:109} INFO - [2022-05-16 00:40:59,443] {dag.py:2937} INFO - Setting next_dagrun for latest_only to 2022-05-15T20:40:59.442044+00:00
[2022-05-16 00:40:59,545] {processor.py:171} INFO - Processing /home/airflow/.local/lib/python3.7/site-packages/airflow/example_dags/example_latest_only.py took 0.742 seconds
[2022-05-16 00:41:30,300] {processor.py:163} INFO - Started process (PID=11742) to work on /home/airflow/.local/lib/python3.7/site-packages/airflow/example_dags/example_latest_only.py
[2022-05-16 00:41:30,310] {processor.py:642} INFO - Processing file /home/airflow/.local/lib/python3.7/site-packages/airflow/example_dags/example_latest_only.py for tasks to queue
[2022-05-16 00:41:30,319] {logging_mixin.py:109} INFO - [2022-05-16 00:41:30,318] {dagbag.py:500} INFO - Filling up the DagBag from /home/airflow/.local/lib/python3.7/site-packages/airflow/example_dags/example_latest_only.py
[2022-05-16 00:41:30,431] {processor.py:652} INFO - DAG(s) dict_keys(['latest_only']) retrieved from /home/airflow/.local/lib/python3.7/site-packages/airflow/example_dags/example_latest_only.py
[2022-05-16 00:41:30,583] {logging_mixin.py:109} INFO - [2022-05-16 00:41:30,582] {dag.py:2398} INFO - Sync 1 DAGs
[2022-05-16 00:41:30,691] {logging_mixin.py:109} INFO - [2022-05-16 00:41:30,690] {dag.py:2937} INFO - Setting next_dagrun for latest_only to 2022-05-15T20:41:30.689513+00:00
[2022-05-16 00:41:30,761] {processor.py:171} INFO - Processing /home/airflow/.local/lib/python3.7/site-packages/airflow/example_dags/example_latest_only.py took 0.483 seconds
[2022-05-16 00:42:01,844] {processor.py:163} INFO - Started process (PID=11785) to work on /home/airflow/.local/lib/python3.7/site-packages/airflow/example_dags/example_latest_only.py
[2022-05-16 00:42:01,853] {processor.py:642} INFO - Processing file /home/airflow/.local/lib/python3.7/site-packages/airflow/example_dags/example_latest_only.py for tasks to queue
[2022-05-16 00:42:01,858] {logging_mixin.py:109} INFO - [2022-05-16 00:42:01,858] {dagbag.py:500} INFO - Filling up the DagBag from /home/airflow/.local/lib/python3.7/site-packages/airflow/example_dags/example_latest_only.py
[2022-05-16 00:42:01,955] {processor.py:652} INFO - DAG(s) dict_keys(['latest_only']) retrieved from /home/airflow/.local/lib/python3.7/site-packages/airflow/example_dags/example_latest_only.py
[2022-05-16 00:42:02,102] {logging_mixin.py:109} INFO - [2022-05-16 00:42:02,101] {dag.py:2398} INFO - Sync 1 DAGs
[2022-05-16 00:42:02,231] {logging_mixin.py:109} INFO - [2022-05-16 00:42:02,231] {dag.py:2937} INFO - Setting next_dagrun for latest_only to 2022-05-15T20:42:02.229450+00:00
[2022-05-16 00:42:02,316] {processor.py:171} INFO - Processing /home/airflow/.local/lib/python3.7/site-packages/airflow/example_dags/example_latest_only.py took 0.496 seconds
[2022-05-16 00:42:33,002] {processor.py:163} INFO - Started process (PID=11835) to work on /home/airflow/.local/lib/python3.7/site-packages/airflow/example_dags/example_latest_only.py
[2022-05-16 00:42:33,011] {processor.py:642} INFO - Processing file /home/airflow/.local/lib/python3.7/site-packages/airflow/example_dags/example_latest_only.py for tasks to queue
[2022-05-16 00:42:33,018] {logging_mixin.py:109} INFO - [2022-05-16 00:42:33,016] {dagbag.py:500} INFO - Filling up the DagBag from /home/airflow/.local/lib/python3.7/site-packages/airflow/example_dags/example_latest_only.py
[2022-05-16 00:42:33,114] {processor.py:652} INFO - DAG(s) dict_keys(['latest_only']) retrieved from /home/airflow/.local/lib/python3.7/site-packages/airflow/example_dags/example_latest_only.py
[2022-05-16 00:42:33,237] {logging_mixin.py:109} INFO - [2022-05-16 00:42:33,236] {dag.py:2398} INFO - Sync 1 DAGs
[2022-05-16 00:42:33,328] {logging_mixin.py:109} INFO - [2022-05-16 00:42:33,328] {dag.py:2937} INFO - Setting next_dagrun for latest_only to 2022-05-15T20:42:33.325129+00:00
[2022-05-16 00:42:33,385] {processor.py:171} INFO - Processing /home/airflow/.local/lib/python3.7/site-packages/airflow/example_dags/example_latest_only.py took 0.406 seconds
[2022-05-16 00:43:05,255] {processor.py:163} INFO - Started process (PID=11877) to work on /home/airflow/.local/lib/python3.7/site-packages/airflow/example_dags/example_latest_only.py
[2022-05-16 00:43:05,266] {processor.py:642} INFO - Processing file /home/airflow/.local/lib/python3.7/site-packages/airflow/example_dags/example_latest_only.py for tasks to queue
[2022-05-16 00:43:05,274] {logging_mixin.py:109} INFO - [2022-05-16 00:43:05,273] {dagbag.py:500} INFO - Filling up the DagBag from /home/airflow/.local/lib/python3.7/site-packages/airflow/example_dags/example_latest_only.py
[2022-05-16 00:43:05,363] {processor.py:652} INFO - DAG(s) dict_keys(['latest_only']) retrieved from /home/airflow/.local/lib/python3.7/site-packages/airflow/example_dags/example_latest_only.py
[2022-05-16 00:43:05,509] {logging_mixin.py:109} INFO - [2022-05-16 00:43:05,508] {dag.py:2398} INFO - Sync 1 DAGs
[2022-05-16 00:43:05,639] {logging_mixin.py:109} INFO - [2022-05-16 00:43:05,638] {dag.py:2937} INFO - Setting next_dagrun for latest_only to 2022-05-15T20:43:05.633649+00:00
[2022-05-16 00:43:05,693] {processor.py:171} INFO - Processing /home/airflow/.local/lib/python3.7/site-packages/airflow/example_dags/example_latest_only.py took 0.465 seconds
[2022-05-16 00:43:36,970] {processor.py:163} INFO - Started process (PID=11929) to work on /home/airflow/.local/lib/python3.7/site-packages/airflow/example_dags/example_latest_only.py
[2022-05-16 00:43:36,993] {processor.py:642} INFO - Processing file /home/airflow/.local/lib/python3.7/site-packages/airflow/example_dags/example_latest_only.py for tasks to queue
[2022-05-16 00:43:37,000] {logging_mixin.py:109} INFO - [2022-05-16 00:43:37,000] {dagbag.py:500} INFO - Filling up the DagBag from /home/airflow/.local/lib/python3.7/site-packages/airflow/example_dags/example_latest_only.py
[2022-05-16 00:43:37,113] {processor.py:652} INFO - DAG(s) dict_keys(['latest_only']) retrieved from /home/airflow/.local/lib/python3.7/site-packages/airflow/example_dags/example_latest_only.py
[2022-05-16 00:43:37,256] {logging_mixin.py:109} INFO - [2022-05-16 00:43:37,254] {dag.py:2398} INFO - Sync 1 DAGs
[2022-05-16 00:43:37,359] {logging_mixin.py:109} INFO - [2022-05-16 00:43:37,358] {dag.py:2937} INFO - Setting next_dagrun for latest_only to 2022-05-15T20:43:37.357348+00:00
[2022-05-16 00:43:37,414] {processor.py:171} INFO - Processing /home/airflow/.local/lib/python3.7/site-packages/airflow/example_dags/example_latest_only.py took 0.469 seconds
[2022-05-16 01:14:28,714] {processor.py:163} INFO - Started process (PID=12015) to work on /home/airflow/.local/lib/python3.7/site-packages/airflow/example_dags/example_latest_only.py
[2022-05-16 01:14:28,735] {processor.py:642} INFO - Processing file /home/airflow/.local/lib/python3.7/site-packages/airflow/example_dags/example_latest_only.py for tasks to queue
[2022-05-16 01:14:28,753] {logging_mixin.py:109} INFO - [2022-05-16 01:14:28,752] {dagbag.py:500} INFO - Filling up the DagBag from /home/airflow/.local/lib/python3.7/site-packages/airflow/example_dags/example_latest_only.py
[2022-05-16 01:14:28,835] {processor.py:652} INFO - DAG(s) dict_keys(['latest_only']) retrieved from /home/airflow/.local/lib/python3.7/site-packages/airflow/example_dags/example_latest_only.py
[2022-05-16 01:14:29,053] {logging_mixin.py:109} INFO - [2022-05-16 01:14:29,053] {dag.py:2398} INFO - Sync 1 DAGs
[2022-05-16 01:14:29,259] {logging_mixin.py:109} INFO - [2022-05-16 01:14:29,259] {dag.py:2937} INFO - Setting next_dagrun for latest_only to 2022-05-15T21:14:29.257541+00:00
[2022-05-16 01:14:29,347] {processor.py:171} INFO - Processing /home/airflow/.local/lib/python3.7/site-packages/airflow/example_dags/example_latest_only.py took 0.672 seconds
[2022-05-16 01:15:04,169] {processor.py:163} INFO - Started process (PID=12067) to work on /home/airflow/.local/lib/python3.7/site-packages/airflow/example_dags/example_latest_only.py
[2022-05-16 01:15:04,213] {processor.py:642} INFO - Processing file /home/airflow/.local/lib/python3.7/site-packages/airflow/example_dags/example_latest_only.py for tasks to queue
[2022-05-16 01:15:04,234] {logging_mixin.py:109} INFO - [2022-05-16 01:15:04,233] {dagbag.py:500} INFO - Filling up the DagBag from /home/airflow/.local/lib/python3.7/site-packages/airflow/example_dags/example_latest_only.py
[2022-05-16 01:15:04,309] {processor.py:652} INFO - DAG(s) dict_keys(['latest_only']) retrieved from /home/airflow/.local/lib/python3.7/site-packages/airflow/example_dags/example_latest_only.py
[2022-05-16 01:15:04,557] {logging_mixin.py:109} INFO - [2022-05-16 01:15:04,557] {dag.py:2398} INFO - Sync 1 DAGs
[2022-05-16 01:15:04,757] {logging_mixin.py:109} INFO - [2022-05-16 01:15:04,751] {dag.py:2937} INFO - Setting next_dagrun for latest_only to 2022-05-15T21:15:04.750460+00:00
[2022-05-16 01:15:04,859] {processor.py:171} INFO - Processing /home/airflow/.local/lib/python3.7/site-packages/airflow/example_dags/example_latest_only.py took 0.743 seconds
[2022-05-16 01:15:35,894] {processor.py:163} INFO - Started process (PID=12113) to work on /home/airflow/.local/lib/python3.7/site-packages/airflow/example_dags/example_latest_only.py
[2022-05-16 01:15:35,903] {processor.py:642} INFO - Processing file /home/airflow/.local/lib/python3.7/site-packages/airflow/example_dags/example_latest_only.py for tasks to queue
[2022-05-16 01:15:35,917] {logging_mixin.py:109} INFO - [2022-05-16 01:15:35,913] {dagbag.py:500} INFO - Filling up the DagBag from /home/airflow/.local/lib/python3.7/site-packages/airflow/example_dags/example_latest_only.py
[2022-05-16 01:15:35,969] {processor.py:652} INFO - DAG(s) dict_keys(['latest_only']) retrieved from /home/airflow/.local/lib/python3.7/site-packages/airflow/example_dags/example_latest_only.py
[2022-05-16 01:15:36,145] {logging_mixin.py:109} INFO - [2022-05-16 01:15:36,144] {dag.py:2398} INFO - Sync 1 DAGs
[2022-05-16 01:15:36,243] {logging_mixin.py:109} INFO - [2022-05-16 01:15:36,243] {dag.py:2937} INFO - Setting next_dagrun for latest_only to 2022-05-15T21:15:36.242037+00:00
[2022-05-16 01:15:36,318] {processor.py:171} INFO - Processing /home/airflow/.local/lib/python3.7/site-packages/airflow/example_dags/example_latest_only.py took 0.441 seconds
[2022-05-16 01:16:07,302] {processor.py:163} INFO - Started process (PID=12166) to work on /home/airflow/.local/lib/python3.7/site-packages/airflow/example_dags/example_latest_only.py
[2022-05-16 01:16:07,320] {processor.py:642} INFO - Processing file /home/airflow/.local/lib/python3.7/site-packages/airflow/example_dags/example_latest_only.py for tasks to queue
[2022-05-16 01:16:07,335] {logging_mixin.py:109} INFO - [2022-05-16 01:16:07,335] {dagbag.py:500} INFO - Filling up the DagBag from /home/airflow/.local/lib/python3.7/site-packages/airflow/example_dags/example_latest_only.py
[2022-05-16 01:16:07,409] {processor.py:652} INFO - DAG(s) dict_keys(['latest_only']) retrieved from /home/airflow/.local/lib/python3.7/site-packages/airflow/example_dags/example_latest_only.py
[2022-05-16 01:16:07,526] {logging_mixin.py:109} INFO - [2022-05-16 01:16:07,525] {dag.py:2398} INFO - Sync 1 DAGs
[2022-05-16 01:16:07,609] {logging_mixin.py:109} INFO - [2022-05-16 01:16:07,608] {dag.py:2937} INFO - Setting next_dagrun for latest_only to 2022-05-15T21:16:07.607074+00:00
[2022-05-16 01:16:07,657] {processor.py:171} INFO - Processing /home/airflow/.local/lib/python3.7/site-packages/airflow/example_dags/example_latest_only.py took 0.387 seconds
[2022-05-16 01:16:37,817] {processor.py:163} INFO - Started process (PID=12208) to work on /home/airflow/.local/lib/python3.7/site-packages/airflow/example_dags/example_latest_only.py
[2022-05-16 01:16:37,826] {processor.py:642} INFO - Processing file /home/airflow/.local/lib/python3.7/site-packages/airflow/example_dags/example_latest_only.py for tasks to queue
[2022-05-16 01:16:37,833] {logging_mixin.py:109} INFO - [2022-05-16 01:16:37,831] {dagbag.py:500} INFO - Filling up the DagBag from /home/airflow/.local/lib/python3.7/site-packages/airflow/example_dags/example_latest_only.py
[2022-05-16 01:16:37,880] {processor.py:652} INFO - DAG(s) dict_keys(['latest_only']) retrieved from /home/airflow/.local/lib/python3.7/site-packages/airflow/example_dags/example_latest_only.py
[2022-05-16 01:16:38,042] {logging_mixin.py:109} INFO - [2022-05-16 01:16:38,042] {dag.py:2398} INFO - Sync 1 DAGs
[2022-05-16 01:16:38,123] {logging_mixin.py:109} INFO - [2022-05-16 01:16:38,123] {dag.py:2937} INFO - Setting next_dagrun for latest_only to 2022-05-15T21:16:38.121764+00:00
[2022-05-16 01:16:38,172] {processor.py:171} INFO - Processing /home/airflow/.local/lib/python3.7/site-packages/airflow/example_dags/example_latest_only.py took 0.374 seconds
[2022-05-16 01:17:08,371] {processor.py:163} INFO - Started process (PID=12261) to work on /home/airflow/.local/lib/python3.7/site-packages/airflow/example_dags/example_latest_only.py
[2022-05-16 01:17:08,380] {processor.py:642} INFO - Processing file /home/airflow/.local/lib/python3.7/site-packages/airflow/example_dags/example_latest_only.py for tasks to queue
[2022-05-16 01:17:08,385] {logging_mixin.py:109} INFO - [2022-05-16 01:17:08,385] {dagbag.py:500} INFO - Filling up the DagBag from /home/airflow/.local/lib/python3.7/site-packages/airflow/example_dags/example_latest_only.py
[2022-05-16 01:17:08,417] {processor.py:652} INFO - DAG(s) dict_keys(['latest_only']) retrieved from /home/airflow/.local/lib/python3.7/site-packages/airflow/example_dags/example_latest_only.py
[2022-05-16 01:17:08,554] {logging_mixin.py:109} INFO - [2022-05-16 01:17:08,552] {dag.py:2398} INFO - Sync 1 DAGs
[2022-05-16 01:17:08,638] {logging_mixin.py:109} INFO - [2022-05-16 01:17:08,638] {dag.py:2937} INFO - Setting next_dagrun for latest_only to 2022-05-15T21:17:08.637406+00:00
[2022-05-16 01:17:08,693] {processor.py:171} INFO - Processing /home/airflow/.local/lib/python3.7/site-packages/airflow/example_dags/example_latest_only.py took 0.346 seconds
[2022-05-16 01:17:38,888] {processor.py:163} INFO - Started process (PID=12304) to work on /home/airflow/.local/lib/python3.7/site-packages/airflow/example_dags/example_latest_only.py
[2022-05-16 01:17:38,903] {processor.py:642} INFO - Processing file /home/airflow/.local/lib/python3.7/site-packages/airflow/example_dags/example_latest_only.py for tasks to queue
[2022-05-16 01:17:38,909] {logging_mixin.py:109} INFO - [2022-05-16 01:17:38,908] {dagbag.py:500} INFO - Filling up the DagBag from /home/airflow/.local/lib/python3.7/site-packages/airflow/example_dags/example_latest_only.py
[2022-05-16 01:17:38,958] {processor.py:652} INFO - DAG(s) dict_keys(['latest_only']) retrieved from /home/airflow/.local/lib/python3.7/site-packages/airflow/example_dags/example_latest_only.py
[2022-05-16 01:17:39,083] {logging_mixin.py:109} INFO - [2022-05-16 01:17:39,083] {dag.py:2398} INFO - Sync 1 DAGs
[2022-05-16 01:17:39,163] {logging_mixin.py:109} INFO - [2022-05-16 01:17:39,163] {dag.py:2937} INFO - Setting next_dagrun for latest_only to 2022-05-15T21:17:39.162280+00:00
[2022-05-16 01:17:39,231] {processor.py:171} INFO - Processing /home/airflow/.local/lib/python3.7/site-packages/airflow/example_dags/example_latest_only.py took 0.363 seconds
[2022-05-16 01:18:09,867] {processor.py:163} INFO - Started process (PID=12356) to work on /home/airflow/.local/lib/python3.7/site-packages/airflow/example_dags/example_latest_only.py
[2022-05-16 01:18:09,886] {processor.py:642} INFO - Processing file /home/airflow/.local/lib/python3.7/site-packages/airflow/example_dags/example_latest_only.py for tasks to queue
[2022-05-16 01:18:09,892] {logging_mixin.py:109} INFO - [2022-05-16 01:18:09,891] {dagbag.py:500} INFO - Filling up the DagBag from /home/airflow/.local/lib/python3.7/site-packages/airflow/example_dags/example_latest_only.py
[2022-05-16 01:18:09,930] {processor.py:652} INFO - DAG(s) dict_keys(['latest_only']) retrieved from /home/airflow/.local/lib/python3.7/site-packages/airflow/example_dags/example_latest_only.py
[2022-05-16 01:18:10,031] {logging_mixin.py:109} INFO - [2022-05-16 01:18:10,031] {dag.py:2398} INFO - Sync 1 DAGs
[2022-05-16 01:18:10,118] {logging_mixin.py:109} INFO - [2022-05-16 01:18:10,117] {dag.py:2937} INFO - Setting next_dagrun for latest_only to 2022-05-15T21:18:10.115980+00:00
[2022-05-16 01:18:10,168] {processor.py:171} INFO - Processing /home/airflow/.local/lib/python3.7/site-packages/airflow/example_dags/example_latest_only.py took 0.325 seconds
[2022-05-16 01:18:40,557] {processor.py:163} INFO - Started process (PID=12409) to work on /home/airflow/.local/lib/python3.7/site-packages/airflow/example_dags/example_latest_only.py
[2022-05-16 01:18:40,568] {processor.py:642} INFO - Processing file /home/airflow/.local/lib/python3.7/site-packages/airflow/example_dags/example_latest_only.py for tasks to queue
[2022-05-16 01:18:40,576] {logging_mixin.py:109} INFO - [2022-05-16 01:18:40,575] {dagbag.py:500} INFO - Filling up the DagBag from /home/airflow/.local/lib/python3.7/site-packages/airflow/example_dags/example_latest_only.py
[2022-05-16 01:18:40,628] {processor.py:652} INFO - DAG(s) dict_keys(['latest_only']) retrieved from /home/airflow/.local/lib/python3.7/site-packages/airflow/example_dags/example_latest_only.py
[2022-05-16 01:18:40,738] {logging_mixin.py:109} INFO - [2022-05-16 01:18:40,737] {dag.py:2398} INFO - Sync 1 DAGs
[2022-05-16 01:18:40,821] {logging_mixin.py:109} INFO - [2022-05-16 01:18:40,820] {dag.py:2937} INFO - Setting next_dagrun for latest_only to 2022-05-15T21:18:40.818477+00:00
[2022-05-16 01:18:40,880] {processor.py:171} INFO - Processing /home/airflow/.local/lib/python3.7/site-packages/airflow/example_dags/example_latest_only.py took 0.339 seconds
[2022-05-16 01:19:11,685] {processor.py:163} INFO - Started process (PID=12451) to work on /home/airflow/.local/lib/python3.7/site-packages/airflow/example_dags/example_latest_only.py
[2022-05-16 01:19:11,694] {processor.py:642} INFO - Processing file /home/airflow/.local/lib/python3.7/site-packages/airflow/example_dags/example_latest_only.py for tasks to queue
[2022-05-16 01:19:11,701] {logging_mixin.py:109} INFO - [2022-05-16 01:19:11,700] {dagbag.py:500} INFO - Filling up the DagBag from /home/airflow/.local/lib/python3.7/site-packages/airflow/example_dags/example_latest_only.py
[2022-05-16 01:19:11,731] {processor.py:652} INFO - DAG(s) dict_keys(['latest_only']) retrieved from /home/airflow/.local/lib/python3.7/site-packages/airflow/example_dags/example_latest_only.py
[2022-05-16 01:19:11,840] {logging_mixin.py:109} INFO - [2022-05-16 01:19:11,840] {dag.py:2398} INFO - Sync 1 DAGs
[2022-05-16 01:19:11,927] {logging_mixin.py:109} INFO - [2022-05-16 01:19:11,926] {dag.py:2937} INFO - Setting next_dagrun for latest_only to 2022-05-15T21:19:11.925466+00:00
[2022-05-16 01:19:11,970] {processor.py:171} INFO - Processing /home/airflow/.local/lib/python3.7/site-packages/airflow/example_dags/example_latest_only.py took 0.304 seconds
[2022-05-16 01:19:43,390] {processor.py:163} INFO - Started process (PID=12504) to work on /home/airflow/.local/lib/python3.7/site-packages/airflow/example_dags/example_latest_only.py
[2022-05-16 01:19:43,398] {processor.py:642} INFO - Processing file /home/airflow/.local/lib/python3.7/site-packages/airflow/example_dags/example_latest_only.py for tasks to queue
[2022-05-16 01:19:43,405] {logging_mixin.py:109} INFO - [2022-05-16 01:19:43,404] {dagbag.py:500} INFO - Filling up the DagBag from /home/airflow/.local/lib/python3.7/site-packages/airflow/example_dags/example_latest_only.py
[2022-05-16 01:19:43,445] {processor.py:652} INFO - DAG(s) dict_keys(['latest_only']) retrieved from /home/airflow/.local/lib/python3.7/site-packages/airflow/example_dags/example_latest_only.py
[2022-05-16 01:19:43,561] {logging_mixin.py:109} INFO - [2022-05-16 01:19:43,561] {dag.py:2398} INFO - Sync 1 DAGs
[2022-05-16 01:19:43,654] {logging_mixin.py:109} INFO - [2022-05-16 01:19:43,653] {dag.py:2937} INFO - Setting next_dagrun for latest_only to 2022-05-15T21:19:43.652332+00:00
[2022-05-16 01:19:43,698] {processor.py:171} INFO - Processing /home/airflow/.local/lib/python3.7/site-packages/airflow/example_dags/example_latest_only.py took 0.328 seconds
[2022-05-16 01:20:13,985] {processor.py:163} INFO - Started process (PID=12547) to work on /home/airflow/.local/lib/python3.7/site-packages/airflow/example_dags/example_latest_only.py
[2022-05-16 01:20:13,989] {processor.py:642} INFO - Processing file /home/airflow/.local/lib/python3.7/site-packages/airflow/example_dags/example_latest_only.py for tasks to queue
[2022-05-16 01:20:13,992] {logging_mixin.py:109} INFO - [2022-05-16 01:20:13,991] {dagbag.py:500} INFO - Filling up the DagBag from /home/airflow/.local/lib/python3.7/site-packages/airflow/example_dags/example_latest_only.py
[2022-05-16 01:20:14,005] {processor.py:652} INFO - DAG(s) dict_keys(['latest_only']) retrieved from /home/airflow/.local/lib/python3.7/site-packages/airflow/example_dags/example_latest_only.py
[2022-05-16 01:20:14,085] {logging_mixin.py:109} INFO - [2022-05-16 01:20:14,084] {dag.py:2398} INFO - Sync 1 DAGs
[2022-05-16 01:20:14,130] {logging_mixin.py:109} INFO - [2022-05-16 01:20:14,130] {dag.py:2937} INFO - Setting next_dagrun for latest_only to 2022-05-15T21:20:14.129310+00:00
[2022-05-16 01:20:14,148] {processor.py:171} INFO - Processing /home/airflow/.local/lib/python3.7/site-packages/airflow/example_dags/example_latest_only.py took 0.169 seconds
[2022-05-16 01:50:46,620] {processor.py:163} INFO - Started process (PID=12612) to work on /home/airflow/.local/lib/python3.7/site-packages/airflow/example_dags/example_latest_only.py
[2022-05-16 01:50:46,639] {processor.py:642} INFO - Processing file /home/airflow/.local/lib/python3.7/site-packages/airflow/example_dags/example_latest_only.py for tasks to queue
[2022-05-16 01:50:46,664] {logging_mixin.py:109} INFO - [2022-05-16 01:50:46,663] {dagbag.py:500} INFO - Filling up the DagBag from /home/airflow/.local/lib/python3.7/site-packages/airflow/example_dags/example_latest_only.py
[2022-05-16 01:50:46,793] {processor.py:652} INFO - DAG(s) dict_keys(['latest_only']) retrieved from /home/airflow/.local/lib/python3.7/site-packages/airflow/example_dags/example_latest_only.py
[2022-05-16 01:50:47,037] {logging_mixin.py:109} INFO - [2022-05-16 01:50:47,036] {dag.py:2398} INFO - Sync 1 DAGs
[2022-05-16 01:50:47,240] {logging_mixin.py:109} INFO - [2022-05-16 01:50:47,231] {dag.py:2937} INFO - Setting next_dagrun for latest_only to 2022-05-15T21:50:47.229634+00:00
[2022-05-16 01:50:47,338] {processor.py:171} INFO - Processing /home/airflow/.local/lib/python3.7/site-packages/airflow/example_dags/example_latest_only.py took 0.757 seconds
[2022-05-16 01:51:20,976] {processor.py:163} INFO - Started process (PID=12657) to work on /home/airflow/.local/lib/python3.7/site-packages/airflow/example_dags/example_latest_only.py
[2022-05-16 01:51:20,986] {processor.py:642} INFO - Processing file /home/airflow/.local/lib/python3.7/site-packages/airflow/example_dags/example_latest_only.py for tasks to queue
[2022-05-16 01:51:20,994] {logging_mixin.py:109} INFO - [2022-05-16 01:51:20,993] {dagbag.py:500} INFO - Filling up the DagBag from /home/airflow/.local/lib/python3.7/site-packages/airflow/example_dags/example_latest_only.py
[2022-05-16 01:51:21,036] {processor.py:652} INFO - DAG(s) dict_keys(['latest_only']) retrieved from /home/airflow/.local/lib/python3.7/site-packages/airflow/example_dags/example_latest_only.py
[2022-05-16 01:51:21,185] {logging_mixin.py:109} INFO - [2022-05-16 01:51:21,185] {dag.py:2398} INFO - Sync 1 DAGs
[2022-05-16 01:51:21,305] {logging_mixin.py:109} INFO - [2022-05-16 01:51:21,304] {dag.py:2937} INFO - Setting next_dagrun for latest_only to 2022-05-15T21:51:21.302310+00:00
[2022-05-16 01:51:21,371] {processor.py:171} INFO - Processing /home/airflow/.local/lib/python3.7/site-packages/airflow/example_dags/example_latest_only.py took 0.425 seconds
[2022-05-16 01:51:52,582] {processor.py:163} INFO - Started process (PID=12708) to work on /home/airflow/.local/lib/python3.7/site-packages/airflow/example_dags/example_latest_only.py
[2022-05-16 01:51:52,592] {processor.py:642} INFO - Processing file /home/airflow/.local/lib/python3.7/site-packages/airflow/example_dags/example_latest_only.py for tasks to queue
[2022-05-16 01:51:52,597] {logging_mixin.py:109} INFO - [2022-05-16 01:51:52,597] {dagbag.py:500} INFO - Filling up the DagBag from /home/airflow/.local/lib/python3.7/site-packages/airflow/example_dags/example_latest_only.py
[2022-05-16 01:51:52,658] {processor.py:652} INFO - DAG(s) dict_keys(['latest_only']) retrieved from /home/airflow/.local/lib/python3.7/site-packages/airflow/example_dags/example_latest_only.py
[2022-05-16 01:51:52,795] {logging_mixin.py:109} INFO - [2022-05-16 01:51:52,795] {dag.py:2398} INFO - Sync 1 DAGs
[2022-05-16 01:51:52,897] {logging_mixin.py:109} INFO - [2022-05-16 01:51:52,896] {dag.py:2937} INFO - Setting next_dagrun for latest_only to 2022-05-15T21:51:52.895529+00:00
[2022-05-16 01:51:52,954] {processor.py:171} INFO - Processing /home/airflow/.local/lib/python3.7/site-packages/airflow/example_dags/example_latest_only.py took 0.392 seconds
[2022-05-16 01:52:24,291] {processor.py:163} INFO - Started process (PID=12752) to work on /home/airflow/.local/lib/python3.7/site-packages/airflow/example_dags/example_latest_only.py
[2022-05-16 01:52:24,300] {processor.py:642} INFO - Processing file /home/airflow/.local/lib/python3.7/site-packages/airflow/example_dags/example_latest_only.py for tasks to queue
[2022-05-16 01:52:24,308] {logging_mixin.py:109} INFO - [2022-05-16 01:52:24,306] {dagbag.py:500} INFO - Filling up the DagBag from /home/airflow/.local/lib/python3.7/site-packages/airflow/example_dags/example_latest_only.py
[2022-05-16 01:52:24,351] {processor.py:652} INFO - DAG(s) dict_keys(['latest_only']) retrieved from /home/airflow/.local/lib/python3.7/site-packages/airflow/example_dags/example_latest_only.py
[2022-05-16 01:52:24,464] {logging_mixin.py:109} INFO - [2022-05-16 01:52:24,464] {dag.py:2398} INFO - Sync 1 DAGs
[2022-05-16 01:52:24,546] {logging_mixin.py:109} INFO - [2022-05-16 01:52:24,546] {dag.py:2937} INFO - Setting next_dagrun for latest_only to 2022-05-15T21:52:24.545098+00:00
[2022-05-16 01:52:24,599] {processor.py:171} INFO - Processing /home/airflow/.local/lib/python3.7/site-packages/airflow/example_dags/example_latest_only.py took 0.324 seconds
[2022-05-16 01:52:55,290] {processor.py:163} INFO - Started process (PID=12804) to work on /home/airflow/.local/lib/python3.7/site-packages/airflow/example_dags/example_latest_only.py
[2022-05-16 01:52:55,300] {processor.py:642} INFO - Processing file /home/airflow/.local/lib/python3.7/site-packages/airflow/example_dags/example_latest_only.py for tasks to queue
[2022-05-16 01:52:55,305] {logging_mixin.py:109} INFO - [2022-05-16 01:52:55,305] {dagbag.py:500} INFO - Filling up the DagBag from /home/airflow/.local/lib/python3.7/site-packages/airflow/example_dags/example_latest_only.py
[2022-05-16 01:52:55,337] {processor.py:652} INFO - DAG(s) dict_keys(['latest_only']) retrieved from /home/airflow/.local/lib/python3.7/site-packages/airflow/example_dags/example_latest_only.py
[2022-05-16 01:52:55,464] {logging_mixin.py:109} INFO - [2022-05-16 01:52:55,463] {dag.py:2398} INFO - Sync 1 DAGs
[2022-05-16 01:52:55,544] {logging_mixin.py:109} INFO - [2022-05-16 01:52:55,544] {dag.py:2937} INFO - Setting next_dagrun for latest_only to 2022-05-15T21:52:55.542571+00:00
[2022-05-16 01:52:55,591] {processor.py:171} INFO - Processing /home/airflow/.local/lib/python3.7/site-packages/airflow/example_dags/example_latest_only.py took 0.317 seconds
[2022-05-16 01:53:26,073] {processor.py:163} INFO - Started process (PID=12855) to work on /home/airflow/.local/lib/python3.7/site-packages/airflow/example_dags/example_latest_only.py
[2022-05-16 01:53:26,082] {processor.py:642} INFO - Processing file /home/airflow/.local/lib/python3.7/site-packages/airflow/example_dags/example_latest_only.py for tasks to queue
[2022-05-16 01:53:26,089] {logging_mixin.py:109} INFO - [2022-05-16 01:53:26,088] {dagbag.py:500} INFO - Filling up the DagBag from /home/airflow/.local/lib/python3.7/site-packages/airflow/example_dags/example_latest_only.py
[2022-05-16 01:53:26,130] {processor.py:652} INFO - DAG(s) dict_keys(['latest_only']) retrieved from /home/airflow/.local/lib/python3.7/site-packages/airflow/example_dags/example_latest_only.py
[2022-05-16 01:53:26,279] {logging_mixin.py:109} INFO - [2022-05-16 01:53:26,279] {dag.py:2398} INFO - Sync 1 DAGs
[2022-05-16 01:53:26,372] {logging_mixin.py:109} INFO - [2022-05-16 01:53:26,371] {dag.py:2937} INFO - Setting next_dagrun for latest_only to 2022-05-15T21:53:26.370284+00:00
[2022-05-16 01:53:26,424] {processor.py:171} INFO - Processing /home/airflow/.local/lib/python3.7/site-packages/airflow/example_dags/example_latest_only.py took 0.375 seconds
[2022-05-16 01:53:56,977] {processor.py:163} INFO - Started process (PID=12897) to work on /home/airflow/.local/lib/python3.7/site-packages/airflow/example_dags/example_latest_only.py
[2022-05-16 01:53:56,986] {processor.py:642} INFO - Processing file /home/airflow/.local/lib/python3.7/site-packages/airflow/example_dags/example_latest_only.py for tasks to queue
[2022-05-16 01:53:56,992] {logging_mixin.py:109} INFO - [2022-05-16 01:53:56,992] {dagbag.py:500} INFO - Filling up the DagBag from /home/airflow/.local/lib/python3.7/site-packages/airflow/example_dags/example_latest_only.py
[2022-05-16 01:53:57,032] {processor.py:652} INFO - DAG(s) dict_keys(['latest_only']) retrieved from /home/airflow/.local/lib/python3.7/site-packages/airflow/example_dags/example_latest_only.py
[2022-05-16 01:53:57,174] {logging_mixin.py:109} INFO - [2022-05-16 01:53:57,174] {dag.py:2398} INFO - Sync 1 DAGs
[2022-05-16 01:53:57,281] {logging_mixin.py:109} INFO - [2022-05-16 01:53:57,280] {dag.py:2937} INFO - Setting next_dagrun for latest_only to 2022-05-15T21:53:57.278290+00:00
[2022-05-16 01:53:57,342] {processor.py:171} INFO - Processing /home/airflow/.local/lib/python3.7/site-packages/airflow/example_dags/example_latest_only.py took 0.388 seconds
[2022-05-16 01:54:28,194] {processor.py:163} INFO - Started process (PID=12949) to work on /home/airflow/.local/lib/python3.7/site-packages/airflow/example_dags/example_latest_only.py
[2022-05-16 01:54:28,207] {processor.py:642} INFO - Processing file /home/airflow/.local/lib/python3.7/site-packages/airflow/example_dags/example_latest_only.py for tasks to queue
[2022-05-16 01:54:28,217] {logging_mixin.py:109} INFO - [2022-05-16 01:54:28,216] {dagbag.py:500} INFO - Filling up the DagBag from /home/airflow/.local/lib/python3.7/site-packages/airflow/example_dags/example_latest_only.py
[2022-05-16 01:54:28,252] {processor.py:652} INFO - DAG(s) dict_keys(['latest_only']) retrieved from /home/airflow/.local/lib/python3.7/site-packages/airflow/example_dags/example_latest_only.py
[2022-05-16 01:54:28,396] {logging_mixin.py:109} INFO - [2022-05-16 01:54:28,395] {dag.py:2398} INFO - Sync 1 DAGs
[2022-05-16 01:54:28,504] {logging_mixin.py:109} INFO - [2022-05-16 01:54:28,503] {dag.py:2937} INFO - Setting next_dagrun for latest_only to 2022-05-15T21:54:28.502429+00:00
[2022-05-16 01:54:28,562] {processor.py:171} INFO - Processing /home/airflow/.local/lib/python3.7/site-packages/airflow/example_dags/example_latest_only.py took 0.394 seconds
[2022-05-16 01:54:59,290] {processor.py:163} INFO - Started process (PID=12992) to work on /home/airflow/.local/lib/python3.7/site-packages/airflow/example_dags/example_latest_only.py
[2022-05-16 01:54:59,301] {processor.py:642} INFO - Processing file /home/airflow/.local/lib/python3.7/site-packages/airflow/example_dags/example_latest_only.py for tasks to queue
[2022-05-16 01:54:59,306] {logging_mixin.py:109} INFO - [2022-05-16 01:54:59,306] {dagbag.py:500} INFO - Filling up the DagBag from /home/airflow/.local/lib/python3.7/site-packages/airflow/example_dags/example_latest_only.py
[2022-05-16 01:54:59,348] {processor.py:652} INFO - DAG(s) dict_keys(['latest_only']) retrieved from /home/airflow/.local/lib/python3.7/site-packages/airflow/example_dags/example_latest_only.py
[2022-05-16 01:54:59,480] {logging_mixin.py:109} INFO - [2022-05-16 01:54:59,479] {dag.py:2398} INFO - Sync 1 DAGs
[2022-05-16 01:54:59,562] {logging_mixin.py:109} INFO - [2022-05-16 01:54:59,562] {dag.py:2937} INFO - Setting next_dagrun for latest_only to 2022-05-15T21:54:59.560595+00:00
[2022-05-16 01:54:59,615] {processor.py:171} INFO - Processing /home/airflow/.local/lib/python3.7/site-packages/airflow/example_dags/example_latest_only.py took 0.349 seconds
[2022-05-16 01:55:30,055] {processor.py:163} INFO - Started process (PID=13045) to work on /home/airflow/.local/lib/python3.7/site-packages/airflow/example_dags/example_latest_only.py
[2022-05-16 01:55:30,079] {processor.py:642} INFO - Processing file /home/airflow/.local/lib/python3.7/site-packages/airflow/example_dags/example_latest_only.py for tasks to queue
[2022-05-16 01:55:30,085] {logging_mixin.py:109} INFO - [2022-05-16 01:55:30,084] {dagbag.py:500} INFO - Filling up the DagBag from /home/airflow/.local/lib/python3.7/site-packages/airflow/example_dags/example_latest_only.py
[2022-05-16 01:55:30,115] {processor.py:652} INFO - DAG(s) dict_keys(['latest_only']) retrieved from /home/airflow/.local/lib/python3.7/site-packages/airflow/example_dags/example_latest_only.py
[2022-05-16 01:55:30,226] {logging_mixin.py:109} INFO - [2022-05-16 01:55:30,226] {dag.py:2398} INFO - Sync 1 DAGs
[2022-05-16 01:55:30,319] {logging_mixin.py:109} INFO - [2022-05-16 01:55:30,318] {dag.py:2937} INFO - Setting next_dagrun for latest_only to 2022-05-15T21:55:30.317580+00:00
[2022-05-16 01:55:30,366] {processor.py:171} INFO - Processing /home/airflow/.local/lib/python3.7/site-packages/airflow/example_dags/example_latest_only.py took 0.330 seconds
[2022-05-16 01:56:01,145] {processor.py:163} INFO - Started process (PID=13088) to work on /home/airflow/.local/lib/python3.7/site-packages/airflow/example_dags/example_latest_only.py
[2022-05-16 01:56:01,162] {processor.py:642} INFO - Processing file /home/airflow/.local/lib/python3.7/site-packages/airflow/example_dags/example_latest_only.py for tasks to queue
[2022-05-16 01:56:01,183] {logging_mixin.py:109} INFO - [2022-05-16 01:56:01,181] {dagbag.py:500} INFO - Filling up the DagBag from /home/airflow/.local/lib/python3.7/site-packages/airflow/example_dags/example_latest_only.py
[2022-05-16 01:56:01,222] {processor.py:652} INFO - DAG(s) dict_keys(['latest_only']) retrieved from /home/airflow/.local/lib/python3.7/site-packages/airflow/example_dags/example_latest_only.py
[2022-05-16 01:56:01,393] {logging_mixin.py:109} INFO - [2022-05-16 01:56:01,393] {dag.py:2398} INFO - Sync 1 DAGs
[2022-05-16 01:56:01,510] {logging_mixin.py:109} INFO - [2022-05-16 01:56:01,504] {dag.py:2937} INFO - Setting next_dagrun for latest_only to 2022-05-15T21:56:01.502303+00:00
[2022-05-16 01:56:01,601] {processor.py:171} INFO - Processing /home/airflow/.local/lib/python3.7/site-packages/airflow/example_dags/example_latest_only.py took 0.504 seconds
[2022-05-16 01:56:33,034] {processor.py:163} INFO - Started process (PID=13142) to work on /home/airflow/.local/lib/python3.7/site-packages/airflow/example_dags/example_latest_only.py
[2022-05-16 01:56:33,047] {processor.py:642} INFO - Processing file /home/airflow/.local/lib/python3.7/site-packages/airflow/example_dags/example_latest_only.py for tasks to queue
[2022-05-16 01:56:33,053] {logging_mixin.py:109} INFO - [2022-05-16 01:56:33,052] {dagbag.py:500} INFO - Filling up the DagBag from /home/airflow/.local/lib/python3.7/site-packages/airflow/example_dags/example_latest_only.py
[2022-05-16 01:56:33,084] {processor.py:652} INFO - DAG(s) dict_keys(['latest_only']) retrieved from /home/airflow/.local/lib/python3.7/site-packages/airflow/example_dags/example_latest_only.py
[2022-05-16 01:56:33,197] {logging_mixin.py:109} INFO - [2022-05-16 01:56:33,196] {dag.py:2398} INFO - Sync 1 DAGs
[2022-05-16 01:56:33,281] {logging_mixin.py:109} INFO - [2022-05-16 01:56:33,281] {dag.py:2937} INFO - Setting next_dagrun for latest_only to 2022-05-15T21:56:33.279841+00:00
[2022-05-16 01:56:33,328] {processor.py:171} INFO - Processing /home/airflow/.local/lib/python3.7/site-packages/airflow/example_dags/example_latest_only.py took 0.311 seconds
[2022-05-16 01:57:04,406] {processor.py:163} INFO - Started process (PID=13194) to work on /home/airflow/.local/lib/python3.7/site-packages/airflow/example_dags/example_latest_only.py
[2022-05-16 01:57:04,417] {processor.py:642} INFO - Processing file /home/airflow/.local/lib/python3.7/site-packages/airflow/example_dags/example_latest_only.py for tasks to queue
[2022-05-16 01:57:04,422] {logging_mixin.py:109} INFO - [2022-05-16 01:57:04,422] {dagbag.py:500} INFO - Filling up the DagBag from /home/airflow/.local/lib/python3.7/site-packages/airflow/example_dags/example_latest_only.py
[2022-05-16 01:57:04,460] {processor.py:652} INFO - DAG(s) dict_keys(['latest_only']) retrieved from /home/airflow/.local/lib/python3.7/site-packages/airflow/example_dags/example_latest_only.py
[2022-05-16 01:57:04,591] {logging_mixin.py:109} INFO - [2022-05-16 01:57:04,591] {dag.py:2398} INFO - Sync 1 DAGs
[2022-05-16 01:57:04,693] {logging_mixin.py:109} INFO - [2022-05-16 01:57:04,693] {dag.py:2937} INFO - Setting next_dagrun for latest_only to 2022-05-15T21:57:04.692162+00:00
[2022-05-16 01:57:04,741] {processor.py:171} INFO - Processing /home/airflow/.local/lib/python3.7/site-packages/airflow/example_dags/example_latest_only.py took 0.356 seconds
[2022-05-16 01:57:35,764] {processor.py:163} INFO - Started process (PID=13237) to work on /home/airflow/.local/lib/python3.7/site-packages/airflow/example_dags/example_latest_only.py
[2022-05-16 01:57:35,772] {processor.py:642} INFO - Processing file /home/airflow/.local/lib/python3.7/site-packages/airflow/example_dags/example_latest_only.py for tasks to queue
[2022-05-16 01:57:35,778] {logging_mixin.py:109} INFO - [2022-05-16 01:57:35,778] {dagbag.py:500} INFO - Filling up the DagBag from /home/airflow/.local/lib/python3.7/site-packages/airflow/example_dags/example_latest_only.py
[2022-05-16 01:57:35,812] {processor.py:652} INFO - DAG(s) dict_keys(['latest_only']) retrieved from /home/airflow/.local/lib/python3.7/site-packages/airflow/example_dags/example_latest_only.py
[2022-05-16 01:57:35,934] {logging_mixin.py:109} INFO - [2022-05-16 01:57:35,934] {dag.py:2398} INFO - Sync 1 DAGs
[2022-05-16 01:57:36,069] {logging_mixin.py:109} INFO - [2022-05-16 01:57:36,068] {dag.py:2937} INFO - Setting next_dagrun for latest_only to 2022-05-15T21:57:36.067736+00:00
[2022-05-16 01:57:36,118] {processor.py:171} INFO - Processing /home/airflow/.local/lib/python3.7/site-packages/airflow/example_dags/example_latest_only.py took 0.371 seconds
[2022-05-16 01:58:07,816] {processor.py:163} INFO - Started process (PID=13290) to work on /home/airflow/.local/lib/python3.7/site-packages/airflow/example_dags/example_latest_only.py
[2022-05-16 01:58:07,829] {processor.py:642} INFO - Processing file /home/airflow/.local/lib/python3.7/site-packages/airflow/example_dags/example_latest_only.py for tasks to queue
[2022-05-16 01:58:07,837] {logging_mixin.py:109} INFO - [2022-05-16 01:58:07,836] {dagbag.py:500} INFO - Filling up the DagBag from /home/airflow/.local/lib/python3.7/site-packages/airflow/example_dags/example_latest_only.py
[2022-05-16 01:58:07,887] {processor.py:652} INFO - DAG(s) dict_keys(['latest_only']) retrieved from /home/airflow/.local/lib/python3.7/site-packages/airflow/example_dags/example_latest_only.py
[2022-05-16 01:58:08,024] {logging_mixin.py:109} INFO - [2022-05-16 01:58:08,023] {dag.py:2398} INFO - Sync 1 DAGs
[2022-05-16 01:58:08,111] {logging_mixin.py:109} INFO - [2022-05-16 01:58:08,110] {dag.py:2937} INFO - Setting next_dagrun for latest_only to 2022-05-15T21:58:08.108656+00:00
[2022-05-16 01:58:08,156] {processor.py:171} INFO - Processing /home/airflow/.local/lib/python3.7/site-packages/airflow/example_dags/example_latest_only.py took 0.362 seconds
[2022-05-16 01:58:39,193] {processor.py:163} INFO - Started process (PID=13341) to work on /home/airflow/.local/lib/python3.7/site-packages/airflow/example_dags/example_latest_only.py
[2022-05-16 01:58:39,202] {processor.py:642} INFO - Processing file /home/airflow/.local/lib/python3.7/site-packages/airflow/example_dags/example_latest_only.py for tasks to queue
[2022-05-16 01:58:39,208] {logging_mixin.py:109} INFO - [2022-05-16 01:58:39,207] {dagbag.py:500} INFO - Filling up the DagBag from /home/airflow/.local/lib/python3.7/site-packages/airflow/example_dags/example_latest_only.py
[2022-05-16 01:58:39,240] {processor.py:652} INFO - DAG(s) dict_keys(['latest_only']) retrieved from /home/airflow/.local/lib/python3.7/site-packages/airflow/example_dags/example_latest_only.py
[2022-05-16 01:58:39,336] {logging_mixin.py:109} INFO - [2022-05-16 01:58:39,335] {dag.py:2398} INFO - Sync 1 DAGs
[2022-05-16 01:58:39,418] {logging_mixin.py:109} INFO - [2022-05-16 01:58:39,418] {dag.py:2937} INFO - Setting next_dagrun for latest_only to 2022-05-15T21:58:39.417114+00:00
[2022-05-16 01:58:39,465] {processor.py:171} INFO - Processing /home/airflow/.local/lib/python3.7/site-packages/airflow/example_dags/example_latest_only.py took 0.288 seconds
[2022-05-16 01:59:10,839] {processor.py:163} INFO - Started process (PID=13383) to work on /home/airflow/.local/lib/python3.7/site-packages/airflow/example_dags/example_latest_only.py
[2022-05-16 01:59:10,856] {processor.py:642} INFO - Processing file /home/airflow/.local/lib/python3.7/site-packages/airflow/example_dags/example_latest_only.py for tasks to queue
[2022-05-16 01:59:10,878] {logging_mixin.py:109} INFO - [2022-05-16 01:59:10,877] {dagbag.py:500} INFO - Filling up the DagBag from /home/airflow/.local/lib/python3.7/site-packages/airflow/example_dags/example_latest_only.py
[2022-05-16 01:59:10,960] {processor.py:652} INFO - DAG(s) dict_keys(['latest_only']) retrieved from /home/airflow/.local/lib/python3.7/site-packages/airflow/example_dags/example_latest_only.py
[2022-05-16 01:59:11,170] {logging_mixin.py:109} INFO - [2022-05-16 01:59:11,170] {dag.py:2398} INFO - Sync 1 DAGs
[2022-05-16 01:59:11,257] {logging_mixin.py:109} INFO - [2022-05-16 01:59:11,256] {dag.py:2937} INFO - Setting next_dagrun for latest_only to 2022-05-15T21:59:11.254986+00:00
[2022-05-16 01:59:11,308] {processor.py:171} INFO - Processing /home/airflow/.local/lib/python3.7/site-packages/airflow/example_dags/example_latest_only.py took 0.487 seconds
[2022-05-16 01:59:41,752] {processor.py:163} INFO - Started process (PID=13434) to work on /home/airflow/.local/lib/python3.7/site-packages/airflow/example_dags/example_latest_only.py
[2022-05-16 01:59:41,765] {processor.py:642} INFO - Processing file /home/airflow/.local/lib/python3.7/site-packages/airflow/example_dags/example_latest_only.py for tasks to queue
[2022-05-16 01:59:41,771] {logging_mixin.py:109} INFO - [2022-05-16 01:59:41,771] {dagbag.py:500} INFO - Filling up the DagBag from /home/airflow/.local/lib/python3.7/site-packages/airflow/example_dags/example_latest_only.py
[2022-05-16 01:59:41,814] {processor.py:652} INFO - DAG(s) dict_keys(['latest_only']) retrieved from /home/airflow/.local/lib/python3.7/site-packages/airflow/example_dags/example_latest_only.py
[2022-05-16 01:59:41,938] {logging_mixin.py:109} INFO - [2022-05-16 01:59:41,938] {dag.py:2398} INFO - Sync 1 DAGs
[2022-05-16 01:59:42,029] {logging_mixin.py:109} INFO - [2022-05-16 01:59:42,028] {dag.py:2937} INFO - Setting next_dagrun for latest_only to 2022-05-15T21:59:42.027637+00:00
[2022-05-16 01:59:42,076] {processor.py:171} INFO - Processing /home/airflow/.local/lib/python3.7/site-packages/airflow/example_dags/example_latest_only.py took 0.342 seconds
[2022-05-16 02:00:13,428] {processor.py:163} INFO - Started process (PID=13476) to work on /home/airflow/.local/lib/python3.7/site-packages/airflow/example_dags/example_latest_only.py
[2022-05-16 02:00:13,438] {processor.py:642} INFO - Processing file /home/airflow/.local/lib/python3.7/site-packages/airflow/example_dags/example_latest_only.py for tasks to queue
[2022-05-16 02:00:13,443] {logging_mixin.py:109} INFO - [2022-05-16 02:00:13,443] {dagbag.py:500} INFO - Filling up the DagBag from /home/airflow/.local/lib/python3.7/site-packages/airflow/example_dags/example_latest_only.py
[2022-05-16 02:00:13,483] {processor.py:652} INFO - DAG(s) dict_keys(['latest_only']) retrieved from /home/airflow/.local/lib/python3.7/site-packages/airflow/example_dags/example_latest_only.py
[2022-05-16 02:00:13,612] {logging_mixin.py:109} INFO - [2022-05-16 02:00:13,611] {dag.py:2398} INFO - Sync 1 DAGs
[2022-05-16 02:00:13,702] {logging_mixin.py:109} INFO - [2022-05-16 02:00:13,702] {dag.py:2937} INFO - Setting next_dagrun for latest_only to 2022-05-15T22:00:13.700473+00:00
[2022-05-16 02:00:13,758] {processor.py:171} INFO - Processing /home/airflow/.local/lib/python3.7/site-packages/airflow/example_dags/example_latest_only.py took 0.351 seconds
[2022-05-16 02:29:30,822] {processor.py:163} INFO - Started process (PID=13542) to work on /home/airflow/.local/lib/python3.7/site-packages/airflow/example_dags/example_latest_only.py
[2022-05-16 02:29:30,856] {processor.py:642} INFO - Processing file /home/airflow/.local/lib/python3.7/site-packages/airflow/example_dags/example_latest_only.py for tasks to queue
[2022-05-16 02:29:30,860] {logging_mixin.py:109} INFO - [2022-05-16 02:29:30,860] {dagbag.py:500} INFO - Filling up the DagBag from /home/airflow/.local/lib/python3.7/site-packages/airflow/example_dags/example_latest_only.py
[2022-05-16 02:29:30,880] {processor.py:652} INFO - DAG(s) dict_keys(['latest_only']) retrieved from /home/airflow/.local/lib/python3.7/site-packages/airflow/example_dags/example_latest_only.py
[2022-05-16 02:29:30,955] {logging_mixin.py:109} INFO - [2022-05-16 02:29:30,954] {dag.py:2398} INFO - Sync 1 DAGs
[2022-05-16 02:29:31,032] {logging_mixin.py:109} INFO - [2022-05-16 02:29:31,032] {dag.py:2937} INFO - Setting next_dagrun for latest_only to 2022-05-15T22:29:31.031137+00:00
[2022-05-16 02:29:31,087] {processor.py:171} INFO - Processing /home/airflow/.local/lib/python3.7/site-packages/airflow/example_dags/example_latest_only.py took 0.275 seconds
[2022-05-16 02:30:01,249] {processor.py:163} INFO - Started process (PID=13593) to work on /home/airflow/.local/lib/python3.7/site-packages/airflow/example_dags/example_latest_only.py
[2022-05-16 02:30:01,271] {processor.py:642} INFO - Processing file /home/airflow/.local/lib/python3.7/site-packages/airflow/example_dags/example_latest_only.py for tasks to queue
[2022-05-16 02:30:01,274] {logging_mixin.py:109} INFO - [2022-05-16 02:30:01,274] {dagbag.py:500} INFO - Filling up the DagBag from /home/airflow/.local/lib/python3.7/site-packages/airflow/example_dags/example_latest_only.py
[2022-05-16 02:30:01,284] {processor.py:652} INFO - DAG(s) dict_keys(['latest_only']) retrieved from /home/airflow/.local/lib/python3.7/site-packages/airflow/example_dags/example_latest_only.py
[2022-05-16 02:30:01,426] {logging_mixin.py:109} INFO - [2022-05-16 02:30:01,426] {dag.py:2398} INFO - Sync 1 DAGs
[2022-05-16 02:30:01,445] {logging_mixin.py:109} INFO - [2022-05-16 02:30:01,444] {dag.py:2937} INFO - Setting next_dagrun for latest_only to 2022-05-15T22:30:01.444649+00:00
[2022-05-16 02:30:01,456] {processor.py:171} INFO - Processing /home/airflow/.local/lib/python3.7/site-packages/airflow/example_dags/example_latest_only.py took 0.211 seconds
[2022-05-16 02:30:31,952] {processor.py:163} INFO - Started process (PID=13655) to work on /home/airflow/.local/lib/python3.7/site-packages/airflow/example_dags/example_latest_only.py
[2022-05-16 02:30:31,954] {processor.py:642} INFO - Processing file /home/airflow/.local/lib/python3.7/site-packages/airflow/example_dags/example_latest_only.py for tasks to queue
[2022-05-16 02:30:31,956] {logging_mixin.py:109} INFO - [2022-05-16 02:30:31,956] {dagbag.py:500} INFO - Filling up the DagBag from /home/airflow/.local/lib/python3.7/site-packages/airflow/example_dags/example_latest_only.py
[2022-05-16 02:30:32,072] {processor.py:652} INFO - DAG(s) dict_keys(['latest_only']) retrieved from /home/airflow/.local/lib/python3.7/site-packages/airflow/example_dags/example_latest_only.py
[2022-05-16 02:30:32,095] {logging_mixin.py:109} INFO - [2022-05-16 02:30:32,095] {dag.py:2398} INFO - Sync 1 DAGs
[2022-05-16 02:30:32,113] {logging_mixin.py:109} INFO - [2022-05-16 02:30:32,112] {dag.py:2937} INFO - Setting next_dagrun for latest_only to 2022-05-15T22:30:32.112637+00:00
[2022-05-16 02:30:32,124] {processor.py:171} INFO - Processing /home/airflow/.local/lib/python3.7/site-packages/airflow/example_dags/example_latest_only.py took 0.176 seconds
[2022-05-16 02:31:02,551] {processor.py:163} INFO - Started process (PID=13706) to work on /home/airflow/.local/lib/python3.7/site-packages/airflow/example_dags/example_latest_only.py
[2022-05-16 02:31:02,554] {processor.py:642} INFO - Processing file /home/airflow/.local/lib/python3.7/site-packages/airflow/example_dags/example_latest_only.py for tasks to queue
[2022-05-16 02:31:02,555] {logging_mixin.py:109} INFO - [2022-05-16 02:31:02,555] {dagbag.py:500} INFO - Filling up the DagBag from /home/airflow/.local/lib/python3.7/site-packages/airflow/example_dags/example_latest_only.py
[2022-05-16 02:31:02,562] {processor.py:652} INFO - DAG(s) dict_keys(['latest_only']) retrieved from /home/airflow/.local/lib/python3.7/site-packages/airflow/example_dags/example_latest_only.py
[2022-05-16 02:31:02,584] {logging_mixin.py:109} INFO - [2022-05-16 02:31:02,584] {dag.py:2398} INFO - Sync 1 DAGs
[2022-05-16 02:31:02,602] {logging_mixin.py:109} INFO - [2022-05-16 02:31:02,602] {dag.py:2937} INFO - Setting next_dagrun for latest_only to 2022-05-15T22:31:02.601903+00:00
[2022-05-16 02:31:02,613] {processor.py:171} INFO - Processing /home/airflow/.local/lib/python3.7/site-packages/airflow/example_dags/example_latest_only.py took 0.066 seconds
[2022-05-16 02:31:33,121] {processor.py:163} INFO - Started process (PID=13767) to work on /home/airflow/.local/lib/python3.7/site-packages/airflow/example_dags/example_latest_only.py
[2022-05-16 02:31:33,124] {processor.py:642} INFO - Processing file /home/airflow/.local/lib/python3.7/site-packages/airflow/example_dags/example_latest_only.py for tasks to queue
[2022-05-16 02:31:33,125] {logging_mixin.py:109} INFO - [2022-05-16 02:31:33,125] {dagbag.py:500} INFO - Filling up the DagBag from /home/airflow/.local/lib/python3.7/site-packages/airflow/example_dags/example_latest_only.py
[2022-05-16 02:31:33,133] {processor.py:652} INFO - DAG(s) dict_keys(['latest_only']) retrieved from /home/airflow/.local/lib/python3.7/site-packages/airflow/example_dags/example_latest_only.py
[2022-05-16 02:31:33,161] {logging_mixin.py:109} INFO - [2022-05-16 02:31:33,161] {dag.py:2398} INFO - Sync 1 DAGs
[2022-05-16 02:31:33,180] {logging_mixin.py:109} INFO - [2022-05-16 02:31:33,180] {dag.py:2937} INFO - Setting next_dagrun for latest_only to 2022-05-15T22:31:33.180233+00:00
[2022-05-16 02:31:33,192] {processor.py:171} INFO - Processing /home/airflow/.local/lib/python3.7/site-packages/airflow/example_dags/example_latest_only.py took 0.076 seconds
[2022-05-16 02:32:03,436] {processor.py:163} INFO - Started process (PID=13818) to work on /home/airflow/.local/lib/python3.7/site-packages/airflow/example_dags/example_latest_only.py
[2022-05-16 02:32:03,438] {processor.py:642} INFO - Processing file /home/airflow/.local/lib/python3.7/site-packages/airflow/example_dags/example_latest_only.py for tasks to queue
[2022-05-16 02:32:03,440] {logging_mixin.py:109} INFO - [2022-05-16 02:32:03,440] {dagbag.py:500} INFO - Filling up the DagBag from /home/airflow/.local/lib/python3.7/site-packages/airflow/example_dags/example_latest_only.py
[2022-05-16 02:32:03,447] {processor.py:652} INFO - DAG(s) dict_keys(['latest_only']) retrieved from /home/airflow/.local/lib/python3.7/site-packages/airflow/example_dags/example_latest_only.py
[2022-05-16 02:32:03,470] {logging_mixin.py:109} INFO - [2022-05-16 02:32:03,470] {dag.py:2398} INFO - Sync 1 DAGs
[2022-05-16 02:32:03,487] {logging_mixin.py:109} INFO - [2022-05-16 02:32:03,487] {dag.py:2937} INFO - Setting next_dagrun for latest_only to 2022-05-15T22:32:03.487554+00:00
[2022-05-16 02:32:03,502] {processor.py:171} INFO - Processing /home/airflow/.local/lib/python3.7/site-packages/airflow/example_dags/example_latest_only.py took 0.070 seconds
[2022-05-16 02:32:33,748] {processor.py:163} INFO - Started process (PID=13878) to work on /home/airflow/.local/lib/python3.7/site-packages/airflow/example_dags/example_latest_only.py
[2022-05-16 02:32:33,750] {processor.py:642} INFO - Processing file /home/airflow/.local/lib/python3.7/site-packages/airflow/example_dags/example_latest_only.py for tasks to queue
[2022-05-16 02:32:33,751] {logging_mixin.py:109} INFO - [2022-05-16 02:32:33,751] {dagbag.py:500} INFO - Filling up the DagBag from /home/airflow/.local/lib/python3.7/site-packages/airflow/example_dags/example_latest_only.py
[2022-05-16 02:32:33,758] {processor.py:652} INFO - DAG(s) dict_keys(['latest_only']) retrieved from /home/airflow/.local/lib/python3.7/site-packages/airflow/example_dags/example_latest_only.py
[2022-05-16 02:32:33,780] {logging_mixin.py:109} INFO - [2022-05-16 02:32:33,780] {dag.py:2398} INFO - Sync 1 DAGs
[2022-05-16 02:32:33,797] {logging_mixin.py:109} INFO - [2022-05-16 02:32:33,797] {dag.py:2937} INFO - Setting next_dagrun for latest_only to 2022-05-15T22:32:33.797273+00:00
[2022-05-16 02:32:33,810] {processor.py:171} INFO - Processing /home/airflow/.local/lib/python3.7/site-packages/airflow/example_dags/example_latest_only.py took 0.066 seconds
[2022-05-16 02:33:04,332] {processor.py:163} INFO - Started process (PID=13941) to work on /home/airflow/.local/lib/python3.7/site-packages/airflow/example_dags/example_latest_only.py
[2022-05-16 02:33:04,334] {processor.py:642} INFO - Processing file /home/airflow/.local/lib/python3.7/site-packages/airflow/example_dags/example_latest_only.py for tasks to queue
[2022-05-16 02:33:04,336] {logging_mixin.py:109} INFO - [2022-05-16 02:33:04,336] {dagbag.py:500} INFO - Filling up the DagBag from /home/airflow/.local/lib/python3.7/site-packages/airflow/example_dags/example_latest_only.py
[2022-05-16 02:33:04,343] {processor.py:652} INFO - DAG(s) dict_keys(['latest_only']) retrieved from /home/airflow/.local/lib/python3.7/site-packages/airflow/example_dags/example_latest_only.py
[2022-05-16 02:33:04,365] {logging_mixin.py:109} INFO - [2022-05-16 02:33:04,365] {dag.py:2398} INFO - Sync 1 DAGs
[2022-05-16 02:33:04,382] {logging_mixin.py:109} INFO - [2022-05-16 02:33:04,382] {dag.py:2937} INFO - Setting next_dagrun for latest_only to 2022-05-15T22:33:04.382446+00:00
[2022-05-16 02:33:04,394] {processor.py:171} INFO - Processing /home/airflow/.local/lib/python3.7/site-packages/airflow/example_dags/example_latest_only.py took 0.065 seconds
[2022-05-16 02:33:34,526] {processor.py:163} INFO - Started process (PID=13993) to work on /home/airflow/.local/lib/python3.7/site-packages/airflow/example_dags/example_latest_only.py
[2022-05-16 02:33:34,528] {processor.py:642} INFO - Processing file /home/airflow/.local/lib/python3.7/site-packages/airflow/example_dags/example_latest_only.py for tasks to queue
[2022-05-16 02:33:34,529] {logging_mixin.py:109} INFO - [2022-05-16 02:33:34,529] {dagbag.py:500} INFO - Filling up the DagBag from /home/airflow/.local/lib/python3.7/site-packages/airflow/example_dags/example_latest_only.py
[2022-05-16 02:33:34,537] {processor.py:652} INFO - DAG(s) dict_keys(['latest_only']) retrieved from /home/airflow/.local/lib/python3.7/site-packages/airflow/example_dags/example_latest_only.py
[2022-05-16 02:33:34,560] {logging_mixin.py:109} INFO - [2022-05-16 02:33:34,560] {dag.py:2398} INFO - Sync 1 DAGs
[2022-05-16 02:33:34,576] {logging_mixin.py:109} INFO - [2022-05-16 02:33:34,576] {dag.py:2937} INFO - Setting next_dagrun for latest_only to 2022-05-15T22:33:34.576455+00:00
[2022-05-16 02:33:34,586] {processor.py:171} INFO - Processing /home/airflow/.local/lib/python3.7/site-packages/airflow/example_dags/example_latest_only.py took 0.064 seconds
[2022-05-16 02:34:05,003] {processor.py:163} INFO - Started process (PID=14053) to work on /home/airflow/.local/lib/python3.7/site-packages/airflow/example_dags/example_latest_only.py
[2022-05-16 02:34:05,006] {processor.py:642} INFO - Processing file /home/airflow/.local/lib/python3.7/site-packages/airflow/example_dags/example_latest_only.py for tasks to queue
[2022-05-16 02:34:05,007] {logging_mixin.py:109} INFO - [2022-05-16 02:34:05,007] {dagbag.py:500} INFO - Filling up the DagBag from /home/airflow/.local/lib/python3.7/site-packages/airflow/example_dags/example_latest_only.py
[2022-05-16 02:34:05,013] {processor.py:652} INFO - DAG(s) dict_keys(['latest_only']) retrieved from /home/airflow/.local/lib/python3.7/site-packages/airflow/example_dags/example_latest_only.py
[2022-05-16 02:34:05,036] {logging_mixin.py:109} INFO - [2022-05-16 02:34:05,036] {dag.py:2398} INFO - Sync 1 DAGs
[2022-05-16 02:34:05,053] {logging_mixin.py:109} INFO - [2022-05-16 02:34:05,053] {dag.py:2937} INFO - Setting next_dagrun for latest_only to 2022-05-15T22:34:05.053548+00:00
[2022-05-16 02:34:05,064] {processor.py:171} INFO - Processing /home/airflow/.local/lib/python3.7/site-packages/airflow/example_dags/example_latest_only.py took 0.065 seconds
[2022-05-16 02:34:35,315] {processor.py:163} INFO - Started process (PID=14104) to work on /home/airflow/.local/lib/python3.7/site-packages/airflow/example_dags/example_latest_only.py
[2022-05-16 02:34:35,317] {processor.py:642} INFO - Processing file /home/airflow/.local/lib/python3.7/site-packages/airflow/example_dags/example_latest_only.py for tasks to queue
[2022-05-16 02:34:35,318] {logging_mixin.py:109} INFO - [2022-05-16 02:34:35,318] {dagbag.py:500} INFO - Filling up the DagBag from /home/airflow/.local/lib/python3.7/site-packages/airflow/example_dags/example_latest_only.py
[2022-05-16 02:34:35,325] {processor.py:652} INFO - DAG(s) dict_keys(['latest_only']) retrieved from /home/airflow/.local/lib/python3.7/site-packages/airflow/example_dags/example_latest_only.py
[2022-05-16 02:34:35,347] {logging_mixin.py:109} INFO - [2022-05-16 02:34:35,346] {dag.py:2398} INFO - Sync 1 DAGs
[2022-05-16 02:34:35,370] {logging_mixin.py:109} INFO - [2022-05-16 02:34:35,370] {dag.py:2937} INFO - Setting next_dagrun for latest_only to 2022-05-15T22:34:35.369372+00:00
[2022-05-16 02:34:35,382] {processor.py:171} INFO - Processing /home/airflow/.local/lib/python3.7/site-packages/airflow/example_dags/example_latest_only.py took 0.071 seconds
[2022-05-16 02:35:05,590] {processor.py:163} INFO - Started process (PID=14166) to work on /home/airflow/.local/lib/python3.7/site-packages/airflow/example_dags/example_latest_only.py
[2022-05-16 02:35:05,592] {processor.py:642} INFO - Processing file /home/airflow/.local/lib/python3.7/site-packages/airflow/example_dags/example_latest_only.py for tasks to queue
[2022-05-16 02:35:05,593] {logging_mixin.py:109} INFO - [2022-05-16 02:35:05,593] {dagbag.py:500} INFO - Filling up the DagBag from /home/airflow/.local/lib/python3.7/site-packages/airflow/example_dags/example_latest_only.py
[2022-05-16 02:35:05,600] {processor.py:652} INFO - DAG(s) dict_keys(['latest_only']) retrieved from /home/airflow/.local/lib/python3.7/site-packages/airflow/example_dags/example_latest_only.py
[2022-05-16 02:35:05,625] {logging_mixin.py:109} INFO - [2022-05-16 02:35:05,625] {dag.py:2398} INFO - Sync 1 DAGs
[2022-05-16 02:35:05,643] {logging_mixin.py:109} INFO - [2022-05-16 02:35:05,642] {dag.py:2937} INFO - Setting next_dagrun for latest_only to 2022-05-15T22:35:05.642681+00:00
[2022-05-16 02:35:05,654] {processor.py:171} INFO - Processing /home/airflow/.local/lib/python3.7/site-packages/airflow/example_dags/example_latest_only.py took 0.068 seconds
[2022-05-16 02:35:35,927] {processor.py:163} INFO - Started process (PID=14218) to work on /home/airflow/.local/lib/python3.7/site-packages/airflow/example_dags/example_latest_only.py
[2022-05-16 02:35:35,929] {processor.py:642} INFO - Processing file /home/airflow/.local/lib/python3.7/site-packages/airflow/example_dags/example_latest_only.py for tasks to queue
[2022-05-16 02:35:35,931] {logging_mixin.py:109} INFO - [2022-05-16 02:35:35,931] {dagbag.py:500} INFO - Filling up the DagBag from /home/airflow/.local/lib/python3.7/site-packages/airflow/example_dags/example_latest_only.py
[2022-05-16 02:35:35,938] {processor.py:652} INFO - DAG(s) dict_keys(['latest_only']) retrieved from /home/airflow/.local/lib/python3.7/site-packages/airflow/example_dags/example_latest_only.py
[2022-05-16 02:35:35,962] {logging_mixin.py:109} INFO - [2022-05-16 02:35:35,962] {dag.py:2398} INFO - Sync 1 DAGs
[2022-05-16 02:35:35,979] {logging_mixin.py:109} INFO - [2022-05-16 02:35:35,979] {dag.py:2937} INFO - Setting next_dagrun for latest_only to 2022-05-15T22:35:35.978785+00:00
[2022-05-16 02:35:35,989] {processor.py:171} INFO - Processing /home/airflow/.local/lib/python3.7/site-packages/airflow/example_dags/example_latest_only.py took 0.067 seconds
[2022-05-16 02:36:06,280] {processor.py:163} INFO - Started process (PID=14279) to work on /home/airflow/.local/lib/python3.7/site-packages/airflow/example_dags/example_latest_only.py
[2022-05-16 02:36:06,283] {processor.py:642} INFO - Processing file /home/airflow/.local/lib/python3.7/site-packages/airflow/example_dags/example_latest_only.py for tasks to queue
[2022-05-16 02:36:06,284] {logging_mixin.py:109} INFO - [2022-05-16 02:36:06,284] {dagbag.py:500} INFO - Filling up the DagBag from /home/airflow/.local/lib/python3.7/site-packages/airflow/example_dags/example_latest_only.py
[2022-05-16 02:36:06,290] {processor.py:652} INFO - DAG(s) dict_keys(['latest_only']) retrieved from /home/airflow/.local/lib/python3.7/site-packages/airflow/example_dags/example_latest_only.py
[2022-05-16 02:36:06,310] {logging_mixin.py:109} INFO - [2022-05-16 02:36:06,310] {dag.py:2398} INFO - Sync 1 DAGs
[2022-05-16 02:36:06,326] {logging_mixin.py:109} INFO - [2022-05-16 02:36:06,326] {dag.py:2937} INFO - Setting next_dagrun for latest_only to 2022-05-15T22:36:06.326426+00:00
[2022-05-16 02:36:06,337] {processor.py:171} INFO - Processing /home/airflow/.local/lib/python3.7/site-packages/airflow/example_dags/example_latest_only.py took 0.061 seconds
[2022-05-16 02:36:36,811] {processor.py:163} INFO - Started process (PID=14341) to work on /home/airflow/.local/lib/python3.7/site-packages/airflow/example_dags/example_latest_only.py
[2022-05-16 02:36:36,813] {processor.py:642} INFO - Processing file /home/airflow/.local/lib/python3.7/site-packages/airflow/example_dags/example_latest_only.py for tasks to queue
[2022-05-16 02:36:36,814] {logging_mixin.py:109} INFO - [2022-05-16 02:36:36,814] {dagbag.py:500} INFO - Filling up the DagBag from /home/airflow/.local/lib/python3.7/site-packages/airflow/example_dags/example_latest_only.py
[2022-05-16 02:36:36,823] {processor.py:652} INFO - DAG(s) dict_keys(['latest_only']) retrieved from /home/airflow/.local/lib/python3.7/site-packages/airflow/example_dags/example_latest_only.py
[2022-05-16 02:36:36,846] {logging_mixin.py:109} INFO - [2022-05-16 02:36:36,846] {dag.py:2398} INFO - Sync 1 DAGs
[2022-05-16 02:36:36,863] {logging_mixin.py:109} INFO - [2022-05-16 02:36:36,863] {dag.py:2937} INFO - Setting next_dagrun for latest_only to 2022-05-15T22:36:36.862975+00:00
[2022-05-16 02:36:36,873] {processor.py:171} INFO - Processing /home/airflow/.local/lib/python3.7/site-packages/airflow/example_dags/example_latest_only.py took 0.067 seconds
[2022-05-16 02:37:07,169] {processor.py:163} INFO - Started process (PID=14392) to work on /home/airflow/.local/lib/python3.7/site-packages/airflow/example_dags/example_latest_only.py
[2022-05-16 02:37:07,172] {processor.py:642} INFO - Processing file /home/airflow/.local/lib/python3.7/site-packages/airflow/example_dags/example_latest_only.py for tasks to queue
[2022-05-16 02:37:07,173] {logging_mixin.py:109} INFO - [2022-05-16 02:37:07,173] {dagbag.py:500} INFO - Filling up the DagBag from /home/airflow/.local/lib/python3.7/site-packages/airflow/example_dags/example_latest_only.py
[2022-05-16 02:37:07,180] {processor.py:652} INFO - DAG(s) dict_keys(['latest_only']) retrieved from /home/airflow/.local/lib/python3.7/site-packages/airflow/example_dags/example_latest_only.py
[2022-05-16 02:37:07,206] {logging_mixin.py:109} INFO - [2022-05-16 02:37:07,206] {dag.py:2398} INFO - Sync 1 DAGs
[2022-05-16 02:37:07,224] {logging_mixin.py:109} INFO - [2022-05-16 02:37:07,224] {dag.py:2937} INFO - Setting next_dagrun for latest_only to 2022-05-15T22:37:07.224368+00:00
[2022-05-16 02:37:07,235] {processor.py:171} INFO - Processing /home/airflow/.local/lib/python3.7/site-packages/airflow/example_dags/example_latest_only.py took 0.070 seconds
[2022-05-16 02:37:37,631] {processor.py:163} INFO - Started process (PID=14453) to work on /home/airflow/.local/lib/python3.7/site-packages/airflow/example_dags/example_latest_only.py
[2022-05-16 02:37:37,633] {processor.py:642} INFO - Processing file /home/airflow/.local/lib/python3.7/site-packages/airflow/example_dags/example_latest_only.py for tasks to queue
[2022-05-16 02:37:37,635] {logging_mixin.py:109} INFO - [2022-05-16 02:37:37,635] {dagbag.py:500} INFO - Filling up the DagBag from /home/airflow/.local/lib/python3.7/site-packages/airflow/example_dags/example_latest_only.py
[2022-05-16 02:37:37,642] {processor.py:652} INFO - DAG(s) dict_keys(['latest_only']) retrieved from /home/airflow/.local/lib/python3.7/site-packages/airflow/example_dags/example_latest_only.py
[2022-05-16 02:37:37,668] {logging_mixin.py:109} INFO - [2022-05-16 02:37:37,668] {dag.py:2398} INFO - Sync 1 DAGs
[2022-05-16 02:37:37,687] {logging_mixin.py:109} INFO - [2022-05-16 02:37:37,687] {dag.py:2937} INFO - Setting next_dagrun for latest_only to 2022-05-15T22:37:37.687416+00:00
[2022-05-16 02:37:37,698] {processor.py:171} INFO - Processing /home/airflow/.local/lib/python3.7/site-packages/airflow/example_dags/example_latest_only.py took 0.071 seconds
[2022-05-16 02:38:08,066] {processor.py:163} INFO - Started process (PID=14506) to work on /home/airflow/.local/lib/python3.7/site-packages/airflow/example_dags/example_latest_only.py
[2022-05-16 02:38:08,068] {processor.py:642} INFO - Processing file /home/airflow/.local/lib/python3.7/site-packages/airflow/example_dags/example_latest_only.py for tasks to queue
[2022-05-16 02:38:08,069] {logging_mixin.py:109} INFO - [2022-05-16 02:38:08,069] {dagbag.py:500} INFO - Filling up the DagBag from /home/airflow/.local/lib/python3.7/site-packages/airflow/example_dags/example_latest_only.py
[2022-05-16 02:38:08,076] {processor.py:652} INFO - DAG(s) dict_keys(['latest_only']) retrieved from /home/airflow/.local/lib/python3.7/site-packages/airflow/example_dags/example_latest_only.py
[2022-05-16 02:38:08,097] {logging_mixin.py:109} INFO - [2022-05-16 02:38:08,097] {dag.py:2398} INFO - Sync 1 DAGs
[2022-05-16 02:38:08,117] {logging_mixin.py:109} INFO - [2022-05-16 02:38:08,117] {dag.py:2937} INFO - Setting next_dagrun for latest_only to 2022-05-15T22:38:08.116865+00:00
[2022-05-16 02:38:08,128] {processor.py:171} INFO - Processing /home/airflow/.local/lib/python3.7/site-packages/airflow/example_dags/example_latest_only.py took 0.066 seconds
[2022-05-16 02:38:38,532] {processor.py:163} INFO - Started process (PID=14567) to work on /home/airflow/.local/lib/python3.7/site-packages/airflow/example_dags/example_latest_only.py
[2022-05-16 02:38:38,534] {processor.py:642} INFO - Processing file /home/airflow/.local/lib/python3.7/site-packages/airflow/example_dags/example_latest_only.py for tasks to queue
[2022-05-16 02:38:38,535] {logging_mixin.py:109} INFO - [2022-05-16 02:38:38,535] {dagbag.py:500} INFO - Filling up the DagBag from /home/airflow/.local/lib/python3.7/site-packages/airflow/example_dags/example_latest_only.py
[2022-05-16 02:38:38,542] {processor.py:652} INFO - DAG(s) dict_keys(['latest_only']) retrieved from /home/airflow/.local/lib/python3.7/site-packages/airflow/example_dags/example_latest_only.py
[2022-05-16 02:38:38,564] {logging_mixin.py:109} INFO - [2022-05-16 02:38:38,564] {dag.py:2398} INFO - Sync 1 DAGs
[2022-05-16 02:38:38,580] {logging_mixin.py:109} INFO - [2022-05-16 02:38:38,580] {dag.py:2937} INFO - Setting next_dagrun for latest_only to 2022-05-15T22:38:38.579980+00:00
[2022-05-16 02:38:38,590] {processor.py:171} INFO - Processing /home/airflow/.local/lib/python3.7/site-packages/airflow/example_dags/example_latest_only.py took 0.063 seconds
[2022-05-16 02:39:09,867] {processor.py:163} INFO - Started process (PID=14625) to work on /home/airflow/.local/lib/python3.7/site-packages/airflow/example_dags/example_latest_only.py
[2022-05-16 02:39:09,871] {processor.py:642} INFO - Processing file /home/airflow/.local/lib/python3.7/site-packages/airflow/example_dags/example_latest_only.py for tasks to queue
[2022-05-16 02:39:09,874] {logging_mixin.py:109} INFO - [2022-05-16 02:39:09,874] {dagbag.py:500} INFO - Filling up the DagBag from /home/airflow/.local/lib/python3.7/site-packages/airflow/example_dags/example_latest_only.py
[2022-05-16 02:39:09,885] {processor.py:652} INFO - DAG(s) dict_keys(['latest_only']) retrieved from /home/airflow/.local/lib/python3.7/site-packages/airflow/example_dags/example_latest_only.py
[2022-05-16 02:39:09,932] {logging_mixin.py:109} INFO - [2022-05-16 02:39:09,932] {dag.py:2398} INFO - Sync 1 DAGs
[2022-05-16 02:39:09,989] {logging_mixin.py:109} INFO - [2022-05-16 02:39:09,989] {dag.py:2937} INFO - Setting next_dagrun for latest_only to 2022-05-15T22:39:09.988524+00:00
[2022-05-16 02:39:10,021] {processor.py:171} INFO - Processing /home/airflow/.local/lib/python3.7/site-packages/airflow/example_dags/example_latest_only.py took 0.160 seconds
[2022-05-16 02:39:40,484] {processor.py:163} INFO - Started process (PID=14679) to work on /home/airflow/.local/lib/python3.7/site-packages/airflow/example_dags/example_latest_only.py
[2022-05-16 02:39:40,485] {processor.py:642} INFO - Processing file /home/airflow/.local/lib/python3.7/site-packages/airflow/example_dags/example_latest_only.py for tasks to queue
[2022-05-16 02:39:40,487] {logging_mixin.py:109} INFO - [2022-05-16 02:39:40,486] {dagbag.py:500} INFO - Filling up the DagBag from /home/airflow/.local/lib/python3.7/site-packages/airflow/example_dags/example_latest_only.py
[2022-05-16 02:39:40,494] {processor.py:652} INFO - DAG(s) dict_keys(['latest_only']) retrieved from /home/airflow/.local/lib/python3.7/site-packages/airflow/example_dags/example_latest_only.py
[2022-05-16 02:39:40,518] {logging_mixin.py:109} INFO - [2022-05-16 02:39:40,518] {dag.py:2398} INFO - Sync 1 DAGs
[2022-05-16 02:39:40,535] {logging_mixin.py:109} INFO - [2022-05-16 02:39:40,535] {dag.py:2937} INFO - Setting next_dagrun for latest_only to 2022-05-15T22:39:40.535373+00:00
[2022-05-16 02:39:40,545] {processor.py:171} INFO - Processing /home/airflow/.local/lib/python3.7/site-packages/airflow/example_dags/example_latest_only.py took 0.065 seconds
[2022-05-16 02:40:10,867] {processor.py:163} INFO - Started process (PID=14739) to work on /home/airflow/.local/lib/python3.7/site-packages/airflow/example_dags/example_latest_only.py
[2022-05-16 02:40:10,868] {processor.py:642} INFO - Processing file /home/airflow/.local/lib/python3.7/site-packages/airflow/example_dags/example_latest_only.py for tasks to queue
[2022-05-16 02:40:10,870] {logging_mixin.py:109} INFO - [2022-05-16 02:40:10,870] {dagbag.py:500} INFO - Filling up the DagBag from /home/airflow/.local/lib/python3.7/site-packages/airflow/example_dags/example_latest_only.py
[2022-05-16 02:40:10,877] {processor.py:652} INFO - DAG(s) dict_keys(['latest_only']) retrieved from /home/airflow/.local/lib/python3.7/site-packages/airflow/example_dags/example_latest_only.py
[2022-05-16 02:40:10,904] {logging_mixin.py:109} INFO - [2022-05-16 02:40:10,904] {dag.py:2398} INFO - Sync 1 DAGs
[2022-05-16 02:40:10,922] {logging_mixin.py:109} INFO - [2022-05-16 02:40:10,922] {dag.py:2937} INFO - Setting next_dagrun for latest_only to 2022-05-15T22:40:10.922464+00:00
[2022-05-16 02:40:10,934] {processor.py:171} INFO - Processing /home/airflow/.local/lib/python3.7/site-packages/airflow/example_dags/example_latest_only.py took 0.072 seconds
[2022-05-16 02:40:41,161] {processor.py:163} INFO - Started process (PID=14791) to work on /home/airflow/.local/lib/python3.7/site-packages/airflow/example_dags/example_latest_only.py
[2022-05-16 02:40:41,163] {processor.py:642} INFO - Processing file /home/airflow/.local/lib/python3.7/site-packages/airflow/example_dags/example_latest_only.py for tasks to queue
[2022-05-16 02:40:41,164] {logging_mixin.py:109} INFO - [2022-05-16 02:40:41,164] {dagbag.py:500} INFO - Filling up the DagBag from /home/airflow/.local/lib/python3.7/site-packages/airflow/example_dags/example_latest_only.py
[2022-05-16 02:40:41,171] {processor.py:652} INFO - DAG(s) dict_keys(['latest_only']) retrieved from /home/airflow/.local/lib/python3.7/site-packages/airflow/example_dags/example_latest_only.py
[2022-05-16 02:40:41,193] {logging_mixin.py:109} INFO - [2022-05-16 02:40:41,193] {dag.py:2398} INFO - Sync 1 DAGs
[2022-05-16 02:40:41,212] {logging_mixin.py:109} INFO - [2022-05-16 02:40:41,212] {dag.py:2937} INFO - Setting next_dagrun for latest_only to 2022-05-15T22:40:41.212294+00:00
[2022-05-16 02:40:41,223] {processor.py:171} INFO - Processing /home/airflow/.local/lib/python3.7/site-packages/airflow/example_dags/example_latest_only.py took 0.066 seconds
[2022-05-16 02:41:11,622] {processor.py:163} INFO - Started process (PID=14853) to work on /home/airflow/.local/lib/python3.7/site-packages/airflow/example_dags/example_latest_only.py
[2022-05-16 02:41:11,624] {processor.py:642} INFO - Processing file /home/airflow/.local/lib/python3.7/site-packages/airflow/example_dags/example_latest_only.py for tasks to queue
[2022-05-16 02:41:11,625] {logging_mixin.py:109} INFO - [2022-05-16 02:41:11,625] {dagbag.py:500} INFO - Filling up the DagBag from /home/airflow/.local/lib/python3.7/site-packages/airflow/example_dags/example_latest_only.py
[2022-05-16 02:41:11,633] {processor.py:652} INFO - DAG(s) dict_keys(['latest_only']) retrieved from /home/airflow/.local/lib/python3.7/site-packages/airflow/example_dags/example_latest_only.py
[2022-05-16 02:41:11,656] {logging_mixin.py:109} INFO - [2022-05-16 02:41:11,656] {dag.py:2398} INFO - Sync 1 DAGs
[2022-05-16 02:41:11,673] {logging_mixin.py:109} INFO - [2022-05-16 02:41:11,672] {dag.py:2937} INFO - Setting next_dagrun for latest_only to 2022-05-15T22:41:11.672664+00:00
[2022-05-16 02:41:11,682] {processor.py:171} INFO - Processing /home/airflow/.local/lib/python3.7/site-packages/airflow/example_dags/example_latest_only.py took 0.064 seconds
[2022-05-16 02:41:41,899] {processor.py:163} INFO - Started process (PID=14904) to work on /home/airflow/.local/lib/python3.7/site-packages/airflow/example_dags/example_latest_only.py
[2022-05-16 02:41:41,900] {processor.py:642} INFO - Processing file /home/airflow/.local/lib/python3.7/site-packages/airflow/example_dags/example_latest_only.py for tasks to queue
[2022-05-16 02:41:41,902] {logging_mixin.py:109} INFO - [2022-05-16 02:41:41,902] {dagbag.py:500} INFO - Filling up the DagBag from /home/airflow/.local/lib/python3.7/site-packages/airflow/example_dags/example_latest_only.py
[2022-05-16 02:41:41,909] {processor.py:652} INFO - DAG(s) dict_keys(['latest_only']) retrieved from /home/airflow/.local/lib/python3.7/site-packages/airflow/example_dags/example_latest_only.py
[2022-05-16 02:41:41,929] {logging_mixin.py:109} INFO - [2022-05-16 02:41:41,929] {dag.py:2398} INFO - Sync 1 DAGs
[2022-05-16 02:41:41,947] {logging_mixin.py:109} INFO - [2022-05-16 02:41:41,946] {dag.py:2937} INFO - Setting next_dagrun for latest_only to 2022-05-15T22:41:41.946650+00:00
[2022-05-16 02:41:41,957] {processor.py:171} INFO - Processing /home/airflow/.local/lib/python3.7/site-packages/airflow/example_dags/example_latest_only.py took 0.063 seconds
[2022-05-16 02:42:12,324] {processor.py:163} INFO - Started process (PID=14965) to work on /home/airflow/.local/lib/python3.7/site-packages/airflow/example_dags/example_latest_only.py
[2022-05-16 02:42:12,327] {processor.py:642} INFO - Processing file /home/airflow/.local/lib/python3.7/site-packages/airflow/example_dags/example_latest_only.py for tasks to queue
[2022-05-16 02:42:12,328] {logging_mixin.py:109} INFO - [2022-05-16 02:42:12,328] {dagbag.py:500} INFO - Filling up the DagBag from /home/airflow/.local/lib/python3.7/site-packages/airflow/example_dags/example_latest_only.py
[2022-05-16 02:42:12,335] {processor.py:652} INFO - DAG(s) dict_keys(['latest_only']) retrieved from /home/airflow/.local/lib/python3.7/site-packages/airflow/example_dags/example_latest_only.py
[2022-05-16 02:42:12,358] {logging_mixin.py:109} INFO - [2022-05-16 02:42:12,358] {dag.py:2398} INFO - Sync 1 DAGs
[2022-05-16 02:42:12,378] {logging_mixin.py:109} INFO - [2022-05-16 02:42:12,377] {dag.py:2937} INFO - Setting next_dagrun for latest_only to 2022-05-15T22:42:12.377659+00:00
[2022-05-16 02:42:12,389] {processor.py:171} INFO - Processing /home/airflow/.local/lib/python3.7/site-packages/airflow/example_dags/example_latest_only.py took 0.068 seconds
[2022-05-16 02:42:44,170] {processor.py:163} INFO - Started process (PID=15017) to work on /home/airflow/.local/lib/python3.7/site-packages/airflow/example_dags/example_latest_only.py
[2022-05-16 02:42:44,177] {processor.py:642} INFO - Processing file /home/airflow/.local/lib/python3.7/site-packages/airflow/example_dags/example_latest_only.py for tasks to queue
[2022-05-16 02:42:44,182] {logging_mixin.py:109} INFO - [2022-05-16 02:42:44,181] {dagbag.py:500} INFO - Filling up the DagBag from /home/airflow/.local/lib/python3.7/site-packages/airflow/example_dags/example_latest_only.py
[2022-05-16 02:42:44,192] {processor.py:652} INFO - DAG(s) dict_keys(['latest_only']) retrieved from /home/airflow/.local/lib/python3.7/site-packages/airflow/example_dags/example_latest_only.py
[2022-05-16 02:42:44,240] {logging_mixin.py:109} INFO - [2022-05-16 02:42:44,240] {dag.py:2398} INFO - Sync 1 DAGs
[2022-05-16 02:42:44,274] {logging_mixin.py:109} INFO - [2022-05-16 02:42:44,274] {dag.py:2937} INFO - Setting next_dagrun for latest_only to 2022-05-15T22:42:44.274335+00:00
[2022-05-16 02:42:44,288] {processor.py:171} INFO - Processing /home/airflow/.local/lib/python3.7/site-packages/airflow/example_dags/example_latest_only.py took 0.138 seconds
[2022-05-16 02:51:02,026] {processor.py:163} INFO - Started process (PID=15060) to work on /home/airflow/.local/lib/python3.7/site-packages/airflow/example_dags/example_latest_only.py
[2022-05-16 02:51:02,029] {processor.py:642} INFO - Processing file /home/airflow/.local/lib/python3.7/site-packages/airflow/example_dags/example_latest_only.py for tasks to queue
[2022-05-16 02:51:02,032] {logging_mixin.py:109} INFO - [2022-05-16 02:51:02,032] {dagbag.py:500} INFO - Filling up the DagBag from /home/airflow/.local/lib/python3.7/site-packages/airflow/example_dags/example_latest_only.py
[2022-05-16 02:51:02,055] {processor.py:652} INFO - DAG(s) dict_keys(['latest_only']) retrieved from /home/airflow/.local/lib/python3.7/site-packages/airflow/example_dags/example_latest_only.py
[2022-05-16 02:51:02,106] {logging_mixin.py:109} INFO - [2022-05-16 02:51:02,105] {dag.py:2398} INFO - Sync 1 DAGs
[2022-05-16 02:51:02,153] {logging_mixin.py:109} INFO - [2022-05-16 02:51:02,153] {dag.py:2937} INFO - Setting next_dagrun for latest_only to 2022-05-15T22:51:02.153255+00:00
[2022-05-16 02:51:02,184] {processor.py:171} INFO - Processing /home/airflow/.local/lib/python3.7/site-packages/airflow/example_dags/example_latest_only.py took 0.169 seconds
[2022-05-16 02:51:32,948] {processor.py:163} INFO - Started process (PID=15114) to work on /home/airflow/.local/lib/python3.7/site-packages/airflow/example_dags/example_latest_only.py
[2022-05-16 02:51:32,950] {processor.py:642} INFO - Processing file /home/airflow/.local/lib/python3.7/site-packages/airflow/example_dags/example_latest_only.py for tasks to queue
[2022-05-16 02:51:32,953] {logging_mixin.py:109} INFO - [2022-05-16 02:51:32,953] {dagbag.py:500} INFO - Filling up the DagBag from /home/airflow/.local/lib/python3.7/site-packages/airflow/example_dags/example_latest_only.py
[2022-05-16 02:51:32,965] {processor.py:652} INFO - DAG(s) dict_keys(['latest_only']) retrieved from /home/airflow/.local/lib/python3.7/site-packages/airflow/example_dags/example_latest_only.py
[2022-05-16 02:51:33,012] {logging_mixin.py:109} INFO - [2022-05-16 02:51:33,012] {dag.py:2398} INFO - Sync 1 DAGs
[2022-05-16 02:51:33,047] {logging_mixin.py:109} INFO - [2022-05-16 02:51:33,047] {dag.py:2937} INFO - Setting next_dagrun for latest_only to 2022-05-15T22:51:33.047363+00:00
[2022-05-16 02:51:33,069] {processor.py:171} INFO - Processing /home/airflow/.local/lib/python3.7/site-packages/airflow/example_dags/example_latest_only.py took 0.126 seconds
[2022-05-16 02:52:03,425] {processor.py:163} INFO - Started process (PID=15174) to work on /home/airflow/.local/lib/python3.7/site-packages/airflow/example_dags/example_latest_only.py
[2022-05-16 02:52:03,428] {processor.py:642} INFO - Processing file /home/airflow/.local/lib/python3.7/site-packages/airflow/example_dags/example_latest_only.py for tasks to queue
[2022-05-16 02:52:03,429] {logging_mixin.py:109} INFO - [2022-05-16 02:52:03,429] {dagbag.py:500} INFO - Filling up the DagBag from /home/airflow/.local/lib/python3.7/site-packages/airflow/example_dags/example_latest_only.py
[2022-05-16 02:52:03,436] {processor.py:652} INFO - DAG(s) dict_keys(['latest_only']) retrieved from /home/airflow/.local/lib/python3.7/site-packages/airflow/example_dags/example_latest_only.py
[2022-05-16 02:52:03,460] {logging_mixin.py:109} INFO - [2022-05-16 02:52:03,460] {dag.py:2398} INFO - Sync 1 DAGs
[2022-05-16 02:52:03,479] {logging_mixin.py:109} INFO - [2022-05-16 02:52:03,479] {dag.py:2937} INFO - Setting next_dagrun for latest_only to 2022-05-15T22:52:03.478847+00:00
[2022-05-16 02:52:03,504] {processor.py:171} INFO - Processing /home/airflow/.local/lib/python3.7/site-packages/airflow/example_dags/example_latest_only.py took 0.082 seconds
[2022-05-16 02:52:34,002] {processor.py:163} INFO - Started process (PID=15235) to work on /home/airflow/.local/lib/python3.7/site-packages/airflow/example_dags/example_latest_only.py
[2022-05-16 02:52:34,013] {processor.py:642} INFO - Processing file /home/airflow/.local/lib/python3.7/site-packages/airflow/example_dags/example_latest_only.py for tasks to queue
[2022-05-16 02:52:34,015] {logging_mixin.py:109} INFO - [2022-05-16 02:52:34,015] {dagbag.py:500} INFO - Filling up the DagBag from /home/airflow/.local/lib/python3.7/site-packages/airflow/example_dags/example_latest_only.py
[2022-05-16 02:52:34,025] {processor.py:652} INFO - DAG(s) dict_keys(['latest_only']) retrieved from /home/airflow/.local/lib/python3.7/site-packages/airflow/example_dags/example_latest_only.py
[2022-05-16 02:52:34,061] {logging_mixin.py:109} INFO - [2022-05-16 02:52:34,061] {dag.py:2398} INFO - Sync 1 DAGs
[2022-05-16 02:52:34,097] {logging_mixin.py:109} INFO - [2022-05-16 02:52:34,097] {dag.py:2937} INFO - Setting next_dagrun for latest_only to 2022-05-15T22:52:34.097247+00:00
[2022-05-16 02:52:34,121] {processor.py:171} INFO - Processing /home/airflow/.local/lib/python3.7/site-packages/airflow/example_dags/example_latest_only.py took 0.123 seconds
[2022-05-16 02:53:04,579] {processor.py:163} INFO - Started process (PID=15287) to work on /home/airflow/.local/lib/python3.7/site-packages/airflow/example_dags/example_latest_only.py
[2022-05-16 02:53:04,582] {processor.py:642} INFO - Processing file /home/airflow/.local/lib/python3.7/site-packages/airflow/example_dags/example_latest_only.py for tasks to queue
[2022-05-16 02:53:04,584] {logging_mixin.py:109} INFO - [2022-05-16 02:53:04,584] {dagbag.py:500} INFO - Filling up the DagBag from /home/airflow/.local/lib/python3.7/site-packages/airflow/example_dags/example_latest_only.py
[2022-05-16 02:53:04,592] {processor.py:652} INFO - DAG(s) dict_keys(['latest_only']) retrieved from /home/airflow/.local/lib/python3.7/site-packages/airflow/example_dags/example_latest_only.py
[2022-05-16 02:53:04,615] {logging_mixin.py:109} INFO - [2022-05-16 02:53:04,615] {dag.py:2398} INFO - Sync 1 DAGs
[2022-05-16 02:53:04,633] {logging_mixin.py:109} INFO - [2022-05-16 02:53:04,633] {dag.py:2937} INFO - Setting next_dagrun for latest_only to 2022-05-15T22:53:04.633301+00:00
[2022-05-16 02:53:04,644] {processor.py:171} INFO - Processing /home/airflow/.local/lib/python3.7/site-packages/airflow/example_dags/example_latest_only.py took 0.069 seconds
[2022-05-16 02:53:35,038] {processor.py:163} INFO - Started process (PID=15351) to work on /home/airflow/.local/lib/python3.7/site-packages/airflow/example_dags/example_latest_only.py
[2022-05-16 02:53:35,041] {processor.py:642} INFO - Processing file /home/airflow/.local/lib/python3.7/site-packages/airflow/example_dags/example_latest_only.py for tasks to queue
[2022-05-16 02:53:35,043] {logging_mixin.py:109} INFO - [2022-05-16 02:53:35,043] {dagbag.py:500} INFO - Filling up the DagBag from /home/airflow/.local/lib/python3.7/site-packages/airflow/example_dags/example_latest_only.py
[2022-05-16 02:53:35,053] {processor.py:652} INFO - DAG(s) dict_keys(['latest_only']) retrieved from /home/airflow/.local/lib/python3.7/site-packages/airflow/example_dags/example_latest_only.py
[2022-05-16 02:53:35,085] {logging_mixin.py:109} INFO - [2022-05-16 02:53:35,085] {dag.py:2398} INFO - Sync 1 DAGs
[2022-05-16 02:53:35,109] {logging_mixin.py:109} INFO - [2022-05-16 02:53:35,109] {dag.py:2937} INFO - Setting next_dagrun for latest_only to 2022-05-15T22:53:35.109081+00:00
[2022-05-16 02:53:35,123] {processor.py:171} INFO - Processing /home/airflow/.local/lib/python3.7/site-packages/airflow/example_dags/example_latest_only.py took 0.092 seconds
