[2022-05-16 00:06:45,594] {processor.py:163} INFO - Started process (PID=11283) to work on /home/airflow/.local/lib/python3.7/site-packages/airflow/example_dags/example_dag_decorator.py
[2022-05-16 00:06:45,649] {processor.py:642} INFO - Processing file /home/airflow/.local/lib/python3.7/site-packages/airflow/example_dags/example_dag_decorator.py for tasks to queue
[2022-05-16 00:06:45,693] {logging_mixin.py:109} INFO - [2022-05-16 00:06:45,679] {dagbag.py:500} INFO - Filling up the DagBag from /home/airflow/.local/lib/python3.7/site-packages/airflow/example_dags/example_dag_decorator.py
[2022-05-16 00:06:46,334] {processor.py:652} INFO - DAG(s) dict_keys(['example_dag_decorator']) retrieved from /home/airflow/.local/lib/python3.7/site-packages/airflow/example_dags/example_dag_decorator.py
[2022-05-16 00:06:48,757] {logging_mixin.py:109} INFO - [2022-05-16 00:06:48,757] {dag.py:2398} INFO - Sync 1 DAGs
[2022-05-16 00:06:48,990] {logging_mixin.py:109} INFO - [2022-05-16 00:06:48,989] {dag.py:2937} INFO - Setting next_dagrun for example_dag_decorator to None
[2022-05-16 00:06:49,158] {processor.py:171} INFO - Processing /home/airflow/.local/lib/python3.7/site-packages/airflow/example_dags/example_dag_decorator.py took 3.704 seconds
[2022-05-16 00:07:19,418] {processor.py:163} INFO - Started process (PID=11338) to work on /home/airflow/.local/lib/python3.7/site-packages/airflow/example_dags/example_dag_decorator.py
[2022-05-16 00:07:19,434] {processor.py:642} INFO - Processing file /home/airflow/.local/lib/python3.7/site-packages/airflow/example_dags/example_dag_decorator.py for tasks to queue
[2022-05-16 00:07:19,441] {logging_mixin.py:109} INFO - [2022-05-16 00:07:19,441] {dagbag.py:500} INFO - Filling up the DagBag from /home/airflow/.local/lib/python3.7/site-packages/airflow/example_dags/example_dag_decorator.py
[2022-05-16 00:07:19,609] {processor.py:652} INFO - DAG(s) dict_keys(['example_dag_decorator']) retrieved from /home/airflow/.local/lib/python3.7/site-packages/airflow/example_dags/example_dag_decorator.py
[2022-05-16 00:07:21,665] {logging_mixin.py:109} INFO - [2022-05-16 00:07:21,664] {dag.py:2398} INFO - Sync 1 DAGs
[2022-05-16 00:07:21,901] {logging_mixin.py:109} INFO - [2022-05-16 00:07:21,901] {dag.py:2937} INFO - Setting next_dagrun for example_dag_decorator to None
[2022-05-16 00:07:22,029] {processor.py:171} INFO - Processing /home/airflow/.local/lib/python3.7/site-packages/airflow/example_dags/example_dag_decorator.py took 2.628 seconds
[2022-05-16 00:07:52,265] {processor.py:163} INFO - Started process (PID=11382) to work on /home/airflow/.local/lib/python3.7/site-packages/airflow/example_dags/example_dag_decorator.py
[2022-05-16 00:07:52,283] {processor.py:642} INFO - Processing file /home/airflow/.local/lib/python3.7/site-packages/airflow/example_dags/example_dag_decorator.py for tasks to queue
[2022-05-16 00:07:52,302] {logging_mixin.py:109} INFO - [2022-05-16 00:07:52,302] {dagbag.py:500} INFO - Filling up the DagBag from /home/airflow/.local/lib/python3.7/site-packages/airflow/example_dags/example_dag_decorator.py
[2022-05-16 00:07:52,451] {processor.py:652} INFO - DAG(s) dict_keys(['example_dag_decorator']) retrieved from /home/airflow/.local/lib/python3.7/site-packages/airflow/example_dags/example_dag_decorator.py
[2022-05-16 00:07:53,883] {logging_mixin.py:109} INFO - [2022-05-16 00:07:53,882] {dag.py:2398} INFO - Sync 1 DAGs
[2022-05-16 00:07:53,963] {logging_mixin.py:109} INFO - [2022-05-16 00:07:53,963] {dag.py:2937} INFO - Setting next_dagrun for example_dag_decorator to None
[2022-05-16 00:07:54,031] {processor.py:171} INFO - Processing /home/airflow/.local/lib/python3.7/site-packages/airflow/example_dags/example_dag_decorator.py took 1.793 seconds
[2022-05-16 00:08:24,967] {processor.py:163} INFO - Started process (PID=11434) to work on /home/airflow/.local/lib/python3.7/site-packages/airflow/example_dags/example_dag_decorator.py
[2022-05-16 00:08:24,986] {processor.py:642} INFO - Processing file /home/airflow/.local/lib/python3.7/site-packages/airflow/example_dags/example_dag_decorator.py for tasks to queue
[2022-05-16 00:08:24,998] {logging_mixin.py:109} INFO - [2022-05-16 00:08:24,997] {dagbag.py:500} INFO - Filling up the DagBag from /home/airflow/.local/lib/python3.7/site-packages/airflow/example_dags/example_dag_decorator.py
[2022-05-16 00:08:25,221] {processor.py:652} INFO - DAG(s) dict_keys(['example_dag_decorator']) retrieved from /home/airflow/.local/lib/python3.7/site-packages/airflow/example_dags/example_dag_decorator.py
[2022-05-16 00:08:26,742] {logging_mixin.py:109} INFO - [2022-05-16 00:08:26,741] {dag.py:2398} INFO - Sync 1 DAGs
[2022-05-16 00:08:26,854] {logging_mixin.py:109} INFO - [2022-05-16 00:08:26,853] {dag.py:2937} INFO - Setting next_dagrun for example_dag_decorator to None
[2022-05-16 00:08:26,932] {processor.py:171} INFO - Processing /home/airflow/.local/lib/python3.7/site-packages/airflow/example_dags/example_dag_decorator.py took 1.993 seconds
[2022-05-16 00:08:57,566] {processor.py:163} INFO - Started process (PID=11488) to work on /home/airflow/.local/lib/python3.7/site-packages/airflow/example_dags/example_dag_decorator.py
[2022-05-16 00:08:57,582] {processor.py:642} INFO - Processing file /home/airflow/.local/lib/python3.7/site-packages/airflow/example_dags/example_dag_decorator.py for tasks to queue
[2022-05-16 00:08:57,590] {logging_mixin.py:109} INFO - [2022-05-16 00:08:57,590] {dagbag.py:500} INFO - Filling up the DagBag from /home/airflow/.local/lib/python3.7/site-packages/airflow/example_dags/example_dag_decorator.py
[2022-05-16 00:08:57,793] {processor.py:652} INFO - DAG(s) dict_keys(['example_dag_decorator']) retrieved from /home/airflow/.local/lib/python3.7/site-packages/airflow/example_dags/example_dag_decorator.py
[2022-05-16 00:08:59,161] {logging_mixin.py:109} INFO - [2022-05-16 00:08:59,161] {dag.py:2398} INFO - Sync 1 DAGs
[2022-05-16 00:08:59,259] {logging_mixin.py:109} INFO - [2022-05-16 00:08:59,259] {dag.py:2937} INFO - Setting next_dagrun for example_dag_decorator to None
[2022-05-16 00:08:59,327] {processor.py:171} INFO - Processing /home/airflow/.local/lib/python3.7/site-packages/airflow/example_dags/example_dag_decorator.py took 1.792 seconds
[2022-05-16 00:39:09,259] {processor.py:163} INFO - Started process (PID=11509) to work on /home/airflow/.local/lib/python3.7/site-packages/airflow/example_dags/example_dag_decorator.py
[2022-05-16 00:39:09,266] {processor.py:642} INFO - Processing file /home/airflow/.local/lib/python3.7/site-packages/airflow/example_dags/example_dag_decorator.py for tasks to queue
[2022-05-16 00:39:09,269] {logging_mixin.py:109} INFO - [2022-05-16 00:39:09,269] {dagbag.py:500} INFO - Filling up the DagBag from /home/airflow/.local/lib/python3.7/site-packages/airflow/example_dags/example_dag_decorator.py
[2022-05-16 00:39:09,353] {processor.py:652} INFO - DAG(s) dict_keys(['example_dag_decorator']) retrieved from /home/airflow/.local/lib/python3.7/site-packages/airflow/example_dags/example_dag_decorator.py
[2022-05-16 00:39:09,923] {logging_mixin.py:109} INFO - [2022-05-16 00:39:09,922] {dag.py:2398} INFO - Sync 1 DAGs
[2022-05-16 00:39:09,966] {logging_mixin.py:109} INFO - [2022-05-16 00:39:09,966] {dag.py:2937} INFO - Setting next_dagrun for example_dag_decorator to None
[2022-05-16 00:39:09,991] {processor.py:171} INFO - Processing /home/airflow/.local/lib/python3.7/site-packages/airflow/example_dags/example_dag_decorator.py took 0.748 seconds
[2022-05-16 00:39:41,338] {processor.py:163} INFO - Started process (PID=11564) to work on /home/airflow/.local/lib/python3.7/site-packages/airflow/example_dags/example_dag_decorator.py
[2022-05-16 00:39:41,348] {processor.py:642} INFO - Processing file /home/airflow/.local/lib/python3.7/site-packages/airflow/example_dags/example_dag_decorator.py for tasks to queue
[2022-05-16 00:39:41,358] {logging_mixin.py:109} INFO - [2022-05-16 00:39:41,356] {dagbag.py:500} INFO - Filling up the DagBag from /home/airflow/.local/lib/python3.7/site-packages/airflow/example_dags/example_dag_decorator.py
[2022-05-16 00:39:41,506] {processor.py:652} INFO - DAG(s) dict_keys(['example_dag_decorator']) retrieved from /home/airflow/.local/lib/python3.7/site-packages/airflow/example_dags/example_dag_decorator.py
[2022-05-16 00:39:42,888] {logging_mixin.py:109} INFO - [2022-05-16 00:39:42,887] {dag.py:2398} INFO - Sync 1 DAGs
[2022-05-16 00:39:42,965] {logging_mixin.py:109} INFO - [2022-05-16 00:39:42,965] {dag.py:2937} INFO - Setting next_dagrun for example_dag_decorator to None
[2022-05-16 00:39:43,026] {processor.py:171} INFO - Processing /home/airflow/.local/lib/python3.7/site-packages/airflow/example_dags/example_dag_decorator.py took 1.713 seconds
[2022-05-16 00:40:13,549] {processor.py:163} INFO - Started process (PID=11617) to work on /home/airflow/.local/lib/python3.7/site-packages/airflow/example_dags/example_dag_decorator.py
[2022-05-16 00:40:13,562] {processor.py:642} INFO - Processing file /home/airflow/.local/lib/python3.7/site-packages/airflow/example_dags/example_dag_decorator.py for tasks to queue
[2022-05-16 00:40:13,570] {logging_mixin.py:109} INFO - [2022-05-16 00:40:13,570] {dagbag.py:500} INFO - Filling up the DagBag from /home/airflow/.local/lib/python3.7/site-packages/airflow/example_dags/example_dag_decorator.py
[2022-05-16 00:40:13,736] {processor.py:652} INFO - DAG(s) dict_keys(['example_dag_decorator']) retrieved from /home/airflow/.local/lib/python3.7/site-packages/airflow/example_dags/example_dag_decorator.py
[2022-05-16 00:40:15,472] {logging_mixin.py:109} INFO - [2022-05-16 00:40:15,472] {dag.py:2398} INFO - Sync 1 DAGs
[2022-05-16 00:40:15,573] {logging_mixin.py:109} INFO - [2022-05-16 00:40:15,572] {dag.py:2937} INFO - Setting next_dagrun for example_dag_decorator to None
[2022-05-16 00:40:15,636] {processor.py:171} INFO - Processing /home/airflow/.local/lib/python3.7/site-packages/airflow/example_dags/example_dag_decorator.py took 2.113 seconds
[2022-05-16 00:40:45,873] {processor.py:163} INFO - Started process (PID=11660) to work on /home/airflow/.local/lib/python3.7/site-packages/airflow/example_dags/example_dag_decorator.py
[2022-05-16 00:40:45,891] {processor.py:642} INFO - Processing file /home/airflow/.local/lib/python3.7/site-packages/airflow/example_dags/example_dag_decorator.py for tasks to queue
[2022-05-16 00:40:45,896] {logging_mixin.py:109} INFO - [2022-05-16 00:40:45,896] {dagbag.py:500} INFO - Filling up the DagBag from /home/airflow/.local/lib/python3.7/site-packages/airflow/example_dags/example_dag_decorator.py
[2022-05-16 00:40:46,043] {processor.py:652} INFO - DAG(s) dict_keys(['example_dag_decorator']) retrieved from /home/airflow/.local/lib/python3.7/site-packages/airflow/example_dags/example_dag_decorator.py
[2022-05-16 00:40:47,372] {logging_mixin.py:109} INFO - [2022-05-16 00:40:47,372] {dag.py:2398} INFO - Sync 1 DAGs
[2022-05-16 00:40:47,450] {logging_mixin.py:109} INFO - [2022-05-16 00:40:47,449] {dag.py:2937} INFO - Setting next_dagrun for example_dag_decorator to None
[2022-05-16 00:40:47,506] {processor.py:171} INFO - Processing /home/airflow/.local/lib/python3.7/site-packages/airflow/example_dags/example_dag_decorator.py took 1.661 seconds
[2022-05-16 00:41:17,787] {processor.py:163} INFO - Started process (PID=11713) to work on /home/airflow/.local/lib/python3.7/site-packages/airflow/example_dags/example_dag_decorator.py
[2022-05-16 00:41:17,799] {processor.py:642} INFO - Processing file /home/airflow/.local/lib/python3.7/site-packages/airflow/example_dags/example_dag_decorator.py for tasks to queue
[2022-05-16 00:41:17,812] {logging_mixin.py:109} INFO - [2022-05-16 00:41:17,811] {dagbag.py:500} INFO - Filling up the DagBag from /home/airflow/.local/lib/python3.7/site-packages/airflow/example_dags/example_dag_decorator.py
[2022-05-16 00:41:18,004] {processor.py:652} INFO - DAG(s) dict_keys(['example_dag_decorator']) retrieved from /home/airflow/.local/lib/python3.7/site-packages/airflow/example_dags/example_dag_decorator.py
[2022-05-16 00:41:19,828] {logging_mixin.py:109} INFO - [2022-05-16 00:41:19,827] {dag.py:2398} INFO - Sync 1 DAGs
[2022-05-16 00:41:19,951] {logging_mixin.py:109} INFO - [2022-05-16 00:41:19,950] {dag.py:2937} INFO - Setting next_dagrun for example_dag_decorator to None
[2022-05-16 00:41:20,034] {processor.py:171} INFO - Processing /home/airflow/.local/lib/python3.7/site-packages/airflow/example_dags/example_dag_decorator.py took 2.271 seconds
[2022-05-16 00:41:50,296] {processor.py:163} INFO - Started process (PID=11766) to work on /home/airflow/.local/lib/python3.7/site-packages/airflow/example_dags/example_dag_decorator.py
[2022-05-16 00:41:50,305] {processor.py:642} INFO - Processing file /home/airflow/.local/lib/python3.7/site-packages/airflow/example_dags/example_dag_decorator.py for tasks to queue
[2022-05-16 00:41:50,311] {logging_mixin.py:109} INFO - [2022-05-16 00:41:50,311] {dagbag.py:500} INFO - Filling up the DagBag from /home/airflow/.local/lib/python3.7/site-packages/airflow/example_dags/example_dag_decorator.py
[2022-05-16 00:41:50,456] {processor.py:652} INFO - DAG(s) dict_keys(['example_dag_decorator']) retrieved from /home/airflow/.local/lib/python3.7/site-packages/airflow/example_dags/example_dag_decorator.py
[2022-05-16 00:41:51,838] {logging_mixin.py:109} INFO - [2022-05-16 00:41:51,838] {dag.py:2398} INFO - Sync 1 DAGs
[2022-05-16 00:41:51,925] {logging_mixin.py:109} INFO - [2022-05-16 00:41:51,925] {dag.py:2937} INFO - Setting next_dagrun for example_dag_decorator to None
[2022-05-16 00:41:51,991] {processor.py:171} INFO - Processing /home/airflow/.local/lib/python3.7/site-packages/airflow/example_dags/example_dag_decorator.py took 1.714 seconds
[2022-05-16 00:42:22,620] {processor.py:163} INFO - Started process (PID=11809) to work on /home/airflow/.local/lib/python3.7/site-packages/airflow/example_dags/example_dag_decorator.py
[2022-05-16 00:42:22,630] {processor.py:642} INFO - Processing file /home/airflow/.local/lib/python3.7/site-packages/airflow/example_dags/example_dag_decorator.py for tasks to queue
[2022-05-16 00:42:22,636] {logging_mixin.py:109} INFO - [2022-05-16 00:42:22,635] {dagbag.py:500} INFO - Filling up the DagBag from /home/airflow/.local/lib/python3.7/site-packages/airflow/example_dags/example_dag_decorator.py
[2022-05-16 00:42:22,789] {processor.py:652} INFO - DAG(s) dict_keys(['example_dag_decorator']) retrieved from /home/airflow/.local/lib/python3.7/site-packages/airflow/example_dags/example_dag_decorator.py
[2022-05-16 00:42:24,042] {logging_mixin.py:109} INFO - [2022-05-16 00:42:24,041] {dag.py:2398} INFO - Sync 1 DAGs
[2022-05-16 00:42:24,122] {logging_mixin.py:109} INFO - [2022-05-16 00:42:24,122] {dag.py:2937} INFO - Setting next_dagrun for example_dag_decorator to None
[2022-05-16 00:42:24,210] {processor.py:171} INFO - Processing /home/airflow/.local/lib/python3.7/site-packages/airflow/example_dags/example_dag_decorator.py took 1.612 seconds
[2022-05-16 00:42:54,835] {processor.py:163} INFO - Started process (PID=11861) to work on /home/airflow/.local/lib/python3.7/site-packages/airflow/example_dags/example_dag_decorator.py
[2022-05-16 00:42:54,844] {processor.py:642} INFO - Processing file /home/airflow/.local/lib/python3.7/site-packages/airflow/example_dags/example_dag_decorator.py for tasks to queue
[2022-05-16 00:42:54,849] {logging_mixin.py:109} INFO - [2022-05-16 00:42:54,848] {dagbag.py:500} INFO - Filling up the DagBag from /home/airflow/.local/lib/python3.7/site-packages/airflow/example_dags/example_dag_decorator.py
[2022-05-16 00:42:54,990] {processor.py:652} INFO - DAG(s) dict_keys(['example_dag_decorator']) retrieved from /home/airflow/.local/lib/python3.7/site-packages/airflow/example_dags/example_dag_decorator.py
[2022-05-16 00:42:56,212] {logging_mixin.py:109} INFO - [2022-05-16 00:42:56,211] {dag.py:2398} INFO - Sync 1 DAGs
[2022-05-16 00:42:56,310] {logging_mixin.py:109} INFO - [2022-05-16 00:42:56,309] {dag.py:2937} INFO - Setting next_dagrun for example_dag_decorator to None
[2022-05-16 00:42:56,364] {processor.py:171} INFO - Processing /home/airflow/.local/lib/python3.7/site-packages/airflow/example_dags/example_dag_decorator.py took 1.568 seconds
[2022-05-16 00:43:26,608] {processor.py:163} INFO - Started process (PID=11903) to work on /home/airflow/.local/lib/python3.7/site-packages/airflow/example_dags/example_dag_decorator.py
[2022-05-16 00:43:26,627] {processor.py:642} INFO - Processing file /home/airflow/.local/lib/python3.7/site-packages/airflow/example_dags/example_dag_decorator.py for tasks to queue
[2022-05-16 00:43:26,635] {logging_mixin.py:109} INFO - [2022-05-16 00:43:26,635] {dagbag.py:500} INFO - Filling up the DagBag from /home/airflow/.local/lib/python3.7/site-packages/airflow/example_dags/example_dag_decorator.py
[2022-05-16 00:43:26,830] {processor.py:652} INFO - DAG(s) dict_keys(['example_dag_decorator']) retrieved from /home/airflow/.local/lib/python3.7/site-packages/airflow/example_dags/example_dag_decorator.py
[2022-05-16 00:43:28,613] {logging_mixin.py:109} INFO - [2022-05-16 00:43:28,613] {dag.py:2398} INFO - Sync 1 DAGs
[2022-05-16 00:43:28,724] {logging_mixin.py:109} INFO - [2022-05-16 00:43:28,724] {dag.py:2937} INFO - Setting next_dagrun for example_dag_decorator to None
[2022-05-16 00:43:28,800] {processor.py:171} INFO - Processing /home/airflow/.local/lib/python3.7/site-packages/airflow/example_dags/example_dag_decorator.py took 2.209 seconds
[2022-05-16 00:43:59,383] {processor.py:163} INFO - Started process (PID=11955) to work on /home/airflow/.local/lib/python3.7/site-packages/airflow/example_dags/example_dag_decorator.py
[2022-05-16 00:43:59,385] {processor.py:642} INFO - Processing file /home/airflow/.local/lib/python3.7/site-packages/airflow/example_dags/example_dag_decorator.py for tasks to queue
[2022-05-16 00:43:59,387] {logging_mixin.py:109} INFO - [2022-05-16 00:43:59,387] {dagbag.py:500} INFO - Filling up the DagBag from /home/airflow/.local/lib/python3.7/site-packages/airflow/example_dags/example_dag_decorator.py
[2022-05-16 00:43:59,417] {processor.py:652} INFO - DAG(s) dict_keys(['example_dag_decorator']) retrieved from /home/airflow/.local/lib/python3.7/site-packages/airflow/example_dags/example_dag_decorator.py
[2022-05-16 00:43:59,663] {logging_mixin.py:109} INFO - [2022-05-16 00:43:59,663] {dag.py:2398} INFO - Sync 1 DAGs
[2022-05-16 00:43:59,681] {logging_mixin.py:109} INFO - [2022-05-16 00:43:59,681] {dag.py:2937} INFO - Setting next_dagrun for example_dag_decorator to None
[2022-05-16 00:43:59,693] {processor.py:171} INFO - Processing /home/airflow/.local/lib/python3.7/site-packages/airflow/example_dags/example_dag_decorator.py took 0.314 seconds
[2022-05-16 01:14:09,378] {processor.py:163} INFO - Started process (PID=11982) to work on /home/airflow/.local/lib/python3.7/site-packages/airflow/example_dags/example_dag_decorator.py
[2022-05-16 01:14:09,392] {processor.py:642} INFO - Processing file /home/airflow/.local/lib/python3.7/site-packages/airflow/example_dags/example_dag_decorator.py for tasks to queue
[2022-05-16 01:14:09,397] {logging_mixin.py:109} INFO - [2022-05-16 01:14:09,397] {dagbag.py:500} INFO - Filling up the DagBag from /home/airflow/.local/lib/python3.7/site-packages/airflow/example_dags/example_dag_decorator.py
[2022-05-16 01:14:09,630] {processor.py:652} INFO - DAG(s) dict_keys(['example_dag_decorator']) retrieved from /home/airflow/.local/lib/python3.7/site-packages/airflow/example_dags/example_dag_decorator.py
[2022-05-16 01:14:12,340] {logging_mixin.py:109} INFO - [2022-05-16 01:14:12,340] {dag.py:2398} INFO - Sync 1 DAGs
[2022-05-16 01:14:12,501] {logging_mixin.py:109} INFO - [2022-05-16 01:14:12,501] {dag.py:2937} INFO - Setting next_dagrun for example_dag_decorator to None
[2022-05-16 01:14:12,657] {processor.py:171} INFO - Processing /home/airflow/.local/lib/python3.7/site-packages/airflow/example_dags/example_dag_decorator.py took 3.317 seconds
[2022-05-16 01:14:43,267] {processor.py:163} INFO - Started process (PID=12034) to work on /home/airflow/.local/lib/python3.7/site-packages/airflow/example_dags/example_dag_decorator.py
[2022-05-16 01:14:43,297] {processor.py:642} INFO - Processing file /home/airflow/.local/lib/python3.7/site-packages/airflow/example_dags/example_dag_decorator.py for tasks to queue
[2022-05-16 01:14:43,310] {logging_mixin.py:109} INFO - [2022-05-16 01:14:43,309] {dagbag.py:500} INFO - Filling up the DagBag from /home/airflow/.local/lib/python3.7/site-packages/airflow/example_dags/example_dag_decorator.py
[2022-05-16 01:14:43,540] {processor.py:652} INFO - DAG(s) dict_keys(['example_dag_decorator']) retrieved from /home/airflow/.local/lib/python3.7/site-packages/airflow/example_dags/example_dag_decorator.py
[2022-05-16 01:14:46,828] {logging_mixin.py:109} INFO - [2022-05-16 01:14:46,827] {dag.py:2398} INFO - Sync 1 DAGs
[2022-05-16 01:14:46,999] {logging_mixin.py:109} INFO - [2022-05-16 01:14:46,998] {dag.py:2937} INFO - Setting next_dagrun for example_dag_decorator to None
[2022-05-16 01:14:47,100] {processor.py:171} INFO - Processing /home/airflow/.local/lib/python3.7/site-packages/airflow/example_dags/example_dag_decorator.py took 3.893 seconds
[2022-05-16 01:15:17,550] {processor.py:163} INFO - Started process (PID=12080) to work on /home/airflow/.local/lib/python3.7/site-packages/airflow/example_dags/example_dag_decorator.py
[2022-05-16 01:15:17,569] {processor.py:642} INFO - Processing file /home/airflow/.local/lib/python3.7/site-packages/airflow/example_dags/example_dag_decorator.py for tasks to queue
[2022-05-16 01:15:17,594] {logging_mixin.py:109} INFO - [2022-05-16 01:15:17,593] {dagbag.py:500} INFO - Filling up the DagBag from /home/airflow/.local/lib/python3.7/site-packages/airflow/example_dags/example_dag_decorator.py
[2022-05-16 01:15:17,748] {processor.py:652} INFO - DAG(s) dict_keys(['example_dag_decorator']) retrieved from /home/airflow/.local/lib/python3.7/site-packages/airflow/example_dags/example_dag_decorator.py
[2022-05-16 01:15:19,633] {logging_mixin.py:109} INFO - [2022-05-16 01:15:19,633] {dag.py:2398} INFO - Sync 1 DAGs
[2022-05-16 01:15:19,740] {logging_mixin.py:109} INFO - [2022-05-16 01:15:19,740] {dag.py:2937} INFO - Setting next_dagrun for example_dag_decorator to None
[2022-05-16 01:15:19,810] {processor.py:171} INFO - Processing /home/airflow/.local/lib/python3.7/site-packages/airflow/example_dags/example_dag_decorator.py took 2.296 seconds
[2022-05-16 01:15:50,297] {processor.py:163} INFO - Started process (PID=12135) to work on /home/airflow/.local/lib/python3.7/site-packages/airflow/example_dags/example_dag_decorator.py
[2022-05-16 01:15:50,306] {processor.py:642} INFO - Processing file /home/airflow/.local/lib/python3.7/site-packages/airflow/example_dags/example_dag_decorator.py for tasks to queue
[2022-05-16 01:15:50,312] {logging_mixin.py:109} INFO - [2022-05-16 01:15:50,311] {dagbag.py:500} INFO - Filling up the DagBag from /home/airflow/.local/lib/python3.7/site-packages/airflow/example_dags/example_dag_decorator.py
[2022-05-16 01:15:50,408] {processor.py:652} INFO - DAG(s) dict_keys(['example_dag_decorator']) retrieved from /home/airflow/.local/lib/python3.7/site-packages/airflow/example_dags/example_dag_decorator.py
[2022-05-16 01:15:51,595] {logging_mixin.py:109} INFO - [2022-05-16 01:15:51,594] {dag.py:2398} INFO - Sync 1 DAGs
[2022-05-16 01:15:51,674] {logging_mixin.py:109} INFO - [2022-05-16 01:15:51,673] {dag.py:2937} INFO - Setting next_dagrun for example_dag_decorator to None
[2022-05-16 01:15:51,729] {processor.py:171} INFO - Processing /home/airflow/.local/lib/python3.7/site-packages/airflow/example_dags/example_dag_decorator.py took 1.451 seconds
[2022-05-16 01:16:22,414] {processor.py:163} INFO - Started process (PID=12186) to work on /home/airflow/.local/lib/python3.7/site-packages/airflow/example_dags/example_dag_decorator.py
[2022-05-16 01:16:22,423] {processor.py:642} INFO - Processing file /home/airflow/.local/lib/python3.7/site-packages/airflow/example_dags/example_dag_decorator.py for tasks to queue
[2022-05-16 01:16:22,430] {logging_mixin.py:109} INFO - [2022-05-16 01:16:22,429] {dagbag.py:500} INFO - Filling up the DagBag from /home/airflow/.local/lib/python3.7/site-packages/airflow/example_dags/example_dag_decorator.py
[2022-05-16 01:16:22,513] {processor.py:652} INFO - DAG(s) dict_keys(['example_dag_decorator']) retrieved from /home/airflow/.local/lib/python3.7/site-packages/airflow/example_dags/example_dag_decorator.py
[2022-05-16 01:16:23,487] {logging_mixin.py:109} INFO - [2022-05-16 01:16:23,487] {dag.py:2398} INFO - Sync 1 DAGs
[2022-05-16 01:16:23,547] {logging_mixin.py:109} INFO - [2022-05-16 01:16:23,546] {dag.py:2937} INFO - Setting next_dagrun for example_dag_decorator to None
[2022-05-16 01:16:23,592] {processor.py:171} INFO - Processing /home/airflow/.local/lib/python3.7/site-packages/airflow/example_dags/example_dag_decorator.py took 1.195 seconds
[2022-05-16 01:16:54,249] {processor.py:163} INFO - Started process (PID=12231) to work on /home/airflow/.local/lib/python3.7/site-packages/airflow/example_dags/example_dag_decorator.py
[2022-05-16 01:16:54,258] {processor.py:642} INFO - Processing file /home/airflow/.local/lib/python3.7/site-packages/airflow/example_dags/example_dag_decorator.py for tasks to queue
[2022-05-16 01:16:54,264] {logging_mixin.py:109} INFO - [2022-05-16 01:16:54,263] {dagbag.py:500} INFO - Filling up the DagBag from /home/airflow/.local/lib/python3.7/site-packages/airflow/example_dags/example_dag_decorator.py
[2022-05-16 01:16:54,347] {processor.py:652} INFO - DAG(s) dict_keys(['example_dag_decorator']) retrieved from /home/airflow/.local/lib/python3.7/site-packages/airflow/example_dags/example_dag_decorator.py
[2022-05-16 01:16:55,374] {logging_mixin.py:109} INFO - [2022-05-16 01:16:55,374] {dag.py:2398} INFO - Sync 1 DAGs
[2022-05-16 01:16:55,434] {logging_mixin.py:109} INFO - [2022-05-16 01:16:55,434] {dag.py:2937} INFO - Setting next_dagrun for example_dag_decorator to None
[2022-05-16 01:16:55,488] {processor.py:171} INFO - Processing /home/airflow/.local/lib/python3.7/site-packages/airflow/example_dags/example_dag_decorator.py took 1.257 seconds
[2022-05-16 01:17:25,953] {processor.py:163} INFO - Started process (PID=12284) to work on /home/airflow/.local/lib/python3.7/site-packages/airflow/example_dags/example_dag_decorator.py
[2022-05-16 01:17:25,965] {processor.py:642} INFO - Processing file /home/airflow/.local/lib/python3.7/site-packages/airflow/example_dags/example_dag_decorator.py for tasks to queue
[2022-05-16 01:17:25,972] {logging_mixin.py:109} INFO - [2022-05-16 01:17:25,971] {dagbag.py:500} INFO - Filling up the DagBag from /home/airflow/.local/lib/python3.7/site-packages/airflow/example_dags/example_dag_decorator.py
[2022-05-16 01:17:26,066] {processor.py:652} INFO - DAG(s) dict_keys(['example_dag_decorator']) retrieved from /home/airflow/.local/lib/python3.7/site-packages/airflow/example_dags/example_dag_decorator.py
[2022-05-16 01:17:27,069] {logging_mixin.py:109} INFO - [2022-05-16 01:17:27,069] {dag.py:2398} INFO - Sync 1 DAGs
[2022-05-16 01:17:27,133] {logging_mixin.py:109} INFO - [2022-05-16 01:17:27,132] {dag.py:2937} INFO - Setting next_dagrun for example_dag_decorator to None
[2022-05-16 01:17:27,184] {processor.py:171} INFO - Processing /home/airflow/.local/lib/python3.7/site-packages/airflow/example_dags/example_dag_decorator.py took 1.247 seconds
[2022-05-16 01:17:57,790] {processor.py:163} INFO - Started process (PID=12326) to work on /home/airflow/.local/lib/python3.7/site-packages/airflow/example_dags/example_dag_decorator.py
[2022-05-16 01:17:57,799] {processor.py:642} INFO - Processing file /home/airflow/.local/lib/python3.7/site-packages/airflow/example_dags/example_dag_decorator.py for tasks to queue
[2022-05-16 01:17:57,804] {logging_mixin.py:109} INFO - [2022-05-16 01:17:57,804] {dagbag.py:500} INFO - Filling up the DagBag from /home/airflow/.local/lib/python3.7/site-packages/airflow/example_dags/example_dag_decorator.py
[2022-05-16 01:17:57,893] {processor.py:652} INFO - DAG(s) dict_keys(['example_dag_decorator']) retrieved from /home/airflow/.local/lib/python3.7/site-packages/airflow/example_dags/example_dag_decorator.py
[2022-05-16 01:17:58,866] {logging_mixin.py:109} INFO - [2022-05-16 01:17:58,866] {dag.py:2398} INFO - Sync 1 DAGs
[2022-05-16 01:17:58,926] {logging_mixin.py:109} INFO - [2022-05-16 01:17:58,926] {dag.py:2937} INFO - Setting next_dagrun for example_dag_decorator to None
[2022-05-16 01:17:58,987] {processor.py:171} INFO - Processing /home/airflow/.local/lib/python3.7/site-packages/airflow/example_dags/example_dag_decorator.py took 1.214 seconds
[2022-05-16 01:18:29,497] {processor.py:163} INFO - Started process (PID=12379) to work on /home/airflow/.local/lib/python3.7/site-packages/airflow/example_dags/example_dag_decorator.py
[2022-05-16 01:18:29,520] {processor.py:642} INFO - Processing file /home/airflow/.local/lib/python3.7/site-packages/airflow/example_dags/example_dag_decorator.py for tasks to queue
[2022-05-16 01:18:29,533] {logging_mixin.py:109} INFO - [2022-05-16 01:18:29,530] {dagbag.py:500} INFO - Filling up the DagBag from /home/airflow/.local/lib/python3.7/site-packages/airflow/example_dags/example_dag_decorator.py
[2022-05-16 01:18:29,652] {processor.py:652} INFO - DAG(s) dict_keys(['example_dag_decorator']) retrieved from /home/airflow/.local/lib/python3.7/site-packages/airflow/example_dags/example_dag_decorator.py
[2022-05-16 01:18:30,675] {logging_mixin.py:109} INFO - [2022-05-16 01:18:30,675] {dag.py:2398} INFO - Sync 1 DAGs
[2022-05-16 01:18:30,740] {logging_mixin.py:109} INFO - [2022-05-16 01:18:30,740] {dag.py:2937} INFO - Setting next_dagrun for example_dag_decorator to None
[2022-05-16 01:18:30,793] {processor.py:171} INFO - Processing /home/airflow/.local/lib/python3.7/site-packages/airflow/example_dags/example_dag_decorator.py took 1.315 seconds
[2022-05-16 01:19:01,437] {processor.py:163} INFO - Started process (PID=12432) to work on /home/airflow/.local/lib/python3.7/site-packages/airflow/example_dags/example_dag_decorator.py
[2022-05-16 01:19:01,450] {processor.py:642} INFO - Processing file /home/airflow/.local/lib/python3.7/site-packages/airflow/example_dags/example_dag_decorator.py for tasks to queue
[2022-05-16 01:19:01,457] {logging_mixin.py:109} INFO - [2022-05-16 01:19:01,457] {dagbag.py:500} INFO - Filling up the DagBag from /home/airflow/.local/lib/python3.7/site-packages/airflow/example_dags/example_dag_decorator.py
[2022-05-16 01:19:01,573] {processor.py:652} INFO - DAG(s) dict_keys(['example_dag_decorator']) retrieved from /home/airflow/.local/lib/python3.7/site-packages/airflow/example_dags/example_dag_decorator.py
[2022-05-16 01:19:02,733] {logging_mixin.py:109} INFO - [2022-05-16 01:19:02,732] {dag.py:2398} INFO - Sync 1 DAGs
[2022-05-16 01:19:02,802] {logging_mixin.py:109} INFO - [2022-05-16 01:19:02,802] {dag.py:2937} INFO - Setting next_dagrun for example_dag_decorator to None
[2022-05-16 01:19:02,864] {processor.py:171} INFO - Processing /home/airflow/.local/lib/python3.7/site-packages/airflow/example_dags/example_dag_decorator.py took 1.446 seconds
[2022-05-16 01:19:33,066] {processor.py:163} INFO - Started process (PID=12475) to work on /home/airflow/.local/lib/python3.7/site-packages/airflow/example_dags/example_dag_decorator.py
[2022-05-16 01:19:33,076] {processor.py:642} INFO - Processing file /home/airflow/.local/lib/python3.7/site-packages/airflow/example_dags/example_dag_decorator.py for tasks to queue
[2022-05-16 01:19:33,083] {logging_mixin.py:109} INFO - [2022-05-16 01:19:33,082] {dagbag.py:500} INFO - Filling up the DagBag from /home/airflow/.local/lib/python3.7/site-packages/airflow/example_dags/example_dag_decorator.py
[2022-05-16 01:19:33,184] {processor.py:652} INFO - DAG(s) dict_keys(['example_dag_decorator']) retrieved from /home/airflow/.local/lib/python3.7/site-packages/airflow/example_dags/example_dag_decorator.py
[2022-05-16 01:19:34,214] {logging_mixin.py:109} INFO - [2022-05-16 01:19:34,214] {dag.py:2398} INFO - Sync 1 DAGs
[2022-05-16 01:19:34,282] {logging_mixin.py:109} INFO - [2022-05-16 01:19:34,281] {dag.py:2937} INFO - Setting next_dagrun for example_dag_decorator to None
[2022-05-16 01:19:34,329] {processor.py:171} INFO - Processing /home/airflow/.local/lib/python3.7/site-packages/airflow/example_dags/example_dag_decorator.py took 1.280 seconds
[2022-05-16 01:20:04,713] {processor.py:163} INFO - Started process (PID=12528) to work on /home/airflow/.local/lib/python3.7/site-packages/airflow/example_dags/example_dag_decorator.py
[2022-05-16 01:20:04,722] {processor.py:642} INFO - Processing file /home/airflow/.local/lib/python3.7/site-packages/airflow/example_dags/example_dag_decorator.py for tasks to queue
[2022-05-16 01:20:04,730] {logging_mixin.py:109} INFO - [2022-05-16 01:20:04,729] {dagbag.py:500} INFO - Filling up the DagBag from /home/airflow/.local/lib/python3.7/site-packages/airflow/example_dags/example_dag_decorator.py
[2022-05-16 01:20:04,825] {processor.py:652} INFO - DAG(s) dict_keys(['example_dag_decorator']) retrieved from /home/airflow/.local/lib/python3.7/site-packages/airflow/example_dags/example_dag_decorator.py
[2022-05-16 01:20:06,167] {logging_mixin.py:109} INFO - [2022-05-16 01:20:06,166] {dag.py:2398} INFO - Sync 1 DAGs
[2022-05-16 01:20:06,259] {logging_mixin.py:109} INFO - [2022-05-16 01:20:06,259] {dag.py:2937} INFO - Setting next_dagrun for example_dag_decorator to None
[2022-05-16 01:20:06,315] {processor.py:171} INFO - Processing /home/airflow/.local/lib/python3.7/site-packages/airflow/example_dags/example_dag_decorator.py took 1.648 seconds
[2022-05-16 01:50:34,433] {processor.py:163} INFO - Started process (PID=12583) to work on /home/airflow/.local/lib/python3.7/site-packages/airflow/example_dags/example_dag_decorator.py
[2022-05-16 01:50:34,484] {processor.py:642} INFO - Processing file /home/airflow/.local/lib/python3.7/site-packages/airflow/example_dags/example_dag_decorator.py for tasks to queue
[2022-05-16 01:50:34,496] {logging_mixin.py:109} INFO - [2022-05-16 01:50:34,495] {dagbag.py:500} INFO - Filling up the DagBag from /home/airflow/.local/lib/python3.7/site-packages/airflow/example_dags/example_dag_decorator.py
[2022-05-16 01:50:34,731] {processor.py:652} INFO - DAG(s) dict_keys(['example_dag_decorator']) retrieved from /home/airflow/.local/lib/python3.7/site-packages/airflow/example_dags/example_dag_decorator.py
[2022-05-16 01:50:36,375] {logging_mixin.py:109} INFO - [2022-05-16 01:50:36,374] {dag.py:2398} INFO - Sync 1 DAGs
[2022-05-16 01:50:36,460] {logging_mixin.py:109} INFO - [2022-05-16 01:50:36,459] {dag.py:2937} INFO - Setting next_dagrun for example_dag_decorator to None
[2022-05-16 01:50:36,522] {processor.py:171} INFO - Processing /home/airflow/.local/lib/python3.7/site-packages/airflow/example_dags/example_dag_decorator.py took 2.132 seconds
[2022-05-16 01:51:07,955] {processor.py:163} INFO - Started process (PID=12634) to work on /home/airflow/.local/lib/python3.7/site-packages/airflow/example_dags/example_dag_decorator.py
[2022-05-16 01:51:07,985] {processor.py:642} INFO - Processing file /home/airflow/.local/lib/python3.7/site-packages/airflow/example_dags/example_dag_decorator.py for tasks to queue
[2022-05-16 01:51:08,001] {logging_mixin.py:109} INFO - [2022-05-16 01:51:07,991] {dagbag.py:500} INFO - Filling up the DagBag from /home/airflow/.local/lib/python3.7/site-packages/airflow/example_dags/example_dag_decorator.py
[2022-05-16 01:51:08,158] {processor.py:652} INFO - DAG(s) dict_keys(['example_dag_decorator']) retrieved from /home/airflow/.local/lib/python3.7/site-packages/airflow/example_dags/example_dag_decorator.py
[2022-05-16 01:51:09,722] {logging_mixin.py:109} INFO - [2022-05-16 01:51:09,721] {dag.py:2398} INFO - Sync 1 DAGs
[2022-05-16 01:51:09,826] {logging_mixin.py:109} INFO - [2022-05-16 01:51:09,826] {dag.py:2937} INFO - Setting next_dagrun for example_dag_decorator to None
[2022-05-16 01:51:09,913] {processor.py:171} INFO - Processing /home/airflow/.local/lib/python3.7/site-packages/airflow/example_dags/example_dag_decorator.py took 1.998 seconds
[2022-05-16 01:51:40,372] {processor.py:163} INFO - Started process (PID=12678) to work on /home/airflow/.local/lib/python3.7/site-packages/airflow/example_dags/example_dag_decorator.py
[2022-05-16 01:51:40,384] {processor.py:642} INFO - Processing file /home/airflow/.local/lib/python3.7/site-packages/airflow/example_dags/example_dag_decorator.py for tasks to queue
[2022-05-16 01:51:40,390] {logging_mixin.py:109} INFO - [2022-05-16 01:51:40,389] {dagbag.py:500} INFO - Filling up the DagBag from /home/airflow/.local/lib/python3.7/site-packages/airflow/example_dags/example_dag_decorator.py
[2022-05-16 01:51:40,490] {processor.py:652} INFO - DAG(s) dict_keys(['example_dag_decorator']) retrieved from /home/airflow/.local/lib/python3.7/site-packages/airflow/example_dags/example_dag_decorator.py
[2022-05-16 01:51:41,665] {logging_mixin.py:109} INFO - [2022-05-16 01:51:41,665] {dag.py:2398} INFO - Sync 1 DAGs
[2022-05-16 01:51:41,730] {logging_mixin.py:109} INFO - [2022-05-16 01:51:41,730] {dag.py:2937} INFO - Setting next_dagrun for example_dag_decorator to None
[2022-05-16 01:51:41,788] {processor.py:171} INFO - Processing /home/airflow/.local/lib/python3.7/site-packages/airflow/example_dags/example_dag_decorator.py took 1.434 seconds
[2022-05-16 01:52:12,545] {processor.py:163} INFO - Started process (PID=12731) to work on /home/airflow/.local/lib/python3.7/site-packages/airflow/example_dags/example_dag_decorator.py
[2022-05-16 01:52:12,566] {processor.py:642} INFO - Processing file /home/airflow/.local/lib/python3.7/site-packages/airflow/example_dags/example_dag_decorator.py for tasks to queue
[2022-05-16 01:52:12,581] {logging_mixin.py:109} INFO - [2022-05-16 01:52:12,579] {dagbag.py:500} INFO - Filling up the DagBag from /home/airflow/.local/lib/python3.7/site-packages/airflow/example_dags/example_dag_decorator.py
[2022-05-16 01:52:12,667] {processor.py:652} INFO - DAG(s) dict_keys(['example_dag_decorator']) retrieved from /home/airflow/.local/lib/python3.7/site-packages/airflow/example_dags/example_dag_decorator.py
[2022-05-16 01:52:13,735] {logging_mixin.py:109} INFO - [2022-05-16 01:52:13,735] {dag.py:2398} INFO - Sync 1 DAGs
[2022-05-16 01:52:13,809] {logging_mixin.py:109} INFO - [2022-05-16 01:52:13,809] {dag.py:2937} INFO - Setting next_dagrun for example_dag_decorator to None
[2022-05-16 01:52:13,886] {processor.py:171} INFO - Processing /home/airflow/.local/lib/python3.7/site-packages/airflow/example_dags/example_dag_decorator.py took 1.368 seconds
[2022-05-16 01:52:44,065] {processor.py:163} INFO - Started process (PID=12774) to work on /home/airflow/.local/lib/python3.7/site-packages/airflow/example_dags/example_dag_decorator.py
[2022-05-16 01:52:44,075] {processor.py:642} INFO - Processing file /home/airflow/.local/lib/python3.7/site-packages/airflow/example_dags/example_dag_decorator.py for tasks to queue
[2022-05-16 01:52:44,084] {logging_mixin.py:109} INFO - [2022-05-16 01:52:44,083] {dagbag.py:500} INFO - Filling up the DagBag from /home/airflow/.local/lib/python3.7/site-packages/airflow/example_dags/example_dag_decorator.py
[2022-05-16 01:52:44,213] {processor.py:652} INFO - DAG(s) dict_keys(['example_dag_decorator']) retrieved from /home/airflow/.local/lib/python3.7/site-packages/airflow/example_dags/example_dag_decorator.py
[2022-05-16 01:52:45,216] {logging_mixin.py:109} INFO - [2022-05-16 01:52:45,215] {dag.py:2398} INFO - Sync 1 DAGs
[2022-05-16 01:52:45,281] {logging_mixin.py:109} INFO - [2022-05-16 01:52:45,281] {dag.py:2937} INFO - Setting next_dagrun for example_dag_decorator to None
[2022-05-16 01:52:45,338] {processor.py:171} INFO - Processing /home/airflow/.local/lib/python3.7/site-packages/airflow/example_dags/example_dag_decorator.py took 1.294 seconds
[2022-05-16 01:53:16,059] {processor.py:163} INFO - Started process (PID=12827) to work on /home/airflow/.local/lib/python3.7/site-packages/airflow/example_dags/example_dag_decorator.py
[2022-05-16 01:53:16,068] {processor.py:642} INFO - Processing file /home/airflow/.local/lib/python3.7/site-packages/airflow/example_dags/example_dag_decorator.py for tasks to queue
[2022-05-16 01:53:16,074] {logging_mixin.py:109} INFO - [2022-05-16 01:53:16,073] {dagbag.py:500} INFO - Filling up the DagBag from /home/airflow/.local/lib/python3.7/site-packages/airflow/example_dags/example_dag_decorator.py
[2022-05-16 01:53:16,174] {processor.py:652} INFO - DAG(s) dict_keys(['example_dag_decorator']) retrieved from /home/airflow/.local/lib/python3.7/site-packages/airflow/example_dags/example_dag_decorator.py
[2022-05-16 01:53:17,183] {logging_mixin.py:109} INFO - [2022-05-16 01:53:17,183] {dag.py:2398} INFO - Sync 1 DAGs
[2022-05-16 01:53:17,246] {logging_mixin.py:109} INFO - [2022-05-16 01:53:17,245] {dag.py:2937} INFO - Setting next_dagrun for example_dag_decorator to None
[2022-05-16 01:53:17,297] {processor.py:171} INFO - Processing /home/airflow/.local/lib/python3.7/site-packages/airflow/example_dags/example_dag_decorator.py took 1.263 seconds
[2022-05-16 01:53:47,655] {processor.py:163} INFO - Started process (PID=12878) to work on /home/airflow/.local/lib/python3.7/site-packages/airflow/example_dags/example_dag_decorator.py
[2022-05-16 01:53:47,664] {processor.py:642} INFO - Processing file /home/airflow/.local/lib/python3.7/site-packages/airflow/example_dags/example_dag_decorator.py for tasks to queue
[2022-05-16 01:53:47,671] {logging_mixin.py:109} INFO - [2022-05-16 01:53:47,671] {dagbag.py:500} INFO - Filling up the DagBag from /home/airflow/.local/lib/python3.7/site-packages/airflow/example_dags/example_dag_decorator.py
[2022-05-16 01:53:47,758] {processor.py:652} INFO - DAG(s) dict_keys(['example_dag_decorator']) retrieved from /home/airflow/.local/lib/python3.7/site-packages/airflow/example_dags/example_dag_decorator.py
[2022-05-16 01:53:48,936] {logging_mixin.py:109} INFO - [2022-05-16 01:53:48,936] {dag.py:2398} INFO - Sync 1 DAGs
[2022-05-16 01:53:49,009] {logging_mixin.py:109} INFO - [2022-05-16 01:53:49,009] {dag.py:2937} INFO - Setting next_dagrun for example_dag_decorator to None
[2022-05-16 01:53:49,064] {processor.py:171} INFO - Processing /home/airflow/.local/lib/python3.7/site-packages/airflow/example_dags/example_dag_decorator.py took 1.426 seconds
[2022-05-16 01:54:19,596] {processor.py:163} INFO - Started process (PID=12921) to work on /home/airflow/.local/lib/python3.7/site-packages/airflow/example_dags/example_dag_decorator.py
[2022-05-16 01:54:19,630] {processor.py:642} INFO - Processing file /home/airflow/.local/lib/python3.7/site-packages/airflow/example_dags/example_dag_decorator.py for tasks to queue
[2022-05-16 01:54:19,651] {logging_mixin.py:109} INFO - [2022-05-16 01:54:19,649] {dagbag.py:500} INFO - Filling up the DagBag from /home/airflow/.local/lib/python3.7/site-packages/airflow/example_dags/example_dag_decorator.py
[2022-05-16 01:54:19,779] {processor.py:652} INFO - DAG(s) dict_keys(['example_dag_decorator']) retrieved from /home/airflow/.local/lib/python3.7/site-packages/airflow/example_dags/example_dag_decorator.py
[2022-05-16 01:54:21,040] {logging_mixin.py:109} INFO - [2022-05-16 01:54:21,039] {dag.py:2398} INFO - Sync 1 DAGs
[2022-05-16 01:54:21,122] {logging_mixin.py:109} INFO - [2022-05-16 01:54:21,122] {dag.py:2937} INFO - Setting next_dagrun for example_dag_decorator to None
[2022-05-16 01:54:21,179] {processor.py:171} INFO - Processing /home/airflow/.local/lib/python3.7/site-packages/airflow/example_dags/example_dag_decorator.py took 1.604 seconds
[2022-05-16 01:54:51,742] {processor.py:163} INFO - Started process (PID=12974) to work on /home/airflow/.local/lib/python3.7/site-packages/airflow/example_dags/example_dag_decorator.py
[2022-05-16 01:54:51,750] {processor.py:642} INFO - Processing file /home/airflow/.local/lib/python3.7/site-packages/airflow/example_dags/example_dag_decorator.py for tasks to queue
[2022-05-16 01:54:51,757] {logging_mixin.py:109} INFO - [2022-05-16 01:54:51,756] {dagbag.py:500} INFO - Filling up the DagBag from /home/airflow/.local/lib/python3.7/site-packages/airflow/example_dags/example_dag_decorator.py
[2022-05-16 01:54:51,845] {processor.py:652} INFO - DAG(s) dict_keys(['example_dag_decorator']) retrieved from /home/airflow/.local/lib/python3.7/site-packages/airflow/example_dags/example_dag_decorator.py
[2022-05-16 01:54:52,931] {logging_mixin.py:109} INFO - [2022-05-16 01:54:52,931] {dag.py:2398} INFO - Sync 1 DAGs
[2022-05-16 01:54:52,997] {logging_mixin.py:109} INFO - [2022-05-16 01:54:52,997] {dag.py:2937} INFO - Setting next_dagrun for example_dag_decorator to None
[2022-05-16 01:54:53,046] {processor.py:171} INFO - Processing /home/airflow/.local/lib/python3.7/site-packages/airflow/example_dags/example_dag_decorator.py took 1.320 seconds
[2022-05-16 01:55:23,478] {processor.py:163} INFO - Started process (PID=13027) to work on /home/airflow/.local/lib/python3.7/site-packages/airflow/example_dags/example_dag_decorator.py
[2022-05-16 01:55:23,490] {processor.py:642} INFO - Processing file /home/airflow/.local/lib/python3.7/site-packages/airflow/example_dags/example_dag_decorator.py for tasks to queue
[2022-05-16 01:55:23,496] {logging_mixin.py:109} INFO - [2022-05-16 01:55:23,496] {dagbag.py:500} INFO - Filling up the DagBag from /home/airflow/.local/lib/python3.7/site-packages/airflow/example_dags/example_dag_decorator.py
[2022-05-16 01:55:23,586] {processor.py:652} INFO - DAG(s) dict_keys(['example_dag_decorator']) retrieved from /home/airflow/.local/lib/python3.7/site-packages/airflow/example_dags/example_dag_decorator.py
[2022-05-16 01:55:24,665] {logging_mixin.py:109} INFO - [2022-05-16 01:55:24,664] {dag.py:2398} INFO - Sync 1 DAGs
[2022-05-16 01:55:24,733] {logging_mixin.py:109} INFO - [2022-05-16 01:55:24,733] {dag.py:2937} INFO - Setting next_dagrun for example_dag_decorator to None
[2022-05-16 01:55:24,792] {processor.py:171} INFO - Processing /home/airflow/.local/lib/python3.7/site-packages/airflow/example_dags/example_dag_decorator.py took 1.332 seconds
[2022-05-16 01:55:55,489] {processor.py:163} INFO - Started process (PID=13072) to work on /home/airflow/.local/lib/python3.7/site-packages/airflow/example_dags/example_dag_decorator.py
[2022-05-16 01:55:55,501] {processor.py:642} INFO - Processing file /home/airflow/.local/lib/python3.7/site-packages/airflow/example_dags/example_dag_decorator.py for tasks to queue
[2022-05-16 01:55:55,508] {logging_mixin.py:109} INFO - [2022-05-16 01:55:55,507] {dagbag.py:500} INFO - Filling up the DagBag from /home/airflow/.local/lib/python3.7/site-packages/airflow/example_dags/example_dag_decorator.py
[2022-05-16 01:55:55,608] {processor.py:652} INFO - DAG(s) dict_keys(['example_dag_decorator']) retrieved from /home/airflow/.local/lib/python3.7/site-packages/airflow/example_dags/example_dag_decorator.py
[2022-05-16 01:55:56,762] {logging_mixin.py:109} INFO - [2022-05-16 01:55:56,762] {dag.py:2398} INFO - Sync 1 DAGs
[2022-05-16 01:55:56,829] {logging_mixin.py:109} INFO - [2022-05-16 01:55:56,829] {dag.py:2937} INFO - Setting next_dagrun for example_dag_decorator to None
[2022-05-16 01:55:56,880] {processor.py:171} INFO - Processing /home/airflow/.local/lib/python3.7/site-packages/airflow/example_dags/example_dag_decorator.py took 1.413 seconds
[2022-05-16 01:56:27,433] {processor.py:163} INFO - Started process (PID=13127) to work on /home/airflow/.local/lib/python3.7/site-packages/airflow/example_dags/example_dag_decorator.py
[2022-05-16 01:56:27,444] {processor.py:642} INFO - Processing file /home/airflow/.local/lib/python3.7/site-packages/airflow/example_dags/example_dag_decorator.py for tasks to queue
[2022-05-16 01:56:27,451] {logging_mixin.py:109} INFO - [2022-05-16 01:56:27,450] {dagbag.py:500} INFO - Filling up the DagBag from /home/airflow/.local/lib/python3.7/site-packages/airflow/example_dags/example_dag_decorator.py
[2022-05-16 01:56:27,558] {processor.py:652} INFO - DAG(s) dict_keys(['example_dag_decorator']) retrieved from /home/airflow/.local/lib/python3.7/site-packages/airflow/example_dags/example_dag_decorator.py
[2022-05-16 01:56:28,737] {logging_mixin.py:109} INFO - [2022-05-16 01:56:28,736] {dag.py:2398} INFO - Sync 1 DAGs
[2022-05-16 01:56:28,814] {logging_mixin.py:109} INFO - [2022-05-16 01:56:28,814] {dag.py:2937} INFO - Setting next_dagrun for example_dag_decorator to None
[2022-05-16 01:56:28,888] {processor.py:171} INFO - Processing /home/airflow/.local/lib/python3.7/site-packages/airflow/example_dags/example_dag_decorator.py took 1.479 seconds
[2022-05-16 01:56:59,040] {processor.py:163} INFO - Started process (PID=13170) to work on /home/airflow/.local/lib/python3.7/site-packages/airflow/example_dags/example_dag_decorator.py
[2022-05-16 01:56:59,049] {processor.py:642} INFO - Processing file /home/airflow/.local/lib/python3.7/site-packages/airflow/example_dags/example_dag_decorator.py for tasks to queue
[2022-05-16 01:56:59,056] {logging_mixin.py:109} INFO - [2022-05-16 01:56:59,055] {dagbag.py:500} INFO - Filling up the DagBag from /home/airflow/.local/lib/python3.7/site-packages/airflow/example_dags/example_dag_decorator.py
[2022-05-16 01:56:59,160] {processor.py:652} INFO - DAG(s) dict_keys(['example_dag_decorator']) retrieved from /home/airflow/.local/lib/python3.7/site-packages/airflow/example_dags/example_dag_decorator.py
[2022-05-16 01:57:00,301] {logging_mixin.py:109} INFO - [2022-05-16 01:57:00,301] {dag.py:2398} INFO - Sync 1 DAGs
[2022-05-16 01:57:00,422] {logging_mixin.py:109} INFO - [2022-05-16 01:57:00,421] {dag.py:2937} INFO - Setting next_dagrun for example_dag_decorator to None
[2022-05-16 01:57:00,489] {processor.py:171} INFO - Processing /home/airflow/.local/lib/python3.7/site-packages/airflow/example_dags/example_dag_decorator.py took 1.472 seconds
[2022-05-16 01:57:30,680] {processor.py:163} INFO - Started process (PID=13222) to work on /home/airflow/.local/lib/python3.7/site-packages/airflow/example_dags/example_dag_decorator.py
[2022-05-16 01:57:30,703] {processor.py:642} INFO - Processing file /home/airflow/.local/lib/python3.7/site-packages/airflow/example_dags/example_dag_decorator.py for tasks to queue
[2022-05-16 01:57:30,715] {logging_mixin.py:109} INFO - [2022-05-16 01:57:30,713] {dagbag.py:500} INFO - Filling up the DagBag from /home/airflow/.local/lib/python3.7/site-packages/airflow/example_dags/example_dag_decorator.py
[2022-05-16 01:57:30,805] {processor.py:652} INFO - DAG(s) dict_keys(['example_dag_decorator']) retrieved from /home/airflow/.local/lib/python3.7/site-packages/airflow/example_dags/example_dag_decorator.py
[2022-05-16 01:57:31,816] {logging_mixin.py:109} INFO - [2022-05-16 01:57:31,816] {dag.py:2398} INFO - Sync 1 DAGs
[2022-05-16 01:57:31,882] {logging_mixin.py:109} INFO - [2022-05-16 01:57:31,881] {dag.py:2937} INFO - Setting next_dagrun for example_dag_decorator to None
[2022-05-16 01:57:31,933] {processor.py:171} INFO - Processing /home/airflow/.local/lib/python3.7/site-packages/airflow/example_dags/example_dag_decorator.py took 1.303 seconds
[2022-05-16 01:58:02,354] {processor.py:163} INFO - Started process (PID=13275) to work on /home/airflow/.local/lib/python3.7/site-packages/airflow/example_dags/example_dag_decorator.py
[2022-05-16 01:58:02,378] {processor.py:642} INFO - Processing file /home/airflow/.local/lib/python3.7/site-packages/airflow/example_dags/example_dag_decorator.py for tasks to queue
[2022-05-16 01:58:02,386] {logging_mixin.py:109} INFO - [2022-05-16 01:58:02,386] {dagbag.py:500} INFO - Filling up the DagBag from /home/airflow/.local/lib/python3.7/site-packages/airflow/example_dags/example_dag_decorator.py
[2022-05-16 01:58:02,528] {processor.py:652} INFO - DAG(s) dict_keys(['example_dag_decorator']) retrieved from /home/airflow/.local/lib/python3.7/site-packages/airflow/example_dags/example_dag_decorator.py
[2022-05-16 01:58:03,650] {logging_mixin.py:109} INFO - [2022-05-16 01:58:03,650] {dag.py:2398} INFO - Sync 1 DAGs
[2022-05-16 01:58:03,746] {logging_mixin.py:109} INFO - [2022-05-16 01:58:03,745] {dag.py:2937} INFO - Setting next_dagrun for example_dag_decorator to None
[2022-05-16 01:58:03,795] {processor.py:171} INFO - Processing /home/airflow/.local/lib/python3.7/site-packages/airflow/example_dags/example_dag_decorator.py took 1.465 seconds
[2022-05-16 01:58:34,080] {processor.py:163} INFO - Started process (PID=13317) to work on /home/airflow/.local/lib/python3.7/site-packages/airflow/example_dags/example_dag_decorator.py
[2022-05-16 01:58:34,092] {processor.py:642} INFO - Processing file /home/airflow/.local/lib/python3.7/site-packages/airflow/example_dags/example_dag_decorator.py for tasks to queue
[2022-05-16 01:58:34,098] {logging_mixin.py:109} INFO - [2022-05-16 01:58:34,097] {dagbag.py:500} INFO - Filling up the DagBag from /home/airflow/.local/lib/python3.7/site-packages/airflow/example_dags/example_dag_decorator.py
[2022-05-16 01:58:34,185] {processor.py:652} INFO - DAG(s) dict_keys(['example_dag_decorator']) retrieved from /home/airflow/.local/lib/python3.7/site-packages/airflow/example_dags/example_dag_decorator.py
[2022-05-16 01:58:35,177] {logging_mixin.py:109} INFO - [2022-05-16 01:58:35,176] {dag.py:2398} INFO - Sync 1 DAGs
[2022-05-16 01:58:35,243] {logging_mixin.py:109} INFO - [2022-05-16 01:58:35,243] {dag.py:2937} INFO - Setting next_dagrun for example_dag_decorator to None
[2022-05-16 01:58:35,296] {processor.py:171} INFO - Processing /home/airflow/.local/lib/python3.7/site-packages/airflow/example_dags/example_dag_decorator.py took 1.231 seconds
[2022-05-16 01:59:05,975] {processor.py:163} INFO - Started process (PID=13368) to work on /home/airflow/.local/lib/python3.7/site-packages/airflow/example_dags/example_dag_decorator.py
[2022-05-16 01:59:05,990] {processor.py:642} INFO - Processing file /home/airflow/.local/lib/python3.7/site-packages/airflow/example_dags/example_dag_decorator.py for tasks to queue
[2022-05-16 01:59:05,997] {logging_mixin.py:109} INFO - [2022-05-16 01:59:05,996] {dagbag.py:500} INFO - Filling up the DagBag from /home/airflow/.local/lib/python3.7/site-packages/airflow/example_dags/example_dag_decorator.py
[2022-05-16 01:59:06,110] {processor.py:652} INFO - DAG(s) dict_keys(['example_dag_decorator']) retrieved from /home/airflow/.local/lib/python3.7/site-packages/airflow/example_dags/example_dag_decorator.py
[2022-05-16 01:59:07,151] {logging_mixin.py:109} INFO - [2022-05-16 01:59:07,150] {dag.py:2398} INFO - Sync 1 DAGs
[2022-05-16 01:59:07,217] {logging_mixin.py:109} INFO - [2022-05-16 01:59:07,217] {dag.py:2937} INFO - Setting next_dagrun for example_dag_decorator to None
[2022-05-16 01:59:07,266] {processor.py:171} INFO - Processing /home/airflow/.local/lib/python3.7/site-packages/airflow/example_dags/example_dag_decorator.py took 1.319 seconds
[2022-05-16 01:59:37,634] {processor.py:163} INFO - Started process (PID=13420) to work on /home/airflow/.local/lib/python3.7/site-packages/airflow/example_dags/example_dag_decorator.py
[2022-05-16 01:59:37,643] {processor.py:642} INFO - Processing file /home/airflow/.local/lib/python3.7/site-packages/airflow/example_dags/example_dag_decorator.py for tasks to queue
[2022-05-16 01:59:37,651] {logging_mixin.py:109} INFO - [2022-05-16 01:59:37,650] {dagbag.py:500} INFO - Filling up the DagBag from /home/airflow/.local/lib/python3.7/site-packages/airflow/example_dags/example_dag_decorator.py
[2022-05-16 01:59:37,744] {processor.py:652} INFO - DAG(s) dict_keys(['example_dag_decorator']) retrieved from /home/airflow/.local/lib/python3.7/site-packages/airflow/example_dags/example_dag_decorator.py
[2022-05-16 01:59:38,716] {logging_mixin.py:109} INFO - [2022-05-16 01:59:38,715] {dag.py:2398} INFO - Sync 1 DAGs
[2022-05-16 01:59:38,781] {logging_mixin.py:109} INFO - [2022-05-16 01:59:38,781] {dag.py:2937} INFO - Setting next_dagrun for example_dag_decorator to None
[2022-05-16 01:59:38,835] {processor.py:171} INFO - Processing /home/airflow/.local/lib/python3.7/site-packages/airflow/example_dags/example_dag_decorator.py took 1.225 seconds
[2022-05-16 02:00:09,038] {processor.py:163} INFO - Started process (PID=13462) to work on /home/airflow/.local/lib/python3.7/site-packages/airflow/example_dags/example_dag_decorator.py
[2022-05-16 02:00:09,046] {processor.py:642} INFO - Processing file /home/airflow/.local/lib/python3.7/site-packages/airflow/example_dags/example_dag_decorator.py for tasks to queue
[2022-05-16 02:00:09,052] {logging_mixin.py:109} INFO - [2022-05-16 02:00:09,052] {dagbag.py:500} INFO - Filling up the DagBag from /home/airflow/.local/lib/python3.7/site-packages/airflow/example_dags/example_dag_decorator.py
[2022-05-16 02:00:09,141] {processor.py:652} INFO - DAG(s) dict_keys(['example_dag_decorator']) retrieved from /home/airflow/.local/lib/python3.7/site-packages/airflow/example_dags/example_dag_decorator.py
[2022-05-16 02:00:10,173] {logging_mixin.py:109} INFO - [2022-05-16 02:00:10,173] {dag.py:2398} INFO - Sync 1 DAGs
[2022-05-16 02:00:10,246] {logging_mixin.py:109} INFO - [2022-05-16 02:00:10,243] {dag.py:2937} INFO - Setting next_dagrun for example_dag_decorator to None
[2022-05-16 02:00:10,318] {processor.py:171} INFO - Processing /home/airflow/.local/lib/python3.7/site-packages/airflow/example_dags/example_dag_decorator.py took 1.304 seconds
[2022-05-16 02:29:24,232] {processor.py:163} INFO - Started process (PID=13517) to work on /home/airflow/.local/lib/python3.7/site-packages/airflow/example_dags/example_dag_decorator.py
[2022-05-16 02:29:24,256] {processor.py:642} INFO - Processing file /home/airflow/.local/lib/python3.7/site-packages/airflow/example_dags/example_dag_decorator.py for tasks to queue
[2022-05-16 02:29:24,262] {logging_mixin.py:109} INFO - [2022-05-16 02:29:24,262] {dagbag.py:500} INFO - Filling up the DagBag from /home/airflow/.local/lib/python3.7/site-packages/airflow/example_dags/example_dag_decorator.py
[2022-05-16 02:29:24,313] {processor.py:652} INFO - DAG(s) dict_keys(['example_dag_decorator']) retrieved from /home/airflow/.local/lib/python3.7/site-packages/airflow/example_dags/example_dag_decorator.py
[2022-05-16 02:29:25,077] {logging_mixin.py:109} INFO - [2022-05-16 02:29:25,077] {dag.py:2398} INFO - Sync 1 DAGs
[2022-05-16 02:29:25,125] {logging_mixin.py:109} INFO - [2022-05-16 02:29:25,125] {dag.py:2937} INFO - Setting next_dagrun for example_dag_decorator to None
[2022-05-16 02:29:25,196] {processor.py:171} INFO - Processing /home/airflow/.local/lib/python3.7/site-packages/airflow/example_dags/example_dag_decorator.py took 0.974 seconds
[2022-05-16 02:29:55,929] {processor.py:163} INFO - Started process (PID=13572) to work on /home/airflow/.local/lib/python3.7/site-packages/airflow/example_dags/example_dag_decorator.py
[2022-05-16 02:29:55,931] {processor.py:642} INFO - Processing file /home/airflow/.local/lib/python3.7/site-packages/airflow/example_dags/example_dag_decorator.py for tasks to queue
[2022-05-16 02:29:55,933] {logging_mixin.py:109} INFO - [2022-05-16 02:29:55,933] {dagbag.py:500} INFO - Filling up the DagBag from /home/airflow/.local/lib/python3.7/site-packages/airflow/example_dags/example_dag_decorator.py
[2022-05-16 02:29:56,044] {processor.py:652} INFO - DAG(s) dict_keys(['example_dag_decorator']) retrieved from /home/airflow/.local/lib/python3.7/site-packages/airflow/example_dags/example_dag_decorator.py
[2022-05-16 02:29:56,226] {logging_mixin.py:109} INFO - [2022-05-16 02:29:56,226] {dag.py:2398} INFO - Sync 1 DAGs
[2022-05-16 02:29:56,239] {logging_mixin.py:109} INFO - [2022-05-16 02:29:56,239] {dag.py:2937} INFO - Setting next_dagrun for example_dag_decorator to None
[2022-05-16 02:29:56,250] {processor.py:171} INFO - Processing /home/airflow/.local/lib/python3.7/site-packages/airflow/example_dags/example_dag_decorator.py took 0.326 seconds
[2022-05-16 02:30:26,380] {processor.py:163} INFO - Started process (PID=13624) to work on /home/airflow/.local/lib/python3.7/site-packages/airflow/example_dags/example_dag_decorator.py
[2022-05-16 02:30:26,382] {processor.py:642} INFO - Processing file /home/airflow/.local/lib/python3.7/site-packages/airflow/example_dags/example_dag_decorator.py for tasks to queue
[2022-05-16 02:30:26,383] {logging_mixin.py:109} INFO - [2022-05-16 02:30:26,383] {dagbag.py:500} INFO - Filling up the DagBag from /home/airflow/.local/lib/python3.7/site-packages/airflow/example_dags/example_dag_decorator.py
[2022-05-16 02:30:26,493] {processor.py:652} INFO - DAG(s) dict_keys(['example_dag_decorator']) retrieved from /home/airflow/.local/lib/python3.7/site-packages/airflow/example_dags/example_dag_decorator.py
[2022-05-16 02:30:26,685] {logging_mixin.py:109} INFO - [2022-05-16 02:30:26,685] {dag.py:2398} INFO - Sync 1 DAGs
[2022-05-16 02:30:26,698] {logging_mixin.py:109} INFO - [2022-05-16 02:30:26,698] {dag.py:2937} INFO - Setting next_dagrun for example_dag_decorator to None
[2022-05-16 02:30:26,709] {processor.py:171} INFO - Processing /home/airflow/.local/lib/python3.7/site-packages/airflow/example_dags/example_dag_decorator.py took 0.333 seconds
[2022-05-16 02:30:57,172] {processor.py:163} INFO - Started process (PID=13685) to work on /home/airflow/.local/lib/python3.7/site-packages/airflow/example_dags/example_dag_decorator.py
[2022-05-16 02:30:57,174] {processor.py:642} INFO - Processing file /home/airflow/.local/lib/python3.7/site-packages/airflow/example_dags/example_dag_decorator.py for tasks to queue
[2022-05-16 02:30:57,176] {logging_mixin.py:109} INFO - [2022-05-16 02:30:57,176] {dagbag.py:500} INFO - Filling up the DagBag from /home/airflow/.local/lib/python3.7/site-packages/airflow/example_dags/example_dag_decorator.py
[2022-05-16 02:30:57,193] {processor.py:652} INFO - DAG(s) dict_keys(['example_dag_decorator']) retrieved from /home/airflow/.local/lib/python3.7/site-packages/airflow/example_dags/example_dag_decorator.py
[2022-05-16 02:30:57,411] {logging_mixin.py:109} INFO - [2022-05-16 02:30:57,411] {dag.py:2398} INFO - Sync 1 DAGs
[2022-05-16 02:30:57,425] {logging_mixin.py:109} INFO - [2022-05-16 02:30:57,425] {dag.py:2937} INFO - Setting next_dagrun for example_dag_decorator to None
[2022-05-16 02:30:57,436] {processor.py:171} INFO - Processing /home/airflow/.local/lib/python3.7/site-packages/airflow/example_dags/example_dag_decorator.py took 0.268 seconds
[2022-05-16 02:31:27,538] {processor.py:163} INFO - Started process (PID=13737) to work on /home/airflow/.local/lib/python3.7/site-packages/airflow/example_dags/example_dag_decorator.py
[2022-05-16 02:31:27,541] {processor.py:642} INFO - Processing file /home/airflow/.local/lib/python3.7/site-packages/airflow/example_dags/example_dag_decorator.py for tasks to queue
[2022-05-16 02:31:27,542] {logging_mixin.py:109} INFO - [2022-05-16 02:31:27,542] {dagbag.py:500} INFO - Filling up the DagBag from /home/airflow/.local/lib/python3.7/site-packages/airflow/example_dags/example_dag_decorator.py
[2022-05-16 02:31:27,559] {processor.py:652} INFO - DAG(s) dict_keys(['example_dag_decorator']) retrieved from /home/airflow/.local/lib/python3.7/site-packages/airflow/example_dags/example_dag_decorator.py
[2022-05-16 02:31:27,778] {logging_mixin.py:109} INFO - [2022-05-16 02:31:27,778] {dag.py:2398} INFO - Sync 1 DAGs
[2022-05-16 02:31:27,793] {logging_mixin.py:109} INFO - [2022-05-16 02:31:27,793] {dag.py:2937} INFO - Setting next_dagrun for example_dag_decorator to None
[2022-05-16 02:31:27,804] {processor.py:171} INFO - Processing /home/airflow/.local/lib/python3.7/site-packages/airflow/example_dags/example_dag_decorator.py took 0.270 seconds
[2022-05-16 02:31:57,925] {processor.py:163} INFO - Started process (PID=13797) to work on /home/airflow/.local/lib/python3.7/site-packages/airflow/example_dags/example_dag_decorator.py
[2022-05-16 02:31:57,927] {processor.py:642} INFO - Processing file /home/airflow/.local/lib/python3.7/site-packages/airflow/example_dags/example_dag_decorator.py for tasks to queue
[2022-05-16 02:31:57,929] {logging_mixin.py:109} INFO - [2022-05-16 02:31:57,929] {dagbag.py:500} INFO - Filling up the DagBag from /home/airflow/.local/lib/python3.7/site-packages/airflow/example_dags/example_dag_decorator.py
[2022-05-16 02:31:57,949] {processor.py:652} INFO - DAG(s) dict_keys(['example_dag_decorator']) retrieved from /home/airflow/.local/lib/python3.7/site-packages/airflow/example_dags/example_dag_decorator.py
[2022-05-16 02:31:58,132] {logging_mixin.py:109} INFO - [2022-05-16 02:31:58,131] {dag.py:2398} INFO - Sync 1 DAGs
[2022-05-16 02:31:58,143] {logging_mixin.py:109} INFO - [2022-05-16 02:31:58,143] {dag.py:2937} INFO - Setting next_dagrun for example_dag_decorator to None
[2022-05-16 02:31:58,153] {processor.py:171} INFO - Processing /home/airflow/.local/lib/python3.7/site-packages/airflow/example_dags/example_dag_decorator.py took 0.234 seconds
[2022-05-16 02:32:28,248] {processor.py:163} INFO - Started process (PID=13855) to work on /home/airflow/.local/lib/python3.7/site-packages/airflow/example_dags/example_dag_decorator.py
[2022-05-16 02:32:28,251] {processor.py:642} INFO - Processing file /home/airflow/.local/lib/python3.7/site-packages/airflow/example_dags/example_dag_decorator.py for tasks to queue
[2022-05-16 02:32:28,252] {logging_mixin.py:109} INFO - [2022-05-16 02:32:28,252] {dagbag.py:500} INFO - Filling up the DagBag from /home/airflow/.local/lib/python3.7/site-packages/airflow/example_dags/example_dag_decorator.py
[2022-05-16 02:32:28,270] {processor.py:652} INFO - DAG(s) dict_keys(['example_dag_decorator']) retrieved from /home/airflow/.local/lib/python3.7/site-packages/airflow/example_dags/example_dag_decorator.py
[2022-05-16 02:32:28,457] {logging_mixin.py:109} INFO - [2022-05-16 02:32:28,457] {dag.py:2398} INFO - Sync 1 DAGs
[2022-05-16 02:32:28,472] {logging_mixin.py:109} INFO - [2022-05-16 02:32:28,472] {dag.py:2937} INFO - Setting next_dagrun for example_dag_decorator to None
[2022-05-16 02:32:28,482] {processor.py:171} INFO - Processing /home/airflow/.local/lib/python3.7/site-packages/airflow/example_dags/example_dag_decorator.py took 0.238 seconds
[2022-05-16 02:32:58,559] {processor.py:163} INFO - Started process (PID=13911) to work on /home/airflow/.local/lib/python3.7/site-packages/airflow/example_dags/example_dag_decorator.py
[2022-05-16 02:32:58,561] {processor.py:642} INFO - Processing file /home/airflow/.local/lib/python3.7/site-packages/airflow/example_dags/example_dag_decorator.py for tasks to queue
[2022-05-16 02:32:58,562] {logging_mixin.py:109} INFO - [2022-05-16 02:32:58,562] {dagbag.py:500} INFO - Filling up the DagBag from /home/airflow/.local/lib/python3.7/site-packages/airflow/example_dags/example_dag_decorator.py
[2022-05-16 02:32:58,580] {processor.py:652} INFO - DAG(s) dict_keys(['example_dag_decorator']) retrieved from /home/airflow/.local/lib/python3.7/site-packages/airflow/example_dags/example_dag_decorator.py
[2022-05-16 02:32:58,775] {logging_mixin.py:109} INFO - [2022-05-16 02:32:58,774] {dag.py:2398} INFO - Sync 1 DAGs
[2022-05-16 02:32:58,787] {logging_mixin.py:109} INFO - [2022-05-16 02:32:58,787] {dag.py:2937} INFO - Setting next_dagrun for example_dag_decorator to None
[2022-05-16 02:32:58,796] {processor.py:171} INFO - Processing /home/airflow/.local/lib/python3.7/site-packages/airflow/example_dags/example_dag_decorator.py took 0.241 seconds
[2022-05-16 02:33:29,165] {processor.py:163} INFO - Started process (PID=13972) to work on /home/airflow/.local/lib/python3.7/site-packages/airflow/example_dags/example_dag_decorator.py
[2022-05-16 02:33:29,168] {processor.py:642} INFO - Processing file /home/airflow/.local/lib/python3.7/site-packages/airflow/example_dags/example_dag_decorator.py for tasks to queue
[2022-05-16 02:33:29,169] {logging_mixin.py:109} INFO - [2022-05-16 02:33:29,169] {dagbag.py:500} INFO - Filling up the DagBag from /home/airflow/.local/lib/python3.7/site-packages/airflow/example_dags/example_dag_decorator.py
[2022-05-16 02:33:29,188] {processor.py:652} INFO - DAG(s) dict_keys(['example_dag_decorator']) retrieved from /home/airflow/.local/lib/python3.7/site-packages/airflow/example_dags/example_dag_decorator.py
[2022-05-16 02:33:29,378] {logging_mixin.py:109} INFO - [2022-05-16 02:33:29,378] {dag.py:2398} INFO - Sync 1 DAGs
[2022-05-16 02:33:29,389] {logging_mixin.py:109} INFO - [2022-05-16 02:33:29,389] {dag.py:2937} INFO - Setting next_dagrun for example_dag_decorator to None
[2022-05-16 02:33:29,398] {processor.py:171} INFO - Processing /home/airflow/.local/lib/python3.7/site-packages/airflow/example_dags/example_dag_decorator.py took 0.238 seconds
[2022-05-16 02:33:59,501] {processor.py:163} INFO - Started process (PID=14023) to work on /home/airflow/.local/lib/python3.7/site-packages/airflow/example_dags/example_dag_decorator.py
[2022-05-16 02:33:59,504] {processor.py:642} INFO - Processing file /home/airflow/.local/lib/python3.7/site-packages/airflow/example_dags/example_dag_decorator.py for tasks to queue
[2022-05-16 02:33:59,505] {logging_mixin.py:109} INFO - [2022-05-16 02:33:59,505] {dagbag.py:500} INFO - Filling up the DagBag from /home/airflow/.local/lib/python3.7/site-packages/airflow/example_dags/example_dag_decorator.py
[2022-05-16 02:33:59,524] {processor.py:652} INFO - DAG(s) dict_keys(['example_dag_decorator']) retrieved from /home/airflow/.local/lib/python3.7/site-packages/airflow/example_dags/example_dag_decorator.py
[2022-05-16 02:33:59,715] {logging_mixin.py:109} INFO - [2022-05-16 02:33:59,715] {dag.py:2398} INFO - Sync 1 DAGs
[2022-05-16 02:33:59,727] {logging_mixin.py:109} INFO - [2022-05-16 02:33:59,727] {dag.py:2937} INFO - Setting next_dagrun for example_dag_decorator to None
[2022-05-16 02:33:59,736] {processor.py:171} INFO - Processing /home/airflow/.local/lib/python3.7/site-packages/airflow/example_dags/example_dag_decorator.py took 0.240 seconds
[2022-05-16 02:34:29,824] {processor.py:163} INFO - Started process (PID=14083) to work on /home/airflow/.local/lib/python3.7/site-packages/airflow/example_dags/example_dag_decorator.py
[2022-05-16 02:34:29,826] {processor.py:642} INFO - Processing file /home/airflow/.local/lib/python3.7/site-packages/airflow/example_dags/example_dag_decorator.py for tasks to queue
[2022-05-16 02:34:29,827] {logging_mixin.py:109} INFO - [2022-05-16 02:34:29,827] {dagbag.py:500} INFO - Filling up the DagBag from /home/airflow/.local/lib/python3.7/site-packages/airflow/example_dags/example_dag_decorator.py
[2022-05-16 02:34:29,844] {processor.py:652} INFO - DAG(s) dict_keys(['example_dag_decorator']) retrieved from /home/airflow/.local/lib/python3.7/site-packages/airflow/example_dags/example_dag_decorator.py
[2022-05-16 02:34:30,031] {logging_mixin.py:109} INFO - [2022-05-16 02:34:30,031] {dag.py:2398} INFO - Sync 1 DAGs
[2022-05-16 02:34:30,043] {logging_mixin.py:109} INFO - [2022-05-16 02:34:30,043] {dag.py:2937} INFO - Setting next_dagrun for example_dag_decorator to None
[2022-05-16 02:34:30,053] {processor.py:171} INFO - Processing /home/airflow/.local/lib/python3.7/site-packages/airflow/example_dags/example_dag_decorator.py took 0.234 seconds
[2022-05-16 02:35:00,094] {processor.py:163} INFO - Started process (PID=14136) to work on /home/airflow/.local/lib/python3.7/site-packages/airflow/example_dags/example_dag_decorator.py
[2022-05-16 02:35:00,095] {processor.py:642} INFO - Processing file /home/airflow/.local/lib/python3.7/site-packages/airflow/example_dags/example_dag_decorator.py for tasks to queue
[2022-05-16 02:35:00,097] {logging_mixin.py:109} INFO - [2022-05-16 02:35:00,096] {dagbag.py:500} INFO - Filling up the DagBag from /home/airflow/.local/lib/python3.7/site-packages/airflow/example_dags/example_dag_decorator.py
[2022-05-16 02:35:00,114] {processor.py:652} INFO - DAG(s) dict_keys(['example_dag_decorator']) retrieved from /home/airflow/.local/lib/python3.7/site-packages/airflow/example_dags/example_dag_decorator.py
[2022-05-16 02:35:00,322] {logging_mixin.py:109} INFO - [2022-05-16 02:35:00,322] {dag.py:2398} INFO - Sync 1 DAGs
[2022-05-16 02:35:00,336] {logging_mixin.py:109} INFO - [2022-05-16 02:35:00,336] {dag.py:2937} INFO - Setting next_dagrun for example_dag_decorator to None
[2022-05-16 02:35:00,347] {processor.py:171} INFO - Processing /home/airflow/.local/lib/python3.7/site-packages/airflow/example_dags/example_dag_decorator.py took 0.257 seconds
[2022-05-16 02:35:30,445] {processor.py:163} INFO - Started process (PID=14197) to work on /home/airflow/.local/lib/python3.7/site-packages/airflow/example_dags/example_dag_decorator.py
[2022-05-16 02:35:30,447] {processor.py:642} INFO - Processing file /home/airflow/.local/lib/python3.7/site-packages/airflow/example_dags/example_dag_decorator.py for tasks to queue
[2022-05-16 02:35:30,448] {logging_mixin.py:109} INFO - [2022-05-16 02:35:30,448] {dagbag.py:500} INFO - Filling up the DagBag from /home/airflow/.local/lib/python3.7/site-packages/airflow/example_dags/example_dag_decorator.py
[2022-05-16 02:35:30,469] {processor.py:652} INFO - DAG(s) dict_keys(['example_dag_decorator']) retrieved from /home/airflow/.local/lib/python3.7/site-packages/airflow/example_dags/example_dag_decorator.py
[2022-05-16 02:35:30,647] {logging_mixin.py:109} INFO - [2022-05-16 02:35:30,647] {dag.py:2398} INFO - Sync 1 DAGs
[2022-05-16 02:35:30,659] {logging_mixin.py:109} INFO - [2022-05-16 02:35:30,659] {dag.py:2937} INFO - Setting next_dagrun for example_dag_decorator to None
[2022-05-16 02:35:30,668] {processor.py:171} INFO - Processing /home/airflow/.local/lib/python3.7/site-packages/airflow/example_dags/example_dag_decorator.py took 0.227 seconds
[2022-05-16 02:36:00,785] {processor.py:163} INFO - Started process (PID=14258) to work on /home/airflow/.local/lib/python3.7/site-packages/airflow/example_dags/example_dag_decorator.py
[2022-05-16 02:36:00,788] {processor.py:642} INFO - Processing file /home/airflow/.local/lib/python3.7/site-packages/airflow/example_dags/example_dag_decorator.py for tasks to queue
[2022-05-16 02:36:00,789] {logging_mixin.py:109} INFO - [2022-05-16 02:36:00,789] {dagbag.py:500} INFO - Filling up the DagBag from /home/airflow/.local/lib/python3.7/site-packages/airflow/example_dags/example_dag_decorator.py
[2022-05-16 02:36:00,804] {processor.py:652} INFO - DAG(s) dict_keys(['example_dag_decorator']) retrieved from /home/airflow/.local/lib/python3.7/site-packages/airflow/example_dags/example_dag_decorator.py
[2022-05-16 02:36:00,973] {logging_mixin.py:109} INFO - [2022-05-16 02:36:00,973] {dag.py:2398} INFO - Sync 1 DAGs
[2022-05-16 02:36:00,990] {logging_mixin.py:109} INFO - [2022-05-16 02:36:00,990] {dag.py:2937} INFO - Setting next_dagrun for example_dag_decorator to None
[2022-05-16 02:36:01,001] {processor.py:171} INFO - Processing /home/airflow/.local/lib/python3.7/site-packages/airflow/example_dags/example_dag_decorator.py took 0.219 seconds
[2022-05-16 02:36:31,183] {processor.py:163} INFO - Started process (PID=14310) to work on /home/airflow/.local/lib/python3.7/site-packages/airflow/example_dags/example_dag_decorator.py
[2022-05-16 02:36:31,185] {processor.py:642} INFO - Processing file /home/airflow/.local/lib/python3.7/site-packages/airflow/example_dags/example_dag_decorator.py for tasks to queue
[2022-05-16 02:36:31,187] {logging_mixin.py:109} INFO - [2022-05-16 02:36:31,187] {dagbag.py:500} INFO - Filling up the DagBag from /home/airflow/.local/lib/python3.7/site-packages/airflow/example_dags/example_dag_decorator.py
[2022-05-16 02:36:31,207] {processor.py:652} INFO - DAG(s) dict_keys(['example_dag_decorator']) retrieved from /home/airflow/.local/lib/python3.7/site-packages/airflow/example_dags/example_dag_decorator.py
[2022-05-16 02:36:31,390] {logging_mixin.py:109} INFO - [2022-05-16 02:36:31,390] {dag.py:2398} INFO - Sync 1 DAGs
[2022-05-16 02:36:31,402] {logging_mixin.py:109} INFO - [2022-05-16 02:36:31,401] {dag.py:2937} INFO - Setting next_dagrun for example_dag_decorator to None
[2022-05-16 02:36:31,411] {processor.py:171} INFO - Processing /home/airflow/.local/lib/python3.7/site-packages/airflow/example_dags/example_dag_decorator.py took 0.232 seconds
[2022-05-16 02:37:01,549] {processor.py:163} INFO - Started process (PID=14371) to work on /home/airflow/.local/lib/python3.7/site-packages/airflow/example_dags/example_dag_decorator.py
[2022-05-16 02:37:01,552] {processor.py:642} INFO - Processing file /home/airflow/.local/lib/python3.7/site-packages/airflow/example_dags/example_dag_decorator.py for tasks to queue
[2022-05-16 02:37:01,553] {logging_mixin.py:109} INFO - [2022-05-16 02:37:01,553] {dagbag.py:500} INFO - Filling up the DagBag from /home/airflow/.local/lib/python3.7/site-packages/airflow/example_dags/example_dag_decorator.py
[2022-05-16 02:37:01,569] {processor.py:652} INFO - DAG(s) dict_keys(['example_dag_decorator']) retrieved from /home/airflow/.local/lib/python3.7/site-packages/airflow/example_dags/example_dag_decorator.py
[2022-05-16 02:37:01,758] {logging_mixin.py:109} INFO - [2022-05-16 02:37:01,758] {dag.py:2398} INFO - Sync 1 DAGs
[2022-05-16 02:37:01,771] {logging_mixin.py:109} INFO - [2022-05-16 02:37:01,771] {dag.py:2937} INFO - Setting next_dagrun for example_dag_decorator to None
[2022-05-16 02:37:01,782] {processor.py:171} INFO - Processing /home/airflow/.local/lib/python3.7/site-packages/airflow/example_dags/example_dag_decorator.py took 0.236 seconds
[2022-05-16 02:37:32,001] {processor.py:163} INFO - Started process (PID=14423) to work on /home/airflow/.local/lib/python3.7/site-packages/airflow/example_dags/example_dag_decorator.py
[2022-05-16 02:37:32,004] {processor.py:642} INFO - Processing file /home/airflow/.local/lib/python3.7/site-packages/airflow/example_dags/example_dag_decorator.py for tasks to queue
[2022-05-16 02:37:32,006] {logging_mixin.py:109} INFO - [2022-05-16 02:37:32,006] {dagbag.py:500} INFO - Filling up the DagBag from /home/airflow/.local/lib/python3.7/site-packages/airflow/example_dags/example_dag_decorator.py
[2022-05-16 02:37:32,026] {processor.py:652} INFO - DAG(s) dict_keys(['example_dag_decorator']) retrieved from /home/airflow/.local/lib/python3.7/site-packages/airflow/example_dags/example_dag_decorator.py
[2022-05-16 02:37:32,219] {logging_mixin.py:109} INFO - [2022-05-16 02:37:32,219] {dag.py:2398} INFO - Sync 1 DAGs
[2022-05-16 02:37:32,232] {logging_mixin.py:109} INFO - [2022-05-16 02:37:32,232] {dag.py:2937} INFO - Setting next_dagrun for example_dag_decorator to None
[2022-05-16 02:37:32,242] {processor.py:171} INFO - Processing /home/airflow/.local/lib/python3.7/site-packages/airflow/example_dags/example_dag_decorator.py took 0.245 seconds
[2022-05-16 02:38:02,421] {processor.py:163} INFO - Started process (PID=14485) to work on /home/airflow/.local/lib/python3.7/site-packages/airflow/example_dags/example_dag_decorator.py
[2022-05-16 02:38:02,424] {processor.py:642} INFO - Processing file /home/airflow/.local/lib/python3.7/site-packages/airflow/example_dags/example_dag_decorator.py for tasks to queue
[2022-05-16 02:38:02,425] {logging_mixin.py:109} INFO - [2022-05-16 02:38:02,425] {dagbag.py:500} INFO - Filling up the DagBag from /home/airflow/.local/lib/python3.7/site-packages/airflow/example_dags/example_dag_decorator.py
[2022-05-16 02:38:02,446] {processor.py:652} INFO - DAG(s) dict_keys(['example_dag_decorator']) retrieved from /home/airflow/.local/lib/python3.7/site-packages/airflow/example_dags/example_dag_decorator.py
[2022-05-16 02:38:02,654] {logging_mixin.py:109} INFO - [2022-05-16 02:38:02,654] {dag.py:2398} INFO - Sync 1 DAGs
[2022-05-16 02:38:02,667] {logging_mixin.py:109} INFO - [2022-05-16 02:38:02,667] {dag.py:2937} INFO - Setting next_dagrun for example_dag_decorator to None
[2022-05-16 02:38:02,679] {processor.py:171} INFO - Processing /home/airflow/.local/lib/python3.7/site-packages/airflow/example_dags/example_dag_decorator.py took 0.261 seconds
[2022-05-16 02:38:32,874] {processor.py:163} INFO - Started process (PID=14536) to work on /home/airflow/.local/lib/python3.7/site-packages/airflow/example_dags/example_dag_decorator.py
[2022-05-16 02:38:32,876] {processor.py:642} INFO - Processing file /home/airflow/.local/lib/python3.7/site-packages/airflow/example_dags/example_dag_decorator.py for tasks to queue
[2022-05-16 02:38:32,877] {logging_mixin.py:109} INFO - [2022-05-16 02:38:32,877] {dagbag.py:500} INFO - Filling up the DagBag from /home/airflow/.local/lib/python3.7/site-packages/airflow/example_dags/example_dag_decorator.py
[2022-05-16 02:38:32,897] {processor.py:652} INFO - DAG(s) dict_keys(['example_dag_decorator']) retrieved from /home/airflow/.local/lib/python3.7/site-packages/airflow/example_dags/example_dag_decorator.py
[2022-05-16 02:38:33,073] {logging_mixin.py:109} INFO - [2022-05-16 02:38:33,073] {dag.py:2398} INFO - Sync 1 DAGs
[2022-05-16 02:38:33,086] {logging_mixin.py:109} INFO - [2022-05-16 02:38:33,086] {dag.py:2937} INFO - Setting next_dagrun for example_dag_decorator to None
[2022-05-16 02:38:33,096] {processor.py:171} INFO - Processing /home/airflow/.local/lib/python3.7/site-packages/airflow/example_dags/example_dag_decorator.py took 0.226 seconds
[2022-05-16 02:39:03,488] {processor.py:163} INFO - Started process (PID=14597) to work on /home/airflow/.local/lib/python3.7/site-packages/airflow/example_dags/example_dag_decorator.py
[2022-05-16 02:39:03,490] {processor.py:642} INFO - Processing file /home/airflow/.local/lib/python3.7/site-packages/airflow/example_dags/example_dag_decorator.py for tasks to queue
[2022-05-16 02:39:03,492] {logging_mixin.py:109} INFO - [2022-05-16 02:39:03,491] {dagbag.py:500} INFO - Filling up the DagBag from /home/airflow/.local/lib/python3.7/site-packages/airflow/example_dags/example_dag_decorator.py
[2022-05-16 02:39:03,513] {processor.py:652} INFO - DAG(s) dict_keys(['example_dag_decorator']) retrieved from /home/airflow/.local/lib/python3.7/site-packages/airflow/example_dags/example_dag_decorator.py
[2022-05-16 02:39:03,745] {logging_mixin.py:109} INFO - [2022-05-16 02:39:03,745] {dag.py:2398} INFO - Sync 1 DAGs
[2022-05-16 02:39:03,760] {logging_mixin.py:109} INFO - [2022-05-16 02:39:03,760] {dag.py:2937} INFO - Setting next_dagrun for example_dag_decorator to None
[2022-05-16 02:39:03,771] {processor.py:171} INFO - Processing /home/airflow/.local/lib/python3.7/site-packages/airflow/example_dags/example_dag_decorator.py took 0.287 seconds
[2022-05-16 02:39:33,956] {processor.py:163} INFO - Started process (PID=14656) to work on /home/airflow/.local/lib/python3.7/site-packages/airflow/example_dags/example_dag_decorator.py
[2022-05-16 02:39:33,958] {processor.py:642} INFO - Processing file /home/airflow/.local/lib/python3.7/site-packages/airflow/example_dags/example_dag_decorator.py for tasks to queue
[2022-05-16 02:39:33,959] {logging_mixin.py:109} INFO - [2022-05-16 02:39:33,959] {dagbag.py:500} INFO - Filling up the DagBag from /home/airflow/.local/lib/python3.7/site-packages/airflow/example_dags/example_dag_decorator.py
[2022-05-16 02:39:33,974] {processor.py:652} INFO - DAG(s) dict_keys(['example_dag_decorator']) retrieved from /home/airflow/.local/lib/python3.7/site-packages/airflow/example_dags/example_dag_decorator.py
[2022-05-16 02:39:34,168] {logging_mixin.py:109} INFO - [2022-05-16 02:39:34,168] {dag.py:2398} INFO - Sync 1 DAGs
[2022-05-16 02:39:34,180] {logging_mixin.py:109} INFO - [2022-05-16 02:39:34,180] {dag.py:2937} INFO - Setting next_dagrun for example_dag_decorator to None
[2022-05-16 02:39:34,190] {processor.py:171} INFO - Processing /home/airflow/.local/lib/python3.7/site-packages/airflow/example_dags/example_dag_decorator.py took 0.237 seconds
[2022-05-16 02:40:04,284] {processor.py:163} INFO - Started process (PID=14709) to work on /home/airflow/.local/lib/python3.7/site-packages/airflow/example_dags/example_dag_decorator.py
[2022-05-16 02:40:04,286] {processor.py:642} INFO - Processing file /home/airflow/.local/lib/python3.7/site-packages/airflow/example_dags/example_dag_decorator.py for tasks to queue
[2022-05-16 02:40:04,287] {logging_mixin.py:109} INFO - [2022-05-16 02:40:04,287] {dagbag.py:500} INFO - Filling up the DagBag from /home/airflow/.local/lib/python3.7/site-packages/airflow/example_dags/example_dag_decorator.py
[2022-05-16 02:40:04,306] {processor.py:652} INFO - DAG(s) dict_keys(['example_dag_decorator']) retrieved from /home/airflow/.local/lib/python3.7/site-packages/airflow/example_dags/example_dag_decorator.py
[2022-05-16 02:40:04,489] {logging_mixin.py:109} INFO - [2022-05-16 02:40:04,489] {dag.py:2398} INFO - Sync 1 DAGs
[2022-05-16 02:40:04,502] {logging_mixin.py:109} INFO - [2022-05-16 02:40:04,502] {dag.py:2937} INFO - Setting next_dagrun for example_dag_decorator to None
[2022-05-16 02:40:04,512] {processor.py:171} INFO - Processing /home/airflow/.local/lib/python3.7/site-packages/airflow/example_dags/example_dag_decorator.py took 0.232 seconds
[2022-05-16 02:40:34,582] {processor.py:163} INFO - Started process (PID=14770) to work on /home/airflow/.local/lib/python3.7/site-packages/airflow/example_dags/example_dag_decorator.py
[2022-05-16 02:40:34,584] {processor.py:642} INFO - Processing file /home/airflow/.local/lib/python3.7/site-packages/airflow/example_dags/example_dag_decorator.py for tasks to queue
[2022-05-16 02:40:34,585] {logging_mixin.py:109} INFO - [2022-05-16 02:40:34,585] {dagbag.py:500} INFO - Filling up the DagBag from /home/airflow/.local/lib/python3.7/site-packages/airflow/example_dags/example_dag_decorator.py
[2022-05-16 02:40:34,605] {processor.py:652} INFO - DAG(s) dict_keys(['example_dag_decorator']) retrieved from /home/airflow/.local/lib/python3.7/site-packages/airflow/example_dags/example_dag_decorator.py
[2022-05-16 02:40:34,790] {logging_mixin.py:109} INFO - [2022-05-16 02:40:34,790] {dag.py:2398} INFO - Sync 1 DAGs
[2022-05-16 02:40:34,802] {logging_mixin.py:109} INFO - [2022-05-16 02:40:34,802] {dag.py:2937} INFO - Setting next_dagrun for example_dag_decorator to None
[2022-05-16 02:40:34,814] {processor.py:171} INFO - Processing /home/airflow/.local/lib/python3.7/site-packages/airflow/example_dags/example_dag_decorator.py took 0.236 seconds
[2022-05-16 02:41:05,028] {processor.py:163} INFO - Started process (PID=14823) to work on /home/airflow/.local/lib/python3.7/site-packages/airflow/example_dags/example_dag_decorator.py
[2022-05-16 02:41:05,030] {processor.py:642} INFO - Processing file /home/airflow/.local/lib/python3.7/site-packages/airflow/example_dags/example_dag_decorator.py for tasks to queue
[2022-05-16 02:41:05,032] {logging_mixin.py:109} INFO - [2022-05-16 02:41:05,031] {dagbag.py:500} INFO - Filling up the DagBag from /home/airflow/.local/lib/python3.7/site-packages/airflow/example_dags/example_dag_decorator.py
[2022-05-16 02:41:05,050] {processor.py:652} INFO - DAG(s) dict_keys(['example_dag_decorator']) retrieved from /home/airflow/.local/lib/python3.7/site-packages/airflow/example_dags/example_dag_decorator.py
[2022-05-16 02:41:05,227] {logging_mixin.py:109} INFO - [2022-05-16 02:41:05,227] {dag.py:2398} INFO - Sync 1 DAGs
[2022-05-16 02:41:05,239] {logging_mixin.py:109} INFO - [2022-05-16 02:41:05,239] {dag.py:2937} INFO - Setting next_dagrun for example_dag_decorator to None
[2022-05-16 02:41:05,248] {processor.py:171} INFO - Processing /home/airflow/.local/lib/python3.7/site-packages/airflow/example_dags/example_dag_decorator.py took 0.224 seconds
[2022-05-16 02:41:35,380] {processor.py:163} INFO - Started process (PID=14883) to work on /home/airflow/.local/lib/python3.7/site-packages/airflow/example_dags/example_dag_decorator.py
[2022-05-16 02:41:35,382] {processor.py:642} INFO - Processing file /home/airflow/.local/lib/python3.7/site-packages/airflow/example_dags/example_dag_decorator.py for tasks to queue
[2022-05-16 02:41:35,383] {logging_mixin.py:109} INFO - [2022-05-16 02:41:35,383] {dagbag.py:500} INFO - Filling up the DagBag from /home/airflow/.local/lib/python3.7/site-packages/airflow/example_dags/example_dag_decorator.py
[2022-05-16 02:41:35,405] {processor.py:652} INFO - DAG(s) dict_keys(['example_dag_decorator']) retrieved from /home/airflow/.local/lib/python3.7/site-packages/airflow/example_dags/example_dag_decorator.py
[2022-05-16 02:41:35,609] {logging_mixin.py:109} INFO - [2022-05-16 02:41:35,609] {dag.py:2398} INFO - Sync 1 DAGs
[2022-05-16 02:41:35,622] {logging_mixin.py:109} INFO - [2022-05-16 02:41:35,622] {dag.py:2937} INFO - Setting next_dagrun for example_dag_decorator to None
[2022-05-16 02:41:35,634] {processor.py:171} INFO - Processing /home/airflow/.local/lib/python3.7/site-packages/airflow/example_dags/example_dag_decorator.py took 0.259 seconds
[2022-05-16 02:42:05,833] {processor.py:163} INFO - Started process (PID=14934) to work on /home/airflow/.local/lib/python3.7/site-packages/airflow/example_dags/example_dag_decorator.py
[2022-05-16 02:42:05,836] {processor.py:642} INFO - Processing file /home/airflow/.local/lib/python3.7/site-packages/airflow/example_dags/example_dag_decorator.py for tasks to queue
[2022-05-16 02:42:05,837] {logging_mixin.py:109} INFO - [2022-05-16 02:42:05,837] {dagbag.py:500} INFO - Filling up the DagBag from /home/airflow/.local/lib/python3.7/site-packages/airflow/example_dags/example_dag_decorator.py
[2022-05-16 02:42:05,858] {processor.py:652} INFO - DAG(s) dict_keys(['example_dag_decorator']) retrieved from /home/airflow/.local/lib/python3.7/site-packages/airflow/example_dags/example_dag_decorator.py
[2022-05-16 02:42:06,032] {logging_mixin.py:109} INFO - [2022-05-16 02:42:06,032] {dag.py:2398} INFO - Sync 1 DAGs
[2022-05-16 02:42:06,043] {logging_mixin.py:109} INFO - [2022-05-16 02:42:06,043] {dag.py:2937} INFO - Setting next_dagrun for example_dag_decorator to None
[2022-05-16 02:42:06,052] {processor.py:171} INFO - Processing /home/airflow/.local/lib/python3.7/site-packages/airflow/example_dags/example_dag_decorator.py took 0.223 seconds
[2022-05-16 02:42:36,387] {processor.py:163} INFO - Started process (PID=14996) to work on /home/airflow/.local/lib/python3.7/site-packages/airflow/example_dags/example_dag_decorator.py
[2022-05-16 02:42:36,401] {processor.py:642} INFO - Processing file /home/airflow/.local/lib/python3.7/site-packages/airflow/example_dags/example_dag_decorator.py for tasks to queue
[2022-05-16 02:42:36,406] {logging_mixin.py:109} INFO - [2022-05-16 02:42:36,406] {dagbag.py:500} INFO - Filling up the DagBag from /home/airflow/.local/lib/python3.7/site-packages/airflow/example_dags/example_dag_decorator.py
[2022-05-16 02:42:36,547] {processor.py:652} INFO - DAG(s) dict_keys(['example_dag_decorator']) retrieved from /home/airflow/.local/lib/python3.7/site-packages/airflow/example_dags/example_dag_decorator.py
[2022-05-16 02:42:38,347] {logging_mixin.py:109} INFO - [2022-05-16 02:42:38,347] {dag.py:2398} INFO - Sync 1 DAGs
[2022-05-16 02:42:38,361] {logging_mixin.py:109} INFO - [2022-05-16 02:42:38,361] {dag.py:2937} INFO - Setting next_dagrun for example_dag_decorator to None
[2022-05-16 02:42:38,373] {processor.py:171} INFO - Processing /home/airflow/.local/lib/python3.7/site-packages/airflow/example_dags/example_dag_decorator.py took 2.003 seconds
[2022-05-16 02:50:58,073] {processor.py:163} INFO - Started process (PID=15037) to work on /home/airflow/.local/lib/python3.7/site-packages/airflow/example_dags/example_dag_decorator.py
[2022-05-16 02:50:58,079] {processor.py:642} INFO - Processing file /home/airflow/.local/lib/python3.7/site-packages/airflow/example_dags/example_dag_decorator.py for tasks to queue
[2022-05-16 02:50:58,081] {logging_mixin.py:109} INFO - [2022-05-16 02:50:58,081] {dagbag.py:500} INFO - Filling up the DagBag from /home/airflow/.local/lib/python3.7/site-packages/airflow/example_dags/example_dag_decorator.py
[2022-05-16 02:50:58,120] {processor.py:652} INFO - DAG(s) dict_keys(['example_dag_decorator']) retrieved from /home/airflow/.local/lib/python3.7/site-packages/airflow/example_dags/example_dag_decorator.py
[2022-05-16 02:50:58,727] {logging_mixin.py:109} INFO - [2022-05-16 02:50:58,727] {dag.py:2398} INFO - Sync 1 DAGs
[2022-05-16 02:50:58,767] {logging_mixin.py:109} INFO - [2022-05-16 02:50:58,767] {dag.py:2937} INFO - Setting next_dagrun for example_dag_decorator to None
[2022-05-16 02:50:58,817] {processor.py:171} INFO - Processing /home/airflow/.local/lib/python3.7/site-packages/airflow/example_dags/example_dag_decorator.py took 0.752 seconds
[2022-05-16 02:51:29,072] {processor.py:163} INFO - Started process (PID=15092) to work on /home/airflow/.local/lib/python3.7/site-packages/airflow/example_dags/example_dag_decorator.py
[2022-05-16 02:51:29,075] {processor.py:642} INFO - Processing file /home/airflow/.local/lib/python3.7/site-packages/airflow/example_dags/example_dag_decorator.py for tasks to queue
[2022-05-16 02:51:29,077] {logging_mixin.py:109} INFO - [2022-05-16 02:51:29,077] {dagbag.py:500} INFO - Filling up the DagBag from /home/airflow/.local/lib/python3.7/site-packages/airflow/example_dags/example_dag_decorator.py
[2022-05-16 02:51:29,100] {processor.py:652} INFO - DAG(s) dict_keys(['example_dag_decorator']) retrieved from /home/airflow/.local/lib/python3.7/site-packages/airflow/example_dags/example_dag_decorator.py
[2022-05-16 02:51:29,341] {logging_mixin.py:109} INFO - [2022-05-16 02:51:29,341] {dag.py:2398} INFO - Sync 1 DAGs
[2022-05-16 02:51:29,356] {logging_mixin.py:109} INFO - [2022-05-16 02:51:29,355] {dag.py:2937} INFO - Setting next_dagrun for example_dag_decorator to None
[2022-05-16 02:51:29,368] {processor.py:171} INFO - Processing /home/airflow/.local/lib/python3.7/site-packages/airflow/example_dags/example_dag_decorator.py took 0.301 seconds
[2022-05-16 02:51:59,693] {processor.py:163} INFO - Started process (PID=15151) to work on /home/airflow/.local/lib/python3.7/site-packages/airflow/example_dags/example_dag_decorator.py
[2022-05-16 02:51:59,695] {processor.py:642} INFO - Processing file /home/airflow/.local/lib/python3.7/site-packages/airflow/example_dags/example_dag_decorator.py for tasks to queue
[2022-05-16 02:51:59,697] {logging_mixin.py:109} INFO - [2022-05-16 02:51:59,697] {dagbag.py:500} INFO - Filling up the DagBag from /home/airflow/.local/lib/python3.7/site-packages/airflow/example_dags/example_dag_decorator.py
[2022-05-16 02:51:59,721] {processor.py:652} INFO - DAG(s) dict_keys(['example_dag_decorator']) retrieved from /home/airflow/.local/lib/python3.7/site-packages/airflow/example_dags/example_dag_decorator.py
[2022-05-16 02:51:59,928] {logging_mixin.py:109} INFO - [2022-05-16 02:51:59,928] {dag.py:2398} INFO - Sync 1 DAGs
[2022-05-16 02:51:59,943] {logging_mixin.py:109} INFO - [2022-05-16 02:51:59,942] {dag.py:2937} INFO - Setting next_dagrun for example_dag_decorator to None
[2022-05-16 02:51:59,955] {processor.py:171} INFO - Processing /home/airflow/.local/lib/python3.7/site-packages/airflow/example_dags/example_dag_decorator.py took 0.266 seconds
[2022-05-16 02:52:30,072] {processor.py:163} INFO - Started process (PID=15203) to work on /home/airflow/.local/lib/python3.7/site-packages/airflow/example_dags/example_dag_decorator.py
[2022-05-16 02:52:30,075] {processor.py:642} INFO - Processing file /home/airflow/.local/lib/python3.7/site-packages/airflow/example_dags/example_dag_decorator.py for tasks to queue
[2022-05-16 02:52:30,077] {logging_mixin.py:109} INFO - [2022-05-16 02:52:30,077] {dagbag.py:500} INFO - Filling up the DagBag from /home/airflow/.local/lib/python3.7/site-packages/airflow/example_dags/example_dag_decorator.py
[2022-05-16 02:52:30,100] {processor.py:652} INFO - DAG(s) dict_keys(['example_dag_decorator']) retrieved from /home/airflow/.local/lib/python3.7/site-packages/airflow/example_dags/example_dag_decorator.py
[2022-05-16 02:52:30,344] {logging_mixin.py:109} INFO - [2022-05-16 02:52:30,344] {dag.py:2398} INFO - Sync 1 DAGs
[2022-05-16 02:52:30,359] {logging_mixin.py:109} INFO - [2022-05-16 02:52:30,359] {dag.py:2937} INFO - Setting next_dagrun for example_dag_decorator to None
[2022-05-16 02:52:30,382] {processor.py:171} INFO - Processing /home/airflow/.local/lib/python3.7/site-packages/airflow/example_dags/example_dag_decorator.py took 0.314 seconds
[2022-05-16 02:53:00,875] {processor.py:163} INFO - Started process (PID=15264) to work on /home/airflow/.local/lib/python3.7/site-packages/airflow/example_dags/example_dag_decorator.py
[2022-05-16 02:53:00,877] {processor.py:642} INFO - Processing file /home/airflow/.local/lib/python3.7/site-packages/airflow/example_dags/example_dag_decorator.py for tasks to queue
[2022-05-16 02:53:00,878] {logging_mixin.py:109} INFO - [2022-05-16 02:53:00,878] {dagbag.py:500} INFO - Filling up the DagBag from /home/airflow/.local/lib/python3.7/site-packages/airflow/example_dags/example_dag_decorator.py
[2022-05-16 02:53:00,896] {processor.py:652} INFO - DAG(s) dict_keys(['example_dag_decorator']) retrieved from /home/airflow/.local/lib/python3.7/site-packages/airflow/example_dags/example_dag_decorator.py
[2022-05-16 02:53:01,120] {logging_mixin.py:109} INFO - [2022-05-16 02:53:01,120] {dag.py:2398} INFO - Sync 1 DAGs
[2022-05-16 02:53:01,135] {logging_mixin.py:109} INFO - [2022-05-16 02:53:01,135] {dag.py:2937} INFO - Setting next_dagrun for example_dag_decorator to None
[2022-05-16 02:53:01,179] {processor.py:171} INFO - Processing /home/airflow/.local/lib/python3.7/site-packages/airflow/example_dags/example_dag_decorator.py took 0.308 seconds
[2022-05-16 02:53:31,269] {processor.py:163} INFO - Started process (PID=15319) to work on /home/airflow/.local/lib/python3.7/site-packages/airflow/example_dags/example_dag_decorator.py
[2022-05-16 02:53:31,271] {processor.py:642} INFO - Processing file /home/airflow/.local/lib/python3.7/site-packages/airflow/example_dags/example_dag_decorator.py for tasks to queue
[2022-05-16 02:53:31,273] {logging_mixin.py:109} INFO - [2022-05-16 02:53:31,273] {dagbag.py:500} INFO - Filling up the DagBag from /home/airflow/.local/lib/python3.7/site-packages/airflow/example_dags/example_dag_decorator.py
[2022-05-16 02:53:31,292] {processor.py:652} INFO - DAG(s) dict_keys(['example_dag_decorator']) retrieved from /home/airflow/.local/lib/python3.7/site-packages/airflow/example_dags/example_dag_decorator.py
[2022-05-16 02:53:31,485] {logging_mixin.py:109} INFO - [2022-05-16 02:53:31,485] {dag.py:2398} INFO - Sync 1 DAGs
[2022-05-16 02:53:31,497] {logging_mixin.py:109} INFO - [2022-05-16 02:53:31,497] {dag.py:2937} INFO - Setting next_dagrun for example_dag_decorator to None
[2022-05-16 02:53:31,506] {processor.py:171} INFO - Processing /home/airflow/.local/lib/python3.7/site-packages/airflow/example_dags/example_dag_decorator.py took 0.241 seconds
