[2022-05-16 00:06:55,859] {processor.py:163} INFO - Started process (PID=11301) to work on /home/airflow/.local/lib/python3.7/site-packages/airflow/example_dags/example_python_operator.py
[2022-05-16 00:06:55,868] {processor.py:642} INFO - Processing file /home/airflow/.local/lib/python3.7/site-packages/airflow/example_dags/example_python_operator.py for tasks to queue
[2022-05-16 00:06:55,885] {logging_mixin.py:109} INFO - [2022-05-16 00:06:55,884] {dagbag.py:500} INFO - Filling up the DagBag from /home/airflow/.local/lib/python3.7/site-packages/airflow/example_dags/example_python_operator.py
[2022-05-16 00:06:56,298] {processor.py:652} INFO - DAG(s) dict_keys(['example_python_operator']) retrieved from /home/airflow/.local/lib/python3.7/site-packages/airflow/example_dags/example_python_operator.py
[2022-05-16 00:06:56,548] {logging_mixin.py:109} INFO - [2022-05-16 00:06:56,547] {dag.py:2398} INFO - Sync 1 DAGs
[2022-05-16 00:06:56,839] {logging_mixin.py:109} INFO - [2022-05-16 00:06:56,839] {dag.py:2937} INFO - Setting next_dagrun for example_python_operator to None
[2022-05-16 00:06:56,907] {processor.py:171} INFO - Processing /home/airflow/.local/lib/python3.7/site-packages/airflow/example_dags/example_python_operator.py took 1.107 seconds
[2022-05-16 00:07:28,726] {processor.py:163} INFO - Started process (PID=11346) to work on /home/airflow/.local/lib/python3.7/site-packages/airflow/example_dags/example_python_operator.py
[2022-05-16 00:07:28,754] {processor.py:642} INFO - Processing file /home/airflow/.local/lib/python3.7/site-packages/airflow/example_dags/example_python_operator.py for tasks to queue
[2022-05-16 00:07:28,760] {logging_mixin.py:109} INFO - [2022-05-16 00:07:28,759] {dagbag.py:500} INFO - Filling up the DagBag from /home/airflow/.local/lib/python3.7/site-packages/airflow/example_dags/example_python_operator.py
[2022-05-16 00:07:28,899] {processor.py:652} INFO - DAG(s) dict_keys(['example_python_operator']) retrieved from /home/airflow/.local/lib/python3.7/site-packages/airflow/example_dags/example_python_operator.py
[2022-05-16 00:07:29,047] {logging_mixin.py:109} INFO - [2022-05-16 00:07:29,047] {dag.py:2398} INFO - Sync 1 DAGs
[2022-05-16 00:07:29,182] {logging_mixin.py:109} INFO - [2022-05-16 00:07:29,181] {dag.py:2937} INFO - Setting next_dagrun for example_python_operator to None
[2022-05-16 00:07:29,260] {processor.py:171} INFO - Processing /home/airflow/.local/lib/python3.7/site-packages/airflow/example_dags/example_python_operator.py took 0.567 seconds
[2022-05-16 00:08:00,830] {processor.py:163} INFO - Started process (PID=11399) to work on /home/airflow/.local/lib/python3.7/site-packages/airflow/example_dags/example_python_operator.py
[2022-05-16 00:08:00,852] {processor.py:642} INFO - Processing file /home/airflow/.local/lib/python3.7/site-packages/airflow/example_dags/example_python_operator.py for tasks to queue
[2022-05-16 00:08:00,860] {logging_mixin.py:109} INFO - [2022-05-16 00:08:00,859] {dagbag.py:500} INFO - Filling up the DagBag from /home/airflow/.local/lib/python3.7/site-packages/airflow/example_dags/example_python_operator.py
[2022-05-16 00:08:01,223] {processor.py:652} INFO - DAG(s) dict_keys(['example_python_operator']) retrieved from /home/airflow/.local/lib/python3.7/site-packages/airflow/example_dags/example_python_operator.py
[2022-05-16 00:08:01,553] {logging_mixin.py:109} INFO - [2022-05-16 00:08:01,552] {dag.py:2398} INFO - Sync 1 DAGs
[2022-05-16 00:08:01,699] {logging_mixin.py:109} INFO - [2022-05-16 00:08:01,698] {dag.py:2937} INFO - Setting next_dagrun for example_python_operator to None
[2022-05-16 00:08:01,799] {processor.py:171} INFO - Processing /home/airflow/.local/lib/python3.7/site-packages/airflow/example_dags/example_python_operator.py took 0.997 seconds
[2022-05-16 00:08:33,533] {processor.py:163} INFO - Started process (PID=11450) to work on /home/airflow/.local/lib/python3.7/site-packages/airflow/example_dags/example_python_operator.py
[2022-05-16 00:08:33,556] {processor.py:642} INFO - Processing file /home/airflow/.local/lib/python3.7/site-packages/airflow/example_dags/example_python_operator.py for tasks to queue
[2022-05-16 00:08:33,564] {logging_mixin.py:109} INFO - [2022-05-16 00:08:33,564] {dagbag.py:500} INFO - Filling up the DagBag from /home/airflow/.local/lib/python3.7/site-packages/airflow/example_dags/example_python_operator.py
[2022-05-16 00:08:33,715] {processor.py:652} INFO - DAG(s) dict_keys(['example_python_operator']) retrieved from /home/airflow/.local/lib/python3.7/site-packages/airflow/example_dags/example_python_operator.py
[2022-05-16 00:08:33,862] {logging_mixin.py:109} INFO - [2022-05-16 00:08:33,860] {dag.py:2398} INFO - Sync 1 DAGs
[2022-05-16 00:08:33,974] {logging_mixin.py:109} INFO - [2022-05-16 00:08:33,974] {dag.py:2937} INFO - Setting next_dagrun for example_python_operator to None
[2022-05-16 00:08:34,048] {processor.py:171} INFO - Processing /home/airflow/.local/lib/python3.7/site-packages/airflow/example_dags/example_python_operator.py took 0.532 seconds
[2022-05-16 00:09:07,656] {processor.py:163} INFO - Started process (PID=11495) to work on /home/airflow/.local/lib/python3.7/site-packages/airflow/example_dags/example_python_operator.py
[2022-05-16 00:09:07,665] {processor.py:642} INFO - Processing file /home/airflow/.local/lib/python3.7/site-packages/airflow/example_dags/example_python_operator.py for tasks to queue
[2022-05-16 00:09:07,671] {logging_mixin.py:109} INFO - [2022-05-16 00:09:07,670] {dagbag.py:500} INFO - Filling up the DagBag from /home/airflow/.local/lib/python3.7/site-packages/airflow/example_dags/example_python_operator.py
[2022-05-16 00:09:07,808] {processor.py:652} INFO - DAG(s) dict_keys(['example_python_operator']) retrieved from /home/airflow/.local/lib/python3.7/site-packages/airflow/example_dags/example_python_operator.py
[2022-05-16 00:09:07,906] {logging_mixin.py:109} INFO - [2022-05-16 00:09:07,906] {dag.py:2398} INFO - Sync 1 DAGs
[2022-05-16 00:09:07,985] {logging_mixin.py:109} INFO - [2022-05-16 00:09:07,985] {dag.py:2937} INFO - Setting next_dagrun for example_python_operator to None
[2022-05-16 00:09:08,055] {processor.py:171} INFO - Processing /home/airflow/.local/lib/python3.7/site-packages/airflow/example_dags/example_python_operator.py took 0.459 seconds
[2022-05-16 00:39:11,236] {processor.py:163} INFO - Started process (PID=11529) to work on /home/airflow/.local/lib/python3.7/site-packages/airflow/example_dags/example_python_operator.py
[2022-05-16 00:39:11,239] {processor.py:642} INFO - Processing file /home/airflow/.local/lib/python3.7/site-packages/airflow/example_dags/example_python_operator.py for tasks to queue
[2022-05-16 00:39:11,242] {logging_mixin.py:109} INFO - [2022-05-16 00:39:11,242] {dagbag.py:500} INFO - Filling up the DagBag from /home/airflow/.local/lib/python3.7/site-packages/airflow/example_dags/example_python_operator.py
[2022-05-16 00:39:11,294] {processor.py:652} INFO - DAG(s) dict_keys(['example_python_operator']) retrieved from /home/airflow/.local/lib/python3.7/site-packages/airflow/example_dags/example_python_operator.py
[2022-05-16 00:39:11,367] {logging_mixin.py:109} INFO - [2022-05-16 00:39:11,366] {dag.py:2398} INFO - Sync 1 DAGs
[2022-05-16 00:39:11,425] {logging_mixin.py:109} INFO - [2022-05-16 00:39:11,425] {dag.py:2937} INFO - Setting next_dagrun for example_python_operator to None
[2022-05-16 00:39:11,450] {processor.py:171} INFO - Processing /home/airflow/.local/lib/python3.7/site-packages/airflow/example_dags/example_python_operator.py took 0.221 seconds
[2022-05-16 00:39:45,622] {processor.py:163} INFO - Started process (PID=11572) to work on /home/airflow/.local/lib/python3.7/site-packages/airflow/example_dags/example_python_operator.py
[2022-05-16 00:39:45,633] {processor.py:642} INFO - Processing file /home/airflow/.local/lib/python3.7/site-packages/airflow/example_dags/example_python_operator.py for tasks to queue
[2022-05-16 00:39:45,641] {logging_mixin.py:109} INFO - [2022-05-16 00:39:45,641] {dagbag.py:500} INFO - Filling up the DagBag from /home/airflow/.local/lib/python3.7/site-packages/airflow/example_dags/example_python_operator.py
[2022-05-16 00:39:45,811] {processor.py:652} INFO - DAG(s) dict_keys(['example_python_operator']) retrieved from /home/airflow/.local/lib/python3.7/site-packages/airflow/example_dags/example_python_operator.py
[2022-05-16 00:39:45,967] {logging_mixin.py:109} INFO - [2022-05-16 00:39:45,966] {dag.py:2398} INFO - Sync 1 DAGs
[2022-05-16 00:39:46,075] {logging_mixin.py:109} INFO - [2022-05-16 00:39:46,075] {dag.py:2937} INFO - Setting next_dagrun for example_python_operator to None
[2022-05-16 00:39:46,146] {processor.py:171} INFO - Processing /home/airflow/.local/lib/python3.7/site-packages/airflow/example_dags/example_python_operator.py took 0.548 seconds
[2022-05-16 00:40:19,311] {processor.py:163} INFO - Started process (PID=11624) to work on /home/airflow/.local/lib/python3.7/site-packages/airflow/example_dags/example_python_operator.py
[2022-05-16 00:40:19,324] {processor.py:642} INFO - Processing file /home/airflow/.local/lib/python3.7/site-packages/airflow/example_dags/example_python_operator.py for tasks to queue
[2022-05-16 00:40:19,338] {logging_mixin.py:109} INFO - [2022-05-16 00:40:19,335] {dagbag.py:500} INFO - Filling up the DagBag from /home/airflow/.local/lib/python3.7/site-packages/airflow/example_dags/example_python_operator.py
[2022-05-16 00:40:19,670] {processor.py:652} INFO - DAG(s) dict_keys(['example_python_operator']) retrieved from /home/airflow/.local/lib/python3.7/site-packages/airflow/example_dags/example_python_operator.py
[2022-05-16 00:40:19,900] {logging_mixin.py:109} INFO - [2022-05-16 00:40:19,899] {dag.py:2398} INFO - Sync 1 DAGs
[2022-05-16 00:40:20,015] {logging_mixin.py:109} INFO - [2022-05-16 00:40:20,015] {dag.py:2937} INFO - Setting next_dagrun for example_python_operator to None
[2022-05-16 00:40:20,109] {processor.py:171} INFO - Processing /home/airflow/.local/lib/python3.7/site-packages/airflow/example_dags/example_python_operator.py took 0.826 seconds
[2022-05-16 00:40:50,747] {processor.py:163} INFO - Started process (PID=11677) to work on /home/airflow/.local/lib/python3.7/site-packages/airflow/example_dags/example_python_operator.py
[2022-05-16 00:40:50,760] {processor.py:642} INFO - Processing file /home/airflow/.local/lib/python3.7/site-packages/airflow/example_dags/example_python_operator.py for tasks to queue
[2022-05-16 00:40:50,776] {logging_mixin.py:109} INFO - [2022-05-16 00:40:50,773] {dagbag.py:500} INFO - Filling up the DagBag from /home/airflow/.local/lib/python3.7/site-packages/airflow/example_dags/example_python_operator.py
[2022-05-16 00:40:50,941] {processor.py:652} INFO - DAG(s) dict_keys(['example_python_operator']) retrieved from /home/airflow/.local/lib/python3.7/site-packages/airflow/example_dags/example_python_operator.py
[2022-05-16 00:40:51,146] {logging_mixin.py:109} INFO - [2022-05-16 00:40:51,145] {dag.py:2398} INFO - Sync 1 DAGs
[2022-05-16 00:40:51,282] {logging_mixin.py:109} INFO - [2022-05-16 00:40:51,282] {dag.py:2937} INFO - Setting next_dagrun for example_python_operator to None
[2022-05-16 00:40:51,354] {processor.py:171} INFO - Processing /home/airflow/.local/lib/python3.7/site-packages/airflow/example_dags/example_python_operator.py took 0.664 seconds
[2022-05-16 00:41:23,170] {processor.py:163} INFO - Started process (PID=11720) to work on /home/airflow/.local/lib/python3.7/site-packages/airflow/example_dags/example_python_operator.py
[2022-05-16 00:41:23,183] {processor.py:642} INFO - Processing file /home/airflow/.local/lib/python3.7/site-packages/airflow/example_dags/example_python_operator.py for tasks to queue
[2022-05-16 00:41:23,189] {logging_mixin.py:109} INFO - [2022-05-16 00:41:23,188] {dagbag.py:500} INFO - Filling up the DagBag from /home/airflow/.local/lib/python3.7/site-packages/airflow/example_dags/example_python_operator.py
[2022-05-16 00:41:23,335] {processor.py:652} INFO - DAG(s) dict_keys(['example_python_operator']) retrieved from /home/airflow/.local/lib/python3.7/site-packages/airflow/example_dags/example_python_operator.py
[2022-05-16 00:41:23,513] {logging_mixin.py:109} INFO - [2022-05-16 00:41:23,512] {dag.py:2398} INFO - Sync 1 DAGs
[2022-05-16 00:41:23,626] {logging_mixin.py:109} INFO - [2022-05-16 00:41:23,625] {dag.py:2937} INFO - Setting next_dagrun for example_python_operator to None
[2022-05-16 00:41:23,684] {processor.py:171} INFO - Processing /home/airflow/.local/lib/python3.7/site-packages/airflow/example_dags/example_python_operator.py took 0.540 seconds
[2022-05-16 00:41:56,056] {processor.py:163} INFO - Started process (PID=11772) to work on /home/airflow/.local/lib/python3.7/site-packages/airflow/example_dags/example_python_operator.py
[2022-05-16 00:41:56,093] {processor.py:642} INFO - Processing file /home/airflow/.local/lib/python3.7/site-packages/airflow/example_dags/example_python_operator.py for tasks to queue
[2022-05-16 00:41:56,108] {logging_mixin.py:109} INFO - [2022-05-16 00:41:56,107] {dagbag.py:500} INFO - Filling up the DagBag from /home/airflow/.local/lib/python3.7/site-packages/airflow/example_dags/example_python_operator.py
[2022-05-16 00:41:56,321] {processor.py:652} INFO - DAG(s) dict_keys(['example_python_operator']) retrieved from /home/airflow/.local/lib/python3.7/site-packages/airflow/example_dags/example_python_operator.py
[2022-05-16 00:41:56,569] {logging_mixin.py:109} INFO - [2022-05-16 00:41:56,568] {dag.py:2398} INFO - Sync 1 DAGs
[2022-05-16 00:41:56,919] {logging_mixin.py:109} INFO - [2022-05-16 00:41:56,918] {dag.py:2937} INFO - Setting next_dagrun for example_python_operator to None
[2022-05-16 00:41:57,066] {processor.py:171} INFO - Processing /home/airflow/.local/lib/python3.7/site-packages/airflow/example_dags/example_python_operator.py took 1.037 seconds
[2022-05-16 00:42:28,311] {processor.py:163} INFO - Started process (PID=11821) to work on /home/airflow/.local/lib/python3.7/site-packages/airflow/example_dags/example_python_operator.py
[2022-05-16 00:42:28,324] {processor.py:642} INFO - Processing file /home/airflow/.local/lib/python3.7/site-packages/airflow/example_dags/example_python_operator.py for tasks to queue
[2022-05-16 00:42:28,333] {logging_mixin.py:109} INFO - [2022-05-16 00:42:28,332] {dagbag.py:500} INFO - Filling up the DagBag from /home/airflow/.local/lib/python3.7/site-packages/airflow/example_dags/example_python_operator.py
[2022-05-16 00:42:28,484] {processor.py:652} INFO - DAG(s) dict_keys(['example_python_operator']) retrieved from /home/airflow/.local/lib/python3.7/site-packages/airflow/example_dags/example_python_operator.py
[2022-05-16 00:42:28,698] {logging_mixin.py:109} INFO - [2022-05-16 00:42:28,697] {dag.py:2398} INFO - Sync 1 DAGs
[2022-05-16 00:42:28,795] {logging_mixin.py:109} INFO - [2022-05-16 00:42:28,795] {dag.py:2937} INFO - Setting next_dagrun for example_python_operator to None
[2022-05-16 00:42:28,848] {processor.py:171} INFO - Processing /home/airflow/.local/lib/python3.7/site-packages/airflow/example_dags/example_python_operator.py took 0.560 seconds
[2022-05-16 00:43:00,602] {processor.py:163} INFO - Started process (PID=11865) to work on /home/airflow/.local/lib/python3.7/site-packages/airflow/example_dags/example_python_operator.py
[2022-05-16 00:43:00,611] {processor.py:642} INFO - Processing file /home/airflow/.local/lib/python3.7/site-packages/airflow/example_dags/example_python_operator.py for tasks to queue
[2022-05-16 00:43:00,617] {logging_mixin.py:109} INFO - [2022-05-16 00:43:00,616] {dagbag.py:500} INFO - Filling up the DagBag from /home/airflow/.local/lib/python3.7/site-packages/airflow/example_dags/example_python_operator.py
[2022-05-16 00:43:00,785] {processor.py:652} INFO - DAG(s) dict_keys(['example_python_operator']) retrieved from /home/airflow/.local/lib/python3.7/site-packages/airflow/example_dags/example_python_operator.py
[2022-05-16 00:43:00,924] {logging_mixin.py:109} INFO - [2022-05-16 00:43:00,923] {dag.py:2398} INFO - Sync 1 DAGs
[2022-05-16 00:43:01,032] {logging_mixin.py:109} INFO - [2022-05-16 00:43:01,032] {dag.py:2937} INFO - Setting next_dagrun for example_python_operator to None
[2022-05-16 00:43:01,109] {processor.py:171} INFO - Processing /home/airflow/.local/lib/python3.7/site-packages/airflow/example_dags/example_python_operator.py took 0.524 seconds
[2022-05-16 00:43:33,186] {processor.py:163} INFO - Started process (PID=11917) to work on /home/airflow/.local/lib/python3.7/site-packages/airflow/example_dags/example_python_operator.py
[2022-05-16 00:43:33,197] {processor.py:642} INFO - Processing file /home/airflow/.local/lib/python3.7/site-packages/airflow/example_dags/example_python_operator.py for tasks to queue
[2022-05-16 00:43:33,202] {logging_mixin.py:109} INFO - [2022-05-16 00:43:33,202] {dagbag.py:500} INFO - Filling up the DagBag from /home/airflow/.local/lib/python3.7/site-packages/airflow/example_dags/example_python_operator.py
[2022-05-16 00:43:33,335] {processor.py:652} INFO - DAG(s) dict_keys(['example_python_operator']) retrieved from /home/airflow/.local/lib/python3.7/site-packages/airflow/example_dags/example_python_operator.py
[2022-05-16 00:43:33,469] {logging_mixin.py:109} INFO - [2022-05-16 00:43:33,468] {dag.py:2398} INFO - Sync 1 DAGs
[2022-05-16 00:43:33,567] {logging_mixin.py:109} INFO - [2022-05-16 00:43:33,566] {dag.py:2937} INFO - Setting next_dagrun for example_python_operator to None
[2022-05-16 00:43:33,625] {processor.py:171} INFO - Processing /home/airflow/.local/lib/python3.7/site-packages/airflow/example_dags/example_python_operator.py took 0.463 seconds
[2022-05-16 00:44:04,880] {processor.py:163} INFO - Started process (PID=11959) to work on /home/airflow/.local/lib/python3.7/site-packages/airflow/example_dags/example_python_operator.py
[2022-05-16 00:44:04,888] {processor.py:642} INFO - Processing file /home/airflow/.local/lib/python3.7/site-packages/airflow/example_dags/example_python_operator.py for tasks to queue
[2022-05-16 00:44:04,894] {logging_mixin.py:109} INFO - [2022-05-16 00:44:04,894] {dagbag.py:500} INFO - Filling up the DagBag from /home/airflow/.local/lib/python3.7/site-packages/airflow/example_dags/example_python_operator.py
[2022-05-16 00:44:05,007] {processor.py:652} INFO - DAG(s) dict_keys(['example_python_operator']) retrieved from /home/airflow/.local/lib/python3.7/site-packages/airflow/example_dags/example_python_operator.py
[2022-05-16 00:44:05,116] {logging_mixin.py:109} INFO - [2022-05-16 00:44:05,116] {dag.py:2398} INFO - Sync 1 DAGs
[2022-05-16 00:44:05,212] {logging_mixin.py:109} INFO - [2022-05-16 00:44:05,211] {dag.py:2937} INFO - Setting next_dagrun for example_python_operator to None
[2022-05-16 00:44:05,266] {processor.py:171} INFO - Processing /home/airflow/.local/lib/python3.7/site-packages/airflow/example_dags/example_python_operator.py took 0.408 seconds
[2022-05-16 01:14:18,556] {processor.py:163} INFO - Started process (PID=11991) to work on /home/airflow/.local/lib/python3.7/site-packages/airflow/example_dags/example_python_operator.py
[2022-05-16 01:14:18,579] {processor.py:642} INFO - Processing file /home/airflow/.local/lib/python3.7/site-packages/airflow/example_dags/example_python_operator.py for tasks to queue
[2022-05-16 01:14:18,595] {logging_mixin.py:109} INFO - [2022-05-16 01:14:18,592] {dagbag.py:500} INFO - Filling up the DagBag from /home/airflow/.local/lib/python3.7/site-packages/airflow/example_dags/example_python_operator.py
[2022-05-16 01:14:18,703] {processor.py:652} INFO - DAG(s) dict_keys(['example_python_operator']) retrieved from /home/airflow/.local/lib/python3.7/site-packages/airflow/example_dags/example_python_operator.py
[2022-05-16 01:14:18,951] {logging_mixin.py:109} INFO - [2022-05-16 01:14:18,951] {dag.py:2398} INFO - Sync 1 DAGs
[2022-05-16 01:14:19,215] {logging_mixin.py:109} INFO - [2022-05-16 01:14:19,214] {dag.py:2937} INFO - Setting next_dagrun for example_python_operator to None
[2022-05-16 01:14:19,314] {processor.py:171} INFO - Processing /home/airflow/.local/lib/python3.7/site-packages/airflow/example_dags/example_python_operator.py took 0.783 seconds
[2022-05-16 01:14:53,516] {processor.py:163} INFO - Started process (PID=12044) to work on /home/airflow/.local/lib/python3.7/site-packages/airflow/example_dags/example_python_operator.py
[2022-05-16 01:14:53,537] {processor.py:642} INFO - Processing file /home/airflow/.local/lib/python3.7/site-packages/airflow/example_dags/example_python_operator.py for tasks to queue
[2022-05-16 01:14:53,550] {logging_mixin.py:109} INFO - [2022-05-16 01:14:53,549] {dagbag.py:500} INFO - Filling up the DagBag from /home/airflow/.local/lib/python3.7/site-packages/airflow/example_dags/example_python_operator.py
[2022-05-16 01:14:53,668] {processor.py:652} INFO - DAG(s) dict_keys(['example_python_operator']) retrieved from /home/airflow/.local/lib/python3.7/site-packages/airflow/example_dags/example_python_operator.py
[2022-05-16 01:14:53,855] {logging_mixin.py:109} INFO - [2022-05-16 01:14:53,854] {dag.py:2398} INFO - Sync 1 DAGs
[2022-05-16 01:14:54,128] {logging_mixin.py:109} INFO - [2022-05-16 01:14:54,127] {dag.py:2937} INFO - Setting next_dagrun for example_python_operator to None
[2022-05-16 01:14:54,305] {processor.py:171} INFO - Processing /home/airflow/.local/lib/python3.7/site-packages/airflow/example_dags/example_python_operator.py took 0.830 seconds
[2022-05-16 01:15:25,404] {processor.py:163} INFO - Started process (PID=12099) to work on /home/airflow/.local/lib/python3.7/site-packages/airflow/example_dags/example_python_operator.py
[2022-05-16 01:15:25,414] {processor.py:642} INFO - Processing file /home/airflow/.local/lib/python3.7/site-packages/airflow/example_dags/example_python_operator.py for tasks to queue
[2022-05-16 01:15:25,434] {logging_mixin.py:109} INFO - [2022-05-16 01:15:25,432] {dagbag.py:500} INFO - Filling up the DagBag from /home/airflow/.local/lib/python3.7/site-packages/airflow/example_dags/example_python_operator.py
[2022-05-16 01:15:25,546] {processor.py:652} INFO - DAG(s) dict_keys(['example_python_operator']) retrieved from /home/airflow/.local/lib/python3.7/site-packages/airflow/example_dags/example_python_operator.py
[2022-05-16 01:15:25,894] {logging_mixin.py:109} INFO - [2022-05-16 01:15:25,893] {dag.py:2398} INFO - Sync 1 DAGs
[2022-05-16 01:15:26,102] {logging_mixin.py:109} INFO - [2022-05-16 01:15:26,102] {dag.py:2937} INFO - Setting next_dagrun for example_python_operator to None
[2022-05-16 01:15:26,183] {processor.py:171} INFO - Processing /home/airflow/.local/lib/python3.7/site-packages/airflow/example_dags/example_python_operator.py took 0.797 seconds
[2022-05-16 01:15:57,132] {processor.py:163} INFO - Started process (PID=12142) to work on /home/airflow/.local/lib/python3.7/site-packages/airflow/example_dags/example_python_operator.py
[2022-05-16 01:15:57,144] {processor.py:642} INFO - Processing file /home/airflow/.local/lib/python3.7/site-packages/airflow/example_dags/example_python_operator.py for tasks to queue
[2022-05-16 01:15:57,150] {logging_mixin.py:109} INFO - [2022-05-16 01:15:57,149] {dagbag.py:500} INFO - Filling up the DagBag from /home/airflow/.local/lib/python3.7/site-packages/airflow/example_dags/example_python_operator.py
[2022-05-16 01:15:57,235] {processor.py:652} INFO - DAG(s) dict_keys(['example_python_operator']) retrieved from /home/airflow/.local/lib/python3.7/site-packages/airflow/example_dags/example_python_operator.py
[2022-05-16 01:15:57,366] {logging_mixin.py:109} INFO - [2022-05-16 01:15:57,365] {dag.py:2398} INFO - Sync 1 DAGs
[2022-05-16 01:15:57,458] {logging_mixin.py:109} INFO - [2022-05-16 01:15:57,457] {dag.py:2937} INFO - Setting next_dagrun for example_python_operator to None
[2022-05-16 01:15:57,509] {processor.py:171} INFO - Processing /home/airflow/.local/lib/python3.7/site-packages/airflow/example_dags/example_python_operator.py took 0.395 seconds
[2022-05-16 01:16:29,746] {processor.py:163} INFO - Started process (PID=12195) to work on /home/airflow/.local/lib/python3.7/site-packages/airflow/example_dags/example_python_operator.py
[2022-05-16 01:16:29,755] {processor.py:642} INFO - Processing file /home/airflow/.local/lib/python3.7/site-packages/airflow/example_dags/example_python_operator.py for tasks to queue
[2022-05-16 01:16:29,761] {logging_mixin.py:109} INFO - [2022-05-16 01:16:29,760] {dagbag.py:500} INFO - Filling up the DagBag from /home/airflow/.local/lib/python3.7/site-packages/airflow/example_dags/example_python_operator.py
[2022-05-16 01:16:29,863] {processor.py:652} INFO - DAG(s) dict_keys(['example_python_operator']) retrieved from /home/airflow/.local/lib/python3.7/site-packages/airflow/example_dags/example_python_operator.py
[2022-05-16 01:16:30,012] {logging_mixin.py:109} INFO - [2022-05-16 01:16:30,011] {dag.py:2398} INFO - Sync 1 DAGs
[2022-05-16 01:16:30,137] {logging_mixin.py:109} INFO - [2022-05-16 01:16:30,137] {dag.py:2937} INFO - Setting next_dagrun for example_python_operator to None
[2022-05-16 01:16:30,193] {processor.py:171} INFO - Processing /home/airflow/.local/lib/python3.7/site-packages/airflow/example_dags/example_python_operator.py took 0.471 seconds
[2022-05-16 01:17:00,981] {processor.py:163} INFO - Started process (PID=12246) to work on /home/airflow/.local/lib/python3.7/site-packages/airflow/example_dags/example_python_operator.py
[2022-05-16 01:17:00,995] {processor.py:642} INFO - Processing file /home/airflow/.local/lib/python3.7/site-packages/airflow/example_dags/example_python_operator.py for tasks to queue
[2022-05-16 01:17:01,001] {logging_mixin.py:109} INFO - [2022-05-16 01:17:01,000] {dagbag.py:500} INFO - Filling up the DagBag from /home/airflow/.local/lib/python3.7/site-packages/airflow/example_dags/example_python_operator.py
[2022-05-16 01:17:01,073] {processor.py:652} INFO - DAG(s) dict_keys(['example_python_operator']) retrieved from /home/airflow/.local/lib/python3.7/site-packages/airflow/example_dags/example_python_operator.py
[2022-05-16 01:17:01,180] {logging_mixin.py:109} INFO - [2022-05-16 01:17:01,179] {dag.py:2398} INFO - Sync 1 DAGs
[2022-05-16 01:17:01,255] {logging_mixin.py:109} INFO - [2022-05-16 01:17:01,255] {dag.py:2937} INFO - Setting next_dagrun for example_python_operator to None
[2022-05-16 01:17:01,300] {processor.py:171} INFO - Processing /home/airflow/.local/lib/python3.7/site-packages/airflow/example_dags/example_python_operator.py took 0.336 seconds
[2022-05-16 01:17:32,600] {processor.py:163} INFO - Started process (PID=12291) to work on /home/airflow/.local/lib/python3.7/site-packages/airflow/example_dags/example_python_operator.py
[2022-05-16 01:17:32,609] {processor.py:642} INFO - Processing file /home/airflow/.local/lib/python3.7/site-packages/airflow/example_dags/example_python_operator.py for tasks to queue
[2022-05-16 01:17:32,615] {logging_mixin.py:109} INFO - [2022-05-16 01:17:32,614] {dagbag.py:500} INFO - Filling up the DagBag from /home/airflow/.local/lib/python3.7/site-packages/airflow/example_dags/example_python_operator.py
[2022-05-16 01:17:32,689] {processor.py:652} INFO - DAG(s) dict_keys(['example_python_operator']) retrieved from /home/airflow/.local/lib/python3.7/site-packages/airflow/example_dags/example_python_operator.py
[2022-05-16 01:17:32,824] {logging_mixin.py:109} INFO - [2022-05-16 01:17:32,824] {dag.py:2398} INFO - Sync 1 DAGs
[2022-05-16 01:17:32,905] {logging_mixin.py:109} INFO - [2022-05-16 01:17:32,905] {dag.py:2937} INFO - Setting next_dagrun for example_python_operator to None
[2022-05-16 01:17:32,954] {processor.py:171} INFO - Processing /home/airflow/.local/lib/python3.7/site-packages/airflow/example_dags/example_python_operator.py took 0.371 seconds
[2022-05-16 01:18:04,822] {processor.py:163} INFO - Started process (PID=12343) to work on /home/airflow/.local/lib/python3.7/site-packages/airflow/example_dags/example_python_operator.py
[2022-05-16 01:18:04,838] {processor.py:642} INFO - Processing file /home/airflow/.local/lib/python3.7/site-packages/airflow/example_dags/example_python_operator.py for tasks to queue
[2022-05-16 01:18:04,850] {logging_mixin.py:109} INFO - [2022-05-16 01:18:04,848] {dagbag.py:500} INFO - Filling up the DagBag from /home/airflow/.local/lib/python3.7/site-packages/airflow/example_dags/example_python_operator.py
[2022-05-16 01:18:04,943] {processor.py:652} INFO - DAG(s) dict_keys(['example_python_operator']) retrieved from /home/airflow/.local/lib/python3.7/site-packages/airflow/example_dags/example_python_operator.py
[2022-05-16 01:18:05,071] {logging_mixin.py:109} INFO - [2022-05-16 01:18:05,071] {dag.py:2398} INFO - Sync 1 DAGs
[2022-05-16 01:18:05,186] {logging_mixin.py:109} INFO - [2022-05-16 01:18:05,185] {dag.py:2937} INFO - Setting next_dagrun for example_python_operator to None
[2022-05-16 01:18:05,237] {processor.py:171} INFO - Processing /home/airflow/.local/lib/python3.7/site-packages/airflow/example_dags/example_python_operator.py took 0.435 seconds
[2022-05-16 01:18:35,911] {processor.py:163} INFO - Started process (PID=12386) to work on /home/airflow/.local/lib/python3.7/site-packages/airflow/example_dags/example_python_operator.py
[2022-05-16 01:18:35,921] {processor.py:642} INFO - Processing file /home/airflow/.local/lib/python3.7/site-packages/airflow/example_dags/example_python_operator.py for tasks to queue
[2022-05-16 01:18:35,927] {logging_mixin.py:109} INFO - [2022-05-16 01:18:35,926] {dagbag.py:500} INFO - Filling up the DagBag from /home/airflow/.local/lib/python3.7/site-packages/airflow/example_dags/example_python_operator.py
[2022-05-16 01:18:35,994] {processor.py:652} INFO - DAG(s) dict_keys(['example_python_operator']) retrieved from /home/airflow/.local/lib/python3.7/site-packages/airflow/example_dags/example_python_operator.py
[2022-05-16 01:18:36,101] {logging_mixin.py:109} INFO - [2022-05-16 01:18:36,101] {dag.py:2398} INFO - Sync 1 DAGs
[2022-05-16 01:18:36,191] {logging_mixin.py:109} INFO - [2022-05-16 01:18:36,190] {dag.py:2937} INFO - Setting next_dagrun for example_python_operator to None
[2022-05-16 01:18:36,237] {processor.py:171} INFO - Processing /home/airflow/.local/lib/python3.7/site-packages/airflow/example_dags/example_python_operator.py took 0.345 seconds
[2022-05-16 01:19:08,641] {processor.py:163} INFO - Started process (PID=12439) to work on /home/airflow/.local/lib/python3.7/site-packages/airflow/example_dags/example_python_operator.py
[2022-05-16 01:19:08,651] {processor.py:642} INFO - Processing file /home/airflow/.local/lib/python3.7/site-packages/airflow/example_dags/example_python_operator.py for tasks to queue
[2022-05-16 01:19:08,657] {logging_mixin.py:109} INFO - [2022-05-16 01:19:08,656] {dagbag.py:500} INFO - Filling up the DagBag from /home/airflow/.local/lib/python3.7/site-packages/airflow/example_dags/example_python_operator.py
[2022-05-16 01:19:08,720] {processor.py:652} INFO - DAG(s) dict_keys(['example_python_operator']) retrieved from /home/airflow/.local/lib/python3.7/site-packages/airflow/example_dags/example_python_operator.py
[2022-05-16 01:19:08,842] {logging_mixin.py:109} INFO - [2022-05-16 01:19:08,841] {dag.py:2398} INFO - Sync 1 DAGs
[2022-05-16 01:19:08,923] {logging_mixin.py:109} INFO - [2022-05-16 01:19:08,923] {dag.py:2937} INFO - Setting next_dagrun for example_python_operator to None
[2022-05-16 01:19:08,969] {processor.py:171} INFO - Processing /home/airflow/.local/lib/python3.7/site-packages/airflow/example_dags/example_python_operator.py took 0.345 seconds
[2022-05-16 01:19:40,072] {processor.py:163} INFO - Started process (PID=12492) to work on /home/airflow/.local/lib/python3.7/site-packages/airflow/example_dags/example_python_operator.py
[2022-05-16 01:19:40,080] {processor.py:642} INFO - Processing file /home/airflow/.local/lib/python3.7/site-packages/airflow/example_dags/example_python_operator.py for tasks to queue
[2022-05-16 01:19:40,085] {logging_mixin.py:109} INFO - [2022-05-16 01:19:40,084] {dagbag.py:500} INFO - Filling up the DagBag from /home/airflow/.local/lib/python3.7/site-packages/airflow/example_dags/example_python_operator.py
[2022-05-16 01:19:40,153] {processor.py:652} INFO - DAG(s) dict_keys(['example_python_operator']) retrieved from /home/airflow/.local/lib/python3.7/site-packages/airflow/example_dags/example_python_operator.py
[2022-05-16 01:19:40,344] {logging_mixin.py:109} INFO - [2022-05-16 01:19:40,343] {dag.py:2398} INFO - Sync 1 DAGs
[2022-05-16 01:19:40,441] {logging_mixin.py:109} INFO - [2022-05-16 01:19:40,440] {dag.py:2937} INFO - Setting next_dagrun for example_python_operator to None
[2022-05-16 01:19:40,493] {processor.py:171} INFO - Processing /home/airflow/.local/lib/python3.7/site-packages/airflow/example_dags/example_python_operator.py took 0.437 seconds
[2022-05-16 01:20:11,018] {processor.py:163} INFO - Started process (PID=12535) to work on /home/airflow/.local/lib/python3.7/site-packages/airflow/example_dags/example_python_operator.py
[2022-05-16 01:20:11,023] {processor.py:642} INFO - Processing file /home/airflow/.local/lib/python3.7/site-packages/airflow/example_dags/example_python_operator.py for tasks to queue
[2022-05-16 01:20:11,026] {logging_mixin.py:109} INFO - [2022-05-16 01:20:11,026] {dagbag.py:500} INFO - Filling up the DagBag from /home/airflow/.local/lib/python3.7/site-packages/airflow/example_dags/example_python_operator.py
[2022-05-16 01:20:11,054] {processor.py:652} INFO - DAG(s) dict_keys(['example_python_operator']) retrieved from /home/airflow/.local/lib/python3.7/site-packages/airflow/example_dags/example_python_operator.py
[2022-05-16 01:20:11,081] {logging_mixin.py:109} INFO - [2022-05-16 01:20:11,081] {dag.py:2398} INFO - Sync 1 DAGs
[2022-05-16 01:20:11,111] {logging_mixin.py:109} INFO - [2022-05-16 01:20:11,110] {dag.py:2937} INFO - Setting next_dagrun for example_python_operator to None
[2022-05-16 01:20:11,127] {processor.py:171} INFO - Processing /home/airflow/.local/lib/python3.7/site-packages/airflow/example_dags/example_python_operator.py took 0.113 seconds
[2022-05-16 01:50:39,892] {processor.py:163} INFO - Started process (PID=12592) to work on /home/airflow/.local/lib/python3.7/site-packages/airflow/example_dags/example_python_operator.py
[2022-05-16 01:50:39,903] {processor.py:642} INFO - Processing file /home/airflow/.local/lib/python3.7/site-packages/airflow/example_dags/example_python_operator.py for tasks to queue
[2022-05-16 01:50:39,913] {logging_mixin.py:109} INFO - [2022-05-16 01:50:39,913] {dagbag.py:500} INFO - Filling up the DagBag from /home/airflow/.local/lib/python3.7/site-packages/airflow/example_dags/example_python_operator.py
[2022-05-16 01:50:40,031] {processor.py:652} INFO - DAG(s) dict_keys(['example_python_operator']) retrieved from /home/airflow/.local/lib/python3.7/site-packages/airflow/example_dags/example_python_operator.py
[2022-05-16 01:50:40,281] {logging_mixin.py:109} INFO - [2022-05-16 01:50:40,280] {dag.py:2398} INFO - Sync 1 DAGs
[2022-05-16 01:50:40,384] {logging_mixin.py:109} INFO - [2022-05-16 01:50:40,383] {dag.py:2937} INFO - Setting next_dagrun for example_python_operator to None
[2022-05-16 01:50:40,455] {processor.py:171} INFO - Processing /home/airflow/.local/lib/python3.7/site-packages/airflow/example_dags/example_python_operator.py took 0.623 seconds
[2022-05-16 01:51:14,426] {processor.py:163} INFO - Started process (PID=12643) to work on /home/airflow/.local/lib/python3.7/site-packages/airflow/example_dags/example_python_operator.py
[2022-05-16 01:51:14,444] {processor.py:642} INFO - Processing file /home/airflow/.local/lib/python3.7/site-packages/airflow/example_dags/example_python_operator.py for tasks to queue
[2022-05-16 01:51:14,466] {logging_mixin.py:109} INFO - [2022-05-16 01:51:14,463] {dagbag.py:500} INFO - Filling up the DagBag from /home/airflow/.local/lib/python3.7/site-packages/airflow/example_dags/example_python_operator.py
[2022-05-16 01:51:14,588] {processor.py:652} INFO - DAG(s) dict_keys(['example_python_operator']) retrieved from /home/airflow/.local/lib/python3.7/site-packages/airflow/example_dags/example_python_operator.py
[2022-05-16 01:51:14,802] {logging_mixin.py:109} INFO - [2022-05-16 01:51:14,802] {dag.py:2398} INFO - Sync 1 DAGs
[2022-05-16 01:51:14,980] {logging_mixin.py:109} INFO - [2022-05-16 01:51:14,980] {dag.py:2937} INFO - Setting next_dagrun for example_python_operator to None
[2022-05-16 01:51:15,074] {processor.py:171} INFO - Processing /home/airflow/.local/lib/python3.7/site-packages/airflow/example_dags/example_python_operator.py took 0.676 seconds
[2022-05-16 01:51:45,282] {processor.py:163} INFO - Started process (PID=12685) to work on /home/airflow/.local/lib/python3.7/site-packages/airflow/example_dags/example_python_operator.py
[2022-05-16 01:51:45,291] {processor.py:642} INFO - Processing file /home/airflow/.local/lib/python3.7/site-packages/airflow/example_dags/example_python_operator.py for tasks to queue
[2022-05-16 01:51:45,300] {logging_mixin.py:109} INFO - [2022-05-16 01:51:45,299] {dagbag.py:500} INFO - Filling up the DagBag from /home/airflow/.local/lib/python3.7/site-packages/airflow/example_dags/example_python_operator.py
[2022-05-16 01:51:45,378] {processor.py:652} INFO - DAG(s) dict_keys(['example_python_operator']) retrieved from /home/airflow/.local/lib/python3.7/site-packages/airflow/example_dags/example_python_operator.py
[2022-05-16 01:51:45,538] {logging_mixin.py:109} INFO - [2022-05-16 01:51:45,538] {dag.py:2398} INFO - Sync 1 DAGs
[2022-05-16 01:51:45,621] {logging_mixin.py:109} INFO - [2022-05-16 01:51:45,620] {dag.py:2937} INFO - Setting next_dagrun for example_python_operator to None
[2022-05-16 01:51:45,668] {processor.py:171} INFO - Processing /home/airflow/.local/lib/python3.7/site-packages/airflow/example_dags/example_python_operator.py took 0.405 seconds
[2022-05-16 01:52:17,183] {processor.py:163} INFO - Started process (PID=12738) to work on /home/airflow/.local/lib/python3.7/site-packages/airflow/example_dags/example_python_operator.py
[2022-05-16 01:52:17,198] {processor.py:642} INFO - Processing file /home/airflow/.local/lib/python3.7/site-packages/airflow/example_dags/example_python_operator.py for tasks to queue
[2022-05-16 01:52:17,208] {logging_mixin.py:109} INFO - [2022-05-16 01:52:17,207] {dagbag.py:500} INFO - Filling up the DagBag from /home/airflow/.local/lib/python3.7/site-packages/airflow/example_dags/example_python_operator.py
[2022-05-16 01:52:17,333] {processor.py:652} INFO - DAG(s) dict_keys(['example_python_operator']) retrieved from /home/airflow/.local/lib/python3.7/site-packages/airflow/example_dags/example_python_operator.py
[2022-05-16 01:52:17,517] {logging_mixin.py:109} INFO - [2022-05-16 01:52:17,517] {dag.py:2398} INFO - Sync 1 DAGs
[2022-05-16 01:52:17,599] {logging_mixin.py:109} INFO - [2022-05-16 01:52:17,599] {dag.py:2937} INFO - Setting next_dagrun for example_python_operator to None
[2022-05-16 01:52:17,650] {processor.py:171} INFO - Processing /home/airflow/.local/lib/python3.7/site-packages/airflow/example_dags/example_python_operator.py took 0.495 seconds
[2022-05-16 01:52:49,467] {processor.py:163} INFO - Started process (PID=12790) to work on /home/airflow/.local/lib/python3.7/site-packages/airflow/example_dags/example_python_operator.py
[2022-05-16 01:52:49,484] {processor.py:642} INFO - Processing file /home/airflow/.local/lib/python3.7/site-packages/airflow/example_dags/example_python_operator.py for tasks to queue
[2022-05-16 01:52:49,496] {logging_mixin.py:109} INFO - [2022-05-16 01:52:49,494] {dagbag.py:500} INFO - Filling up the DagBag from /home/airflow/.local/lib/python3.7/site-packages/airflow/example_dags/example_python_operator.py
[2022-05-16 01:52:49,735] {processor.py:652} INFO - DAG(s) dict_keys(['example_python_operator']) retrieved from /home/airflow/.local/lib/python3.7/site-packages/airflow/example_dags/example_python_operator.py
[2022-05-16 01:52:49,844] {logging_mixin.py:109} INFO - [2022-05-16 01:52:49,844] {dag.py:2398} INFO - Sync 1 DAGs
[2022-05-16 01:52:49,930] {logging_mixin.py:109} INFO - [2022-05-16 01:52:49,930] {dag.py:2937} INFO - Setting next_dagrun for example_python_operator to None
[2022-05-16 01:52:49,981] {processor.py:171} INFO - Processing /home/airflow/.local/lib/python3.7/site-packages/airflow/example_dags/example_python_operator.py took 0.548 seconds
[2022-05-16 01:53:20,863] {processor.py:163} INFO - Started process (PID=12833) to work on /home/airflow/.local/lib/python3.7/site-packages/airflow/example_dags/example_python_operator.py
[2022-05-16 01:53:20,874] {processor.py:642} INFO - Processing file /home/airflow/.local/lib/python3.7/site-packages/airflow/example_dags/example_python_operator.py for tasks to queue
[2022-05-16 01:53:20,880] {logging_mixin.py:109} INFO - [2022-05-16 01:53:20,880] {dagbag.py:500} INFO - Filling up the DagBag from /home/airflow/.local/lib/python3.7/site-packages/airflow/example_dags/example_python_operator.py
[2022-05-16 01:53:20,961] {processor.py:652} INFO - DAG(s) dict_keys(['example_python_operator']) retrieved from /home/airflow/.local/lib/python3.7/site-packages/airflow/example_dags/example_python_operator.py
[2022-05-16 01:53:21,098] {logging_mixin.py:109} INFO - [2022-05-16 01:53:21,098] {dag.py:2398} INFO - Sync 1 DAGs
[2022-05-16 01:53:21,207] {logging_mixin.py:109} INFO - [2022-05-16 01:53:21,206] {dag.py:2937} INFO - Setting next_dagrun for example_python_operator to None
[2022-05-16 01:53:21,255] {processor.py:171} INFO - Processing /home/airflow/.local/lib/python3.7/site-packages/airflow/example_dags/example_python_operator.py took 0.415 seconds
[2022-05-16 01:53:52,528] {processor.py:163} INFO - Started process (PID=12884) to work on /home/airflow/.local/lib/python3.7/site-packages/airflow/example_dags/example_python_operator.py
[2022-05-16 01:53:52,536] {processor.py:642} INFO - Processing file /home/airflow/.local/lib/python3.7/site-packages/airflow/example_dags/example_python_operator.py for tasks to queue
[2022-05-16 01:53:52,541] {logging_mixin.py:109} INFO - [2022-05-16 01:53:52,541] {dagbag.py:500} INFO - Filling up the DagBag from /home/airflow/.local/lib/python3.7/site-packages/airflow/example_dags/example_python_operator.py
[2022-05-16 01:53:52,618] {processor.py:652} INFO - DAG(s) dict_keys(['example_python_operator']) retrieved from /home/airflow/.local/lib/python3.7/site-packages/airflow/example_dags/example_python_operator.py
[2022-05-16 01:53:52,740] {logging_mixin.py:109} INFO - [2022-05-16 01:53:52,740] {dag.py:2398} INFO - Sync 1 DAGs
[2022-05-16 01:53:52,818] {logging_mixin.py:109} INFO - [2022-05-16 01:53:52,818] {dag.py:2937} INFO - Setting next_dagrun for example_python_operator to None
[2022-05-16 01:53:52,865] {processor.py:171} INFO - Processing /home/airflow/.local/lib/python3.7/site-packages/airflow/example_dags/example_python_operator.py took 0.358 seconds
[2022-05-16 01:54:23,337] {processor.py:163} INFO - Started process (PID=12927) to work on /home/airflow/.local/lib/python3.7/site-packages/airflow/example_dags/example_python_operator.py
[2022-05-16 01:54:23,346] {processor.py:642} INFO - Processing file /home/airflow/.local/lib/python3.7/site-packages/airflow/example_dags/example_python_operator.py for tasks to queue
[2022-05-16 01:54:23,352] {logging_mixin.py:109} INFO - [2022-05-16 01:54:23,352] {dagbag.py:500} INFO - Filling up the DagBag from /home/airflow/.local/lib/python3.7/site-packages/airflow/example_dags/example_python_operator.py
[2022-05-16 01:54:23,427] {processor.py:652} INFO - DAG(s) dict_keys(['example_python_operator']) retrieved from /home/airflow/.local/lib/python3.7/site-packages/airflow/example_dags/example_python_operator.py
[2022-05-16 01:54:23,555] {logging_mixin.py:109} INFO - [2022-05-16 01:54:23,554] {dag.py:2398} INFO - Sync 1 DAGs
[2022-05-16 01:54:23,647] {logging_mixin.py:109} INFO - [2022-05-16 01:54:23,647] {dag.py:2937} INFO - Setting next_dagrun for example_python_operator to None
[2022-05-16 01:54:23,699] {processor.py:171} INFO - Processing /home/airflow/.local/lib/python3.7/site-packages/airflow/example_dags/example_python_operator.py took 0.382 seconds
[2022-05-16 01:54:54,181] {processor.py:163} INFO - Started process (PID=12979) to work on /home/airflow/.local/lib/python3.7/site-packages/airflow/example_dags/example_python_operator.py
[2022-05-16 01:54:54,194] {processor.py:642} INFO - Processing file /home/airflow/.local/lib/python3.7/site-packages/airflow/example_dags/example_python_operator.py for tasks to queue
[2022-05-16 01:54:54,199] {logging_mixin.py:109} INFO - [2022-05-16 01:54:54,199] {dagbag.py:500} INFO - Filling up the DagBag from /home/airflow/.local/lib/python3.7/site-packages/airflow/example_dags/example_python_operator.py
[2022-05-16 01:54:54,274] {processor.py:652} INFO - DAG(s) dict_keys(['example_python_operator']) retrieved from /home/airflow/.local/lib/python3.7/site-packages/airflow/example_dags/example_python_operator.py
[2022-05-16 01:54:54,388] {logging_mixin.py:109} INFO - [2022-05-16 01:54:54,388] {dag.py:2398} INFO - Sync 1 DAGs
[2022-05-16 01:54:54,464] {logging_mixin.py:109} INFO - [2022-05-16 01:54:54,464] {dag.py:2937} INFO - Setting next_dagrun for example_python_operator to None
[2022-05-16 01:54:54,513] {processor.py:171} INFO - Processing /home/airflow/.local/lib/python3.7/site-packages/airflow/example_dags/example_python_operator.py took 0.352 seconds
[2022-05-16 01:55:25,435] {processor.py:163} INFO - Started process (PID=13032) to work on /home/airflow/.local/lib/python3.7/site-packages/airflow/example_dags/example_python_operator.py
[2022-05-16 01:55:25,443] {processor.py:642} INFO - Processing file /home/airflow/.local/lib/python3.7/site-packages/airflow/example_dags/example_python_operator.py for tasks to queue
[2022-05-16 01:55:25,449] {logging_mixin.py:109} INFO - [2022-05-16 01:55:25,448] {dagbag.py:500} INFO - Filling up the DagBag from /home/airflow/.local/lib/python3.7/site-packages/airflow/example_dags/example_python_operator.py
[2022-05-16 01:55:25,532] {processor.py:652} INFO - DAG(s) dict_keys(['example_python_operator']) retrieved from /home/airflow/.local/lib/python3.7/site-packages/airflow/example_dags/example_python_operator.py
[2022-05-16 01:55:25,651] {logging_mixin.py:109} INFO - [2022-05-16 01:55:25,651] {dag.py:2398} INFO - Sync 1 DAGs
[2022-05-16 01:55:25,736] {logging_mixin.py:109} INFO - [2022-05-16 01:55:25,736] {dag.py:2937} INFO - Setting next_dagrun for example_python_operator to None
[2022-05-16 01:55:25,780] {processor.py:171} INFO - Processing /home/airflow/.local/lib/python3.7/site-packages/airflow/example_dags/example_python_operator.py took 0.369 seconds
[2022-05-16 01:55:56,981] {processor.py:163} INFO - Started process (PID=13075) to work on /home/airflow/.local/lib/python3.7/site-packages/airflow/example_dags/example_python_operator.py
[2022-05-16 01:55:56,990] {processor.py:642} INFO - Processing file /home/airflow/.local/lib/python3.7/site-packages/airflow/example_dags/example_python_operator.py for tasks to queue
[2022-05-16 01:55:56,996] {logging_mixin.py:109} INFO - [2022-05-16 01:55:56,996] {dagbag.py:500} INFO - Filling up the DagBag from /home/airflow/.local/lib/python3.7/site-packages/airflow/example_dags/example_python_operator.py
[2022-05-16 01:55:57,065] {processor.py:652} INFO - DAG(s) dict_keys(['example_python_operator']) retrieved from /home/airflow/.local/lib/python3.7/site-packages/airflow/example_dags/example_python_operator.py
[2022-05-16 01:55:57,175] {logging_mixin.py:109} INFO - [2022-05-16 01:55:57,175] {dag.py:2398} INFO - Sync 1 DAGs
[2022-05-16 01:55:57,249] {logging_mixin.py:109} INFO - [2022-05-16 01:55:57,249] {dag.py:2937} INFO - Setting next_dagrun for example_python_operator to None
[2022-05-16 01:55:57,297] {processor.py:171} INFO - Processing /home/airflow/.local/lib/python3.7/site-packages/airflow/example_dags/example_python_operator.py took 0.334 seconds
[2022-05-16 01:56:29,009] {processor.py:163} INFO - Started process (PID=13129) to work on /home/airflow/.local/lib/python3.7/site-packages/airflow/example_dags/example_python_operator.py
[2022-05-16 01:56:29,022] {processor.py:642} INFO - Processing file /home/airflow/.local/lib/python3.7/site-packages/airflow/example_dags/example_python_operator.py for tasks to queue
[2022-05-16 01:56:29,035] {logging_mixin.py:109} INFO - [2022-05-16 01:56:29,034] {dagbag.py:500} INFO - Filling up the DagBag from /home/airflow/.local/lib/python3.7/site-packages/airflow/example_dags/example_python_operator.py
[2022-05-16 01:56:29,112] {processor.py:652} INFO - DAG(s) dict_keys(['example_python_operator']) retrieved from /home/airflow/.local/lib/python3.7/site-packages/airflow/example_dags/example_python_operator.py
[2022-05-16 01:56:29,280] {logging_mixin.py:109} INFO - [2022-05-16 01:56:29,279] {dag.py:2398} INFO - Sync 1 DAGs
[2022-05-16 01:56:29,353] {logging_mixin.py:109} INFO - [2022-05-16 01:56:29,353] {dag.py:2937} INFO - Setting next_dagrun for example_python_operator to None
[2022-05-16 01:56:29,396] {processor.py:171} INFO - Processing /home/airflow/.local/lib/python3.7/site-packages/airflow/example_dags/example_python_operator.py took 0.405 seconds
[2022-05-16 01:57:00,601] {processor.py:163} INFO - Started process (PID=13179) to work on /home/airflow/.local/lib/python3.7/site-packages/airflow/example_dags/example_python_operator.py
[2022-05-16 01:57:00,618] {processor.py:642} INFO - Processing file /home/airflow/.local/lib/python3.7/site-packages/airflow/example_dags/example_python_operator.py for tasks to queue
[2022-05-16 01:57:00,630] {logging_mixin.py:109} INFO - [2022-05-16 01:57:00,629] {dagbag.py:500} INFO - Filling up the DagBag from /home/airflow/.local/lib/python3.7/site-packages/airflow/example_dags/example_python_operator.py
[2022-05-16 01:57:00,704] {processor.py:652} INFO - DAG(s) dict_keys(['example_python_operator']) retrieved from /home/airflow/.local/lib/python3.7/site-packages/airflow/example_dags/example_python_operator.py
[2022-05-16 01:57:00,820] {logging_mixin.py:109} INFO - [2022-05-16 01:57:00,820] {dag.py:2398} INFO - Sync 1 DAGs
[2022-05-16 01:57:00,896] {logging_mixin.py:109} INFO - [2022-05-16 01:57:00,896] {dag.py:2937} INFO - Setting next_dagrun for example_python_operator to None
[2022-05-16 01:57:00,947] {processor.py:171} INFO - Processing /home/airflow/.local/lib/python3.7/site-packages/airflow/example_dags/example_python_operator.py took 0.365 seconds
[2022-05-16 01:57:32,015] {processor.py:163} INFO - Started process (PID=13224) to work on /home/airflow/.local/lib/python3.7/site-packages/airflow/example_dags/example_python_operator.py
[2022-05-16 01:57:32,024] {processor.py:642} INFO - Processing file /home/airflow/.local/lib/python3.7/site-packages/airflow/example_dags/example_python_operator.py for tasks to queue
[2022-05-16 01:57:32,031] {logging_mixin.py:109} INFO - [2022-05-16 01:57:32,030] {dagbag.py:500} INFO - Filling up the DagBag from /home/airflow/.local/lib/python3.7/site-packages/airflow/example_dags/example_python_operator.py
[2022-05-16 01:57:32,099] {processor.py:652} INFO - DAG(s) dict_keys(['example_python_operator']) retrieved from /home/airflow/.local/lib/python3.7/site-packages/airflow/example_dags/example_python_operator.py
[2022-05-16 01:57:32,205] {logging_mixin.py:109} INFO - [2022-05-16 01:57:32,204] {dag.py:2398} INFO - Sync 1 DAGs
[2022-05-16 01:57:32,331] {logging_mixin.py:109} INFO - [2022-05-16 01:57:32,331] {dag.py:2937} INFO - Setting next_dagrun for example_python_operator to None
[2022-05-16 01:57:32,385] {processor.py:171} INFO - Processing /home/airflow/.local/lib/python3.7/site-packages/airflow/example_dags/example_python_operator.py took 0.387 seconds
[2022-05-16 01:58:03,900] {processor.py:163} INFO - Started process (PID=13277) to work on /home/airflow/.local/lib/python3.7/site-packages/airflow/example_dags/example_python_operator.py
[2022-05-16 01:58:03,910] {processor.py:642} INFO - Processing file /home/airflow/.local/lib/python3.7/site-packages/airflow/example_dags/example_python_operator.py for tasks to queue
[2022-05-16 01:58:03,915] {logging_mixin.py:109} INFO - [2022-05-16 01:58:03,915] {dagbag.py:500} INFO - Filling up the DagBag from /home/airflow/.local/lib/python3.7/site-packages/airflow/example_dags/example_python_operator.py
[2022-05-16 01:58:03,980] {processor.py:652} INFO - DAG(s) dict_keys(['example_python_operator']) retrieved from /home/airflow/.local/lib/python3.7/site-packages/airflow/example_dags/example_python_operator.py
[2022-05-16 01:58:04,088] {logging_mixin.py:109} INFO - [2022-05-16 01:58:04,088] {dag.py:2398} INFO - Sync 1 DAGs
[2022-05-16 01:58:04,164] {logging_mixin.py:109} INFO - [2022-05-16 01:58:04,164] {dag.py:2937} INFO - Setting next_dagrun for example_python_operator to None
[2022-05-16 01:58:04,222] {processor.py:171} INFO - Processing /home/airflow/.local/lib/python3.7/site-packages/airflow/example_dags/example_python_operator.py took 0.339 seconds
[2022-05-16 01:58:35,456] {processor.py:163} INFO - Started process (PID=13319) to work on /home/airflow/.local/lib/python3.7/site-packages/airflow/example_dags/example_python_operator.py
[2022-05-16 01:58:35,467] {processor.py:642} INFO - Processing file /home/airflow/.local/lib/python3.7/site-packages/airflow/example_dags/example_python_operator.py for tasks to queue
[2022-05-16 01:58:35,473] {logging_mixin.py:109} INFO - [2022-05-16 01:58:35,472] {dagbag.py:500} INFO - Filling up the DagBag from /home/airflow/.local/lib/python3.7/site-packages/airflow/example_dags/example_python_operator.py
[2022-05-16 01:58:35,550] {processor.py:652} INFO - DAG(s) dict_keys(['example_python_operator']) retrieved from /home/airflow/.local/lib/python3.7/site-packages/airflow/example_dags/example_python_operator.py
[2022-05-16 01:58:35,654] {logging_mixin.py:109} INFO - [2022-05-16 01:58:35,654] {dag.py:2398} INFO - Sync 1 DAGs
[2022-05-16 01:58:35,740] {logging_mixin.py:109} INFO - [2022-05-16 01:58:35,740] {dag.py:2937} INFO - Setting next_dagrun for example_python_operator to None
[2022-05-16 01:58:35,790] {processor.py:171} INFO - Processing /home/airflow/.local/lib/python3.7/site-packages/airflow/example_dags/example_python_operator.py took 0.354 seconds
[2022-05-16 01:59:07,388] {processor.py:163} INFO - Started process (PID=13370) to work on /home/airflow/.local/lib/python3.7/site-packages/airflow/example_dags/example_python_operator.py
[2022-05-16 01:59:07,400] {processor.py:642} INFO - Processing file /home/airflow/.local/lib/python3.7/site-packages/airflow/example_dags/example_python_operator.py for tasks to queue
[2022-05-16 01:59:07,407] {logging_mixin.py:109} INFO - [2022-05-16 01:59:07,407] {dagbag.py:500} INFO - Filling up the DagBag from /home/airflow/.local/lib/python3.7/site-packages/airflow/example_dags/example_python_operator.py
[2022-05-16 01:59:07,488] {processor.py:652} INFO - DAG(s) dict_keys(['example_python_operator']) retrieved from /home/airflow/.local/lib/python3.7/site-packages/airflow/example_dags/example_python_operator.py
[2022-05-16 01:59:07,604] {logging_mixin.py:109} INFO - [2022-05-16 01:59:07,603] {dag.py:2398} INFO - Sync 1 DAGs
[2022-05-16 01:59:07,697] {logging_mixin.py:109} INFO - [2022-05-16 01:59:07,697] {dag.py:2937} INFO - Setting next_dagrun for example_python_operator to None
[2022-05-16 01:59:07,743] {processor.py:171} INFO - Processing /home/airflow/.local/lib/python3.7/site-packages/airflow/example_dags/example_python_operator.py took 0.372 seconds
[2022-05-16 01:59:38,924] {processor.py:163} INFO - Started process (PID=13422) to work on /home/airflow/.local/lib/python3.7/site-packages/airflow/example_dags/example_python_operator.py
[2022-05-16 01:59:38,933] {processor.py:642} INFO - Processing file /home/airflow/.local/lib/python3.7/site-packages/airflow/example_dags/example_python_operator.py for tasks to queue
[2022-05-16 01:59:38,938] {logging_mixin.py:109} INFO - [2022-05-16 01:59:38,938] {dagbag.py:500} INFO - Filling up the DagBag from /home/airflow/.local/lib/python3.7/site-packages/airflow/example_dags/example_python_operator.py
[2022-05-16 01:59:39,005] {processor.py:652} INFO - DAG(s) dict_keys(['example_python_operator']) retrieved from /home/airflow/.local/lib/python3.7/site-packages/airflow/example_dags/example_python_operator.py
[2022-05-16 01:59:39,103] {logging_mixin.py:109} INFO - [2022-05-16 01:59:39,103] {dag.py:2398} INFO - Sync 1 DAGs
[2022-05-16 01:59:39,178] {logging_mixin.py:109} INFO - [2022-05-16 01:59:39,177] {dag.py:2937} INFO - Setting next_dagrun for example_python_operator to None
[2022-05-16 01:59:39,219] {processor.py:171} INFO - Processing /home/airflow/.local/lib/python3.7/site-packages/airflow/example_dags/example_python_operator.py took 0.311 seconds
[2022-05-16 02:00:10,449] {processor.py:163} INFO - Started process (PID=13464) to work on /home/airflow/.local/lib/python3.7/site-packages/airflow/example_dags/example_python_operator.py
[2022-05-16 02:00:10,458] {processor.py:642} INFO - Processing file /home/airflow/.local/lib/python3.7/site-packages/airflow/example_dags/example_python_operator.py for tasks to queue
[2022-05-16 02:00:10,465] {logging_mixin.py:109} INFO - [2022-05-16 02:00:10,464] {dagbag.py:500} INFO - Filling up the DagBag from /home/airflow/.local/lib/python3.7/site-packages/airflow/example_dags/example_python_operator.py
[2022-05-16 02:00:10,543] {processor.py:652} INFO - DAG(s) dict_keys(['example_python_operator']) retrieved from /home/airflow/.local/lib/python3.7/site-packages/airflow/example_dags/example_python_operator.py
[2022-05-16 02:00:10,654] {logging_mixin.py:109} INFO - [2022-05-16 02:00:10,653] {dag.py:2398} INFO - Sync 1 DAGs
[2022-05-16 02:00:10,728] {logging_mixin.py:109} INFO - [2022-05-16 02:00:10,728] {dag.py:2937} INFO - Setting next_dagrun for example_python_operator to None
[2022-05-16 02:00:10,776] {processor.py:171} INFO - Processing /home/airflow/.local/lib/python3.7/site-packages/airflow/example_dags/example_python_operator.py took 0.348 seconds
[2022-05-16 02:29:28,079] {processor.py:163} INFO - Started process (PID=13528) to work on /home/airflow/.local/lib/python3.7/site-packages/airflow/example_dags/example_python_operator.py
[2022-05-16 02:29:28,094] {processor.py:642} INFO - Processing file /home/airflow/.local/lib/python3.7/site-packages/airflow/example_dags/example_python_operator.py for tasks to queue
[2022-05-16 02:29:28,099] {logging_mixin.py:109} INFO - [2022-05-16 02:29:28,099] {dagbag.py:500} INFO - Filling up the DagBag from /home/airflow/.local/lib/python3.7/site-packages/airflow/example_dags/example_python_operator.py
[2022-05-16 02:29:28,171] {processor.py:652} INFO - DAG(s) dict_keys(['example_python_operator']) retrieved from /home/airflow/.local/lib/python3.7/site-packages/airflow/example_dags/example_python_operator.py
[2022-05-16 02:29:28,217] {logging_mixin.py:109} INFO - [2022-05-16 02:29:28,217] {dag.py:2398} INFO - Sync 1 DAGs
[2022-05-16 02:29:28,275] {logging_mixin.py:109} INFO - [2022-05-16 02:29:28,275] {dag.py:2937} INFO - Setting next_dagrun for example_python_operator to None
[2022-05-16 02:29:28,351] {processor.py:171} INFO - Processing /home/airflow/.local/lib/python3.7/site-packages/airflow/example_dags/example_python_operator.py took 0.283 seconds
[2022-05-16 02:29:59,018] {processor.py:163} INFO - Started process (PID=13579) to work on /home/airflow/.local/lib/python3.7/site-packages/airflow/example_dags/example_python_operator.py
[2022-05-16 02:29:59,021] {processor.py:642} INFO - Processing file /home/airflow/.local/lib/python3.7/site-packages/airflow/example_dags/example_python_operator.py for tasks to queue
[2022-05-16 02:29:59,023] {logging_mixin.py:109} INFO - [2022-05-16 02:29:59,023] {dagbag.py:500} INFO - Filling up the DagBag from /home/airflow/.local/lib/python3.7/site-packages/airflow/example_dags/example_python_operator.py
[2022-05-16 02:29:59,151] {processor.py:652} INFO - DAG(s) dict_keys(['example_python_operator']) retrieved from /home/airflow/.local/lib/python3.7/site-packages/airflow/example_dags/example_python_operator.py
[2022-05-16 02:29:59,180] {logging_mixin.py:109} INFO - [2022-05-16 02:29:59,180] {dag.py:2398} INFO - Sync 1 DAGs
[2022-05-16 02:29:59,197] {logging_mixin.py:109} INFO - [2022-05-16 02:29:59,197] {dag.py:2937} INFO - Setting next_dagrun for example_python_operator to None
[2022-05-16 02:29:59,208] {processor.py:171} INFO - Processing /home/airflow/.local/lib/python3.7/site-packages/airflow/example_dags/example_python_operator.py took 0.194 seconds
[2022-05-16 02:30:29,586] {processor.py:163} INFO - Started process (PID=13639) to work on /home/airflow/.local/lib/python3.7/site-packages/airflow/example_dags/example_python_operator.py
[2022-05-16 02:30:29,589] {processor.py:642} INFO - Processing file /home/airflow/.local/lib/python3.7/site-packages/airflow/example_dags/example_python_operator.py for tasks to queue
[2022-05-16 02:30:29,590] {logging_mixin.py:109} INFO - [2022-05-16 02:30:29,590] {dagbag.py:500} INFO - Filling up the DagBag from /home/airflow/.local/lib/python3.7/site-packages/airflow/example_dags/example_python_operator.py
[2022-05-16 02:30:29,711] {processor.py:652} INFO - DAG(s) dict_keys(['example_python_operator']) retrieved from /home/airflow/.local/lib/python3.7/site-packages/airflow/example_dags/example_python_operator.py
[2022-05-16 02:30:29,733] {logging_mixin.py:109} INFO - [2022-05-16 02:30:29,732] {dag.py:2398} INFO - Sync 1 DAGs
[2022-05-16 02:30:29,747] {logging_mixin.py:109} INFO - [2022-05-16 02:30:29,747] {dag.py:2937} INFO - Setting next_dagrun for example_python_operator to None
[2022-05-16 02:30:29,757] {processor.py:171} INFO - Processing /home/airflow/.local/lib/python3.7/site-packages/airflow/example_dags/example_python_operator.py took 0.176 seconds
[2022-05-16 02:31:00,741] {processor.py:163} INFO - Started process (PID=13692) to work on /home/airflow/.local/lib/python3.7/site-packages/airflow/example_dags/example_python_operator.py
[2022-05-16 02:31:00,743] {processor.py:642} INFO - Processing file /home/airflow/.local/lib/python3.7/site-packages/airflow/example_dags/example_python_operator.py for tasks to queue
[2022-05-16 02:31:00,745] {logging_mixin.py:109} INFO - [2022-05-16 02:31:00,744] {dagbag.py:500} INFO - Filling up the DagBag from /home/airflow/.local/lib/python3.7/site-packages/airflow/example_dags/example_python_operator.py
[2022-05-16 02:31:00,760] {processor.py:652} INFO - DAG(s) dict_keys(['example_python_operator']) retrieved from /home/airflow/.local/lib/python3.7/site-packages/airflow/example_dags/example_python_operator.py
[2022-05-16 02:31:00,784] {logging_mixin.py:109} INFO - [2022-05-16 02:31:00,784] {dag.py:2398} INFO - Sync 1 DAGs
[2022-05-16 02:31:00,803] {logging_mixin.py:109} INFO - [2022-05-16 02:31:00,803] {dag.py:2937} INFO - Setting next_dagrun for example_python_operator to None
[2022-05-16 02:31:00,814] {processor.py:171} INFO - Processing /home/airflow/.local/lib/python3.7/site-packages/airflow/example_dags/example_python_operator.py took 0.079 seconds
[2022-05-16 02:31:31,293] {processor.py:163} INFO - Started process (PID=13753) to work on /home/airflow/.local/lib/python3.7/site-packages/airflow/example_dags/example_python_operator.py
[2022-05-16 02:31:31,295] {processor.py:642} INFO - Processing file /home/airflow/.local/lib/python3.7/site-packages/airflow/example_dags/example_python_operator.py for tasks to queue
[2022-05-16 02:31:31,297] {logging_mixin.py:109} INFO - [2022-05-16 02:31:31,296] {dagbag.py:500} INFO - Filling up the DagBag from /home/airflow/.local/lib/python3.7/site-packages/airflow/example_dags/example_python_operator.py
[2022-05-16 02:31:31,312] {processor.py:652} INFO - DAG(s) dict_keys(['example_python_operator']) retrieved from /home/airflow/.local/lib/python3.7/site-packages/airflow/example_dags/example_python_operator.py
[2022-05-16 02:31:31,336] {logging_mixin.py:109} INFO - [2022-05-16 02:31:31,336] {dag.py:2398} INFO - Sync 1 DAGs
[2022-05-16 02:31:31,352] {logging_mixin.py:109} INFO - [2022-05-16 02:31:31,352] {dag.py:2937} INFO - Setting next_dagrun for example_python_operator to None
[2022-05-16 02:31:31,362] {processor.py:171} INFO - Processing /home/airflow/.local/lib/python3.7/site-packages/airflow/example_dags/example_python_operator.py took 0.074 seconds
[2022-05-16 02:32:01,648] {processor.py:163} INFO - Started process (PID=13804) to work on /home/airflow/.local/lib/python3.7/site-packages/airflow/example_dags/example_python_operator.py
[2022-05-16 02:32:01,651] {processor.py:642} INFO - Processing file /home/airflow/.local/lib/python3.7/site-packages/airflow/example_dags/example_python_operator.py for tasks to queue
[2022-05-16 02:32:01,652] {logging_mixin.py:109} INFO - [2022-05-16 02:32:01,652] {dagbag.py:500} INFO - Filling up the DagBag from /home/airflow/.local/lib/python3.7/site-packages/airflow/example_dags/example_python_operator.py
[2022-05-16 02:32:01,668] {processor.py:652} INFO - DAG(s) dict_keys(['example_python_operator']) retrieved from /home/airflow/.local/lib/python3.7/site-packages/airflow/example_dags/example_python_operator.py
[2022-05-16 02:32:01,692] {logging_mixin.py:109} INFO - [2022-05-16 02:32:01,692] {dag.py:2398} INFO - Sync 1 DAGs
[2022-05-16 02:32:01,708] {logging_mixin.py:109} INFO - [2022-05-16 02:32:01,708] {dag.py:2937} INFO - Setting next_dagrun for example_python_operator to None
[2022-05-16 02:32:01,719] {processor.py:171} INFO - Processing /home/airflow/.local/lib/python3.7/site-packages/airflow/example_dags/example_python_operator.py took 0.075 seconds
[2022-05-16 02:32:31,979] {processor.py:163} INFO - Started process (PID=13864) to work on /home/airflow/.local/lib/python3.7/site-packages/airflow/example_dags/example_python_operator.py
[2022-05-16 02:32:31,981] {processor.py:642} INFO - Processing file /home/airflow/.local/lib/python3.7/site-packages/airflow/example_dags/example_python_operator.py for tasks to queue
[2022-05-16 02:32:31,982] {logging_mixin.py:109} INFO - [2022-05-16 02:32:31,982] {dagbag.py:500} INFO - Filling up the DagBag from /home/airflow/.local/lib/python3.7/site-packages/airflow/example_dags/example_python_operator.py
[2022-05-16 02:32:31,997] {processor.py:652} INFO - DAG(s) dict_keys(['example_python_operator']) retrieved from /home/airflow/.local/lib/python3.7/site-packages/airflow/example_dags/example_python_operator.py
[2022-05-16 02:32:32,021] {logging_mixin.py:109} INFO - [2022-05-16 02:32:32,021] {dag.py:2398} INFO - Sync 1 DAGs
[2022-05-16 02:32:32,038] {logging_mixin.py:109} INFO - [2022-05-16 02:32:32,038] {dag.py:2937} INFO - Setting next_dagrun for example_python_operator to None
[2022-05-16 02:32:32,048] {processor.py:171} INFO - Processing /home/airflow/.local/lib/python3.7/site-packages/airflow/example_dags/example_python_operator.py took 0.073 seconds
[2022-05-16 02:33:02,338] {processor.py:163} INFO - Started process (PID=13918) to work on /home/airflow/.local/lib/python3.7/site-packages/airflow/example_dags/example_python_operator.py
[2022-05-16 02:33:02,357] {processor.py:642} INFO - Processing file /home/airflow/.local/lib/python3.7/site-packages/airflow/example_dags/example_python_operator.py for tasks to queue
[2022-05-16 02:33:02,359] {logging_mixin.py:109} INFO - [2022-05-16 02:33:02,359] {dagbag.py:500} INFO - Filling up the DagBag from /home/airflow/.local/lib/python3.7/site-packages/airflow/example_dags/example_python_operator.py
[2022-05-16 02:33:02,375] {processor.py:652} INFO - DAG(s) dict_keys(['example_python_operator']) retrieved from /home/airflow/.local/lib/python3.7/site-packages/airflow/example_dags/example_python_operator.py
[2022-05-16 02:33:02,415] {logging_mixin.py:109} INFO - [2022-05-16 02:33:02,415] {dag.py:2398} INFO - Sync 1 DAGs
[2022-05-16 02:33:02,432] {logging_mixin.py:109} INFO - [2022-05-16 02:33:02,432] {dag.py:2937} INFO - Setting next_dagrun for example_python_operator to None
[2022-05-16 02:33:02,464] {processor.py:171} INFO - Processing /home/airflow/.local/lib/python3.7/site-packages/airflow/example_dags/example_python_operator.py took 0.130 seconds
[2022-05-16 02:33:32,787] {processor.py:163} INFO - Started process (PID=13979) to work on /home/airflow/.local/lib/python3.7/site-packages/airflow/example_dags/example_python_operator.py
[2022-05-16 02:33:32,789] {processor.py:642} INFO - Processing file /home/airflow/.local/lib/python3.7/site-packages/airflow/example_dags/example_python_operator.py for tasks to queue
[2022-05-16 02:33:32,791] {logging_mixin.py:109} INFO - [2022-05-16 02:33:32,791] {dagbag.py:500} INFO - Filling up the DagBag from /home/airflow/.local/lib/python3.7/site-packages/airflow/example_dags/example_python_operator.py
[2022-05-16 02:33:32,807] {processor.py:652} INFO - DAG(s) dict_keys(['example_python_operator']) retrieved from /home/airflow/.local/lib/python3.7/site-packages/airflow/example_dags/example_python_operator.py
[2022-05-16 02:33:32,830] {logging_mixin.py:109} INFO - [2022-05-16 02:33:32,830] {dag.py:2398} INFO - Sync 1 DAGs
[2022-05-16 02:33:32,847] {logging_mixin.py:109} INFO - [2022-05-16 02:33:32,847] {dag.py:2937} INFO - Setting next_dagrun for example_python_operator to None
[2022-05-16 02:33:32,857] {processor.py:171} INFO - Processing /home/airflow/.local/lib/python3.7/site-packages/airflow/example_dags/example_python_operator.py took 0.074 seconds
[2022-05-16 02:34:03,136] {processor.py:163} INFO - Started process (PID=14039) to work on /home/airflow/.local/lib/python3.7/site-packages/airflow/example_dags/example_python_operator.py
[2022-05-16 02:34:03,157] {processor.py:642} INFO - Processing file /home/airflow/.local/lib/python3.7/site-packages/airflow/example_dags/example_python_operator.py for tasks to queue
[2022-05-16 02:34:03,181] {logging_mixin.py:109} INFO - [2022-05-16 02:34:03,181] {dagbag.py:500} INFO - Filling up the DagBag from /home/airflow/.local/lib/python3.7/site-packages/airflow/example_dags/example_python_operator.py
[2022-05-16 02:34:03,213] {processor.py:652} INFO - DAG(s) dict_keys(['example_python_operator']) retrieved from /home/airflow/.local/lib/python3.7/site-packages/airflow/example_dags/example_python_operator.py
[2022-05-16 02:34:03,234] {logging_mixin.py:109} INFO - [2022-05-16 02:34:03,234] {dag.py:2398} INFO - Sync 1 DAGs
[2022-05-16 02:34:03,249] {logging_mixin.py:109} INFO - [2022-05-16 02:34:03,249] {dag.py:2937} INFO - Setting next_dagrun for example_python_operator to None
[2022-05-16 02:34:03,259] {processor.py:171} INFO - Processing /home/airflow/.local/lib/python3.7/site-packages/airflow/example_dags/example_python_operator.py took 0.127 seconds
[2022-05-16 02:34:33,536] {processor.py:163} INFO - Started process (PID=14090) to work on /home/airflow/.local/lib/python3.7/site-packages/airflow/example_dags/example_python_operator.py
[2022-05-16 02:34:33,539] {processor.py:642} INFO - Processing file /home/airflow/.local/lib/python3.7/site-packages/airflow/example_dags/example_python_operator.py for tasks to queue
[2022-05-16 02:34:33,540] {logging_mixin.py:109} INFO - [2022-05-16 02:34:33,540] {dagbag.py:500} INFO - Filling up the DagBag from /home/airflow/.local/lib/python3.7/site-packages/airflow/example_dags/example_python_operator.py
[2022-05-16 02:34:33,553] {processor.py:652} INFO - DAG(s) dict_keys(['example_python_operator']) retrieved from /home/airflow/.local/lib/python3.7/site-packages/airflow/example_dags/example_python_operator.py
[2022-05-16 02:34:33,574] {logging_mixin.py:109} INFO - [2022-05-16 02:34:33,574] {dag.py:2398} INFO - Sync 1 DAGs
[2022-05-16 02:34:33,590] {logging_mixin.py:109} INFO - [2022-05-16 02:34:33,590] {dag.py:2937} INFO - Setting next_dagrun for example_python_operator to None
[2022-05-16 02:34:33,600] {processor.py:171} INFO - Processing /home/airflow/.local/lib/python3.7/site-packages/airflow/example_dags/example_python_operator.py took 0.068 seconds
[2022-05-16 02:35:03,755] {processor.py:163} INFO - Started process (PID=14152) to work on /home/airflow/.local/lib/python3.7/site-packages/airflow/example_dags/example_python_operator.py
[2022-05-16 02:35:03,757] {processor.py:642} INFO - Processing file /home/airflow/.local/lib/python3.7/site-packages/airflow/example_dags/example_python_operator.py for tasks to queue
[2022-05-16 02:35:03,758] {logging_mixin.py:109} INFO - [2022-05-16 02:35:03,758] {dagbag.py:500} INFO - Filling up the DagBag from /home/airflow/.local/lib/python3.7/site-packages/airflow/example_dags/example_python_operator.py
[2022-05-16 02:35:03,773] {processor.py:652} INFO - DAG(s) dict_keys(['example_python_operator']) retrieved from /home/airflow/.local/lib/python3.7/site-packages/airflow/example_dags/example_python_operator.py
[2022-05-16 02:35:03,796] {logging_mixin.py:109} INFO - [2022-05-16 02:35:03,796] {dag.py:2398} INFO - Sync 1 DAGs
[2022-05-16 02:35:03,813] {logging_mixin.py:109} INFO - [2022-05-16 02:35:03,812] {dag.py:2937} INFO - Setting next_dagrun for example_python_operator to None
[2022-05-16 02:35:03,822] {processor.py:171} INFO - Processing /home/airflow/.local/lib/python3.7/site-packages/airflow/example_dags/example_python_operator.py took 0.072 seconds
[2022-05-16 02:35:34,137] {processor.py:163} INFO - Started process (PID=14204) to work on /home/airflow/.local/lib/python3.7/site-packages/airflow/example_dags/example_python_operator.py
[2022-05-16 02:35:34,139] {processor.py:642} INFO - Processing file /home/airflow/.local/lib/python3.7/site-packages/airflow/example_dags/example_python_operator.py for tasks to queue
[2022-05-16 02:35:34,140] {logging_mixin.py:109} INFO - [2022-05-16 02:35:34,140] {dagbag.py:500} INFO - Filling up the DagBag from /home/airflow/.local/lib/python3.7/site-packages/airflow/example_dags/example_python_operator.py
[2022-05-16 02:35:34,153] {processor.py:652} INFO - DAG(s) dict_keys(['example_python_operator']) retrieved from /home/airflow/.local/lib/python3.7/site-packages/airflow/example_dags/example_python_operator.py
[2022-05-16 02:35:34,174] {logging_mixin.py:109} INFO - [2022-05-16 02:35:34,174] {dag.py:2398} INFO - Sync 1 DAGs
[2022-05-16 02:35:34,189] {logging_mixin.py:109} INFO - [2022-05-16 02:35:34,189] {dag.py:2937} INFO - Setting next_dagrun for example_python_operator to None
[2022-05-16 02:35:34,199] {processor.py:171} INFO - Processing /home/airflow/.local/lib/python3.7/site-packages/airflow/example_dags/example_python_operator.py took 0.065 seconds
[2022-05-16 02:36:04,421] {processor.py:163} INFO - Started process (PID=14265) to work on /home/airflow/.local/lib/python3.7/site-packages/airflow/example_dags/example_python_operator.py
[2022-05-16 02:36:04,424] {processor.py:642} INFO - Processing file /home/airflow/.local/lib/python3.7/site-packages/airflow/example_dags/example_python_operator.py for tasks to queue
[2022-05-16 02:36:04,425] {logging_mixin.py:109} INFO - [2022-05-16 02:36:04,425] {dagbag.py:500} INFO - Filling up the DagBag from /home/airflow/.local/lib/python3.7/site-packages/airflow/example_dags/example_python_operator.py
[2022-05-16 02:36:04,439] {processor.py:652} INFO - DAG(s) dict_keys(['example_python_operator']) retrieved from /home/airflow/.local/lib/python3.7/site-packages/airflow/example_dags/example_python_operator.py
[2022-05-16 02:36:04,462] {logging_mixin.py:109} INFO - [2022-05-16 02:36:04,462] {dag.py:2398} INFO - Sync 1 DAGs
[2022-05-16 02:36:04,483] {logging_mixin.py:109} INFO - [2022-05-16 02:36:04,482] {dag.py:2937} INFO - Setting next_dagrun for example_python_operator to None
[2022-05-16 02:36:04,494] {processor.py:171} INFO - Processing /home/airflow/.local/lib/python3.7/site-packages/airflow/example_dags/example_python_operator.py took 0.078 seconds
[2022-05-16 02:36:34,890] {processor.py:163} INFO - Started process (PID=14317) to work on /home/airflow/.local/lib/python3.7/site-packages/airflow/example_dags/example_python_operator.py
[2022-05-16 02:36:34,892] {processor.py:642} INFO - Processing file /home/airflow/.local/lib/python3.7/site-packages/airflow/example_dags/example_python_operator.py for tasks to queue
[2022-05-16 02:36:34,896] {logging_mixin.py:109} INFO - [2022-05-16 02:36:34,896] {dagbag.py:500} INFO - Filling up the DagBag from /home/airflow/.local/lib/python3.7/site-packages/airflow/example_dags/example_python_operator.py
[2022-05-16 02:36:34,912] {processor.py:652} INFO - DAG(s) dict_keys(['example_python_operator']) retrieved from /home/airflow/.local/lib/python3.7/site-packages/airflow/example_dags/example_python_operator.py
[2022-05-16 02:36:34,935] {logging_mixin.py:109} INFO - [2022-05-16 02:36:34,935] {dag.py:2398} INFO - Sync 1 DAGs
[2022-05-16 02:36:34,953] {logging_mixin.py:109} INFO - [2022-05-16 02:36:34,953] {dag.py:2937} INFO - Setting next_dagrun for example_python_operator to None
[2022-05-16 02:36:34,964] {processor.py:171} INFO - Processing /home/airflow/.local/lib/python3.7/site-packages/airflow/example_dags/example_python_operator.py took 0.078 seconds
[2022-05-16 02:37:05,281] {processor.py:163} INFO - Started process (PID=14378) to work on /home/airflow/.local/lib/python3.7/site-packages/airflow/example_dags/example_python_operator.py
[2022-05-16 02:37:05,283] {processor.py:642} INFO - Processing file /home/airflow/.local/lib/python3.7/site-packages/airflow/example_dags/example_python_operator.py for tasks to queue
[2022-05-16 02:37:05,285] {logging_mixin.py:109} INFO - [2022-05-16 02:37:05,284] {dagbag.py:500} INFO - Filling up the DagBag from /home/airflow/.local/lib/python3.7/site-packages/airflow/example_dags/example_python_operator.py
[2022-05-16 02:37:05,301] {processor.py:652} INFO - DAG(s) dict_keys(['example_python_operator']) retrieved from /home/airflow/.local/lib/python3.7/site-packages/airflow/example_dags/example_python_operator.py
[2022-05-16 02:37:05,327] {logging_mixin.py:109} INFO - [2022-05-16 02:37:05,327] {dag.py:2398} INFO - Sync 1 DAGs
[2022-05-16 02:37:05,349] {logging_mixin.py:109} INFO - [2022-05-16 02:37:05,349] {dag.py:2937} INFO - Setting next_dagrun for example_python_operator to None
[2022-05-16 02:37:05,359] {processor.py:171} INFO - Processing /home/airflow/.local/lib/python3.7/site-packages/airflow/example_dags/example_python_operator.py took 0.081 seconds
[2022-05-16 02:37:35,746] {processor.py:163} INFO - Started process (PID=14439) to work on /home/airflow/.local/lib/python3.7/site-packages/airflow/example_dags/example_python_operator.py
[2022-05-16 02:37:35,748] {processor.py:642} INFO - Processing file /home/airflow/.local/lib/python3.7/site-packages/airflow/example_dags/example_python_operator.py for tasks to queue
[2022-05-16 02:37:35,749] {logging_mixin.py:109} INFO - [2022-05-16 02:37:35,749] {dagbag.py:500} INFO - Filling up the DagBag from /home/airflow/.local/lib/python3.7/site-packages/airflow/example_dags/example_python_operator.py
[2022-05-16 02:37:35,762] {processor.py:652} INFO - DAG(s) dict_keys(['example_python_operator']) retrieved from /home/airflow/.local/lib/python3.7/site-packages/airflow/example_dags/example_python_operator.py
[2022-05-16 02:37:35,782] {logging_mixin.py:109} INFO - [2022-05-16 02:37:35,782] {dag.py:2398} INFO - Sync 1 DAGs
[2022-05-16 02:37:35,798] {logging_mixin.py:109} INFO - [2022-05-16 02:37:35,798] {dag.py:2937} INFO - Setting next_dagrun for example_python_operator to None
[2022-05-16 02:37:35,807] {processor.py:171} INFO - Processing /home/airflow/.local/lib/python3.7/site-packages/airflow/example_dags/example_python_operator.py took 0.067 seconds
[2022-05-16 02:38:06,233] {processor.py:163} INFO - Started process (PID=14492) to work on /home/airflow/.local/lib/python3.7/site-packages/airflow/example_dags/example_python_operator.py
[2022-05-16 02:38:06,237] {processor.py:642} INFO - Processing file /home/airflow/.local/lib/python3.7/site-packages/airflow/example_dags/example_python_operator.py for tasks to queue
[2022-05-16 02:38:06,238] {logging_mixin.py:109} INFO - [2022-05-16 02:38:06,238] {dagbag.py:500} INFO - Filling up the DagBag from /home/airflow/.local/lib/python3.7/site-packages/airflow/example_dags/example_python_operator.py
[2022-05-16 02:38:06,256] {processor.py:652} INFO - DAG(s) dict_keys(['example_python_operator']) retrieved from /home/airflow/.local/lib/python3.7/site-packages/airflow/example_dags/example_python_operator.py
[2022-05-16 02:38:06,280] {logging_mixin.py:109} INFO - [2022-05-16 02:38:06,280] {dag.py:2398} INFO - Sync 1 DAGs
[2022-05-16 02:38:06,298] {logging_mixin.py:109} INFO - [2022-05-16 02:38:06,297] {dag.py:2937} INFO - Setting next_dagrun for example_python_operator to None
[2022-05-16 02:38:06,309] {processor.py:171} INFO - Processing /home/airflow/.local/lib/python3.7/site-packages/airflow/example_dags/example_python_operator.py took 0.080 seconds
[2022-05-16 02:38:36,613] {processor.py:163} INFO - Started process (PID=14553) to work on /home/airflow/.local/lib/python3.7/site-packages/airflow/example_dags/example_python_operator.py
[2022-05-16 02:38:36,615] {processor.py:642} INFO - Processing file /home/airflow/.local/lib/python3.7/site-packages/airflow/example_dags/example_python_operator.py for tasks to queue
[2022-05-16 02:38:36,616] {logging_mixin.py:109} INFO - [2022-05-16 02:38:36,616] {dagbag.py:500} INFO - Filling up the DagBag from /home/airflow/.local/lib/python3.7/site-packages/airflow/example_dags/example_python_operator.py
[2022-05-16 02:38:36,632] {processor.py:652} INFO - DAG(s) dict_keys(['example_python_operator']) retrieved from /home/airflow/.local/lib/python3.7/site-packages/airflow/example_dags/example_python_operator.py
[2022-05-16 02:38:36,659] {logging_mixin.py:109} INFO - [2022-05-16 02:38:36,659] {dag.py:2398} INFO - Sync 1 DAGs
[2022-05-16 02:38:36,677] {logging_mixin.py:109} INFO - [2022-05-16 02:38:36,677] {dag.py:2937} INFO - Setting next_dagrun for example_python_operator to None
[2022-05-16 02:38:36,688] {processor.py:171} INFO - Processing /home/airflow/.local/lib/python3.7/site-packages/airflow/example_dags/example_python_operator.py took 0.080 seconds
[2022-05-16 02:39:07,349] {processor.py:163} INFO - Started process (PID=14604) to work on /home/airflow/.local/lib/python3.7/site-packages/airflow/example_dags/example_python_operator.py
[2022-05-16 02:39:07,353] {processor.py:642} INFO - Processing file /home/airflow/.local/lib/python3.7/site-packages/airflow/example_dags/example_python_operator.py for tasks to queue
[2022-05-16 02:39:07,355] {logging_mixin.py:109} INFO - [2022-05-16 02:39:07,354] {dagbag.py:500} INFO - Filling up the DagBag from /home/airflow/.local/lib/python3.7/site-packages/airflow/example_dags/example_python_operator.py
[2022-05-16 02:39:07,381] {processor.py:652} INFO - DAG(s) dict_keys(['example_python_operator']) retrieved from /home/airflow/.local/lib/python3.7/site-packages/airflow/example_dags/example_python_operator.py
[2022-05-16 02:39:07,426] {logging_mixin.py:109} INFO - [2022-05-16 02:39:07,425] {dag.py:2398} INFO - Sync 1 DAGs
[2022-05-16 02:39:07,462] {logging_mixin.py:109} INFO - [2022-05-16 02:39:07,462] {dag.py:2937} INFO - Setting next_dagrun for example_python_operator to None
[2022-05-16 02:39:07,479] {processor.py:171} INFO - Processing /home/airflow/.local/lib/python3.7/site-packages/airflow/example_dags/example_python_operator.py took 0.135 seconds
[2022-05-16 02:39:37,682] {processor.py:163} INFO - Started process (PID=14665) to work on /home/airflow/.local/lib/python3.7/site-packages/airflow/example_dags/example_python_operator.py
[2022-05-16 02:39:37,684] {processor.py:642} INFO - Processing file /home/airflow/.local/lib/python3.7/site-packages/airflow/example_dags/example_python_operator.py for tasks to queue
[2022-05-16 02:39:37,686] {logging_mixin.py:109} INFO - [2022-05-16 02:39:37,686] {dagbag.py:500} INFO - Filling up the DagBag from /home/airflow/.local/lib/python3.7/site-packages/airflow/example_dags/example_python_operator.py
[2022-05-16 02:39:37,701] {processor.py:652} INFO - DAG(s) dict_keys(['example_python_operator']) retrieved from /home/airflow/.local/lib/python3.7/site-packages/airflow/example_dags/example_python_operator.py
[2022-05-16 02:39:37,725] {logging_mixin.py:109} INFO - [2022-05-16 02:39:37,724] {dag.py:2398} INFO - Sync 1 DAGs
[2022-05-16 02:39:37,745] {logging_mixin.py:109} INFO - [2022-05-16 02:39:37,745] {dag.py:2937} INFO - Setting next_dagrun for example_python_operator to None
[2022-05-16 02:39:37,757] {processor.py:171} INFO - Processing /home/airflow/.local/lib/python3.7/site-packages/airflow/example_dags/example_python_operator.py took 0.080 seconds
[2022-05-16 02:40:08,035] {processor.py:163} INFO - Started process (PID=14716) to work on /home/airflow/.local/lib/python3.7/site-packages/airflow/example_dags/example_python_operator.py
[2022-05-16 02:40:08,036] {processor.py:642} INFO - Processing file /home/airflow/.local/lib/python3.7/site-packages/airflow/example_dags/example_python_operator.py for tasks to queue
[2022-05-16 02:40:08,038] {logging_mixin.py:109} INFO - [2022-05-16 02:40:08,038] {dagbag.py:500} INFO - Filling up the DagBag from /home/airflow/.local/lib/python3.7/site-packages/airflow/example_dags/example_python_operator.py
[2022-05-16 02:40:08,052] {processor.py:652} INFO - DAG(s) dict_keys(['example_python_operator']) retrieved from /home/airflow/.local/lib/python3.7/site-packages/airflow/example_dags/example_python_operator.py
[2022-05-16 02:40:08,076] {logging_mixin.py:109} INFO - [2022-05-16 02:40:08,076] {dag.py:2398} INFO - Sync 1 DAGs
[2022-05-16 02:40:08,092] {logging_mixin.py:109} INFO - [2022-05-16 02:40:08,092] {dag.py:2937} INFO - Setting next_dagrun for example_python_operator to None
[2022-05-16 02:40:08,103] {processor.py:171} INFO - Processing /home/airflow/.local/lib/python3.7/site-packages/airflow/example_dags/example_python_operator.py took 0.072 seconds
[2022-05-16 02:40:38,322] {processor.py:163} INFO - Started process (PID=14777) to work on /home/airflow/.local/lib/python3.7/site-packages/airflow/example_dags/example_python_operator.py
[2022-05-16 02:40:38,325] {processor.py:642} INFO - Processing file /home/airflow/.local/lib/python3.7/site-packages/airflow/example_dags/example_python_operator.py for tasks to queue
[2022-05-16 02:40:38,326] {logging_mixin.py:109} INFO - [2022-05-16 02:40:38,326] {dagbag.py:500} INFO - Filling up the DagBag from /home/airflow/.local/lib/python3.7/site-packages/airflow/example_dags/example_python_operator.py
[2022-05-16 02:40:38,342] {processor.py:652} INFO - DAG(s) dict_keys(['example_python_operator']) retrieved from /home/airflow/.local/lib/python3.7/site-packages/airflow/example_dags/example_python_operator.py
[2022-05-16 02:40:38,365] {logging_mixin.py:109} INFO - [2022-05-16 02:40:38,365] {dag.py:2398} INFO - Sync 1 DAGs
[2022-05-16 02:40:38,382] {logging_mixin.py:109} INFO - [2022-05-16 02:40:38,382] {dag.py:2937} INFO - Setting next_dagrun for example_python_operator to None
[2022-05-16 02:40:38,392] {processor.py:171} INFO - Processing /home/airflow/.local/lib/python3.7/site-packages/airflow/example_dags/example_python_operator.py took 0.073 seconds
[2022-05-16 02:41:08,723] {processor.py:163} INFO - Started process (PID=14839) to work on /home/airflow/.local/lib/python3.7/site-packages/airflow/example_dags/example_python_operator.py
[2022-05-16 02:41:08,761] {processor.py:642} INFO - Processing file /home/airflow/.local/lib/python3.7/site-packages/airflow/example_dags/example_python_operator.py for tasks to queue
[2022-05-16 02:41:08,762] {logging_mixin.py:109} INFO - [2022-05-16 02:41:08,762] {dagbag.py:500} INFO - Filling up the DagBag from /home/airflow/.local/lib/python3.7/site-packages/airflow/example_dags/example_python_operator.py
[2022-05-16 02:41:08,775] {processor.py:652} INFO - DAG(s) dict_keys(['example_python_operator']) retrieved from /home/airflow/.local/lib/python3.7/site-packages/airflow/example_dags/example_python_operator.py
[2022-05-16 02:41:08,799] {logging_mixin.py:109} INFO - [2022-05-16 02:41:08,799] {dag.py:2398} INFO - Sync 1 DAGs
[2022-05-16 02:41:08,818] {logging_mixin.py:109} INFO - [2022-05-16 02:41:08,818] {dag.py:2937} INFO - Setting next_dagrun for example_python_operator to None
[2022-05-16 02:41:08,830] {processor.py:171} INFO - Processing /home/airflow/.local/lib/python3.7/site-packages/airflow/example_dags/example_python_operator.py took 0.111 seconds
[2022-05-16 02:41:39,114] {processor.py:163} INFO - Started process (PID=14890) to work on /home/airflow/.local/lib/python3.7/site-packages/airflow/example_dags/example_python_operator.py
[2022-05-16 02:41:39,116] {processor.py:642} INFO - Processing file /home/airflow/.local/lib/python3.7/site-packages/airflow/example_dags/example_python_operator.py for tasks to queue
[2022-05-16 02:41:39,117] {logging_mixin.py:109} INFO - [2022-05-16 02:41:39,117] {dagbag.py:500} INFO - Filling up the DagBag from /home/airflow/.local/lib/python3.7/site-packages/airflow/example_dags/example_python_operator.py
[2022-05-16 02:41:39,134] {processor.py:652} INFO - DAG(s) dict_keys(['example_python_operator']) retrieved from /home/airflow/.local/lib/python3.7/site-packages/airflow/example_dags/example_python_operator.py
[2022-05-16 02:41:39,158] {logging_mixin.py:109} INFO - [2022-05-16 02:41:39,158] {dag.py:2398} INFO - Sync 1 DAGs
[2022-05-16 02:41:39,174] {logging_mixin.py:109} INFO - [2022-05-16 02:41:39,174] {dag.py:2937} INFO - Setting next_dagrun for example_python_operator to None
[2022-05-16 02:41:39,184] {processor.py:171} INFO - Processing /home/airflow/.local/lib/python3.7/site-packages/airflow/example_dags/example_python_operator.py took 0.077 seconds
[2022-05-16 02:42:09,480] {processor.py:163} INFO - Started process (PID=14951) to work on /home/airflow/.local/lib/python3.7/site-packages/airflow/example_dags/example_python_operator.py
[2022-05-16 02:42:09,483] {processor.py:642} INFO - Processing file /home/airflow/.local/lib/python3.7/site-packages/airflow/example_dags/example_python_operator.py for tasks to queue
[2022-05-16 02:42:09,485] {logging_mixin.py:109} INFO - [2022-05-16 02:42:09,485] {dagbag.py:500} INFO - Filling up the DagBag from /home/airflow/.local/lib/python3.7/site-packages/airflow/example_dags/example_python_operator.py
[2022-05-16 02:42:09,501] {processor.py:652} INFO - DAG(s) dict_keys(['example_python_operator']) retrieved from /home/airflow/.local/lib/python3.7/site-packages/airflow/example_dags/example_python_operator.py
[2022-05-16 02:42:09,526] {logging_mixin.py:109} INFO - [2022-05-16 02:42:09,526] {dag.py:2398} INFO - Sync 1 DAGs
[2022-05-16 02:42:09,542] {logging_mixin.py:109} INFO - [2022-05-16 02:42:09,542] {dag.py:2937} INFO - Setting next_dagrun for example_python_operator to None
[2022-05-16 02:42:09,552] {processor.py:171} INFO - Processing /home/airflow/.local/lib/python3.7/site-packages/airflow/example_dags/example_python_operator.py took 0.076 seconds
[2022-05-16 02:42:40,076] {processor.py:163} INFO - Started process (PID=15003) to work on /home/airflow/.local/lib/python3.7/site-packages/airflow/example_dags/example_python_operator.py
[2022-05-16 02:42:40,079] {processor.py:642} INFO - Processing file /home/airflow/.local/lib/python3.7/site-packages/airflow/example_dags/example_python_operator.py for tasks to queue
[2022-05-16 02:42:40,081] {logging_mixin.py:109} INFO - [2022-05-16 02:42:40,081] {dagbag.py:500} INFO - Filling up the DagBag from /home/airflow/.local/lib/python3.7/site-packages/airflow/example_dags/example_python_operator.py
[2022-05-16 02:42:40,115] {processor.py:652} INFO - DAG(s) dict_keys(['example_python_operator']) retrieved from /home/airflow/.local/lib/python3.7/site-packages/airflow/example_dags/example_python_operator.py
[2022-05-16 02:42:40,167] {logging_mixin.py:109} INFO - [2022-05-16 02:42:40,167] {dag.py:2398} INFO - Sync 1 DAGs
[2022-05-16 02:42:40,211] {logging_mixin.py:109} INFO - [2022-05-16 02:42:40,211] {dag.py:2937} INFO - Setting next_dagrun for example_python_operator to None
[2022-05-16 02:42:40,234] {processor.py:171} INFO - Processing /home/airflow/.local/lib/python3.7/site-packages/airflow/example_dags/example_python_operator.py took 0.166 seconds
[2022-05-16 02:51:00,109] {processor.py:163} INFO - Started process (PID=15046) to work on /home/airflow/.local/lib/python3.7/site-packages/airflow/example_dags/example_python_operator.py
[2022-05-16 02:51:00,118] {processor.py:642} INFO - Processing file /home/airflow/.local/lib/python3.7/site-packages/airflow/example_dags/example_python_operator.py for tasks to queue
[2022-05-16 02:51:00,120] {logging_mixin.py:109} INFO - [2022-05-16 02:51:00,120] {dagbag.py:500} INFO - Filling up the DagBag from /home/airflow/.local/lib/python3.7/site-packages/airflow/example_dags/example_python_operator.py
[2022-05-16 02:51:00,173] {processor.py:652} INFO - DAG(s) dict_keys(['example_python_operator']) retrieved from /home/airflow/.local/lib/python3.7/site-packages/airflow/example_dags/example_python_operator.py
[2022-05-16 02:51:00,226] {logging_mixin.py:109} INFO - [2022-05-16 02:51:00,226] {dag.py:2398} INFO - Sync 1 DAGs
[2022-05-16 02:51:00,268] {logging_mixin.py:109} INFO - [2022-05-16 02:51:00,268] {dag.py:2937} INFO - Setting next_dagrun for example_python_operator to None
[2022-05-16 02:51:00,288] {processor.py:171} INFO - Processing /home/airflow/.local/lib/python3.7/site-packages/airflow/example_dags/example_python_operator.py took 0.186 seconds
[2022-05-16 02:51:30,806] {processor.py:163} INFO - Started process (PID=15100) to work on /home/airflow/.local/lib/python3.7/site-packages/airflow/example_dags/example_python_operator.py
[2022-05-16 02:51:30,808] {processor.py:642} INFO - Processing file /home/airflow/.local/lib/python3.7/site-packages/airflow/example_dags/example_python_operator.py for tasks to queue
[2022-05-16 02:51:30,810] {logging_mixin.py:109} INFO - [2022-05-16 02:51:30,810] {dagbag.py:500} INFO - Filling up the DagBag from /home/airflow/.local/lib/python3.7/site-packages/airflow/example_dags/example_python_operator.py
[2022-05-16 02:51:30,830] {processor.py:652} INFO - DAG(s) dict_keys(['example_python_operator']) retrieved from /home/airflow/.local/lib/python3.7/site-packages/airflow/example_dags/example_python_operator.py
[2022-05-16 02:51:30,864] {logging_mixin.py:109} INFO - [2022-05-16 02:51:30,864] {dag.py:2398} INFO - Sync 1 DAGs
[2022-05-16 02:51:30,897] {logging_mixin.py:109} INFO - [2022-05-16 02:51:30,896] {dag.py:2937} INFO - Setting next_dagrun for example_python_operator to None
[2022-05-16 02:51:30,913] {processor.py:171} INFO - Processing /home/airflow/.local/lib/python3.7/site-packages/airflow/example_dags/example_python_operator.py took 0.112 seconds
[2022-05-16 02:52:01,472] {processor.py:163} INFO - Started process (PID=15160) to work on /home/airflow/.local/lib/python3.7/site-packages/airflow/example_dags/example_python_operator.py
[2022-05-16 02:52:01,475] {processor.py:642} INFO - Processing file /home/airflow/.local/lib/python3.7/site-packages/airflow/example_dags/example_python_operator.py for tasks to queue
[2022-05-16 02:52:01,476] {logging_mixin.py:109} INFO - [2022-05-16 02:52:01,476] {dagbag.py:500} INFO - Filling up the DagBag from /home/airflow/.local/lib/python3.7/site-packages/airflow/example_dags/example_python_operator.py
[2022-05-16 02:52:01,492] {processor.py:652} INFO - DAG(s) dict_keys(['example_python_operator']) retrieved from /home/airflow/.local/lib/python3.7/site-packages/airflow/example_dags/example_python_operator.py
[2022-05-16 02:52:01,517] {logging_mixin.py:109} INFO - [2022-05-16 02:52:01,516] {dag.py:2398} INFO - Sync 1 DAGs
[2022-05-16 02:52:01,534] {logging_mixin.py:109} INFO - [2022-05-16 02:52:01,534] {dag.py:2937} INFO - Setting next_dagrun for example_python_operator to None
[2022-05-16 02:52:01,547] {processor.py:171} INFO - Processing /home/airflow/.local/lib/python3.7/site-packages/airflow/example_dags/example_python_operator.py took 0.078 seconds
[2022-05-16 02:52:32,041] {processor.py:163} INFO - Started process (PID=15212) to work on /home/airflow/.local/lib/python3.7/site-packages/airflow/example_dags/example_python_operator.py
[2022-05-16 02:52:32,044] {processor.py:642} INFO - Processing file /home/airflow/.local/lib/python3.7/site-packages/airflow/example_dags/example_python_operator.py for tasks to queue
[2022-05-16 02:52:32,046] {logging_mixin.py:109} INFO - [2022-05-16 02:52:32,046] {dagbag.py:500} INFO - Filling up the DagBag from /home/airflow/.local/lib/python3.7/site-packages/airflow/example_dags/example_python_operator.py
[2022-05-16 02:52:32,064] {processor.py:652} INFO - DAG(s) dict_keys(['example_python_operator']) retrieved from /home/airflow/.local/lib/python3.7/site-packages/airflow/example_dags/example_python_operator.py
[2022-05-16 02:52:32,092] {logging_mixin.py:109} INFO - [2022-05-16 02:52:32,092] {dag.py:2398} INFO - Sync 1 DAGs
[2022-05-16 02:52:32,109] {logging_mixin.py:109} INFO - [2022-05-16 02:52:32,109] {dag.py:2937} INFO - Setting next_dagrun for example_python_operator to None
[2022-05-16 02:52:32,120] {processor.py:171} INFO - Processing /home/airflow/.local/lib/python3.7/site-packages/airflow/example_dags/example_python_operator.py took 0.083 seconds
[2022-05-16 02:53:02,712] {processor.py:163} INFO - Started process (PID=15273) to work on /home/airflow/.local/lib/python3.7/site-packages/airflow/example_dags/example_python_operator.py
[2022-05-16 02:53:02,714] {processor.py:642} INFO - Processing file /home/airflow/.local/lib/python3.7/site-packages/airflow/example_dags/example_python_operator.py for tasks to queue
[2022-05-16 02:53:02,716] {logging_mixin.py:109} INFO - [2022-05-16 02:53:02,716] {dagbag.py:500} INFO - Filling up the DagBag from /home/airflow/.local/lib/python3.7/site-packages/airflow/example_dags/example_python_operator.py
[2022-05-16 02:53:02,732] {processor.py:652} INFO - DAG(s) dict_keys(['example_python_operator']) retrieved from /home/airflow/.local/lib/python3.7/site-packages/airflow/example_dags/example_python_operator.py
[2022-05-16 02:53:02,758] {logging_mixin.py:109} INFO - [2022-05-16 02:53:02,758] {dag.py:2398} INFO - Sync 1 DAGs
[2022-05-16 02:53:02,774] {logging_mixin.py:109} INFO - [2022-05-16 02:53:02,774] {dag.py:2937} INFO - Setting next_dagrun for example_python_operator to None
[2022-05-16 02:53:02,787] {processor.py:171} INFO - Processing /home/airflow/.local/lib/python3.7/site-packages/airflow/example_dags/example_python_operator.py took 0.079 seconds
[2022-05-16 02:53:33,085] {processor.py:163} INFO - Started process (PID=15326) to work on /home/airflow/.local/lib/python3.7/site-packages/airflow/example_dags/example_python_operator.py
[2022-05-16 02:53:33,088] {processor.py:642} INFO - Processing file /home/airflow/.local/lib/python3.7/site-packages/airflow/example_dags/example_python_operator.py for tasks to queue
[2022-05-16 02:53:33,089] {logging_mixin.py:109} INFO - [2022-05-16 02:53:33,089] {dagbag.py:500} INFO - Filling up the DagBag from /home/airflow/.local/lib/python3.7/site-packages/airflow/example_dags/example_python_operator.py
[2022-05-16 02:53:33,103] {processor.py:652} INFO - DAG(s) dict_keys(['example_python_operator']) retrieved from /home/airflow/.local/lib/python3.7/site-packages/airflow/example_dags/example_python_operator.py
[2022-05-16 02:53:33,127] {logging_mixin.py:109} INFO - [2022-05-16 02:53:33,126] {dag.py:2398} INFO - Sync 1 DAGs
[2022-05-16 02:53:33,144] {logging_mixin.py:109} INFO - [2022-05-16 02:53:33,144] {dag.py:2937} INFO - Setting next_dagrun for example_python_operator to None
[2022-05-16 02:53:33,155] {processor.py:171} INFO - Processing /home/airflow/.local/lib/python3.7/site-packages/airflow/example_dags/example_python_operator.py took 0.073 seconds
