[2022-05-16 00:06:54,947] {processor.py:163} INFO - Started process (PID=11300) to work on /home/airflow/.local/lib/python3.7/site-packages/airflow/example_dags/example_skip_dag.py
[2022-05-16 00:06:54,966] {processor.py:642} INFO - Processing file /home/airflow/.local/lib/python3.7/site-packages/airflow/example_dags/example_skip_dag.py for tasks to queue
[2022-05-16 00:06:54,984] {logging_mixin.py:109} INFO - [2022-05-16 00:06:54,982] {dagbag.py:500} INFO - Filling up the DagBag from /home/airflow/.local/lib/python3.7/site-packages/airflow/example_dags/example_skip_dag.py
[2022-05-16 00:06:55,132] {processor.py:652} INFO - DAG(s) dict_keys(['example_skip_dag']) retrieved from /home/airflow/.local/lib/python3.7/site-packages/airflow/example_dags/example_skip_dag.py
[2022-05-16 00:06:55,291] {logging_mixin.py:109} INFO - [2022-05-16 00:06:55,291] {dag.py:2398} INFO - Sync 1 DAGs
[2022-05-16 00:06:55,429] {logging_mixin.py:109} INFO - [2022-05-16 00:06:55,428] {dag.py:2937} INFO - Setting next_dagrun for example_skip_dag to 2022-05-15T00:06:55.427170+00:00
[2022-05-16 00:06:55,523] {processor.py:171} INFO - Processing /home/airflow/.local/lib/python3.7/site-packages/airflow/example_dags/example_skip_dag.py took 0.628 seconds
[2022-05-16 00:07:28,279] {processor.py:163} INFO - Started process (PID=11345) to work on /home/airflow/.local/lib/python3.7/site-packages/airflow/example_dags/example_skip_dag.py
[2022-05-16 00:07:28,307] {processor.py:642} INFO - Processing file /home/airflow/.local/lib/python3.7/site-packages/airflow/example_dags/example_skip_dag.py for tasks to queue
[2022-05-16 00:07:28,333] {logging_mixin.py:109} INFO - [2022-05-16 00:07:28,332] {dagbag.py:500} INFO - Filling up the DagBag from /home/airflow/.local/lib/python3.7/site-packages/airflow/example_dags/example_skip_dag.py
[2022-05-16 00:07:28,458] {processor.py:652} INFO - DAG(s) dict_keys(['example_skip_dag']) retrieved from /home/airflow/.local/lib/python3.7/site-packages/airflow/example_dags/example_skip_dag.py
[2022-05-16 00:07:28,620] {logging_mixin.py:109} INFO - [2022-05-16 00:07:28,620] {dag.py:2398} INFO - Sync 1 DAGs
[2022-05-16 00:07:28,740] {logging_mixin.py:109} INFO - [2022-05-16 00:07:28,739] {dag.py:2937} INFO - Setting next_dagrun for example_skip_dag to 2022-05-15T00:07:28.737696+00:00
[2022-05-16 00:07:28,796] {processor.py:171} INFO - Processing /home/airflow/.local/lib/python3.7/site-packages/airflow/example_dags/example_skip_dag.py took 0.539 seconds
[2022-05-16 00:08:00,395] {processor.py:163} INFO - Started process (PID=11398) to work on /home/airflow/.local/lib/python3.7/site-packages/airflow/example_dags/example_skip_dag.py
[2022-05-16 00:08:00,410] {processor.py:642} INFO - Processing file /home/airflow/.local/lib/python3.7/site-packages/airflow/example_dags/example_skip_dag.py for tasks to queue
[2022-05-16 00:08:00,418] {logging_mixin.py:109} INFO - [2022-05-16 00:08:00,418] {dagbag.py:500} INFO - Filling up the DagBag from /home/airflow/.local/lib/python3.7/site-packages/airflow/example_dags/example_skip_dag.py
[2022-05-16 00:08:00,541] {processor.py:652} INFO - DAG(s) dict_keys(['example_skip_dag']) retrieved from /home/airflow/.local/lib/python3.7/site-packages/airflow/example_dags/example_skip_dag.py
[2022-05-16 00:08:00,703] {logging_mixin.py:109} INFO - [2022-05-16 00:08:00,702] {dag.py:2398} INFO - Sync 1 DAGs
[2022-05-16 00:08:00,805] {logging_mixin.py:109} INFO - [2022-05-16 00:08:00,804] {dag.py:2937} INFO - Setting next_dagrun for example_skip_dag to 2022-05-15T00:08:00.803800+00:00
[2022-05-16 00:08:00,845] {processor.py:171} INFO - Processing /home/airflow/.local/lib/python3.7/site-packages/airflow/example_dags/example_skip_dag.py took 0.476 seconds
[2022-05-16 00:08:32,980] {processor.py:163} INFO - Started process (PID=11448) to work on /home/airflow/.local/lib/python3.7/site-packages/airflow/example_dags/example_skip_dag.py
[2022-05-16 00:08:33,003] {processor.py:642} INFO - Processing file /home/airflow/.local/lib/python3.7/site-packages/airflow/example_dags/example_skip_dag.py for tasks to queue
[2022-05-16 00:08:33,013] {logging_mixin.py:109} INFO - [2022-05-16 00:08:33,012] {dagbag.py:500} INFO - Filling up the DagBag from /home/airflow/.local/lib/python3.7/site-packages/airflow/example_dags/example_skip_dag.py
[2022-05-16 00:08:33,119] {processor.py:652} INFO - DAG(s) dict_keys(['example_skip_dag']) retrieved from /home/airflow/.local/lib/python3.7/site-packages/airflow/example_dags/example_skip_dag.py
[2022-05-16 00:08:33,258] {logging_mixin.py:109} INFO - [2022-05-16 00:08:33,257] {dag.py:2398} INFO - Sync 1 DAGs
[2022-05-16 00:08:33,379] {logging_mixin.py:109} INFO - [2022-05-16 00:08:33,379] {dag.py:2937} INFO - Setting next_dagrun for example_skip_dag to 2022-05-15T00:08:33.378131+00:00
[2022-05-16 00:08:33,459] {processor.py:171} INFO - Processing /home/airflow/.local/lib/python3.7/site-packages/airflow/example_dags/example_skip_dag.py took 0.496 seconds
[2022-05-16 00:09:06,034] {processor.py:163} INFO - Started process (PID=11494) to work on /home/airflow/.local/lib/python3.7/site-packages/airflow/example_dags/example_skip_dag.py
[2022-05-16 00:09:06,048] {processor.py:642} INFO - Processing file /home/airflow/.local/lib/python3.7/site-packages/airflow/example_dags/example_skip_dag.py for tasks to queue
[2022-05-16 00:09:06,056] {logging_mixin.py:109} INFO - [2022-05-16 00:09:06,055] {dagbag.py:500} INFO - Filling up the DagBag from /home/airflow/.local/lib/python3.7/site-packages/airflow/example_dags/example_skip_dag.py
[2022-05-16 00:09:06,144] {processor.py:652} INFO - DAG(s) dict_keys(['example_skip_dag']) retrieved from /home/airflow/.local/lib/python3.7/site-packages/airflow/example_dags/example_skip_dag.py
[2022-05-16 00:09:07,542] {logging_mixin.py:109} INFO - [2022-05-16 00:09:07,542] {dag.py:2398} INFO - Sync 1 DAGs
[2022-05-16 00:09:07,749] {logging_mixin.py:109} INFO - [2022-05-16 00:09:07,749] {dag.py:2937} INFO - Setting next_dagrun for example_skip_dag to 2022-05-15T00:09:07.748512+00:00
[2022-05-16 00:09:07,806] {processor.py:171} INFO - Processing /home/airflow/.local/lib/python3.7/site-packages/airflow/example_dags/example_skip_dag.py took 1.791 seconds
[2022-05-16 00:39:11,217] {processor.py:163} INFO - Started process (PID=11528) to work on /home/airflow/.local/lib/python3.7/site-packages/airflow/example_dags/example_skip_dag.py
[2022-05-16 00:39:11,224] {processor.py:642} INFO - Processing file /home/airflow/.local/lib/python3.7/site-packages/airflow/example_dags/example_skip_dag.py for tasks to queue
[2022-05-16 00:39:11,228] {logging_mixin.py:109} INFO - [2022-05-16 00:39:11,228] {dagbag.py:500} INFO - Filling up the DagBag from /home/airflow/.local/lib/python3.7/site-packages/airflow/example_dags/example_skip_dag.py
[2022-05-16 00:39:11,260] {processor.py:652} INFO - DAG(s) dict_keys(['example_skip_dag']) retrieved from /home/airflow/.local/lib/python3.7/site-packages/airflow/example_dags/example_skip_dag.py
[2022-05-16 00:39:11,301] {logging_mixin.py:109} INFO - [2022-05-16 00:39:11,300] {dag.py:2398} INFO - Sync 1 DAGs
[2022-05-16 00:39:11,352] {logging_mixin.py:109} INFO - [2022-05-16 00:39:11,352] {dag.py:2937} INFO - Setting next_dagrun for example_skip_dag to 2022-05-15T00:39:11.351529+00:00
[2022-05-16 00:39:11,379] {processor.py:171} INFO - Processing /home/airflow/.local/lib/python3.7/site-packages/airflow/example_dags/example_skip_dag.py took 0.177 seconds
[2022-05-16 00:39:45,509] {processor.py:163} INFO - Started process (PID=11571) to work on /home/airflow/.local/lib/python3.7/site-packages/airflow/example_dags/example_skip_dag.py
[2022-05-16 00:39:45,522] {processor.py:642} INFO - Processing file /home/airflow/.local/lib/python3.7/site-packages/airflow/example_dags/example_skip_dag.py for tasks to queue
[2022-05-16 00:39:45,529] {logging_mixin.py:109} INFO - [2022-05-16 00:39:45,529] {dagbag.py:500} INFO - Filling up the DagBag from /home/airflow/.local/lib/python3.7/site-packages/airflow/example_dags/example_skip_dag.py
[2022-05-16 00:39:45,638] {processor.py:652} INFO - DAG(s) dict_keys(['example_skip_dag']) retrieved from /home/airflow/.local/lib/python3.7/site-packages/airflow/example_dags/example_skip_dag.py
[2022-05-16 00:39:45,812] {logging_mixin.py:109} INFO - [2022-05-16 00:39:45,811] {dag.py:2398} INFO - Sync 1 DAGs
[2022-05-16 00:39:45,932] {logging_mixin.py:109} INFO - [2022-05-16 00:39:45,932] {dag.py:2937} INFO - Setting next_dagrun for example_skip_dag to 2022-05-15T00:39:45.930913+00:00
[2022-05-16 00:39:45,998] {processor.py:171} INFO - Processing /home/airflow/.local/lib/python3.7/site-packages/airflow/example_dags/example_skip_dag.py took 0.516 seconds
[2022-05-16 00:40:18,889] {processor.py:163} INFO - Started process (PID=11623) to work on /home/airflow/.local/lib/python3.7/site-packages/airflow/example_dags/example_skip_dag.py
[2022-05-16 00:40:18,900] {processor.py:642} INFO - Processing file /home/airflow/.local/lib/python3.7/site-packages/airflow/example_dags/example_skip_dag.py for tasks to queue
[2022-05-16 00:40:18,909] {logging_mixin.py:109} INFO - [2022-05-16 00:40:18,908] {dagbag.py:500} INFO - Filling up the DagBag from /home/airflow/.local/lib/python3.7/site-packages/airflow/example_dags/example_skip_dag.py
[2022-05-16 00:40:19,018] {processor.py:652} INFO - DAG(s) dict_keys(['example_skip_dag']) retrieved from /home/airflow/.local/lib/python3.7/site-packages/airflow/example_dags/example_skip_dag.py
[2022-05-16 00:40:19,161] {logging_mixin.py:109} INFO - [2022-05-16 00:40:19,160] {dag.py:2398} INFO - Sync 1 DAGs
[2022-05-16 00:40:19,294] {logging_mixin.py:109} INFO - [2022-05-16 00:40:19,294] {dag.py:2937} INFO - Setting next_dagrun for example_skip_dag to 2022-05-15T00:40:19.293055+00:00
[2022-05-16 00:40:19,358] {processor.py:171} INFO - Processing /home/airflow/.local/lib/python3.7/site-packages/airflow/example_dags/example_skip_dag.py took 0.490 seconds
[2022-05-16 00:40:50,150] {processor.py:163} INFO - Started process (PID=11676) to work on /home/airflow/.local/lib/python3.7/site-packages/airflow/example_dags/example_skip_dag.py
[2022-05-16 00:40:50,160] {processor.py:642} INFO - Processing file /home/airflow/.local/lib/python3.7/site-packages/airflow/example_dags/example_skip_dag.py for tasks to queue
[2022-05-16 00:40:50,173] {logging_mixin.py:109} INFO - [2022-05-16 00:40:50,172] {dagbag.py:500} INFO - Filling up the DagBag from /home/airflow/.local/lib/python3.7/site-packages/airflow/example_dags/example_skip_dag.py
[2022-05-16 00:40:50,293] {processor.py:652} INFO - DAG(s) dict_keys(['example_skip_dag']) retrieved from /home/airflow/.local/lib/python3.7/site-packages/airflow/example_dags/example_skip_dag.py
[2022-05-16 00:40:50,434] {logging_mixin.py:109} INFO - [2022-05-16 00:40:50,433] {dag.py:2398} INFO - Sync 1 DAGs
[2022-05-16 00:40:50,545] {logging_mixin.py:109} INFO - [2022-05-16 00:40:50,544] {dag.py:2937} INFO - Setting next_dagrun for example_skip_dag to 2022-05-15T00:40:50.543566+00:00
[2022-05-16 00:40:50,611] {processor.py:171} INFO - Processing /home/airflow/.local/lib/python3.7/site-packages/airflow/example_dags/example_skip_dag.py took 0.477 seconds
[2022-05-16 00:41:22,867] {processor.py:163} INFO - Started process (PID=11719) to work on /home/airflow/.local/lib/python3.7/site-packages/airflow/example_dags/example_skip_dag.py
[2022-05-16 00:41:22,877] {processor.py:642} INFO - Processing file /home/airflow/.local/lib/python3.7/site-packages/airflow/example_dags/example_skip_dag.py for tasks to queue
[2022-05-16 00:41:22,883] {logging_mixin.py:109} INFO - [2022-05-16 00:41:22,882] {dagbag.py:500} INFO - Filling up the DagBag from /home/airflow/.local/lib/python3.7/site-packages/airflow/example_dags/example_skip_dag.py
[2022-05-16 00:41:22,984] {processor.py:652} INFO - DAG(s) dict_keys(['example_skip_dag']) retrieved from /home/airflow/.local/lib/python3.7/site-packages/airflow/example_dags/example_skip_dag.py
[2022-05-16 00:41:23,117] {logging_mixin.py:109} INFO - [2022-05-16 00:41:23,116] {dag.py:2398} INFO - Sync 1 DAGs
[2022-05-16 00:41:23,222] {logging_mixin.py:109} INFO - [2022-05-16 00:41:23,221] {dag.py:2937} INFO - Setting next_dagrun for example_skip_dag to 2022-05-15T00:41:23.217995+00:00
[2022-05-16 00:41:23,290] {processor.py:171} INFO - Processing /home/airflow/.local/lib/python3.7/site-packages/airflow/example_dags/example_skip_dag.py took 0.449 seconds
[2022-05-16 00:41:55,464] {processor.py:163} INFO - Started process (PID=11771) to work on /home/airflow/.local/lib/python3.7/site-packages/airflow/example_dags/example_skip_dag.py
[2022-05-16 00:41:55,476] {processor.py:642} INFO - Processing file /home/airflow/.local/lib/python3.7/site-packages/airflow/example_dags/example_skip_dag.py for tasks to queue
[2022-05-16 00:41:55,488] {logging_mixin.py:109} INFO - [2022-05-16 00:41:55,487] {dagbag.py:500} INFO - Filling up the DagBag from /home/airflow/.local/lib/python3.7/site-packages/airflow/example_dags/example_skip_dag.py
[2022-05-16 00:41:55,623] {processor.py:652} INFO - DAG(s) dict_keys(['example_skip_dag']) retrieved from /home/airflow/.local/lib/python3.7/site-packages/airflow/example_dags/example_skip_dag.py
[2022-05-16 00:41:55,836] {logging_mixin.py:109} INFO - [2022-05-16 00:41:55,835] {dag.py:2398} INFO - Sync 1 DAGs
[2022-05-16 00:41:56,002] {logging_mixin.py:109} INFO - [2022-05-16 00:41:56,001] {dag.py:2937} INFO - Setting next_dagrun for example_skip_dag to 2022-05-15T00:41:55.999611+00:00
[2022-05-16 00:41:56,077] {processor.py:171} INFO - Processing /home/airflow/.local/lib/python3.7/site-packages/airflow/example_dags/example_skip_dag.py took 0.642 seconds
[2022-05-16 00:42:28,276] {processor.py:163} INFO - Started process (PID=11820) to work on /home/airflow/.local/lib/python3.7/site-packages/airflow/example_dags/example_skip_dag.py
[2022-05-16 00:42:28,292] {processor.py:642} INFO - Processing file /home/airflow/.local/lib/python3.7/site-packages/airflow/example_dags/example_skip_dag.py for tasks to queue
[2022-05-16 00:42:28,300] {logging_mixin.py:109} INFO - [2022-05-16 00:42:28,299] {dagbag.py:500} INFO - Filling up the DagBag from /home/airflow/.local/lib/python3.7/site-packages/airflow/example_dags/example_skip_dag.py
[2022-05-16 00:42:28,390] {processor.py:652} INFO - DAG(s) dict_keys(['example_skip_dag']) retrieved from /home/airflow/.local/lib/python3.7/site-packages/airflow/example_dags/example_skip_dag.py
[2022-05-16 00:42:28,562] {logging_mixin.py:109} INFO - [2022-05-16 00:42:28,562] {dag.py:2398} INFO - Sync 1 DAGs
[2022-05-16 00:42:28,717] {logging_mixin.py:109} INFO - [2022-05-16 00:42:28,717] {dag.py:2937} INFO - Setting next_dagrun for example_skip_dag to 2022-05-15T00:42:28.715525+00:00
[2022-05-16 00:42:28,780] {processor.py:171} INFO - Processing /home/airflow/.local/lib/python3.7/site-packages/airflow/example_dags/example_skip_dag.py took 0.542 seconds
[2022-05-16 00:43:00,514] {processor.py:163} INFO - Started process (PID=11864) to work on /home/airflow/.local/lib/python3.7/site-packages/airflow/example_dags/example_skip_dag.py
[2022-05-16 00:43:00,525] {processor.py:642} INFO - Processing file /home/airflow/.local/lib/python3.7/site-packages/airflow/example_dags/example_skip_dag.py for tasks to queue
[2022-05-16 00:43:00,536] {logging_mixin.py:109} INFO - [2022-05-16 00:43:00,535] {dagbag.py:500} INFO - Filling up the DagBag from /home/airflow/.local/lib/python3.7/site-packages/airflow/example_dags/example_skip_dag.py
[2022-05-16 00:43:00,638] {processor.py:652} INFO - DAG(s) dict_keys(['example_skip_dag']) retrieved from /home/airflow/.local/lib/python3.7/site-packages/airflow/example_dags/example_skip_dag.py
[2022-05-16 00:43:00,794] {logging_mixin.py:109} INFO - [2022-05-16 00:43:00,794] {dag.py:2398} INFO - Sync 1 DAGs
[2022-05-16 00:43:00,909] {logging_mixin.py:109} INFO - [2022-05-16 00:43:00,909] {dag.py:2937} INFO - Setting next_dagrun for example_skip_dag to 2022-05-15T00:43:00.907912+00:00
[2022-05-16 00:43:00,968] {processor.py:171} INFO - Processing /home/airflow/.local/lib/python3.7/site-packages/airflow/example_dags/example_skip_dag.py took 0.473 seconds
[2022-05-16 00:43:33,033] {processor.py:163} INFO - Started process (PID=11916) to work on /home/airflow/.local/lib/python3.7/site-packages/airflow/example_dags/example_skip_dag.py
[2022-05-16 00:43:33,046] {processor.py:642} INFO - Processing file /home/airflow/.local/lib/python3.7/site-packages/airflow/example_dags/example_skip_dag.py for tasks to queue
[2022-05-16 00:43:33,057] {logging_mixin.py:109} INFO - [2022-05-16 00:43:33,056] {dagbag.py:500} INFO - Filling up the DagBag from /home/airflow/.local/lib/python3.7/site-packages/airflow/example_dags/example_skip_dag.py
[2022-05-16 00:43:33,182] {processor.py:652} INFO - DAG(s) dict_keys(['example_skip_dag']) retrieved from /home/airflow/.local/lib/python3.7/site-packages/airflow/example_dags/example_skip_dag.py
[2022-05-16 00:43:33,323] {logging_mixin.py:109} INFO - [2022-05-16 00:43:33,322] {dag.py:2398} INFO - Sync 1 DAGs
[2022-05-16 00:43:33,444] {logging_mixin.py:109} INFO - [2022-05-16 00:43:33,444] {dag.py:2937} INFO - Setting next_dagrun for example_skip_dag to 2022-05-15T00:43:33.443329+00:00
[2022-05-16 00:43:33,496] {processor.py:171} INFO - Processing /home/airflow/.local/lib/python3.7/site-packages/airflow/example_dags/example_skip_dag.py took 0.489 seconds
[2022-05-16 00:44:04,844] {processor.py:163} INFO - Started process (PID=11958) to work on /home/airflow/.local/lib/python3.7/site-packages/airflow/example_dags/example_skip_dag.py
[2022-05-16 00:44:04,853] {processor.py:642} INFO - Processing file /home/airflow/.local/lib/python3.7/site-packages/airflow/example_dags/example_skip_dag.py for tasks to queue
[2022-05-16 00:44:04,863] {logging_mixin.py:109} INFO - [2022-05-16 00:44:04,863] {dagbag.py:500} INFO - Filling up the DagBag from /home/airflow/.local/lib/python3.7/site-packages/airflow/example_dags/example_skip_dag.py
[2022-05-16 00:44:04,942] {processor.py:652} INFO - DAG(s) dict_keys(['example_skip_dag']) retrieved from /home/airflow/.local/lib/python3.7/site-packages/airflow/example_dags/example_skip_dag.py
[2022-05-16 00:44:05,051] {logging_mixin.py:109} INFO - [2022-05-16 00:44:05,051] {dag.py:2398} INFO - Sync 1 DAGs
[2022-05-16 00:44:05,134] {logging_mixin.py:109} INFO - [2022-05-16 00:44:05,134] {dag.py:2937} INFO - Setting next_dagrun for example_skip_dag to 2022-05-15T00:44:05.132764+00:00
[2022-05-16 00:44:05,187] {processor.py:171} INFO - Processing /home/airflow/.local/lib/python3.7/site-packages/airflow/example_dags/example_skip_dag.py took 0.358 seconds
[2022-05-16 01:14:18,342] {processor.py:163} INFO - Started process (PID=11990) to work on /home/airflow/.local/lib/python3.7/site-packages/airflow/example_dags/example_skip_dag.py
[2022-05-16 01:14:18,364] {processor.py:642} INFO - Processing file /home/airflow/.local/lib/python3.7/site-packages/airflow/example_dags/example_skip_dag.py for tasks to queue
[2022-05-16 01:14:18,377] {logging_mixin.py:109} INFO - [2022-05-16 01:14:18,375] {dagbag.py:500} INFO - Filling up the DagBag from /home/airflow/.local/lib/python3.7/site-packages/airflow/example_dags/example_skip_dag.py
[2022-05-16 01:14:18,452] {processor.py:652} INFO - DAG(s) dict_keys(['example_skip_dag']) retrieved from /home/airflow/.local/lib/python3.7/site-packages/airflow/example_dags/example_skip_dag.py
[2022-05-16 01:14:18,730] {logging_mixin.py:109} INFO - [2022-05-16 01:14:18,729] {dag.py:2398} INFO - Sync 1 DAGs
[2022-05-16 01:14:18,879] {logging_mixin.py:109} INFO - [2022-05-16 01:14:18,878] {dag.py:2937} INFO - Setting next_dagrun for example_skip_dag to 2022-05-15T01:14:18.876770+00:00
[2022-05-16 01:14:18,978] {processor.py:171} INFO - Processing /home/airflow/.local/lib/python3.7/site-packages/airflow/example_dags/example_skip_dag.py took 0.730 seconds
[2022-05-16 01:14:52,947] {processor.py:163} INFO - Started process (PID=12043) to work on /home/airflow/.local/lib/python3.7/site-packages/airflow/example_dags/example_skip_dag.py
[2022-05-16 01:14:52,964] {processor.py:642} INFO - Processing file /home/airflow/.local/lib/python3.7/site-packages/airflow/example_dags/example_skip_dag.py for tasks to queue
[2022-05-16 01:14:52,984] {logging_mixin.py:109} INFO - [2022-05-16 01:14:52,983] {dagbag.py:500} INFO - Filling up the DagBag from /home/airflow/.local/lib/python3.7/site-packages/airflow/example_dags/example_skip_dag.py
[2022-05-16 01:14:53,037] {processor.py:652} INFO - DAG(s) dict_keys(['example_skip_dag']) retrieved from /home/airflow/.local/lib/python3.7/site-packages/airflow/example_dags/example_skip_dag.py
[2022-05-16 01:14:53,260] {logging_mixin.py:109} INFO - [2022-05-16 01:14:53,259] {dag.py:2398} INFO - Sync 1 DAGs
[2022-05-16 01:14:53,462] {logging_mixin.py:109} INFO - [2022-05-16 01:14:53,461] {dag.py:2937} INFO - Setting next_dagrun for example_skip_dag to 2022-05-15T01:14:53.459909+00:00
[2022-05-16 01:14:53,566] {processor.py:171} INFO - Processing /home/airflow/.local/lib/python3.7/site-packages/airflow/example_dags/example_skip_dag.py took 0.671 seconds
[2022-05-16 01:15:24,853] {processor.py:163} INFO - Started process (PID=12098) to work on /home/airflow/.local/lib/python3.7/site-packages/airflow/example_dags/example_skip_dag.py
[2022-05-16 01:15:24,866] {processor.py:642} INFO - Processing file /home/airflow/.local/lib/python3.7/site-packages/airflow/example_dags/example_skip_dag.py for tasks to queue
[2022-05-16 01:15:24,880] {logging_mixin.py:109} INFO - [2022-05-16 01:15:24,879] {dagbag.py:500} INFO - Filling up the DagBag from /home/airflow/.local/lib/python3.7/site-packages/airflow/example_dags/example_skip_dag.py
[2022-05-16 01:15:24,928] {processor.py:652} INFO - DAG(s) dict_keys(['example_skip_dag']) retrieved from /home/airflow/.local/lib/python3.7/site-packages/airflow/example_dags/example_skip_dag.py
[2022-05-16 01:15:25,155] {logging_mixin.py:109} INFO - [2022-05-16 01:15:25,155] {dag.py:2398} INFO - Sync 1 DAGs
[2022-05-16 01:15:25,339] {logging_mixin.py:109} INFO - [2022-05-16 01:15:25,339] {dag.py:2937} INFO - Setting next_dagrun for example_skip_dag to 2022-05-15T01:15:25.337284+00:00
[2022-05-16 01:15:25,445] {processor.py:171} INFO - Processing /home/airflow/.local/lib/python3.7/site-packages/airflow/example_dags/example_skip_dag.py took 0.610 seconds
[2022-05-16 01:15:56,654] {processor.py:163} INFO - Started process (PID=12141) to work on /home/airflow/.local/lib/python3.7/site-packages/airflow/example_dags/example_skip_dag.py
[2022-05-16 01:15:56,663] {processor.py:642} INFO - Processing file /home/airflow/.local/lib/python3.7/site-packages/airflow/example_dags/example_skip_dag.py for tasks to queue
[2022-05-16 01:15:56,669] {logging_mixin.py:109} INFO - [2022-05-16 01:15:56,668] {dagbag.py:500} INFO - Filling up the DagBag from /home/airflow/.local/lib/python3.7/site-packages/airflow/example_dags/example_skip_dag.py
[2022-05-16 01:15:56,712] {processor.py:652} INFO - DAG(s) dict_keys(['example_skip_dag']) retrieved from /home/airflow/.local/lib/python3.7/site-packages/airflow/example_dags/example_skip_dag.py
[2022-05-16 01:15:56,871] {logging_mixin.py:109} INFO - [2022-05-16 01:15:56,860] {dag.py:2398} INFO - Sync 1 DAGs
[2022-05-16 01:15:56,978] {logging_mixin.py:109} INFO - [2022-05-16 01:15:56,977] {dag.py:2937} INFO - Setting next_dagrun for example_skip_dag to 2022-05-15T01:15:56.976464+00:00
[2022-05-16 01:15:57,032] {processor.py:171} INFO - Processing /home/airflow/.local/lib/python3.7/site-packages/airflow/example_dags/example_skip_dag.py took 0.395 seconds
[2022-05-16 01:16:29,275] {processor.py:163} INFO - Started process (PID=12194) to work on /home/airflow/.local/lib/python3.7/site-packages/airflow/example_dags/example_skip_dag.py
[2022-05-16 01:16:29,284] {processor.py:642} INFO - Processing file /home/airflow/.local/lib/python3.7/site-packages/airflow/example_dags/example_skip_dag.py for tasks to queue
[2022-05-16 01:16:29,291] {logging_mixin.py:109} INFO - [2022-05-16 01:16:29,290] {dagbag.py:500} INFO - Filling up the DagBag from /home/airflow/.local/lib/python3.7/site-packages/airflow/example_dags/example_skip_dag.py
[2022-05-16 01:16:29,335] {processor.py:652} INFO - DAG(s) dict_keys(['example_skip_dag']) retrieved from /home/airflow/.local/lib/python3.7/site-packages/airflow/example_dags/example_skip_dag.py
[2022-05-16 01:16:29,500] {logging_mixin.py:109} INFO - [2022-05-16 01:16:29,500] {dag.py:2398} INFO - Sync 1 DAGs
[2022-05-16 01:16:29,601] {logging_mixin.py:109} INFO - [2022-05-16 01:16:29,600] {dag.py:2937} INFO - Setting next_dagrun for example_skip_dag to 2022-05-15T01:16:29.599305+00:00
[2022-05-16 01:16:29,679] {processor.py:171} INFO - Processing /home/airflow/.local/lib/python3.7/site-packages/airflow/example_dags/example_skip_dag.py took 0.423 seconds
[2022-05-16 01:17:00,641] {processor.py:163} INFO - Started process (PID=12237) to work on /home/airflow/.local/lib/python3.7/site-packages/airflow/example_dags/example_skip_dag.py
[2022-05-16 01:17:00,655] {processor.py:642} INFO - Processing file /home/airflow/.local/lib/python3.7/site-packages/airflow/example_dags/example_skip_dag.py for tasks to queue
[2022-05-16 01:17:00,663] {logging_mixin.py:109} INFO - [2022-05-16 01:17:00,662] {dagbag.py:500} INFO - Filling up the DagBag from /home/airflow/.local/lib/python3.7/site-packages/airflow/example_dags/example_skip_dag.py
[2022-05-16 01:17:00,705] {processor.py:652} INFO - DAG(s) dict_keys(['example_skip_dag']) retrieved from /home/airflow/.local/lib/python3.7/site-packages/airflow/example_dags/example_skip_dag.py
[2022-05-16 01:17:00,833] {logging_mixin.py:109} INFO - [2022-05-16 01:17:00,833] {dag.py:2398} INFO - Sync 1 DAGs
[2022-05-16 01:17:00,923] {logging_mixin.py:109} INFO - [2022-05-16 01:17:00,921] {dag.py:2937} INFO - Setting next_dagrun for example_skip_dag to 2022-05-15T01:17:00.918787+00:00
[2022-05-16 01:17:00,972] {processor.py:171} INFO - Processing /home/airflow/.local/lib/python3.7/site-packages/airflow/example_dags/example_skip_dag.py took 0.349 seconds
[2022-05-16 01:17:32,397] {processor.py:163} INFO - Started process (PID=12290) to work on /home/airflow/.local/lib/python3.7/site-packages/airflow/example_dags/example_skip_dag.py
[2022-05-16 01:17:32,407] {processor.py:642} INFO - Processing file /home/airflow/.local/lib/python3.7/site-packages/airflow/example_dags/example_skip_dag.py for tasks to queue
[2022-05-16 01:17:32,413] {logging_mixin.py:109} INFO - [2022-05-16 01:17:32,412] {dagbag.py:500} INFO - Filling up the DagBag from /home/airflow/.local/lib/python3.7/site-packages/airflow/example_dags/example_skip_dag.py
[2022-05-16 01:17:32,444] {processor.py:652} INFO - DAG(s) dict_keys(['example_skip_dag']) retrieved from /home/airflow/.local/lib/python3.7/site-packages/airflow/example_dags/example_skip_dag.py
[2022-05-16 01:17:32,557] {logging_mixin.py:109} INFO - [2022-05-16 01:17:32,557] {dag.py:2398} INFO - Sync 1 DAGs
[2022-05-16 01:17:32,647] {logging_mixin.py:109} INFO - [2022-05-16 01:17:32,647] {dag.py:2937} INFO - Setting next_dagrun for example_skip_dag to 2022-05-15T01:17:32.646006+00:00
[2022-05-16 01:17:32,719] {processor.py:171} INFO - Processing /home/airflow/.local/lib/python3.7/site-packages/airflow/example_dags/example_skip_dag.py took 0.340 seconds
[2022-05-16 01:18:04,394] {processor.py:163} INFO - Started process (PID=12342) to work on /home/airflow/.local/lib/python3.7/site-packages/airflow/example_dags/example_skip_dag.py
[2022-05-16 01:18:04,410] {processor.py:642} INFO - Processing file /home/airflow/.local/lib/python3.7/site-packages/airflow/example_dags/example_skip_dag.py for tasks to queue
[2022-05-16 01:18:04,416] {logging_mixin.py:109} INFO - [2022-05-16 01:18:04,415] {dagbag.py:500} INFO - Filling up the DagBag from /home/airflow/.local/lib/python3.7/site-packages/airflow/example_dags/example_skip_dag.py
[2022-05-16 01:18:04,454] {processor.py:652} INFO - DAG(s) dict_keys(['example_skip_dag']) retrieved from /home/airflow/.local/lib/python3.7/site-packages/airflow/example_dags/example_skip_dag.py
[2022-05-16 01:18:04,563] {logging_mixin.py:109} INFO - [2022-05-16 01:18:04,563] {dag.py:2398} INFO - Sync 1 DAGs
[2022-05-16 01:18:04,653] {logging_mixin.py:109} INFO - [2022-05-16 01:18:04,652] {dag.py:2937} INFO - Setting next_dagrun for example_skip_dag to 2022-05-15T01:18:04.651600+00:00
[2022-05-16 01:18:04,709] {processor.py:171} INFO - Processing /home/airflow/.local/lib/python3.7/site-packages/airflow/example_dags/example_skip_dag.py took 0.332 seconds
[2022-05-16 01:18:35,569] {processor.py:163} INFO - Started process (PID=12385) to work on /home/airflow/.local/lib/python3.7/site-packages/airflow/example_dags/example_skip_dag.py
[2022-05-16 01:18:35,582] {processor.py:642} INFO - Processing file /home/airflow/.local/lib/python3.7/site-packages/airflow/example_dags/example_skip_dag.py for tasks to queue
[2022-05-16 01:18:35,589] {logging_mixin.py:109} INFO - [2022-05-16 01:18:35,588] {dagbag.py:500} INFO - Filling up the DagBag from /home/airflow/.local/lib/python3.7/site-packages/airflow/example_dags/example_skip_dag.py
[2022-05-16 01:18:35,620] {processor.py:652} INFO - DAG(s) dict_keys(['example_skip_dag']) retrieved from /home/airflow/.local/lib/python3.7/site-packages/airflow/example_dags/example_skip_dag.py
[2022-05-16 01:18:35,738] {logging_mixin.py:109} INFO - [2022-05-16 01:18:35,738] {dag.py:2398} INFO - Sync 1 DAGs
[2022-05-16 01:18:35,825] {logging_mixin.py:109} INFO - [2022-05-16 01:18:35,824] {dag.py:2937} INFO - Setting next_dagrun for example_skip_dag to 2022-05-15T01:18:35.822201+00:00
[2022-05-16 01:18:35,872] {processor.py:171} INFO - Processing /home/airflow/.local/lib/python3.7/site-packages/airflow/example_dags/example_skip_dag.py took 0.322 seconds
[2022-05-16 01:19:08,399] {processor.py:163} INFO - Started process (PID=12438) to work on /home/airflow/.local/lib/python3.7/site-packages/airflow/example_dags/example_skip_dag.py
[2022-05-16 01:19:08,409] {processor.py:642} INFO - Processing file /home/airflow/.local/lib/python3.7/site-packages/airflow/example_dags/example_skip_dag.py for tasks to queue
[2022-05-16 01:19:08,423] {logging_mixin.py:109} INFO - [2022-05-16 01:19:08,423] {dagbag.py:500} INFO - Filling up the DagBag from /home/airflow/.local/lib/python3.7/site-packages/airflow/example_dags/example_skip_dag.py
[2022-05-16 01:19:08,460] {processor.py:652} INFO - DAG(s) dict_keys(['example_skip_dag']) retrieved from /home/airflow/.local/lib/python3.7/site-packages/airflow/example_dags/example_skip_dag.py
[2022-05-16 01:19:08,599] {logging_mixin.py:109} INFO - [2022-05-16 01:19:08,599] {dag.py:2398} INFO - Sync 1 DAGs
[2022-05-16 01:19:08,703] {logging_mixin.py:109} INFO - [2022-05-16 01:19:08,703] {dag.py:2937} INFO - Setting next_dagrun for example_skip_dag to 2022-05-15T01:19:08.701945+00:00
[2022-05-16 01:19:08,751] {processor.py:171} INFO - Processing /home/airflow/.local/lib/python3.7/site-packages/airflow/example_dags/example_skip_dag.py took 0.370 seconds
[2022-05-16 01:19:39,732] {processor.py:163} INFO - Started process (PID=12491) to work on /home/airflow/.local/lib/python3.7/site-packages/airflow/example_dags/example_skip_dag.py
[2022-05-16 01:19:39,741] {processor.py:642} INFO - Processing file /home/airflow/.local/lib/python3.7/site-packages/airflow/example_dags/example_skip_dag.py for tasks to queue
[2022-05-16 01:19:39,747] {logging_mixin.py:109} INFO - [2022-05-16 01:19:39,746] {dagbag.py:500} INFO - Filling up the DagBag from /home/airflow/.local/lib/python3.7/site-packages/airflow/example_dags/example_skip_dag.py
[2022-05-16 01:19:39,780] {processor.py:652} INFO - DAG(s) dict_keys(['example_skip_dag']) retrieved from /home/airflow/.local/lib/python3.7/site-packages/airflow/example_dags/example_skip_dag.py
[2022-05-16 01:19:39,882] {logging_mixin.py:109} INFO - [2022-05-16 01:19:39,881] {dag.py:2398} INFO - Sync 1 DAGs
[2022-05-16 01:19:39,969] {logging_mixin.py:109} INFO - [2022-05-16 01:19:39,968] {dag.py:2937} INFO - Setting next_dagrun for example_skip_dag to 2022-05-15T01:19:39.967147+00:00
[2022-05-16 01:19:40,022] {processor.py:171} INFO - Processing /home/airflow/.local/lib/python3.7/site-packages/airflow/example_dags/example_skip_dag.py took 0.306 seconds
[2022-05-16 01:20:11,000] {processor.py:163} INFO - Started process (PID=12534) to work on /home/airflow/.local/lib/python3.7/site-packages/airflow/example_dags/example_skip_dag.py
[2022-05-16 01:20:11,003] {processor.py:642} INFO - Processing file /home/airflow/.local/lib/python3.7/site-packages/airflow/example_dags/example_skip_dag.py for tasks to queue
[2022-05-16 01:20:11,005] {logging_mixin.py:109} INFO - [2022-05-16 01:20:11,005] {dagbag.py:500} INFO - Filling up the DagBag from /home/airflow/.local/lib/python3.7/site-packages/airflow/example_dags/example_skip_dag.py
[2022-05-16 01:20:11,015] {processor.py:652} INFO - DAG(s) dict_keys(['example_skip_dag']) retrieved from /home/airflow/.local/lib/python3.7/site-packages/airflow/example_dags/example_skip_dag.py
[2022-05-16 01:20:11,048] {logging_mixin.py:109} INFO - [2022-05-16 01:20:11,048] {dag.py:2398} INFO - Sync 1 DAGs
[2022-05-16 01:20:11,073] {logging_mixin.py:109} INFO - [2022-05-16 01:20:11,073] {dag.py:2937} INFO - Setting next_dagrun for example_skip_dag to 2022-05-15T01:20:11.072781+00:00
[2022-05-16 01:20:11,088] {processor.py:171} INFO - Processing /home/airflow/.local/lib/python3.7/site-packages/airflow/example_dags/example_skip_dag.py took 0.092 seconds
[2022-05-16 01:50:39,605] {processor.py:163} INFO - Started process (PID=12591) to work on /home/airflow/.local/lib/python3.7/site-packages/airflow/example_dags/example_skip_dag.py
[2022-05-16 01:50:39,617] {processor.py:642} INFO - Processing file /home/airflow/.local/lib/python3.7/site-packages/airflow/example_dags/example_skip_dag.py for tasks to queue
[2022-05-16 01:50:39,629] {logging_mixin.py:109} INFO - [2022-05-16 01:50:39,628] {dagbag.py:500} INFO - Filling up the DagBag from /home/airflow/.local/lib/python3.7/site-packages/airflow/example_dags/example_skip_dag.py
[2022-05-16 01:50:39,694] {processor.py:652} INFO - DAG(s) dict_keys(['example_skip_dag']) retrieved from /home/airflow/.local/lib/python3.7/site-packages/airflow/example_dags/example_skip_dag.py
[2022-05-16 01:50:39,883] {logging_mixin.py:109} INFO - [2022-05-16 01:50:39,883] {dag.py:2398} INFO - Sync 1 DAGs
[2022-05-16 01:50:40,030] {logging_mixin.py:109} INFO - [2022-05-16 01:50:40,029] {dag.py:2937} INFO - Setting next_dagrun for example_skip_dag to 2022-05-15T01:50:40.028566+00:00
[2022-05-16 01:50:40,155] {processor.py:171} INFO - Processing /home/airflow/.local/lib/python3.7/site-packages/airflow/example_dags/example_skip_dag.py took 0.605 seconds
[2022-05-16 01:51:14,240] {processor.py:163} INFO - Started process (PID=12642) to work on /home/airflow/.local/lib/python3.7/site-packages/airflow/example_dags/example_skip_dag.py
[2022-05-16 01:51:14,258] {processor.py:642} INFO - Processing file /home/airflow/.local/lib/python3.7/site-packages/airflow/example_dags/example_skip_dag.py for tasks to queue
[2022-05-16 01:51:14,266] {logging_mixin.py:109} INFO - [2022-05-16 01:51:14,266] {dagbag.py:500} INFO - Filling up the DagBag from /home/airflow/.local/lib/python3.7/site-packages/airflow/example_dags/example_skip_dag.py
[2022-05-16 01:51:14,333] {processor.py:652} INFO - DAG(s) dict_keys(['example_skip_dag']) retrieved from /home/airflow/.local/lib/python3.7/site-packages/airflow/example_dags/example_skip_dag.py
[2022-05-16 01:51:14,517] {logging_mixin.py:109} INFO - [2022-05-16 01:51:14,517] {dag.py:2398} INFO - Sync 1 DAGs
[2022-05-16 01:51:14,695] {logging_mixin.py:109} INFO - [2022-05-16 01:51:14,695] {dag.py:2937} INFO - Setting next_dagrun for example_skip_dag to 2022-05-15T01:51:14.693850+00:00
[2022-05-16 01:51:14,774] {processor.py:171} INFO - Processing /home/airflow/.local/lib/python3.7/site-packages/airflow/example_dags/example_skip_dag.py took 0.577 seconds
[2022-05-16 01:51:45,256] {processor.py:163} INFO - Started process (PID=12684) to work on /home/airflow/.local/lib/python3.7/site-packages/airflow/example_dags/example_skip_dag.py
[2022-05-16 01:51:45,274] {processor.py:642} INFO - Processing file /home/airflow/.local/lib/python3.7/site-packages/airflow/example_dags/example_skip_dag.py for tasks to queue
[2022-05-16 01:51:45,280] {logging_mixin.py:109} INFO - [2022-05-16 01:51:45,280] {dagbag.py:500} INFO - Filling up the DagBag from /home/airflow/.local/lib/python3.7/site-packages/airflow/example_dags/example_skip_dag.py
[2022-05-16 01:51:45,336] {processor.py:652} INFO - DAG(s) dict_keys(['example_skip_dag']) retrieved from /home/airflow/.local/lib/python3.7/site-packages/airflow/example_dags/example_skip_dag.py
[2022-05-16 01:51:45,463] {logging_mixin.py:109} INFO - [2022-05-16 01:51:45,463] {dag.py:2398} INFO - Sync 1 DAGs
[2022-05-16 01:51:45,563] {logging_mixin.py:109} INFO - [2022-05-16 01:51:45,562] {dag.py:2937} INFO - Setting next_dagrun for example_skip_dag to 2022-05-15T01:51:45.560970+00:00
[2022-05-16 01:51:45,620] {processor.py:171} INFO - Processing /home/airflow/.local/lib/python3.7/site-packages/airflow/example_dags/example_skip_dag.py took 0.405 seconds
[2022-05-16 01:52:17,067] {processor.py:163} INFO - Started process (PID=12737) to work on /home/airflow/.local/lib/python3.7/site-packages/airflow/example_dags/example_skip_dag.py
[2022-05-16 01:52:17,076] {processor.py:642} INFO - Processing file /home/airflow/.local/lib/python3.7/site-packages/airflow/example_dags/example_skip_dag.py for tasks to queue
[2022-05-16 01:52:17,084] {logging_mixin.py:109} INFO - [2022-05-16 01:52:17,084] {dagbag.py:500} INFO - Filling up the DagBag from /home/airflow/.local/lib/python3.7/site-packages/airflow/example_dags/example_skip_dag.py
[2022-05-16 01:52:17,146] {processor.py:652} INFO - DAG(s) dict_keys(['example_skip_dag']) retrieved from /home/airflow/.local/lib/python3.7/site-packages/airflow/example_dags/example_skip_dag.py
[2022-05-16 01:52:17,301] {logging_mixin.py:109} INFO - [2022-05-16 01:52:17,300] {dag.py:2398} INFO - Sync 1 DAGs
[2022-05-16 01:52:17,424] {logging_mixin.py:109} INFO - [2022-05-16 01:52:17,423] {dag.py:2937} INFO - Setting next_dagrun for example_skip_dag to 2022-05-15T01:52:17.421918+00:00
[2022-05-16 01:52:17,518] {processor.py:171} INFO - Processing /home/airflow/.local/lib/python3.7/site-packages/airflow/example_dags/example_skip_dag.py took 0.478 seconds
[2022-05-16 01:52:49,348] {processor.py:163} INFO - Started process (PID=12789) to work on /home/airflow/.local/lib/python3.7/site-packages/airflow/example_dags/example_skip_dag.py
[2022-05-16 01:52:49,370] {processor.py:642} INFO - Processing file /home/airflow/.local/lib/python3.7/site-packages/airflow/example_dags/example_skip_dag.py for tasks to queue
[2022-05-16 01:52:49,383] {logging_mixin.py:109} INFO - [2022-05-16 01:52:49,382] {dagbag.py:500} INFO - Filling up the DagBag from /home/airflow/.local/lib/python3.7/site-packages/airflow/example_dags/example_skip_dag.py
[2022-05-16 01:52:49,442] {processor.py:652} INFO - DAG(s) dict_keys(['example_skip_dag']) retrieved from /home/airflow/.local/lib/python3.7/site-packages/airflow/example_dags/example_skip_dag.py
[2022-05-16 01:52:49,764] {logging_mixin.py:109} INFO - [2022-05-16 01:52:49,764] {dag.py:2398} INFO - Sync 1 DAGs
[2022-05-16 01:52:49,850] {logging_mixin.py:109} INFO - [2022-05-16 01:52:49,850] {dag.py:2937} INFO - Setting next_dagrun for example_skip_dag to 2022-05-15T01:52:49.848815+00:00
[2022-05-16 01:52:49,903] {processor.py:171} INFO - Processing /home/airflow/.local/lib/python3.7/site-packages/airflow/example_dags/example_skip_dag.py took 0.578 seconds
[2022-05-16 01:53:20,719] {processor.py:163} INFO - Started process (PID=12832) to work on /home/airflow/.local/lib/python3.7/site-packages/airflow/example_dags/example_skip_dag.py
[2022-05-16 01:53:20,730] {processor.py:642} INFO - Processing file /home/airflow/.local/lib/python3.7/site-packages/airflow/example_dags/example_skip_dag.py for tasks to queue
[2022-05-16 01:53:20,737] {logging_mixin.py:109} INFO - [2022-05-16 01:53:20,736] {dagbag.py:500} INFO - Filling up the DagBag from /home/airflow/.local/lib/python3.7/site-packages/airflow/example_dags/example_skip_dag.py
[2022-05-16 01:53:20,792] {processor.py:652} INFO - DAG(s) dict_keys(['example_skip_dag']) retrieved from /home/airflow/.local/lib/python3.7/site-packages/airflow/example_dags/example_skip_dag.py
[2022-05-16 01:53:20,922] {logging_mixin.py:109} INFO - [2022-05-16 01:53:20,920] {dag.py:2398} INFO - Sync 1 DAGs
[2022-05-16 01:53:21,021] {logging_mixin.py:109} INFO - [2022-05-16 01:53:21,020] {dag.py:2937} INFO - Setting next_dagrun for example_skip_dag to 2022-05-15T01:53:21.018032+00:00
[2022-05-16 01:53:21,074] {processor.py:171} INFO - Processing /home/airflow/.local/lib/python3.7/site-packages/airflow/example_dags/example_skip_dag.py took 0.390 seconds
[2022-05-16 01:53:52,146] {processor.py:163} INFO - Started process (PID=12883) to work on /home/airflow/.local/lib/python3.7/site-packages/airflow/example_dags/example_skip_dag.py
[2022-05-16 01:53:52,154] {processor.py:642} INFO - Processing file /home/airflow/.local/lib/python3.7/site-packages/airflow/example_dags/example_skip_dag.py for tasks to queue
[2022-05-16 01:53:52,160] {logging_mixin.py:109} INFO - [2022-05-16 01:53:52,159] {dagbag.py:500} INFO - Filling up the DagBag from /home/airflow/.local/lib/python3.7/site-packages/airflow/example_dags/example_skip_dag.py
[2022-05-16 01:53:52,194] {processor.py:652} INFO - DAG(s) dict_keys(['example_skip_dag']) retrieved from /home/airflow/.local/lib/python3.7/site-packages/airflow/example_dags/example_skip_dag.py
[2022-05-16 01:53:52,318] {logging_mixin.py:109} INFO - [2022-05-16 01:53:52,318] {dag.py:2398} INFO - Sync 1 DAGs
[2022-05-16 01:53:52,401] {logging_mixin.py:109} INFO - [2022-05-16 01:53:52,401] {dag.py:2937} INFO - Setting next_dagrun for example_skip_dag to 2022-05-15T01:53:52.400265+00:00
[2022-05-16 01:53:52,468] {processor.py:171} INFO - Processing /home/airflow/.local/lib/python3.7/site-packages/airflow/example_dags/example_skip_dag.py took 0.338 seconds
[2022-05-16 01:54:22,841] {processor.py:163} INFO - Started process (PID=12926) to work on /home/airflow/.local/lib/python3.7/site-packages/airflow/example_dags/example_skip_dag.py
[2022-05-16 01:54:22,854] {processor.py:642} INFO - Processing file /home/airflow/.local/lib/python3.7/site-packages/airflow/example_dags/example_skip_dag.py for tasks to queue
[2022-05-16 01:54:22,874] {logging_mixin.py:109} INFO - [2022-05-16 01:54:22,873] {dagbag.py:500} INFO - Filling up the DagBag from /home/airflow/.local/lib/python3.7/site-packages/airflow/example_dags/example_skip_dag.py
[2022-05-16 01:54:22,914] {processor.py:652} INFO - DAG(s) dict_keys(['example_skip_dag']) retrieved from /home/airflow/.local/lib/python3.7/site-packages/airflow/example_dags/example_skip_dag.py
[2022-05-16 01:54:23,050] {logging_mixin.py:109} INFO - [2022-05-16 01:54:23,050] {dag.py:2398} INFO - Sync 1 DAGs
[2022-05-16 01:54:23,161] {logging_mixin.py:109} INFO - [2022-05-16 01:54:23,161] {dag.py:2937} INFO - Setting next_dagrun for example_skip_dag to 2022-05-15T01:54:23.159691+00:00
[2022-05-16 01:54:23,209] {processor.py:171} INFO - Processing /home/airflow/.local/lib/python3.7/site-packages/airflow/example_dags/example_skip_dag.py took 0.386 seconds
[2022-05-16 01:54:54,164] {processor.py:163} INFO - Started process (PID=12978) to work on /home/airflow/.local/lib/python3.7/site-packages/airflow/example_dags/example_skip_dag.py
[2022-05-16 01:54:54,173] {processor.py:642} INFO - Processing file /home/airflow/.local/lib/python3.7/site-packages/airflow/example_dags/example_skip_dag.py for tasks to queue
[2022-05-16 01:54:54,179] {logging_mixin.py:109} INFO - [2022-05-16 01:54:54,178] {dagbag.py:500} INFO - Filling up the DagBag from /home/airflow/.local/lib/python3.7/site-packages/airflow/example_dags/example_skip_dag.py
[2022-05-16 01:54:54,223] {processor.py:652} INFO - DAG(s) dict_keys(['example_skip_dag']) retrieved from /home/airflow/.local/lib/python3.7/site-packages/airflow/example_dags/example_skip_dag.py
[2022-05-16 01:54:54,355] {logging_mixin.py:109} INFO - [2022-05-16 01:54:54,354] {dag.py:2398} INFO - Sync 1 DAGs
[2022-05-16 01:54:54,440] {logging_mixin.py:109} INFO - [2022-05-16 01:54:54,440] {dag.py:2937} INFO - Setting next_dagrun for example_skip_dag to 2022-05-15T01:54:54.438853+00:00
[2022-05-16 01:54:54,485] {processor.py:171} INFO - Processing /home/airflow/.local/lib/python3.7/site-packages/airflow/example_dags/example_skip_dag.py took 0.339 seconds
[2022-05-16 01:55:24,930] {processor.py:163} INFO - Started process (PID=13031) to work on /home/airflow/.local/lib/python3.7/site-packages/airflow/example_dags/example_skip_dag.py
[2022-05-16 01:55:24,939] {processor.py:642} INFO - Processing file /home/airflow/.local/lib/python3.7/site-packages/airflow/example_dags/example_skip_dag.py for tasks to queue
[2022-05-16 01:55:24,946] {logging_mixin.py:109} INFO - [2022-05-16 01:55:24,946] {dagbag.py:500} INFO - Filling up the DagBag from /home/airflow/.local/lib/python3.7/site-packages/airflow/example_dags/example_skip_dag.py
[2022-05-16 01:55:24,996] {processor.py:652} INFO - DAG(s) dict_keys(['example_skip_dag']) retrieved from /home/airflow/.local/lib/python3.7/site-packages/airflow/example_dags/example_skip_dag.py
[2022-05-16 01:55:25,149] {logging_mixin.py:109} INFO - [2022-05-16 01:55:25,149] {dag.py:2398} INFO - Sync 1 DAGs
[2022-05-16 01:55:25,247] {logging_mixin.py:109} INFO - [2022-05-16 01:55:25,246] {dag.py:2937} INFO - Setting next_dagrun for example_skip_dag to 2022-05-15T01:55:25.245650+00:00
[2022-05-16 01:55:25,323] {processor.py:171} INFO - Processing /home/airflow/.local/lib/python3.7/site-packages/airflow/example_dags/example_skip_dag.py took 0.410 seconds
[2022-05-16 01:55:55,506] {processor.py:163} INFO - Started process (PID=13073) to work on /home/airflow/.local/lib/python3.7/site-packages/airflow/example_dags/example_skip_dag.py
[2022-05-16 01:55:55,516] {processor.py:642} INFO - Processing file /home/airflow/.local/lib/python3.7/site-packages/airflow/example_dags/example_skip_dag.py for tasks to queue
[2022-05-16 01:55:55,523] {logging_mixin.py:109} INFO - [2022-05-16 01:55:55,522] {dagbag.py:500} INFO - Filling up the DagBag from /home/airflow/.local/lib/python3.7/site-packages/airflow/example_dags/example_skip_dag.py
[2022-05-16 01:55:55,558] {processor.py:652} INFO - DAG(s) dict_keys(['example_skip_dag']) retrieved from /home/airflow/.local/lib/python3.7/site-packages/airflow/example_dags/example_skip_dag.py
[2022-05-16 01:55:55,688] {logging_mixin.py:109} INFO - [2022-05-16 01:55:55,688] {dag.py:2398} INFO - Sync 1 DAGs
[2022-05-16 01:55:55,772] {logging_mixin.py:109} INFO - [2022-05-16 01:55:55,771] {dag.py:2937} INFO - Setting next_dagrun for example_skip_dag to 2022-05-15T01:55:55.770303+00:00
[2022-05-16 01:55:55,817] {processor.py:171} INFO - Processing /home/airflow/.local/lib/python3.7/site-packages/airflow/example_dags/example_skip_dag.py took 0.329 seconds
[2022-05-16 01:56:26,250] {processor.py:163} INFO - Started process (PID=13126) to work on /home/airflow/.local/lib/python3.7/site-packages/airflow/example_dags/example_skip_dag.py
[2022-05-16 01:56:26,260] {processor.py:642} INFO - Processing file /home/airflow/.local/lib/python3.7/site-packages/airflow/example_dags/example_skip_dag.py for tasks to queue
[2022-05-16 01:56:26,265] {logging_mixin.py:109} INFO - [2022-05-16 01:56:26,265] {dagbag.py:500} INFO - Filling up the DagBag from /home/airflow/.local/lib/python3.7/site-packages/airflow/example_dags/example_skip_dag.py
[2022-05-16 01:56:26,297] {processor.py:652} INFO - DAG(s) dict_keys(['example_skip_dag']) retrieved from /home/airflow/.local/lib/python3.7/site-packages/airflow/example_dags/example_skip_dag.py
[2022-05-16 01:56:26,407] {logging_mixin.py:109} INFO - [2022-05-16 01:56:26,406] {dag.py:2398} INFO - Sync 1 DAGs
[2022-05-16 01:56:26,482] {logging_mixin.py:109} INFO - [2022-05-16 01:56:26,481] {dag.py:2937} INFO - Setting next_dagrun for example_skip_dag to 2022-05-15T01:56:26.480499+00:00
[2022-05-16 01:56:26,525] {processor.py:171} INFO - Processing /home/airflow/.local/lib/python3.7/site-packages/airflow/example_dags/example_skip_dag.py took 0.292 seconds
[2022-05-16 01:56:56,691] {processor.py:163} INFO - Started process (PID=13169) to work on /home/airflow/.local/lib/python3.7/site-packages/airflow/example_dags/example_skip_dag.py
[2022-05-16 01:56:56,699] {processor.py:642} INFO - Processing file /home/airflow/.local/lib/python3.7/site-packages/airflow/example_dags/example_skip_dag.py for tasks to queue
[2022-05-16 01:56:56,705] {logging_mixin.py:109} INFO - [2022-05-16 01:56:56,704] {dagbag.py:500} INFO - Filling up the DagBag from /home/airflow/.local/lib/python3.7/site-packages/airflow/example_dags/example_skip_dag.py
[2022-05-16 01:56:56,739] {processor.py:652} INFO - DAG(s) dict_keys(['example_skip_dag']) retrieved from /home/airflow/.local/lib/python3.7/site-packages/airflow/example_dags/example_skip_dag.py
[2022-05-16 01:56:56,851] {logging_mixin.py:109} INFO - [2022-05-16 01:56:56,850] {dag.py:2398} INFO - Sync 1 DAGs
[2022-05-16 01:56:56,931] {logging_mixin.py:109} INFO - [2022-05-16 01:56:56,931] {dag.py:2937} INFO - Setting next_dagrun for example_skip_dag to 2022-05-15T01:56:56.929947+00:00
[2022-05-16 01:56:56,976] {processor.py:171} INFO - Processing /home/airflow/.local/lib/python3.7/site-packages/airflow/example_dags/example_skip_dag.py took 0.304 seconds
[2022-05-16 01:57:27,330] {processor.py:163} INFO - Started process (PID=13221) to work on /home/airflow/.local/lib/python3.7/site-packages/airflow/example_dags/example_skip_dag.py
[2022-05-16 01:57:27,339] {processor.py:642} INFO - Processing file /home/airflow/.local/lib/python3.7/site-packages/airflow/example_dags/example_skip_dag.py for tasks to queue
[2022-05-16 01:57:27,345] {logging_mixin.py:109} INFO - [2022-05-16 01:57:27,345] {dagbag.py:500} INFO - Filling up the DagBag from /home/airflow/.local/lib/python3.7/site-packages/airflow/example_dags/example_skip_dag.py
[2022-05-16 01:57:27,379] {processor.py:652} INFO - DAG(s) dict_keys(['example_skip_dag']) retrieved from /home/airflow/.local/lib/python3.7/site-packages/airflow/example_dags/example_skip_dag.py
[2022-05-16 01:57:27,484] {logging_mixin.py:109} INFO - [2022-05-16 01:57:27,483] {dag.py:2398} INFO - Sync 1 DAGs
[2022-05-16 01:57:27,560] {logging_mixin.py:109} INFO - [2022-05-16 01:57:27,559] {dag.py:2937} INFO - Setting next_dagrun for example_skip_dag to 2022-05-15T01:57:27.558405+00:00
[2022-05-16 01:57:27,609] {processor.py:171} INFO - Processing /home/airflow/.local/lib/python3.7/site-packages/airflow/example_dags/example_skip_dag.py took 0.312 seconds
[2022-05-16 01:57:58,098] {processor.py:163} INFO - Started process (PID=13271) to work on /home/airflow/.local/lib/python3.7/site-packages/airflow/example_dags/example_skip_dag.py
[2022-05-16 01:57:58,107] {processor.py:642} INFO - Processing file /home/airflow/.local/lib/python3.7/site-packages/airflow/example_dags/example_skip_dag.py for tasks to queue
[2022-05-16 01:57:58,120] {logging_mixin.py:109} INFO - [2022-05-16 01:57:58,119] {dagbag.py:500} INFO - Filling up the DagBag from /home/airflow/.local/lib/python3.7/site-packages/airflow/example_dags/example_skip_dag.py
[2022-05-16 01:57:58,152] {processor.py:652} INFO - DAG(s) dict_keys(['example_skip_dag']) retrieved from /home/airflow/.local/lib/python3.7/site-packages/airflow/example_dags/example_skip_dag.py
[2022-05-16 01:57:58,259] {logging_mixin.py:109} INFO - [2022-05-16 01:57:58,258] {dag.py:2398} INFO - Sync 1 DAGs
[2022-05-16 01:57:58,338] {logging_mixin.py:109} INFO - [2022-05-16 01:57:58,338] {dag.py:2937} INFO - Setting next_dagrun for example_skip_dag to 2022-05-15T01:57:58.336931+00:00
[2022-05-16 01:57:58,389] {processor.py:171} INFO - Processing /home/airflow/.local/lib/python3.7/site-packages/airflow/example_dags/example_skip_dag.py took 0.308 seconds
[2022-05-16 01:58:28,652] {processor.py:163} INFO - Started process (PID=13315) to work on /home/airflow/.local/lib/python3.7/site-packages/airflow/example_dags/example_skip_dag.py
[2022-05-16 01:58:28,661] {processor.py:642} INFO - Processing file /home/airflow/.local/lib/python3.7/site-packages/airflow/example_dags/example_skip_dag.py for tasks to queue
[2022-05-16 01:58:28,667] {logging_mixin.py:109} INFO - [2022-05-16 01:58:28,666] {dagbag.py:500} INFO - Filling up the DagBag from /home/airflow/.local/lib/python3.7/site-packages/airflow/example_dags/example_skip_dag.py
[2022-05-16 01:58:28,700] {processor.py:652} INFO - DAG(s) dict_keys(['example_skip_dag']) retrieved from /home/airflow/.local/lib/python3.7/site-packages/airflow/example_dags/example_skip_dag.py
[2022-05-16 01:58:28,805] {logging_mixin.py:109} INFO - [2022-05-16 01:58:28,804] {dag.py:2398} INFO - Sync 1 DAGs
[2022-05-16 01:58:28,881] {logging_mixin.py:109} INFO - [2022-05-16 01:58:28,881] {dag.py:2937} INFO - Setting next_dagrun for example_skip_dag to 2022-05-15T01:58:28.880018+00:00
[2022-05-16 01:58:28,929] {processor.py:171} INFO - Processing /home/airflow/.local/lib/python3.7/site-packages/airflow/example_dags/example_skip_dag.py took 0.293 seconds
[2022-05-16 01:58:59,372] {processor.py:163} INFO - Started process (PID=13366) to work on /home/airflow/.local/lib/python3.7/site-packages/airflow/example_dags/example_skip_dag.py
[2022-05-16 01:58:59,393] {processor.py:642} INFO - Processing file /home/airflow/.local/lib/python3.7/site-packages/airflow/example_dags/example_skip_dag.py for tasks to queue
[2022-05-16 01:58:59,407] {logging_mixin.py:109} INFO - [2022-05-16 01:58:59,405] {dagbag.py:500} INFO - Filling up the DagBag from /home/airflow/.local/lib/python3.7/site-packages/airflow/example_dags/example_skip_dag.py
[2022-05-16 01:58:59,456] {processor.py:652} INFO - DAG(s) dict_keys(['example_skip_dag']) retrieved from /home/airflow/.local/lib/python3.7/site-packages/airflow/example_dags/example_skip_dag.py
[2022-05-16 01:58:59,583] {logging_mixin.py:109} INFO - [2022-05-16 01:58:59,583] {dag.py:2398} INFO - Sync 1 DAGs
[2022-05-16 01:58:59,686] {logging_mixin.py:109} INFO - [2022-05-16 01:58:59,686] {dag.py:2937} INFO - Setting next_dagrun for example_skip_dag to 2022-05-15T01:58:59.685205+00:00
[2022-05-16 01:58:59,733] {processor.py:171} INFO - Processing /home/airflow/.local/lib/python3.7/site-packages/airflow/example_dags/example_skip_dag.py took 0.385 seconds
[2022-05-16 01:59:29,858] {processor.py:163} INFO - Started process (PID=13408) to work on /home/airflow/.local/lib/python3.7/site-packages/airflow/example_dags/example_skip_dag.py
[2022-05-16 01:59:29,869] {processor.py:642} INFO - Processing file /home/airflow/.local/lib/python3.7/site-packages/airflow/example_dags/example_skip_dag.py for tasks to queue
[2022-05-16 01:59:29,875] {logging_mixin.py:109} INFO - [2022-05-16 01:59:29,875] {dagbag.py:500} INFO - Filling up the DagBag from /home/airflow/.local/lib/python3.7/site-packages/airflow/example_dags/example_skip_dag.py
[2022-05-16 01:59:29,910] {processor.py:652} INFO - DAG(s) dict_keys(['example_skip_dag']) retrieved from /home/airflow/.local/lib/python3.7/site-packages/airflow/example_dags/example_skip_dag.py
[2022-05-16 01:59:30,014] {logging_mixin.py:109} INFO - [2022-05-16 01:59:30,013] {dag.py:2398} INFO - Sync 1 DAGs
[2022-05-16 01:59:30,108] {logging_mixin.py:109} INFO - [2022-05-16 01:59:30,107] {dag.py:2937} INFO - Setting next_dagrun for example_skip_dag to 2022-05-15T01:59:30.106465+00:00
[2022-05-16 01:59:30,160] {processor.py:171} INFO - Processing /home/airflow/.local/lib/python3.7/site-packages/airflow/example_dags/example_skip_dag.py took 0.319 seconds
[2022-05-16 02:00:00,522] {processor.py:163} INFO - Started process (PID=13460) to work on /home/airflow/.local/lib/python3.7/site-packages/airflow/example_dags/example_skip_dag.py
[2022-05-16 02:00:00,541] {processor.py:642} INFO - Processing file /home/airflow/.local/lib/python3.7/site-packages/airflow/example_dags/example_skip_dag.py for tasks to queue
[2022-05-16 02:00:00,553] {logging_mixin.py:109} INFO - [2022-05-16 02:00:00,552] {dagbag.py:500} INFO - Filling up the DagBag from /home/airflow/.local/lib/python3.7/site-packages/airflow/example_dags/example_skip_dag.py
[2022-05-16 02:00:00,596] {processor.py:652} INFO - DAG(s) dict_keys(['example_skip_dag']) retrieved from /home/airflow/.local/lib/python3.7/site-packages/airflow/example_dags/example_skip_dag.py
[2022-05-16 02:00:00,710] {logging_mixin.py:109} INFO - [2022-05-16 02:00:00,710] {dag.py:2398} INFO - Sync 1 DAGs
[2022-05-16 02:00:00,795] {logging_mixin.py:109} INFO - [2022-05-16 02:00:00,795] {dag.py:2937} INFO - Setting next_dagrun for example_skip_dag to 2022-05-15T02:00:00.793843+00:00
[2022-05-16 02:00:00,838] {processor.py:171} INFO - Processing /home/airflow/.local/lib/python3.7/site-packages/airflow/example_dags/example_skip_dag.py took 0.338 seconds
[2022-05-16 02:00:31,206] {processor.py:163} INFO - Started process (PID=13502) to work on /home/airflow/.local/lib/python3.7/site-packages/airflow/example_dags/example_skip_dag.py
[2022-05-16 02:00:31,211] {processor.py:642} INFO - Processing file /home/airflow/.local/lib/python3.7/site-packages/airflow/example_dags/example_skip_dag.py for tasks to queue
[2022-05-16 02:00:31,213] {logging_mixin.py:109} INFO - [2022-05-16 02:00:31,213] {dagbag.py:500} INFO - Filling up the DagBag from /home/airflow/.local/lib/python3.7/site-packages/airflow/example_dags/example_skip_dag.py
[2022-05-16 02:00:31,244] {processor.py:652} INFO - DAG(s) dict_keys(['example_skip_dag']) retrieved from /home/airflow/.local/lib/python3.7/site-packages/airflow/example_dags/example_skip_dag.py
[2022-05-16 02:29:20,329] {logging_mixin.py:109} INFO - [2022-05-16 02:29:20,329] {dag.py:2398} INFO - Sync 1 DAGs
[2022-05-16 02:29:20,368] {logging_mixin.py:109} INFO - [2022-05-16 02:29:20,368] {dag.py:2937} INFO - Setting next_dagrun for example_skip_dag to 2022-05-15T02:29:20.367956+00:00
[2022-05-16 02:29:20,390] {processor.py:171} INFO - Processing /home/airflow/.local/lib/python3.7/site-packages/airflow/example_dags/example_skip_dag.py took 0.162 seconds
[2022-05-16 02:29:27,836] {processor.py:163} INFO - Started process (PID=13527) to work on /home/airflow/.local/lib/python3.7/site-packages/airflow/example_dags/example_skip_dag.py
[2022-05-16 02:29:27,862] {processor.py:642} INFO - Processing file /home/airflow/.local/lib/python3.7/site-packages/airflow/example_dags/example_skip_dag.py for tasks to queue
[2022-05-16 02:29:27,869] {logging_mixin.py:109} INFO - [2022-05-16 02:29:27,869] {dagbag.py:500} INFO - Filling up the DagBag from /home/airflow/.local/lib/python3.7/site-packages/airflow/example_dags/example_skip_dag.py
[2022-05-16 02:29:27,891] {processor.py:652} INFO - DAG(s) dict_keys(['example_skip_dag']) retrieved from /home/airflow/.local/lib/python3.7/site-packages/airflow/example_dags/example_skip_dag.py
[2022-05-16 02:29:27,949] {logging_mixin.py:109} INFO - [2022-05-16 02:29:27,949] {dag.py:2398} INFO - Sync 1 DAGs
[2022-05-16 02:29:27,978] {logging_mixin.py:109} INFO - [2022-05-16 02:29:27,978] {dag.py:2937} INFO - Setting next_dagrun for example_skip_dag to 2022-05-15T02:29:27.977775+00:00
[2022-05-16 02:29:28,009] {processor.py:171} INFO - Processing /home/airflow/.local/lib/python3.7/site-packages/airflow/example_dags/example_skip_dag.py took 0.186 seconds
[2022-05-16 02:29:58,801] {processor.py:163} INFO - Started process (PID=13578) to work on /home/airflow/.local/lib/python3.7/site-packages/airflow/example_dags/example_skip_dag.py
[2022-05-16 02:29:58,804] {processor.py:642} INFO - Processing file /home/airflow/.local/lib/python3.7/site-packages/airflow/example_dags/example_skip_dag.py for tasks to queue
[2022-05-16 02:29:58,805] {logging_mixin.py:109} INFO - [2022-05-16 02:29:58,805] {dagbag.py:500} INFO - Filling up the DagBag from /home/airflow/.local/lib/python3.7/site-packages/airflow/example_dags/example_skip_dag.py
[2022-05-16 02:29:58,813] {processor.py:652} INFO - DAG(s) dict_keys(['example_skip_dag']) retrieved from /home/airflow/.local/lib/python3.7/site-packages/airflow/example_dags/example_skip_dag.py
[2022-05-16 02:29:58,949] {logging_mixin.py:109} INFO - [2022-05-16 02:29:58,949] {dag.py:2398} INFO - Sync 1 DAGs
[2022-05-16 02:29:58,966] {logging_mixin.py:109} INFO - [2022-05-16 02:29:58,966] {dag.py:2937} INFO - Setting next_dagrun for example_skip_dag to 2022-05-15T02:29:58.966179+00:00
[2022-05-16 02:29:58,979] {processor.py:171} INFO - Processing /home/airflow/.local/lib/python3.7/site-packages/airflow/example_dags/example_skip_dag.py took 0.182 seconds
[2022-05-16 02:30:29,356] {processor.py:163} INFO - Started process (PID=13638) to work on /home/airflow/.local/lib/python3.7/site-packages/airflow/example_dags/example_skip_dag.py
[2022-05-16 02:30:29,358] {processor.py:642} INFO - Processing file /home/airflow/.local/lib/python3.7/site-packages/airflow/example_dags/example_skip_dag.py for tasks to queue
[2022-05-16 02:30:29,360] {logging_mixin.py:109} INFO - [2022-05-16 02:30:29,360] {dagbag.py:500} INFO - Filling up the DagBag from /home/airflow/.local/lib/python3.7/site-packages/airflow/example_dags/example_skip_dag.py
[2022-05-16 02:30:29,485] {processor.py:652} INFO - DAG(s) dict_keys(['example_skip_dag']) retrieved from /home/airflow/.local/lib/python3.7/site-packages/airflow/example_dags/example_skip_dag.py
[2022-05-16 02:30:29,510] {logging_mixin.py:109} INFO - [2022-05-16 02:30:29,510] {dag.py:2398} INFO - Sync 1 DAGs
[2022-05-16 02:30:29,529] {logging_mixin.py:109} INFO - [2022-05-16 02:30:29,529] {dag.py:2937} INFO - Setting next_dagrun for example_skip_dag to 2022-05-15T02:30:29.528738+00:00
[2022-05-16 02:30:29,548] {processor.py:171} INFO - Processing /home/airflow/.local/lib/python3.7/site-packages/airflow/example_dags/example_skip_dag.py took 0.197 seconds
[2022-05-16 02:30:59,653] {processor.py:163} INFO - Started process (PID=13691) to work on /home/airflow/.local/lib/python3.7/site-packages/airflow/example_dags/example_skip_dag.py
[2022-05-16 02:30:59,655] {processor.py:642} INFO - Processing file /home/airflow/.local/lib/python3.7/site-packages/airflow/example_dags/example_skip_dag.py for tasks to queue
[2022-05-16 02:30:59,657] {logging_mixin.py:109} INFO - [2022-05-16 02:30:59,656] {dagbag.py:500} INFO - Filling up the DagBag from /home/airflow/.local/lib/python3.7/site-packages/airflow/example_dags/example_skip_dag.py
[2022-05-16 02:30:59,664] {processor.py:652} INFO - DAG(s) dict_keys(['example_skip_dag']) retrieved from /home/airflow/.local/lib/python3.7/site-packages/airflow/example_dags/example_skip_dag.py
[2022-05-16 02:30:59,687] {logging_mixin.py:109} INFO - [2022-05-16 02:30:59,686] {dag.py:2398} INFO - Sync 1 DAGs
[2022-05-16 02:30:59,703] {logging_mixin.py:109} INFO - [2022-05-16 02:30:59,703] {dag.py:2937} INFO - Setting next_dagrun for example_skip_dag to 2022-05-15T02:30:59.703049+00:00
[2022-05-16 02:30:59,714] {processor.py:171} INFO - Processing /home/airflow/.local/lib/python3.7/site-packages/airflow/example_dags/example_skip_dag.py took 0.065 seconds
[2022-05-16 02:31:30,284] {processor.py:163} INFO - Started process (PID=13752) to work on /home/airflow/.local/lib/python3.7/site-packages/airflow/example_dags/example_skip_dag.py
[2022-05-16 02:31:30,287] {processor.py:642} INFO - Processing file /home/airflow/.local/lib/python3.7/site-packages/airflow/example_dags/example_skip_dag.py for tasks to queue
[2022-05-16 02:31:30,288] {logging_mixin.py:109} INFO - [2022-05-16 02:31:30,288] {dagbag.py:500} INFO - Filling up the DagBag from /home/airflow/.local/lib/python3.7/site-packages/airflow/example_dags/example_skip_dag.py
[2022-05-16 02:31:30,295] {processor.py:652} INFO - DAG(s) dict_keys(['example_skip_dag']) retrieved from /home/airflow/.local/lib/python3.7/site-packages/airflow/example_dags/example_skip_dag.py
[2022-05-16 02:31:30,317] {logging_mixin.py:109} INFO - [2022-05-16 02:31:30,317] {dag.py:2398} INFO - Sync 1 DAGs
[2022-05-16 02:31:30,333] {logging_mixin.py:109} INFO - [2022-05-16 02:31:30,333] {dag.py:2937} INFO - Setting next_dagrun for example_skip_dag to 2022-05-15T02:31:30.333046+00:00
[2022-05-16 02:31:30,344] {processor.py:171} INFO - Processing /home/airflow/.local/lib/python3.7/site-packages/airflow/example_dags/example_skip_dag.py took 0.063 seconds
[2022-05-16 02:32:00,568] {processor.py:163} INFO - Started process (PID=13803) to work on /home/airflow/.local/lib/python3.7/site-packages/airflow/example_dags/example_skip_dag.py
[2022-05-16 02:32:00,570] {processor.py:642} INFO - Processing file /home/airflow/.local/lib/python3.7/site-packages/airflow/example_dags/example_skip_dag.py for tasks to queue
[2022-05-16 02:32:00,571] {logging_mixin.py:109} INFO - [2022-05-16 02:32:00,571] {dagbag.py:500} INFO - Filling up the DagBag from /home/airflow/.local/lib/python3.7/site-packages/airflow/example_dags/example_skip_dag.py
[2022-05-16 02:32:00,579] {processor.py:652} INFO - DAG(s) dict_keys(['example_skip_dag']) retrieved from /home/airflow/.local/lib/python3.7/site-packages/airflow/example_dags/example_skip_dag.py
[2022-05-16 02:32:00,602] {logging_mixin.py:109} INFO - [2022-05-16 02:32:00,602] {dag.py:2398} INFO - Sync 1 DAGs
[2022-05-16 02:32:00,620] {logging_mixin.py:109} INFO - [2022-05-16 02:32:00,620] {dag.py:2937} INFO - Setting next_dagrun for example_skip_dag to 2022-05-15T02:32:00.619858+00:00
[2022-05-16 02:32:00,632] {processor.py:171} INFO - Processing /home/airflow/.local/lib/python3.7/site-packages/airflow/example_dags/example_skip_dag.py took 0.068 seconds
[2022-05-16 02:32:30,903] {processor.py:163} INFO - Started process (PID=13863) to work on /home/airflow/.local/lib/python3.7/site-packages/airflow/example_dags/example_skip_dag.py
[2022-05-16 02:32:30,906] {processor.py:642} INFO - Processing file /home/airflow/.local/lib/python3.7/site-packages/airflow/example_dags/example_skip_dag.py for tasks to queue
[2022-05-16 02:32:30,907] {logging_mixin.py:109} INFO - [2022-05-16 02:32:30,907] {dagbag.py:500} INFO - Filling up the DagBag from /home/airflow/.local/lib/python3.7/site-packages/airflow/example_dags/example_skip_dag.py
[2022-05-16 02:32:30,914] {processor.py:652} INFO - DAG(s) dict_keys(['example_skip_dag']) retrieved from /home/airflow/.local/lib/python3.7/site-packages/airflow/example_dags/example_skip_dag.py
[2022-05-16 02:32:30,942] {logging_mixin.py:109} INFO - [2022-05-16 02:32:30,942] {dag.py:2398} INFO - Sync 1 DAGs
[2022-05-16 02:32:30,964] {logging_mixin.py:109} INFO - [2022-05-16 02:32:30,964] {dag.py:2937} INFO - Setting next_dagrun for example_skip_dag to 2022-05-15T02:32:30.963978+00:00
[2022-05-16 02:32:30,975] {processor.py:171} INFO - Processing /home/airflow/.local/lib/python3.7/site-packages/airflow/example_dags/example_skip_dag.py took 0.076 seconds
[2022-05-16 02:33:01,270] {processor.py:163} INFO - Started process (PID=13917) to work on /home/airflow/.local/lib/python3.7/site-packages/airflow/example_dags/example_skip_dag.py
[2022-05-16 02:33:01,272] {processor.py:642} INFO - Processing file /home/airflow/.local/lib/python3.7/site-packages/airflow/example_dags/example_skip_dag.py for tasks to queue
[2022-05-16 02:33:01,274] {logging_mixin.py:109} INFO - [2022-05-16 02:33:01,274] {dagbag.py:500} INFO - Filling up the DagBag from /home/airflow/.local/lib/python3.7/site-packages/airflow/example_dags/example_skip_dag.py
[2022-05-16 02:33:01,282] {processor.py:652} INFO - DAG(s) dict_keys(['example_skip_dag']) retrieved from /home/airflow/.local/lib/python3.7/site-packages/airflow/example_dags/example_skip_dag.py
[2022-05-16 02:33:01,306] {logging_mixin.py:109} INFO - [2022-05-16 02:33:01,306] {dag.py:2398} INFO - Sync 1 DAGs
[2022-05-16 02:33:01,325] {logging_mixin.py:109} INFO - [2022-05-16 02:33:01,325] {dag.py:2937} INFO - Setting next_dagrun for example_skip_dag to 2022-05-15T02:33:01.325063+00:00
[2022-05-16 02:33:01,335] {processor.py:171} INFO - Processing /home/airflow/.local/lib/python3.7/site-packages/airflow/example_dags/example_skip_dag.py took 0.069 seconds
[2022-05-16 02:33:31,702] {processor.py:163} INFO - Started process (PID=13978) to work on /home/airflow/.local/lib/python3.7/site-packages/airflow/example_dags/example_skip_dag.py
[2022-05-16 02:33:31,705] {processor.py:642} INFO - Processing file /home/airflow/.local/lib/python3.7/site-packages/airflow/example_dags/example_skip_dag.py for tasks to queue
[2022-05-16 02:33:31,706] {logging_mixin.py:109} INFO - [2022-05-16 02:33:31,706] {dagbag.py:500} INFO - Filling up the DagBag from /home/airflow/.local/lib/python3.7/site-packages/airflow/example_dags/example_skip_dag.py
[2022-05-16 02:33:31,714] {processor.py:652} INFO - DAG(s) dict_keys(['example_skip_dag']) retrieved from /home/airflow/.local/lib/python3.7/site-packages/airflow/example_dags/example_skip_dag.py
[2022-05-16 02:33:31,743] {logging_mixin.py:109} INFO - [2022-05-16 02:33:31,743] {dag.py:2398} INFO - Sync 1 DAGs
[2022-05-16 02:33:31,768] {logging_mixin.py:109} INFO - [2022-05-16 02:33:31,768] {dag.py:2937} INFO - Setting next_dagrun for example_skip_dag to 2022-05-15T02:33:31.768147+00:00
[2022-05-16 02:33:31,780] {processor.py:171} INFO - Processing /home/airflow/.local/lib/python3.7/site-packages/airflow/example_dags/example_skip_dag.py took 0.082 seconds
[2022-05-16 02:34:02,130] {processor.py:163} INFO - Started process (PID=14029) to work on /home/airflow/.local/lib/python3.7/site-packages/airflow/example_dags/example_skip_dag.py
[2022-05-16 02:34:02,133] {processor.py:642} INFO - Processing file /home/airflow/.local/lib/python3.7/site-packages/airflow/example_dags/example_skip_dag.py for tasks to queue
[2022-05-16 02:34:02,134] {logging_mixin.py:109} INFO - [2022-05-16 02:34:02,134] {dagbag.py:500} INFO - Filling up the DagBag from /home/airflow/.local/lib/python3.7/site-packages/airflow/example_dags/example_skip_dag.py
[2022-05-16 02:34:02,141] {processor.py:652} INFO - DAG(s) dict_keys(['example_skip_dag']) retrieved from /home/airflow/.local/lib/python3.7/site-packages/airflow/example_dags/example_skip_dag.py
[2022-05-16 02:34:02,165] {logging_mixin.py:109} INFO - [2022-05-16 02:34:02,165] {dag.py:2398} INFO - Sync 1 DAGs
[2022-05-16 02:34:02,181] {logging_mixin.py:109} INFO - [2022-05-16 02:34:02,181] {dag.py:2937} INFO - Setting next_dagrun for example_skip_dag to 2022-05-15T02:34:02.181070+00:00
[2022-05-16 02:34:02,191] {processor.py:171} INFO - Processing /home/airflow/.local/lib/python3.7/site-packages/airflow/example_dags/example_skip_dag.py took 0.065 seconds
[2022-05-16 02:34:32,524] {processor.py:163} INFO - Started process (PID=14089) to work on /home/airflow/.local/lib/python3.7/site-packages/airflow/example_dags/example_skip_dag.py
[2022-05-16 02:34:32,526] {processor.py:642} INFO - Processing file /home/airflow/.local/lib/python3.7/site-packages/airflow/example_dags/example_skip_dag.py for tasks to queue
[2022-05-16 02:34:32,528] {logging_mixin.py:109} INFO - [2022-05-16 02:34:32,528] {dagbag.py:500} INFO - Filling up the DagBag from /home/airflow/.local/lib/python3.7/site-packages/airflow/example_dags/example_skip_dag.py
[2022-05-16 02:34:32,535] {processor.py:652} INFO - DAG(s) dict_keys(['example_skip_dag']) retrieved from /home/airflow/.local/lib/python3.7/site-packages/airflow/example_dags/example_skip_dag.py
[2022-05-16 02:34:32,560] {logging_mixin.py:109} INFO - [2022-05-16 02:34:32,560] {dag.py:2398} INFO - Sync 1 DAGs
[2022-05-16 02:34:32,576] {logging_mixin.py:109} INFO - [2022-05-16 02:34:32,576] {dag.py:2937} INFO - Setting next_dagrun for example_skip_dag to 2022-05-15T02:34:32.575836+00:00
[2022-05-16 02:34:32,586] {processor.py:171} INFO - Processing /home/airflow/.local/lib/python3.7/site-packages/airflow/example_dags/example_skip_dag.py took 0.066 seconds
[2022-05-16 02:35:02,679] {processor.py:163} INFO - Started process (PID=14151) to work on /home/airflow/.local/lib/python3.7/site-packages/airflow/example_dags/example_skip_dag.py
[2022-05-16 02:35:02,681] {processor.py:642} INFO - Processing file /home/airflow/.local/lib/python3.7/site-packages/airflow/example_dags/example_skip_dag.py for tasks to queue
[2022-05-16 02:35:02,682] {logging_mixin.py:109} INFO - [2022-05-16 02:35:02,682] {dagbag.py:500} INFO - Filling up the DagBag from /home/airflow/.local/lib/python3.7/site-packages/airflow/example_dags/example_skip_dag.py
[2022-05-16 02:35:02,690] {processor.py:652} INFO - DAG(s) dict_keys(['example_skip_dag']) retrieved from /home/airflow/.local/lib/python3.7/site-packages/airflow/example_dags/example_skip_dag.py
[2022-05-16 02:35:02,712] {logging_mixin.py:109} INFO - [2022-05-16 02:35:02,712] {dag.py:2398} INFO - Sync 1 DAGs
[2022-05-16 02:35:02,730] {logging_mixin.py:109} INFO - [2022-05-16 02:35:02,730] {dag.py:2937} INFO - Setting next_dagrun for example_skip_dag to 2022-05-15T02:35:02.729769+00:00
[2022-05-16 02:35:02,740] {processor.py:171} INFO - Processing /home/airflow/.local/lib/python3.7/site-packages/airflow/example_dags/example_skip_dag.py took 0.065 seconds
[2022-05-16 02:35:33,057] {processor.py:163} INFO - Started process (PID=14203) to work on /home/airflow/.local/lib/python3.7/site-packages/airflow/example_dags/example_skip_dag.py
[2022-05-16 02:35:33,059] {processor.py:642} INFO - Processing file /home/airflow/.local/lib/python3.7/site-packages/airflow/example_dags/example_skip_dag.py for tasks to queue
[2022-05-16 02:35:33,060] {logging_mixin.py:109} INFO - [2022-05-16 02:35:33,060] {dagbag.py:500} INFO - Filling up the DagBag from /home/airflow/.local/lib/python3.7/site-packages/airflow/example_dags/example_skip_dag.py
[2022-05-16 02:35:33,069] {processor.py:652} INFO - DAG(s) dict_keys(['example_skip_dag']) retrieved from /home/airflow/.local/lib/python3.7/site-packages/airflow/example_dags/example_skip_dag.py
[2022-05-16 02:35:33,091] {logging_mixin.py:109} INFO - [2022-05-16 02:35:33,091] {dag.py:2398} INFO - Sync 1 DAGs
[2022-05-16 02:35:33,110] {logging_mixin.py:109} INFO - [2022-05-16 02:35:33,110] {dag.py:2937} INFO - Setting next_dagrun for example_skip_dag to 2022-05-15T02:35:33.110320+00:00
[2022-05-16 02:35:33,121] {processor.py:171} INFO - Processing /home/airflow/.local/lib/python3.7/site-packages/airflow/example_dags/example_skip_dag.py took 0.068 seconds
[2022-05-16 02:36:03,414] {processor.py:163} INFO - Started process (PID=14264) to work on /home/airflow/.local/lib/python3.7/site-packages/airflow/example_dags/example_skip_dag.py
[2022-05-16 02:36:03,416] {processor.py:642} INFO - Processing file /home/airflow/.local/lib/python3.7/site-packages/airflow/example_dags/example_skip_dag.py for tasks to queue
[2022-05-16 02:36:03,418] {logging_mixin.py:109} INFO - [2022-05-16 02:36:03,418] {dagbag.py:500} INFO - Filling up the DagBag from /home/airflow/.local/lib/python3.7/site-packages/airflow/example_dags/example_skip_dag.py
[2022-05-16 02:36:03,424] {processor.py:652} INFO - DAG(s) dict_keys(['example_skip_dag']) retrieved from /home/airflow/.local/lib/python3.7/site-packages/airflow/example_dags/example_skip_dag.py
[2022-05-16 02:36:03,448] {logging_mixin.py:109} INFO - [2022-05-16 02:36:03,448] {dag.py:2398} INFO - Sync 1 DAGs
[2022-05-16 02:36:03,465] {logging_mixin.py:109} INFO - [2022-05-16 02:36:03,465] {dag.py:2937} INFO - Setting next_dagrun for example_skip_dag to 2022-05-15T02:36:03.464962+00:00
[2022-05-16 02:36:03,475] {processor.py:171} INFO - Processing /home/airflow/.local/lib/python3.7/site-packages/airflow/example_dags/example_skip_dag.py took 0.065 seconds
[2022-05-16 02:36:33,806] {processor.py:163} INFO - Started process (PID=14316) to work on /home/airflow/.local/lib/python3.7/site-packages/airflow/example_dags/example_skip_dag.py
[2022-05-16 02:36:33,808] {processor.py:642} INFO - Processing file /home/airflow/.local/lib/python3.7/site-packages/airflow/example_dags/example_skip_dag.py for tasks to queue
[2022-05-16 02:36:33,809] {logging_mixin.py:109} INFO - [2022-05-16 02:36:33,809] {dagbag.py:500} INFO - Filling up the DagBag from /home/airflow/.local/lib/python3.7/site-packages/airflow/example_dags/example_skip_dag.py
[2022-05-16 02:36:33,817] {processor.py:652} INFO - DAG(s) dict_keys(['example_skip_dag']) retrieved from /home/airflow/.local/lib/python3.7/site-packages/airflow/example_dags/example_skip_dag.py
[2022-05-16 02:36:33,840] {logging_mixin.py:109} INFO - [2022-05-16 02:36:33,840] {dag.py:2398} INFO - Sync 1 DAGs
[2022-05-16 02:36:33,856] {logging_mixin.py:109} INFO - [2022-05-16 02:36:33,856] {dag.py:2937} INFO - Setting next_dagrun for example_skip_dag to 2022-05-15T02:36:33.856414+00:00
[2022-05-16 02:36:33,867] {processor.py:171} INFO - Processing /home/airflow/.local/lib/python3.7/site-packages/airflow/example_dags/example_skip_dag.py took 0.066 seconds
[2022-05-16 02:37:04,183] {processor.py:163} INFO - Started process (PID=14377) to work on /home/airflow/.local/lib/python3.7/site-packages/airflow/example_dags/example_skip_dag.py
[2022-05-16 02:37:04,186] {processor.py:642} INFO - Processing file /home/airflow/.local/lib/python3.7/site-packages/airflow/example_dags/example_skip_dag.py for tasks to queue
[2022-05-16 02:37:04,187] {logging_mixin.py:109} INFO - [2022-05-16 02:37:04,187] {dagbag.py:500} INFO - Filling up the DagBag from /home/airflow/.local/lib/python3.7/site-packages/airflow/example_dags/example_skip_dag.py
[2022-05-16 02:37:04,194] {processor.py:652} INFO - DAG(s) dict_keys(['example_skip_dag']) retrieved from /home/airflow/.local/lib/python3.7/site-packages/airflow/example_dags/example_skip_dag.py
[2022-05-16 02:37:04,219] {logging_mixin.py:109} INFO - [2022-05-16 02:37:04,219] {dag.py:2398} INFO - Sync 1 DAGs
[2022-05-16 02:37:04,240] {logging_mixin.py:109} INFO - [2022-05-16 02:37:04,240] {dag.py:2937} INFO - Setting next_dagrun for example_skip_dag to 2022-05-15T02:37:04.240218+00:00
[2022-05-16 02:37:04,252] {processor.py:171} INFO - Processing /home/airflow/.local/lib/python3.7/site-packages/airflow/example_dags/example_skip_dag.py took 0.072 seconds
[2022-05-16 02:37:34,660] {processor.py:163} INFO - Started process (PID=14436) to work on /home/airflow/.local/lib/python3.7/site-packages/airflow/example_dags/example_skip_dag.py
[2022-05-16 02:37:34,661] {processor.py:642} INFO - Processing file /home/airflow/.local/lib/python3.7/site-packages/airflow/example_dags/example_skip_dag.py for tasks to queue
[2022-05-16 02:37:34,663] {logging_mixin.py:109} INFO - [2022-05-16 02:37:34,663] {dagbag.py:500} INFO - Filling up the DagBag from /home/airflow/.local/lib/python3.7/site-packages/airflow/example_dags/example_skip_dag.py
[2022-05-16 02:37:34,669] {processor.py:652} INFO - DAG(s) dict_keys(['example_skip_dag']) retrieved from /home/airflow/.local/lib/python3.7/site-packages/airflow/example_dags/example_skip_dag.py
[2022-05-16 02:37:34,695] {logging_mixin.py:109} INFO - [2022-05-16 02:37:34,695] {dag.py:2398} INFO - Sync 1 DAGs
[2022-05-16 02:37:34,713] {logging_mixin.py:109} INFO - [2022-05-16 02:37:34,713] {dag.py:2937} INFO - Setting next_dagrun for example_skip_dag to 2022-05-15T02:37:34.713503+00:00
[2022-05-16 02:37:34,725] {processor.py:171} INFO - Processing /home/airflow/.local/lib/python3.7/site-packages/airflow/example_dags/example_skip_dag.py took 0.069 seconds
[2022-05-16 02:38:05,142] {processor.py:163} INFO - Started process (PID=14491) to work on /home/airflow/.local/lib/python3.7/site-packages/airflow/example_dags/example_skip_dag.py
[2022-05-16 02:38:05,144] {processor.py:642} INFO - Processing file /home/airflow/.local/lib/python3.7/site-packages/airflow/example_dags/example_skip_dag.py for tasks to queue
[2022-05-16 02:38:05,146] {logging_mixin.py:109} INFO - [2022-05-16 02:38:05,146] {dagbag.py:500} INFO - Filling up the DagBag from /home/airflow/.local/lib/python3.7/site-packages/airflow/example_dags/example_skip_dag.py
[2022-05-16 02:38:05,153] {processor.py:652} INFO - DAG(s) dict_keys(['example_skip_dag']) retrieved from /home/airflow/.local/lib/python3.7/site-packages/airflow/example_dags/example_skip_dag.py
[2022-05-16 02:38:05,175] {logging_mixin.py:109} INFO - [2022-05-16 02:38:05,175] {dag.py:2398} INFO - Sync 1 DAGs
[2022-05-16 02:38:05,193] {logging_mixin.py:109} INFO - [2022-05-16 02:38:05,193] {dag.py:2937} INFO - Setting next_dagrun for example_skip_dag to 2022-05-15T02:38:05.192792+00:00
[2022-05-16 02:38:05,204] {processor.py:171} INFO - Processing /home/airflow/.local/lib/python3.7/site-packages/airflow/example_dags/example_skip_dag.py took 0.066 seconds
[2022-05-16 02:38:35,582] {processor.py:163} INFO - Started process (PID=14552) to work on /home/airflow/.local/lib/python3.7/site-packages/airflow/example_dags/example_skip_dag.py
[2022-05-16 02:38:35,584] {processor.py:642} INFO - Processing file /home/airflow/.local/lib/python3.7/site-packages/airflow/example_dags/example_skip_dag.py for tasks to queue
[2022-05-16 02:38:35,586] {logging_mixin.py:109} INFO - [2022-05-16 02:38:35,585] {dagbag.py:500} INFO - Filling up the DagBag from /home/airflow/.local/lib/python3.7/site-packages/airflow/example_dags/example_skip_dag.py
[2022-05-16 02:38:35,593] {processor.py:652} INFO - DAG(s) dict_keys(['example_skip_dag']) retrieved from /home/airflow/.local/lib/python3.7/site-packages/airflow/example_dags/example_skip_dag.py
[2022-05-16 02:38:35,619] {logging_mixin.py:109} INFO - [2022-05-16 02:38:35,619] {dag.py:2398} INFO - Sync 1 DAGs
[2022-05-16 02:38:35,639] {logging_mixin.py:109} INFO - [2022-05-16 02:38:35,639] {dag.py:2937} INFO - Setting next_dagrun for example_skip_dag to 2022-05-15T02:38:35.639127+00:00
[2022-05-16 02:38:35,652] {processor.py:171} INFO - Processing /home/airflow/.local/lib/python3.7/site-packages/airflow/example_dags/example_skip_dag.py took 0.073 seconds
[2022-05-16 02:39:06,303] {processor.py:163} INFO - Started process (PID=14603) to work on /home/airflow/.local/lib/python3.7/site-packages/airflow/example_dags/example_skip_dag.py
[2022-05-16 02:39:06,306] {processor.py:642} INFO - Processing file /home/airflow/.local/lib/python3.7/site-packages/airflow/example_dags/example_skip_dag.py for tasks to queue
[2022-05-16 02:39:06,307] {logging_mixin.py:109} INFO - [2022-05-16 02:39:06,307] {dagbag.py:500} INFO - Filling up the DagBag from /home/airflow/.local/lib/python3.7/site-packages/airflow/example_dags/example_skip_dag.py
[2022-05-16 02:39:06,316] {processor.py:652} INFO - DAG(s) dict_keys(['example_skip_dag']) retrieved from /home/airflow/.local/lib/python3.7/site-packages/airflow/example_dags/example_skip_dag.py
[2022-05-16 02:39:06,347] {logging_mixin.py:109} INFO - [2022-05-16 02:39:06,347] {dag.py:2398} INFO - Sync 1 DAGs
[2022-05-16 02:39:06,365] {logging_mixin.py:109} INFO - [2022-05-16 02:39:06,365] {dag.py:2937} INFO - Setting next_dagrun for example_skip_dag to 2022-05-15T02:39:06.365543+00:00
[2022-05-16 02:39:06,376] {processor.py:171} INFO - Processing /home/airflow/.local/lib/python3.7/site-packages/airflow/example_dags/example_skip_dag.py took 0.078 seconds
[2022-05-16 02:39:36,676] {processor.py:163} INFO - Started process (PID=14664) to work on /home/airflow/.local/lib/python3.7/site-packages/airflow/example_dags/example_skip_dag.py
[2022-05-16 02:39:36,678] {processor.py:642} INFO - Processing file /home/airflow/.local/lib/python3.7/site-packages/airflow/example_dags/example_skip_dag.py for tasks to queue
[2022-05-16 02:39:36,679] {logging_mixin.py:109} INFO - [2022-05-16 02:39:36,679] {dagbag.py:500} INFO - Filling up the DagBag from /home/airflow/.local/lib/python3.7/site-packages/airflow/example_dags/example_skip_dag.py
[2022-05-16 02:39:36,688] {processor.py:652} INFO - DAG(s) dict_keys(['example_skip_dag']) retrieved from /home/airflow/.local/lib/python3.7/site-packages/airflow/example_dags/example_skip_dag.py
[2022-05-16 02:39:36,710] {logging_mixin.py:109} INFO - [2022-05-16 02:39:36,710] {dag.py:2398} INFO - Sync 1 DAGs
[2022-05-16 02:39:36,732] {logging_mixin.py:109} INFO - [2022-05-16 02:39:36,732] {dag.py:2937} INFO - Setting next_dagrun for example_skip_dag to 2022-05-15T02:39:36.731894+00:00
[2022-05-16 02:39:36,743] {processor.py:171} INFO - Processing /home/airflow/.local/lib/python3.7/site-packages/airflow/example_dags/example_skip_dag.py took 0.070 seconds
[2022-05-16 02:40:06,910] {processor.py:163} INFO - Started process (PID=14715) to work on /home/airflow/.local/lib/python3.7/site-packages/airflow/example_dags/example_skip_dag.py
[2022-05-16 02:40:06,920] {processor.py:642} INFO - Processing file /home/airflow/.local/lib/python3.7/site-packages/airflow/example_dags/example_skip_dag.py for tasks to queue
[2022-05-16 02:40:06,942] {logging_mixin.py:109} INFO - [2022-05-16 02:40:06,942] {dagbag.py:500} INFO - Filling up the DagBag from /home/airflow/.local/lib/python3.7/site-packages/airflow/example_dags/example_skip_dag.py
[2022-05-16 02:40:06,970] {processor.py:652} INFO - DAG(s) dict_keys(['example_skip_dag']) retrieved from /home/airflow/.local/lib/python3.7/site-packages/airflow/example_dags/example_skip_dag.py
[2022-05-16 02:40:07,024] {logging_mixin.py:109} INFO - [2022-05-16 02:40:07,024] {dag.py:2398} INFO - Sync 1 DAGs
[2022-05-16 02:40:07,041] {logging_mixin.py:109} INFO - [2022-05-16 02:40:07,040] {dag.py:2937} INFO - Setting next_dagrun for example_skip_dag to 2022-05-15T02:40:07.040657+00:00
[2022-05-16 02:40:07,050] {processor.py:171} INFO - Processing /home/airflow/.local/lib/python3.7/site-packages/airflow/example_dags/example_skip_dag.py took 0.145 seconds
[2022-05-16 02:40:37,240] {processor.py:163} INFO - Started process (PID=14776) to work on /home/airflow/.local/lib/python3.7/site-packages/airflow/example_dags/example_skip_dag.py
[2022-05-16 02:40:37,243] {processor.py:642} INFO - Processing file /home/airflow/.local/lib/python3.7/site-packages/airflow/example_dags/example_skip_dag.py for tasks to queue
[2022-05-16 02:40:37,245] {logging_mixin.py:109} INFO - [2022-05-16 02:40:37,245] {dagbag.py:500} INFO - Filling up the DagBag from /home/airflow/.local/lib/python3.7/site-packages/airflow/example_dags/example_skip_dag.py
[2022-05-16 02:40:37,252] {processor.py:652} INFO - DAG(s) dict_keys(['example_skip_dag']) retrieved from /home/airflow/.local/lib/python3.7/site-packages/airflow/example_dags/example_skip_dag.py
[2022-05-16 02:40:37,275] {logging_mixin.py:109} INFO - [2022-05-16 02:40:37,275] {dag.py:2398} INFO - Sync 1 DAGs
[2022-05-16 02:40:37,292] {logging_mixin.py:109} INFO - [2022-05-16 02:40:37,292] {dag.py:2937} INFO - Setting next_dagrun for example_skip_dag to 2022-05-15T02:40:37.292156+00:00
[2022-05-16 02:40:37,304] {processor.py:171} INFO - Processing /home/airflow/.local/lib/python3.7/site-packages/airflow/example_dags/example_skip_dag.py took 0.068 seconds
[2022-05-16 02:41:07,645] {processor.py:163} INFO - Started process (PID=14829) to work on /home/airflow/.local/lib/python3.7/site-packages/airflow/example_dags/example_skip_dag.py
[2022-05-16 02:41:07,647] {processor.py:642} INFO - Processing file /home/airflow/.local/lib/python3.7/site-packages/airflow/example_dags/example_skip_dag.py for tasks to queue
[2022-05-16 02:41:07,649] {logging_mixin.py:109} INFO - [2022-05-16 02:41:07,648] {dagbag.py:500} INFO - Filling up the DagBag from /home/airflow/.local/lib/python3.7/site-packages/airflow/example_dags/example_skip_dag.py
[2022-05-16 02:41:07,656] {processor.py:652} INFO - DAG(s) dict_keys(['example_skip_dag']) retrieved from /home/airflow/.local/lib/python3.7/site-packages/airflow/example_dags/example_skip_dag.py
[2022-05-16 02:41:07,679] {logging_mixin.py:109} INFO - [2022-05-16 02:41:07,678] {dag.py:2398} INFO - Sync 1 DAGs
[2022-05-16 02:41:07,695] {logging_mixin.py:109} INFO - [2022-05-16 02:41:07,695] {dag.py:2937} INFO - Setting next_dagrun for example_skip_dag to 2022-05-15T02:41:07.695424+00:00
[2022-05-16 02:41:07,706] {processor.py:171} INFO - Processing /home/airflow/.local/lib/python3.7/site-packages/airflow/example_dags/example_skip_dag.py took 0.065 seconds
[2022-05-16 02:41:38,023] {processor.py:163} INFO - Started process (PID=14889) to work on /home/airflow/.local/lib/python3.7/site-packages/airflow/example_dags/example_skip_dag.py
[2022-05-16 02:41:38,025] {processor.py:642} INFO - Processing file /home/airflow/.local/lib/python3.7/site-packages/airflow/example_dags/example_skip_dag.py for tasks to queue
[2022-05-16 02:41:38,026] {logging_mixin.py:109} INFO - [2022-05-16 02:41:38,026] {dagbag.py:500} INFO - Filling up the DagBag from /home/airflow/.local/lib/python3.7/site-packages/airflow/example_dags/example_skip_dag.py
[2022-05-16 02:41:38,034] {processor.py:652} INFO - DAG(s) dict_keys(['example_skip_dag']) retrieved from /home/airflow/.local/lib/python3.7/site-packages/airflow/example_dags/example_skip_dag.py
[2022-05-16 02:41:38,059] {logging_mixin.py:109} INFO - [2022-05-16 02:41:38,059] {dag.py:2398} INFO - Sync 1 DAGs
[2022-05-16 02:41:38,076] {logging_mixin.py:109} INFO - [2022-05-16 02:41:38,076] {dag.py:2937} INFO - Setting next_dagrun for example_skip_dag to 2022-05-15T02:41:38.076222+00:00
[2022-05-16 02:41:38,091] {processor.py:171} INFO - Processing /home/airflow/.local/lib/python3.7/site-packages/airflow/example_dags/example_skip_dag.py took 0.072 seconds
[2022-05-16 02:42:08,389] {processor.py:163} INFO - Started process (PID=14950) to work on /home/airflow/.local/lib/python3.7/site-packages/airflow/example_dags/example_skip_dag.py
[2022-05-16 02:42:08,392] {processor.py:642} INFO - Processing file /home/airflow/.local/lib/python3.7/site-packages/airflow/example_dags/example_skip_dag.py for tasks to queue
[2022-05-16 02:42:08,397] {logging_mixin.py:109} INFO - [2022-05-16 02:42:08,397] {dagbag.py:500} INFO - Filling up the DagBag from /home/airflow/.local/lib/python3.7/site-packages/airflow/example_dags/example_skip_dag.py
[2022-05-16 02:42:08,406] {processor.py:652} INFO - DAG(s) dict_keys(['example_skip_dag']) retrieved from /home/airflow/.local/lib/python3.7/site-packages/airflow/example_dags/example_skip_dag.py
[2022-05-16 02:42:08,430] {logging_mixin.py:109} INFO - [2022-05-16 02:42:08,430] {dag.py:2398} INFO - Sync 1 DAGs
[2022-05-16 02:42:08,448] {logging_mixin.py:109} INFO - [2022-05-16 02:42:08,448] {dag.py:2937} INFO - Setting next_dagrun for example_skip_dag to 2022-05-15T02:42:08.448002+00:00
[2022-05-16 02:42:08,460] {processor.py:171} INFO - Processing /home/airflow/.local/lib/python3.7/site-packages/airflow/example_dags/example_skip_dag.py took 0.075 seconds
[2022-05-16 02:42:39,058] {processor.py:163} INFO - Started process (PID=15002) to work on /home/airflow/.local/lib/python3.7/site-packages/airflow/example_dags/example_skip_dag.py
[2022-05-16 02:42:39,061] {processor.py:642} INFO - Processing file /home/airflow/.local/lib/python3.7/site-packages/airflow/example_dags/example_skip_dag.py for tasks to queue
[2022-05-16 02:42:39,063] {logging_mixin.py:109} INFO - [2022-05-16 02:42:39,062] {dagbag.py:500} INFO - Filling up the DagBag from /home/airflow/.local/lib/python3.7/site-packages/airflow/example_dags/example_skip_dag.py
[2022-05-16 02:42:39,086] {processor.py:652} INFO - DAG(s) dict_keys(['example_skip_dag']) retrieved from /home/airflow/.local/lib/python3.7/site-packages/airflow/example_dags/example_skip_dag.py
[2022-05-16 02:42:39,133] {logging_mixin.py:109} INFO - [2022-05-16 02:42:39,133] {dag.py:2398} INFO - Sync 1 DAGs
[2022-05-16 02:42:39,155] {logging_mixin.py:109} INFO - [2022-05-16 02:42:39,155] {dag.py:2937} INFO - Setting next_dagrun for example_skip_dag to 2022-05-15T02:42:39.155229+00:00
[2022-05-16 02:42:39,169] {processor.py:171} INFO - Processing /home/airflow/.local/lib/python3.7/site-packages/airflow/example_dags/example_skip_dag.py took 0.115 seconds
[2022-05-16 02:50:59,930] {processor.py:163} INFO - Started process (PID=15045) to work on /home/airflow/.local/lib/python3.7/site-packages/airflow/example_dags/example_skip_dag.py
[2022-05-16 02:50:59,936] {processor.py:642} INFO - Processing file /home/airflow/.local/lib/python3.7/site-packages/airflow/example_dags/example_skip_dag.py for tasks to queue
[2022-05-16 02:50:59,941] {logging_mixin.py:109} INFO - [2022-05-16 02:50:59,940] {dagbag.py:500} INFO - Filling up the DagBag from /home/airflow/.local/lib/python3.7/site-packages/airflow/example_dags/example_skip_dag.py
[2022-05-16 02:50:59,973] {processor.py:652} INFO - DAG(s) dict_keys(['example_skip_dag']) retrieved from /home/airflow/.local/lib/python3.7/site-packages/airflow/example_dags/example_skip_dag.py
[2022-05-16 02:51:00,035] {logging_mixin.py:109} INFO - [2022-05-16 02:51:00,034] {dag.py:2398} INFO - Sync 1 DAGs
[2022-05-16 02:51:00,070] {logging_mixin.py:109} INFO - [2022-05-16 02:51:00,070] {dag.py:2937} INFO - Setting next_dagrun for example_skip_dag to 2022-05-15T02:51:00.069782+00:00
[2022-05-16 02:51:00,093] {processor.py:171} INFO - Processing /home/airflow/.local/lib/python3.7/site-packages/airflow/example_dags/example_skip_dag.py took 0.174 seconds
[2022-05-16 02:51:30,705] {processor.py:163} INFO - Started process (PID=15099) to work on /home/airflow/.local/lib/python3.7/site-packages/airflow/example_dags/example_skip_dag.py
[2022-05-16 02:51:30,707] {processor.py:642} INFO - Processing file /home/airflow/.local/lib/python3.7/site-packages/airflow/example_dags/example_skip_dag.py for tasks to queue
[2022-05-16 02:51:30,709] {logging_mixin.py:109} INFO - [2022-05-16 02:51:30,709] {dagbag.py:500} INFO - Filling up the DagBag from /home/airflow/.local/lib/python3.7/site-packages/airflow/example_dags/example_skip_dag.py
[2022-05-16 02:51:30,720] {processor.py:652} INFO - DAG(s) dict_keys(['example_skip_dag']) retrieved from /home/airflow/.local/lib/python3.7/site-packages/airflow/example_dags/example_skip_dag.py
[2022-05-16 02:51:30,747] {logging_mixin.py:109} INFO - [2022-05-16 02:51:30,747] {dag.py:2398} INFO - Sync 1 DAGs
[2022-05-16 02:51:30,769] {logging_mixin.py:109} INFO - [2022-05-16 02:51:30,768] {dag.py:2937} INFO - Setting next_dagrun for example_skip_dag to 2022-05-15T02:51:30.768341+00:00
[2022-05-16 02:51:30,786] {processor.py:171} INFO - Processing /home/airflow/.local/lib/python3.7/site-packages/airflow/example_dags/example_skip_dag.py took 0.086 seconds
[2022-05-16 02:52:01,392] {processor.py:163} INFO - Started process (PID=15159) to work on /home/airflow/.local/lib/python3.7/site-packages/airflow/example_dags/example_skip_dag.py
[2022-05-16 02:52:01,394] {processor.py:642} INFO - Processing file /home/airflow/.local/lib/python3.7/site-packages/airflow/example_dags/example_skip_dag.py for tasks to queue
[2022-05-16 02:52:01,395] {logging_mixin.py:109} INFO - [2022-05-16 02:52:01,395] {dagbag.py:500} INFO - Filling up the DagBag from /home/airflow/.local/lib/python3.7/site-packages/airflow/example_dags/example_skip_dag.py
[2022-05-16 02:52:01,402] {processor.py:652} INFO - DAG(s) dict_keys(['example_skip_dag']) retrieved from /home/airflow/.local/lib/python3.7/site-packages/airflow/example_dags/example_skip_dag.py
[2022-05-16 02:52:01,428] {logging_mixin.py:109} INFO - [2022-05-16 02:52:01,427] {dag.py:2398} INFO - Sync 1 DAGs
[2022-05-16 02:52:01,446] {logging_mixin.py:109} INFO - [2022-05-16 02:52:01,446] {dag.py:2937} INFO - Setting next_dagrun for example_skip_dag to 2022-05-15T02:52:01.446176+00:00
[2022-05-16 02:52:01,458] {processor.py:171} INFO - Processing /home/airflow/.local/lib/python3.7/site-packages/airflow/example_dags/example_skip_dag.py took 0.071 seconds
[2022-05-16 02:52:31,916] {processor.py:163} INFO - Started process (PID=15211) to work on /home/airflow/.local/lib/python3.7/site-packages/airflow/example_dags/example_skip_dag.py
[2022-05-16 02:52:31,920] {processor.py:642} INFO - Processing file /home/airflow/.local/lib/python3.7/site-packages/airflow/example_dags/example_skip_dag.py for tasks to queue
[2022-05-16 02:52:31,922] {logging_mixin.py:109} INFO - [2022-05-16 02:52:31,922] {dagbag.py:500} INFO - Filling up the DagBag from /home/airflow/.local/lib/python3.7/site-packages/airflow/example_dags/example_skip_dag.py
[2022-05-16 02:52:31,932] {processor.py:652} INFO - DAG(s) dict_keys(['example_skip_dag']) retrieved from /home/airflow/.local/lib/python3.7/site-packages/airflow/example_dags/example_skip_dag.py
[2022-05-16 02:52:31,968] {logging_mixin.py:109} INFO - [2022-05-16 02:52:31,968] {dag.py:2398} INFO - Sync 1 DAGs
[2022-05-16 02:52:31,994] {logging_mixin.py:109} INFO - [2022-05-16 02:52:31,994] {dag.py:2937} INFO - Setting next_dagrun for example_skip_dag to 2022-05-15T02:52:31.993837+00:00
[2022-05-16 02:52:32,012] {processor.py:171} INFO - Processing /home/airflow/.local/lib/python3.7/site-packages/airflow/example_dags/example_skip_dag.py took 0.101 seconds
[2022-05-16 02:53:02,634] {processor.py:163} INFO - Started process (PID=15272) to work on /home/airflow/.local/lib/python3.7/site-packages/airflow/example_dags/example_skip_dag.py
[2022-05-16 02:53:02,637] {processor.py:642} INFO - Processing file /home/airflow/.local/lib/python3.7/site-packages/airflow/example_dags/example_skip_dag.py for tasks to queue
[2022-05-16 02:53:02,639] {logging_mixin.py:109} INFO - [2022-05-16 02:53:02,639] {dagbag.py:500} INFO - Filling up the DagBag from /home/airflow/.local/lib/python3.7/site-packages/airflow/example_dags/example_skip_dag.py
[2022-05-16 02:53:02,646] {processor.py:652} INFO - DAG(s) dict_keys(['example_skip_dag']) retrieved from /home/airflow/.local/lib/python3.7/site-packages/airflow/example_dags/example_skip_dag.py
[2022-05-16 02:53:02,672] {logging_mixin.py:109} INFO - [2022-05-16 02:53:02,671] {dag.py:2398} INFO - Sync 1 DAGs
[2022-05-16 02:53:02,691] {logging_mixin.py:109} INFO - [2022-05-16 02:53:02,690] {dag.py:2937} INFO - Setting next_dagrun for example_skip_dag to 2022-05-15T02:53:02.690536+00:00
[2022-05-16 02:53:02,708] {processor.py:171} INFO - Processing /home/airflow/.local/lib/python3.7/site-packages/airflow/example_dags/example_skip_dag.py took 0.078 seconds
[2022-05-16 02:53:32,997] {processor.py:163} INFO - Started process (PID=15325) to work on /home/airflow/.local/lib/python3.7/site-packages/airflow/example_dags/example_skip_dag.py
[2022-05-16 02:53:33,000] {processor.py:642} INFO - Processing file /home/airflow/.local/lib/python3.7/site-packages/airflow/example_dags/example_skip_dag.py for tasks to queue
[2022-05-16 02:53:33,001] {logging_mixin.py:109} INFO - [2022-05-16 02:53:33,001] {dagbag.py:500} INFO - Filling up the DagBag from /home/airflow/.local/lib/python3.7/site-packages/airflow/example_dags/example_skip_dag.py
[2022-05-16 02:53:33,008] {processor.py:652} INFO - DAG(s) dict_keys(['example_skip_dag']) retrieved from /home/airflow/.local/lib/python3.7/site-packages/airflow/example_dags/example_skip_dag.py
[2022-05-16 02:53:33,033] {logging_mixin.py:109} INFO - [2022-05-16 02:53:33,033] {dag.py:2398} INFO - Sync 1 DAGs
[2022-05-16 02:53:33,050] {logging_mixin.py:109} INFO - [2022-05-16 02:53:33,050] {dag.py:2937} INFO - Setting next_dagrun for example_skip_dag to 2022-05-15T02:53:33.050296+00:00
[2022-05-16 02:53:33,062] {processor.py:171} INFO - Processing /home/airflow/.local/lib/python3.7/site-packages/airflow/example_dags/example_skip_dag.py took 0.069 seconds
