[2022-05-16 00:06:47,042] {processor.py:163} INFO - Started process (PID=11284) to work on /home/airflow/.local/lib/python3.7/site-packages/airflow/example_dags/tutorial_etl_dag.py
[2022-05-16 00:06:47,059] {processor.py:642} INFO - Processing file /home/airflow/.local/lib/python3.7/site-packages/airflow/example_dags/tutorial_etl_dag.py for tasks to queue
[2022-05-16 00:06:47,073] {logging_mixin.py:109} INFO - [2022-05-16 00:06:47,072] {dagbag.py:500} INFO - Filling up the DagBag from /home/airflow/.local/lib/python3.7/site-packages/airflow/example_dags/tutorial_etl_dag.py
[2022-05-16 00:06:47,296] {processor.py:652} INFO - DAG(s) dict_keys(['tutorial_etl_dag']) retrieved from /home/airflow/.local/lib/python3.7/site-packages/airflow/example_dags/tutorial_etl_dag.py
[2022-05-16 00:06:47,566] {logging_mixin.py:109} INFO - [2022-05-16 00:06:47,565] {dag.py:2398} INFO - Sync 1 DAGs
[2022-05-16 00:06:47,769] {logging_mixin.py:109} INFO - [2022-05-16 00:06:47,765] {dag.py:2937} INFO - Setting next_dagrun for tutorial_etl_dag to None
[2022-05-16 00:06:47,843] {processor.py:171} INFO - Processing /home/airflow/.local/lib/python3.7/site-packages/airflow/example_dags/tutorial_etl_dag.py took 0.852 seconds
[2022-05-16 00:07:18,141] {processor.py:163} INFO - Started process (PID=11337) to work on /home/airflow/.local/lib/python3.7/site-packages/airflow/example_dags/tutorial_etl_dag.py
[2022-05-16 00:07:18,151] {processor.py:642} INFO - Processing file /home/airflow/.local/lib/python3.7/site-packages/airflow/example_dags/tutorial_etl_dag.py for tasks to queue
[2022-05-16 00:07:18,157] {logging_mixin.py:109} INFO - [2022-05-16 00:07:18,157] {dagbag.py:500} INFO - Filling up the DagBag from /home/airflow/.local/lib/python3.7/site-packages/airflow/example_dags/tutorial_etl_dag.py
[2022-05-16 00:07:18,252] {processor.py:652} INFO - DAG(s) dict_keys(['tutorial_etl_dag']) retrieved from /home/airflow/.local/lib/python3.7/site-packages/airflow/example_dags/tutorial_etl_dag.py
[2022-05-16 00:07:18,384] {logging_mixin.py:109} INFO - [2022-05-16 00:07:18,383] {dag.py:2398} INFO - Sync 1 DAGs
[2022-05-16 00:07:18,484] {logging_mixin.py:109} INFO - [2022-05-16 00:07:18,483] {dag.py:2937} INFO - Setting next_dagrun for tutorial_etl_dag to None
[2022-05-16 00:07:18,578] {processor.py:171} INFO - Processing /home/airflow/.local/lib/python3.7/site-packages/airflow/example_dags/tutorial_etl_dag.py took 0.489 seconds
[2022-05-16 00:07:48,887] {processor.py:163} INFO - Started process (PID=11379) to work on /home/airflow/.local/lib/python3.7/site-packages/airflow/example_dags/tutorial_etl_dag.py
[2022-05-16 00:07:48,899] {processor.py:642} INFO - Processing file /home/airflow/.local/lib/python3.7/site-packages/airflow/example_dags/tutorial_etl_dag.py for tasks to queue
[2022-05-16 00:07:48,907] {logging_mixin.py:109} INFO - [2022-05-16 00:07:48,906] {dagbag.py:500} INFO - Filling up the DagBag from /home/airflow/.local/lib/python3.7/site-packages/airflow/example_dags/tutorial_etl_dag.py
[2022-05-16 00:07:49,019] {processor.py:652} INFO - DAG(s) dict_keys(['tutorial_etl_dag']) retrieved from /home/airflow/.local/lib/python3.7/site-packages/airflow/example_dags/tutorial_etl_dag.py
[2022-05-16 00:07:49,157] {logging_mixin.py:109} INFO - [2022-05-16 00:07:49,157] {dag.py:2398} INFO - Sync 1 DAGs
[2022-05-16 00:07:49,270] {logging_mixin.py:109} INFO - [2022-05-16 00:07:49,269] {dag.py:2937} INFO - Setting next_dagrun for tutorial_etl_dag to None
[2022-05-16 00:07:49,325] {processor.py:171} INFO - Processing /home/airflow/.local/lib/python3.7/site-packages/airflow/example_dags/tutorial_etl_dag.py took 0.463 seconds
[2022-05-16 00:08:19,718] {processor.py:163} INFO - Started process (PID=11431) to work on /home/airflow/.local/lib/python3.7/site-packages/airflow/example_dags/tutorial_etl_dag.py
[2022-05-16 00:08:19,728] {processor.py:642} INFO - Processing file /home/airflow/.local/lib/python3.7/site-packages/airflow/example_dags/tutorial_etl_dag.py for tasks to queue
[2022-05-16 00:08:19,736] {logging_mixin.py:109} INFO - [2022-05-16 00:08:19,735] {dagbag.py:500} INFO - Filling up the DagBag from /home/airflow/.local/lib/python3.7/site-packages/airflow/example_dags/tutorial_etl_dag.py
[2022-05-16 00:08:19,836] {processor.py:652} INFO - DAG(s) dict_keys(['tutorial_etl_dag']) retrieved from /home/airflow/.local/lib/python3.7/site-packages/airflow/example_dags/tutorial_etl_dag.py
[2022-05-16 00:08:19,974] {logging_mixin.py:109} INFO - [2022-05-16 00:08:19,974] {dag.py:2398} INFO - Sync 1 DAGs
[2022-05-16 00:08:20,066] {logging_mixin.py:109} INFO - [2022-05-16 00:08:20,066] {dag.py:2937} INFO - Setting next_dagrun for tutorial_etl_dag to None
[2022-05-16 00:08:20,146] {processor.py:171} INFO - Processing /home/airflow/.local/lib/python3.7/site-packages/airflow/example_dags/tutorial_etl_dag.py took 0.443 seconds
[2022-05-16 00:08:50,676] {processor.py:163} INFO - Started process (PID=11475) to work on /home/airflow/.local/lib/python3.7/site-packages/airflow/example_dags/tutorial_etl_dag.py
[2022-05-16 00:08:50,696] {processor.py:642} INFO - Processing file /home/airflow/.local/lib/python3.7/site-packages/airflow/example_dags/tutorial_etl_dag.py for tasks to queue
[2022-05-16 00:08:50,702] {logging_mixin.py:109} INFO - [2022-05-16 00:08:50,702] {dagbag.py:500} INFO - Filling up the DagBag from /home/airflow/.local/lib/python3.7/site-packages/airflow/example_dags/tutorial_etl_dag.py
[2022-05-16 00:08:50,803] {processor.py:652} INFO - DAG(s) dict_keys(['tutorial_etl_dag']) retrieved from /home/airflow/.local/lib/python3.7/site-packages/airflow/example_dags/tutorial_etl_dag.py
[2022-05-16 00:08:50,922] {logging_mixin.py:109} INFO - [2022-05-16 00:08:50,922] {dag.py:2398} INFO - Sync 1 DAGs
[2022-05-16 00:08:51,025] {logging_mixin.py:109} INFO - [2022-05-16 00:08:51,025] {dag.py:2937} INFO - Setting next_dagrun for tutorial_etl_dag to None
[2022-05-16 00:08:51,084] {processor.py:171} INFO - Processing /home/airflow/.local/lib/python3.7/site-packages/airflow/example_dags/tutorial_etl_dag.py took 0.422 seconds
[2022-05-16 00:39:09,531] {processor.py:163} INFO - Started process (PID=11510) to work on /home/airflow/.local/lib/python3.7/site-packages/airflow/example_dags/tutorial_etl_dag.py
[2022-05-16 00:39:09,535] {processor.py:642} INFO - Processing file /home/airflow/.local/lib/python3.7/site-packages/airflow/example_dags/tutorial_etl_dag.py for tasks to queue
[2022-05-16 00:39:09,538] {logging_mixin.py:109} INFO - [2022-05-16 00:39:09,537] {dagbag.py:500} INFO - Filling up the DagBag from /home/airflow/.local/lib/python3.7/site-packages/airflow/example_dags/tutorial_etl_dag.py
[2022-05-16 00:39:09,574] {processor.py:652} INFO - DAG(s) dict_keys(['tutorial_etl_dag']) retrieved from /home/airflow/.local/lib/python3.7/site-packages/airflow/example_dags/tutorial_etl_dag.py
[2022-05-16 00:39:09,625] {logging_mixin.py:109} INFO - [2022-05-16 00:39:09,625] {dag.py:2398} INFO - Sync 1 DAGs
[2022-05-16 00:39:09,671] {logging_mixin.py:109} INFO - [2022-05-16 00:39:09,671] {dag.py:2937} INFO - Setting next_dagrun for tutorial_etl_dag to None
[2022-05-16 00:39:09,699] {processor.py:171} INFO - Processing /home/airflow/.local/lib/python3.7/site-packages/airflow/example_dags/tutorial_etl_dag.py took 0.181 seconds
[2022-05-16 00:39:40,821] {processor.py:163} INFO - Started process (PID=11563) to work on /home/airflow/.local/lib/python3.7/site-packages/airflow/example_dags/tutorial_etl_dag.py
[2022-05-16 00:39:40,829] {processor.py:642} INFO - Processing file /home/airflow/.local/lib/python3.7/site-packages/airflow/example_dags/tutorial_etl_dag.py for tasks to queue
[2022-05-16 00:39:40,835] {logging_mixin.py:109} INFO - [2022-05-16 00:39:40,835] {dagbag.py:500} INFO - Filling up the DagBag from /home/airflow/.local/lib/python3.7/site-packages/airflow/example_dags/tutorial_etl_dag.py
[2022-05-16 00:39:40,932] {processor.py:652} INFO - DAG(s) dict_keys(['tutorial_etl_dag']) retrieved from /home/airflow/.local/lib/python3.7/site-packages/airflow/example_dags/tutorial_etl_dag.py
[2022-05-16 00:39:41,046] {logging_mixin.py:109} INFO - [2022-05-16 00:39:41,046] {dag.py:2398} INFO - Sync 1 DAGs
[2022-05-16 00:39:41,149] {logging_mixin.py:109} INFO - [2022-05-16 00:39:41,149] {dag.py:2937} INFO - Setting next_dagrun for tutorial_etl_dag to None
[2022-05-16 00:39:41,201] {processor.py:171} INFO - Processing /home/airflow/.local/lib/python3.7/site-packages/airflow/example_dags/tutorial_etl_dag.py took 0.401 seconds
[2022-05-16 00:40:11,931] {processor.py:163} INFO - Started process (PID=11615) to work on /home/airflow/.local/lib/python3.7/site-packages/airflow/example_dags/tutorial_etl_dag.py
[2022-05-16 00:40:11,940] {processor.py:642} INFO - Processing file /home/airflow/.local/lib/python3.7/site-packages/airflow/example_dags/tutorial_etl_dag.py for tasks to queue
[2022-05-16 00:40:11,946] {logging_mixin.py:109} INFO - [2022-05-16 00:40:11,945] {dagbag.py:500} INFO - Filling up the DagBag from /home/airflow/.local/lib/python3.7/site-packages/airflow/example_dags/tutorial_etl_dag.py
[2022-05-16 00:40:12,036] {processor.py:652} INFO - DAG(s) dict_keys(['tutorial_etl_dag']) retrieved from /home/airflow/.local/lib/python3.7/site-packages/airflow/example_dags/tutorial_etl_dag.py
[2022-05-16 00:40:12,151] {logging_mixin.py:109} INFO - [2022-05-16 00:40:12,150] {dag.py:2398} INFO - Sync 1 DAGs
[2022-05-16 00:40:12,238] {logging_mixin.py:109} INFO - [2022-05-16 00:40:12,237] {dag.py:2937} INFO - Setting next_dagrun for tutorial_etl_dag to None
[2022-05-16 00:40:12,285] {processor.py:171} INFO - Processing /home/airflow/.local/lib/python3.7/site-packages/airflow/example_dags/tutorial_etl_dag.py took 0.375 seconds
[2022-05-16 00:40:42,796] {processor.py:163} INFO - Started process (PID=11657) to work on /home/airflow/.local/lib/python3.7/site-packages/airflow/example_dags/tutorial_etl_dag.py
[2022-05-16 00:40:42,827] {processor.py:642} INFO - Processing file /home/airflow/.local/lib/python3.7/site-packages/airflow/example_dags/tutorial_etl_dag.py for tasks to queue
[2022-05-16 00:40:42,836] {logging_mixin.py:109} INFO - [2022-05-16 00:40:42,836] {dagbag.py:500} INFO - Filling up the DagBag from /home/airflow/.local/lib/python3.7/site-packages/airflow/example_dags/tutorial_etl_dag.py
[2022-05-16 00:40:42,982] {processor.py:652} INFO - DAG(s) dict_keys(['tutorial_etl_dag']) retrieved from /home/airflow/.local/lib/python3.7/site-packages/airflow/example_dags/tutorial_etl_dag.py
[2022-05-16 00:40:43,142] {logging_mixin.py:109} INFO - [2022-05-16 00:40:43,141] {dag.py:2398} INFO - Sync 1 DAGs
[2022-05-16 00:40:43,267] {logging_mixin.py:109} INFO - [2022-05-16 00:40:43,267] {dag.py:2937} INFO - Setting next_dagrun for tutorial_etl_dag to None
[2022-05-16 00:40:43,336] {processor.py:171} INFO - Processing /home/airflow/.local/lib/python3.7/site-packages/airflow/example_dags/tutorial_etl_dag.py took 0.608 seconds
[2022-05-16 00:41:14,024] {processor.py:163} INFO - Started process (PID=11710) to work on /home/airflow/.local/lib/python3.7/site-packages/airflow/example_dags/tutorial_etl_dag.py
[2022-05-16 00:41:14,032] {processor.py:642} INFO - Processing file /home/airflow/.local/lib/python3.7/site-packages/airflow/example_dags/tutorial_etl_dag.py for tasks to queue
[2022-05-16 00:41:14,040] {logging_mixin.py:109} INFO - [2022-05-16 00:41:14,039] {dagbag.py:500} INFO - Filling up the DagBag from /home/airflow/.local/lib/python3.7/site-packages/airflow/example_dags/tutorial_etl_dag.py
[2022-05-16 00:41:14,175] {processor.py:652} INFO - DAG(s) dict_keys(['tutorial_etl_dag']) retrieved from /home/airflow/.local/lib/python3.7/site-packages/airflow/example_dags/tutorial_etl_dag.py
[2022-05-16 00:41:14,330] {logging_mixin.py:109} INFO - [2022-05-16 00:41:14,326] {dag.py:2398} INFO - Sync 1 DAGs
[2022-05-16 00:41:14,456] {logging_mixin.py:109} INFO - [2022-05-16 00:41:14,455] {dag.py:2937} INFO - Setting next_dagrun for tutorial_etl_dag to None
[2022-05-16 00:41:14,551] {processor.py:171} INFO - Processing /home/airflow/.local/lib/python3.7/site-packages/airflow/example_dags/tutorial_etl_dag.py took 0.551 seconds
[2022-05-16 00:41:44,819] {processor.py:163} INFO - Started process (PID=11752) to work on /home/airflow/.local/lib/python3.7/site-packages/airflow/example_dags/tutorial_etl_dag.py
[2022-05-16 00:41:44,858] {processor.py:642} INFO - Processing file /home/airflow/.local/lib/python3.7/site-packages/airflow/example_dags/tutorial_etl_dag.py for tasks to queue
[2022-05-16 00:41:44,904] {logging_mixin.py:109} INFO - [2022-05-16 00:41:44,894] {dagbag.py:500} INFO - Filling up the DagBag from /home/airflow/.local/lib/python3.7/site-packages/airflow/example_dags/tutorial_etl_dag.py
[2022-05-16 00:41:45,054] {processor.py:652} INFO - DAG(s) dict_keys(['tutorial_etl_dag']) retrieved from /home/airflow/.local/lib/python3.7/site-packages/airflow/example_dags/tutorial_etl_dag.py
[2022-05-16 00:41:45,204] {logging_mixin.py:109} INFO - [2022-05-16 00:41:45,203] {dag.py:2398} INFO - Sync 1 DAGs
[2022-05-16 00:41:45,335] {logging_mixin.py:109} INFO - [2022-05-16 00:41:45,335] {dag.py:2937} INFO - Setting next_dagrun for tutorial_etl_dag to None
[2022-05-16 00:41:45,413] {processor.py:171} INFO - Processing /home/airflow/.local/lib/python3.7/site-packages/airflow/example_dags/tutorial_etl_dag.py took 0.627 seconds
[2022-05-16 00:42:15,718] {processor.py:163} INFO - Started process (PID=11804) to work on /home/airflow/.local/lib/python3.7/site-packages/airflow/example_dags/tutorial_etl_dag.py
[2022-05-16 00:42:15,729] {processor.py:642} INFO - Processing file /home/airflow/.local/lib/python3.7/site-packages/airflow/example_dags/tutorial_etl_dag.py for tasks to queue
[2022-05-16 00:42:15,746] {logging_mixin.py:109} INFO - [2022-05-16 00:42:15,746] {dagbag.py:500} INFO - Filling up the DagBag from /home/airflow/.local/lib/python3.7/site-packages/airflow/example_dags/tutorial_etl_dag.py
[2022-05-16 00:42:15,880] {processor.py:652} INFO - DAG(s) dict_keys(['tutorial_etl_dag']) retrieved from /home/airflow/.local/lib/python3.7/site-packages/airflow/example_dags/tutorial_etl_dag.py
[2022-05-16 00:42:16,007] {logging_mixin.py:109} INFO - [2022-05-16 00:42:16,006] {dag.py:2398} INFO - Sync 1 DAGs
[2022-05-16 00:42:16,132] {logging_mixin.py:109} INFO - [2022-05-16 00:42:16,132] {dag.py:2937} INFO - Setting next_dagrun for tutorial_etl_dag to None
[2022-05-16 00:42:16,188] {processor.py:171} INFO - Processing /home/airflow/.local/lib/python3.7/site-packages/airflow/example_dags/tutorial_etl_dag.py took 0.491 seconds
[2022-05-16 00:42:46,533] {processor.py:163} INFO - Started process (PID=11846) to work on /home/airflow/.local/lib/python3.7/site-packages/airflow/example_dags/tutorial_etl_dag.py
[2022-05-16 00:42:46,543] {processor.py:642} INFO - Processing file /home/airflow/.local/lib/python3.7/site-packages/airflow/example_dags/tutorial_etl_dag.py for tasks to queue
[2022-05-16 00:42:46,548] {logging_mixin.py:109} INFO - [2022-05-16 00:42:46,548] {dagbag.py:500} INFO - Filling up the DagBag from /home/airflow/.local/lib/python3.7/site-packages/airflow/example_dags/tutorial_etl_dag.py
[2022-05-16 00:42:46,648] {processor.py:652} INFO - DAG(s) dict_keys(['tutorial_etl_dag']) retrieved from /home/airflow/.local/lib/python3.7/site-packages/airflow/example_dags/tutorial_etl_dag.py
[2022-05-16 00:42:46,767] {logging_mixin.py:109} INFO - [2022-05-16 00:42:46,766] {dag.py:2398} INFO - Sync 1 DAGs
[2022-05-16 00:42:46,877] {logging_mixin.py:109} INFO - [2022-05-16 00:42:46,876] {dag.py:2937} INFO - Setting next_dagrun for tutorial_etl_dag to None
[2022-05-16 00:42:46,933] {processor.py:171} INFO - Processing /home/airflow/.local/lib/python3.7/site-packages/airflow/example_dags/tutorial_etl_dag.py took 0.441 seconds
[2022-05-16 00:43:17,774] {processor.py:163} INFO - Started process (PID=11897) to work on /home/airflow/.local/lib/python3.7/site-packages/airflow/example_dags/tutorial_etl_dag.py
[2022-05-16 00:43:17,785] {processor.py:642} INFO - Processing file /home/airflow/.local/lib/python3.7/site-packages/airflow/example_dags/tutorial_etl_dag.py for tasks to queue
[2022-05-16 00:43:17,791] {logging_mixin.py:109} INFO - [2022-05-16 00:43:17,790] {dagbag.py:500} INFO - Filling up the DagBag from /home/airflow/.local/lib/python3.7/site-packages/airflow/example_dags/tutorial_etl_dag.py
[2022-05-16 00:43:17,899] {processor.py:652} INFO - DAG(s) dict_keys(['tutorial_etl_dag']) retrieved from /home/airflow/.local/lib/python3.7/site-packages/airflow/example_dags/tutorial_etl_dag.py
[2022-05-16 00:43:18,046] {logging_mixin.py:109} INFO - [2022-05-16 00:43:18,045] {dag.py:2398} INFO - Sync 1 DAGs
[2022-05-16 00:43:18,163] {logging_mixin.py:109} INFO - [2022-05-16 00:43:18,163] {dag.py:2937} INFO - Setting next_dagrun for tutorial_etl_dag to None
[2022-05-16 00:43:18,230] {processor.py:171} INFO - Processing /home/airflow/.local/lib/python3.7/site-packages/airflow/example_dags/tutorial_etl_dag.py took 0.478 seconds
[2022-05-16 00:43:48,691] {processor.py:163} INFO - Started process (PID=11947) to work on /home/airflow/.local/lib/python3.7/site-packages/airflow/example_dags/tutorial_etl_dag.py
[2022-05-16 00:43:48,699] {processor.py:642} INFO - Processing file /home/airflow/.local/lib/python3.7/site-packages/airflow/example_dags/tutorial_etl_dag.py for tasks to queue
[2022-05-16 00:43:48,706] {logging_mixin.py:109} INFO - [2022-05-16 00:43:48,705] {dagbag.py:500} INFO - Filling up the DagBag from /home/airflow/.local/lib/python3.7/site-packages/airflow/example_dags/tutorial_etl_dag.py
[2022-05-16 00:43:48,835] {processor.py:652} INFO - DAG(s) dict_keys(['tutorial_etl_dag']) retrieved from /home/airflow/.local/lib/python3.7/site-packages/airflow/example_dags/tutorial_etl_dag.py
[2022-05-16 00:43:48,950] {logging_mixin.py:109} INFO - [2022-05-16 00:43:48,949] {dag.py:2398} INFO - Sync 1 DAGs
[2022-05-16 00:43:49,051] {logging_mixin.py:109} INFO - [2022-05-16 00:43:49,051] {dag.py:2937} INFO - Setting next_dagrun for tutorial_etl_dag to None
[2022-05-16 00:43:49,103] {processor.py:171} INFO - Processing /home/airflow/.local/lib/python3.7/site-packages/airflow/example_dags/tutorial_etl_dag.py took 0.433 seconds
[2022-05-16 01:14:11,365] {processor.py:163} INFO - Started process (PID=11983) to work on /home/airflow/.local/lib/python3.7/site-packages/airflow/example_dags/tutorial_etl_dag.py
[2022-05-16 01:14:11,401] {processor.py:642} INFO - Processing file /home/airflow/.local/lib/python3.7/site-packages/airflow/example_dags/tutorial_etl_dag.py for tasks to queue
[2022-05-16 01:14:11,409] {logging_mixin.py:109} INFO - [2022-05-16 01:14:11,408] {dagbag.py:500} INFO - Filling up the DagBag from /home/airflow/.local/lib/python3.7/site-packages/airflow/example_dags/tutorial_etl_dag.py
[2022-05-16 01:14:11,506] {processor.py:652} INFO - DAG(s) dict_keys(['tutorial_etl_dag']) retrieved from /home/airflow/.local/lib/python3.7/site-packages/airflow/example_dags/tutorial_etl_dag.py
[2022-05-16 01:14:11,727] {logging_mixin.py:109} INFO - [2022-05-16 01:14:11,727] {dag.py:2398} INFO - Sync 1 DAGs
[2022-05-16 01:14:11,912] {logging_mixin.py:109} INFO - [2022-05-16 01:14:11,912] {dag.py:2937} INFO - Setting next_dagrun for tutorial_etl_dag to None
[2022-05-16 01:14:12,044] {processor.py:171} INFO - Processing /home/airflow/.local/lib/python3.7/site-packages/airflow/example_dags/tutorial_etl_dag.py took 0.720 seconds
[2022-05-16 01:14:42,377] {processor.py:163} INFO - Started process (PID=12032) to work on /home/airflow/.local/lib/python3.7/site-packages/airflow/example_dags/tutorial_etl_dag.py
[2022-05-16 01:14:42,396] {processor.py:642} INFO - Processing file /home/airflow/.local/lib/python3.7/site-packages/airflow/example_dags/tutorial_etl_dag.py for tasks to queue
[2022-05-16 01:14:42,408] {logging_mixin.py:109} INFO - [2022-05-16 01:14:42,407] {dagbag.py:500} INFO - Filling up the DagBag from /home/airflow/.local/lib/python3.7/site-packages/airflow/example_dags/tutorial_etl_dag.py
[2022-05-16 01:14:42,502] {processor.py:652} INFO - DAG(s) dict_keys(['tutorial_etl_dag']) retrieved from /home/airflow/.local/lib/python3.7/site-packages/airflow/example_dags/tutorial_etl_dag.py
[2022-05-16 01:14:42,713] {logging_mixin.py:109} INFO - [2022-05-16 01:14:42,711] {dag.py:2398} INFO - Sync 1 DAGs
[2022-05-16 01:14:42,909] {logging_mixin.py:109} INFO - [2022-05-16 01:14:42,909] {dag.py:2937} INFO - Setting next_dagrun for tutorial_etl_dag to None
[2022-05-16 01:14:42,994] {processor.py:171} INFO - Processing /home/airflow/.local/lib/python3.7/site-packages/airflow/example_dags/tutorial_etl_dag.py took 0.667 seconds
[2022-05-16 01:15:13,966] {processor.py:163} INFO - Started process (PID=12078) to work on /home/airflow/.local/lib/python3.7/site-packages/airflow/example_dags/tutorial_etl_dag.py
[2022-05-16 01:15:13,988] {processor.py:642} INFO - Processing file /home/airflow/.local/lib/python3.7/site-packages/airflow/example_dags/tutorial_etl_dag.py for tasks to queue
[2022-05-16 01:15:14,005] {logging_mixin.py:109} INFO - [2022-05-16 01:15:14,001] {dagbag.py:500} INFO - Filling up the DagBag from /home/airflow/.local/lib/python3.7/site-packages/airflow/example_dags/tutorial_etl_dag.py
[2022-05-16 01:15:14,362] {processor.py:652} INFO - DAG(s) dict_keys(['tutorial_etl_dag']) retrieved from /home/airflow/.local/lib/python3.7/site-packages/airflow/example_dags/tutorial_etl_dag.py
[2022-05-16 01:15:15,057] {logging_mixin.py:109} INFO - [2022-05-16 01:15:15,056] {dag.py:2398} INFO - Sync 1 DAGs
[2022-05-16 01:15:15,337] {logging_mixin.py:109} INFO - [2022-05-16 01:15:15,337] {dag.py:2937} INFO - Setting next_dagrun for tutorial_etl_dag to None
[2022-05-16 01:15:15,505] {processor.py:171} INFO - Processing /home/airflow/.local/lib/python3.7/site-packages/airflow/example_dags/tutorial_etl_dag.py took 1.851 seconds
[2022-05-16 01:15:46,214] {processor.py:163} INFO - Started process (PID=12132) to work on /home/airflow/.local/lib/python3.7/site-packages/airflow/example_dags/tutorial_etl_dag.py
[2022-05-16 01:15:46,232] {processor.py:642} INFO - Processing file /home/airflow/.local/lib/python3.7/site-packages/airflow/example_dags/tutorial_etl_dag.py for tasks to queue
[2022-05-16 01:15:46,245] {logging_mixin.py:109} INFO - [2022-05-16 01:15:46,242] {dagbag.py:500} INFO - Filling up the DagBag from /home/airflow/.local/lib/python3.7/site-packages/airflow/example_dags/tutorial_etl_dag.py
[2022-05-16 01:15:46,308] {processor.py:652} INFO - DAG(s) dict_keys(['tutorial_etl_dag']) retrieved from /home/airflow/.local/lib/python3.7/site-packages/airflow/example_dags/tutorial_etl_dag.py
[2022-05-16 01:15:46,492] {logging_mixin.py:109} INFO - [2022-05-16 01:15:46,491] {dag.py:2398} INFO - Sync 1 DAGs
[2022-05-16 01:15:46,584] {logging_mixin.py:109} INFO - [2022-05-16 01:15:46,584] {dag.py:2937} INFO - Setting next_dagrun for tutorial_etl_dag to None
[2022-05-16 01:15:46,632] {processor.py:171} INFO - Processing /home/airflow/.local/lib/python3.7/site-packages/airflow/example_dags/tutorial_etl_dag.py took 0.438 seconds
[2022-05-16 01:16:16,979] {processor.py:163} INFO - Started process (PID=12175) to work on /home/airflow/.local/lib/python3.7/site-packages/airflow/example_dags/tutorial_etl_dag.py
[2022-05-16 01:16:16,988] {processor.py:642} INFO - Processing file /home/airflow/.local/lib/python3.7/site-packages/airflow/example_dags/tutorial_etl_dag.py for tasks to queue
[2022-05-16 01:16:16,994] {logging_mixin.py:109} INFO - [2022-05-16 01:16:16,993] {dagbag.py:500} INFO - Filling up the DagBag from /home/airflow/.local/lib/python3.7/site-packages/airflow/example_dags/tutorial_etl_dag.py
[2022-05-16 01:16:17,038] {processor.py:652} INFO - DAG(s) dict_keys(['tutorial_etl_dag']) retrieved from /home/airflow/.local/lib/python3.7/site-packages/airflow/example_dags/tutorial_etl_dag.py
[2022-05-16 01:16:17,136] {logging_mixin.py:109} INFO - [2022-05-16 01:16:17,135] {dag.py:2398} INFO - Sync 1 DAGs
[2022-05-16 01:16:17,209] {logging_mixin.py:109} INFO - [2022-05-16 01:16:17,209] {dag.py:2937} INFO - Setting next_dagrun for tutorial_etl_dag to None
[2022-05-16 01:16:17,252] {processor.py:171} INFO - Processing /home/airflow/.local/lib/python3.7/site-packages/airflow/example_dags/tutorial_etl_dag.py took 0.291 seconds
[2022-05-16 01:16:47,734] {processor.py:163} INFO - Started process (PID=12228) to work on /home/airflow/.local/lib/python3.7/site-packages/airflow/example_dags/tutorial_etl_dag.py
[2022-05-16 01:16:47,744] {processor.py:642} INFO - Processing file /home/airflow/.local/lib/python3.7/site-packages/airflow/example_dags/tutorial_etl_dag.py for tasks to queue
[2022-05-16 01:16:47,752] {logging_mixin.py:109} INFO - [2022-05-16 01:16:47,751] {dagbag.py:500} INFO - Filling up the DagBag from /home/airflow/.local/lib/python3.7/site-packages/airflow/example_dags/tutorial_etl_dag.py
[2022-05-16 01:16:47,792] {processor.py:652} INFO - DAG(s) dict_keys(['tutorial_etl_dag']) retrieved from /home/airflow/.local/lib/python3.7/site-packages/airflow/example_dags/tutorial_etl_dag.py
[2022-05-16 01:16:47,892] {logging_mixin.py:109} INFO - [2022-05-16 01:16:47,891] {dag.py:2398} INFO - Sync 1 DAGs
[2022-05-16 01:16:47,971] {logging_mixin.py:109} INFO - [2022-05-16 01:16:47,971] {dag.py:2937} INFO - Setting next_dagrun for tutorial_etl_dag to None
[2022-05-16 01:16:48,023] {processor.py:171} INFO - Processing /home/airflow/.local/lib/python3.7/site-packages/airflow/example_dags/tutorial_etl_dag.py took 0.308 seconds
[2022-05-16 01:17:18,483] {processor.py:163} INFO - Started process (PID=12271) to work on /home/airflow/.local/lib/python3.7/site-packages/airflow/example_dags/tutorial_etl_dag.py
[2022-05-16 01:17:18,493] {processor.py:642} INFO - Processing file /home/airflow/.local/lib/python3.7/site-packages/airflow/example_dags/tutorial_etl_dag.py for tasks to queue
[2022-05-16 01:17:18,498] {logging_mixin.py:109} INFO - [2022-05-16 01:17:18,497] {dagbag.py:500} INFO - Filling up the DagBag from /home/airflow/.local/lib/python3.7/site-packages/airflow/example_dags/tutorial_etl_dag.py
[2022-05-16 01:17:18,536] {processor.py:652} INFO - DAG(s) dict_keys(['tutorial_etl_dag']) retrieved from /home/airflow/.local/lib/python3.7/site-packages/airflow/example_dags/tutorial_etl_dag.py
[2022-05-16 01:17:18,632] {logging_mixin.py:109} INFO - [2022-05-16 01:17:18,631] {dag.py:2398} INFO - Sync 1 DAGs
[2022-05-16 01:17:18,704] {logging_mixin.py:109} INFO - [2022-05-16 01:17:18,704] {dag.py:2937} INFO - Setting next_dagrun for tutorial_etl_dag to None
[2022-05-16 01:17:18,753] {processor.py:171} INFO - Processing /home/airflow/.local/lib/python3.7/site-packages/airflow/example_dags/tutorial_etl_dag.py took 0.287 seconds
[2022-05-16 01:17:49,320] {processor.py:163} INFO - Started process (PID=12323) to work on /home/airflow/.local/lib/python3.7/site-packages/airflow/example_dags/tutorial_etl_dag.py
[2022-05-16 01:17:49,330] {processor.py:642} INFO - Processing file /home/airflow/.local/lib/python3.7/site-packages/airflow/example_dags/tutorial_etl_dag.py for tasks to queue
[2022-05-16 01:17:49,335] {logging_mixin.py:109} INFO - [2022-05-16 01:17:49,335] {dagbag.py:500} INFO - Filling up the DagBag from /home/airflow/.local/lib/python3.7/site-packages/airflow/example_dags/tutorial_etl_dag.py
[2022-05-16 01:17:49,373] {processor.py:652} INFO - DAG(s) dict_keys(['tutorial_etl_dag']) retrieved from /home/airflow/.local/lib/python3.7/site-packages/airflow/example_dags/tutorial_etl_dag.py
[2022-05-16 01:17:49,475] {logging_mixin.py:109} INFO - [2022-05-16 01:17:49,475] {dag.py:2398} INFO - Sync 1 DAGs
[2022-05-16 01:17:49,551] {logging_mixin.py:109} INFO - [2022-05-16 01:17:49,551] {dag.py:2937} INFO - Setting next_dagrun for tutorial_etl_dag to None
[2022-05-16 01:17:49,614] {processor.py:171} INFO - Processing /home/airflow/.local/lib/python3.7/site-packages/airflow/example_dags/tutorial_etl_dag.py took 0.310 seconds
[2022-05-16 01:18:20,034] {processor.py:163} INFO - Started process (PID=12374) to work on /home/airflow/.local/lib/python3.7/site-packages/airflow/example_dags/tutorial_etl_dag.py
[2022-05-16 01:18:20,043] {processor.py:642} INFO - Processing file /home/airflow/.local/lib/python3.7/site-packages/airflow/example_dags/tutorial_etl_dag.py for tasks to queue
[2022-05-16 01:18:20,048] {logging_mixin.py:109} INFO - [2022-05-16 01:18:20,047] {dagbag.py:500} INFO - Filling up the DagBag from /home/airflow/.local/lib/python3.7/site-packages/airflow/example_dags/tutorial_etl_dag.py
[2022-05-16 01:18:20,088] {processor.py:652} INFO - DAG(s) dict_keys(['tutorial_etl_dag']) retrieved from /home/airflow/.local/lib/python3.7/site-packages/airflow/example_dags/tutorial_etl_dag.py
[2022-05-16 01:18:20,189] {logging_mixin.py:109} INFO - [2022-05-16 01:18:20,189] {dag.py:2398} INFO - Sync 1 DAGs
[2022-05-16 01:18:20,262] {logging_mixin.py:109} INFO - [2022-05-16 01:18:20,261] {dag.py:2937} INFO - Setting next_dagrun for tutorial_etl_dag to None
[2022-05-16 01:18:20,304] {processor.py:171} INFO - Processing /home/airflow/.local/lib/python3.7/site-packages/airflow/example_dags/tutorial_etl_dag.py took 0.286 seconds
[2022-05-16 01:18:50,748] {processor.py:163} INFO - Started process (PID=12419) to work on /home/airflow/.local/lib/python3.7/site-packages/airflow/example_dags/tutorial_etl_dag.py
[2022-05-16 01:18:50,758] {processor.py:642} INFO - Processing file /home/airflow/.local/lib/python3.7/site-packages/airflow/example_dags/tutorial_etl_dag.py for tasks to queue
[2022-05-16 01:18:50,764] {logging_mixin.py:109} INFO - [2022-05-16 01:18:50,764] {dagbag.py:500} INFO - Filling up the DagBag from /home/airflow/.local/lib/python3.7/site-packages/airflow/example_dags/tutorial_etl_dag.py
[2022-05-16 01:18:50,825] {processor.py:652} INFO - DAG(s) dict_keys(['tutorial_etl_dag']) retrieved from /home/airflow/.local/lib/python3.7/site-packages/airflow/example_dags/tutorial_etl_dag.py
[2022-05-16 01:18:50,992] {logging_mixin.py:109} INFO - [2022-05-16 01:18:50,992] {dag.py:2398} INFO - Sync 1 DAGs
[2022-05-16 01:18:51,103] {logging_mixin.py:109} INFO - [2022-05-16 01:18:51,103] {dag.py:2937} INFO - Setting next_dagrun for tutorial_etl_dag to None
[2022-05-16 01:18:51,156] {processor.py:171} INFO - Processing /home/airflow/.local/lib/python3.7/site-packages/airflow/example_dags/tutorial_etl_dag.py took 0.434 seconds
[2022-05-16 01:19:21,575] {processor.py:163} INFO - Started process (PID=12472) to work on /home/airflow/.local/lib/python3.7/site-packages/airflow/example_dags/tutorial_etl_dag.py
[2022-05-16 01:19:21,594] {processor.py:642} INFO - Processing file /home/airflow/.local/lib/python3.7/site-packages/airflow/example_dags/tutorial_etl_dag.py for tasks to queue
[2022-05-16 01:19:21,606] {logging_mixin.py:109} INFO - [2022-05-16 01:19:21,604] {dagbag.py:500} INFO - Filling up the DagBag from /home/airflow/.local/lib/python3.7/site-packages/airflow/example_dags/tutorial_etl_dag.py
[2022-05-16 01:19:21,646] {processor.py:652} INFO - DAG(s) dict_keys(['tutorial_etl_dag']) retrieved from /home/airflow/.local/lib/python3.7/site-packages/airflow/example_dags/tutorial_etl_dag.py
[2022-05-16 01:19:21,745] {logging_mixin.py:109} INFO - [2022-05-16 01:19:21,744] {dag.py:2398} INFO - Sync 1 DAGs
[2022-05-16 01:19:21,826] {logging_mixin.py:109} INFO - [2022-05-16 01:19:21,825] {dag.py:2937} INFO - Setting next_dagrun for tutorial_etl_dag to None
[2022-05-16 01:19:21,869] {processor.py:171} INFO - Processing /home/airflow/.local/lib/python3.7/site-packages/airflow/example_dags/tutorial_etl_dag.py took 0.315 seconds
[2022-05-16 01:19:52,158] {processor.py:163} INFO - Started process (PID=12515) to work on /home/airflow/.local/lib/python3.7/site-packages/airflow/example_dags/tutorial_etl_dag.py
[2022-05-16 01:19:52,167] {processor.py:642} INFO - Processing file /home/airflow/.local/lib/python3.7/site-packages/airflow/example_dags/tutorial_etl_dag.py for tasks to queue
[2022-05-16 01:19:52,175] {logging_mixin.py:109} INFO - [2022-05-16 01:19:52,174] {dagbag.py:500} INFO - Filling up the DagBag from /home/airflow/.local/lib/python3.7/site-packages/airflow/example_dags/tutorial_etl_dag.py
[2022-05-16 01:19:52,217] {processor.py:652} INFO - DAG(s) dict_keys(['tutorial_etl_dag']) retrieved from /home/airflow/.local/lib/python3.7/site-packages/airflow/example_dags/tutorial_etl_dag.py
[2022-05-16 01:19:52,357] {logging_mixin.py:109} INFO - [2022-05-16 01:19:52,356] {dag.py:2398} INFO - Sync 1 DAGs
[2022-05-16 01:19:52,440] {logging_mixin.py:109} INFO - [2022-05-16 01:19:52,440] {dag.py:2937} INFO - Setting next_dagrun for tutorial_etl_dag to None
[2022-05-16 01:19:52,483] {processor.py:171} INFO - Processing /home/airflow/.local/lib/python3.7/site-packages/airflow/example_dags/tutorial_etl_dag.py took 0.342 seconds
[2022-05-16 01:20:22,681] {processor.py:163} INFO - Started process (PID=12568) to work on /home/airflow/.local/lib/python3.7/site-packages/airflow/example_dags/tutorial_etl_dag.py
[2022-05-16 01:20:22,690] {processor.py:642} INFO - Processing file /home/airflow/.local/lib/python3.7/site-packages/airflow/example_dags/tutorial_etl_dag.py for tasks to queue
[2022-05-16 01:20:22,695] {logging_mixin.py:109} INFO - [2022-05-16 01:20:22,695] {dagbag.py:500} INFO - Filling up the DagBag from /home/airflow/.local/lib/python3.7/site-packages/airflow/example_dags/tutorial_etl_dag.py
[2022-05-16 01:20:22,742] {processor.py:652} INFO - DAG(s) dict_keys(['tutorial_etl_dag']) retrieved from /home/airflow/.local/lib/python3.7/site-packages/airflow/example_dags/tutorial_etl_dag.py
[2022-05-16 01:20:22,879] {logging_mixin.py:109} INFO - [2022-05-16 01:20:22,878] {dag.py:2398} INFO - Sync 1 DAGs
[2022-05-16 01:20:22,959] {logging_mixin.py:109} INFO - [2022-05-16 01:20:22,959] {dag.py:2937} INFO - Setting next_dagrun for tutorial_etl_dag to None
[2022-05-16 01:20:23,010] {processor.py:171} INFO - Processing /home/airflow/.local/lib/python3.7/site-packages/airflow/example_dags/tutorial_etl_dag.py took 0.349 seconds
[2022-05-16 01:50:35,155] {processor.py:163} INFO - Started process (PID=12584) to work on /home/airflow/.local/lib/python3.7/site-packages/airflow/example_dags/tutorial_etl_dag.py
[2022-05-16 01:50:35,165] {processor.py:642} INFO - Processing file /home/airflow/.local/lib/python3.7/site-packages/airflow/example_dags/tutorial_etl_dag.py for tasks to queue
[2022-05-16 01:50:35,170] {logging_mixin.py:109} INFO - [2022-05-16 01:50:35,170] {dagbag.py:500} INFO - Filling up the DagBag from /home/airflow/.local/lib/python3.7/site-packages/airflow/example_dags/tutorial_etl_dag.py
[2022-05-16 01:50:35,254] {processor.py:652} INFO - DAG(s) dict_keys(['tutorial_etl_dag']) retrieved from /home/airflow/.local/lib/python3.7/site-packages/airflow/example_dags/tutorial_etl_dag.py
[2022-05-16 01:50:35,406] {logging_mixin.py:109} INFO - [2022-05-16 01:50:35,405] {dag.py:2398} INFO - Sync 1 DAGs
[2022-05-16 01:50:35,492] {logging_mixin.py:109} INFO - [2022-05-16 01:50:35,492] {dag.py:2937} INFO - Setting next_dagrun for tutorial_etl_dag to None
[2022-05-16 01:50:35,538] {processor.py:171} INFO - Processing /home/airflow/.local/lib/python3.7/site-packages/airflow/example_dags/tutorial_etl_dag.py took 0.409 seconds
[2022-05-16 01:51:05,918] {processor.py:163} INFO - Started process (PID=12625) to work on /home/airflow/.local/lib/python3.7/site-packages/airflow/example_dags/tutorial_etl_dag.py
[2022-05-16 01:51:05,930] {processor.py:642} INFO - Processing file /home/airflow/.local/lib/python3.7/site-packages/airflow/example_dags/tutorial_etl_dag.py for tasks to queue
[2022-05-16 01:51:05,937] {logging_mixin.py:109} INFO - [2022-05-16 01:51:05,936] {dagbag.py:500} INFO - Filling up the DagBag from /home/airflow/.local/lib/python3.7/site-packages/airflow/example_dags/tutorial_etl_dag.py
[2022-05-16 01:51:06,040] {processor.py:652} INFO - DAG(s) dict_keys(['tutorial_etl_dag']) retrieved from /home/airflow/.local/lib/python3.7/site-packages/airflow/example_dags/tutorial_etl_dag.py
[2022-05-16 01:51:06,228] {logging_mixin.py:109} INFO - [2022-05-16 01:51:06,227] {dag.py:2398} INFO - Sync 1 DAGs
[2022-05-16 01:51:06,364] {logging_mixin.py:109} INFO - [2022-05-16 01:51:06,363] {dag.py:2937} INFO - Setting next_dagrun for tutorial_etl_dag to None
[2022-05-16 01:51:06,409] {processor.py:171} INFO - Processing /home/airflow/.local/lib/python3.7/site-packages/airflow/example_dags/tutorial_etl_dag.py took 0.527 seconds
[2022-05-16 01:51:36,892] {processor.py:163} INFO - Started process (PID=12675) to work on /home/airflow/.local/lib/python3.7/site-packages/airflow/example_dags/tutorial_etl_dag.py
[2022-05-16 01:51:36,902] {processor.py:642} INFO - Processing file /home/airflow/.local/lib/python3.7/site-packages/airflow/example_dags/tutorial_etl_dag.py for tasks to queue
[2022-05-16 01:51:36,908] {logging_mixin.py:109} INFO - [2022-05-16 01:51:36,908] {dagbag.py:500} INFO - Filling up the DagBag from /home/airflow/.local/lib/python3.7/site-packages/airflow/example_dags/tutorial_etl_dag.py
[2022-05-16 01:51:36,955] {processor.py:652} INFO - DAG(s) dict_keys(['tutorial_etl_dag']) retrieved from /home/airflow/.local/lib/python3.7/site-packages/airflow/example_dags/tutorial_etl_dag.py
[2022-05-16 01:51:37,055] {logging_mixin.py:109} INFO - [2022-05-16 01:51:37,054] {dag.py:2398} INFO - Sync 1 DAGs
[2022-05-16 01:51:37,155] {logging_mixin.py:109} INFO - [2022-05-16 01:51:37,155] {dag.py:2937} INFO - Setting next_dagrun for tutorial_etl_dag to None
[2022-05-16 01:51:37,197] {processor.py:171} INFO - Processing /home/airflow/.local/lib/python3.7/site-packages/airflow/example_dags/tutorial_etl_dag.py took 0.322 seconds
[2022-05-16 01:52:07,913] {processor.py:163} INFO - Started process (PID=12728) to work on /home/airflow/.local/lib/python3.7/site-packages/airflow/example_dags/tutorial_etl_dag.py
[2022-05-16 01:52:07,922] {processor.py:642} INFO - Processing file /home/airflow/.local/lib/python3.7/site-packages/airflow/example_dags/tutorial_etl_dag.py for tasks to queue
[2022-05-16 01:52:07,928] {logging_mixin.py:109} INFO - [2022-05-16 01:52:07,927] {dagbag.py:500} INFO - Filling up the DagBag from /home/airflow/.local/lib/python3.7/site-packages/airflow/example_dags/tutorial_etl_dag.py
[2022-05-16 01:52:07,970] {processor.py:652} INFO - DAG(s) dict_keys(['tutorial_etl_dag']) retrieved from /home/airflow/.local/lib/python3.7/site-packages/airflow/example_dags/tutorial_etl_dag.py
[2022-05-16 01:52:08,094] {logging_mixin.py:109} INFO - [2022-05-16 01:52:08,092] {dag.py:2398} INFO - Sync 1 DAGs
[2022-05-16 01:52:08,181] {logging_mixin.py:109} INFO - [2022-05-16 01:52:08,181] {dag.py:2937} INFO - Setting next_dagrun for tutorial_etl_dag to None
[2022-05-16 01:52:08,226] {processor.py:171} INFO - Processing /home/airflow/.local/lib/python3.7/site-packages/airflow/example_dags/tutorial_etl_dag.py took 0.335 seconds
[2022-05-16 01:52:38,524] {processor.py:163} INFO - Started process (PID=12771) to work on /home/airflow/.local/lib/python3.7/site-packages/airflow/example_dags/tutorial_etl_dag.py
[2022-05-16 01:52:38,533] {processor.py:642} INFO - Processing file /home/airflow/.local/lib/python3.7/site-packages/airflow/example_dags/tutorial_etl_dag.py for tasks to queue
[2022-05-16 01:52:38,538] {logging_mixin.py:109} INFO - [2022-05-16 01:52:38,537] {dagbag.py:500} INFO - Filling up the DagBag from /home/airflow/.local/lib/python3.7/site-packages/airflow/example_dags/tutorial_etl_dag.py
[2022-05-16 01:52:38,578] {processor.py:652} INFO - DAG(s) dict_keys(['tutorial_etl_dag']) retrieved from /home/airflow/.local/lib/python3.7/site-packages/airflow/example_dags/tutorial_etl_dag.py
[2022-05-16 01:52:38,692] {logging_mixin.py:109} INFO - [2022-05-16 01:52:38,692] {dag.py:2398} INFO - Sync 1 DAGs
[2022-05-16 01:52:38,789] {logging_mixin.py:109} INFO - [2022-05-16 01:52:38,788] {dag.py:2937} INFO - Setting next_dagrun for tutorial_etl_dag to None
[2022-05-16 01:52:38,843] {processor.py:171} INFO - Processing /home/airflow/.local/lib/python3.7/site-packages/airflow/example_dags/tutorial_etl_dag.py took 0.344 seconds
[2022-05-16 01:53:09,213] {processor.py:163} INFO - Started process (PID=12823) to work on /home/airflow/.local/lib/python3.7/site-packages/airflow/example_dags/tutorial_etl_dag.py
[2022-05-16 01:53:09,222] {processor.py:642} INFO - Processing file /home/airflow/.local/lib/python3.7/site-packages/airflow/example_dags/tutorial_etl_dag.py for tasks to queue
[2022-05-16 01:53:09,227] {logging_mixin.py:109} INFO - [2022-05-16 01:53:09,227] {dagbag.py:500} INFO - Filling up the DagBag from /home/airflow/.local/lib/python3.7/site-packages/airflow/example_dags/tutorial_etl_dag.py
[2022-05-16 01:53:09,274] {processor.py:652} INFO - DAG(s) dict_keys(['tutorial_etl_dag']) retrieved from /home/airflow/.local/lib/python3.7/site-packages/airflow/example_dags/tutorial_etl_dag.py
[2022-05-16 01:53:09,437] {logging_mixin.py:109} INFO - [2022-05-16 01:53:09,436] {dag.py:2398} INFO - Sync 1 DAGs
[2022-05-16 01:53:09,536] {logging_mixin.py:109} INFO - [2022-05-16 01:53:09,536] {dag.py:2937} INFO - Setting next_dagrun for tutorial_etl_dag to None
[2022-05-16 01:53:09,586] {processor.py:171} INFO - Processing /home/airflow/.local/lib/python3.7/site-packages/airflow/example_dags/tutorial_etl_dag.py took 0.407 seconds
[2022-05-16 01:53:40,210] {processor.py:163} INFO - Started process (PID=12865) to work on /home/airflow/.local/lib/python3.7/site-packages/airflow/example_dags/tutorial_etl_dag.py
[2022-05-16 01:53:40,228] {processor.py:642} INFO - Processing file /home/airflow/.local/lib/python3.7/site-packages/airflow/example_dags/tutorial_etl_dag.py for tasks to queue
[2022-05-16 01:53:40,234] {logging_mixin.py:109} INFO - [2022-05-16 01:53:40,234] {dagbag.py:500} INFO - Filling up the DagBag from /home/airflow/.local/lib/python3.7/site-packages/airflow/example_dags/tutorial_etl_dag.py
[2022-05-16 01:53:40,279] {processor.py:652} INFO - DAG(s) dict_keys(['tutorial_etl_dag']) retrieved from /home/airflow/.local/lib/python3.7/site-packages/airflow/example_dags/tutorial_etl_dag.py
[2022-05-16 01:53:40,402] {logging_mixin.py:109} INFO - [2022-05-16 01:53:40,400] {dag.py:2398} INFO - Sync 1 DAGs
[2022-05-16 01:53:40,493] {logging_mixin.py:109} INFO - [2022-05-16 01:53:40,493] {dag.py:2937} INFO - Setting next_dagrun for tutorial_etl_dag to None
[2022-05-16 01:53:40,560] {processor.py:171} INFO - Processing /home/airflow/.local/lib/python3.7/site-packages/airflow/example_dags/tutorial_etl_dag.py took 0.377 seconds
[2022-05-16 01:54:11,041] {processor.py:163} INFO - Started process (PID=12917) to work on /home/airflow/.local/lib/python3.7/site-packages/airflow/example_dags/tutorial_etl_dag.py
[2022-05-16 01:54:11,062] {processor.py:642} INFO - Processing file /home/airflow/.local/lib/python3.7/site-packages/airflow/example_dags/tutorial_etl_dag.py for tasks to queue
[2022-05-16 01:54:11,071] {logging_mixin.py:109} INFO - [2022-05-16 01:54:11,070] {dagbag.py:500} INFO - Filling up the DagBag from /home/airflow/.local/lib/python3.7/site-packages/airflow/example_dags/tutorial_etl_dag.py
[2022-05-16 01:54:11,132] {processor.py:652} INFO - DAG(s) dict_keys(['tutorial_etl_dag']) retrieved from /home/airflow/.local/lib/python3.7/site-packages/airflow/example_dags/tutorial_etl_dag.py
[2022-05-16 01:54:11,258] {logging_mixin.py:109} INFO - [2022-05-16 01:54:11,257] {dag.py:2398} INFO - Sync 1 DAGs
[2022-05-16 01:54:11,358] {logging_mixin.py:109} INFO - [2022-05-16 01:54:11,357] {dag.py:2937} INFO - Setting next_dagrun for tutorial_etl_dag to None
[2022-05-16 01:54:11,403] {processor.py:171} INFO - Processing /home/airflow/.local/lib/python3.7/site-packages/airflow/example_dags/tutorial_etl_dag.py took 0.480 seconds
[2022-05-16 01:54:41,639] {processor.py:163} INFO - Started process (PID=12960) to work on /home/airflow/.local/lib/python3.7/site-packages/airflow/example_dags/tutorial_etl_dag.py
[2022-05-16 01:54:41,649] {processor.py:642} INFO - Processing file /home/airflow/.local/lib/python3.7/site-packages/airflow/example_dags/tutorial_etl_dag.py for tasks to queue
[2022-05-16 01:54:41,654] {logging_mixin.py:109} INFO - [2022-05-16 01:54:41,653] {dagbag.py:500} INFO - Filling up the DagBag from /home/airflow/.local/lib/python3.7/site-packages/airflow/example_dags/tutorial_etl_dag.py
[2022-05-16 01:54:41,693] {processor.py:652} INFO - DAG(s) dict_keys(['tutorial_etl_dag']) retrieved from /home/airflow/.local/lib/python3.7/site-packages/airflow/example_dags/tutorial_etl_dag.py
[2022-05-16 01:54:41,832] {logging_mixin.py:109} INFO - [2022-05-16 01:54:41,831] {dag.py:2398} INFO - Sync 1 DAGs
[2022-05-16 01:54:41,931] {logging_mixin.py:109} INFO - [2022-05-16 01:54:41,930] {dag.py:2937} INFO - Setting next_dagrun for tutorial_etl_dag to None
[2022-05-16 01:54:41,985] {processor.py:171} INFO - Processing /home/airflow/.local/lib/python3.7/site-packages/airflow/example_dags/tutorial_etl_dag.py took 0.362 seconds
[2022-05-16 01:55:12,520] {processor.py:163} INFO - Started process (PID=13013) to work on /home/airflow/.local/lib/python3.7/site-packages/airflow/example_dags/tutorial_etl_dag.py
[2022-05-16 01:55:12,532] {processor.py:642} INFO - Processing file /home/airflow/.local/lib/python3.7/site-packages/airflow/example_dags/tutorial_etl_dag.py for tasks to queue
[2022-05-16 01:55:12,541] {logging_mixin.py:109} INFO - [2022-05-16 01:55:12,540] {dagbag.py:500} INFO - Filling up the DagBag from /home/airflow/.local/lib/python3.7/site-packages/airflow/example_dags/tutorial_etl_dag.py
[2022-05-16 01:55:12,579] {processor.py:652} INFO - DAG(s) dict_keys(['tutorial_etl_dag']) retrieved from /home/airflow/.local/lib/python3.7/site-packages/airflow/example_dags/tutorial_etl_dag.py
[2022-05-16 01:55:12,677] {logging_mixin.py:109} INFO - [2022-05-16 01:55:12,677] {dag.py:2398} INFO - Sync 1 DAGs
[2022-05-16 01:55:12,752] {logging_mixin.py:109} INFO - [2022-05-16 01:55:12,752] {dag.py:2937} INFO - Setting next_dagrun for tutorial_etl_dag to None
[2022-05-16 01:55:12,797] {processor.py:171} INFO - Processing /home/airflow/.local/lib/python3.7/site-packages/airflow/example_dags/tutorial_etl_dag.py took 0.300 seconds
[2022-05-16 01:55:43,486] {processor.py:163} INFO - Started process (PID=13064) to work on /home/airflow/.local/lib/python3.7/site-packages/airflow/example_dags/tutorial_etl_dag.py
[2022-05-16 01:55:43,496] {processor.py:642} INFO - Processing file /home/airflow/.local/lib/python3.7/site-packages/airflow/example_dags/tutorial_etl_dag.py for tasks to queue
[2022-05-16 01:55:43,505] {logging_mixin.py:109} INFO - [2022-05-16 01:55:43,504] {dagbag.py:500} INFO - Filling up the DagBag from /home/airflow/.local/lib/python3.7/site-packages/airflow/example_dags/tutorial_etl_dag.py
[2022-05-16 01:55:43,550] {processor.py:652} INFO - DAG(s) dict_keys(['tutorial_etl_dag']) retrieved from /home/airflow/.local/lib/python3.7/site-packages/airflow/example_dags/tutorial_etl_dag.py
[2022-05-16 01:55:43,664] {logging_mixin.py:109} INFO - [2022-05-16 01:55:43,663] {dag.py:2398} INFO - Sync 1 DAGs
[2022-05-16 01:55:43,740] {logging_mixin.py:109} INFO - [2022-05-16 01:55:43,740] {dag.py:2937} INFO - Setting next_dagrun for tutorial_etl_dag to None
[2022-05-16 01:55:43,793] {processor.py:171} INFO - Processing /home/airflow/.local/lib/python3.7/site-packages/airflow/example_dags/tutorial_etl_dag.py took 0.329 seconds
[2022-05-16 01:56:14,097] {processor.py:163} INFO - Started process (PID=13110) to work on /home/airflow/.local/lib/python3.7/site-packages/airflow/example_dags/tutorial_etl_dag.py
[2022-05-16 01:56:14,108] {processor.py:642} INFO - Processing file /home/airflow/.local/lib/python3.7/site-packages/airflow/example_dags/tutorial_etl_dag.py for tasks to queue
[2022-05-16 01:56:14,116] {logging_mixin.py:109} INFO - [2022-05-16 01:56:14,114] {dagbag.py:500} INFO - Filling up the DagBag from /home/airflow/.local/lib/python3.7/site-packages/airflow/example_dags/tutorial_etl_dag.py
[2022-05-16 01:56:14,159] {processor.py:652} INFO - DAG(s) dict_keys(['tutorial_etl_dag']) retrieved from /home/airflow/.local/lib/python3.7/site-packages/airflow/example_dags/tutorial_etl_dag.py
[2022-05-16 01:56:14,272] {logging_mixin.py:109} INFO - [2022-05-16 01:56:14,271] {dag.py:2398} INFO - Sync 1 DAGs
[2022-05-16 01:56:14,356] {logging_mixin.py:109} INFO - [2022-05-16 01:56:14,356] {dag.py:2937} INFO - Setting next_dagrun for tutorial_etl_dag to None
[2022-05-16 01:56:14,410] {processor.py:171} INFO - Processing /home/airflow/.local/lib/python3.7/site-packages/airflow/example_dags/tutorial_etl_dag.py took 0.334 seconds
[2022-05-16 01:56:44,716] {processor.py:163} INFO - Started process (PID=13163) to work on /home/airflow/.local/lib/python3.7/site-packages/airflow/example_dags/tutorial_etl_dag.py
[2022-05-16 01:56:44,725] {processor.py:642} INFO - Processing file /home/airflow/.local/lib/python3.7/site-packages/airflow/example_dags/tutorial_etl_dag.py for tasks to queue
[2022-05-16 01:56:44,730] {logging_mixin.py:109} INFO - [2022-05-16 01:56:44,730] {dagbag.py:500} INFO - Filling up the DagBag from /home/airflow/.local/lib/python3.7/site-packages/airflow/example_dags/tutorial_etl_dag.py
[2022-05-16 01:56:44,778] {processor.py:652} INFO - DAG(s) dict_keys(['tutorial_etl_dag']) retrieved from /home/airflow/.local/lib/python3.7/site-packages/airflow/example_dags/tutorial_etl_dag.py
[2022-05-16 01:56:44,881] {logging_mixin.py:109} INFO - [2022-05-16 01:56:44,881] {dag.py:2398} INFO - Sync 1 DAGs
[2022-05-16 01:56:44,962] {logging_mixin.py:109} INFO - [2022-05-16 01:56:44,962] {dag.py:2937} INFO - Setting next_dagrun for tutorial_etl_dag to None
[2022-05-16 01:56:45,015] {processor.py:171} INFO - Processing /home/airflow/.local/lib/python3.7/site-packages/airflow/example_dags/tutorial_etl_dag.py took 0.321 seconds
[2022-05-16 01:57:15,291] {processor.py:163} INFO - Started process (PID=13205) to work on /home/airflow/.local/lib/python3.7/site-packages/airflow/example_dags/tutorial_etl_dag.py
[2022-05-16 01:57:15,299] {processor.py:642} INFO - Processing file /home/airflow/.local/lib/python3.7/site-packages/airflow/example_dags/tutorial_etl_dag.py for tasks to queue
[2022-05-16 01:57:15,309] {logging_mixin.py:109} INFO - [2022-05-16 01:57:15,308] {dagbag.py:500} INFO - Filling up the DagBag from /home/airflow/.local/lib/python3.7/site-packages/airflow/example_dags/tutorial_etl_dag.py
[2022-05-16 01:57:15,353] {processor.py:652} INFO - DAG(s) dict_keys(['tutorial_etl_dag']) retrieved from /home/airflow/.local/lib/python3.7/site-packages/airflow/example_dags/tutorial_etl_dag.py
[2022-05-16 01:57:15,454] {logging_mixin.py:109} INFO - [2022-05-16 01:57:15,453] {dag.py:2398} INFO - Sync 1 DAGs
[2022-05-16 01:57:15,527] {logging_mixin.py:109} INFO - [2022-05-16 01:57:15,527] {dag.py:2937} INFO - Setting next_dagrun for tutorial_etl_dag to None
[2022-05-16 01:57:15,573] {processor.py:171} INFO - Processing /home/airflow/.local/lib/python3.7/site-packages/airflow/example_dags/tutorial_etl_dag.py took 0.307 seconds
[2022-05-16 01:57:46,072] {processor.py:163} INFO - Started process (PID=13258) to work on /home/airflow/.local/lib/python3.7/site-packages/airflow/example_dags/tutorial_etl_dag.py
[2022-05-16 01:57:46,084] {processor.py:642} INFO - Processing file /home/airflow/.local/lib/python3.7/site-packages/airflow/example_dags/tutorial_etl_dag.py for tasks to queue
[2022-05-16 01:57:46,091] {logging_mixin.py:109} INFO - [2022-05-16 01:57:46,090] {dagbag.py:500} INFO - Filling up the DagBag from /home/airflow/.local/lib/python3.7/site-packages/airflow/example_dags/tutorial_etl_dag.py
[2022-05-16 01:57:46,152] {processor.py:652} INFO - DAG(s) dict_keys(['tutorial_etl_dag']) retrieved from /home/airflow/.local/lib/python3.7/site-packages/airflow/example_dags/tutorial_etl_dag.py
[2022-05-16 01:57:46,280] {logging_mixin.py:109} INFO - [2022-05-16 01:57:46,280] {dag.py:2398} INFO - Sync 1 DAGs
[2022-05-16 01:57:46,374] {logging_mixin.py:109} INFO - [2022-05-16 01:57:46,374] {dag.py:2937} INFO - Setting next_dagrun for tutorial_etl_dag to None
[2022-05-16 01:57:46,427] {processor.py:171} INFO - Processing /home/airflow/.local/lib/python3.7/site-packages/airflow/example_dags/tutorial_etl_dag.py took 0.402 seconds
[2022-05-16 01:58:17,212] {processor.py:163} INFO - Started process (PID=13301) to work on /home/airflow/.local/lib/python3.7/site-packages/airflow/example_dags/tutorial_etl_dag.py
[2022-05-16 01:58:17,224] {processor.py:642} INFO - Processing file /home/airflow/.local/lib/python3.7/site-packages/airflow/example_dags/tutorial_etl_dag.py for tasks to queue
[2022-05-16 01:58:17,230] {logging_mixin.py:109} INFO - [2022-05-16 01:58:17,230] {dagbag.py:500} INFO - Filling up the DagBag from /home/airflow/.local/lib/python3.7/site-packages/airflow/example_dags/tutorial_etl_dag.py
[2022-05-16 01:58:17,276] {processor.py:652} INFO - DAG(s) dict_keys(['tutorial_etl_dag']) retrieved from /home/airflow/.local/lib/python3.7/site-packages/airflow/example_dags/tutorial_etl_dag.py
[2022-05-16 01:58:17,426] {logging_mixin.py:109} INFO - [2022-05-16 01:58:17,426] {dag.py:2398} INFO - Sync 1 DAGs
[2022-05-16 01:58:17,512] {logging_mixin.py:109} INFO - [2022-05-16 01:58:17,511] {dag.py:2937} INFO - Setting next_dagrun for tutorial_etl_dag to None
[2022-05-16 01:58:17,585] {processor.py:171} INFO - Processing /home/airflow/.local/lib/python3.7/site-packages/airflow/example_dags/tutorial_etl_dag.py took 0.400 seconds
[2022-05-16 01:58:48,224] {processor.py:163} INFO - Started process (PID=13352) to work on /home/airflow/.local/lib/python3.7/site-packages/airflow/example_dags/tutorial_etl_dag.py
[2022-05-16 01:58:48,233] {processor.py:642} INFO - Processing file /home/airflow/.local/lib/python3.7/site-packages/airflow/example_dags/tutorial_etl_dag.py for tasks to queue
[2022-05-16 01:58:48,239] {logging_mixin.py:109} INFO - [2022-05-16 01:58:48,238] {dagbag.py:500} INFO - Filling up the DagBag from /home/airflow/.local/lib/python3.7/site-packages/airflow/example_dags/tutorial_etl_dag.py
[2022-05-16 01:58:48,280] {processor.py:652} INFO - DAG(s) dict_keys(['tutorial_etl_dag']) retrieved from /home/airflow/.local/lib/python3.7/site-packages/airflow/example_dags/tutorial_etl_dag.py
[2022-05-16 01:58:48,407] {logging_mixin.py:109} INFO - [2022-05-16 01:58:48,406] {dag.py:2398} INFO - Sync 1 DAGs
[2022-05-16 01:58:48,488] {logging_mixin.py:109} INFO - [2022-05-16 01:58:48,487] {dag.py:2937} INFO - Setting next_dagrun for tutorial_etl_dag to None
[2022-05-16 01:58:48,540] {processor.py:171} INFO - Processing /home/airflow/.local/lib/python3.7/site-packages/airflow/example_dags/tutorial_etl_dag.py took 0.338 seconds
[2022-05-16 01:59:18,892] {processor.py:163} INFO - Started process (PID=13403) to work on /home/airflow/.local/lib/python3.7/site-packages/airflow/example_dags/tutorial_etl_dag.py
[2022-05-16 01:59:18,901] {processor.py:642} INFO - Processing file /home/airflow/.local/lib/python3.7/site-packages/airflow/example_dags/tutorial_etl_dag.py for tasks to queue
[2022-05-16 01:59:18,908] {logging_mixin.py:109} INFO - [2022-05-16 01:59:18,907] {dagbag.py:500} INFO - Filling up the DagBag from /home/airflow/.local/lib/python3.7/site-packages/airflow/example_dags/tutorial_etl_dag.py
[2022-05-16 01:59:18,952] {processor.py:652} INFO - DAG(s) dict_keys(['tutorial_etl_dag']) retrieved from /home/airflow/.local/lib/python3.7/site-packages/airflow/example_dags/tutorial_etl_dag.py
[2022-05-16 01:59:19,059] {logging_mixin.py:109} INFO - [2022-05-16 01:59:19,058] {dag.py:2398} INFO - Sync 1 DAGs
[2022-05-16 01:59:19,153] {logging_mixin.py:109} INFO - [2022-05-16 01:59:19,153] {dag.py:2937} INFO - Setting next_dagrun for tutorial_etl_dag to None
[2022-05-16 01:59:19,197] {processor.py:171} INFO - Processing /home/airflow/.local/lib/python3.7/site-packages/airflow/example_dags/tutorial_etl_dag.py took 0.334 seconds
[2022-05-16 01:59:49,565] {processor.py:163} INFO - Started process (PID=13446) to work on /home/airflow/.local/lib/python3.7/site-packages/airflow/example_dags/tutorial_etl_dag.py
[2022-05-16 01:59:49,576] {processor.py:642} INFO - Processing file /home/airflow/.local/lib/python3.7/site-packages/airflow/example_dags/tutorial_etl_dag.py for tasks to queue
[2022-05-16 01:59:49,582] {logging_mixin.py:109} INFO - [2022-05-16 01:59:49,581] {dagbag.py:500} INFO - Filling up the DagBag from /home/airflow/.local/lib/python3.7/site-packages/airflow/example_dags/tutorial_etl_dag.py
[2022-05-16 01:59:49,630] {processor.py:652} INFO - DAG(s) dict_keys(['tutorial_etl_dag']) retrieved from /home/airflow/.local/lib/python3.7/site-packages/airflow/example_dags/tutorial_etl_dag.py
[2022-05-16 01:59:49,742] {logging_mixin.py:109} INFO - [2022-05-16 01:59:49,741] {dag.py:2398} INFO - Sync 1 DAGs
[2022-05-16 01:59:49,832] {logging_mixin.py:109} INFO - [2022-05-16 01:59:49,832] {dag.py:2937} INFO - Setting next_dagrun for tutorial_etl_dag to None
[2022-05-16 01:59:49,883] {processor.py:171} INFO - Processing /home/airflow/.local/lib/python3.7/site-packages/airflow/example_dags/tutorial_etl_dag.py took 0.339 seconds
[2022-05-16 02:00:20,986] {processor.py:163} INFO - Started process (PID=13497) to work on /home/airflow/.local/lib/python3.7/site-packages/airflow/example_dags/tutorial_etl_dag.py
[2022-05-16 02:00:20,997] {processor.py:642} INFO - Processing file /home/airflow/.local/lib/python3.7/site-packages/airflow/example_dags/tutorial_etl_dag.py for tasks to queue
[2022-05-16 02:00:21,005] {logging_mixin.py:109} INFO - [2022-05-16 02:00:21,004] {dagbag.py:500} INFO - Filling up the DagBag from /home/airflow/.local/lib/python3.7/site-packages/airflow/example_dags/tutorial_etl_dag.py
[2022-05-16 02:00:21,075] {processor.py:652} INFO - DAG(s) dict_keys(['tutorial_etl_dag']) retrieved from /home/airflow/.local/lib/python3.7/site-packages/airflow/example_dags/tutorial_etl_dag.py
[2022-05-16 02:00:21,211] {logging_mixin.py:109} INFO - [2022-05-16 02:00:21,210] {dag.py:2398} INFO - Sync 1 DAGs
[2022-05-16 02:00:21,311] {logging_mixin.py:109} INFO - [2022-05-16 02:00:21,310] {dag.py:2937} INFO - Setting next_dagrun for tutorial_etl_dag to None
[2022-05-16 02:00:21,365] {processor.py:171} INFO - Processing /home/airflow/.local/lib/python3.7/site-packages/airflow/example_dags/tutorial_etl_dag.py took 0.405 seconds
[2022-05-16 02:29:24,351] {processor.py:163} INFO - Started process (PID=13518) to work on /home/airflow/.local/lib/python3.7/site-packages/airflow/example_dags/tutorial_etl_dag.py
[2022-05-16 02:29:24,370] {processor.py:642} INFO - Processing file /home/airflow/.local/lib/python3.7/site-packages/airflow/example_dags/tutorial_etl_dag.py for tasks to queue
[2022-05-16 02:29:24,380] {logging_mixin.py:109} INFO - [2022-05-16 02:29:24,380] {dagbag.py:500} INFO - Filling up the DagBag from /home/airflow/.local/lib/python3.7/site-packages/airflow/example_dags/tutorial_etl_dag.py
[2022-05-16 02:29:24,410] {processor.py:652} INFO - DAG(s) dict_keys(['tutorial_etl_dag']) retrieved from /home/airflow/.local/lib/python3.7/site-packages/airflow/example_dags/tutorial_etl_dag.py
[2022-05-16 02:29:24,459] {logging_mixin.py:109} INFO - [2022-05-16 02:29:24,458] {dag.py:2398} INFO - Sync 1 DAGs
[2022-05-16 02:29:24,503] {logging_mixin.py:109} INFO - [2022-05-16 02:29:24,502] {dag.py:2937} INFO - Setting next_dagrun for tutorial_etl_dag to None
[2022-05-16 02:29:24,550] {processor.py:171} INFO - Processing /home/airflow/.local/lib/python3.7/site-packages/airflow/example_dags/tutorial_etl_dag.py took 0.209 seconds
[2022-05-16 02:29:54,729] {processor.py:163} INFO - Started process (PID=13570) to work on /home/airflow/.local/lib/python3.7/site-packages/airflow/example_dags/tutorial_etl_dag.py
[2022-05-16 02:29:54,731] {processor.py:642} INFO - Processing file /home/airflow/.local/lib/python3.7/site-packages/airflow/example_dags/tutorial_etl_dag.py for tasks to queue
[2022-05-16 02:29:54,733] {logging_mixin.py:109} INFO - [2022-05-16 02:29:54,732] {dagbag.py:500} INFO - Filling up the DagBag from /home/airflow/.local/lib/python3.7/site-packages/airflow/example_dags/tutorial_etl_dag.py
[2022-05-16 02:29:54,838] {processor.py:652} INFO - DAG(s) dict_keys(['tutorial_etl_dag']) retrieved from /home/airflow/.local/lib/python3.7/site-packages/airflow/example_dags/tutorial_etl_dag.py
[2022-05-16 02:29:54,859] {logging_mixin.py:109} INFO - [2022-05-16 02:29:54,859] {dag.py:2398} INFO - Sync 1 DAGs
[2022-05-16 02:29:54,874] {logging_mixin.py:109} INFO - [2022-05-16 02:29:54,874] {dag.py:2937} INFO - Setting next_dagrun for tutorial_etl_dag to None
[2022-05-16 02:29:54,885] {processor.py:171} INFO - Processing /home/airflow/.local/lib/python3.7/site-packages/airflow/example_dags/tutorial_etl_dag.py took 0.160 seconds
[2022-05-16 02:30:25,154] {processor.py:163} INFO - Started process (PID=13622) to work on /home/airflow/.local/lib/python3.7/site-packages/airflow/example_dags/tutorial_etl_dag.py
[2022-05-16 02:30:25,156] {processor.py:642} INFO - Processing file /home/airflow/.local/lib/python3.7/site-packages/airflow/example_dags/tutorial_etl_dag.py for tasks to queue
[2022-05-16 02:30:25,158] {logging_mixin.py:109} INFO - [2022-05-16 02:30:25,158] {dagbag.py:500} INFO - Filling up the DagBag from /home/airflow/.local/lib/python3.7/site-packages/airflow/example_dags/tutorial_etl_dag.py
[2022-05-16 02:30:25,280] {processor.py:652} INFO - DAG(s) dict_keys(['tutorial_etl_dag']) retrieved from /home/airflow/.local/lib/python3.7/site-packages/airflow/example_dags/tutorial_etl_dag.py
[2022-05-16 02:30:25,314] {logging_mixin.py:109} INFO - [2022-05-16 02:30:25,314] {dag.py:2398} INFO - Sync 1 DAGs
[2022-05-16 02:30:25,334] {logging_mixin.py:109} INFO - [2022-05-16 02:30:25,334] {dag.py:2937} INFO - Setting next_dagrun for tutorial_etl_dag to None
[2022-05-16 02:30:25,344] {processor.py:171} INFO - Processing /home/airflow/.local/lib/python3.7/site-packages/airflow/example_dags/tutorial_etl_dag.py took 0.196 seconds
[2022-05-16 02:30:55,996] {processor.py:163} INFO - Started process (PID=13683) to work on /home/airflow/.local/lib/python3.7/site-packages/airflow/example_dags/tutorial_etl_dag.py
[2022-05-16 02:30:55,998] {processor.py:642} INFO - Processing file /home/airflow/.local/lib/python3.7/site-packages/airflow/example_dags/tutorial_etl_dag.py for tasks to queue
[2022-05-16 02:30:56,000] {logging_mixin.py:109} INFO - [2022-05-16 02:30:56,000] {dagbag.py:500} INFO - Filling up the DagBag from /home/airflow/.local/lib/python3.7/site-packages/airflow/example_dags/tutorial_etl_dag.py
[2022-05-16 02:30:56,008] {processor.py:652} INFO - DAG(s) dict_keys(['tutorial_etl_dag']) retrieved from /home/airflow/.local/lib/python3.7/site-packages/airflow/example_dags/tutorial_etl_dag.py
[2022-05-16 02:30:56,032] {logging_mixin.py:109} INFO - [2022-05-16 02:30:56,032] {dag.py:2398} INFO - Sync 1 DAGs
[2022-05-16 02:30:56,048] {logging_mixin.py:109} INFO - [2022-05-16 02:30:56,048] {dag.py:2937} INFO - Setting next_dagrun for tutorial_etl_dag to None
[2022-05-16 02:30:56,058] {processor.py:171} INFO - Processing /home/airflow/.local/lib/python3.7/site-packages/airflow/example_dags/tutorial_etl_dag.py took 0.066 seconds
[2022-05-16 02:31:26,120] {processor.py:163} INFO - Started process (PID=13734) to work on /home/airflow/.local/lib/python3.7/site-packages/airflow/example_dags/tutorial_etl_dag.py
[2022-05-16 02:31:26,123] {processor.py:642} INFO - Processing file /home/airflow/.local/lib/python3.7/site-packages/airflow/example_dags/tutorial_etl_dag.py for tasks to queue
[2022-05-16 02:31:26,124] {logging_mixin.py:109} INFO - [2022-05-16 02:31:26,124] {dagbag.py:500} INFO - Filling up the DagBag from /home/airflow/.local/lib/python3.7/site-packages/airflow/example_dags/tutorial_etl_dag.py
[2022-05-16 02:31:26,132] {processor.py:652} INFO - DAG(s) dict_keys(['tutorial_etl_dag']) retrieved from /home/airflow/.local/lib/python3.7/site-packages/airflow/example_dags/tutorial_etl_dag.py
[2022-05-16 02:31:26,153] {logging_mixin.py:109} INFO - [2022-05-16 02:31:26,152] {dag.py:2398} INFO - Sync 1 DAGs
[2022-05-16 02:31:26,169] {logging_mixin.py:109} INFO - [2022-05-16 02:31:26,168] {dag.py:2937} INFO - Setting next_dagrun for tutorial_etl_dag to None
[2022-05-16 02:31:26,178] {processor.py:171} INFO - Processing /home/airflow/.local/lib/python3.7/site-packages/airflow/example_dags/tutorial_etl_dag.py took 0.061 seconds
[2022-05-16 02:31:56,641] {processor.py:163} INFO - Started process (PID=13795) to work on /home/airflow/.local/lib/python3.7/site-packages/airflow/example_dags/tutorial_etl_dag.py
[2022-05-16 02:31:56,643] {processor.py:642} INFO - Processing file /home/airflow/.local/lib/python3.7/site-packages/airflow/example_dags/tutorial_etl_dag.py for tasks to queue
[2022-05-16 02:31:56,644] {logging_mixin.py:109} INFO - [2022-05-16 02:31:56,644] {dagbag.py:500} INFO - Filling up the DagBag from /home/airflow/.local/lib/python3.7/site-packages/airflow/example_dags/tutorial_etl_dag.py
[2022-05-16 02:31:56,654] {processor.py:652} INFO - DAG(s) dict_keys(['tutorial_etl_dag']) retrieved from /home/airflow/.local/lib/python3.7/site-packages/airflow/example_dags/tutorial_etl_dag.py
[2022-05-16 02:31:56,680] {logging_mixin.py:109} INFO - [2022-05-16 02:31:56,680] {dag.py:2398} INFO - Sync 1 DAGs
[2022-05-16 02:31:56,697] {logging_mixin.py:109} INFO - [2022-05-16 02:31:56,697] {dag.py:2937} INFO - Setting next_dagrun for tutorial_etl_dag to None
[2022-05-16 02:31:56,708] {processor.py:171} INFO - Processing /home/airflow/.local/lib/python3.7/site-packages/airflow/example_dags/tutorial_etl_dag.py took 0.071 seconds
[2022-05-16 02:32:26,975] {processor.py:163} INFO - Started process (PID=13846) to work on /home/airflow/.local/lib/python3.7/site-packages/airflow/example_dags/tutorial_etl_dag.py
[2022-05-16 02:32:26,977] {processor.py:642} INFO - Processing file /home/airflow/.local/lib/python3.7/site-packages/airflow/example_dags/tutorial_etl_dag.py for tasks to queue
[2022-05-16 02:32:26,979] {logging_mixin.py:109} INFO - [2022-05-16 02:32:26,979] {dagbag.py:500} INFO - Filling up the DagBag from /home/airflow/.local/lib/python3.7/site-packages/airflow/example_dags/tutorial_etl_dag.py
[2022-05-16 02:32:26,988] {processor.py:652} INFO - DAG(s) dict_keys(['tutorial_etl_dag']) retrieved from /home/airflow/.local/lib/python3.7/site-packages/airflow/example_dags/tutorial_etl_dag.py
[2022-05-16 02:32:27,012] {logging_mixin.py:109} INFO - [2022-05-16 02:32:27,012] {dag.py:2398} INFO - Sync 1 DAGs
[2022-05-16 02:32:27,029] {logging_mixin.py:109} INFO - [2022-05-16 02:32:27,028] {dag.py:2937} INFO - Setting next_dagrun for tutorial_etl_dag to None
[2022-05-16 02:32:27,037] {processor.py:171} INFO - Processing /home/airflow/.local/lib/python3.7/site-packages/airflow/example_dags/tutorial_etl_dag.py took 0.066 seconds
[2022-05-16 02:32:57,267] {processor.py:163} INFO - Started process (PID=13909) to work on /home/airflow/.local/lib/python3.7/site-packages/airflow/example_dags/tutorial_etl_dag.py
[2022-05-16 02:32:57,270] {processor.py:642} INFO - Processing file /home/airflow/.local/lib/python3.7/site-packages/airflow/example_dags/tutorial_etl_dag.py for tasks to queue
[2022-05-16 02:32:57,272] {logging_mixin.py:109} INFO - [2022-05-16 02:32:57,271] {dagbag.py:500} INFO - Filling up the DagBag from /home/airflow/.local/lib/python3.7/site-packages/airflow/example_dags/tutorial_etl_dag.py
[2022-05-16 02:32:57,280] {processor.py:652} INFO - DAG(s) dict_keys(['tutorial_etl_dag']) retrieved from /home/airflow/.local/lib/python3.7/site-packages/airflow/example_dags/tutorial_etl_dag.py
[2022-05-16 02:32:57,302] {logging_mixin.py:109} INFO - [2022-05-16 02:32:57,301] {dag.py:2398} INFO - Sync 1 DAGs
[2022-05-16 02:32:57,320] {logging_mixin.py:109} INFO - [2022-05-16 02:32:57,320] {dag.py:2937} INFO - Setting next_dagrun for tutorial_etl_dag to None
[2022-05-16 02:32:57,331] {processor.py:171} INFO - Processing /home/airflow/.local/lib/python3.7/site-packages/airflow/example_dags/tutorial_etl_dag.py took 0.068 seconds
[2022-05-16 02:33:27,978] {processor.py:163} INFO - Started process (PID=13970) to work on /home/airflow/.local/lib/python3.7/site-packages/airflow/example_dags/tutorial_etl_dag.py
[2022-05-16 02:33:27,980] {processor.py:642} INFO - Processing file /home/airflow/.local/lib/python3.7/site-packages/airflow/example_dags/tutorial_etl_dag.py for tasks to queue
[2022-05-16 02:33:27,981] {logging_mixin.py:109} INFO - [2022-05-16 02:33:27,981] {dagbag.py:500} INFO - Filling up the DagBag from /home/airflow/.local/lib/python3.7/site-packages/airflow/example_dags/tutorial_etl_dag.py
[2022-05-16 02:33:27,990] {processor.py:652} INFO - DAG(s) dict_keys(['tutorial_etl_dag']) retrieved from /home/airflow/.local/lib/python3.7/site-packages/airflow/example_dags/tutorial_etl_dag.py
[2022-05-16 02:33:28,013] {logging_mixin.py:109} INFO - [2022-05-16 02:33:28,013] {dag.py:2398} INFO - Sync 1 DAGs
[2022-05-16 02:33:28,038] {logging_mixin.py:109} INFO - [2022-05-16 02:33:28,038] {dag.py:2937} INFO - Setting next_dagrun for tutorial_etl_dag to None
[2022-05-16 02:33:28,048] {processor.py:171} INFO - Processing /home/airflow/.local/lib/python3.7/site-packages/airflow/example_dags/tutorial_etl_dag.py took 0.073 seconds
[2022-05-16 02:33:58,082] {processor.py:163} INFO - Started process (PID=14020) to work on /home/airflow/.local/lib/python3.7/site-packages/airflow/example_dags/tutorial_etl_dag.py
[2022-05-16 02:33:58,084] {processor.py:642} INFO - Processing file /home/airflow/.local/lib/python3.7/site-packages/airflow/example_dags/tutorial_etl_dag.py for tasks to queue
[2022-05-16 02:33:58,086] {logging_mixin.py:109} INFO - [2022-05-16 02:33:58,086] {dagbag.py:500} INFO - Filling up the DagBag from /home/airflow/.local/lib/python3.7/site-packages/airflow/example_dags/tutorial_etl_dag.py
[2022-05-16 02:33:58,096] {processor.py:652} INFO - DAG(s) dict_keys(['tutorial_etl_dag']) retrieved from /home/airflow/.local/lib/python3.7/site-packages/airflow/example_dags/tutorial_etl_dag.py
[2022-05-16 02:33:58,118] {logging_mixin.py:109} INFO - [2022-05-16 02:33:58,118] {dag.py:2398} INFO - Sync 1 DAGs
[2022-05-16 02:33:58,134] {logging_mixin.py:109} INFO - [2022-05-16 02:33:58,134] {dag.py:2937} INFO - Setting next_dagrun for tutorial_etl_dag to None
[2022-05-16 02:33:58,145] {processor.py:171} INFO - Processing /home/airflow/.local/lib/python3.7/site-packages/airflow/example_dags/tutorial_etl_dag.py took 0.067 seconds
[2022-05-16 02:34:28,528] {processor.py:163} INFO - Started process (PID=14081) to work on /home/airflow/.local/lib/python3.7/site-packages/airflow/example_dags/tutorial_etl_dag.py
[2022-05-16 02:34:28,530] {processor.py:642} INFO - Processing file /home/airflow/.local/lib/python3.7/site-packages/airflow/example_dags/tutorial_etl_dag.py for tasks to queue
[2022-05-16 02:34:28,532] {logging_mixin.py:109} INFO - [2022-05-16 02:34:28,532] {dagbag.py:500} INFO - Filling up the DagBag from /home/airflow/.local/lib/python3.7/site-packages/airflow/example_dags/tutorial_etl_dag.py
[2022-05-16 02:34:28,541] {processor.py:652} INFO - DAG(s) dict_keys(['tutorial_etl_dag']) retrieved from /home/airflow/.local/lib/python3.7/site-packages/airflow/example_dags/tutorial_etl_dag.py
[2022-05-16 02:34:28,565] {logging_mixin.py:109} INFO - [2022-05-16 02:34:28,565] {dag.py:2398} INFO - Sync 1 DAGs
[2022-05-16 02:34:28,582] {logging_mixin.py:109} INFO - [2022-05-16 02:34:28,581] {dag.py:2937} INFO - Setting next_dagrun for tutorial_etl_dag to None
[2022-05-16 02:34:28,592] {processor.py:171} INFO - Processing /home/airflow/.local/lib/python3.7/site-packages/airflow/example_dags/tutorial_etl_dag.py took 0.068 seconds
[2022-05-16 02:34:58,829] {processor.py:163} INFO - Started process (PID=14134) to work on /home/airflow/.local/lib/python3.7/site-packages/airflow/example_dags/tutorial_etl_dag.py
[2022-05-16 02:34:58,831] {processor.py:642} INFO - Processing file /home/airflow/.local/lib/python3.7/site-packages/airflow/example_dags/tutorial_etl_dag.py for tasks to queue
[2022-05-16 02:34:58,832] {logging_mixin.py:109} INFO - [2022-05-16 02:34:58,832] {dagbag.py:500} INFO - Filling up the DagBag from /home/airflow/.local/lib/python3.7/site-packages/airflow/example_dags/tutorial_etl_dag.py
[2022-05-16 02:34:58,842] {processor.py:652} INFO - DAG(s) dict_keys(['tutorial_etl_dag']) retrieved from /home/airflow/.local/lib/python3.7/site-packages/airflow/example_dags/tutorial_etl_dag.py
[2022-05-16 02:34:58,866] {logging_mixin.py:109} INFO - [2022-05-16 02:34:58,866] {dag.py:2398} INFO - Sync 1 DAGs
[2022-05-16 02:34:58,885] {logging_mixin.py:109} INFO - [2022-05-16 02:34:58,885] {dag.py:2937} INFO - Setting next_dagrun for tutorial_etl_dag to None
[2022-05-16 02:34:58,894] {processor.py:171} INFO - Processing /home/airflow/.local/lib/python3.7/site-packages/airflow/example_dags/tutorial_etl_dag.py took 0.069 seconds
[2022-05-16 02:35:29,091] {processor.py:163} INFO - Started process (PID=14194) to work on /home/airflow/.local/lib/python3.7/site-packages/airflow/example_dags/tutorial_etl_dag.py
[2022-05-16 02:35:29,092] {processor.py:642} INFO - Processing file /home/airflow/.local/lib/python3.7/site-packages/airflow/example_dags/tutorial_etl_dag.py for tasks to queue
[2022-05-16 02:35:29,094] {logging_mixin.py:109} INFO - [2022-05-16 02:35:29,094] {dagbag.py:500} INFO - Filling up the DagBag from /home/airflow/.local/lib/python3.7/site-packages/airflow/example_dags/tutorial_etl_dag.py
[2022-05-16 02:35:29,103] {processor.py:652} INFO - DAG(s) dict_keys(['tutorial_etl_dag']) retrieved from /home/airflow/.local/lib/python3.7/site-packages/airflow/example_dags/tutorial_etl_dag.py
[2022-05-16 02:35:29,125] {logging_mixin.py:109} INFO - [2022-05-16 02:35:29,125] {dag.py:2398} INFO - Sync 1 DAGs
[2022-05-16 02:35:29,142] {logging_mixin.py:109} INFO - [2022-05-16 02:35:29,142] {dag.py:2937} INFO - Setting next_dagrun for tutorial_etl_dag to None
[2022-05-16 02:35:29,152] {processor.py:171} INFO - Processing /home/airflow/.local/lib/python3.7/site-packages/airflow/example_dags/tutorial_etl_dag.py took 0.066 seconds
[2022-05-16 02:35:59,413] {processor.py:163} INFO - Started process (PID=14246) to work on /home/airflow/.local/lib/python3.7/site-packages/airflow/example_dags/tutorial_etl_dag.py
[2022-05-16 02:35:59,415] {processor.py:642} INFO - Processing file /home/airflow/.local/lib/python3.7/site-packages/airflow/example_dags/tutorial_etl_dag.py for tasks to queue
[2022-05-16 02:35:59,417] {logging_mixin.py:109} INFO - [2022-05-16 02:35:59,417] {dagbag.py:500} INFO - Filling up the DagBag from /home/airflow/.local/lib/python3.7/site-packages/airflow/example_dags/tutorial_etl_dag.py
[2022-05-16 02:35:59,425] {processor.py:652} INFO - DAG(s) dict_keys(['tutorial_etl_dag']) retrieved from /home/airflow/.local/lib/python3.7/site-packages/airflow/example_dags/tutorial_etl_dag.py
[2022-05-16 02:35:59,451] {logging_mixin.py:109} INFO - [2022-05-16 02:35:59,450] {dag.py:2398} INFO - Sync 1 DAGs
[2022-05-16 02:35:59,470] {logging_mixin.py:109} INFO - [2022-05-16 02:35:59,470] {dag.py:2937} INFO - Setting next_dagrun for tutorial_etl_dag to None
[2022-05-16 02:35:59,481] {processor.py:171} INFO - Processing /home/airflow/.local/lib/python3.7/site-packages/airflow/example_dags/tutorial_etl_dag.py took 0.071 seconds
[2022-05-16 02:36:29,802] {processor.py:163} INFO - Started process (PID=14308) to work on /home/airflow/.local/lib/python3.7/site-packages/airflow/example_dags/tutorial_etl_dag.py
[2022-05-16 02:36:29,804] {processor.py:642} INFO - Processing file /home/airflow/.local/lib/python3.7/site-packages/airflow/example_dags/tutorial_etl_dag.py for tasks to queue
[2022-05-16 02:36:29,805] {logging_mixin.py:109} INFO - [2022-05-16 02:36:29,805] {dagbag.py:500} INFO - Filling up the DagBag from /home/airflow/.local/lib/python3.7/site-packages/airflow/example_dags/tutorial_etl_dag.py
[2022-05-16 02:36:29,815] {processor.py:652} INFO - DAG(s) dict_keys(['tutorial_etl_dag']) retrieved from /home/airflow/.local/lib/python3.7/site-packages/airflow/example_dags/tutorial_etl_dag.py
[2022-05-16 02:36:29,838] {logging_mixin.py:109} INFO - [2022-05-16 02:36:29,838] {dag.py:2398} INFO - Sync 1 DAGs
[2022-05-16 02:36:29,854] {logging_mixin.py:109} INFO - [2022-05-16 02:36:29,854] {dag.py:2937} INFO - Setting next_dagrun for tutorial_etl_dag to None
[2022-05-16 02:36:29,870] {processor.py:171} INFO - Processing /home/airflow/.local/lib/python3.7/site-packages/airflow/example_dags/tutorial_etl_dag.py took 0.072 seconds
[2022-05-16 02:37:00,350] {processor.py:163} INFO - Started process (PID=14369) to work on /home/airflow/.local/lib/python3.7/site-packages/airflow/example_dags/tutorial_etl_dag.py
[2022-05-16 02:37:00,352] {processor.py:642} INFO - Processing file /home/airflow/.local/lib/python3.7/site-packages/airflow/example_dags/tutorial_etl_dag.py for tasks to queue
[2022-05-16 02:37:00,354] {logging_mixin.py:109} INFO - [2022-05-16 02:37:00,354] {dagbag.py:500} INFO - Filling up the DagBag from /home/airflow/.local/lib/python3.7/site-packages/airflow/example_dags/tutorial_etl_dag.py
[2022-05-16 02:37:00,363] {processor.py:652} INFO - DAG(s) dict_keys(['tutorial_etl_dag']) retrieved from /home/airflow/.local/lib/python3.7/site-packages/airflow/example_dags/tutorial_etl_dag.py
[2022-05-16 02:37:00,398] {logging_mixin.py:109} INFO - [2022-05-16 02:37:00,398] {dag.py:2398} INFO - Sync 1 DAGs
[2022-05-16 02:37:00,415] {logging_mixin.py:109} INFO - [2022-05-16 02:37:00,414] {dag.py:2937} INFO - Setting next_dagrun for tutorial_etl_dag to None
[2022-05-16 02:37:00,425] {processor.py:171} INFO - Processing /home/airflow/.local/lib/python3.7/site-packages/airflow/example_dags/tutorial_etl_dag.py took 0.079 seconds
[2022-05-16 02:37:30,654] {processor.py:163} INFO - Started process (PID=14420) to work on /home/airflow/.local/lib/python3.7/site-packages/airflow/example_dags/tutorial_etl_dag.py
[2022-05-16 02:37:30,657] {processor.py:642} INFO - Processing file /home/airflow/.local/lib/python3.7/site-packages/airflow/example_dags/tutorial_etl_dag.py for tasks to queue
[2022-05-16 02:37:30,658] {logging_mixin.py:109} INFO - [2022-05-16 02:37:30,658] {dagbag.py:500} INFO - Filling up the DagBag from /home/airflow/.local/lib/python3.7/site-packages/airflow/example_dags/tutorial_etl_dag.py
[2022-05-16 02:37:30,672] {processor.py:652} INFO - DAG(s) dict_keys(['tutorial_etl_dag']) retrieved from /home/airflow/.local/lib/python3.7/site-packages/airflow/example_dags/tutorial_etl_dag.py
[2022-05-16 02:37:30,694] {logging_mixin.py:109} INFO - [2022-05-16 02:37:30,694] {dag.py:2398} INFO - Sync 1 DAGs
[2022-05-16 02:37:30,714] {logging_mixin.py:109} INFO - [2022-05-16 02:37:30,713] {dag.py:2937} INFO - Setting next_dagrun for tutorial_etl_dag to None
[2022-05-16 02:37:30,724] {processor.py:171} INFO - Processing /home/airflow/.local/lib/python3.7/site-packages/airflow/example_dags/tutorial_etl_dag.py took 0.076 seconds
[2022-05-16 02:38:01,214] {processor.py:163} INFO - Started process (PID=14483) to work on /home/airflow/.local/lib/python3.7/site-packages/airflow/example_dags/tutorial_etl_dag.py
[2022-05-16 02:38:01,216] {processor.py:642} INFO - Processing file /home/airflow/.local/lib/python3.7/site-packages/airflow/example_dags/tutorial_etl_dag.py for tasks to queue
[2022-05-16 02:38:01,218] {logging_mixin.py:109} INFO - [2022-05-16 02:38:01,218] {dagbag.py:500} INFO - Filling up the DagBag from /home/airflow/.local/lib/python3.7/site-packages/airflow/example_dags/tutorial_etl_dag.py
[2022-05-16 02:38:01,230] {processor.py:652} INFO - DAG(s) dict_keys(['tutorial_etl_dag']) retrieved from /home/airflow/.local/lib/python3.7/site-packages/airflow/example_dags/tutorial_etl_dag.py
[2022-05-16 02:38:01,256] {logging_mixin.py:109} INFO - [2022-05-16 02:38:01,255] {dag.py:2398} INFO - Sync 1 DAGs
[2022-05-16 02:38:01,278] {logging_mixin.py:109} INFO - [2022-05-16 02:38:01,278] {dag.py:2937} INFO - Setting next_dagrun for tutorial_etl_dag to None
[2022-05-16 02:38:01,289] {processor.py:171} INFO - Processing /home/airflow/.local/lib/python3.7/site-packages/airflow/example_dags/tutorial_etl_dag.py took 0.081 seconds
[2022-05-16 02:38:31,664] {processor.py:163} INFO - Started process (PID=14534) to work on /home/airflow/.local/lib/python3.7/site-packages/airflow/example_dags/tutorial_etl_dag.py
[2022-05-16 02:38:31,666] {processor.py:642} INFO - Processing file /home/airflow/.local/lib/python3.7/site-packages/airflow/example_dags/tutorial_etl_dag.py for tasks to queue
[2022-05-16 02:38:31,670] {logging_mixin.py:109} INFO - [2022-05-16 02:38:31,670] {dagbag.py:500} INFO - Filling up the DagBag from /home/airflow/.local/lib/python3.7/site-packages/airflow/example_dags/tutorial_etl_dag.py
[2022-05-16 02:38:31,681] {processor.py:652} INFO - DAG(s) dict_keys(['tutorial_etl_dag']) retrieved from /home/airflow/.local/lib/python3.7/site-packages/airflow/example_dags/tutorial_etl_dag.py
[2022-05-16 02:38:31,703] {logging_mixin.py:109} INFO - [2022-05-16 02:38:31,703] {dag.py:2398} INFO - Sync 1 DAGs
[2022-05-16 02:38:31,725] {logging_mixin.py:109} INFO - [2022-05-16 02:38:31,725] {dag.py:2937} INFO - Setting next_dagrun for tutorial_etl_dag to None
[2022-05-16 02:38:31,736] {processor.py:171} INFO - Processing /home/airflow/.local/lib/python3.7/site-packages/airflow/example_dags/tutorial_etl_dag.py took 0.076 seconds
[2022-05-16 02:39:02,117] {processor.py:163} INFO - Started process (PID=14595) to work on /home/airflow/.local/lib/python3.7/site-packages/airflow/example_dags/tutorial_etl_dag.py
[2022-05-16 02:39:02,132] {processor.py:642} INFO - Processing file /home/airflow/.local/lib/python3.7/site-packages/airflow/example_dags/tutorial_etl_dag.py for tasks to queue
[2022-05-16 02:39:02,154] {logging_mixin.py:109} INFO - [2022-05-16 02:39:02,154] {dagbag.py:500} INFO - Filling up the DagBag from /home/airflow/.local/lib/python3.7/site-packages/airflow/example_dags/tutorial_etl_dag.py
[2022-05-16 02:39:02,170] {processor.py:652} INFO - DAG(s) dict_keys(['tutorial_etl_dag']) retrieved from /home/airflow/.local/lib/python3.7/site-packages/airflow/example_dags/tutorial_etl_dag.py
[2022-05-16 02:39:02,228] {logging_mixin.py:109} INFO - [2022-05-16 02:39:02,228] {dag.py:2398} INFO - Sync 1 DAGs
[2022-05-16 02:39:02,283] {logging_mixin.py:109} INFO - [2022-05-16 02:39:02,283] {dag.py:2937} INFO - Setting next_dagrun for tutorial_etl_dag to None
[2022-05-16 02:39:02,304] {processor.py:171} INFO - Processing /home/airflow/.local/lib/python3.7/site-packages/airflow/example_dags/tutorial_etl_dag.py took 0.192 seconds
[2022-05-16 02:39:32,615] {processor.py:163} INFO - Started process (PID=14645) to work on /home/airflow/.local/lib/python3.7/site-packages/airflow/example_dags/tutorial_etl_dag.py
[2022-05-16 02:39:32,617] {processor.py:642} INFO - Processing file /home/airflow/.local/lib/python3.7/site-packages/airflow/example_dags/tutorial_etl_dag.py for tasks to queue
[2022-05-16 02:39:32,619] {logging_mixin.py:109} INFO - [2022-05-16 02:39:32,619] {dagbag.py:500} INFO - Filling up the DagBag from /home/airflow/.local/lib/python3.7/site-packages/airflow/example_dags/tutorial_etl_dag.py
[2022-05-16 02:39:32,628] {processor.py:652} INFO - DAG(s) dict_keys(['tutorial_etl_dag']) retrieved from /home/airflow/.local/lib/python3.7/site-packages/airflow/example_dags/tutorial_etl_dag.py
[2022-05-16 02:39:32,652] {logging_mixin.py:109} INFO - [2022-05-16 02:39:32,652] {dag.py:2398} INFO - Sync 1 DAGs
[2022-05-16 02:39:32,669] {logging_mixin.py:109} INFO - [2022-05-16 02:39:32,669] {dag.py:2937} INFO - Setting next_dagrun for tutorial_etl_dag to None
[2022-05-16 02:39:32,681] {processor.py:171} INFO - Processing /home/airflow/.local/lib/python3.7/site-packages/airflow/example_dags/tutorial_etl_dag.py took 0.070 seconds
[2022-05-16 02:40:02,992] {processor.py:163} INFO - Started process (PID=14707) to work on /home/airflow/.local/lib/python3.7/site-packages/airflow/example_dags/tutorial_etl_dag.py
[2022-05-16 02:40:02,994] {processor.py:642} INFO - Processing file /home/airflow/.local/lib/python3.7/site-packages/airflow/example_dags/tutorial_etl_dag.py for tasks to queue
[2022-05-16 02:40:02,995] {logging_mixin.py:109} INFO - [2022-05-16 02:40:02,995] {dagbag.py:500} INFO - Filling up the DagBag from /home/airflow/.local/lib/python3.7/site-packages/airflow/example_dags/tutorial_etl_dag.py
[2022-05-16 02:40:03,005] {processor.py:652} INFO - DAG(s) dict_keys(['tutorial_etl_dag']) retrieved from /home/airflow/.local/lib/python3.7/site-packages/airflow/example_dags/tutorial_etl_dag.py
[2022-05-16 02:40:03,028] {logging_mixin.py:109} INFO - [2022-05-16 02:40:03,028] {dag.py:2398} INFO - Sync 1 DAGs
[2022-05-16 02:40:03,045] {logging_mixin.py:109} INFO - [2022-05-16 02:40:03,044] {dag.py:2937} INFO - Setting next_dagrun for tutorial_etl_dag to None
[2022-05-16 02:40:03,055] {processor.py:171} INFO - Processing /home/airflow/.local/lib/python3.7/site-packages/airflow/example_dags/tutorial_etl_dag.py took 0.066 seconds
[2022-05-16 02:40:33,397] {processor.py:163} INFO - Started process (PID=14768) to work on /home/airflow/.local/lib/python3.7/site-packages/airflow/example_dags/tutorial_etl_dag.py
[2022-05-16 02:40:33,399] {processor.py:642} INFO - Processing file /home/airflow/.local/lib/python3.7/site-packages/airflow/example_dags/tutorial_etl_dag.py for tasks to queue
[2022-05-16 02:40:33,401] {logging_mixin.py:109} INFO - [2022-05-16 02:40:33,401] {dagbag.py:500} INFO - Filling up the DagBag from /home/airflow/.local/lib/python3.7/site-packages/airflow/example_dags/tutorial_etl_dag.py
[2022-05-16 02:40:33,414] {processor.py:652} INFO - DAG(s) dict_keys(['tutorial_etl_dag']) retrieved from /home/airflow/.local/lib/python3.7/site-packages/airflow/example_dags/tutorial_etl_dag.py
[2022-05-16 02:40:33,440] {logging_mixin.py:109} INFO - [2022-05-16 02:40:33,440] {dag.py:2398} INFO - Sync 1 DAGs
[2022-05-16 02:40:33,457] {logging_mixin.py:109} INFO - [2022-05-16 02:40:33,457] {dag.py:2937} INFO - Setting next_dagrun for tutorial_etl_dag to None
[2022-05-16 02:40:33,467] {processor.py:171} INFO - Processing /home/airflow/.local/lib/python3.7/site-packages/airflow/example_dags/tutorial_etl_dag.py took 0.075 seconds
[2022-05-16 02:41:03,690] {processor.py:163} INFO - Started process (PID=14820) to work on /home/airflow/.local/lib/python3.7/site-packages/airflow/example_dags/tutorial_etl_dag.py
[2022-05-16 02:41:03,692] {processor.py:642} INFO - Processing file /home/airflow/.local/lib/python3.7/site-packages/airflow/example_dags/tutorial_etl_dag.py for tasks to queue
[2022-05-16 02:41:03,694] {logging_mixin.py:109} INFO - [2022-05-16 02:41:03,694] {dagbag.py:500} INFO - Filling up the DagBag from /home/airflow/.local/lib/python3.7/site-packages/airflow/example_dags/tutorial_etl_dag.py
[2022-05-16 02:41:03,703] {processor.py:652} INFO - DAG(s) dict_keys(['tutorial_etl_dag']) retrieved from /home/airflow/.local/lib/python3.7/site-packages/airflow/example_dags/tutorial_etl_dag.py
[2022-05-16 02:41:03,726] {logging_mixin.py:109} INFO - [2022-05-16 02:41:03,726] {dag.py:2398} INFO - Sync 1 DAGs
[2022-05-16 02:41:03,742] {logging_mixin.py:109} INFO - [2022-05-16 02:41:03,742] {dag.py:2937} INFO - Setting next_dagrun for tutorial_etl_dag to None
[2022-05-16 02:41:03,752] {processor.py:171} INFO - Processing /home/airflow/.local/lib/python3.7/site-packages/airflow/example_dags/tutorial_etl_dag.py took 0.067 seconds
[2022-05-16 02:41:34,166] {processor.py:163} INFO - Started process (PID=14881) to work on /home/airflow/.local/lib/python3.7/site-packages/airflow/example_dags/tutorial_etl_dag.py
[2022-05-16 02:41:34,168] {processor.py:642} INFO - Processing file /home/airflow/.local/lib/python3.7/site-packages/airflow/example_dags/tutorial_etl_dag.py for tasks to queue
[2022-05-16 02:41:34,169] {logging_mixin.py:109} INFO - [2022-05-16 02:41:34,169] {dagbag.py:500} INFO - Filling up the DagBag from /home/airflow/.local/lib/python3.7/site-packages/airflow/example_dags/tutorial_etl_dag.py
[2022-05-16 02:41:34,178] {processor.py:652} INFO - DAG(s) dict_keys(['tutorial_etl_dag']) retrieved from /home/airflow/.local/lib/python3.7/site-packages/airflow/example_dags/tutorial_etl_dag.py
[2022-05-16 02:41:34,201] {logging_mixin.py:109} INFO - [2022-05-16 02:41:34,201] {dag.py:2398} INFO - Sync 1 DAGs
[2022-05-16 02:41:34,225] {logging_mixin.py:109} INFO - [2022-05-16 02:41:34,225] {dag.py:2937} INFO - Setting next_dagrun for tutorial_etl_dag to None
[2022-05-16 02:41:34,243] {processor.py:171} INFO - Processing /home/airflow/.local/lib/python3.7/site-packages/airflow/example_dags/tutorial_etl_dag.py took 0.080 seconds
[2022-05-16 02:42:04,648] {processor.py:163} INFO - Started process (PID=14932) to work on /home/airflow/.local/lib/python3.7/site-packages/airflow/example_dags/tutorial_etl_dag.py
[2022-05-16 02:42:04,650] {processor.py:642} INFO - Processing file /home/airflow/.local/lib/python3.7/site-packages/airflow/example_dags/tutorial_etl_dag.py for tasks to queue
[2022-05-16 02:42:04,651] {logging_mixin.py:109} INFO - [2022-05-16 02:42:04,651] {dagbag.py:500} INFO - Filling up the DagBag from /home/airflow/.local/lib/python3.7/site-packages/airflow/example_dags/tutorial_etl_dag.py
[2022-05-16 02:42:04,661] {processor.py:652} INFO - DAG(s) dict_keys(['tutorial_etl_dag']) retrieved from /home/airflow/.local/lib/python3.7/site-packages/airflow/example_dags/tutorial_etl_dag.py
[2022-05-16 02:42:04,688] {logging_mixin.py:109} INFO - [2022-05-16 02:42:04,688] {dag.py:2398} INFO - Sync 1 DAGs
[2022-05-16 02:42:04,707] {logging_mixin.py:109} INFO - [2022-05-16 02:42:04,707] {dag.py:2937} INFO - Setting next_dagrun for tutorial_etl_dag to None
[2022-05-16 02:42:04,718] {processor.py:171} INFO - Processing /home/airflow/.local/lib/python3.7/site-packages/airflow/example_dags/tutorial_etl_dag.py took 0.076 seconds
[2022-05-16 02:42:34,936] {processor.py:163} INFO - Started process (PID=14993) to work on /home/airflow/.local/lib/python3.7/site-packages/airflow/example_dags/tutorial_etl_dag.py
[2022-05-16 02:42:34,946] {processor.py:642} INFO - Processing file /home/airflow/.local/lib/python3.7/site-packages/airflow/example_dags/tutorial_etl_dag.py for tasks to queue
[2022-05-16 02:42:34,958] {logging_mixin.py:109} INFO - [2022-05-16 02:42:34,957] {dagbag.py:500} INFO - Filling up the DagBag from /home/airflow/.local/lib/python3.7/site-packages/airflow/example_dags/tutorial_etl_dag.py
[2022-05-16 02:42:35,000] {processor.py:652} INFO - DAG(s) dict_keys(['tutorial_etl_dag']) retrieved from /home/airflow/.local/lib/python3.7/site-packages/airflow/example_dags/tutorial_etl_dag.py
[2022-05-16 02:42:35,126] {logging_mixin.py:109} INFO - [2022-05-16 02:42:35,125] {dag.py:2398} INFO - Sync 1 DAGs
[2022-05-16 02:42:35,215] {logging_mixin.py:109} INFO - [2022-05-16 02:42:35,215] {dag.py:2937} INFO - Setting next_dagrun for tutorial_etl_dag to None
[2022-05-16 02:42:35,263] {processor.py:171} INFO - Processing /home/airflow/.local/lib/python3.7/site-packages/airflow/example_dags/tutorial_etl_dag.py took 0.345 seconds
[2022-05-16 02:50:58,243] {processor.py:163} INFO - Started process (PID=15038) to work on /home/airflow/.local/lib/python3.7/site-packages/airflow/example_dags/tutorial_etl_dag.py
[2022-05-16 02:50:58,247] {processor.py:642} INFO - Processing file /home/airflow/.local/lib/python3.7/site-packages/airflow/example_dags/tutorial_etl_dag.py for tasks to queue
[2022-05-16 02:50:58,254] {logging_mixin.py:109} INFO - [2022-05-16 02:50:58,253] {dagbag.py:500} INFO - Filling up the DagBag from /home/airflow/.local/lib/python3.7/site-packages/airflow/example_dags/tutorial_etl_dag.py
[2022-05-16 02:50:58,273] {processor.py:652} INFO - DAG(s) dict_keys(['tutorial_etl_dag']) retrieved from /home/airflow/.local/lib/python3.7/site-packages/airflow/example_dags/tutorial_etl_dag.py
[2022-05-16 02:50:58,337] {logging_mixin.py:109} INFO - [2022-05-16 02:50:58,337] {dag.py:2398} INFO - Sync 1 DAGs
[2022-05-16 02:50:58,386] {logging_mixin.py:109} INFO - [2022-05-16 02:50:58,386] {dag.py:2937} INFO - Setting next_dagrun for tutorial_etl_dag to None
[2022-05-16 02:50:58,417] {processor.py:171} INFO - Processing /home/airflow/.local/lib/python3.7/site-packages/airflow/example_dags/tutorial_etl_dag.py took 0.187 seconds
[2022-05-16 02:51:28,976] {processor.py:163} INFO - Started process (PID=15091) to work on /home/airflow/.local/lib/python3.7/site-packages/airflow/example_dags/tutorial_etl_dag.py
[2022-05-16 02:51:28,979] {processor.py:642} INFO - Processing file /home/airflow/.local/lib/python3.7/site-packages/airflow/example_dags/tutorial_etl_dag.py for tasks to queue
[2022-05-16 02:51:28,980] {logging_mixin.py:109} INFO - [2022-05-16 02:51:28,980] {dagbag.py:500} INFO - Filling up the DagBag from /home/airflow/.local/lib/python3.7/site-packages/airflow/example_dags/tutorial_etl_dag.py
[2022-05-16 02:51:28,990] {processor.py:652} INFO - DAG(s) dict_keys(['tutorial_etl_dag']) retrieved from /home/airflow/.local/lib/python3.7/site-packages/airflow/example_dags/tutorial_etl_dag.py
[2022-05-16 02:51:29,013] {logging_mixin.py:109} INFO - [2022-05-16 02:51:29,013] {dag.py:2398} INFO - Sync 1 DAGs
[2022-05-16 02:51:29,031] {logging_mixin.py:109} INFO - [2022-05-16 02:51:29,031] {dag.py:2937} INFO - Setting next_dagrun for tutorial_etl_dag to None
[2022-05-16 02:51:29,043] {processor.py:171} INFO - Processing /home/airflow/.local/lib/python3.7/site-packages/airflow/example_dags/tutorial_etl_dag.py took 0.071 seconds
[2022-05-16 02:51:59,795] {processor.py:163} INFO - Started process (PID=15152) to work on /home/airflow/.local/lib/python3.7/site-packages/airflow/example_dags/tutorial_etl_dag.py
[2022-05-16 02:51:59,797] {processor.py:642} INFO - Processing file /home/airflow/.local/lib/python3.7/site-packages/airflow/example_dags/tutorial_etl_dag.py for tasks to queue
[2022-05-16 02:51:59,798] {logging_mixin.py:109} INFO - [2022-05-16 02:51:59,798] {dagbag.py:500} INFO - Filling up the DagBag from /home/airflow/.local/lib/python3.7/site-packages/airflow/example_dags/tutorial_etl_dag.py
[2022-05-16 02:51:59,806] {processor.py:652} INFO - DAG(s) dict_keys(['tutorial_etl_dag']) retrieved from /home/airflow/.local/lib/python3.7/site-packages/airflow/example_dags/tutorial_etl_dag.py
[2022-05-16 02:51:59,828] {logging_mixin.py:109} INFO - [2022-05-16 02:51:59,828] {dag.py:2398} INFO - Sync 1 DAGs
[2022-05-16 02:51:59,844] {logging_mixin.py:109} INFO - [2022-05-16 02:51:59,844] {dag.py:2937} INFO - Setting next_dagrun for tutorial_etl_dag to None
[2022-05-16 02:51:59,854] {processor.py:171} INFO - Processing /home/airflow/.local/lib/python3.7/site-packages/airflow/example_dags/tutorial_etl_dag.py took 0.063 seconds
[2022-05-16 02:52:30,199] {processor.py:163} INFO - Started process (PID=15204) to work on /home/airflow/.local/lib/python3.7/site-packages/airflow/example_dags/tutorial_etl_dag.py
[2022-05-16 02:52:30,201] {processor.py:642} INFO - Processing file /home/airflow/.local/lib/python3.7/site-packages/airflow/example_dags/tutorial_etl_dag.py for tasks to queue
[2022-05-16 02:52:30,202] {logging_mixin.py:109} INFO - [2022-05-16 02:52:30,202] {dagbag.py:500} INFO - Filling up the DagBag from /home/airflow/.local/lib/python3.7/site-packages/airflow/example_dags/tutorial_etl_dag.py
[2022-05-16 02:52:30,211] {processor.py:652} INFO - DAG(s) dict_keys(['tutorial_etl_dag']) retrieved from /home/airflow/.local/lib/python3.7/site-packages/airflow/example_dags/tutorial_etl_dag.py
[2022-05-16 02:52:30,239] {logging_mixin.py:109} INFO - [2022-05-16 02:52:30,239] {dag.py:2398} INFO - Sync 1 DAGs
[2022-05-16 02:52:30,256] {logging_mixin.py:109} INFO - [2022-05-16 02:52:30,256] {dag.py:2937} INFO - Setting next_dagrun for tutorial_etl_dag to None
[2022-05-16 02:52:30,267] {processor.py:171} INFO - Processing /home/airflow/.local/lib/python3.7/site-packages/airflow/example_dags/tutorial_etl_dag.py took 0.072 seconds
[2022-05-16 02:53:00,972] {processor.py:163} INFO - Started process (PID=15265) to work on /home/airflow/.local/lib/python3.7/site-packages/airflow/example_dags/tutorial_etl_dag.py
[2022-05-16 02:53:00,974] {processor.py:642} INFO - Processing file /home/airflow/.local/lib/python3.7/site-packages/airflow/example_dags/tutorial_etl_dag.py for tasks to queue
[2022-05-16 02:53:00,976] {logging_mixin.py:109} INFO - [2022-05-16 02:53:00,975] {dagbag.py:500} INFO - Filling up the DagBag from /home/airflow/.local/lib/python3.7/site-packages/airflow/example_dags/tutorial_etl_dag.py
[2022-05-16 02:53:00,985] {processor.py:652} INFO - DAG(s) dict_keys(['tutorial_etl_dag']) retrieved from /home/airflow/.local/lib/python3.7/site-packages/airflow/example_dags/tutorial_etl_dag.py
[2022-05-16 02:53:01,007] {logging_mixin.py:109} INFO - [2022-05-16 02:53:01,007] {dag.py:2398} INFO - Sync 1 DAGs
[2022-05-16 02:53:01,023] {logging_mixin.py:109} INFO - [2022-05-16 02:53:01,023] {dag.py:2937} INFO - Setting next_dagrun for tutorial_etl_dag to None
[2022-05-16 02:53:01,034] {processor.py:171} INFO - Processing /home/airflow/.local/lib/python3.7/site-packages/airflow/example_dags/tutorial_etl_dag.py took 0.066 seconds
[2022-05-16 02:53:31,168] {processor.py:163} INFO - Started process (PID=15317) to work on /home/airflow/.local/lib/python3.7/site-packages/airflow/example_dags/tutorial_etl_dag.py
[2022-05-16 02:53:31,170] {processor.py:642} INFO - Processing file /home/airflow/.local/lib/python3.7/site-packages/airflow/example_dags/tutorial_etl_dag.py for tasks to queue
[2022-05-16 02:53:31,171] {logging_mixin.py:109} INFO - [2022-05-16 02:53:31,171] {dagbag.py:500} INFO - Filling up the DagBag from /home/airflow/.local/lib/python3.7/site-packages/airflow/example_dags/tutorial_etl_dag.py
[2022-05-16 02:53:31,185] {processor.py:652} INFO - DAG(s) dict_keys(['tutorial_etl_dag']) retrieved from /home/airflow/.local/lib/python3.7/site-packages/airflow/example_dags/tutorial_etl_dag.py
[2022-05-16 02:53:31,205] {logging_mixin.py:109} INFO - [2022-05-16 02:53:31,205] {dag.py:2398} INFO - Sync 1 DAGs
[2022-05-16 02:53:31,222] {logging_mixin.py:109} INFO - [2022-05-16 02:53:31,222] {dag.py:2937} INFO - Setting next_dagrun for tutorial_etl_dag to None
[2022-05-16 02:53:31,232] {processor.py:171} INFO - Processing /home/airflow/.local/lib/python3.7/site-packages/airflow/example_dags/tutorial_etl_dag.py took 0.068 seconds
