[2022-05-16 00:07:04,941] {processor.py:163} INFO - Started process (PID=11313) to work on /home/airflow/.local/lib/python3.7/site-packages/airflow/example_dags/tutorial.py
[2022-05-16 00:07:04,965] {processor.py:642} INFO - Processing file /home/airflow/.local/lib/python3.7/site-packages/airflow/example_dags/tutorial.py for tasks to queue
[2022-05-16 00:07:04,973] {logging_mixin.py:109} INFO - [2022-05-16 00:07:04,972] {dagbag.py:500} INFO - Filling up the DagBag from /home/airflow/.local/lib/python3.7/site-packages/airflow/example_dags/tutorial.py
[2022-05-16 00:07:05,306] {processor.py:652} INFO - DAG(s) dict_keys(['tutorial']) retrieved from /home/airflow/.local/lib/python3.7/site-packages/airflow/example_dags/tutorial.py
[2022-05-16 00:07:05,534] {logging_mixin.py:109} INFO - [2022-05-16 00:07:05,534] {dag.py:2398} INFO - Sync 1 DAGs
[2022-05-16 00:07:05,744] {logging_mixin.py:109} INFO - [2022-05-16 00:07:05,743] {dag.py:2937} INFO - Setting next_dagrun for tutorial to 2022-05-15T00:07:05.740986+00:00
[2022-05-16 00:07:05,845] {processor.py:171} INFO - Processing /home/airflow/.local/lib/python3.7/site-packages/airflow/example_dags/tutorial.py took 0.981 seconds
[2022-05-16 00:07:36,240] {processor.py:163} INFO - Started process (PID=11366) to work on /home/airflow/.local/lib/python3.7/site-packages/airflow/example_dags/tutorial.py
[2022-05-16 00:07:36,260] {processor.py:642} INFO - Processing file /home/airflow/.local/lib/python3.7/site-packages/airflow/example_dags/tutorial.py for tasks to queue
[2022-05-16 00:07:36,266] {logging_mixin.py:109} INFO - [2022-05-16 00:07:36,265] {dagbag.py:500} INFO - Filling up the DagBag from /home/airflow/.local/lib/python3.7/site-packages/airflow/example_dags/tutorial.py
[2022-05-16 00:07:36,365] {processor.py:652} INFO - DAG(s) dict_keys(['tutorial']) retrieved from /home/airflow/.local/lib/python3.7/site-packages/airflow/example_dags/tutorial.py
[2022-05-16 00:07:36,484] {logging_mixin.py:109} INFO - [2022-05-16 00:07:36,484] {dag.py:2398} INFO - Sync 1 DAGs
[2022-05-16 00:07:36,608] {logging_mixin.py:109} INFO - [2022-05-16 00:07:36,608] {dag.py:2937} INFO - Setting next_dagrun for tutorial to 2022-05-15T00:07:36.603201+00:00
[2022-05-16 00:07:36,670] {processor.py:171} INFO - Processing /home/airflow/.local/lib/python3.7/site-packages/airflow/example_dags/tutorial.py took 0.455 seconds
[2022-05-16 00:08:07,014] {processor.py:163} INFO - Started process (PID=11408) to work on /home/airflow/.local/lib/python3.7/site-packages/airflow/example_dags/tutorial.py
[2022-05-16 00:08:07,027] {processor.py:642} INFO - Processing file /home/airflow/.local/lib/python3.7/site-packages/airflow/example_dags/tutorial.py for tasks to queue
[2022-05-16 00:08:07,036] {logging_mixin.py:109} INFO - [2022-05-16 00:08:07,034] {dagbag.py:500} INFO - Filling up the DagBag from /home/airflow/.local/lib/python3.7/site-packages/airflow/example_dags/tutorial.py
[2022-05-16 00:08:07,225] {processor.py:652} INFO - DAG(s) dict_keys(['tutorial']) retrieved from /home/airflow/.local/lib/python3.7/site-packages/airflow/example_dags/tutorial.py
[2022-05-16 00:08:07,479] {logging_mixin.py:109} INFO - [2022-05-16 00:08:07,477] {dag.py:2398} INFO - Sync 1 DAGs
[2022-05-16 00:08:07,614] {logging_mixin.py:109} INFO - [2022-05-16 00:08:07,614] {dag.py:2937} INFO - Setting next_dagrun for tutorial to 2022-05-15T00:08:07.612258+00:00
[2022-05-16 00:08:07,683] {processor.py:171} INFO - Processing /home/airflow/.local/lib/python3.7/site-packages/airflow/example_dags/tutorial.py took 0.705 seconds
[2022-05-16 00:08:38,235] {processor.py:163} INFO - Started process (PID=11461) to work on /home/airflow/.local/lib/python3.7/site-packages/airflow/example_dags/tutorial.py
[2022-05-16 00:08:38,245] {processor.py:642} INFO - Processing file /home/airflow/.local/lib/python3.7/site-packages/airflow/example_dags/tutorial.py for tasks to queue
[2022-05-16 00:08:38,252] {logging_mixin.py:109} INFO - [2022-05-16 00:08:38,252] {dagbag.py:500} INFO - Filling up the DagBag from /home/airflow/.local/lib/python3.7/site-packages/airflow/example_dags/tutorial.py
[2022-05-16 00:08:38,361] {processor.py:652} INFO - DAG(s) dict_keys(['tutorial']) retrieved from /home/airflow/.local/lib/python3.7/site-packages/airflow/example_dags/tutorial.py
[2022-05-16 00:08:38,529] {logging_mixin.py:109} INFO - [2022-05-16 00:08:38,529] {dag.py:2398} INFO - Sync 1 DAGs
[2022-05-16 00:08:38,658] {logging_mixin.py:109} INFO - [2022-05-16 00:08:38,658] {dag.py:2937} INFO - Setting next_dagrun for tutorial to 2022-05-15T00:08:38.656795+00:00
[2022-05-16 00:08:38,730] {processor.py:171} INFO - Processing /home/airflow/.local/lib/python3.7/site-packages/airflow/example_dags/tutorial.py took 0.514 seconds
[2022-05-16 00:09:09,253] {processor.py:163} INFO - Started process (PID=11504) to work on /home/airflow/.local/lib/python3.7/site-packages/airflow/example_dags/tutorial.py
[2022-05-16 00:09:09,255] {processor.py:642} INFO - Processing file /home/airflow/.local/lib/python3.7/site-packages/airflow/example_dags/tutorial.py for tasks to queue
[2022-05-16 00:09:09,256] {logging_mixin.py:109} INFO - [2022-05-16 00:09:09,256] {dagbag.py:500} INFO - Filling up the DagBag from /home/airflow/.local/lib/python3.7/site-packages/airflow/example_dags/tutorial.py
[2022-05-16 00:09:09,280] {processor.py:652} INFO - DAG(s) dict_keys(['tutorial']) retrieved from /home/airflow/.local/lib/python3.7/site-packages/airflow/example_dags/tutorial.py
[2022-05-16 00:09:09,321] {logging_mixin.py:109} INFO - [2022-05-16 00:09:09,321] {dag.py:2398} INFO - Sync 1 DAGs
[2022-05-16 00:09:09,358] {logging_mixin.py:109} INFO - [2022-05-16 00:09:09,358] {dag.py:2937} INFO - Setting next_dagrun for tutorial to 2022-05-15T00:09:09.357275+00:00
[2022-05-16 00:09:09,384] {processor.py:171} INFO - Processing /home/airflow/.local/lib/python3.7/site-packages/airflow/example_dags/tutorial.py took 0.136 seconds
[2022-05-16 00:39:13,018] {processor.py:163} INFO - Started process (PID=11539) to work on /home/airflow/.local/lib/python3.7/site-packages/airflow/example_dags/tutorial.py
[2022-05-16 00:39:13,021] {processor.py:642} INFO - Processing file /home/airflow/.local/lib/python3.7/site-packages/airflow/example_dags/tutorial.py for tasks to queue
[2022-05-16 00:39:13,024] {logging_mixin.py:109} INFO - [2022-05-16 00:39:13,024] {dagbag.py:500} INFO - Filling up the DagBag from /home/airflow/.local/lib/python3.7/site-packages/airflow/example_dags/tutorial.py
[2022-05-16 00:39:13,066] {processor.py:652} INFO - DAG(s) dict_keys(['tutorial']) retrieved from /home/airflow/.local/lib/python3.7/site-packages/airflow/example_dags/tutorial.py
[2022-05-16 00:39:13,122] {logging_mixin.py:109} INFO - [2022-05-16 00:39:13,122] {dag.py:2398} INFO - Sync 1 DAGs
[2022-05-16 00:39:13,162] {logging_mixin.py:109} INFO - [2022-05-16 00:39:13,162] {dag.py:2937} INFO - Setting next_dagrun for tutorial to 2022-05-15T00:39:13.161635+00:00
[2022-05-16 00:39:13,185] {processor.py:171} INFO - Processing /home/airflow/.local/lib/python3.7/site-packages/airflow/example_dags/tutorial.py took 0.174 seconds
[2022-05-16 00:39:49,405] {processor.py:163} INFO - Started process (PID=11592) to work on /home/airflow/.local/lib/python3.7/site-packages/airflow/example_dags/tutorial.py
[2022-05-16 00:39:49,420] {processor.py:642} INFO - Processing file /home/airflow/.local/lib/python3.7/site-packages/airflow/example_dags/tutorial.py for tasks to queue
[2022-05-16 00:39:49,435] {logging_mixin.py:109} INFO - [2022-05-16 00:39:49,434] {dagbag.py:500} INFO - Filling up the DagBag from /home/airflow/.local/lib/python3.7/site-packages/airflow/example_dags/tutorial.py
[2022-05-16 00:39:49,536] {processor.py:652} INFO - DAG(s) dict_keys(['tutorial']) retrieved from /home/airflow/.local/lib/python3.7/site-packages/airflow/example_dags/tutorial.py
[2022-05-16 00:39:49,646] {logging_mixin.py:109} INFO - [2022-05-16 00:39:49,645] {dag.py:2398} INFO - Sync 1 DAGs
[2022-05-16 00:39:49,734] {logging_mixin.py:109} INFO - [2022-05-16 00:39:49,734] {dag.py:2937} INFO - Setting next_dagrun for tutorial to 2022-05-15T00:39:49.733082+00:00
[2022-05-16 00:39:49,782] {processor.py:171} INFO - Processing /home/airflow/.local/lib/python3.7/site-packages/airflow/example_dags/tutorial.py took 0.394 seconds
[2022-05-16 00:40:24,221] {processor.py:163} INFO - Started process (PID=11634) to work on /home/airflow/.local/lib/python3.7/site-packages/airflow/example_dags/tutorial.py
[2022-05-16 00:40:24,231] {processor.py:642} INFO - Processing file /home/airflow/.local/lib/python3.7/site-packages/airflow/example_dags/tutorial.py for tasks to queue
[2022-05-16 00:40:24,238] {logging_mixin.py:109} INFO - [2022-05-16 00:40:24,237] {dagbag.py:500} INFO - Filling up the DagBag from /home/airflow/.local/lib/python3.7/site-packages/airflow/example_dags/tutorial.py
[2022-05-16 00:40:24,345] {processor.py:652} INFO - DAG(s) dict_keys(['tutorial']) retrieved from /home/airflow/.local/lib/python3.7/site-packages/airflow/example_dags/tutorial.py
[2022-05-16 00:40:24,485] {logging_mixin.py:109} INFO - [2022-05-16 00:40:24,484] {dag.py:2398} INFO - Sync 1 DAGs
[2022-05-16 00:40:24,597] {logging_mixin.py:109} INFO - [2022-05-16 00:40:24,596] {dag.py:2937} INFO - Setting next_dagrun for tutorial to 2022-05-15T00:40:24.595613+00:00
[2022-05-16 00:40:24,664] {processor.py:171} INFO - Processing /home/airflow/.local/lib/python3.7/site-packages/airflow/example_dags/tutorial.py took 0.469 seconds
[2022-05-16 00:40:57,244] {processor.py:163} INFO - Started process (PID=11687) to work on /home/airflow/.local/lib/python3.7/site-packages/airflow/example_dags/tutorial.py
[2022-05-16 00:40:57,256] {processor.py:642} INFO - Processing file /home/airflow/.local/lib/python3.7/site-packages/airflow/example_dags/tutorial.py for tasks to queue
[2022-05-16 00:40:57,265] {logging_mixin.py:109} INFO - [2022-05-16 00:40:57,264] {dagbag.py:500} INFO - Filling up the DagBag from /home/airflow/.local/lib/python3.7/site-packages/airflow/example_dags/tutorial.py
[2022-05-16 00:40:57,414] {processor.py:652} INFO - DAG(s) dict_keys(['tutorial']) retrieved from /home/airflow/.local/lib/python3.7/site-packages/airflow/example_dags/tutorial.py
[2022-05-16 00:40:57,583] {logging_mixin.py:109} INFO - [2022-05-16 00:40:57,582] {dag.py:2398} INFO - Sync 1 DAGs
[2022-05-16 00:40:57,713] {logging_mixin.py:109} INFO - [2022-05-16 00:40:57,713] {dag.py:2937} INFO - Setting next_dagrun for tutorial to 2022-05-15T00:40:57.711707+00:00
[2022-05-16 00:40:57,791] {processor.py:171} INFO - Processing /home/airflow/.local/lib/python3.7/site-packages/airflow/example_dags/tutorial.py took 0.573 seconds
[2022-05-16 00:41:28,260] {processor.py:163} INFO - Started process (PID=11736) to work on /home/airflow/.local/lib/python3.7/site-packages/airflow/example_dags/tutorial.py
[2022-05-16 00:41:28,279] {processor.py:642} INFO - Processing file /home/airflow/.local/lib/python3.7/site-packages/airflow/example_dags/tutorial.py for tasks to queue
[2022-05-16 00:41:28,287] {logging_mixin.py:109} INFO - [2022-05-16 00:41:28,286] {dagbag.py:500} INFO - Filling up the DagBag from /home/airflow/.local/lib/python3.7/site-packages/airflow/example_dags/tutorial.py
[2022-05-16 00:41:28,423] {processor.py:652} INFO - DAG(s) dict_keys(['tutorial']) retrieved from /home/airflow/.local/lib/python3.7/site-packages/airflow/example_dags/tutorial.py
[2022-05-16 00:41:28,588] {logging_mixin.py:109} INFO - [2022-05-16 00:41:28,587] {dag.py:2398} INFO - Sync 1 DAGs
[2022-05-16 00:41:28,738] {logging_mixin.py:109} INFO - [2022-05-16 00:41:28,738] {dag.py:2937} INFO - Setting next_dagrun for tutorial to 2022-05-15T00:41:28.736802+00:00
[2022-05-16 00:41:28,813] {processor.py:171} INFO - Processing /home/airflow/.local/lib/python3.7/site-packages/airflow/example_dags/tutorial.py took 0.576 seconds
[2022-05-16 00:42:00,551] {processor.py:163} INFO - Started process (PID=11781) to work on /home/airflow/.local/lib/python3.7/site-packages/airflow/example_dags/tutorial.py
[2022-05-16 00:42:00,563] {processor.py:642} INFO - Processing file /home/airflow/.local/lib/python3.7/site-packages/airflow/example_dags/tutorial.py for tasks to queue
[2022-05-16 00:42:00,570] {logging_mixin.py:109} INFO - [2022-05-16 00:42:00,569] {dagbag.py:500} INFO - Filling up the DagBag from /home/airflow/.local/lib/python3.7/site-packages/airflow/example_dags/tutorial.py
[2022-05-16 00:42:00,665] {processor.py:652} INFO - DAG(s) dict_keys(['tutorial']) retrieved from /home/airflow/.local/lib/python3.7/site-packages/airflow/example_dags/tutorial.py
[2022-05-16 00:42:00,838] {logging_mixin.py:109} INFO - [2022-05-16 00:42:00,837] {dag.py:2398} INFO - Sync 1 DAGs
[2022-05-16 00:42:00,957] {logging_mixin.py:109} INFO - [2022-05-16 00:42:00,957] {dag.py:2937} INFO - Setting next_dagrun for tutorial to 2022-05-15T00:42:00.956169+00:00
[2022-05-16 00:42:01,018] {processor.py:171} INFO - Processing /home/airflow/.local/lib/python3.7/site-packages/airflow/example_dags/tutorial.py took 0.485 seconds
[2022-05-16 00:42:31,310] {processor.py:163} INFO - Started process (PID=11832) to work on /home/airflow/.local/lib/python3.7/site-packages/airflow/example_dags/tutorial.py
[2022-05-16 00:42:31,320] {processor.py:642} INFO - Processing file /home/airflow/.local/lib/python3.7/site-packages/airflow/example_dags/tutorial.py for tasks to queue
[2022-05-16 00:42:31,329] {logging_mixin.py:109} INFO - [2022-05-16 00:42:31,328] {dagbag.py:500} INFO - Filling up the DagBag from /home/airflow/.local/lib/python3.7/site-packages/airflow/example_dags/tutorial.py
[2022-05-16 00:42:31,419] {processor.py:652} INFO - DAG(s) dict_keys(['tutorial']) retrieved from /home/airflow/.local/lib/python3.7/site-packages/airflow/example_dags/tutorial.py
[2022-05-16 00:42:31,543] {logging_mixin.py:109} INFO - [2022-05-16 00:42:31,543] {dag.py:2398} INFO - Sync 1 DAGs
[2022-05-16 00:42:31,643] {logging_mixin.py:109} INFO - [2022-05-16 00:42:31,642] {dag.py:2937} INFO - Setting next_dagrun for tutorial to 2022-05-15T00:42:31.641730+00:00
[2022-05-16 00:42:31,697] {processor.py:171} INFO - Processing /home/airflow/.local/lib/python3.7/site-packages/airflow/example_dags/tutorial.py took 0.406 seconds
[2022-05-16 00:43:03,195] {processor.py:163} INFO - Started process (PID=11873) to work on /home/airflow/.local/lib/python3.7/site-packages/airflow/example_dags/tutorial.py
[2022-05-16 00:43:03,217] {processor.py:642} INFO - Processing file /home/airflow/.local/lib/python3.7/site-packages/airflow/example_dags/tutorial.py for tasks to queue
[2022-05-16 00:43:03,227] {logging_mixin.py:109} INFO - [2022-05-16 00:43:03,225] {dagbag.py:500} INFO - Filling up the DagBag from /home/airflow/.local/lib/python3.7/site-packages/airflow/example_dags/tutorial.py
[2022-05-16 00:43:03,359] {processor.py:652} INFO - DAG(s) dict_keys(['tutorial']) retrieved from /home/airflow/.local/lib/python3.7/site-packages/airflow/example_dags/tutorial.py
[2022-05-16 00:43:03,528] {logging_mixin.py:109} INFO - [2022-05-16 00:43:03,527] {dag.py:2398} INFO - Sync 1 DAGs
[2022-05-16 00:43:03,677] {logging_mixin.py:109} INFO - [2022-05-16 00:43:03,676] {dag.py:2937} INFO - Setting next_dagrun for tutorial to 2022-05-15T00:43:03.674704+00:00
[2022-05-16 00:43:03,741] {processor.py:171} INFO - Processing /home/airflow/.local/lib/python3.7/site-packages/airflow/example_dags/tutorial.py took 0.576 seconds
[2022-05-16 00:43:35,671] {processor.py:163} INFO - Started process (PID=11925) to work on /home/airflow/.local/lib/python3.7/site-packages/airflow/example_dags/tutorial.py
[2022-05-16 00:43:35,707] {processor.py:642} INFO - Processing file /home/airflow/.local/lib/python3.7/site-packages/airflow/example_dags/tutorial.py for tasks to queue
[2022-05-16 00:43:35,722] {logging_mixin.py:109} INFO - [2022-05-16 00:43:35,721] {dagbag.py:500} INFO - Filling up the DagBag from /home/airflow/.local/lib/python3.7/site-packages/airflow/example_dags/tutorial.py
[2022-05-16 00:43:35,853] {processor.py:652} INFO - DAG(s) dict_keys(['tutorial']) retrieved from /home/airflow/.local/lib/python3.7/site-packages/airflow/example_dags/tutorial.py
[2022-05-16 00:43:36,016] {logging_mixin.py:109} INFO - [2022-05-16 00:43:36,014] {dag.py:2398} INFO - Sync 1 DAGs
[2022-05-16 00:43:36,133] {logging_mixin.py:109} INFO - [2022-05-16 00:43:36,133] {dag.py:2937} INFO - Setting next_dagrun for tutorial to 2022-05-15T00:43:36.131690+00:00
[2022-05-16 00:43:36,197] {processor.py:171} INFO - Processing /home/airflow/.local/lib/python3.7/site-packages/airflow/example_dags/tutorial.py took 0.555 seconds
[2022-05-16 00:44:07,913] {processor.py:163} INFO - Started process (PID=11976) to work on /home/airflow/.local/lib/python3.7/site-packages/airflow/example_dags/tutorial.py
[2022-05-16 00:44:07,925] {processor.py:642} INFO - Processing file /home/airflow/.local/lib/python3.7/site-packages/airflow/example_dags/tutorial.py for tasks to queue
[2022-05-16 00:44:07,936] {logging_mixin.py:109} INFO - [2022-05-16 00:44:07,934] {dagbag.py:500} INFO - Filling up the DagBag from /home/airflow/.local/lib/python3.7/site-packages/airflow/example_dags/tutorial.py
[2022-05-16 00:44:08,051] {processor.py:652} INFO - DAG(s) dict_keys(['tutorial']) retrieved from /home/airflow/.local/lib/python3.7/site-packages/airflow/example_dags/tutorial.py
[2022-05-16 01:14:04,969] {logging_mixin.py:109} INFO - [2022-05-16 01:14:04,969] {dag.py:2398} INFO - Sync 1 DAGs
[2022-05-16 01:14:05,068] {logging_mixin.py:109} INFO - [2022-05-16 01:14:05,068] {dag.py:2937} INFO - Setting next_dagrun for tutorial to 2022-05-15T01:14:05.066431+00:00
[2022-05-16 01:14:05,149] {processor.py:171} INFO - Processing /home/airflow/.local/lib/python3.7/site-packages/airflow/example_dags/tutorial.py took 0.510 seconds
[2022-05-16 01:14:25,048] {processor.py:163} INFO - Started process (PID=12011) to work on /home/airflow/.local/lib/python3.7/site-packages/airflow/example_dags/tutorial.py
[2022-05-16 01:14:25,073] {processor.py:642} INFO - Processing file /home/airflow/.local/lib/python3.7/site-packages/airflow/example_dags/tutorial.py for tasks to queue
[2022-05-16 01:14:25,124] {logging_mixin.py:109} INFO - [2022-05-16 01:14:25,095] {dagbag.py:500} INFO - Filling up the DagBag from /home/airflow/.local/lib/python3.7/site-packages/airflow/example_dags/tutorial.py
[2022-05-16 01:14:25,262] {processor.py:652} INFO - DAG(s) dict_keys(['tutorial']) retrieved from /home/airflow/.local/lib/python3.7/site-packages/airflow/example_dags/tutorial.py
[2022-05-16 01:14:25,496] {logging_mixin.py:109} INFO - [2022-05-16 01:14:25,496] {dag.py:2398} INFO - Sync 1 DAGs
[2022-05-16 01:14:25,669] {logging_mixin.py:109} INFO - [2022-05-16 01:14:25,663] {dag.py:2937} INFO - Setting next_dagrun for tutorial to 2022-05-15T01:14:25.661956+00:00
[2022-05-16 01:14:25,779] {processor.py:171} INFO - Processing /home/airflow/.local/lib/python3.7/site-packages/airflow/example_dags/tutorial.py took 0.767 seconds
[2022-05-16 01:15:00,242] {processor.py:163} INFO - Started process (PID=12054) to work on /home/airflow/.local/lib/python3.7/site-packages/airflow/example_dags/tutorial.py
[2022-05-16 01:15:00,269] {processor.py:642} INFO - Processing file /home/airflow/.local/lib/python3.7/site-packages/airflow/example_dags/tutorial.py for tasks to queue
[2022-05-16 01:15:00,288] {logging_mixin.py:109} INFO - [2022-05-16 01:15:00,287] {dagbag.py:500} INFO - Filling up the DagBag from /home/airflow/.local/lib/python3.7/site-packages/airflow/example_dags/tutorial.py
[2022-05-16 01:15:00,429] {processor.py:652} INFO - DAG(s) dict_keys(['tutorial']) retrieved from /home/airflow/.local/lib/python3.7/site-packages/airflow/example_dags/tutorial.py
[2022-05-16 01:15:00,744] {logging_mixin.py:109} INFO - [2022-05-16 01:15:00,743] {dag.py:2398} INFO - Sync 1 DAGs
[2022-05-16 01:15:00,934] {logging_mixin.py:109} INFO - [2022-05-16 01:15:00,933] {dag.py:2937} INFO - Setting next_dagrun for tutorial to 2022-05-15T01:15:00.930583+00:00
[2022-05-16 01:15:01,031] {processor.py:171} INFO - Processing /home/airflow/.local/lib/python3.7/site-packages/airflow/example_dags/tutorial.py took 0.863 seconds
[2022-05-16 01:15:32,200] {processor.py:163} INFO - Started process (PID=12108) to work on /home/airflow/.local/lib/python3.7/site-packages/airflow/example_dags/tutorial.py
[2022-05-16 01:15:32,216] {processor.py:642} INFO - Processing file /home/airflow/.local/lib/python3.7/site-packages/airflow/example_dags/tutorial.py for tasks to queue
[2022-05-16 01:15:32,225] {logging_mixin.py:109} INFO - [2022-05-16 01:15:32,224] {dagbag.py:500} INFO - Filling up the DagBag from /home/airflow/.local/lib/python3.7/site-packages/airflow/example_dags/tutorial.py
[2022-05-16 01:15:32,271] {processor.py:652} INFO - DAG(s) dict_keys(['tutorial']) retrieved from /home/airflow/.local/lib/python3.7/site-packages/airflow/example_dags/tutorial.py
[2022-05-16 01:15:32,397] {logging_mixin.py:109} INFO - [2022-05-16 01:15:32,397] {dag.py:2398} INFO - Sync 1 DAGs
[2022-05-16 01:15:32,495] {logging_mixin.py:109} INFO - [2022-05-16 01:15:32,495] {dag.py:2937} INFO - Setting next_dagrun for tutorial to 2022-05-15T01:15:32.493971+00:00
[2022-05-16 01:15:32,562] {processor.py:171} INFO - Processing /home/airflow/.local/lib/python3.7/site-packages/airflow/example_dags/tutorial.py took 0.390 seconds
[2022-05-16 01:16:03,213] {processor.py:163} INFO - Started process (PID=12159) to work on /home/airflow/.local/lib/python3.7/site-packages/airflow/example_dags/tutorial.py
[2022-05-16 01:16:03,221] {processor.py:642} INFO - Processing file /home/airflow/.local/lib/python3.7/site-packages/airflow/example_dags/tutorial.py for tasks to queue
[2022-05-16 01:16:03,231] {logging_mixin.py:109} INFO - [2022-05-16 01:16:03,229] {dagbag.py:500} INFO - Filling up the DagBag from /home/airflow/.local/lib/python3.7/site-packages/airflow/example_dags/tutorial.py
[2022-05-16 01:16:03,270] {processor.py:652} INFO - DAG(s) dict_keys(['tutorial']) retrieved from /home/airflow/.local/lib/python3.7/site-packages/airflow/example_dags/tutorial.py
[2022-05-16 01:16:03,395] {logging_mixin.py:109} INFO - [2022-05-16 01:16:03,394] {dag.py:2398} INFO - Sync 1 DAGs
[2022-05-16 01:16:03,484] {logging_mixin.py:109} INFO - [2022-05-16 01:16:03,483] {dag.py:2937} INFO - Setting next_dagrun for tutorial to 2022-05-15T01:16:03.482051+00:00
[2022-05-16 01:16:03,536] {processor.py:171} INFO - Processing /home/airflow/.local/lib/python3.7/site-packages/airflow/example_dags/tutorial.py took 0.338 seconds
[2022-05-16 01:16:33,825] {processor.py:163} INFO - Started process (PID=12204) to work on /home/airflow/.local/lib/python3.7/site-packages/airflow/example_dags/tutorial.py
[2022-05-16 01:16:33,837] {processor.py:642} INFO - Processing file /home/airflow/.local/lib/python3.7/site-packages/airflow/example_dags/tutorial.py for tasks to queue
[2022-05-16 01:16:33,846] {logging_mixin.py:109} INFO - [2022-05-16 01:16:33,846] {dagbag.py:500} INFO - Filling up the DagBag from /home/airflow/.local/lib/python3.7/site-packages/airflow/example_dags/tutorial.py
[2022-05-16 01:16:33,893] {processor.py:652} INFO - DAG(s) dict_keys(['tutorial']) retrieved from /home/airflow/.local/lib/python3.7/site-packages/airflow/example_dags/tutorial.py
[2022-05-16 01:16:34,013] {logging_mixin.py:109} INFO - [2022-05-16 01:16:34,013] {dag.py:2398} INFO - Sync 1 DAGs
[2022-05-16 01:16:34,094] {logging_mixin.py:109} INFO - [2022-05-16 01:16:34,094] {dag.py:2937} INFO - Setting next_dagrun for tutorial to 2022-05-15T01:16:34.093077+00:00
[2022-05-16 01:16:34,147] {processor.py:171} INFO - Processing /home/airflow/.local/lib/python3.7/site-packages/airflow/example_dags/tutorial.py took 0.341 seconds
[2022-05-16 01:17:04,830] {processor.py:163} INFO - Started process (PID=12257) to work on /home/airflow/.local/lib/python3.7/site-packages/airflow/example_dags/tutorial.py
[2022-05-16 01:17:04,821] {processor.py:642} INFO - Processing file /home/airflow/.local/lib/python3.7/site-packages/airflow/example_dags/tutorial.py for tasks to queue
[2022-05-16 01:17:04,828] {logging_mixin.py:109} INFO - [2022-05-16 01:17:04,827] {dagbag.py:500} INFO - Filling up the DagBag from /home/airflow/.local/lib/python3.7/site-packages/airflow/example_dags/tutorial.py
[2022-05-16 01:17:04,876] {processor.py:652} INFO - DAG(s) dict_keys(['tutorial']) retrieved from /home/airflow/.local/lib/python3.7/site-packages/airflow/example_dags/tutorial.py
[2022-05-16 01:17:04,981] {logging_mixin.py:109} INFO - [2022-05-16 01:17:04,981] {dag.py:2398} INFO - Sync 1 DAGs
[2022-05-16 01:17:05,090] {logging_mixin.py:109} INFO - [2022-05-16 01:17:05,090] {dag.py:2937} INFO - Setting next_dagrun for tutorial to 2022-05-15T01:17:05.088913+00:00
[2022-05-16 01:17:05,140] {processor.py:171} INFO - Processing /home/airflow/.local/lib/python3.7/site-packages/airflow/example_dags/tutorial.py took 0.354 seconds
[2022-05-16 01:17:35,558] {processor.py:163} INFO - Started process (PID=12299) to work on /home/airflow/.local/lib/python3.7/site-packages/airflow/example_dags/tutorial.py
[2022-05-16 01:17:35,566] {processor.py:642} INFO - Processing file /home/airflow/.local/lib/python3.7/site-packages/airflow/example_dags/tutorial.py for tasks to queue
[2022-05-16 01:17:35,571] {logging_mixin.py:109} INFO - [2022-05-16 01:17:35,571] {dagbag.py:500} INFO - Filling up the DagBag from /home/airflow/.local/lib/python3.7/site-packages/airflow/example_dags/tutorial.py
[2022-05-16 01:17:35,609] {processor.py:652} INFO - DAG(s) dict_keys(['tutorial']) retrieved from /home/airflow/.local/lib/python3.7/site-packages/airflow/example_dags/tutorial.py
[2022-05-16 01:17:35,710] {logging_mixin.py:109} INFO - [2022-05-16 01:17:35,710] {dag.py:2398} INFO - Sync 1 DAGs
[2022-05-16 01:17:35,793] {logging_mixin.py:109} INFO - [2022-05-16 01:17:35,793] {dag.py:2937} INFO - Setting next_dagrun for tutorial to 2022-05-15T01:17:35.792134+00:00
[2022-05-16 01:17:35,847] {processor.py:171} INFO - Processing /home/airflow/.local/lib/python3.7/site-packages/airflow/example_dags/tutorial.py took 0.305 seconds
[2022-05-16 01:18:07,498] {processor.py:163} INFO - Started process (PID=12351) to work on /home/airflow/.local/lib/python3.7/site-packages/airflow/example_dags/tutorial.py
[2022-05-16 01:18:07,523] {processor.py:642} INFO - Processing file /home/airflow/.local/lib/python3.7/site-packages/airflow/example_dags/tutorial.py for tasks to queue
[2022-05-16 01:18:07,531] {logging_mixin.py:109} INFO - [2022-05-16 01:18:07,530] {dagbag.py:500} INFO - Filling up the DagBag from /home/airflow/.local/lib/python3.7/site-packages/airflow/example_dags/tutorial.py
[2022-05-16 01:18:07,575] {processor.py:652} INFO - DAG(s) dict_keys(['tutorial']) retrieved from /home/airflow/.local/lib/python3.7/site-packages/airflow/example_dags/tutorial.py
[2022-05-16 01:18:07,731] {logging_mixin.py:109} INFO - [2022-05-16 01:18:07,731] {dag.py:2398} INFO - Sync 1 DAGs
[2022-05-16 01:18:07,817] {logging_mixin.py:109} INFO - [2022-05-16 01:18:07,816] {dag.py:2937} INFO - Setting next_dagrun for tutorial to 2022-05-15T01:18:07.814923+00:00
[2022-05-16 01:18:07,875] {processor.py:171} INFO - Processing /home/airflow/.local/lib/python3.7/site-packages/airflow/example_dags/tutorial.py took 0.417 seconds
[2022-05-16 01:18:38,151] {processor.py:163} INFO - Started process (PID=12402) to work on /home/airflow/.local/lib/python3.7/site-packages/airflow/example_dags/tutorial.py
[2022-05-16 01:18:38,163] {processor.py:642} INFO - Processing file /home/airflow/.local/lib/python3.7/site-packages/airflow/example_dags/tutorial.py for tasks to queue
[2022-05-16 01:18:38,170] {logging_mixin.py:109} INFO - [2022-05-16 01:18:38,169] {dagbag.py:500} INFO - Filling up the DagBag from /home/airflow/.local/lib/python3.7/site-packages/airflow/example_dags/tutorial.py
[2022-05-16 01:18:38,209] {processor.py:652} INFO - DAG(s) dict_keys(['tutorial']) retrieved from /home/airflow/.local/lib/python3.7/site-packages/airflow/example_dags/tutorial.py
[2022-05-16 01:18:38,321] {logging_mixin.py:109} INFO - [2022-05-16 01:18:38,320] {dag.py:2398} INFO - Sync 1 DAGs
[2022-05-16 01:18:38,405] {logging_mixin.py:109} INFO - [2022-05-16 01:18:38,405] {dag.py:2937} INFO - Setting next_dagrun for tutorial to 2022-05-15T01:18:38.403955+00:00
[2022-05-16 01:18:38,456] {processor.py:171} INFO - Processing /home/airflow/.local/lib/python3.7/site-packages/airflow/example_dags/tutorial.py took 0.323 seconds
[2022-05-16 01:19:10,454] {processor.py:163} INFO - Started process (PID=12447) to work on /home/airflow/.local/lib/python3.7/site-packages/airflow/example_dags/tutorial.py
[2022-05-16 01:19:10,463] {processor.py:642} INFO - Processing file /home/airflow/.local/lib/python3.7/site-packages/airflow/example_dags/tutorial.py for tasks to queue
[2022-05-16 01:19:10,471] {logging_mixin.py:109} INFO - [2022-05-16 01:19:10,471] {dagbag.py:500} INFO - Filling up the DagBag from /home/airflow/.local/lib/python3.7/site-packages/airflow/example_dags/tutorial.py
[2022-05-16 01:19:10,509] {processor.py:652} INFO - DAG(s) dict_keys(['tutorial']) retrieved from /home/airflow/.local/lib/python3.7/site-packages/airflow/example_dags/tutorial.py
[2022-05-16 01:19:10,627] {logging_mixin.py:109} INFO - [2022-05-16 01:19:10,626] {dag.py:2398} INFO - Sync 1 DAGs
[2022-05-16 01:19:10,713] {logging_mixin.py:109} INFO - [2022-05-16 01:19:10,713] {dag.py:2937} INFO - Setting next_dagrun for tutorial to 2022-05-15T01:19:10.711583+00:00
[2022-05-16 01:19:10,761] {processor.py:171} INFO - Processing /home/airflow/.local/lib/python3.7/site-packages/airflow/example_dags/tutorial.py took 0.325 seconds
[2022-05-16 01:19:42,492] {processor.py:163} INFO - Started process (PID=12500) to work on /home/airflow/.local/lib/python3.7/site-packages/airflow/example_dags/tutorial.py
[2022-05-16 01:19:42,500] {processor.py:642} INFO - Processing file /home/airflow/.local/lib/python3.7/site-packages/airflow/example_dags/tutorial.py for tasks to queue
[2022-05-16 01:19:42,506] {logging_mixin.py:109} INFO - [2022-05-16 01:19:42,505] {dagbag.py:500} INFO - Filling up the DagBag from /home/airflow/.local/lib/python3.7/site-packages/airflow/example_dags/tutorial.py
[2022-05-16 01:19:42,550] {processor.py:652} INFO - DAG(s) dict_keys(['tutorial']) retrieved from /home/airflow/.local/lib/python3.7/site-packages/airflow/example_dags/tutorial.py
[2022-05-16 01:19:42,675] {logging_mixin.py:109} INFO - [2022-05-16 01:19:42,674] {dag.py:2398} INFO - Sync 1 DAGs
[2022-05-16 01:19:42,765] {logging_mixin.py:109} INFO - [2022-05-16 01:19:42,764] {dag.py:2937} INFO - Setting next_dagrun for tutorial to 2022-05-15T01:19:42.763223+00:00
[2022-05-16 01:19:42,816] {processor.py:171} INFO - Processing /home/airflow/.local/lib/python3.7/site-packages/airflow/example_dags/tutorial.py took 0.361 seconds
[2022-05-16 01:20:13,697] {processor.py:163} INFO - Started process (PID=12543) to work on /home/airflow/.local/lib/python3.7/site-packages/airflow/example_dags/tutorial.py
[2022-05-16 01:20:13,700] {processor.py:642} INFO - Processing file /home/airflow/.local/lib/python3.7/site-packages/airflow/example_dags/tutorial.py for tasks to queue
[2022-05-16 01:20:13,702] {logging_mixin.py:109} INFO - [2022-05-16 01:20:13,702] {dagbag.py:500} INFO - Filling up the DagBag from /home/airflow/.local/lib/python3.7/site-packages/airflow/example_dags/tutorial.py
[2022-05-16 01:20:13,715] {processor.py:652} INFO - DAG(s) dict_keys(['tutorial']) retrieved from /home/airflow/.local/lib/python3.7/site-packages/airflow/example_dags/tutorial.py
[2022-05-16 01:20:13,756] {logging_mixin.py:109} INFO - [2022-05-16 01:20:13,756] {dag.py:2398} INFO - Sync 1 DAGs
[2022-05-16 01:20:13,792] {logging_mixin.py:109} INFO - [2022-05-16 01:20:13,792] {dag.py:2937} INFO - Setting next_dagrun for tutorial to 2022-05-15T01:20:13.791938+00:00
[2022-05-16 01:20:13,808] {processor.py:171} INFO - Processing /home/airflow/.local/lib/python3.7/site-packages/airflow/example_dags/tutorial.py took 0.118 seconds
[2022-05-16 01:50:44,665] {processor.py:163} INFO - Started process (PID=12602) to work on /home/airflow/.local/lib/python3.7/site-packages/airflow/example_dags/tutorial.py
[2022-05-16 01:50:44,675] {processor.py:642} INFO - Processing file /home/airflow/.local/lib/python3.7/site-packages/airflow/example_dags/tutorial.py for tasks to queue
[2022-05-16 01:50:44,688] {logging_mixin.py:109} INFO - [2022-05-16 01:50:44,687] {dagbag.py:500} INFO - Filling up the DagBag from /home/airflow/.local/lib/python3.7/site-packages/airflow/example_dags/tutorial.py
[2022-05-16 01:50:44,784] {processor.py:652} INFO - DAG(s) dict_keys(['tutorial']) retrieved from /home/airflow/.local/lib/python3.7/site-packages/airflow/example_dags/tutorial.py
[2022-05-16 01:50:44,976] {logging_mixin.py:109} INFO - [2022-05-16 01:50:44,975] {dag.py:2398} INFO - Sync 1 DAGs
[2022-05-16 01:50:45,141] {logging_mixin.py:109} INFO - [2022-05-16 01:50:45,140] {dag.py:2937} INFO - Setting next_dagrun for tutorial to 2022-05-15T01:50:45.139380+00:00
[2022-05-16 01:50:45,214] {processor.py:171} INFO - Processing /home/airflow/.local/lib/python3.7/site-packages/airflow/example_dags/tutorial.py took 0.589 seconds
[2022-05-16 01:51:19,482] {processor.py:163} INFO - Started process (PID=12653) to work on /home/airflow/.local/lib/python3.7/site-packages/airflow/example_dags/tutorial.py
[2022-05-16 01:51:19,492] {processor.py:642} INFO - Processing file /home/airflow/.local/lib/python3.7/site-packages/airflow/example_dags/tutorial.py for tasks to queue
[2022-05-16 01:51:19,497] {logging_mixin.py:109} INFO - [2022-05-16 01:51:19,497] {dagbag.py:500} INFO - Filling up the DagBag from /home/airflow/.local/lib/python3.7/site-packages/airflow/example_dags/tutorial.py
[2022-05-16 01:51:19,543] {processor.py:652} INFO - DAG(s) dict_keys(['tutorial']) retrieved from /home/airflow/.local/lib/python3.7/site-packages/airflow/example_dags/tutorial.py
[2022-05-16 01:51:19,680] {logging_mixin.py:109} INFO - [2022-05-16 01:51:19,680] {dag.py:2398} INFO - Sync 1 DAGs
[2022-05-16 01:51:19,778] {logging_mixin.py:109} INFO - [2022-05-16 01:51:19,778] {dag.py:2937} INFO - Setting next_dagrun for tutorial to 2022-05-15T01:51:19.776997+00:00
[2022-05-16 01:51:19,835] {processor.py:171} INFO - Processing /home/airflow/.local/lib/python3.7/site-packages/airflow/example_dags/tutorial.py took 0.383 seconds
[2022-05-16 01:51:50,024] {processor.py:163} INFO - Started process (PID=12703) to work on /home/airflow/.local/lib/python3.7/site-packages/airflow/example_dags/tutorial.py
[2022-05-16 01:51:50,039] {processor.py:642} INFO - Processing file /home/airflow/.local/lib/python3.7/site-packages/airflow/example_dags/tutorial.py for tasks to queue
[2022-05-16 01:51:50,054] {logging_mixin.py:109} INFO - [2022-05-16 01:51:50,053] {dagbag.py:500} INFO - Filling up the DagBag from /home/airflow/.local/lib/python3.7/site-packages/airflow/example_dags/tutorial.py
[2022-05-16 01:51:50,123] {processor.py:652} INFO - DAG(s) dict_keys(['tutorial']) retrieved from /home/airflow/.local/lib/python3.7/site-packages/airflow/example_dags/tutorial.py
[2022-05-16 01:51:50,246] {logging_mixin.py:109} INFO - [2022-05-16 01:51:50,246] {dag.py:2398} INFO - Sync 1 DAGs
[2022-05-16 01:51:50,339] {logging_mixin.py:109} INFO - [2022-05-16 01:51:50,339] {dag.py:2937} INFO - Setting next_dagrun for tutorial to 2022-05-15T01:51:50.337953+00:00
[2022-05-16 01:51:50,402] {processor.py:171} INFO - Processing /home/airflow/.local/lib/python3.7/site-packages/airflow/example_dags/tutorial.py took 0.405 seconds
[2022-05-16 01:52:21,279] {processor.py:163} INFO - Started process (PID=12747) to work on /home/airflow/.local/lib/python3.7/site-packages/airflow/example_dags/tutorial.py
[2022-05-16 01:52:21,290] {processor.py:642} INFO - Processing file /home/airflow/.local/lib/python3.7/site-packages/airflow/example_dags/tutorial.py for tasks to queue
[2022-05-16 01:52:21,296] {logging_mixin.py:109} INFO - [2022-05-16 01:52:21,296] {dagbag.py:500} INFO - Filling up the DagBag from /home/airflow/.local/lib/python3.7/site-packages/airflow/example_dags/tutorial.py
[2022-05-16 01:52:21,346] {processor.py:652} INFO - DAG(s) dict_keys(['tutorial']) retrieved from /home/airflow/.local/lib/python3.7/site-packages/airflow/example_dags/tutorial.py
[2022-05-16 01:52:21,464] {logging_mixin.py:109} INFO - [2022-05-16 01:52:21,463] {dag.py:2398} INFO - Sync 1 DAGs
[2022-05-16 01:52:21,550] {logging_mixin.py:109} INFO - [2022-05-16 01:52:21,549] {dag.py:2937} INFO - Setting next_dagrun for tutorial to 2022-05-15T01:52:21.548423+00:00
[2022-05-16 01:52:21,602] {processor.py:171} INFO - Processing /home/airflow/.local/lib/python3.7/site-packages/airflow/example_dags/tutorial.py took 0.355 seconds
[2022-05-16 01:52:52,319] {processor.py:163} INFO - Started process (PID=12799) to work on /home/airflow/.local/lib/python3.7/site-packages/airflow/example_dags/tutorial.py
[2022-05-16 01:52:52,330] {processor.py:642} INFO - Processing file /home/airflow/.local/lib/python3.7/site-packages/airflow/example_dags/tutorial.py for tasks to queue
[2022-05-16 01:52:52,336] {logging_mixin.py:109} INFO - [2022-05-16 01:52:52,335] {dagbag.py:500} INFO - Filling up the DagBag from /home/airflow/.local/lib/python3.7/site-packages/airflow/example_dags/tutorial.py
[2022-05-16 01:52:52,377] {processor.py:652} INFO - DAG(s) dict_keys(['tutorial']) retrieved from /home/airflow/.local/lib/python3.7/site-packages/airflow/example_dags/tutorial.py
[2022-05-16 01:52:52,485] {logging_mixin.py:109} INFO - [2022-05-16 01:52:52,484] {dag.py:2398} INFO - Sync 1 DAGs
[2022-05-16 01:52:52,596] {logging_mixin.py:109} INFO - [2022-05-16 01:52:52,594] {dag.py:2937} INFO - Setting next_dagrun for tutorial to 2022-05-15T01:52:52.588275+00:00
[2022-05-16 01:52:52,681] {processor.py:171} INFO - Processing /home/airflow/.local/lib/python3.7/site-packages/airflow/example_dags/tutorial.py took 0.386 seconds
[2022-05-16 01:53:23,103] {processor.py:163} INFO - Started process (PID=12841) to work on /home/airflow/.local/lib/python3.7/site-packages/airflow/example_dags/tutorial.py
[2022-05-16 01:53:23,113] {processor.py:642} INFO - Processing file /home/airflow/.local/lib/python3.7/site-packages/airflow/example_dags/tutorial.py for tasks to queue
[2022-05-16 01:53:23,120] {logging_mixin.py:109} INFO - [2022-05-16 01:53:23,119] {dagbag.py:500} INFO - Filling up the DagBag from /home/airflow/.local/lib/python3.7/site-packages/airflow/example_dags/tutorial.py
[2022-05-16 01:53:23,162] {processor.py:652} INFO - DAG(s) dict_keys(['tutorial']) retrieved from /home/airflow/.local/lib/python3.7/site-packages/airflow/example_dags/tutorial.py
[2022-05-16 01:53:23,282] {logging_mixin.py:109} INFO - [2022-05-16 01:53:23,282] {dag.py:2398} INFO - Sync 1 DAGs
[2022-05-16 01:53:23,394] {logging_mixin.py:109} INFO - [2022-05-16 01:53:23,394] {dag.py:2937} INFO - Setting next_dagrun for tutorial to 2022-05-15T01:53:23.393245+00:00
[2022-05-16 01:53:23,447] {processor.py:171} INFO - Processing /home/airflow/.local/lib/python3.7/site-packages/airflow/example_dags/tutorial.py took 0.364 seconds
[2022-05-16 01:53:54,629] {processor.py:163} INFO - Started process (PID=12892) to work on /home/airflow/.local/lib/python3.7/site-packages/airflow/example_dags/tutorial.py
[2022-05-16 01:53:54,639] {processor.py:642} INFO - Processing file /home/airflow/.local/lib/python3.7/site-packages/airflow/example_dags/tutorial.py for tasks to queue
[2022-05-16 01:53:54,645] {logging_mixin.py:109} INFO - [2022-05-16 01:53:54,644] {dagbag.py:500} INFO - Filling up the DagBag from /home/airflow/.local/lib/python3.7/site-packages/airflow/example_dags/tutorial.py
[2022-05-16 01:53:54,685] {processor.py:652} INFO - DAG(s) dict_keys(['tutorial']) retrieved from /home/airflow/.local/lib/python3.7/site-packages/airflow/example_dags/tutorial.py
[2022-05-16 01:53:54,794] {logging_mixin.py:109} INFO - [2022-05-16 01:53:54,794] {dag.py:2398} INFO - Sync 1 DAGs
[2022-05-16 01:53:54,884] {logging_mixin.py:109} INFO - [2022-05-16 01:53:54,884] {dag.py:2937} INFO - Setting next_dagrun for tutorial to 2022-05-15T01:53:54.883050+00:00
[2022-05-16 01:53:54,940] {processor.py:171} INFO - Processing /home/airflow/.local/lib/python3.7/site-packages/airflow/example_dags/tutorial.py took 0.329 seconds
[2022-05-16 01:54:26,894] {processor.py:163} INFO - Started process (PID=12945) to work on /home/airflow/.local/lib/python3.7/site-packages/airflow/example_dags/tutorial.py
[2022-05-16 01:54:26,947] {processor.py:642} INFO - Processing file /home/airflow/.local/lib/python3.7/site-packages/airflow/example_dags/tutorial.py for tasks to queue
[2022-05-16 01:54:26,976] {logging_mixin.py:109} INFO - [2022-05-16 01:54:26,975] {dagbag.py:500} INFO - Filling up the DagBag from /home/airflow/.local/lib/python3.7/site-packages/airflow/example_dags/tutorial.py
[2022-05-16 01:54:27,053] {processor.py:652} INFO - DAG(s) dict_keys(['tutorial']) retrieved from /home/airflow/.local/lib/python3.7/site-packages/airflow/example_dags/tutorial.py
[2022-05-16 01:54:27,234] {logging_mixin.py:109} INFO - [2022-05-16 01:54:27,233] {dag.py:2398} INFO - Sync 1 DAGs
[2022-05-16 01:54:27,401] {logging_mixin.py:109} INFO - [2022-05-16 01:54:27,400] {dag.py:2937} INFO - Setting next_dagrun for tutorial to 2022-05-15T01:54:27.398799+00:00
[2022-05-16 01:54:27,482] {processor.py:171} INFO - Processing /home/airflow/.local/lib/python3.7/site-packages/airflow/example_dags/tutorial.py took 0.614 seconds
[2022-05-16 01:54:58,505] {processor.py:163} INFO - Started process (PID=12988) to work on /home/airflow/.local/lib/python3.7/site-packages/airflow/example_dags/tutorial.py
[2022-05-16 01:54:58,514] {processor.py:642} INFO - Processing file /home/airflow/.local/lib/python3.7/site-packages/airflow/example_dags/tutorial.py for tasks to queue
[2022-05-16 01:54:58,519] {logging_mixin.py:109} INFO - [2022-05-16 01:54:58,519] {dagbag.py:500} INFO - Filling up the DagBag from /home/airflow/.local/lib/python3.7/site-packages/airflow/example_dags/tutorial.py
[2022-05-16 01:54:58,559] {processor.py:652} INFO - DAG(s) dict_keys(['tutorial']) retrieved from /home/airflow/.local/lib/python3.7/site-packages/airflow/example_dags/tutorial.py
[2022-05-16 01:54:58,666] {logging_mixin.py:109} INFO - [2022-05-16 01:54:58,665] {dag.py:2398} INFO - Sync 1 DAGs
[2022-05-16 01:54:58,743] {logging_mixin.py:109} INFO - [2022-05-16 01:54:58,743] {dag.py:2937} INFO - Setting next_dagrun for tutorial to 2022-05-15T01:54:58.741701+00:00
[2022-05-16 01:54:58,789] {processor.py:171} INFO - Processing /home/airflow/.local/lib/python3.7/site-packages/airflow/example_dags/tutorial.py took 0.303 seconds
[2022-05-16 01:55:29,109] {processor.py:163} INFO - Started process (PID=13041) to work on /home/airflow/.local/lib/python3.7/site-packages/airflow/example_dags/tutorial.py
[2022-05-16 01:55:29,119] {processor.py:642} INFO - Processing file /home/airflow/.local/lib/python3.7/site-packages/airflow/example_dags/tutorial.py for tasks to queue
[2022-05-16 01:55:29,126] {logging_mixin.py:109} INFO - [2022-05-16 01:55:29,125] {dagbag.py:500} INFO - Filling up the DagBag from /home/airflow/.local/lib/python3.7/site-packages/airflow/example_dags/tutorial.py
[2022-05-16 01:55:29,170] {processor.py:652} INFO - DAG(s) dict_keys(['tutorial']) retrieved from /home/airflow/.local/lib/python3.7/site-packages/airflow/example_dags/tutorial.py
[2022-05-16 01:55:29,289] {logging_mixin.py:109} INFO - [2022-05-16 01:55:29,288] {dag.py:2398} INFO - Sync 1 DAGs
[2022-05-16 01:55:29,386] {logging_mixin.py:109} INFO - [2022-05-16 01:55:29,386] {dag.py:2937} INFO - Setting next_dagrun for tutorial to 2022-05-15T01:55:29.385156+00:00
[2022-05-16 01:55:29,431] {processor.py:171} INFO - Processing /home/airflow/.local/lib/python3.7/site-packages/airflow/example_dags/tutorial.py took 0.341 seconds
[2022-05-16 01:56:00,217] {processor.py:163} INFO - Started process (PID=13084) to work on /home/airflow/.local/lib/python3.7/site-packages/airflow/example_dags/tutorial.py
[2022-05-16 01:56:00,229] {processor.py:642} INFO - Processing file /home/airflow/.local/lib/python3.7/site-packages/airflow/example_dags/tutorial.py for tasks to queue
[2022-05-16 01:56:00,244] {logging_mixin.py:109} INFO - [2022-05-16 01:56:00,244] {dagbag.py:500} INFO - Filling up the DagBag from /home/airflow/.local/lib/python3.7/site-packages/airflow/example_dags/tutorial.py
[2022-05-16 01:56:00,288] {processor.py:652} INFO - DAG(s) dict_keys(['tutorial']) retrieved from /home/airflow/.local/lib/python3.7/site-packages/airflow/example_dags/tutorial.py
[2022-05-16 01:56:00,405] {logging_mixin.py:109} INFO - [2022-05-16 01:56:00,405] {dag.py:2398} INFO - Sync 1 DAGs
[2022-05-16 01:56:00,491] {logging_mixin.py:109} INFO - [2022-05-16 01:56:00,491] {dag.py:2937} INFO - Setting next_dagrun for tutorial to 2022-05-15T01:56:00.490106+00:00
[2022-05-16 01:56:00,541] {processor.py:171} INFO - Processing /home/airflow/.local/lib/python3.7/site-packages/airflow/example_dags/tutorial.py took 0.347 seconds
[2022-05-16 01:56:32,172] {processor.py:163} INFO - Started process (PID=13138) to work on /home/airflow/.local/lib/python3.7/site-packages/airflow/example_dags/tutorial.py
[2022-05-16 01:56:32,182] {processor.py:642} INFO - Processing file /home/airflow/.local/lib/python3.7/site-packages/airflow/example_dags/tutorial.py for tasks to queue
[2022-05-16 01:56:32,187] {logging_mixin.py:109} INFO - [2022-05-16 01:56:32,187] {dagbag.py:500} INFO - Filling up the DagBag from /home/airflow/.local/lib/python3.7/site-packages/airflow/example_dags/tutorial.py
[2022-05-16 01:56:32,225] {processor.py:652} INFO - DAG(s) dict_keys(['tutorial']) retrieved from /home/airflow/.local/lib/python3.7/site-packages/airflow/example_dags/tutorial.py
[2022-05-16 01:56:32,362] {logging_mixin.py:109} INFO - [2022-05-16 01:56:32,360] {dag.py:2398} INFO - Sync 1 DAGs
[2022-05-16 01:56:32,447] {logging_mixin.py:109} INFO - [2022-05-16 01:56:32,447] {dag.py:2937} INFO - Setting next_dagrun for tutorial to 2022-05-15T01:56:32.446014+00:00
[2022-05-16 01:56:32,493] {processor.py:171} INFO - Processing /home/airflow/.local/lib/python3.7/site-packages/airflow/example_dags/tutorial.py took 0.339 seconds
[2022-05-16 01:57:02,902] {processor.py:163} INFO - Started process (PID=13190) to work on /home/airflow/.local/lib/python3.7/site-packages/airflow/example_dags/tutorial.py
[2022-05-16 01:57:02,911] {processor.py:642} INFO - Processing file /home/airflow/.local/lib/python3.7/site-packages/airflow/example_dags/tutorial.py for tasks to queue
[2022-05-16 01:57:02,916] {logging_mixin.py:109} INFO - [2022-05-16 01:57:02,916] {dagbag.py:500} INFO - Filling up the DagBag from /home/airflow/.local/lib/python3.7/site-packages/airflow/example_dags/tutorial.py
[2022-05-16 01:57:02,957] {processor.py:652} INFO - DAG(s) dict_keys(['tutorial']) retrieved from /home/airflow/.local/lib/python3.7/site-packages/airflow/example_dags/tutorial.py
[2022-05-16 01:57:03,070] {logging_mixin.py:109} INFO - [2022-05-16 01:57:03,070] {dag.py:2398} INFO - Sync 1 DAGs
[2022-05-16 01:57:03,151] {logging_mixin.py:109} INFO - [2022-05-16 01:57:03,151] {dag.py:2937} INFO - Setting next_dagrun for tutorial to 2022-05-15T01:57:03.149379+00:00
[2022-05-16 01:57:03,204] {processor.py:171} INFO - Processing /home/airflow/.local/lib/python3.7/site-packages/airflow/example_dags/tutorial.py took 0.320 seconds
[2022-05-16 01:57:33,816] {processor.py:163} INFO - Started process (PID=13232) to work on /home/airflow/.local/lib/python3.7/site-packages/airflow/example_dags/tutorial.py
[2022-05-16 01:57:33,827] {processor.py:642} INFO - Processing file /home/airflow/.local/lib/python3.7/site-packages/airflow/example_dags/tutorial.py for tasks to queue
[2022-05-16 01:57:33,833] {logging_mixin.py:109} INFO - [2022-05-16 01:57:33,832] {dagbag.py:500} INFO - Filling up the DagBag from /home/airflow/.local/lib/python3.7/site-packages/airflow/example_dags/tutorial.py
[2022-05-16 01:57:33,872] {processor.py:652} INFO - DAG(s) dict_keys(['tutorial']) retrieved from /home/airflow/.local/lib/python3.7/site-packages/airflow/example_dags/tutorial.py
[2022-05-16 01:57:33,986] {logging_mixin.py:109} INFO - [2022-05-16 01:57:33,985] {dag.py:2398} INFO - Sync 1 DAGs
[2022-05-16 01:57:34,073] {logging_mixin.py:109} INFO - [2022-05-16 01:57:34,072] {dag.py:2937} INFO - Setting next_dagrun for tutorial to 2022-05-15T01:57:34.071743+00:00
[2022-05-16 01:57:34,120] {processor.py:171} INFO - Processing /home/airflow/.local/lib/python3.7/site-packages/airflow/example_dags/tutorial.py took 0.327 seconds
[2022-05-16 01:58:05,824] {processor.py:163} INFO - Started process (PID=13285) to work on /home/airflow/.local/lib/python3.7/site-packages/airflow/example_dags/tutorial.py
[2022-05-16 01:58:05,833] {processor.py:642} INFO - Processing file /home/airflow/.local/lib/python3.7/site-packages/airflow/example_dags/tutorial.py for tasks to queue
[2022-05-16 01:58:05,838] {logging_mixin.py:109} INFO - [2022-05-16 01:58:05,838] {dagbag.py:500} INFO - Filling up the DagBag from /home/airflow/.local/lib/python3.7/site-packages/airflow/example_dags/tutorial.py
[2022-05-16 01:58:05,887] {processor.py:652} INFO - DAG(s) dict_keys(['tutorial']) retrieved from /home/airflow/.local/lib/python3.7/site-packages/airflow/example_dags/tutorial.py
[2022-05-16 01:58:06,025] {logging_mixin.py:109} INFO - [2022-05-16 01:58:06,024] {dag.py:2398} INFO - Sync 1 DAGs
[2022-05-16 01:58:06,143] {logging_mixin.py:109} INFO - [2022-05-16 01:58:06,142] {dag.py:2937} INFO - Setting next_dagrun for tutorial to 2022-05-15T01:58:06.141791+00:00
[2022-05-16 01:58:06,202] {processor.py:171} INFO - Processing /home/airflow/.local/lib/python3.7/site-packages/airflow/example_dags/tutorial.py took 0.404 seconds
[2022-05-16 01:58:37,322] {processor.py:163} INFO - Started process (PID=13334) to work on /home/airflow/.local/lib/python3.7/site-packages/airflow/example_dags/tutorial.py
[2022-05-16 01:58:37,335] {processor.py:642} INFO - Processing file /home/airflow/.local/lib/python3.7/site-packages/airflow/example_dags/tutorial.py for tasks to queue
[2022-05-16 01:58:37,341] {logging_mixin.py:109} INFO - [2022-05-16 01:58:37,340] {dagbag.py:500} INFO - Filling up the DagBag from /home/airflow/.local/lib/python3.7/site-packages/airflow/example_dags/tutorial.py
[2022-05-16 01:58:37,395] {processor.py:652} INFO - DAG(s) dict_keys(['tutorial']) retrieved from /home/airflow/.local/lib/python3.7/site-packages/airflow/example_dags/tutorial.py
[2022-05-16 01:58:37,496] {logging_mixin.py:109} INFO - [2022-05-16 01:58:37,495] {dag.py:2398} INFO - Sync 1 DAGs
[2022-05-16 01:58:37,584] {logging_mixin.py:109} INFO - [2022-05-16 01:58:37,583] {dag.py:2937} INFO - Setting next_dagrun for tutorial to 2022-05-15T01:58:37.582809+00:00
[2022-05-16 01:58:37,636] {processor.py:171} INFO - Processing /home/airflow/.local/lib/python3.7/site-packages/airflow/example_dags/tutorial.py took 0.340 seconds
[2022-05-16 01:59:09,445] {processor.py:163} INFO - Started process (PID=13378) to work on /home/airflow/.local/lib/python3.7/site-packages/airflow/example_dags/tutorial.py
[2022-05-16 01:59:09,456] {processor.py:642} INFO - Processing file /home/airflow/.local/lib/python3.7/site-packages/airflow/example_dags/tutorial.py for tasks to queue
[2022-05-16 01:59:09,464] {logging_mixin.py:109} INFO - [2022-05-16 01:59:09,463] {dagbag.py:500} INFO - Filling up the DagBag from /home/airflow/.local/lib/python3.7/site-packages/airflow/example_dags/tutorial.py
[2022-05-16 01:59:09,500] {processor.py:652} INFO - DAG(s) dict_keys(['tutorial']) retrieved from /home/airflow/.local/lib/python3.7/site-packages/airflow/example_dags/tutorial.py
[2022-05-16 01:59:09,634] {logging_mixin.py:109} INFO - [2022-05-16 01:59:09,634] {dag.py:2398} INFO - Sync 1 DAGs
[2022-05-16 01:59:09,737] {logging_mixin.py:109} INFO - [2022-05-16 01:59:09,737] {dag.py:2937} INFO - Setting next_dagrun for tutorial to 2022-05-15T01:59:09.736210+00:00
[2022-05-16 01:59:09,785] {processor.py:171} INFO - Processing /home/airflow/.local/lib/python3.7/site-packages/airflow/example_dags/tutorial.py took 0.363 seconds
[2022-05-16 01:59:40,745] {processor.py:163} INFO - Started process (PID=13430) to work on /home/airflow/.local/lib/python3.7/site-packages/airflow/example_dags/tutorial.py
[2022-05-16 01:59:40,755] {processor.py:642} INFO - Processing file /home/airflow/.local/lib/python3.7/site-packages/airflow/example_dags/tutorial.py for tasks to queue
[2022-05-16 01:59:40,763] {logging_mixin.py:109} INFO - [2022-05-16 01:59:40,762] {dagbag.py:500} INFO - Filling up the DagBag from /home/airflow/.local/lib/python3.7/site-packages/airflow/example_dags/tutorial.py
[2022-05-16 01:59:40,803] {processor.py:652} INFO - DAG(s) dict_keys(['tutorial']) retrieved from /home/airflow/.local/lib/python3.7/site-packages/airflow/example_dags/tutorial.py
[2022-05-16 01:59:40,942] {logging_mixin.py:109} INFO - [2022-05-16 01:59:40,942] {dag.py:2398} INFO - Sync 1 DAGs
[2022-05-16 01:59:41,032] {logging_mixin.py:109} INFO - [2022-05-16 01:59:41,032] {dag.py:2937} INFO - Setting next_dagrun for tutorial to 2022-05-15T01:59:41.030832+00:00
[2022-05-16 01:59:41,088] {processor.py:171} INFO - Processing /home/airflow/.local/lib/python3.7/site-packages/airflow/example_dags/tutorial.py took 0.360 seconds
[2022-05-16 02:00:12,491] {processor.py:163} INFO - Started process (PID=13472) to work on /home/airflow/.local/lib/python3.7/site-packages/airflow/example_dags/tutorial.py
[2022-05-16 02:00:12,509] {processor.py:642} INFO - Processing file /home/airflow/.local/lib/python3.7/site-packages/airflow/example_dags/tutorial.py for tasks to queue
[2022-05-16 02:00:12,518] {logging_mixin.py:109} INFO - [2022-05-16 02:00:12,517] {dagbag.py:500} INFO - Filling up the DagBag from /home/airflow/.local/lib/python3.7/site-packages/airflow/example_dags/tutorial.py
[2022-05-16 02:00:12,560] {processor.py:652} INFO - DAG(s) dict_keys(['tutorial']) retrieved from /home/airflow/.local/lib/python3.7/site-packages/airflow/example_dags/tutorial.py
[2022-05-16 02:00:12,696] {logging_mixin.py:109} INFO - [2022-05-16 02:00:12,695] {dag.py:2398} INFO - Sync 1 DAGs
[2022-05-16 02:00:12,818] {logging_mixin.py:109} INFO - [2022-05-16 02:00:12,818] {dag.py:2937} INFO - Setting next_dagrun for tutorial to 2022-05-15T02:00:12.816936+00:00
[2022-05-16 02:00:12,867] {processor.py:171} INFO - Processing /home/airflow/.local/lib/python3.7/site-packages/airflow/example_dags/tutorial.py took 0.411 seconds
[2022-05-16 02:29:30,081] {processor.py:163} INFO - Started process (PID=13538) to work on /home/airflow/.local/lib/python3.7/site-packages/airflow/example_dags/tutorial.py
[2022-05-16 02:29:30,099] {processor.py:642} INFO - Processing file /home/airflow/.local/lib/python3.7/site-packages/airflow/example_dags/tutorial.py for tasks to queue
[2022-05-16 02:29:30,102] {logging_mixin.py:109} INFO - [2022-05-16 02:29:30,101] {dagbag.py:500} INFO - Filling up the DagBag from /home/airflow/.local/lib/python3.7/site-packages/airflow/example_dags/tutorial.py
[2022-05-16 02:29:30,119] {processor.py:652} INFO - DAG(s) dict_keys(['tutorial']) retrieved from /home/airflow/.local/lib/python3.7/site-packages/airflow/example_dags/tutorial.py
[2022-05-16 02:29:30,154] {logging_mixin.py:109} INFO - [2022-05-16 02:29:30,154] {dag.py:2398} INFO - Sync 1 DAGs
[2022-05-16 02:29:30,189] {logging_mixin.py:109} INFO - [2022-05-16 02:29:30,188] {dag.py:2937} INFO - Setting next_dagrun for tutorial to 2022-05-15T02:29:30.188246+00:00
[2022-05-16 02:29:30,208] {processor.py:171} INFO - Processing /home/airflow/.local/lib/python3.7/site-packages/airflow/example_dags/tutorial.py took 0.137 seconds
[2022-05-16 02:30:00,336] {processor.py:163} INFO - Started process (PID=13588) to work on /home/airflow/.local/lib/python3.7/site-packages/airflow/example_dags/tutorial.py
[2022-05-16 02:30:00,339] {processor.py:642} INFO - Processing file /home/airflow/.local/lib/python3.7/site-packages/airflow/example_dags/tutorial.py for tasks to queue
[2022-05-16 02:30:00,341] {logging_mixin.py:109} INFO - [2022-05-16 02:30:00,341] {dagbag.py:500} INFO - Filling up the DagBag from /home/airflow/.local/lib/python3.7/site-packages/airflow/example_dags/tutorial.py
[2022-05-16 02:30:00,351] {processor.py:652} INFO - DAG(s) dict_keys(['tutorial']) retrieved from /home/airflow/.local/lib/python3.7/site-packages/airflow/example_dags/tutorial.py
[2022-05-16 02:30:00,495] {logging_mixin.py:109} INFO - [2022-05-16 02:30:00,495] {dag.py:2398} INFO - Sync 1 DAGs
[2022-05-16 02:30:00,518] {logging_mixin.py:109} INFO - [2022-05-16 02:30:00,518] {dag.py:2937} INFO - Setting next_dagrun for tutorial to 2022-05-15T02:30:00.517877+00:00
[2022-05-16 02:30:00,534] {processor.py:171} INFO - Processing /home/airflow/.local/lib/python3.7/site-packages/airflow/example_dags/tutorial.py took 0.203 seconds
[2022-05-16 02:30:31,289] {processor.py:163} INFO - Started process (PID=13650) to work on /home/airflow/.local/lib/python3.7/site-packages/airflow/example_dags/tutorial.py
[2022-05-16 02:30:31,292] {processor.py:642} INFO - Processing file /home/airflow/.local/lib/python3.7/site-packages/airflow/example_dags/tutorial.py for tasks to queue
[2022-05-16 02:30:31,293] {logging_mixin.py:109} INFO - [2022-05-16 02:30:31,293] {dagbag.py:500} INFO - Filling up the DagBag from /home/airflow/.local/lib/python3.7/site-packages/airflow/example_dags/tutorial.py
[2022-05-16 02:30:31,416] {processor.py:652} INFO - DAG(s) dict_keys(['tutorial']) retrieved from /home/airflow/.local/lib/python3.7/site-packages/airflow/example_dags/tutorial.py
[2022-05-16 02:30:31,440] {logging_mixin.py:109} INFO - [2022-05-16 02:30:31,439] {dag.py:2398} INFO - Sync 1 DAGs
[2022-05-16 02:30:31,458] {logging_mixin.py:109} INFO - [2022-05-16 02:30:31,458] {dag.py:2937} INFO - Setting next_dagrun for tutorial to 2022-05-15T02:30:31.457797+00:00
[2022-05-16 02:30:31,469] {processor.py:171} INFO - Processing /home/airflow/.local/lib/python3.7/site-packages/airflow/example_dags/tutorial.py took 0.185 seconds
[2022-05-16 02:31:02,329] {processor.py:163} INFO - Started process (PID=13702) to work on /home/airflow/.local/lib/python3.7/site-packages/airflow/example_dags/tutorial.py
[2022-05-16 02:31:02,332] {processor.py:642} INFO - Processing file /home/airflow/.local/lib/python3.7/site-packages/airflow/example_dags/tutorial.py for tasks to queue
[2022-05-16 02:31:02,333] {logging_mixin.py:109} INFO - [2022-05-16 02:31:02,333] {dagbag.py:500} INFO - Filling up the DagBag from /home/airflow/.local/lib/python3.7/site-packages/airflow/example_dags/tutorial.py
[2022-05-16 02:31:02,342] {processor.py:652} INFO - DAG(s) dict_keys(['tutorial']) retrieved from /home/airflow/.local/lib/python3.7/site-packages/airflow/example_dags/tutorial.py
[2022-05-16 02:31:02,365] {logging_mixin.py:109} INFO - [2022-05-16 02:31:02,364] {dag.py:2398} INFO - Sync 1 DAGs
[2022-05-16 02:31:02,382] {logging_mixin.py:109} INFO - [2022-05-16 02:31:02,382] {dag.py:2937} INFO - Setting next_dagrun for tutorial to 2022-05-15T02:31:02.382105+00:00
[2022-05-16 02:31:02,395] {processor.py:171} INFO - Processing /home/airflow/.local/lib/python3.7/site-packages/airflow/example_dags/tutorial.py took 0.069 seconds
[2022-05-16 02:31:32,878] {processor.py:163} INFO - Started process (PID=13763) to work on /home/airflow/.local/lib/python3.7/site-packages/airflow/example_dags/tutorial.py
[2022-05-16 02:31:32,880] {processor.py:642} INFO - Processing file /home/airflow/.local/lib/python3.7/site-packages/airflow/example_dags/tutorial.py for tasks to queue
[2022-05-16 02:31:32,882] {logging_mixin.py:109} INFO - [2022-05-16 02:31:32,881] {dagbag.py:500} INFO - Filling up the DagBag from /home/airflow/.local/lib/python3.7/site-packages/airflow/example_dags/tutorial.py
[2022-05-16 02:31:32,890] {processor.py:652} INFO - DAG(s) dict_keys(['tutorial']) retrieved from /home/airflow/.local/lib/python3.7/site-packages/airflow/example_dags/tutorial.py
[2022-05-16 02:31:32,913] {logging_mixin.py:109} INFO - [2022-05-16 02:31:32,913] {dag.py:2398} INFO - Sync 1 DAGs
[2022-05-16 02:31:32,930] {logging_mixin.py:109} INFO - [2022-05-16 02:31:32,929] {dag.py:2937} INFO - Setting next_dagrun for tutorial to 2022-05-15T02:31:32.929687+00:00
[2022-05-16 02:31:32,940] {processor.py:171} INFO - Processing /home/airflow/.local/lib/python3.7/site-packages/airflow/example_dags/tutorial.py took 0.066 seconds
[2022-05-16 02:32:03,217] {processor.py:163} INFO - Started process (PID=13814) to work on /home/airflow/.local/lib/python3.7/site-packages/airflow/example_dags/tutorial.py
[2022-05-16 02:32:03,219] {processor.py:642} INFO - Processing file /home/airflow/.local/lib/python3.7/site-packages/airflow/example_dags/tutorial.py for tasks to queue
[2022-05-16 02:32:03,220] {logging_mixin.py:109} INFO - [2022-05-16 02:32:03,220] {dagbag.py:500} INFO - Filling up the DagBag from /home/airflow/.local/lib/python3.7/site-packages/airflow/example_dags/tutorial.py
[2022-05-16 02:32:03,229] {processor.py:652} INFO - DAG(s) dict_keys(['tutorial']) retrieved from /home/airflow/.local/lib/python3.7/site-packages/airflow/example_dags/tutorial.py
[2022-05-16 02:32:03,252] {logging_mixin.py:109} INFO - [2022-05-16 02:32:03,251] {dag.py:2398} INFO - Sync 1 DAGs
[2022-05-16 02:32:03,269] {logging_mixin.py:109} INFO - [2022-05-16 02:32:03,269] {dag.py:2937} INFO - Setting next_dagrun for tutorial to 2022-05-15T02:32:03.269117+00:00
[2022-05-16 02:32:03,280] {processor.py:171} INFO - Processing /home/airflow/.local/lib/python3.7/site-packages/airflow/example_dags/tutorial.py took 0.067 seconds
[2022-05-16 02:32:33,532] {processor.py:163} INFO - Started process (PID=13874) to work on /home/airflow/.local/lib/python3.7/site-packages/airflow/example_dags/tutorial.py
[2022-05-16 02:32:33,534] {processor.py:642} INFO - Processing file /home/airflow/.local/lib/python3.7/site-packages/airflow/example_dags/tutorial.py for tasks to queue
[2022-05-16 02:32:33,535] {logging_mixin.py:109} INFO - [2022-05-16 02:32:33,535] {dagbag.py:500} INFO - Filling up the DagBag from /home/airflow/.local/lib/python3.7/site-packages/airflow/example_dags/tutorial.py
[2022-05-16 02:32:33,543] {processor.py:652} INFO - DAG(s) dict_keys(['tutorial']) retrieved from /home/airflow/.local/lib/python3.7/site-packages/airflow/example_dags/tutorial.py
[2022-05-16 02:32:33,566] {logging_mixin.py:109} INFO - [2022-05-16 02:32:33,566] {dag.py:2398} INFO - Sync 1 DAGs
[2022-05-16 02:32:33,582] {logging_mixin.py:109} INFO - [2022-05-16 02:32:33,582] {dag.py:2937} INFO - Setting next_dagrun for tutorial to 2022-05-15T02:32:33.581815+00:00
[2022-05-16 02:32:33,592] {processor.py:171} INFO - Processing /home/airflow/.local/lib/python3.7/site-packages/airflow/example_dags/tutorial.py took 0.064 seconds
[2022-05-16 02:33:04,116] {processor.py:163} INFO - Started process (PID=13937) to work on /home/airflow/.local/lib/python3.7/site-packages/airflow/example_dags/tutorial.py
[2022-05-16 02:33:04,119] {processor.py:642} INFO - Processing file /home/airflow/.local/lib/python3.7/site-packages/airflow/example_dags/tutorial.py for tasks to queue
[2022-05-16 02:33:04,120] {logging_mixin.py:109} INFO - [2022-05-16 02:33:04,120] {dagbag.py:500} INFO - Filling up the DagBag from /home/airflow/.local/lib/python3.7/site-packages/airflow/example_dags/tutorial.py
[2022-05-16 02:33:04,128] {processor.py:652} INFO - DAG(s) dict_keys(['tutorial']) retrieved from /home/airflow/.local/lib/python3.7/site-packages/airflow/example_dags/tutorial.py
[2022-05-16 02:33:04,151] {logging_mixin.py:109} INFO - [2022-05-16 02:33:04,151] {dag.py:2398} INFO - Sync 1 DAGs
[2022-05-16 02:33:04,169] {logging_mixin.py:109} INFO - [2022-05-16 02:33:04,169] {dag.py:2937} INFO - Setting next_dagrun for tutorial to 2022-05-15T02:33:04.169037+00:00
[2022-05-16 02:33:04,180] {processor.py:171} INFO - Processing /home/airflow/.local/lib/python3.7/site-packages/airflow/example_dags/tutorial.py took 0.068 seconds
[2022-05-16 02:33:34,347] {processor.py:163} INFO - Started process (PID=13989) to work on /home/airflow/.local/lib/python3.7/site-packages/airflow/example_dags/tutorial.py
[2022-05-16 02:33:34,349] {processor.py:642} INFO - Processing file /home/airflow/.local/lib/python3.7/site-packages/airflow/example_dags/tutorial.py for tasks to queue
[2022-05-16 02:33:34,350] {logging_mixin.py:109} INFO - [2022-05-16 02:33:34,350] {dagbag.py:500} INFO - Filling up the DagBag from /home/airflow/.local/lib/python3.7/site-packages/airflow/example_dags/tutorial.py
[2022-05-16 02:33:34,358] {processor.py:652} INFO - DAG(s) dict_keys(['tutorial']) retrieved from /home/airflow/.local/lib/python3.7/site-packages/airflow/example_dags/tutorial.py
[2022-05-16 02:33:34,379] {logging_mixin.py:109} INFO - [2022-05-16 02:33:34,379] {dag.py:2398} INFO - Sync 1 DAGs
[2022-05-16 02:33:34,395] {logging_mixin.py:109} INFO - [2022-05-16 02:33:34,395] {dag.py:2937} INFO - Setting next_dagrun for tutorial to 2022-05-15T02:33:34.395157+00:00
[2022-05-16 02:33:34,405] {processor.py:171} INFO - Processing /home/airflow/.local/lib/python3.7/site-packages/airflow/example_dags/tutorial.py took 0.062 seconds
[2022-05-16 02:34:04,781] {processor.py:163} INFO - Started process (PID=14049) to work on /home/airflow/.local/lib/python3.7/site-packages/airflow/example_dags/tutorial.py
[2022-05-16 02:34:04,784] {processor.py:642} INFO - Processing file /home/airflow/.local/lib/python3.7/site-packages/airflow/example_dags/tutorial.py for tasks to queue
[2022-05-16 02:34:04,786] {logging_mixin.py:109} INFO - [2022-05-16 02:34:04,786] {dagbag.py:500} INFO - Filling up the DagBag from /home/airflow/.local/lib/python3.7/site-packages/airflow/example_dags/tutorial.py
[2022-05-16 02:34:04,794] {processor.py:652} INFO - DAG(s) dict_keys(['tutorial']) retrieved from /home/airflow/.local/lib/python3.7/site-packages/airflow/example_dags/tutorial.py
[2022-05-16 02:34:04,817] {logging_mixin.py:109} INFO - [2022-05-16 02:34:04,817] {dag.py:2398} INFO - Sync 1 DAGs
[2022-05-16 02:34:04,834] {logging_mixin.py:109} INFO - [2022-05-16 02:34:04,834] {dag.py:2937} INFO - Setting next_dagrun for tutorial to 2022-05-15T02:34:04.834023+00:00
[2022-05-16 02:34:04,845] {processor.py:171} INFO - Processing /home/airflow/.local/lib/python3.7/site-packages/airflow/example_dags/tutorial.py took 0.070 seconds
[2022-05-16 02:34:35,094] {processor.py:163} INFO - Started process (PID=14100) to work on /home/airflow/.local/lib/python3.7/site-packages/airflow/example_dags/tutorial.py
[2022-05-16 02:34:35,096] {processor.py:642} INFO - Processing file /home/airflow/.local/lib/python3.7/site-packages/airflow/example_dags/tutorial.py for tasks to queue
[2022-05-16 02:34:35,097] {logging_mixin.py:109} INFO - [2022-05-16 02:34:35,097] {dagbag.py:500} INFO - Filling up the DagBag from /home/airflow/.local/lib/python3.7/site-packages/airflow/example_dags/tutorial.py
[2022-05-16 02:34:35,105] {processor.py:652} INFO - DAG(s) dict_keys(['tutorial']) retrieved from /home/airflow/.local/lib/python3.7/site-packages/airflow/example_dags/tutorial.py
[2022-05-16 02:34:35,127] {logging_mixin.py:109} INFO - [2022-05-16 02:34:35,127] {dag.py:2398} INFO - Sync 1 DAGs
[2022-05-16 02:34:35,143] {logging_mixin.py:109} INFO - [2022-05-16 02:34:35,143] {dag.py:2937} INFO - Setting next_dagrun for tutorial to 2022-05-15T02:34:35.143242+00:00
[2022-05-16 02:34:35,153] {processor.py:171} INFO - Processing /home/airflow/.local/lib/python3.7/site-packages/airflow/example_dags/tutorial.py took 0.063 seconds
[2022-05-16 02:35:05,314] {processor.py:163} INFO - Started process (PID=14162) to work on /home/airflow/.local/lib/python3.7/site-packages/airflow/example_dags/tutorial.py
[2022-05-16 02:35:05,316] {processor.py:642} INFO - Processing file /home/airflow/.local/lib/python3.7/site-packages/airflow/example_dags/tutorial.py for tasks to queue
[2022-05-16 02:35:05,317] {logging_mixin.py:109} INFO - [2022-05-16 02:35:05,317] {dagbag.py:500} INFO - Filling up the DagBag from /home/airflow/.local/lib/python3.7/site-packages/airflow/example_dags/tutorial.py
[2022-05-16 02:35:05,326] {processor.py:652} INFO - DAG(s) dict_keys(['tutorial']) retrieved from /home/airflow/.local/lib/python3.7/site-packages/airflow/example_dags/tutorial.py
[2022-05-16 02:35:05,348] {logging_mixin.py:109} INFO - [2022-05-16 02:35:05,348] {dag.py:2398} INFO - Sync 1 DAGs
[2022-05-16 02:35:05,365] {logging_mixin.py:109} INFO - [2022-05-16 02:35:05,365] {dag.py:2937} INFO - Setting next_dagrun for tutorial to 2022-05-15T02:35:05.365337+00:00
[2022-05-16 02:35:05,376] {processor.py:171} INFO - Processing /home/airflow/.local/lib/python3.7/site-packages/airflow/example_dags/tutorial.py took 0.066 seconds
[2022-05-16 02:35:35,672] {processor.py:163} INFO - Started process (PID=14214) to work on /home/airflow/.local/lib/python3.7/site-packages/airflow/example_dags/tutorial.py
[2022-05-16 02:35:35,674] {processor.py:642} INFO - Processing file /home/airflow/.local/lib/python3.7/site-packages/airflow/example_dags/tutorial.py for tasks to queue
[2022-05-16 02:35:35,676] {logging_mixin.py:109} INFO - [2022-05-16 02:35:35,676] {dagbag.py:500} INFO - Filling up the DagBag from /home/airflow/.local/lib/python3.7/site-packages/airflow/example_dags/tutorial.py
[2022-05-16 02:35:35,684] {processor.py:652} INFO - DAG(s) dict_keys(['tutorial']) retrieved from /home/airflow/.local/lib/python3.7/site-packages/airflow/example_dags/tutorial.py
[2022-05-16 02:35:35,706] {logging_mixin.py:109} INFO - [2022-05-16 02:35:35,706] {dag.py:2398} INFO - Sync 1 DAGs
[2022-05-16 02:35:35,723] {logging_mixin.py:109} INFO - [2022-05-16 02:35:35,723] {dag.py:2937} INFO - Setting next_dagrun for tutorial to 2022-05-15T02:35:35.723025+00:00
[2022-05-16 02:35:35,733] {processor.py:171} INFO - Processing /home/airflow/.local/lib/python3.7/site-packages/airflow/example_dags/tutorial.py took 0.065 seconds
[2022-05-16 02:36:06,017] {processor.py:163} INFO - Started process (PID=14275) to work on /home/airflow/.local/lib/python3.7/site-packages/airflow/example_dags/tutorial.py
[2022-05-16 02:36:06,020] {processor.py:642} INFO - Processing file /home/airflow/.local/lib/python3.7/site-packages/airflow/example_dags/tutorial.py for tasks to queue
[2022-05-16 02:36:06,021] {logging_mixin.py:109} INFO - [2022-05-16 02:36:06,021] {dagbag.py:500} INFO - Filling up the DagBag from /home/airflow/.local/lib/python3.7/site-packages/airflow/example_dags/tutorial.py
[2022-05-16 02:36:06,029] {processor.py:652} INFO - DAG(s) dict_keys(['tutorial']) retrieved from /home/airflow/.local/lib/python3.7/site-packages/airflow/example_dags/tutorial.py
[2022-05-16 02:36:06,052] {logging_mixin.py:109} INFO - [2022-05-16 02:36:06,052] {dag.py:2398} INFO - Sync 1 DAGs
[2022-05-16 02:36:06,069] {logging_mixin.py:109} INFO - [2022-05-16 02:36:06,069] {dag.py:2937} INFO - Setting next_dagrun for tutorial to 2022-05-15T02:36:06.068932+00:00
[2022-05-16 02:36:06,080] {processor.py:171} INFO - Processing /home/airflow/.local/lib/python3.7/site-packages/airflow/example_dags/tutorial.py took 0.066 seconds
[2022-05-16 02:36:36,390] {processor.py:163} INFO - Started process (PID=14336) to work on /home/airflow/.local/lib/python3.7/site-packages/airflow/example_dags/tutorial.py
[2022-05-16 02:36:36,392] {processor.py:642} INFO - Processing file /home/airflow/.local/lib/python3.7/site-packages/airflow/example_dags/tutorial.py for tasks to queue
[2022-05-16 02:36:36,393] {logging_mixin.py:109} INFO - [2022-05-16 02:36:36,393] {dagbag.py:500} INFO - Filling up the DagBag from /home/airflow/.local/lib/python3.7/site-packages/airflow/example_dags/tutorial.py
[2022-05-16 02:36:36,402] {processor.py:652} INFO - DAG(s) dict_keys(['tutorial']) retrieved from /home/airflow/.local/lib/python3.7/site-packages/airflow/example_dags/tutorial.py
[2022-05-16 02:36:36,424] {logging_mixin.py:109} INFO - [2022-05-16 02:36:36,424] {dag.py:2398} INFO - Sync 1 DAGs
[2022-05-16 02:36:36,441] {logging_mixin.py:109} INFO - [2022-05-16 02:36:36,441] {dag.py:2937} INFO - Setting next_dagrun for tutorial to 2022-05-15T02:36:36.441166+00:00
[2022-05-16 02:36:36,452] {processor.py:171} INFO - Processing /home/airflow/.local/lib/python3.7/site-packages/airflow/example_dags/tutorial.py took 0.067 seconds
[2022-05-16 02:37:06,805] {processor.py:163} INFO - Started process (PID=14387) to work on /home/airflow/.local/lib/python3.7/site-packages/airflow/example_dags/tutorial.py
[2022-05-16 02:37:06,807] {processor.py:642} INFO - Processing file /home/airflow/.local/lib/python3.7/site-packages/airflow/example_dags/tutorial.py for tasks to queue
[2022-05-16 02:37:06,809] {logging_mixin.py:109} INFO - [2022-05-16 02:37:06,809] {dagbag.py:500} INFO - Filling up the DagBag from /home/airflow/.local/lib/python3.7/site-packages/airflow/example_dags/tutorial.py
[2022-05-16 02:37:06,818] {processor.py:652} INFO - DAG(s) dict_keys(['tutorial']) retrieved from /home/airflow/.local/lib/python3.7/site-packages/airflow/example_dags/tutorial.py
[2022-05-16 02:37:06,841] {logging_mixin.py:109} INFO - [2022-05-16 02:37:06,840] {dag.py:2398} INFO - Sync 1 DAGs
[2022-05-16 02:37:06,857] {logging_mixin.py:109} INFO - [2022-05-16 02:37:06,857] {dag.py:2937} INFO - Setting next_dagrun for tutorial to 2022-05-15T02:37:06.857244+00:00
[2022-05-16 02:37:06,868] {processor.py:171} INFO - Processing /home/airflow/.local/lib/python3.7/site-packages/airflow/example_dags/tutorial.py took 0.067 seconds
[2022-05-16 02:37:37,233] {processor.py:163} INFO - Started process (PID=14448) to work on /home/airflow/.local/lib/python3.7/site-packages/airflow/example_dags/tutorial.py
[2022-05-16 02:37:37,235] {processor.py:642} INFO - Processing file /home/airflow/.local/lib/python3.7/site-packages/airflow/example_dags/tutorial.py for tasks to queue
[2022-05-16 02:37:37,236] {logging_mixin.py:109} INFO - [2022-05-16 02:37:37,236] {dagbag.py:500} INFO - Filling up the DagBag from /home/airflow/.local/lib/python3.7/site-packages/airflow/example_dags/tutorial.py
[2022-05-16 02:37:37,245] {processor.py:652} INFO - DAG(s) dict_keys(['tutorial']) retrieved from /home/airflow/.local/lib/python3.7/site-packages/airflow/example_dags/tutorial.py
[2022-05-16 02:37:37,269] {logging_mixin.py:109} INFO - [2022-05-16 02:37:37,269] {dag.py:2398} INFO - Sync 1 DAGs
[2022-05-16 02:37:37,286] {logging_mixin.py:109} INFO - [2022-05-16 02:37:37,286] {dag.py:2937} INFO - Setting next_dagrun for tutorial to 2022-05-15T02:37:37.285797+00:00
[2022-05-16 02:37:37,298] {processor.py:171} INFO - Processing /home/airflow/.local/lib/python3.7/site-packages/airflow/example_dags/tutorial.py took 0.069 seconds
[2022-05-16 02:38:07,755] {processor.py:163} INFO - Started process (PID=14501) to work on /home/airflow/.local/lib/python3.7/site-packages/airflow/example_dags/tutorial.py
[2022-05-16 02:38:07,758] {processor.py:642} INFO - Processing file /home/airflow/.local/lib/python3.7/site-packages/airflow/example_dags/tutorial.py for tasks to queue
[2022-05-16 02:38:07,759] {logging_mixin.py:109} INFO - [2022-05-16 02:38:07,759] {dagbag.py:500} INFO - Filling up the DagBag from /home/airflow/.local/lib/python3.7/site-packages/airflow/example_dags/tutorial.py
[2022-05-16 02:38:07,768] {processor.py:652} INFO - DAG(s) dict_keys(['tutorial']) retrieved from /home/airflow/.local/lib/python3.7/site-packages/airflow/example_dags/tutorial.py
[2022-05-16 02:38:07,790] {logging_mixin.py:109} INFO - [2022-05-16 02:38:07,790] {dag.py:2398} INFO - Sync 1 DAGs
[2022-05-16 02:38:07,807] {logging_mixin.py:109} INFO - [2022-05-16 02:38:07,807] {dag.py:2937} INFO - Setting next_dagrun for tutorial to 2022-05-15T02:38:07.807484+00:00
[2022-05-16 02:38:07,819] {processor.py:171} INFO - Processing /home/airflow/.local/lib/python3.7/site-packages/airflow/example_dags/tutorial.py took 0.067 seconds
[2022-05-16 02:38:37,933] {processor.py:163} INFO - Started process (PID=14562) to work on /home/airflow/.local/lib/python3.7/site-packages/airflow/example_dags/tutorial.py
[2022-05-16 02:38:37,935] {processor.py:642} INFO - Processing file /home/airflow/.local/lib/python3.7/site-packages/airflow/example_dags/tutorial.py for tasks to queue
[2022-05-16 02:38:37,937] {logging_mixin.py:109} INFO - [2022-05-16 02:38:37,937] {dagbag.py:500} INFO - Filling up the DagBag from /home/airflow/.local/lib/python3.7/site-packages/airflow/example_dags/tutorial.py
[2022-05-16 02:38:37,945] {processor.py:652} INFO - DAG(s) dict_keys(['tutorial']) retrieved from /home/airflow/.local/lib/python3.7/site-packages/airflow/example_dags/tutorial.py
[2022-05-16 02:38:37,970] {logging_mixin.py:109} INFO - [2022-05-16 02:38:37,970] {dag.py:2398} INFO - Sync 1 DAGs
[2022-05-16 02:38:37,987] {logging_mixin.py:109} INFO - [2022-05-16 02:38:37,986] {dag.py:2937} INFO - Setting next_dagrun for tutorial to 2022-05-15T02:38:37.986631+00:00
[2022-05-16 02:38:37,997] {processor.py:171} INFO - Processing /home/airflow/.local/lib/python3.7/site-packages/airflow/example_dags/tutorial.py took 0.068 seconds
[2022-05-16 02:39:09,556] {processor.py:163} INFO - Started process (PID=14621) to work on /home/airflow/.local/lib/python3.7/site-packages/airflow/example_dags/tutorial.py
[2022-05-16 02:39:09,562] {processor.py:642} INFO - Processing file /home/airflow/.local/lib/python3.7/site-packages/airflow/example_dags/tutorial.py for tasks to queue
[2022-05-16 02:39:09,566] {logging_mixin.py:109} INFO - [2022-05-16 02:39:09,566] {dagbag.py:500} INFO - Filling up the DagBag from /home/airflow/.local/lib/python3.7/site-packages/airflow/example_dags/tutorial.py
[2022-05-16 02:39:09,579] {processor.py:652} INFO - DAG(s) dict_keys(['tutorial']) retrieved from /home/airflow/.local/lib/python3.7/site-packages/airflow/example_dags/tutorial.py
[2022-05-16 02:39:09,617] {logging_mixin.py:109} INFO - [2022-05-16 02:39:09,617] {dag.py:2398} INFO - Sync 1 DAGs
[2022-05-16 02:39:09,642] {logging_mixin.py:109} INFO - [2022-05-16 02:39:09,641] {dag.py:2937} INFO - Setting next_dagrun for tutorial to 2022-05-15T02:39:09.641346+00:00
[2022-05-16 02:39:09,661] {processor.py:171} INFO - Processing /home/airflow/.local/lib/python3.7/site-packages/airflow/example_dags/tutorial.py took 0.111 seconds
[2022-05-16 02:39:40,313] {processor.py:163} INFO - Started process (PID=14675) to work on /home/airflow/.local/lib/python3.7/site-packages/airflow/example_dags/tutorial.py
[2022-05-16 02:39:40,315] {processor.py:642} INFO - Processing file /home/airflow/.local/lib/python3.7/site-packages/airflow/example_dags/tutorial.py for tasks to queue
[2022-05-16 02:39:40,317] {logging_mixin.py:109} INFO - [2022-05-16 02:39:40,316] {dagbag.py:500} INFO - Filling up the DagBag from /home/airflow/.local/lib/python3.7/site-packages/airflow/example_dags/tutorial.py
[2022-05-16 02:39:40,326] {processor.py:652} INFO - DAG(s) dict_keys(['tutorial']) retrieved from /home/airflow/.local/lib/python3.7/site-packages/airflow/example_dags/tutorial.py
[2022-05-16 02:39:40,348] {logging_mixin.py:109} INFO - [2022-05-16 02:39:40,348] {dag.py:2398} INFO - Sync 1 DAGs
[2022-05-16 02:39:40,364] {logging_mixin.py:109} INFO - [2022-05-16 02:39:40,364] {dag.py:2937} INFO - Setting next_dagrun for tutorial to 2022-05-15T02:39:40.364561+00:00
[2022-05-16 02:39:40,375] {processor.py:171} INFO - Processing /home/airflow/.local/lib/python3.7/site-packages/airflow/example_dags/tutorial.py took 0.065 seconds
[2022-05-16 02:40:10,683] {processor.py:163} INFO - Started process (PID=14735) to work on /home/airflow/.local/lib/python3.7/site-packages/airflow/example_dags/tutorial.py
[2022-05-16 02:40:10,698] {processor.py:642} INFO - Processing file /home/airflow/.local/lib/python3.7/site-packages/airflow/example_dags/tutorial.py for tasks to queue
[2022-05-16 02:40:10,699] {logging_mixin.py:109} INFO - [2022-05-16 02:40:10,699] {dagbag.py:500} INFO - Filling up the DagBag from /home/airflow/.local/lib/python3.7/site-packages/airflow/example_dags/tutorial.py
[2022-05-16 02:40:10,708] {processor.py:652} INFO - DAG(s) dict_keys(['tutorial']) retrieved from /home/airflow/.local/lib/python3.7/site-packages/airflow/example_dags/tutorial.py
[2022-05-16 02:40:10,732] {logging_mixin.py:109} INFO - [2022-05-16 02:40:10,732] {dag.py:2398} INFO - Sync 1 DAGs
[2022-05-16 02:40:10,749] {logging_mixin.py:109} INFO - [2022-05-16 02:40:10,749] {dag.py:2937} INFO - Setting next_dagrun for tutorial to 2022-05-15T02:40:10.749006+00:00
[2022-05-16 02:40:10,759] {processor.py:171} INFO - Processing /home/airflow/.local/lib/python3.7/site-packages/airflow/example_dags/tutorial.py took 0.080 seconds
[2022-05-16 02:40:40,925] {processor.py:163} INFO - Started process (PID=14787) to work on /home/airflow/.local/lib/python3.7/site-packages/airflow/example_dags/tutorial.py
[2022-05-16 02:40:40,927] {processor.py:642} INFO - Processing file /home/airflow/.local/lib/python3.7/site-packages/airflow/example_dags/tutorial.py for tasks to queue
[2022-05-16 02:40:40,928] {logging_mixin.py:109} INFO - [2022-05-16 02:40:40,928] {dagbag.py:500} INFO - Filling up the DagBag from /home/airflow/.local/lib/python3.7/site-packages/airflow/example_dags/tutorial.py
[2022-05-16 02:40:40,935] {processor.py:652} INFO - DAG(s) dict_keys(['tutorial']) retrieved from /home/airflow/.local/lib/python3.7/site-packages/airflow/example_dags/tutorial.py
[2022-05-16 02:40:40,958] {logging_mixin.py:109} INFO - [2022-05-16 02:40:40,957] {dag.py:2398} INFO - Sync 1 DAGs
[2022-05-16 02:40:40,974] {logging_mixin.py:109} INFO - [2022-05-16 02:40:40,974] {dag.py:2937} INFO - Setting next_dagrun for tutorial to 2022-05-15T02:40:40.974455+00:00
[2022-05-16 02:40:40,985] {processor.py:171} INFO - Processing /home/airflow/.local/lib/python3.7/site-packages/airflow/example_dags/tutorial.py took 0.064 seconds
[2022-05-16 02:41:11,233] {processor.py:163} INFO - Started process (PID=14848) to work on /home/airflow/.local/lib/python3.7/site-packages/airflow/example_dags/tutorial.py
[2022-05-16 02:41:11,235] {processor.py:642} INFO - Processing file /home/airflow/.local/lib/python3.7/site-packages/airflow/example_dags/tutorial.py for tasks to queue
[2022-05-16 02:41:11,236] {logging_mixin.py:109} INFO - [2022-05-16 02:41:11,236] {dagbag.py:500} INFO - Filling up the DagBag from /home/airflow/.local/lib/python3.7/site-packages/airflow/example_dags/tutorial.py
[2022-05-16 02:41:11,244] {processor.py:652} INFO - DAG(s) dict_keys(['tutorial']) retrieved from /home/airflow/.local/lib/python3.7/site-packages/airflow/example_dags/tutorial.py
[2022-05-16 02:41:11,266] {logging_mixin.py:109} INFO - [2022-05-16 02:41:11,266] {dag.py:2398} INFO - Sync 1 DAGs
[2022-05-16 02:41:11,282] {logging_mixin.py:109} INFO - [2022-05-16 02:41:11,282] {dag.py:2937} INFO - Setting next_dagrun for tutorial to 2022-05-15T02:41:11.282104+00:00
[2022-05-16 02:41:11,292] {processor.py:171} INFO - Processing /home/airflow/.local/lib/python3.7/site-packages/airflow/example_dags/tutorial.py took 0.063 seconds
[2022-05-16 02:41:41,541] {processor.py:163} INFO - Started process (PID=14899) to work on /home/airflow/.local/lib/python3.7/site-packages/airflow/example_dags/tutorial.py
[2022-05-16 02:41:41,543] {processor.py:642} INFO - Processing file /home/airflow/.local/lib/python3.7/site-packages/airflow/example_dags/tutorial.py for tasks to queue
[2022-05-16 02:41:41,544] {logging_mixin.py:109} INFO - [2022-05-16 02:41:41,544] {dagbag.py:500} INFO - Filling up the DagBag from /home/airflow/.local/lib/python3.7/site-packages/airflow/example_dags/tutorial.py
[2022-05-16 02:41:41,553] {processor.py:652} INFO - DAG(s) dict_keys(['tutorial']) retrieved from /home/airflow/.local/lib/python3.7/site-packages/airflow/example_dags/tutorial.py
[2022-05-16 02:41:41,575] {logging_mixin.py:109} INFO - [2022-05-16 02:41:41,575] {dag.py:2398} INFO - Sync 1 DAGs
[2022-05-16 02:41:41,591] {logging_mixin.py:109} INFO - [2022-05-16 02:41:41,590] {dag.py:2937} INFO - Setting next_dagrun for tutorial to 2022-05-15T02:41:41.590722+00:00
[2022-05-16 02:41:41,603] {processor.py:171} INFO - Processing /home/airflow/.local/lib/python3.7/site-packages/airflow/example_dags/tutorial.py took 0.066 seconds
[2022-05-16 02:42:11,958] {processor.py:163} INFO - Started process (PID=14960) to work on /home/airflow/.local/lib/python3.7/site-packages/airflow/example_dags/tutorial.py
[2022-05-16 02:42:11,960] {processor.py:642} INFO - Processing file /home/airflow/.local/lib/python3.7/site-packages/airflow/example_dags/tutorial.py for tasks to queue
[2022-05-16 02:42:11,962] {logging_mixin.py:109} INFO - [2022-05-16 02:42:11,961] {dagbag.py:500} INFO - Filling up the DagBag from /home/airflow/.local/lib/python3.7/site-packages/airflow/example_dags/tutorial.py
[2022-05-16 02:42:11,969] {processor.py:652} INFO - DAG(s) dict_keys(['tutorial']) retrieved from /home/airflow/.local/lib/python3.7/site-packages/airflow/example_dags/tutorial.py
[2022-05-16 02:42:11,991] {logging_mixin.py:109} INFO - [2022-05-16 02:42:11,991] {dag.py:2398} INFO - Sync 1 DAGs
[2022-05-16 02:42:12,008] {logging_mixin.py:109} INFO - [2022-05-16 02:42:12,008] {dag.py:2937} INFO - Setting next_dagrun for tutorial to 2022-05-15T02:42:12.007949+00:00
[2022-05-16 02:42:12,019] {processor.py:171} INFO - Processing /home/airflow/.local/lib/python3.7/site-packages/airflow/example_dags/tutorial.py took 0.065 seconds
[2022-05-16 02:42:43,513] {processor.py:163} INFO - Started process (PID=15013) to work on /home/airflow/.local/lib/python3.7/site-packages/airflow/example_dags/tutorial.py
[2022-05-16 02:42:43,521] {processor.py:642} INFO - Processing file /home/airflow/.local/lib/python3.7/site-packages/airflow/example_dags/tutorial.py for tasks to queue
[2022-05-16 02:42:43,524] {logging_mixin.py:109} INFO - [2022-05-16 02:42:43,524] {dagbag.py:500} INFO - Filling up the DagBag from /home/airflow/.local/lib/python3.7/site-packages/airflow/example_dags/tutorial.py
[2022-05-16 02:42:43,558] {processor.py:652} INFO - DAG(s) dict_keys(['tutorial']) retrieved from /home/airflow/.local/lib/python3.7/site-packages/airflow/example_dags/tutorial.py
[2022-05-16 02:42:43,623] {logging_mixin.py:109} INFO - [2022-05-16 02:42:43,623] {dag.py:2398} INFO - Sync 1 DAGs
[2022-05-16 02:42:43,667] {logging_mixin.py:109} INFO - [2022-05-16 02:42:43,667] {dag.py:2937} INFO - Setting next_dagrun for tutorial to 2022-05-15T02:42:43.666501+00:00
[2022-05-16 02:42:43,697] {processor.py:171} INFO - Processing /home/airflow/.local/lib/python3.7/site-packages/airflow/example_dags/tutorial.py took 0.191 seconds
[2022-05-16 02:51:01,429] {processor.py:163} INFO - Started process (PID=15056) to work on /home/airflow/.local/lib/python3.7/site-packages/airflow/example_dags/tutorial.py
[2022-05-16 02:51:01,432] {processor.py:642} INFO - Processing file /home/airflow/.local/lib/python3.7/site-packages/airflow/example_dags/tutorial.py for tasks to queue
[2022-05-16 02:51:01,437] {logging_mixin.py:109} INFO - [2022-05-16 02:51:01,437] {dagbag.py:500} INFO - Filling up the DagBag from /home/airflow/.local/lib/python3.7/site-packages/airflow/example_dags/tutorial.py
[2022-05-16 02:51:01,459] {processor.py:652} INFO - DAG(s) dict_keys(['tutorial']) retrieved from /home/airflow/.local/lib/python3.7/site-packages/airflow/example_dags/tutorial.py
[2022-05-16 02:51:01,503] {logging_mixin.py:109} INFO - [2022-05-16 02:51:01,503] {dag.py:2398} INFO - Sync 1 DAGs
[2022-05-16 02:51:01,541] {logging_mixin.py:109} INFO - [2022-05-16 02:51:01,541] {dag.py:2937} INFO - Setting next_dagrun for tutorial to 2022-05-15T02:51:01.541392+00:00
[2022-05-16 02:51:01,561] {processor.py:171} INFO - Processing /home/airflow/.local/lib/python3.7/site-packages/airflow/example_dags/tutorial.py took 0.140 seconds
[2022-05-16 02:51:31,615] {processor.py:163} INFO - Started process (PID=15109) to work on /home/airflow/.local/lib/python3.7/site-packages/airflow/example_dags/tutorial.py
[2022-05-16 02:51:31,618] {processor.py:642} INFO - Processing file /home/airflow/.local/lib/python3.7/site-packages/airflow/example_dags/tutorial.py for tasks to queue
[2022-05-16 02:51:31,619] {logging_mixin.py:109} INFO - [2022-05-16 02:51:31,619] {dagbag.py:500} INFO - Filling up the DagBag from /home/airflow/.local/lib/python3.7/site-packages/airflow/example_dags/tutorial.py
[2022-05-16 02:51:31,629] {processor.py:652} INFO - DAG(s) dict_keys(['tutorial']) retrieved from /home/airflow/.local/lib/python3.7/site-packages/airflow/example_dags/tutorial.py
[2022-05-16 02:51:31,651] {logging_mixin.py:109} INFO - [2022-05-16 02:51:31,651] {dag.py:2398} INFO - Sync 1 DAGs
[2022-05-16 02:51:31,670] {logging_mixin.py:109} INFO - [2022-05-16 02:51:31,669] {dag.py:2937} INFO - Setting next_dagrun for tutorial to 2022-05-15T02:51:31.669585+00:00
[2022-05-16 02:51:31,682] {processor.py:171} INFO - Processing /home/airflow/.local/lib/python3.7/site-packages/airflow/example_dags/tutorial.py took 0.071 seconds
[2022-05-16 02:52:01,999] {processor.py:163} INFO - Started process (PID=15169) to work on /home/airflow/.local/lib/python3.7/site-packages/airflow/example_dags/tutorial.py
[2022-05-16 02:52:02,001] {processor.py:642} INFO - Processing file /home/airflow/.local/lib/python3.7/site-packages/airflow/example_dags/tutorial.py for tasks to queue
[2022-05-16 02:52:02,003] {logging_mixin.py:109} INFO - [2022-05-16 02:52:02,003] {dagbag.py:500} INFO - Filling up the DagBag from /home/airflow/.local/lib/python3.7/site-packages/airflow/example_dags/tutorial.py
[2022-05-16 02:52:02,011] {processor.py:652} INFO - DAG(s) dict_keys(['tutorial']) retrieved from /home/airflow/.local/lib/python3.7/site-packages/airflow/example_dags/tutorial.py
[2022-05-16 02:52:02,037] {logging_mixin.py:109} INFO - [2022-05-16 02:52:02,037] {dag.py:2398} INFO - Sync 1 DAGs
[2022-05-16 02:52:02,057] {logging_mixin.py:109} INFO - [2022-05-16 02:52:02,057] {dag.py:2937} INFO - Setting next_dagrun for tutorial to 2022-05-15T02:52:02.057149+00:00
[2022-05-16 02:52:02,070] {processor.py:171} INFO - Processing /home/airflow/.local/lib/python3.7/site-packages/airflow/example_dags/tutorial.py took 0.075 seconds
[2022-05-16 02:52:32,603] {processor.py:163} INFO - Started process (PID=15221) to work on /home/airflow/.local/lib/python3.7/site-packages/airflow/example_dags/tutorial.py
[2022-05-16 02:52:32,605] {processor.py:642} INFO - Processing file /home/airflow/.local/lib/python3.7/site-packages/airflow/example_dags/tutorial.py for tasks to queue
[2022-05-16 02:52:32,606] {logging_mixin.py:109} INFO - [2022-05-16 02:52:32,606] {dagbag.py:500} INFO - Filling up the DagBag from /home/airflow/.local/lib/python3.7/site-packages/airflow/example_dags/tutorial.py
[2022-05-16 02:52:32,615] {processor.py:652} INFO - DAG(s) dict_keys(['tutorial']) retrieved from /home/airflow/.local/lib/python3.7/site-packages/airflow/example_dags/tutorial.py
[2022-05-16 02:52:32,637] {logging_mixin.py:109} INFO - [2022-05-16 02:52:32,637] {dag.py:2398} INFO - Sync 1 DAGs
[2022-05-16 02:52:32,655] {logging_mixin.py:109} INFO - [2022-05-16 02:52:32,655] {dag.py:2937} INFO - Setting next_dagrun for tutorial to 2022-05-15T02:52:32.655010+00:00
[2022-05-16 02:52:32,667] {processor.py:171} INFO - Processing /home/airflow/.local/lib/python3.7/site-packages/airflow/example_dags/tutorial.py took 0.069 seconds
[2022-05-16 02:53:03,286] {processor.py:163} INFO - Started process (PID=15282) to work on /home/airflow/.local/lib/python3.7/site-packages/airflow/example_dags/tutorial.py
[2022-05-16 02:53:03,289] {processor.py:642} INFO - Processing file /home/airflow/.local/lib/python3.7/site-packages/airflow/example_dags/tutorial.py for tasks to queue
[2022-05-16 02:53:03,290] {logging_mixin.py:109} INFO - [2022-05-16 02:53:03,290] {dagbag.py:500} INFO - Filling up the DagBag from /home/airflow/.local/lib/python3.7/site-packages/airflow/example_dags/tutorial.py
[2022-05-16 02:53:03,300] {processor.py:652} INFO - DAG(s) dict_keys(['tutorial']) retrieved from /home/airflow/.local/lib/python3.7/site-packages/airflow/example_dags/tutorial.py
[2022-05-16 02:53:03,325] {logging_mixin.py:109} INFO - [2022-05-16 02:53:03,325] {dag.py:2398} INFO - Sync 1 DAGs
[2022-05-16 02:53:03,343] {logging_mixin.py:109} INFO - [2022-05-16 02:53:03,343] {dag.py:2937} INFO - Setting next_dagrun for tutorial to 2022-05-15T02:53:03.343421+00:00
[2022-05-16 02:53:03,354] {processor.py:171} INFO - Processing /home/airflow/.local/lib/python3.7/site-packages/airflow/example_dags/tutorial.py took 0.072 seconds
[2022-05-16 02:53:33,673] {processor.py:163} INFO - Started process (PID=15344) to work on /home/airflow/.local/lib/python3.7/site-packages/airflow/example_dags/tutorial.py
[2022-05-16 02:53:33,675] {processor.py:642} INFO - Processing file /home/airflow/.local/lib/python3.7/site-packages/airflow/example_dags/tutorial.py for tasks to queue
[2022-05-16 02:53:33,676] {logging_mixin.py:109} INFO - [2022-05-16 02:53:33,676] {dagbag.py:500} INFO - Filling up the DagBag from /home/airflow/.local/lib/python3.7/site-packages/airflow/example_dags/tutorial.py
[2022-05-16 02:53:33,684] {processor.py:652} INFO - DAG(s) dict_keys(['tutorial']) retrieved from /home/airflow/.local/lib/python3.7/site-packages/airflow/example_dags/tutorial.py
[2022-05-16 02:53:33,709] {logging_mixin.py:109} INFO - [2022-05-16 02:53:33,709] {dag.py:2398} INFO - Sync 1 DAGs
[2022-05-16 02:53:33,727] {logging_mixin.py:109} INFO - [2022-05-16 02:53:33,727] {dag.py:2937} INFO - Setting next_dagrun for tutorial to 2022-05-15T02:53:33.727222+00:00
[2022-05-16 02:53:33,739] {processor.py:171} INFO - Processing /home/airflow/.local/lib/python3.7/site-packages/airflow/example_dags/tutorial.py took 0.070 seconds
