[2022-05-16 00:06:57,140] {processor.py:163} INFO - Started process (PID=11305) to work on /home/airflow/.local/lib/python3.7/site-packages/airflow/example_dags/tutorial_taskflow_api_etl.py
[2022-05-16 00:06:57,156] {processor.py:642} INFO - Processing file /home/airflow/.local/lib/python3.7/site-packages/airflow/example_dags/tutorial_taskflow_api_etl.py for tasks to queue
[2022-05-16 00:06:57,172] {logging_mixin.py:109} INFO - [2022-05-16 00:06:57,171] {dagbag.py:500} INFO - Filling up the DagBag from /home/airflow/.local/lib/python3.7/site-packages/airflow/example_dags/tutorial_taskflow_api_etl.py
[2022-05-16 00:06:57,706] {processor.py:652} INFO - DAG(s) dict_keys(['tutorial_taskflow_api_etl']) retrieved from /home/airflow/.local/lib/python3.7/site-packages/airflow/example_dags/tutorial_taskflow_api_etl.py
[2022-05-16 00:07:01,206] {logging_mixin.py:109} INFO - [2022-05-16 00:07:01,205] {dag.py:2398} INFO - Sync 1 DAGs
[2022-05-16 00:07:01,462] {logging_mixin.py:109} INFO - [2022-05-16 00:07:01,462] {dag.py:2937} INFO - Setting next_dagrun for tutorial_taskflow_api_etl to None
[2022-05-16 00:07:01,564] {processor.py:171} INFO - Processing /home/airflow/.local/lib/python3.7/site-packages/airflow/example_dags/tutorial_taskflow_api_etl.py took 4.461 seconds
[2022-05-16 00:07:32,153] {processor.py:163} INFO - Started process (PID=11350) to work on /home/airflow/.local/lib/python3.7/site-packages/airflow/example_dags/tutorial_taskflow_api_etl.py
[2022-05-16 00:07:32,164] {processor.py:642} INFO - Processing file /home/airflow/.local/lib/python3.7/site-packages/airflow/example_dags/tutorial_taskflow_api_etl.py for tasks to queue
[2022-05-16 00:07:32,170] {logging_mixin.py:109} INFO - [2022-05-16 00:07:32,169] {dagbag.py:500} INFO - Filling up the DagBag from /home/airflow/.local/lib/python3.7/site-packages/airflow/example_dags/tutorial_taskflow_api_etl.py
[2022-05-16 00:07:32,317] {processor.py:652} INFO - DAG(s) dict_keys(['tutorial_taskflow_api_etl']) retrieved from /home/airflow/.local/lib/python3.7/site-packages/airflow/example_dags/tutorial_taskflow_api_etl.py
[2022-05-16 00:07:33,882] {logging_mixin.py:109} INFO - [2022-05-16 00:07:33,881] {dag.py:2398} INFO - Sync 1 DAGs
[2022-05-16 00:07:34,020] {logging_mixin.py:109} INFO - [2022-05-16 00:07:34,020] {dag.py:2937} INFO - Setting next_dagrun for tutorial_taskflow_api_etl to None
[2022-05-16 00:07:34,083] {processor.py:171} INFO - Processing /home/airflow/.local/lib/python3.7/site-packages/airflow/example_dags/tutorial_taskflow_api_etl.py took 1.976 seconds
[2022-05-16 00:08:04,415] {processor.py:163} INFO - Started process (PID=11404) to work on /home/airflow/.local/lib/python3.7/site-packages/airflow/example_dags/tutorial_taskflow_api_etl.py
[2022-05-16 00:08:04,425] {processor.py:642} INFO - Processing file /home/airflow/.local/lib/python3.7/site-packages/airflow/example_dags/tutorial_taskflow_api_etl.py for tasks to queue
[2022-05-16 00:08:04,434] {logging_mixin.py:109} INFO - [2022-05-16 00:08:04,433] {dagbag.py:500} INFO - Filling up the DagBag from /home/airflow/.local/lib/python3.7/site-packages/airflow/example_dags/tutorial_taskflow_api_etl.py
[2022-05-16 00:08:04,587] {processor.py:652} INFO - DAG(s) dict_keys(['tutorial_taskflow_api_etl']) retrieved from /home/airflow/.local/lib/python3.7/site-packages/airflow/example_dags/tutorial_taskflow_api_etl.py
[2022-05-16 00:08:06,022] {logging_mixin.py:109} INFO - [2022-05-16 00:08:06,021] {dag.py:2398} INFO - Sync 1 DAGs
[2022-05-16 00:08:06,137] {logging_mixin.py:109} INFO - [2022-05-16 00:08:06,136] {dag.py:2937} INFO - Setting next_dagrun for tutorial_taskflow_api_etl to None
[2022-05-16 00:08:06,217] {processor.py:171} INFO - Processing /home/airflow/.local/lib/python3.7/site-packages/airflow/example_dags/tutorial_taskflow_api_etl.py took 1.833 seconds
[2022-05-16 00:08:36,521] {processor.py:163} INFO - Started process (PID=11459) to work on /home/airflow/.local/lib/python3.7/site-packages/airflow/example_dags/tutorial_taskflow_api_etl.py
[2022-05-16 00:08:36,546] {processor.py:642} INFO - Processing file /home/airflow/.local/lib/python3.7/site-packages/airflow/example_dags/tutorial_taskflow_api_etl.py for tasks to queue
[2022-05-16 00:08:36,561] {logging_mixin.py:109} INFO - [2022-05-16 00:08:36,560] {dagbag.py:500} INFO - Filling up the DagBag from /home/airflow/.local/lib/python3.7/site-packages/airflow/example_dags/tutorial_taskflow_api_etl.py
[2022-05-16 00:08:36,722] {processor.py:652} INFO - DAG(s) dict_keys(['tutorial_taskflow_api_etl']) retrieved from /home/airflow/.local/lib/python3.7/site-packages/airflow/example_dags/tutorial_taskflow_api_etl.py
[2022-05-16 00:08:38,218] {logging_mixin.py:109} INFO - [2022-05-16 00:08:38,217] {dag.py:2398} INFO - Sync 1 DAGs
[2022-05-16 00:08:38,336] {logging_mixin.py:109} INFO - [2022-05-16 00:08:38,336] {dag.py:2937} INFO - Setting next_dagrun for tutorial_taskflow_api_etl to None
[2022-05-16 00:08:38,408] {processor.py:171} INFO - Processing /home/airflow/.local/lib/python3.7/site-packages/airflow/example_dags/tutorial_taskflow_api_etl.py took 1.907 seconds
[2022-05-16 00:09:08,508] {processor.py:163} INFO - Started process (PID=11499) to work on /home/airflow/.local/lib/python3.7/site-packages/airflow/example_dags/tutorial_taskflow_api_etl.py
[2022-05-16 00:09:08,513] {processor.py:642} INFO - Processing file /home/airflow/.local/lib/python3.7/site-packages/airflow/example_dags/tutorial_taskflow_api_etl.py for tasks to queue
[2022-05-16 00:09:08,518] {logging_mixin.py:109} INFO - [2022-05-16 00:09:08,517] {dagbag.py:500} INFO - Filling up the DagBag from /home/airflow/.local/lib/python3.7/site-packages/airflow/example_dags/tutorial_taskflow_api_etl.py
[2022-05-16 00:09:08,573] {processor.py:652} INFO - DAG(s) dict_keys(['tutorial_taskflow_api_etl']) retrieved from /home/airflow/.local/lib/python3.7/site-packages/airflow/example_dags/tutorial_taskflow_api_etl.py
[2022-05-16 00:09:09,121] {logging_mixin.py:109} INFO - [2022-05-16 00:09:09,121] {dag.py:2398} INFO - Sync 1 DAGs
[2022-05-16 00:09:09,172] {logging_mixin.py:109} INFO - [2022-05-16 00:09:09,172] {dag.py:2937} INFO - Setting next_dagrun for tutorial_taskflow_api_etl to None
[2022-05-16 00:09:09,190] {processor.py:171} INFO - Processing /home/airflow/.local/lib/python3.7/site-packages/airflow/example_dags/tutorial_taskflow_api_etl.py took 0.690 seconds
[2022-05-16 00:39:11,502] {processor.py:163} INFO - Started process (PID=11531) to work on /home/airflow/.local/lib/python3.7/site-packages/airflow/example_dags/tutorial_taskflow_api_etl.py
[2022-05-16 00:39:11,506] {processor.py:642} INFO - Processing file /home/airflow/.local/lib/python3.7/site-packages/airflow/example_dags/tutorial_taskflow_api_etl.py for tasks to queue
[2022-05-16 00:39:11,509] {logging_mixin.py:109} INFO - [2022-05-16 00:39:11,509] {dagbag.py:500} INFO - Filling up the DagBag from /home/airflow/.local/lib/python3.7/site-packages/airflow/example_dags/tutorial_taskflow_api_etl.py
[2022-05-16 00:39:11,580] {processor.py:652} INFO - DAG(s) dict_keys(['tutorial_taskflow_api_etl']) retrieved from /home/airflow/.local/lib/python3.7/site-packages/airflow/example_dags/tutorial_taskflow_api_etl.py
[2022-05-16 00:39:12,205] {logging_mixin.py:109} INFO - [2022-05-16 00:39:12,204] {dag.py:2398} INFO - Sync 1 DAGs
[2022-05-16 00:39:12,250] {logging_mixin.py:109} INFO - [2022-05-16 00:39:12,250] {dag.py:2937} INFO - Setting next_dagrun for tutorial_taskflow_api_etl to None
[2022-05-16 00:39:12,271] {processor.py:171} INFO - Processing /home/airflow/.local/lib/python3.7/site-packages/airflow/example_dags/tutorial_taskflow_api_etl.py took 0.776 seconds
[2022-05-16 00:39:46,277] {processor.py:163} INFO - Started process (PID=11574) to work on /home/airflow/.local/lib/python3.7/site-packages/airflow/example_dags/tutorial_taskflow_api_etl.py
[2022-05-16 00:39:46,296] {processor.py:642} INFO - Processing file /home/airflow/.local/lib/python3.7/site-packages/airflow/example_dags/tutorial_taskflow_api_etl.py for tasks to queue
[2022-05-16 00:39:46,309] {logging_mixin.py:109} INFO - [2022-05-16 00:39:46,308] {dagbag.py:500} INFO - Filling up the DagBag from /home/airflow/.local/lib/python3.7/site-packages/airflow/example_dags/tutorial_taskflow_api_etl.py
[2022-05-16 00:39:46,437] {processor.py:652} INFO - DAG(s) dict_keys(['tutorial_taskflow_api_etl']) retrieved from /home/airflow/.local/lib/python3.7/site-packages/airflow/example_dags/tutorial_taskflow_api_etl.py
[2022-05-16 00:39:47,640] {logging_mixin.py:109} INFO - [2022-05-16 00:39:47,639] {dag.py:2398} INFO - Sync 1 DAGs
[2022-05-16 00:39:47,718] {logging_mixin.py:109} INFO - [2022-05-16 00:39:47,717] {dag.py:2937} INFO - Setting next_dagrun for tutorial_taskflow_api_etl to None
[2022-05-16 00:39:47,774] {processor.py:171} INFO - Processing /home/airflow/.local/lib/python3.7/site-packages/airflow/example_dags/tutorial_taskflow_api_etl.py took 1.525 seconds
[2022-05-16 00:40:20,305] {processor.py:163} INFO - Started process (PID=11626) to work on /home/airflow/.local/lib/python3.7/site-packages/airflow/example_dags/tutorial_taskflow_api_etl.py
[2022-05-16 00:40:20,319] {processor.py:642} INFO - Processing file /home/airflow/.local/lib/python3.7/site-packages/airflow/example_dags/tutorial_taskflow_api_etl.py for tasks to queue
[2022-05-16 00:40:20,334] {logging_mixin.py:109} INFO - [2022-05-16 00:40:20,331] {dagbag.py:500} INFO - Filling up the DagBag from /home/airflow/.local/lib/python3.7/site-packages/airflow/example_dags/tutorial_taskflow_api_etl.py
[2022-05-16 00:40:20,555] {processor.py:652} INFO - DAG(s) dict_keys(['tutorial_taskflow_api_etl']) retrieved from /home/airflow/.local/lib/python3.7/site-packages/airflow/example_dags/tutorial_taskflow_api_etl.py
[2022-05-16 00:40:22,460] {logging_mixin.py:109} INFO - [2022-05-16 00:40:22,459] {dag.py:2398} INFO - Sync 1 DAGs
[2022-05-16 00:40:22,584] {logging_mixin.py:109} INFO - [2022-05-16 00:40:22,583] {dag.py:2937} INFO - Setting next_dagrun for tutorial_taskflow_api_etl to None
[2022-05-16 00:40:22,663] {processor.py:171} INFO - Processing /home/airflow/.local/lib/python3.7/site-packages/airflow/example_dags/tutorial_taskflow_api_etl.py took 2.382 seconds
[2022-05-16 00:40:53,199] {processor.py:163} INFO - Started process (PID=11681) to work on /home/airflow/.local/lib/python3.7/site-packages/airflow/example_dags/tutorial_taskflow_api_etl.py
[2022-05-16 00:40:53,226] {processor.py:642} INFO - Processing file /home/airflow/.local/lib/python3.7/site-packages/airflow/example_dags/tutorial_taskflow_api_etl.py for tasks to queue
[2022-05-16 00:40:53,234] {logging_mixin.py:109} INFO - [2022-05-16 00:40:53,233] {dagbag.py:500} INFO - Filling up the DagBag from /home/airflow/.local/lib/python3.7/site-packages/airflow/example_dags/tutorial_taskflow_api_etl.py
[2022-05-16 00:40:53,411] {processor.py:652} INFO - DAG(s) dict_keys(['tutorial_taskflow_api_etl']) retrieved from /home/airflow/.local/lib/python3.7/site-packages/airflow/example_dags/tutorial_taskflow_api_etl.py
[2022-05-16 00:40:55,289] {logging_mixin.py:109} INFO - [2022-05-16 00:40:55,288] {dag.py:2398} INFO - Sync 1 DAGs
[2022-05-16 00:40:55,438] {logging_mixin.py:109} INFO - [2022-05-16 00:40:55,438] {dag.py:2937} INFO - Setting next_dagrun for tutorial_taskflow_api_etl to None
[2022-05-16 00:40:56,026] {processor.py:171} INFO - Processing /home/airflow/.local/lib/python3.7/site-packages/airflow/example_dags/tutorial_taskflow_api_etl.py took 2.883 seconds
[2022-05-16 00:41:26,742] {processor.py:163} INFO - Started process (PID=11726) to work on /home/airflow/.local/lib/python3.7/site-packages/airflow/example_dags/tutorial_taskflow_api_etl.py
[2022-05-16 00:41:26,753] {processor.py:642} INFO - Processing file /home/airflow/.local/lib/python3.7/site-packages/airflow/example_dags/tutorial_taskflow_api_etl.py for tasks to queue
[2022-05-16 00:41:26,761] {logging_mixin.py:109} INFO - [2022-05-16 00:41:26,760] {dagbag.py:500} INFO - Filling up the DagBag from /home/airflow/.local/lib/python3.7/site-packages/airflow/example_dags/tutorial_taskflow_api_etl.py
[2022-05-16 00:41:26,960] {processor.py:652} INFO - DAG(s) dict_keys(['tutorial_taskflow_api_etl']) retrieved from /home/airflow/.local/lib/python3.7/site-packages/airflow/example_dags/tutorial_taskflow_api_etl.py
[2022-05-16 00:41:28,688] {logging_mixin.py:109} INFO - [2022-05-16 00:41:28,688] {dag.py:2398} INFO - Sync 1 DAGs
[2022-05-16 00:41:28,787] {logging_mixin.py:109} INFO - [2022-05-16 00:41:28,787] {dag.py:2937} INFO - Setting next_dagrun for tutorial_taskflow_api_etl to None
[2022-05-16 00:41:28,857] {processor.py:171} INFO - Processing /home/airflow/.local/lib/python3.7/site-packages/airflow/example_dags/tutorial_taskflow_api_etl.py took 2.138 seconds
[2022-05-16 00:41:59,070] {processor.py:163} INFO - Started process (PID=11778) to work on /home/airflow/.local/lib/python3.7/site-packages/airflow/example_dags/tutorial_taskflow_api_etl.py
[2022-05-16 00:41:59,084] {processor.py:642} INFO - Processing file /home/airflow/.local/lib/python3.7/site-packages/airflow/example_dags/tutorial_taskflow_api_etl.py for tasks to queue
[2022-05-16 00:41:59,092] {logging_mixin.py:109} INFO - [2022-05-16 00:41:59,091] {dagbag.py:500} INFO - Filling up the DagBag from /home/airflow/.local/lib/python3.7/site-packages/airflow/example_dags/tutorial_taskflow_api_etl.py
[2022-05-16 00:41:59,224] {processor.py:652} INFO - DAG(s) dict_keys(['tutorial_taskflow_api_etl']) retrieved from /home/airflow/.local/lib/python3.7/site-packages/airflow/example_dags/tutorial_taskflow_api_etl.py
[2022-05-16 00:42:00,585] {logging_mixin.py:109} INFO - [2022-05-16 00:42:00,584] {dag.py:2398} INFO - Sync 1 DAGs
[2022-05-16 00:42:00,659] {logging_mixin.py:109} INFO - [2022-05-16 00:42:00,659] {dag.py:2937} INFO - Setting next_dagrun for tutorial_taskflow_api_etl to None
[2022-05-16 00:42:00,726] {processor.py:171} INFO - Processing /home/airflow/.local/lib/python3.7/site-packages/airflow/example_dags/tutorial_taskflow_api_etl.py took 1.677 seconds
[2022-05-16 00:42:31,275] {processor.py:163} INFO - Started process (PID=11831) to work on /home/airflow/.local/lib/python3.7/site-packages/airflow/example_dags/tutorial_taskflow_api_etl.py
[2022-05-16 00:42:31,300] {processor.py:642} INFO - Processing file /home/airflow/.local/lib/python3.7/site-packages/airflow/example_dags/tutorial_taskflow_api_etl.py for tasks to queue
[2022-05-16 00:42:31,306] {logging_mixin.py:109} INFO - [2022-05-16 00:42:31,306] {dagbag.py:500} INFO - Filling up the DagBag from /home/airflow/.local/lib/python3.7/site-packages/airflow/example_dags/tutorial_taskflow_api_etl.py
[2022-05-16 00:42:31,425] {processor.py:652} INFO - DAG(s) dict_keys(['tutorial_taskflow_api_etl']) retrieved from /home/airflow/.local/lib/python3.7/site-packages/airflow/example_dags/tutorial_taskflow_api_etl.py
[2022-05-16 00:42:32,723] {logging_mixin.py:109} INFO - [2022-05-16 00:42:32,722] {dag.py:2398} INFO - Sync 1 DAGs
[2022-05-16 00:42:32,845] {logging_mixin.py:109} INFO - [2022-05-16 00:42:32,845] {dag.py:2937} INFO - Setting next_dagrun for tutorial_taskflow_api_etl to None
[2022-05-16 00:42:32,919] {processor.py:171} INFO - Processing /home/airflow/.local/lib/python3.7/site-packages/airflow/example_dags/tutorial_taskflow_api_etl.py took 1.675 seconds
[2022-05-16 00:43:03,911] {processor.py:163} INFO - Started process (PID=11875) to work on /home/airflow/.local/lib/python3.7/site-packages/airflow/example_dags/tutorial_taskflow_api_etl.py
[2022-05-16 00:43:03,923] {processor.py:642} INFO - Processing file /home/airflow/.local/lib/python3.7/site-packages/airflow/example_dags/tutorial_taskflow_api_etl.py for tasks to queue
[2022-05-16 00:43:03,935] {logging_mixin.py:109} INFO - [2022-05-16 00:43:03,932] {dagbag.py:500} INFO - Filling up the DagBag from /home/airflow/.local/lib/python3.7/site-packages/airflow/example_dags/tutorial_taskflow_api_etl.py
[2022-05-16 00:43:04,120] {processor.py:652} INFO - DAG(s) dict_keys(['tutorial_taskflow_api_etl']) retrieved from /home/airflow/.local/lib/python3.7/site-packages/airflow/example_dags/tutorial_taskflow_api_etl.py
[2022-05-16 00:43:05,625] {logging_mixin.py:109} INFO - [2022-05-16 00:43:05,624] {dag.py:2398} INFO - Sync 1 DAGs
[2022-05-16 00:43:05,727] {logging_mixin.py:109} INFO - [2022-05-16 00:43:05,726] {dag.py:2937} INFO - Setting next_dagrun for tutorial_taskflow_api_etl to None
[2022-05-16 00:43:05,804] {processor.py:171} INFO - Processing /home/airflow/.local/lib/python3.7/site-packages/airflow/example_dags/tutorial_taskflow_api_etl.py took 1.917 seconds
[2022-05-16 00:43:36,847] {processor.py:163} INFO - Started process (PID=11928) to work on /home/airflow/.local/lib/python3.7/site-packages/airflow/example_dags/tutorial_taskflow_api_etl.py
[2022-05-16 00:43:36,869] {processor.py:642} INFO - Processing file /home/airflow/.local/lib/python3.7/site-packages/airflow/example_dags/tutorial_taskflow_api_etl.py for tasks to queue
[2022-05-16 00:43:36,875] {logging_mixin.py:109} INFO - [2022-05-16 00:43:36,875] {dagbag.py:500} INFO - Filling up the DagBag from /home/airflow/.local/lib/python3.7/site-packages/airflow/example_dags/tutorial_taskflow_api_etl.py
[2022-05-16 00:43:37,027] {processor.py:652} INFO - DAG(s) dict_keys(['tutorial_taskflow_api_etl']) retrieved from /home/airflow/.local/lib/python3.7/site-packages/airflow/example_dags/tutorial_taskflow_api_etl.py
[2022-05-16 00:43:38,768] {logging_mixin.py:109} INFO - [2022-05-16 00:43:38,767] {dag.py:2398} INFO - Sync 1 DAGs
[2022-05-16 00:43:39,012] {logging_mixin.py:109} INFO - [2022-05-16 00:43:39,002] {dag.py:2937} INFO - Setting next_dagrun for tutorial_taskflow_api_etl to None
[2022-05-16 00:43:39,090] {processor.py:171} INFO - Processing /home/airflow/.local/lib/python3.7/site-packages/airflow/example_dags/tutorial_taskflow_api_etl.py took 2.299 seconds
[2022-05-16 01:14:19,579] {processor.py:163} INFO - Started process (PID=11993) to work on /home/airflow/.local/lib/python3.7/site-packages/airflow/example_dags/tutorial_taskflow_api_etl.py
[2022-05-16 01:14:19,595] {processor.py:642} INFO - Processing file /home/airflow/.local/lib/python3.7/site-packages/airflow/example_dags/tutorial_taskflow_api_etl.py for tasks to queue
[2022-05-16 01:14:19,604] {logging_mixin.py:109} INFO - [2022-05-16 01:14:19,603] {dagbag.py:500} INFO - Filling up the DagBag from /home/airflow/.local/lib/python3.7/site-packages/airflow/example_dags/tutorial_taskflow_api_etl.py
[2022-05-16 01:14:19,785] {processor.py:652} INFO - DAG(s) dict_keys(['tutorial_taskflow_api_etl']) retrieved from /home/airflow/.local/lib/python3.7/site-packages/airflow/example_dags/tutorial_taskflow_api_etl.py
[2022-05-16 01:14:22,503] {logging_mixin.py:109} INFO - [2022-05-16 01:14:22,503] {dag.py:2398} INFO - Sync 1 DAGs
[2022-05-16 01:14:22,641] {logging_mixin.py:109} INFO - [2022-05-16 01:14:22,641] {dag.py:2937} INFO - Setting next_dagrun for tutorial_taskflow_api_etl to None
[2022-05-16 01:14:22,749] {processor.py:171} INFO - Processing /home/airflow/.local/lib/python3.7/site-packages/airflow/example_dags/tutorial_taskflow_api_etl.py took 3.222 seconds
[2022-05-16 01:14:55,562] {processor.py:163} INFO - Started process (PID=12047) to work on /home/airflow/.local/lib/python3.7/site-packages/airflow/example_dags/tutorial_taskflow_api_etl.py
[2022-05-16 01:14:55,595] {processor.py:642} INFO - Processing file /home/airflow/.local/lib/python3.7/site-packages/airflow/example_dags/tutorial_taskflow_api_etl.py for tasks to queue
[2022-05-16 01:14:55,642] {logging_mixin.py:109} INFO - [2022-05-16 01:14:55,629] {dagbag.py:500} INFO - Filling up the DagBag from /home/airflow/.local/lib/python3.7/site-packages/airflow/example_dags/tutorial_taskflow_api_etl.py
[2022-05-16 01:14:55,858] {processor.py:652} INFO - DAG(s) dict_keys(['tutorial_taskflow_api_etl']) retrieved from /home/airflow/.local/lib/python3.7/site-packages/airflow/example_dags/tutorial_taskflow_api_etl.py
[2022-05-16 01:14:58,459] {logging_mixin.py:109} INFO - [2022-05-16 01:14:58,457] {dag.py:2398} INFO - Sync 1 DAGs
[2022-05-16 01:14:58,641] {logging_mixin.py:109} INFO - [2022-05-16 01:14:58,641] {dag.py:2937} INFO - Setting next_dagrun for tutorial_taskflow_api_etl to None
[2022-05-16 01:14:58,784] {processor.py:171} INFO - Processing /home/airflow/.local/lib/python3.7/site-packages/airflow/example_dags/tutorial_taskflow_api_etl.py took 3.313 seconds
[2022-05-16 01:15:29,384] {processor.py:163} INFO - Started process (PID=12104) to work on /home/airflow/.local/lib/python3.7/site-packages/airflow/example_dags/tutorial_taskflow_api_etl.py
[2022-05-16 01:15:29,397] {processor.py:642} INFO - Processing file /home/airflow/.local/lib/python3.7/site-packages/airflow/example_dags/tutorial_taskflow_api_etl.py for tasks to queue
[2022-05-16 01:15:29,404] {logging_mixin.py:109} INFO - [2022-05-16 01:15:29,403] {dagbag.py:500} INFO - Filling up the DagBag from /home/airflow/.local/lib/python3.7/site-packages/airflow/example_dags/tutorial_taskflow_api_etl.py
[2022-05-16 01:15:29,506] {processor.py:652} INFO - DAG(s) dict_keys(['tutorial_taskflow_api_etl']) retrieved from /home/airflow/.local/lib/python3.7/site-packages/airflow/example_dags/tutorial_taskflow_api_etl.py
[2022-05-16 01:15:30,926] {logging_mixin.py:109} INFO - [2022-05-16 01:15:30,925] {dag.py:2398} INFO - Sync 1 DAGs
[2022-05-16 01:15:31,004] {logging_mixin.py:109} INFO - [2022-05-16 01:15:31,004] {dag.py:2937} INFO - Setting next_dagrun for tutorial_taskflow_api_etl to None
[2022-05-16 01:15:31,077] {processor.py:171} INFO - Processing /home/airflow/.local/lib/python3.7/site-packages/airflow/example_dags/tutorial_taskflow_api_etl.py took 1.716 seconds
[2022-05-16 01:16:01,753] {processor.py:163} INFO - Started process (PID=12149) to work on /home/airflow/.local/lib/python3.7/site-packages/airflow/example_dags/tutorial_taskflow_api_etl.py
[2022-05-16 01:16:01,766] {processor.py:642} INFO - Processing file /home/airflow/.local/lib/python3.7/site-packages/airflow/example_dags/tutorial_taskflow_api_etl.py for tasks to queue
[2022-05-16 01:16:01,772] {logging_mixin.py:109} INFO - [2022-05-16 01:16:01,771] {dagbag.py:500} INFO - Filling up the DagBag from /home/airflow/.local/lib/python3.7/site-packages/airflow/example_dags/tutorial_taskflow_api_etl.py
[2022-05-16 01:16:01,849] {processor.py:652} INFO - DAG(s) dict_keys(['tutorial_taskflow_api_etl']) retrieved from /home/airflow/.local/lib/python3.7/site-packages/airflow/example_dags/tutorial_taskflow_api_etl.py
[2022-05-16 01:16:02,999] {logging_mixin.py:109} INFO - [2022-05-16 01:16:02,999] {dag.py:2398} INFO - Sync 1 DAGs
[2022-05-16 01:16:03,059] {logging_mixin.py:109} INFO - [2022-05-16 01:16:03,059] {dag.py:2937} INFO - Setting next_dagrun for tutorial_taskflow_api_etl to None
[2022-05-16 01:16:03,108] {processor.py:171} INFO - Processing /home/airflow/.local/lib/python3.7/site-packages/airflow/example_dags/tutorial_taskflow_api_etl.py took 1.384 seconds
[2022-05-16 01:16:33,262] {processor.py:163} INFO - Started process (PID=12203) to work on /home/airflow/.local/lib/python3.7/site-packages/airflow/example_dags/tutorial_taskflow_api_etl.py
[2022-05-16 01:16:33,272] {processor.py:642} INFO - Processing file /home/airflow/.local/lib/python3.7/site-packages/airflow/example_dags/tutorial_taskflow_api_etl.py for tasks to queue
[2022-05-16 01:16:33,280] {logging_mixin.py:109} INFO - [2022-05-16 01:16:33,279] {dagbag.py:500} INFO - Filling up the DagBag from /home/airflow/.local/lib/python3.7/site-packages/airflow/example_dags/tutorial_taskflow_api_etl.py
[2022-05-16 01:16:33,357] {processor.py:652} INFO - DAG(s) dict_keys(['tutorial_taskflow_api_etl']) retrieved from /home/airflow/.local/lib/python3.7/site-packages/airflow/example_dags/tutorial_taskflow_api_etl.py
[2022-05-16 01:16:34,551] {logging_mixin.py:109} INFO - [2022-05-16 01:16:34,550] {dag.py:2398} INFO - Sync 1 DAGs
[2022-05-16 01:16:34,618] {logging_mixin.py:109} INFO - [2022-05-16 01:16:34,617] {dag.py:2937} INFO - Setting next_dagrun for tutorial_taskflow_api_etl to None
[2022-05-16 01:16:34,682] {processor.py:171} INFO - Processing /home/airflow/.local/lib/python3.7/site-packages/airflow/example_dags/tutorial_taskflow_api_etl.py took 1.445 seconds
[2022-05-16 01:17:04,806] {processor.py:163} INFO - Started process (PID=12256) to work on /home/airflow/.local/lib/python3.7/site-packages/airflow/example_dags/tutorial_taskflow_api_etl.py
[2022-05-16 01:17:04,817] {processor.py:642} INFO - Processing file /home/airflow/.local/lib/python3.7/site-packages/airflow/example_dags/tutorial_taskflow_api_etl.py for tasks to queue
[2022-05-16 01:17:04,827] {logging_mixin.py:109} INFO - [2022-05-16 01:17:04,826] {dagbag.py:500} INFO - Filling up the DagBag from /home/airflow/.local/lib/python3.7/site-packages/airflow/example_dags/tutorial_taskflow_api_etl.py
[2022-05-16 01:17:04,883] {processor.py:652} INFO - DAG(s) dict_keys(['tutorial_taskflow_api_etl']) retrieved from /home/airflow/.local/lib/python3.7/site-packages/airflow/example_dags/tutorial_taskflow_api_etl.py
[2022-05-16 01:17:06,027] {logging_mixin.py:109} INFO - [2022-05-16 01:17:06,027] {dag.py:2398} INFO - Sync 1 DAGs
[2022-05-16 01:17:06,123] {logging_mixin.py:109} INFO - [2022-05-16 01:17:06,123] {dag.py:2937} INFO - Setting next_dagrun for tutorial_taskflow_api_etl to None
[2022-05-16 01:17:06,178] {processor.py:171} INFO - Processing /home/airflow/.local/lib/python3.7/site-packages/airflow/example_dags/tutorial_taskflow_api_etl.py took 1.423 seconds
[2022-05-16 01:17:36,448] {processor.py:163} INFO - Started process (PID=12301) to work on /home/airflow/.local/lib/python3.7/site-packages/airflow/example_dags/tutorial_taskflow_api_etl.py
[2022-05-16 01:17:36,475] {processor.py:642} INFO - Processing file /home/airflow/.local/lib/python3.7/site-packages/airflow/example_dags/tutorial_taskflow_api_etl.py for tasks to queue
[2022-05-16 01:17:36,493] {logging_mixin.py:109} INFO - [2022-05-16 01:17:36,491] {dagbag.py:500} INFO - Filling up the DagBag from /home/airflow/.local/lib/python3.7/site-packages/airflow/example_dags/tutorial_taskflow_api_etl.py
[2022-05-16 01:17:36,586] {processor.py:652} INFO - DAG(s) dict_keys(['tutorial_taskflow_api_etl']) retrieved from /home/airflow/.local/lib/python3.7/site-packages/airflow/example_dags/tutorial_taskflow_api_etl.py
[2022-05-16 01:17:37,615] {logging_mixin.py:109} INFO - [2022-05-16 01:17:37,615] {dag.py:2398} INFO - Sync 1 DAGs
[2022-05-16 01:17:37,684] {logging_mixin.py:109} INFO - [2022-05-16 01:17:37,683] {dag.py:2937} INFO - Setting next_dagrun for tutorial_taskflow_api_etl to None
[2022-05-16 01:17:37,730] {processor.py:171} INFO - Processing /home/airflow/.local/lib/python3.7/site-packages/airflow/example_dags/tutorial_taskflow_api_etl.py took 1.300 seconds
[2022-05-16 01:18:08,479] {processor.py:163} INFO - Started process (PID=12354) to work on /home/airflow/.local/lib/python3.7/site-packages/airflow/example_dags/tutorial_taskflow_api_etl.py
[2022-05-16 01:18:08,489] {processor.py:642} INFO - Processing file /home/airflow/.local/lib/python3.7/site-packages/airflow/example_dags/tutorial_taskflow_api_etl.py for tasks to queue
[2022-05-16 01:18:08,495] {logging_mixin.py:109} INFO - [2022-05-16 01:18:08,495] {dagbag.py:500} INFO - Filling up the DagBag from /home/airflow/.local/lib/python3.7/site-packages/airflow/example_dags/tutorial_taskflow_api_etl.py
[2022-05-16 01:18:08,581] {processor.py:652} INFO - DAG(s) dict_keys(['tutorial_taskflow_api_etl']) retrieved from /home/airflow/.local/lib/python3.7/site-packages/airflow/example_dags/tutorial_taskflow_api_etl.py
[2022-05-16 01:18:09,605] {logging_mixin.py:109} INFO - [2022-05-16 01:18:09,605] {dag.py:2398} INFO - Sync 1 DAGs
[2022-05-16 01:18:09,682] {logging_mixin.py:109} INFO - [2022-05-16 01:18:09,681] {dag.py:2937} INFO - Setting next_dagrun for tutorial_taskflow_api_etl to None
[2022-05-16 01:18:09,743] {processor.py:171} INFO - Processing /home/airflow/.local/lib/python3.7/site-packages/airflow/example_dags/tutorial_taskflow_api_etl.py took 1.281 seconds
[2022-05-16 01:18:40,019] {processor.py:163} INFO - Started process (PID=12407) to work on /home/airflow/.local/lib/python3.7/site-packages/airflow/example_dags/tutorial_taskflow_api_etl.py
[2022-05-16 01:18:40,033] {processor.py:642} INFO - Processing file /home/airflow/.local/lib/python3.7/site-packages/airflow/example_dags/tutorial_taskflow_api_etl.py for tasks to queue
[2022-05-16 01:18:40,038] {logging_mixin.py:109} INFO - [2022-05-16 01:18:40,037] {dagbag.py:500} INFO - Filling up the DagBag from /home/airflow/.local/lib/python3.7/site-packages/airflow/example_dags/tutorial_taskflow_api_etl.py
[2022-05-16 01:18:40,110] {processor.py:652} INFO - DAG(s) dict_keys(['tutorial_taskflow_api_etl']) retrieved from /home/airflow/.local/lib/python3.7/site-packages/airflow/example_dags/tutorial_taskflow_api_etl.py
[2022-05-16 01:18:41,394] {logging_mixin.py:109} INFO - [2022-05-16 01:18:41,393] {dag.py:2398} INFO - Sync 1 DAGs
[2022-05-16 01:18:41,570] {logging_mixin.py:109} INFO - [2022-05-16 01:18:41,569] {dag.py:2937} INFO - Setting next_dagrun for tutorial_taskflow_api_etl to None
[2022-05-16 01:18:41,698] {processor.py:171} INFO - Processing /home/airflow/.local/lib/python3.7/site-packages/airflow/example_dags/tutorial_taskflow_api_etl.py took 1.702 seconds
[2022-05-16 01:19:12,075] {processor.py:163} INFO - Started process (PID=12452) to work on /home/airflow/.local/lib/python3.7/site-packages/airflow/example_dags/tutorial_taskflow_api_etl.py
[2022-05-16 01:19:12,087] {processor.py:642} INFO - Processing file /home/airflow/.local/lib/python3.7/site-packages/airflow/example_dags/tutorial_taskflow_api_etl.py for tasks to queue
[2022-05-16 01:19:12,097] {logging_mixin.py:109} INFO - [2022-05-16 01:19:12,097] {dagbag.py:500} INFO - Filling up the DagBag from /home/airflow/.local/lib/python3.7/site-packages/airflow/example_dags/tutorial_taskflow_api_etl.py
[2022-05-16 01:19:12,188] {processor.py:652} INFO - DAG(s) dict_keys(['tutorial_taskflow_api_etl']) retrieved from /home/airflow/.local/lib/python3.7/site-packages/airflow/example_dags/tutorial_taskflow_api_etl.py
[2022-05-16 01:19:13,407] {logging_mixin.py:109} INFO - [2022-05-16 01:19:13,407] {dag.py:2398} INFO - Sync 1 DAGs
[2022-05-16 01:19:13,482] {logging_mixin.py:109} INFO - [2022-05-16 01:19:13,482] {dag.py:2937} INFO - Setting next_dagrun for tutorial_taskflow_api_etl to None
[2022-05-16 01:19:13,538] {processor.py:171} INFO - Processing /home/airflow/.local/lib/python3.7/site-packages/airflow/example_dags/tutorial_taskflow_api_etl.py took 1.483 seconds
[2022-05-16 01:19:43,801] {processor.py:163} INFO - Started process (PID=12505) to work on /home/airflow/.local/lib/python3.7/site-packages/airflow/example_dags/tutorial_taskflow_api_etl.py
[2022-05-16 01:19:43,810] {processor.py:642} INFO - Processing file /home/airflow/.local/lib/python3.7/site-packages/airflow/example_dags/tutorial_taskflow_api_etl.py for tasks to queue
[2022-05-16 01:19:43,816] {logging_mixin.py:109} INFO - [2022-05-16 01:19:43,815] {dagbag.py:500} INFO - Filling up the DagBag from /home/airflow/.local/lib/python3.7/site-packages/airflow/example_dags/tutorial_taskflow_api_etl.py
[2022-05-16 01:19:43,887] {processor.py:652} INFO - DAG(s) dict_keys(['tutorial_taskflow_api_etl']) retrieved from /home/airflow/.local/lib/python3.7/site-packages/airflow/example_dags/tutorial_taskflow_api_etl.py
[2022-05-16 01:19:45,297] {logging_mixin.py:109} INFO - [2022-05-16 01:19:45,296] {dag.py:2398} INFO - Sync 1 DAGs
[2022-05-16 01:19:45,402] {logging_mixin.py:109} INFO - [2022-05-16 01:19:45,402] {dag.py:2937} INFO - Setting next_dagrun for tutorial_taskflow_api_etl to None
[2022-05-16 01:19:45,456] {processor.py:171} INFO - Processing /home/airflow/.local/lib/python3.7/site-packages/airflow/example_dags/tutorial_taskflow_api_etl.py took 1.672 seconds
[2022-05-16 01:20:16,189] {processor.py:163} INFO - Started process (PID=12549) to work on /home/airflow/.local/lib/python3.7/site-packages/airflow/example_dags/tutorial_taskflow_api_etl.py
[2022-05-16 01:20:16,191] {processor.py:642} INFO - Processing file /home/airflow/.local/lib/python3.7/site-packages/airflow/example_dags/tutorial_taskflow_api_etl.py for tasks to queue
[2022-05-16 01:20:16,193] {logging_mixin.py:109} INFO - [2022-05-16 01:20:16,193] {dagbag.py:500} INFO - Filling up the DagBag from /home/airflow/.local/lib/python3.7/site-packages/airflow/example_dags/tutorial_taskflow_api_etl.py
[2022-05-16 01:20:16,212] {processor.py:652} INFO - DAG(s) dict_keys(['tutorial_taskflow_api_etl']) retrieved from /home/airflow/.local/lib/python3.7/site-packages/airflow/example_dags/tutorial_taskflow_api_etl.py
[2022-05-16 01:20:16,517] {logging_mixin.py:109} INFO - [2022-05-16 01:20:16,517] {dag.py:2398} INFO - Sync 1 DAGs
[2022-05-16 01:20:16,551] {logging_mixin.py:109} INFO - [2022-05-16 01:20:16,551] {dag.py:2937} INFO - Setting next_dagrun for tutorial_taskflow_api_etl to None
[2022-05-16 01:20:16,578] {processor.py:171} INFO - Processing /home/airflow/.local/lib/python3.7/site-packages/airflow/example_dags/tutorial_taskflow_api_etl.py took 0.394 seconds
[2022-05-16 01:50:40,686] {processor.py:163} INFO - Started process (PID=12594) to work on /home/airflow/.local/lib/python3.7/site-packages/airflow/example_dags/tutorial_taskflow_api_etl.py
[2022-05-16 01:50:40,703] {processor.py:642} INFO - Processing file /home/airflow/.local/lib/python3.7/site-packages/airflow/example_dags/tutorial_taskflow_api_etl.py for tasks to queue
[2022-05-16 01:50:40,712] {logging_mixin.py:109} INFO - [2022-05-16 01:50:40,711] {dagbag.py:500} INFO - Filling up the DagBag from /home/airflow/.local/lib/python3.7/site-packages/airflow/example_dags/tutorial_taskflow_api_etl.py
[2022-05-16 01:50:40,855] {processor.py:652} INFO - DAG(s) dict_keys(['tutorial_taskflow_api_etl']) retrieved from /home/airflow/.local/lib/python3.7/site-packages/airflow/example_dags/tutorial_taskflow_api_etl.py
[2022-05-16 01:50:42,398] {logging_mixin.py:109} INFO - [2022-05-16 01:50:42,394] {dag.py:2398} INFO - Sync 1 DAGs
[2022-05-16 01:50:42,529] {logging_mixin.py:109} INFO - [2022-05-16 01:50:42,529] {dag.py:2937} INFO - Setting next_dagrun for tutorial_taskflow_api_etl to None
[2022-05-16 01:50:42,605] {processor.py:171} INFO - Processing /home/airflow/.local/lib/python3.7/site-packages/airflow/example_dags/tutorial_taskflow_api_etl.py took 1.950 seconds
[2022-05-16 01:51:16,029] {processor.py:163} INFO - Started process (PID=12646) to work on /home/airflow/.local/lib/python3.7/site-packages/airflow/example_dags/tutorial_taskflow_api_etl.py
[2022-05-16 01:51:16,042] {processor.py:642} INFO - Processing file /home/airflow/.local/lib/python3.7/site-packages/airflow/example_dags/tutorial_taskflow_api_etl.py for tasks to queue
[2022-05-16 01:51:16,050] {logging_mixin.py:109} INFO - [2022-05-16 01:51:16,049] {dagbag.py:500} INFO - Filling up the DagBag from /home/airflow/.local/lib/python3.7/site-packages/airflow/example_dags/tutorial_taskflow_api_etl.py
[2022-05-16 01:51:16,145] {processor.py:652} INFO - DAG(s) dict_keys(['tutorial_taskflow_api_etl']) retrieved from /home/airflow/.local/lib/python3.7/site-packages/airflow/example_dags/tutorial_taskflow_api_etl.py
[2022-05-16 01:51:18,062] {logging_mixin.py:109} INFO - [2022-05-16 01:51:18,062] {dag.py:2398} INFO - Sync 1 DAGs
[2022-05-16 01:51:18,164] {logging_mixin.py:109} INFO - [2022-05-16 01:51:18,163] {dag.py:2937} INFO - Setting next_dagrun for tutorial_taskflow_api_etl to None
[2022-05-16 01:51:18,271] {processor.py:171} INFO - Processing /home/airflow/.local/lib/python3.7/site-packages/airflow/example_dags/tutorial_taskflow_api_etl.py took 2.269 seconds
[2022-05-16 01:51:48,444] {processor.py:163} INFO - Started process (PID=12699) to work on /home/airflow/.local/lib/python3.7/site-packages/airflow/example_dags/tutorial_taskflow_api_etl.py
[2022-05-16 01:51:48,457] {processor.py:642} INFO - Processing file /home/airflow/.local/lib/python3.7/site-packages/airflow/example_dags/tutorial_taskflow_api_etl.py for tasks to queue
[2022-05-16 01:51:48,466] {logging_mixin.py:109} INFO - [2022-05-16 01:51:48,465] {dagbag.py:500} INFO - Filling up the DagBag from /home/airflow/.local/lib/python3.7/site-packages/airflow/example_dags/tutorial_taskflow_api_etl.py
[2022-05-16 01:51:48,533] {processor.py:652} INFO - DAG(s) dict_keys(['tutorial_taskflow_api_etl']) retrieved from /home/airflow/.local/lib/python3.7/site-packages/airflow/example_dags/tutorial_taskflow_api_etl.py
[2022-05-16 01:51:49,710] {logging_mixin.py:109} INFO - [2022-05-16 01:51:49,710] {dag.py:2398} INFO - Sync 1 DAGs
[2022-05-16 01:51:49,786] {logging_mixin.py:109} INFO - [2022-05-16 01:51:49,786] {dag.py:2937} INFO - Setting next_dagrun for tutorial_taskflow_api_etl to None
[2022-05-16 01:51:49,858] {processor.py:171} INFO - Processing /home/airflow/.local/lib/python3.7/site-packages/airflow/example_dags/tutorial_taskflow_api_etl.py took 1.431 seconds
[2022-05-16 01:52:20,271] {processor.py:163} INFO - Started process (PID=12745) to work on /home/airflow/.local/lib/python3.7/site-packages/airflow/example_dags/tutorial_taskflow_api_etl.py
[2022-05-16 01:52:20,281] {processor.py:642} INFO - Processing file /home/airflow/.local/lib/python3.7/site-packages/airflow/example_dags/tutorial_taskflow_api_etl.py for tasks to queue
[2022-05-16 01:52:20,287] {logging_mixin.py:109} INFO - [2022-05-16 01:52:20,286] {dagbag.py:500} INFO - Filling up the DagBag from /home/airflow/.local/lib/python3.7/site-packages/airflow/example_dags/tutorial_taskflow_api_etl.py
[2022-05-16 01:52:20,370] {processor.py:652} INFO - DAG(s) dict_keys(['tutorial_taskflow_api_etl']) retrieved from /home/airflow/.local/lib/python3.7/site-packages/airflow/example_dags/tutorial_taskflow_api_etl.py
[2022-05-16 01:52:21,582] {logging_mixin.py:109} INFO - [2022-05-16 01:52:21,581] {dag.py:2398} INFO - Sync 1 DAGs
[2022-05-16 01:52:21,661] {logging_mixin.py:109} INFO - [2022-05-16 01:52:21,660] {dag.py:2937} INFO - Setting next_dagrun for tutorial_taskflow_api_etl to None
[2022-05-16 01:52:21,715] {processor.py:171} INFO - Processing /home/airflow/.local/lib/python3.7/site-packages/airflow/example_dags/tutorial_taskflow_api_etl.py took 1.471 seconds
[2022-05-16 01:52:52,287] {processor.py:163} INFO - Started process (PID=12798) to work on /home/airflow/.local/lib/python3.7/site-packages/airflow/example_dags/tutorial_taskflow_api_etl.py
[2022-05-16 01:52:52,296] {processor.py:642} INFO - Processing file /home/airflow/.local/lib/python3.7/site-packages/airflow/example_dags/tutorial_taskflow_api_etl.py for tasks to queue
[2022-05-16 01:52:52,302] {logging_mixin.py:109} INFO - [2022-05-16 01:52:52,302] {dagbag.py:500} INFO - Filling up the DagBag from /home/airflow/.local/lib/python3.7/site-packages/airflow/example_dags/tutorial_taskflow_api_etl.py
[2022-05-16 01:52:52,373] {processor.py:652} INFO - DAG(s) dict_keys(['tutorial_taskflow_api_etl']) retrieved from /home/airflow/.local/lib/python3.7/site-packages/airflow/example_dags/tutorial_taskflow_api_etl.py
[2022-05-16 01:52:53,420] {logging_mixin.py:109} INFO - [2022-05-16 01:52:53,419] {dag.py:2398} INFO - Sync 1 DAGs
[2022-05-16 01:52:53,484] {logging_mixin.py:109} INFO - [2022-05-16 01:52:53,484] {dag.py:2937} INFO - Setting next_dagrun for tutorial_taskflow_api_etl to None
[2022-05-16 01:52:53,531] {processor.py:171} INFO - Processing /home/airflow/.local/lib/python3.7/site-packages/airflow/example_dags/tutorial_taskflow_api_etl.py took 1.262 seconds
[2022-05-16 01:53:24,512] {processor.py:163} INFO - Started process (PID=12849) to work on /home/airflow/.local/lib/python3.7/site-packages/airflow/example_dags/tutorial_taskflow_api_etl.py
[2022-05-16 01:53:24,540] {processor.py:642} INFO - Processing file /home/airflow/.local/lib/python3.7/site-packages/airflow/example_dags/tutorial_taskflow_api_etl.py for tasks to queue
[2022-05-16 01:53:24,554] {logging_mixin.py:109} INFO - [2022-05-16 01:53:24,553] {dagbag.py:500} INFO - Filling up the DagBag from /home/airflow/.local/lib/python3.7/site-packages/airflow/example_dags/tutorial_taskflow_api_etl.py
[2022-05-16 01:53:24,640] {processor.py:652} INFO - DAG(s) dict_keys(['tutorial_taskflow_api_etl']) retrieved from /home/airflow/.local/lib/python3.7/site-packages/airflow/example_dags/tutorial_taskflow_api_etl.py
[2022-05-16 01:53:25,922] {logging_mixin.py:109} INFO - [2022-05-16 01:53:25,922] {dag.py:2398} INFO - Sync 1 DAGs
[2022-05-16 01:53:26,018] {logging_mixin.py:109} INFO - [2022-05-16 01:53:26,018] {dag.py:2937} INFO - Setting next_dagrun for tutorial_taskflow_api_etl to None
[2022-05-16 01:53:26,067] {processor.py:171} INFO - Processing /home/airflow/.local/lib/python3.7/site-packages/airflow/example_dags/tutorial_taskflow_api_etl.py took 1.600 seconds
[2022-05-16 01:53:56,536] {processor.py:163} INFO - Started process (PID=12896) to work on /home/airflow/.local/lib/python3.7/site-packages/airflow/example_dags/tutorial_taskflow_api_etl.py
[2022-05-16 01:53:56,549] {processor.py:642} INFO - Processing file /home/airflow/.local/lib/python3.7/site-packages/airflow/example_dags/tutorial_taskflow_api_etl.py for tasks to queue
[2022-05-16 01:53:56,555] {logging_mixin.py:109} INFO - [2022-05-16 01:53:56,554] {dagbag.py:500} INFO - Filling up the DagBag from /home/airflow/.local/lib/python3.7/site-packages/airflow/example_dags/tutorial_taskflow_api_etl.py
[2022-05-16 01:53:56,625] {processor.py:652} INFO - DAG(s) dict_keys(['tutorial_taskflow_api_etl']) retrieved from /home/airflow/.local/lib/python3.7/site-packages/airflow/example_dags/tutorial_taskflow_api_etl.py
[2022-05-16 01:53:57,952] {logging_mixin.py:109} INFO - [2022-05-16 01:53:57,951] {dag.py:2398} INFO - Sync 1 DAGs
[2022-05-16 01:53:58,073] {logging_mixin.py:109} INFO - [2022-05-16 01:53:58,072] {dag.py:2937} INFO - Setting next_dagrun for tutorial_taskflow_api_etl to None
[2022-05-16 01:53:58,131] {processor.py:171} INFO - Processing /home/airflow/.local/lib/python3.7/site-packages/airflow/example_dags/tutorial_taskflow_api_etl.py took 1.618 seconds
[2022-05-16 01:54:28,690] {processor.py:163} INFO - Started process (PID=12951) to work on /home/airflow/.local/lib/python3.7/site-packages/airflow/example_dags/tutorial_taskflow_api_etl.py
[2022-05-16 01:54:28,701] {processor.py:642} INFO - Processing file /home/airflow/.local/lib/python3.7/site-packages/airflow/example_dags/tutorial_taskflow_api_etl.py for tasks to queue
[2022-05-16 01:54:28,707] {logging_mixin.py:109} INFO - [2022-05-16 01:54:28,706] {dagbag.py:500} INFO - Filling up the DagBag from /home/airflow/.local/lib/python3.7/site-packages/airflow/example_dags/tutorial_taskflow_api_etl.py
[2022-05-16 01:54:28,782] {processor.py:652} INFO - DAG(s) dict_keys(['tutorial_taskflow_api_etl']) retrieved from /home/airflow/.local/lib/python3.7/site-packages/airflow/example_dags/tutorial_taskflow_api_etl.py
[2022-05-16 01:54:30,244] {logging_mixin.py:109} INFO - [2022-05-16 01:54:30,243] {dag.py:2398} INFO - Sync 1 DAGs
[2022-05-16 01:54:30,325] {logging_mixin.py:109} INFO - [2022-05-16 01:54:30,324] {dag.py:2937} INFO - Setting next_dagrun for tutorial_taskflow_api_etl to None
[2022-05-16 01:54:30,401] {processor.py:171} INFO - Processing /home/airflow/.local/lib/python3.7/site-packages/airflow/example_dags/tutorial_taskflow_api_etl.py took 1.732 seconds
[2022-05-16 01:55:01,145] {processor.py:163} INFO - Started process (PID=12996) to work on /home/airflow/.local/lib/python3.7/site-packages/airflow/example_dags/tutorial_taskflow_api_etl.py
[2022-05-16 01:55:01,163] {processor.py:642} INFO - Processing file /home/airflow/.local/lib/python3.7/site-packages/airflow/example_dags/tutorial_taskflow_api_etl.py for tasks to queue
[2022-05-16 01:55:01,176] {logging_mixin.py:109} INFO - [2022-05-16 01:55:01,175] {dagbag.py:500} INFO - Filling up the DagBag from /home/airflow/.local/lib/python3.7/site-packages/airflow/example_dags/tutorial_taskflow_api_etl.py
[2022-05-16 01:55:01,239] {processor.py:652} INFO - DAG(s) dict_keys(['tutorial_taskflow_api_etl']) retrieved from /home/airflow/.local/lib/python3.7/site-packages/airflow/example_dags/tutorial_taskflow_api_etl.py
[2022-05-16 01:55:02,291] {logging_mixin.py:109} INFO - [2022-05-16 01:55:02,291] {dag.py:2398} INFO - Sync 1 DAGs
[2022-05-16 01:55:02,355] {logging_mixin.py:109} INFO - [2022-05-16 01:55:02,355] {dag.py:2937} INFO - Setting next_dagrun for tutorial_taskflow_api_etl to None
[2022-05-16 01:55:02,401] {processor.py:171} INFO - Processing /home/airflow/.local/lib/python3.7/site-packages/airflow/example_dags/tutorial_taskflow_api_etl.py took 1.321 seconds
[2022-05-16 01:55:32,556] {processor.py:163} INFO - Started process (PID=13052) to work on /home/airflow/.local/lib/python3.7/site-packages/airflow/example_dags/tutorial_taskflow_api_etl.py
[2022-05-16 01:55:32,565] {processor.py:642} INFO - Processing file /home/airflow/.local/lib/python3.7/site-packages/airflow/example_dags/tutorial_taskflow_api_etl.py for tasks to queue
[2022-05-16 01:55:32,573] {logging_mixin.py:109} INFO - [2022-05-16 01:55:32,573] {dagbag.py:500} INFO - Filling up the DagBag from /home/airflow/.local/lib/python3.7/site-packages/airflow/example_dags/tutorial_taskflow_api_etl.py
[2022-05-16 01:55:32,631] {processor.py:652} INFO - DAG(s) dict_keys(['tutorial_taskflow_api_etl']) retrieved from /home/airflow/.local/lib/python3.7/site-packages/airflow/example_dags/tutorial_taskflow_api_etl.py
[2022-05-16 01:55:33,611] {logging_mixin.py:109} INFO - [2022-05-16 01:55:33,611] {dag.py:2398} INFO - Sync 1 DAGs
[2022-05-16 01:55:33,690] {logging_mixin.py:109} INFO - [2022-05-16 01:55:33,690] {dag.py:2937} INFO - Setting next_dagrun for tutorial_taskflow_api_etl to None
[2022-05-16 01:55:33,746] {processor.py:171} INFO - Processing /home/airflow/.local/lib/python3.7/site-packages/airflow/example_dags/tutorial_taskflow_api_etl.py took 1.208 seconds
[2022-05-16 01:56:04,161] {processor.py:163} INFO - Started process (PID=13106) to work on /home/airflow/.local/lib/python3.7/site-packages/airflow/example_dags/tutorial_taskflow_api_etl.py
[2022-05-16 01:56:04,169] {processor.py:642} INFO - Processing file /home/airflow/.local/lib/python3.7/site-packages/airflow/example_dags/tutorial_taskflow_api_etl.py for tasks to queue
[2022-05-16 01:56:04,175] {logging_mixin.py:109} INFO - [2022-05-16 01:56:04,174] {dagbag.py:500} INFO - Filling up the DagBag from /home/airflow/.local/lib/python3.7/site-packages/airflow/example_dags/tutorial_taskflow_api_etl.py
[2022-05-16 01:56:04,234] {processor.py:652} INFO - DAG(s) dict_keys(['tutorial_taskflow_api_etl']) retrieved from /home/airflow/.local/lib/python3.7/site-packages/airflow/example_dags/tutorial_taskflow_api_etl.py
[2022-05-16 01:56:05,268] {logging_mixin.py:109} INFO - [2022-05-16 01:56:05,268] {dag.py:2398} INFO - Sync 1 DAGs
[2022-05-16 01:56:05,330] {logging_mixin.py:109} INFO - [2022-05-16 01:56:05,330] {dag.py:2937} INFO - Setting next_dagrun for tutorial_taskflow_api_etl to None
[2022-05-16 01:56:05,376] {processor.py:171} INFO - Processing /home/airflow/.local/lib/python3.7/site-packages/airflow/example_dags/tutorial_taskflow_api_etl.py took 1.233 seconds
[2022-05-16 01:56:35,551] {processor.py:163} INFO - Started process (PID=13149) to work on /home/airflow/.local/lib/python3.7/site-packages/airflow/example_dags/tutorial_taskflow_api_etl.py
[2022-05-16 01:56:35,569] {processor.py:642} INFO - Processing file /home/airflow/.local/lib/python3.7/site-packages/airflow/example_dags/tutorial_taskflow_api_etl.py for tasks to queue
[2022-05-16 01:56:35,575] {logging_mixin.py:109} INFO - [2022-05-16 01:56:35,575] {dagbag.py:500} INFO - Filling up the DagBag from /home/airflow/.local/lib/python3.7/site-packages/airflow/example_dags/tutorial_taskflow_api_etl.py
[2022-05-16 01:56:35,642] {processor.py:652} INFO - DAG(s) dict_keys(['tutorial_taskflow_api_etl']) retrieved from /home/airflow/.local/lib/python3.7/site-packages/airflow/example_dags/tutorial_taskflow_api_etl.py
[2022-05-16 01:56:36,688] {logging_mixin.py:109} INFO - [2022-05-16 01:56:36,687] {dag.py:2398} INFO - Sync 1 DAGs
[2022-05-16 01:56:36,750] {logging_mixin.py:109} INFO - [2022-05-16 01:56:36,750] {dag.py:2937} INFO - Setting next_dagrun for tutorial_taskflow_api_etl to None
[2022-05-16 01:56:36,807] {processor.py:171} INFO - Processing /home/airflow/.local/lib/python3.7/site-packages/airflow/example_dags/tutorial_taskflow_api_etl.py took 1.278 seconds
[2022-05-16 01:57:06,942] {processor.py:163} INFO - Started process (PID=13201) to work on /home/airflow/.local/lib/python3.7/site-packages/airflow/example_dags/tutorial_taskflow_api_etl.py
[2022-05-16 01:57:06,951] {processor.py:642} INFO - Processing file /home/airflow/.local/lib/python3.7/site-packages/airflow/example_dags/tutorial_taskflow_api_etl.py for tasks to queue
[2022-05-16 01:57:06,956] {logging_mixin.py:109} INFO - [2022-05-16 01:57:06,956] {dagbag.py:500} INFO - Filling up the DagBag from /home/airflow/.local/lib/python3.7/site-packages/airflow/example_dags/tutorial_taskflow_api_etl.py
[2022-05-16 01:57:07,018] {processor.py:652} INFO - DAG(s) dict_keys(['tutorial_taskflow_api_etl']) retrieved from /home/airflow/.local/lib/python3.7/site-packages/airflow/example_dags/tutorial_taskflow_api_etl.py
[2022-05-16 01:57:08,145] {logging_mixin.py:109} INFO - [2022-05-16 01:57:08,145] {dag.py:2398} INFO - Sync 1 DAGs
[2022-05-16 01:57:08,214] {logging_mixin.py:109} INFO - [2022-05-16 01:57:08,214] {dag.py:2937} INFO - Setting next_dagrun for tutorial_taskflow_api_etl to None
[2022-05-16 01:57:08,263] {processor.py:171} INFO - Processing /home/airflow/.local/lib/python3.7/site-packages/airflow/example_dags/tutorial_taskflow_api_etl.py took 1.337 seconds
[2022-05-16 01:57:39,158] {processor.py:163} INFO - Started process (PID=13252) to work on /home/airflow/.local/lib/python3.7/site-packages/airflow/example_dags/tutorial_taskflow_api_etl.py
[2022-05-16 01:57:39,168] {processor.py:642} INFO - Processing file /home/airflow/.local/lib/python3.7/site-packages/airflow/example_dags/tutorial_taskflow_api_etl.py for tasks to queue
[2022-05-16 01:57:39,173] {logging_mixin.py:109} INFO - [2022-05-16 01:57:39,172] {dagbag.py:500} INFO - Filling up the DagBag from /home/airflow/.local/lib/python3.7/site-packages/airflow/example_dags/tutorial_taskflow_api_etl.py
[2022-05-16 01:57:39,231] {processor.py:652} INFO - DAG(s) dict_keys(['tutorial_taskflow_api_etl']) retrieved from /home/airflow/.local/lib/python3.7/site-packages/airflow/example_dags/tutorial_taskflow_api_etl.py
[2022-05-16 01:57:40,293] {logging_mixin.py:109} INFO - [2022-05-16 01:57:40,293] {dag.py:2398} INFO - Sync 1 DAGs
[2022-05-16 01:57:40,371] {logging_mixin.py:109} INFO - [2022-05-16 01:57:40,371] {dag.py:2937} INFO - Setting next_dagrun for tutorial_taskflow_api_etl to None
[2022-05-16 01:57:40,444] {processor.py:171} INFO - Processing /home/airflow/.local/lib/python3.7/site-packages/airflow/example_dags/tutorial_taskflow_api_etl.py took 1.306 seconds
[2022-05-16 01:58:10,581] {processor.py:163} INFO - Started process (PID=13297) to work on /home/airflow/.local/lib/python3.7/site-packages/airflow/example_dags/tutorial_taskflow_api_etl.py
[2022-05-16 01:58:10,590] {processor.py:642} INFO - Processing file /home/airflow/.local/lib/python3.7/site-packages/airflow/example_dags/tutorial_taskflow_api_etl.py for tasks to queue
[2022-05-16 01:58:10,595] {logging_mixin.py:109} INFO - [2022-05-16 01:58:10,594] {dagbag.py:500} INFO - Filling up the DagBag from /home/airflow/.local/lib/python3.7/site-packages/airflow/example_dags/tutorial_taskflow_api_etl.py
[2022-05-16 01:58:10,653] {processor.py:652} INFO - DAG(s) dict_keys(['tutorial_taskflow_api_etl']) retrieved from /home/airflow/.local/lib/python3.7/site-packages/airflow/example_dags/tutorial_taskflow_api_etl.py
[2022-05-16 01:58:11,966] {logging_mixin.py:109} INFO - [2022-05-16 01:58:11,966] {dag.py:2398} INFO - Sync 1 DAGs
[2022-05-16 01:58:12,031] {logging_mixin.py:109} INFO - [2022-05-16 01:58:12,031] {dag.py:2937} INFO - Setting next_dagrun for tutorial_taskflow_api_etl to None
[2022-05-16 01:58:12,083] {processor.py:171} INFO - Processing /home/airflow/.local/lib/python3.7/site-packages/airflow/example_dags/tutorial_taskflow_api_etl.py took 1.519 seconds
[2022-05-16 01:58:42,449] {processor.py:163} INFO - Started process (PID=13348) to work on /home/airflow/.local/lib/python3.7/site-packages/airflow/example_dags/tutorial_taskflow_api_etl.py
[2022-05-16 01:58:42,472] {processor.py:642} INFO - Processing file /home/airflow/.local/lib/python3.7/site-packages/airflow/example_dags/tutorial_taskflow_api_etl.py for tasks to queue
[2022-05-16 01:58:42,480] {logging_mixin.py:109} INFO - [2022-05-16 01:58:42,480] {dagbag.py:500} INFO - Filling up the DagBag from /home/airflow/.local/lib/python3.7/site-packages/airflow/example_dags/tutorial_taskflow_api_etl.py
[2022-05-16 01:58:42,590] {processor.py:652} INFO - DAG(s) dict_keys(['tutorial_taskflow_api_etl']) retrieved from /home/airflow/.local/lib/python3.7/site-packages/airflow/example_dags/tutorial_taskflow_api_etl.py
[2022-05-16 01:58:43,890] {logging_mixin.py:109} INFO - [2022-05-16 01:58:43,890] {dag.py:2398} INFO - Sync 1 DAGs
[2022-05-16 01:58:44,019] {logging_mixin.py:109} INFO - [2022-05-16 01:58:44,016] {dag.py:2937} INFO - Setting next_dagrun for tutorial_taskflow_api_etl to None
[2022-05-16 01:58:44,094] {processor.py:171} INFO - Processing /home/airflow/.local/lib/python3.7/site-packages/airflow/example_dags/tutorial_taskflow_api_etl.py took 1.667 seconds
[2022-05-16 01:59:14,866] {processor.py:163} INFO - Started process (PID=13390) to work on /home/airflow/.local/lib/python3.7/site-packages/airflow/example_dags/tutorial_taskflow_api_etl.py
[2022-05-16 01:59:14,881] {processor.py:642} INFO - Processing file /home/airflow/.local/lib/python3.7/site-packages/airflow/example_dags/tutorial_taskflow_api_etl.py for tasks to queue
[2022-05-16 01:59:14,887] {logging_mixin.py:109} INFO - [2022-05-16 01:59:14,887] {dagbag.py:500} INFO - Filling up the DagBag from /home/airflow/.local/lib/python3.7/site-packages/airflow/example_dags/tutorial_taskflow_api_etl.py
[2022-05-16 01:59:14,949] {processor.py:652} INFO - DAG(s) dict_keys(['tutorial_taskflow_api_etl']) retrieved from /home/airflow/.local/lib/python3.7/site-packages/airflow/example_dags/tutorial_taskflow_api_etl.py
[2022-05-16 01:59:16,274] {logging_mixin.py:109} INFO - [2022-05-16 01:59:16,274] {dag.py:2398} INFO - Sync 1 DAGs
[2022-05-16 01:59:16,355] {logging_mixin.py:109} INFO - [2022-05-16 01:59:16,355] {dag.py:2937} INFO - Setting next_dagrun for tutorial_taskflow_api_etl to None
[2022-05-16 01:59:16,439] {processor.py:171} INFO - Processing /home/airflow/.local/lib/python3.7/site-packages/airflow/example_dags/tutorial_taskflow_api_etl.py took 1.606 seconds
[2022-05-16 01:59:46,661] {processor.py:163} INFO - Started process (PID=13442) to work on /home/airflow/.local/lib/python3.7/site-packages/airflow/example_dags/tutorial_taskflow_api_etl.py
[2022-05-16 01:59:46,679] {processor.py:642} INFO - Processing file /home/airflow/.local/lib/python3.7/site-packages/airflow/example_dags/tutorial_taskflow_api_etl.py for tasks to queue
[2022-05-16 01:59:46,694] {logging_mixin.py:109} INFO - [2022-05-16 01:59:46,693] {dagbag.py:500} INFO - Filling up the DagBag from /home/airflow/.local/lib/python3.7/site-packages/airflow/example_dags/tutorial_taskflow_api_etl.py
[2022-05-16 01:59:46,772] {processor.py:652} INFO - DAG(s) dict_keys(['tutorial_taskflow_api_etl']) retrieved from /home/airflow/.local/lib/python3.7/site-packages/airflow/example_dags/tutorial_taskflow_api_etl.py
[2022-05-16 01:59:47,894] {logging_mixin.py:109} INFO - [2022-05-16 01:59:47,894] {dag.py:2398} INFO - Sync 1 DAGs
[2022-05-16 01:59:47,981] {logging_mixin.py:109} INFO - [2022-05-16 01:59:47,980] {dag.py:2937} INFO - Setting next_dagrun for tutorial_taskflow_api_etl to None
[2022-05-16 01:59:48,033] {processor.py:171} INFO - Processing /home/airflow/.local/lib/python3.7/site-packages/airflow/example_dags/tutorial_taskflow_api_etl.py took 1.394 seconds
[2022-05-16 02:00:19,371] {processor.py:163} INFO - Started process (PID=13495) to work on /home/airflow/.local/lib/python3.7/site-packages/airflow/example_dags/tutorial_taskflow_api_etl.py
[2022-05-16 02:00:19,380] {processor.py:642} INFO - Processing file /home/airflow/.local/lib/python3.7/site-packages/airflow/example_dags/tutorial_taskflow_api_etl.py for tasks to queue
[2022-05-16 02:00:19,386] {logging_mixin.py:109} INFO - [2022-05-16 02:00:19,385] {dagbag.py:500} INFO - Filling up the DagBag from /home/airflow/.local/lib/python3.7/site-packages/airflow/example_dags/tutorial_taskflow_api_etl.py
[2022-05-16 02:00:19,477] {processor.py:652} INFO - DAG(s) dict_keys(['tutorial_taskflow_api_etl']) retrieved from /home/airflow/.local/lib/python3.7/site-packages/airflow/example_dags/tutorial_taskflow_api_etl.py
[2022-05-16 02:00:20,631] {logging_mixin.py:109} INFO - [2022-05-16 02:00:20,630] {dag.py:2398} INFO - Sync 1 DAGs
[2022-05-16 02:00:20,715] {logging_mixin.py:109} INFO - [2022-05-16 02:00:20,714] {dag.py:2937} INFO - Setting next_dagrun for tutorial_taskflow_api_etl to None
[2022-05-16 02:00:20,796] {processor.py:171} INFO - Processing /home/airflow/.local/lib/python3.7/site-packages/airflow/example_dags/tutorial_taskflow_api_etl.py took 1.442 seconds
[2022-05-16 02:29:28,453] {processor.py:163} INFO - Started process (PID=13530) to work on /home/airflow/.local/lib/python3.7/site-packages/airflow/example_dags/tutorial_taskflow_api_etl.py
[2022-05-16 02:29:28,474] {processor.py:642} INFO - Processing file /home/airflow/.local/lib/python3.7/site-packages/airflow/example_dags/tutorial_taskflow_api_etl.py for tasks to queue
[2022-05-16 02:29:28,477] {logging_mixin.py:109} INFO - [2022-05-16 02:29:28,477] {dagbag.py:500} INFO - Filling up the DagBag from /home/airflow/.local/lib/python3.7/site-packages/airflow/example_dags/tutorial_taskflow_api_etl.py
[2022-05-16 02:29:28,500] {processor.py:652} INFO - DAG(s) dict_keys(['tutorial_taskflow_api_etl']) retrieved from /home/airflow/.local/lib/python3.7/site-packages/airflow/example_dags/tutorial_taskflow_api_etl.py
[2022-05-16 02:29:29,235] {logging_mixin.py:109} INFO - [2022-05-16 02:29:29,235] {dag.py:2398} INFO - Sync 1 DAGs
[2022-05-16 02:29:29,289] {logging_mixin.py:109} INFO - [2022-05-16 02:29:29,289] {dag.py:2937} INFO - Setting next_dagrun for tutorial_taskflow_api_etl to None
[2022-05-16 02:29:29,329] {processor.py:171} INFO - Processing /home/airflow/.local/lib/python3.7/site-packages/airflow/example_dags/tutorial_taskflow_api_etl.py took 0.891 seconds
[2022-05-16 02:29:59,489] {processor.py:163} INFO - Started process (PID=13582) to work on /home/airflow/.local/lib/python3.7/site-packages/airflow/example_dags/tutorial_taskflow_api_etl.py
[2022-05-16 02:29:59,491] {processor.py:642} INFO - Processing file /home/airflow/.local/lib/python3.7/site-packages/airflow/example_dags/tutorial_taskflow_api_etl.py for tasks to queue
[2022-05-16 02:29:59,493] {logging_mixin.py:109} INFO - [2022-05-16 02:29:59,493] {dagbag.py:500} INFO - Filling up the DagBag from /home/airflow/.local/lib/python3.7/site-packages/airflow/example_dags/tutorial_taskflow_api_etl.py
[2022-05-16 02:29:59,623] {processor.py:652} INFO - DAG(s) dict_keys(['tutorial_taskflow_api_etl']) retrieved from /home/airflow/.local/lib/python3.7/site-packages/airflow/example_dags/tutorial_taskflow_api_etl.py
[2022-05-16 02:29:59,901] {logging_mixin.py:109} INFO - [2022-05-16 02:29:59,900] {dag.py:2398} INFO - Sync 1 DAGs
[2022-05-16 02:29:59,916] {logging_mixin.py:109} INFO - [2022-05-16 02:29:59,916] {dag.py:2937} INFO - Setting next_dagrun for tutorial_taskflow_api_etl to None
[2022-05-16 02:29:59,931] {processor.py:171} INFO - Processing /home/airflow/.local/lib/python3.7/site-packages/airflow/example_dags/tutorial_taskflow_api_etl.py took 0.446 seconds
[2022-05-16 02:30:30,033] {processor.py:163} INFO - Started process (PID=13644) to work on /home/airflow/.local/lib/python3.7/site-packages/airflow/example_dags/tutorial_taskflow_api_etl.py
[2022-05-16 02:30:30,038] {processor.py:642} INFO - Processing file /home/airflow/.local/lib/python3.7/site-packages/airflow/example_dags/tutorial_taskflow_api_etl.py for tasks to queue
[2022-05-16 02:30:30,041] {logging_mixin.py:109} INFO - [2022-05-16 02:30:30,041] {dagbag.py:500} INFO - Filling up the DagBag from /home/airflow/.local/lib/python3.7/site-packages/airflow/example_dags/tutorial_taskflow_api_etl.py
[2022-05-16 02:30:30,222] {processor.py:652} INFO - DAG(s) dict_keys(['tutorial_taskflow_api_etl']) retrieved from /home/airflow/.local/lib/python3.7/site-packages/airflow/example_dags/tutorial_taskflow_api_etl.py
[2022-05-16 02:30:30,545] {logging_mixin.py:109} INFO - [2022-05-16 02:30:30,545] {dag.py:2398} INFO - Sync 1 DAGs
[2022-05-16 02:30:30,575] {logging_mixin.py:109} INFO - [2022-05-16 02:30:30,575] {dag.py:2937} INFO - Setting next_dagrun for tutorial_taskflow_api_etl to None
[2022-05-16 02:30:30,587] {processor.py:171} INFO - Processing /home/airflow/.local/lib/python3.7/site-packages/airflow/example_dags/tutorial_taskflow_api_etl.py took 0.564 seconds
[2022-05-16 02:31:00,848] {processor.py:163} INFO - Started process (PID=13694) to work on /home/airflow/.local/lib/python3.7/site-packages/airflow/example_dags/tutorial_taskflow_api_etl.py
[2022-05-16 02:31:00,855] {processor.py:642} INFO - Processing file /home/airflow/.local/lib/python3.7/site-packages/airflow/example_dags/tutorial_taskflow_api_etl.py for tasks to queue
[2022-05-16 02:31:00,856] {logging_mixin.py:109} INFO - [2022-05-16 02:31:00,856] {dagbag.py:500} INFO - Filling up the DagBag from /home/airflow/.local/lib/python3.7/site-packages/airflow/example_dags/tutorial_taskflow_api_etl.py
[2022-05-16 02:31:00,872] {processor.py:652} INFO - DAG(s) dict_keys(['tutorial_taskflow_api_etl']) retrieved from /home/airflow/.local/lib/python3.7/site-packages/airflow/example_dags/tutorial_taskflow_api_etl.py
[2022-05-16 02:31:01,093] {logging_mixin.py:109} INFO - [2022-05-16 02:31:01,093] {dag.py:2398} INFO - Sync 1 DAGs
[2022-05-16 02:31:01,106] {logging_mixin.py:109} INFO - [2022-05-16 02:31:01,106] {dag.py:2937} INFO - Setting next_dagrun for tutorial_taskflow_api_etl to None
[2022-05-16 02:31:01,116] {processor.py:171} INFO - Processing /home/airflow/.local/lib/python3.7/site-packages/airflow/example_dags/tutorial_taskflow_api_etl.py took 0.274 seconds
[2022-05-16 02:31:31,390] {processor.py:163} INFO - Started process (PID=13755) to work on /home/airflow/.local/lib/python3.7/site-packages/airflow/example_dags/tutorial_taskflow_api_etl.py
[2022-05-16 02:31:31,393] {processor.py:642} INFO - Processing file /home/airflow/.local/lib/python3.7/site-packages/airflow/example_dags/tutorial_taskflow_api_etl.py for tasks to queue
[2022-05-16 02:31:31,394] {logging_mixin.py:109} INFO - [2022-05-16 02:31:31,394] {dagbag.py:500} INFO - Filling up the DagBag from /home/airflow/.local/lib/python3.7/site-packages/airflow/example_dags/tutorial_taskflow_api_etl.py
[2022-05-16 02:31:31,410] {processor.py:652} INFO - DAG(s) dict_keys(['tutorial_taskflow_api_etl']) retrieved from /home/airflow/.local/lib/python3.7/site-packages/airflow/example_dags/tutorial_taskflow_api_etl.py
[2022-05-16 02:31:31,628] {logging_mixin.py:109} INFO - [2022-05-16 02:31:31,628] {dag.py:2398} INFO - Sync 1 DAGs
[2022-05-16 02:31:31,642] {logging_mixin.py:109} INFO - [2022-05-16 02:31:31,642] {dag.py:2937} INFO - Setting next_dagrun for tutorial_taskflow_api_etl to None
[2022-05-16 02:31:31,653] {processor.py:171} INFO - Processing /home/airflow/.local/lib/python3.7/site-packages/airflow/example_dags/tutorial_taskflow_api_etl.py took 0.269 seconds
[2022-05-16 02:32:01,840] {processor.py:163} INFO - Started process (PID=13808) to work on /home/airflow/.local/lib/python3.7/site-packages/airflow/example_dags/tutorial_taskflow_api_etl.py
[2022-05-16 02:32:01,842] {processor.py:642} INFO - Processing file /home/airflow/.local/lib/python3.7/site-packages/airflow/example_dags/tutorial_taskflow_api_etl.py for tasks to queue
[2022-05-16 02:32:01,844] {logging_mixin.py:109} INFO - [2022-05-16 02:32:01,844] {dagbag.py:500} INFO - Filling up the DagBag from /home/airflow/.local/lib/python3.7/site-packages/airflow/example_dags/tutorial_taskflow_api_etl.py
[2022-05-16 02:32:01,858] {processor.py:652} INFO - DAG(s) dict_keys(['tutorial_taskflow_api_etl']) retrieved from /home/airflow/.local/lib/python3.7/site-packages/airflow/example_dags/tutorial_taskflow_api_etl.py
[2022-05-16 02:32:02,082] {logging_mixin.py:109} INFO - [2022-05-16 02:32:02,082] {dag.py:2398} INFO - Sync 1 DAGs
[2022-05-16 02:32:02,096] {logging_mixin.py:109} INFO - [2022-05-16 02:32:02,096] {dag.py:2937} INFO - Setting next_dagrun for tutorial_taskflow_api_etl to None
[2022-05-16 02:32:02,106] {processor.py:171} INFO - Processing /home/airflow/.local/lib/python3.7/site-packages/airflow/example_dags/tutorial_taskflow_api_etl.py took 0.269 seconds
[2022-05-16 02:32:32,188] {processor.py:163} INFO - Started process (PID=13869) to work on /home/airflow/.local/lib/python3.7/site-packages/airflow/example_dags/tutorial_taskflow_api_etl.py
[2022-05-16 02:32:32,191] {processor.py:642} INFO - Processing file /home/airflow/.local/lib/python3.7/site-packages/airflow/example_dags/tutorial_taskflow_api_etl.py for tasks to queue
[2022-05-16 02:32:32,193] {logging_mixin.py:109} INFO - [2022-05-16 02:32:32,193] {dagbag.py:500} INFO - Filling up the DagBag from /home/airflow/.local/lib/python3.7/site-packages/airflow/example_dags/tutorial_taskflow_api_etl.py
[2022-05-16 02:32:32,206] {processor.py:652} INFO - DAG(s) dict_keys(['tutorial_taskflow_api_etl']) retrieved from /home/airflow/.local/lib/python3.7/site-packages/airflow/example_dags/tutorial_taskflow_api_etl.py
[2022-05-16 02:32:32,431] {logging_mixin.py:109} INFO - [2022-05-16 02:32:32,430] {dag.py:2398} INFO - Sync 1 DAGs
[2022-05-16 02:32:32,447] {logging_mixin.py:109} INFO - [2022-05-16 02:32:32,447] {dag.py:2937} INFO - Setting next_dagrun for tutorial_taskflow_api_etl to None
[2022-05-16 02:32:32,498] {processor.py:171} INFO - Processing /home/airflow/.local/lib/python3.7/site-packages/airflow/example_dags/tutorial_taskflow_api_etl.py took 0.314 seconds
[2022-05-16 02:33:02,689] {processor.py:163} INFO - Started process (PID=13923) to work on /home/airflow/.local/lib/python3.7/site-packages/airflow/example_dags/tutorial_taskflow_api_etl.py
[2022-05-16 02:33:02,691] {processor.py:642} INFO - Processing file /home/airflow/.local/lib/python3.7/site-packages/airflow/example_dags/tutorial_taskflow_api_etl.py for tasks to queue
[2022-05-16 02:33:02,692] {logging_mixin.py:109} INFO - [2022-05-16 02:33:02,692] {dagbag.py:500} INFO - Filling up the DagBag from /home/airflow/.local/lib/python3.7/site-packages/airflow/example_dags/tutorial_taskflow_api_etl.py
[2022-05-16 02:33:02,706] {processor.py:652} INFO - DAG(s) dict_keys(['tutorial_taskflow_api_etl']) retrieved from /home/airflow/.local/lib/python3.7/site-packages/airflow/example_dags/tutorial_taskflow_api_etl.py
[2022-05-16 02:33:02,888] {logging_mixin.py:109} INFO - [2022-05-16 02:33:02,888] {dag.py:2398} INFO - Sync 1 DAGs
[2022-05-16 02:33:02,900] {logging_mixin.py:109} INFO - [2022-05-16 02:33:02,900] {dag.py:2937} INFO - Setting next_dagrun for tutorial_taskflow_api_etl to None
[2022-05-16 02:33:02,908] {processor.py:171} INFO - Processing /home/airflow/.local/lib/python3.7/site-packages/airflow/example_dags/tutorial_taskflow_api_etl.py took 0.224 seconds
[2022-05-16 02:33:32,991] {processor.py:163} INFO - Started process (PID=13984) to work on /home/airflow/.local/lib/python3.7/site-packages/airflow/example_dags/tutorial_taskflow_api_etl.py
[2022-05-16 02:33:32,993] {processor.py:642} INFO - Processing file /home/airflow/.local/lib/python3.7/site-packages/airflow/example_dags/tutorial_taskflow_api_etl.py for tasks to queue
[2022-05-16 02:33:32,994] {logging_mixin.py:109} INFO - [2022-05-16 02:33:32,994] {dagbag.py:500} INFO - Filling up the DagBag from /home/airflow/.local/lib/python3.7/site-packages/airflow/example_dags/tutorial_taskflow_api_etl.py
[2022-05-16 02:33:33,008] {processor.py:652} INFO - DAG(s) dict_keys(['tutorial_taskflow_api_etl']) retrieved from /home/airflow/.local/lib/python3.7/site-packages/airflow/example_dags/tutorial_taskflow_api_etl.py
[2022-05-16 02:33:33,213] {logging_mixin.py:109} INFO - [2022-05-16 02:33:33,213] {dag.py:2398} INFO - Sync 1 DAGs
[2022-05-16 02:33:33,225] {logging_mixin.py:109} INFO - [2022-05-16 02:33:33,225] {dag.py:2937} INFO - Setting next_dagrun for tutorial_taskflow_api_etl to None
[2022-05-16 02:33:33,234] {processor.py:171} INFO - Processing /home/airflow/.local/lib/python3.7/site-packages/airflow/example_dags/tutorial_taskflow_api_etl.py took 0.247 seconds
[2022-05-16 02:34:03,482] {processor.py:163} INFO - Started process (PID=14044) to work on /home/airflow/.local/lib/python3.7/site-packages/airflow/example_dags/tutorial_taskflow_api_etl.py
[2022-05-16 02:34:03,484] {processor.py:642} INFO - Processing file /home/airflow/.local/lib/python3.7/site-packages/airflow/example_dags/tutorial_taskflow_api_etl.py for tasks to queue
[2022-05-16 02:34:03,486] {logging_mixin.py:109} INFO - [2022-05-16 02:34:03,485] {dagbag.py:500} INFO - Filling up the DagBag from /home/airflow/.local/lib/python3.7/site-packages/airflow/example_dags/tutorial_taskflow_api_etl.py
[2022-05-16 02:34:03,500] {processor.py:652} INFO - DAG(s) dict_keys(['tutorial_taskflow_api_etl']) retrieved from /home/airflow/.local/lib/python3.7/site-packages/airflow/example_dags/tutorial_taskflow_api_etl.py
[2022-05-16 02:34:03,698] {logging_mixin.py:109} INFO - [2022-05-16 02:34:03,698] {dag.py:2398} INFO - Sync 1 DAGs
[2022-05-16 02:34:03,710] {logging_mixin.py:109} INFO - [2022-05-16 02:34:03,710] {dag.py:2937} INFO - Setting next_dagrun for tutorial_taskflow_api_etl to None
[2022-05-16 02:34:03,720] {processor.py:171} INFO - Processing /home/airflow/.local/lib/python3.7/site-packages/airflow/example_dags/tutorial_taskflow_api_etl.py took 0.242 seconds
[2022-05-16 02:34:33,768] {processor.py:163} INFO - Started process (PID=14095) to work on /home/airflow/.local/lib/python3.7/site-packages/airflow/example_dags/tutorial_taskflow_api_etl.py
[2022-05-16 02:34:33,770] {processor.py:642} INFO - Processing file /home/airflow/.local/lib/python3.7/site-packages/airflow/example_dags/tutorial_taskflow_api_etl.py for tasks to queue
[2022-05-16 02:34:33,772] {logging_mixin.py:109} INFO - [2022-05-16 02:34:33,771] {dagbag.py:500} INFO - Filling up the DagBag from /home/airflow/.local/lib/python3.7/site-packages/airflow/example_dags/tutorial_taskflow_api_etl.py
[2022-05-16 02:34:33,784] {processor.py:652} INFO - DAG(s) dict_keys(['tutorial_taskflow_api_etl']) retrieved from /home/airflow/.local/lib/python3.7/site-packages/airflow/example_dags/tutorial_taskflow_api_etl.py
[2022-05-16 02:34:34,006] {logging_mixin.py:109} INFO - [2022-05-16 02:34:34,006] {dag.py:2398} INFO - Sync 1 DAGs
[2022-05-16 02:34:34,023] {logging_mixin.py:109} INFO - [2022-05-16 02:34:34,023] {dag.py:2937} INFO - Setting next_dagrun for tutorial_taskflow_api_etl to None
[2022-05-16 02:34:34,036] {processor.py:171} INFO - Processing /home/airflow/.local/lib/python3.7/site-packages/airflow/example_dags/tutorial_taskflow_api_etl.py took 0.271 seconds
[2022-05-16 02:35:05,035] {processor.py:163} INFO - Started process (PID=14158) to work on /home/airflow/.local/lib/python3.7/site-packages/airflow/example_dags/tutorial_taskflow_api_etl.py
[2022-05-16 02:35:05,037] {processor.py:642} INFO - Processing file /home/airflow/.local/lib/python3.7/site-packages/airflow/example_dags/tutorial_taskflow_api_etl.py for tasks to queue
[2022-05-16 02:35:05,038] {logging_mixin.py:109} INFO - [2022-05-16 02:35:05,038] {dagbag.py:500} INFO - Filling up the DagBag from /home/airflow/.local/lib/python3.7/site-packages/airflow/example_dags/tutorial_taskflow_api_etl.py
[2022-05-16 02:35:05,051] {processor.py:652} INFO - DAG(s) dict_keys(['tutorial_taskflow_api_etl']) retrieved from /home/airflow/.local/lib/python3.7/site-packages/airflow/example_dags/tutorial_taskflow_api_etl.py
[2022-05-16 02:35:05,265] {logging_mixin.py:109} INFO - [2022-05-16 02:35:05,265] {dag.py:2398} INFO - Sync 1 DAGs
[2022-05-16 02:35:05,278] {logging_mixin.py:109} INFO - [2022-05-16 02:35:05,278] {dag.py:2937} INFO - Setting next_dagrun for tutorial_taskflow_api_etl to None
[2022-05-16 02:35:05,288] {processor.py:171} INFO - Processing /home/airflow/.local/lib/python3.7/site-packages/airflow/example_dags/tutorial_taskflow_api_etl.py took 0.257 seconds
[2022-05-16 02:35:35,352] {processor.py:163} INFO - Started process (PID=14210) to work on /home/airflow/.local/lib/python3.7/site-packages/airflow/example_dags/tutorial_taskflow_api_etl.py
[2022-05-16 02:35:35,354] {processor.py:642} INFO - Processing file /home/airflow/.local/lib/python3.7/site-packages/airflow/example_dags/tutorial_taskflow_api_etl.py for tasks to queue
[2022-05-16 02:35:35,355] {logging_mixin.py:109} INFO - [2022-05-16 02:35:35,355] {dagbag.py:500} INFO - Filling up the DagBag from /home/airflow/.local/lib/python3.7/site-packages/airflow/example_dags/tutorial_taskflow_api_etl.py
[2022-05-16 02:35:35,371] {processor.py:652} INFO - DAG(s) dict_keys(['tutorial_taskflow_api_etl']) retrieved from /home/airflow/.local/lib/python3.7/site-packages/airflow/example_dags/tutorial_taskflow_api_etl.py
[2022-05-16 02:35:35,625] {logging_mixin.py:109} INFO - [2022-05-16 02:35:35,625] {dag.py:2398} INFO - Sync 1 DAGs
[2022-05-16 02:35:35,638] {logging_mixin.py:109} INFO - [2022-05-16 02:35:35,638] {dag.py:2937} INFO - Setting next_dagrun for tutorial_taskflow_api_etl to None
[2022-05-16 02:35:35,648] {processor.py:171} INFO - Processing /home/airflow/.local/lib/python3.7/site-packages/airflow/example_dags/tutorial_taskflow_api_etl.py took 0.300 seconds
[2022-05-16 02:36:05,741] {processor.py:163} INFO - Started process (PID=14271) to work on /home/airflow/.local/lib/python3.7/site-packages/airflow/example_dags/tutorial_taskflow_api_etl.py
[2022-05-16 02:36:05,744] {processor.py:642} INFO - Processing file /home/airflow/.local/lib/python3.7/site-packages/airflow/example_dags/tutorial_taskflow_api_etl.py for tasks to queue
[2022-05-16 02:36:05,745] {logging_mixin.py:109} INFO - [2022-05-16 02:36:05,745] {dagbag.py:500} INFO - Filling up the DagBag from /home/airflow/.local/lib/python3.7/site-packages/airflow/example_dags/tutorial_taskflow_api_etl.py
[2022-05-16 02:36:05,759] {processor.py:652} INFO - DAG(s) dict_keys(['tutorial_taskflow_api_etl']) retrieved from /home/airflow/.local/lib/python3.7/site-packages/airflow/example_dags/tutorial_taskflow_api_etl.py
[2022-05-16 02:36:05,968] {logging_mixin.py:109} INFO - [2022-05-16 02:36:05,968] {dag.py:2398} INFO - Sync 1 DAGs
[2022-05-16 02:36:05,982] {logging_mixin.py:109} INFO - [2022-05-16 02:36:05,982] {dag.py:2937} INFO - Setting next_dagrun for tutorial_taskflow_api_etl to None
[2022-05-16 02:36:05,993] {processor.py:171} INFO - Processing /home/airflow/.local/lib/python3.7/site-packages/airflow/example_dags/tutorial_taskflow_api_etl.py took 0.257 seconds
[2022-05-16 02:36:36,202] {processor.py:163} INFO - Started process (PID=14333) to work on /home/airflow/.local/lib/python3.7/site-packages/airflow/example_dags/tutorial_taskflow_api_etl.py
[2022-05-16 02:36:36,204] {processor.py:642} INFO - Processing file /home/airflow/.local/lib/python3.7/site-packages/airflow/example_dags/tutorial_taskflow_api_etl.py for tasks to queue
[2022-05-16 02:36:36,205] {logging_mixin.py:109} INFO - [2022-05-16 02:36:36,205] {dagbag.py:500} INFO - Filling up the DagBag from /home/airflow/.local/lib/python3.7/site-packages/airflow/example_dags/tutorial_taskflow_api_etl.py
[2022-05-16 02:36:36,218] {processor.py:652} INFO - DAG(s) dict_keys(['tutorial_taskflow_api_etl']) retrieved from /home/airflow/.local/lib/python3.7/site-packages/airflow/example_dags/tutorial_taskflow_api_etl.py
[2022-05-16 02:36:36,448] {logging_mixin.py:109} INFO - [2022-05-16 02:36:36,448] {dag.py:2398} INFO - Sync 1 DAGs
[2022-05-16 02:36:36,464] {logging_mixin.py:109} INFO - [2022-05-16 02:36:36,464] {dag.py:2937} INFO - Setting next_dagrun for tutorial_taskflow_api_etl to None
[2022-05-16 02:36:36,480] {processor.py:171} INFO - Processing /home/airflow/.local/lib/python3.7/site-packages/airflow/example_dags/tutorial_taskflow_api_etl.py took 0.282 seconds
[2022-05-16 02:37:06,609] {processor.py:163} INFO - Started process (PID=14384) to work on /home/airflow/.local/lib/python3.7/site-packages/airflow/example_dags/tutorial_taskflow_api_etl.py
[2022-05-16 02:37:06,611] {processor.py:642} INFO - Processing file /home/airflow/.local/lib/python3.7/site-packages/airflow/example_dags/tutorial_taskflow_api_etl.py for tasks to queue
[2022-05-16 02:37:06,612] {logging_mixin.py:109} INFO - [2022-05-16 02:37:06,612] {dagbag.py:500} INFO - Filling up the DagBag from /home/airflow/.local/lib/python3.7/site-packages/airflow/example_dags/tutorial_taskflow_api_etl.py
[2022-05-16 02:37:06,625] {processor.py:652} INFO - DAG(s) dict_keys(['tutorial_taskflow_api_etl']) retrieved from /home/airflow/.local/lib/python3.7/site-packages/airflow/example_dags/tutorial_taskflow_api_etl.py
[2022-05-16 02:37:06,866] {logging_mixin.py:109} INFO - [2022-05-16 02:37:06,866] {dag.py:2398} INFO - Sync 1 DAGs
[2022-05-16 02:37:06,881] {logging_mixin.py:109} INFO - [2022-05-16 02:37:06,881] {dag.py:2937} INFO - Setting next_dagrun for tutorial_taskflow_api_etl to None
[2022-05-16 02:37:06,893] {processor.py:171} INFO - Processing /home/airflow/.local/lib/python3.7/site-packages/airflow/example_dags/tutorial_taskflow_api_etl.py took 0.290 seconds
[2022-05-16 02:37:37,044] {processor.py:163} INFO - Started process (PID=14445) to work on /home/airflow/.local/lib/python3.7/site-packages/airflow/example_dags/tutorial_taskflow_api_etl.py
[2022-05-16 02:37:37,046] {processor.py:642} INFO - Processing file /home/airflow/.local/lib/python3.7/site-packages/airflow/example_dags/tutorial_taskflow_api_etl.py for tasks to queue
[2022-05-16 02:37:37,048] {logging_mixin.py:109} INFO - [2022-05-16 02:37:37,048] {dagbag.py:500} INFO - Filling up the DagBag from /home/airflow/.local/lib/python3.7/site-packages/airflow/example_dags/tutorial_taskflow_api_etl.py
[2022-05-16 02:37:37,063] {processor.py:652} INFO - DAG(s) dict_keys(['tutorial_taskflow_api_etl']) retrieved from /home/airflow/.local/lib/python3.7/site-packages/airflow/example_dags/tutorial_taskflow_api_etl.py
[2022-05-16 02:37:37,285] {logging_mixin.py:109} INFO - [2022-05-16 02:37:37,285] {dag.py:2398} INFO - Sync 1 DAGs
[2022-05-16 02:37:37,308] {logging_mixin.py:109} INFO - [2022-05-16 02:37:37,308] {dag.py:2937} INFO - Setting next_dagrun for tutorial_taskflow_api_etl to None
[2022-05-16 02:37:37,324] {processor.py:171} INFO - Processing /home/airflow/.local/lib/python3.7/site-packages/airflow/example_dags/tutorial_taskflow_api_etl.py took 0.284 seconds
[2022-05-16 02:38:07,558] {processor.py:163} INFO - Started process (PID=14498) to work on /home/airflow/.local/lib/python3.7/site-packages/airflow/example_dags/tutorial_taskflow_api_etl.py
[2022-05-16 02:38:07,561] {processor.py:642} INFO - Processing file /home/airflow/.local/lib/python3.7/site-packages/airflow/example_dags/tutorial_taskflow_api_etl.py for tasks to queue
[2022-05-16 02:38:07,562] {logging_mixin.py:109} INFO - [2022-05-16 02:38:07,562] {dagbag.py:500} INFO - Filling up the DagBag from /home/airflow/.local/lib/python3.7/site-packages/airflow/example_dags/tutorial_taskflow_api_etl.py
[2022-05-16 02:38:07,576] {processor.py:652} INFO - DAG(s) dict_keys(['tutorial_taskflow_api_etl']) retrieved from /home/airflow/.local/lib/python3.7/site-packages/airflow/example_dags/tutorial_taskflow_api_etl.py
[2022-05-16 02:38:07,809] {logging_mixin.py:109} INFO - [2022-05-16 02:38:07,809] {dag.py:2398} INFO - Sync 1 DAGs
[2022-05-16 02:38:07,823] {logging_mixin.py:109} INFO - [2022-05-16 02:38:07,823] {dag.py:2937} INFO - Setting next_dagrun for tutorial_taskflow_api_etl to None
[2022-05-16 02:38:07,838] {processor.py:171} INFO - Processing /home/airflow/.local/lib/python3.7/site-packages/airflow/example_dags/tutorial_taskflow_api_etl.py took 0.284 seconds
[2022-05-16 02:38:37,921] {processor.py:163} INFO - Started process (PID=14561) to work on /home/airflow/.local/lib/python3.7/site-packages/airflow/example_dags/tutorial_taskflow_api_etl.py
[2022-05-16 02:38:37,923] {processor.py:642} INFO - Processing file /home/airflow/.local/lib/python3.7/site-packages/airflow/example_dags/tutorial_taskflow_api_etl.py for tasks to queue
[2022-05-16 02:38:37,924] {logging_mixin.py:109} INFO - [2022-05-16 02:38:37,924] {dagbag.py:500} INFO - Filling up the DagBag from /home/airflow/.local/lib/python3.7/site-packages/airflow/example_dags/tutorial_taskflow_api_etl.py
[2022-05-16 02:38:37,938] {processor.py:652} INFO - DAG(s) dict_keys(['tutorial_taskflow_api_etl']) retrieved from /home/airflow/.local/lib/python3.7/site-packages/airflow/example_dags/tutorial_taskflow_api_etl.py
[2022-05-16 02:38:38,165] {logging_mixin.py:109} INFO - [2022-05-16 02:38:38,165] {dag.py:2398} INFO - Sync 1 DAGs
[2022-05-16 02:38:38,180] {logging_mixin.py:109} INFO - [2022-05-16 02:38:38,180] {dag.py:2937} INFO - Setting next_dagrun for tutorial_taskflow_api_etl to None
[2022-05-16 02:38:38,192] {processor.py:171} INFO - Processing /home/airflow/.local/lib/python3.7/site-packages/airflow/example_dags/tutorial_taskflow_api_etl.py took 0.274 seconds
[2022-05-16 02:39:08,855] {processor.py:163} INFO - Started process (PID=14610) to work on /home/airflow/.local/lib/python3.7/site-packages/airflow/example_dags/tutorial_taskflow_api_etl.py
[2022-05-16 02:39:08,861] {processor.py:642} INFO - Processing file /home/airflow/.local/lib/python3.7/site-packages/airflow/example_dags/tutorial_taskflow_api_etl.py for tasks to queue
[2022-05-16 02:39:08,934] {logging_mixin.py:109} INFO - [2022-05-16 02:39:08,934] {dagbag.py:500} INFO - Filling up the DagBag from /home/airflow/.local/lib/python3.7/site-packages/airflow/example_dags/tutorial_taskflow_api_etl.py
[2022-05-16 02:39:08,957] {processor.py:652} INFO - DAG(s) dict_keys(['tutorial_taskflow_api_etl']) retrieved from /home/airflow/.local/lib/python3.7/site-packages/airflow/example_dags/tutorial_taskflow_api_etl.py
[2022-05-16 02:39:09,301] {logging_mixin.py:109} INFO - [2022-05-16 02:39:09,301] {dag.py:2398} INFO - Sync 1 DAGs
[2022-05-16 02:39:09,329] {logging_mixin.py:109} INFO - [2022-05-16 02:39:09,329] {dag.py:2937} INFO - Setting next_dagrun for tutorial_taskflow_api_etl to None
[2022-05-16 02:39:09,349] {processor.py:171} INFO - Processing /home/airflow/.local/lib/python3.7/site-packages/airflow/example_dags/tutorial_taskflow_api_etl.py took 0.500 seconds
[2022-05-16 02:39:40,040] {processor.py:163} INFO - Started process (PID=14671) to work on /home/airflow/.local/lib/python3.7/site-packages/airflow/example_dags/tutorial_taskflow_api_etl.py
[2022-05-16 02:39:40,042] {processor.py:642} INFO - Processing file /home/airflow/.local/lib/python3.7/site-packages/airflow/example_dags/tutorial_taskflow_api_etl.py for tasks to queue
[2022-05-16 02:39:40,043] {logging_mixin.py:109} INFO - [2022-05-16 02:39:40,043] {dagbag.py:500} INFO - Filling up the DagBag from /home/airflow/.local/lib/python3.7/site-packages/airflow/example_dags/tutorial_taskflow_api_etl.py
[2022-05-16 02:39:40,058] {processor.py:652} INFO - DAG(s) dict_keys(['tutorial_taskflow_api_etl']) retrieved from /home/airflow/.local/lib/python3.7/site-packages/airflow/example_dags/tutorial_taskflow_api_etl.py
[2022-05-16 02:39:40,270] {logging_mixin.py:109} INFO - [2022-05-16 02:39:40,270] {dag.py:2398} INFO - Sync 1 DAGs
[2022-05-16 02:39:40,283] {logging_mixin.py:109} INFO - [2022-05-16 02:39:40,283] {dag.py:2937} INFO - Setting next_dagrun for tutorial_taskflow_api_etl to None
[2022-05-16 02:39:40,295] {processor.py:171} INFO - Processing /home/airflow/.local/lib/python3.7/site-packages/airflow/example_dags/tutorial_taskflow_api_etl.py took 0.259 seconds
[2022-05-16 02:40:10,374] {processor.py:163} INFO - Started process (PID=14731) to work on /home/airflow/.local/lib/python3.7/site-packages/airflow/example_dags/tutorial_taskflow_api_etl.py
[2022-05-16 02:40:10,375] {processor.py:642} INFO - Processing file /home/airflow/.local/lib/python3.7/site-packages/airflow/example_dags/tutorial_taskflow_api_etl.py for tasks to queue
[2022-05-16 02:40:10,377] {logging_mixin.py:109} INFO - [2022-05-16 02:40:10,377] {dagbag.py:500} INFO - Filling up the DagBag from /home/airflow/.local/lib/python3.7/site-packages/airflow/example_dags/tutorial_taskflow_api_etl.py
[2022-05-16 02:40:10,389] {processor.py:652} INFO - DAG(s) dict_keys(['tutorial_taskflow_api_etl']) retrieved from /home/airflow/.local/lib/python3.7/site-packages/airflow/example_dags/tutorial_taskflow_api_etl.py
[2022-05-16 02:40:10,632] {logging_mixin.py:109} INFO - [2022-05-16 02:40:10,632] {dag.py:2398} INFO - Sync 1 DAGs
[2022-05-16 02:40:10,653] {logging_mixin.py:109} INFO - [2022-05-16 02:40:10,653] {dag.py:2937} INFO - Setting next_dagrun for tutorial_taskflow_api_etl to None
[2022-05-16 02:40:10,699] {processor.py:171} INFO - Processing /home/airflow/.local/lib/python3.7/site-packages/airflow/example_dags/tutorial_taskflow_api_etl.py took 0.329 seconds
[2022-05-16 02:40:40,794] {processor.py:163} INFO - Started process (PID=14786) to work on /home/airflow/.local/lib/python3.7/site-packages/airflow/example_dags/tutorial_taskflow_api_etl.py
[2022-05-16 02:40:40,796] {processor.py:642} INFO - Processing file /home/airflow/.local/lib/python3.7/site-packages/airflow/example_dags/tutorial_taskflow_api_etl.py for tasks to queue
[2022-05-16 02:40:40,797] {logging_mixin.py:109} INFO - [2022-05-16 02:40:40,797] {dagbag.py:500} INFO - Filling up the DagBag from /home/airflow/.local/lib/python3.7/site-packages/airflow/example_dags/tutorial_taskflow_api_etl.py
[2022-05-16 02:40:40,811] {processor.py:652} INFO - DAG(s) dict_keys(['tutorial_taskflow_api_etl']) retrieved from /home/airflow/.local/lib/python3.7/site-packages/airflow/example_dags/tutorial_taskflow_api_etl.py
[2022-05-16 02:40:41,025] {logging_mixin.py:109} INFO - [2022-05-16 02:40:41,025] {dag.py:2398} INFO - Sync 1 DAGs
[2022-05-16 02:40:41,039] {logging_mixin.py:109} INFO - [2022-05-16 02:40:41,039] {dag.py:2937} INFO - Setting next_dagrun for tutorial_taskflow_api_etl to None
[2022-05-16 02:40:41,050] {processor.py:171} INFO - Processing /home/airflow/.local/lib/python3.7/site-packages/airflow/example_dags/tutorial_taskflow_api_etl.py took 0.260 seconds
[2022-05-16 02:41:11,315] {processor.py:163} INFO - Started process (PID=14849) to work on /home/airflow/.local/lib/python3.7/site-packages/airflow/example_dags/tutorial_taskflow_api_etl.py
[2022-05-16 02:41:11,317] {processor.py:642} INFO - Processing file /home/airflow/.local/lib/python3.7/site-packages/airflow/example_dags/tutorial_taskflow_api_etl.py for tasks to queue
[2022-05-16 02:41:11,319] {logging_mixin.py:109} INFO - [2022-05-16 02:41:11,319] {dagbag.py:500} INFO - Filling up the DagBag from /home/airflow/.local/lib/python3.7/site-packages/airflow/example_dags/tutorial_taskflow_api_etl.py
[2022-05-16 02:41:11,332] {processor.py:652} INFO - DAG(s) dict_keys(['tutorial_taskflow_api_etl']) retrieved from /home/airflow/.local/lib/python3.7/site-packages/airflow/example_dags/tutorial_taskflow_api_etl.py
[2022-05-16 02:41:11,553] {logging_mixin.py:109} INFO - [2022-05-16 02:41:11,553] {dag.py:2398} INFO - Sync 1 DAGs
[2022-05-16 02:41:11,568] {logging_mixin.py:109} INFO - [2022-05-16 02:41:11,568] {dag.py:2937} INFO - Setting next_dagrun for tutorial_taskflow_api_etl to None
[2022-05-16 02:41:11,580] {processor.py:171} INFO - Processing /home/airflow/.local/lib/python3.7/site-packages/airflow/example_dags/tutorial_taskflow_api_etl.py took 0.268 seconds
[2022-05-16 02:41:41,620] {processor.py:163} INFO - Started process (PID=14900) to work on /home/airflow/.local/lib/python3.7/site-packages/airflow/example_dags/tutorial_taskflow_api_etl.py
[2022-05-16 02:41:41,623] {processor.py:642} INFO - Processing file /home/airflow/.local/lib/python3.7/site-packages/airflow/example_dags/tutorial_taskflow_api_etl.py for tasks to queue
[2022-05-16 02:41:41,624] {logging_mixin.py:109} INFO - [2022-05-16 02:41:41,624] {dagbag.py:500} INFO - Filling up the DagBag from /home/airflow/.local/lib/python3.7/site-packages/airflow/example_dags/tutorial_taskflow_api_etl.py
[2022-05-16 02:41:41,638] {processor.py:652} INFO - DAG(s) dict_keys(['tutorial_taskflow_api_etl']) retrieved from /home/airflow/.local/lib/python3.7/site-packages/airflow/example_dags/tutorial_taskflow_api_etl.py
[2022-05-16 02:41:41,852] {logging_mixin.py:109} INFO - [2022-05-16 02:41:41,852] {dag.py:2398} INFO - Sync 1 DAGs
[2022-05-16 02:41:41,865] {logging_mixin.py:109} INFO - [2022-05-16 02:41:41,865] {dag.py:2937} INFO - Setting next_dagrun for tutorial_taskflow_api_etl to None
[2022-05-16 02:41:41,876] {processor.py:171} INFO - Processing /home/airflow/.local/lib/python3.7/site-packages/airflow/example_dags/tutorial_taskflow_api_etl.py took 0.259 seconds
[2022-05-16 02:42:12,089] {processor.py:163} INFO - Started process (PID=14962) to work on /home/airflow/.local/lib/python3.7/site-packages/airflow/example_dags/tutorial_taskflow_api_etl.py
[2022-05-16 02:42:12,092] {processor.py:642} INFO - Processing file /home/airflow/.local/lib/python3.7/site-packages/airflow/example_dags/tutorial_taskflow_api_etl.py for tasks to queue
[2022-05-16 02:42:12,093] {logging_mixin.py:109} INFO - [2022-05-16 02:42:12,093] {dagbag.py:500} INFO - Filling up the DagBag from /home/airflow/.local/lib/python3.7/site-packages/airflow/example_dags/tutorial_taskflow_api_etl.py
[2022-05-16 02:42:12,107] {processor.py:652} INFO - DAG(s) dict_keys(['tutorial_taskflow_api_etl']) retrieved from /home/airflow/.local/lib/python3.7/site-packages/airflow/example_dags/tutorial_taskflow_api_etl.py
[2022-05-16 02:42:12,328] {logging_mixin.py:109} INFO - [2022-05-16 02:42:12,328] {dag.py:2398} INFO - Sync 1 DAGs
[2022-05-16 02:42:12,343] {logging_mixin.py:109} INFO - [2022-05-16 02:42:12,343] {dag.py:2937} INFO - Setting next_dagrun for tutorial_taskflow_api_etl to None
[2022-05-16 02:42:12,354] {processor.py:171} INFO - Processing /home/airflow/.local/lib/python3.7/site-packages/airflow/example_dags/tutorial_taskflow_api_etl.py took 0.269 seconds
[2022-05-16 02:42:42,635] {processor.py:163} INFO - Started process (PID=15009) to work on /home/airflow/.local/lib/python3.7/site-packages/airflow/example_dags/tutorial_taskflow_api_etl.py
[2022-05-16 02:42:42,638] {processor.py:642} INFO - Processing file /home/airflow/.local/lib/python3.7/site-packages/airflow/example_dags/tutorial_taskflow_api_etl.py for tasks to queue
[2022-05-16 02:42:42,639] {logging_mixin.py:109} INFO - [2022-05-16 02:42:42,639] {dagbag.py:500} INFO - Filling up the DagBag from /home/airflow/.local/lib/python3.7/site-packages/airflow/example_dags/tutorial_taskflow_api_etl.py
[2022-05-16 02:42:42,653] {processor.py:652} INFO - DAG(s) dict_keys(['tutorial_taskflow_api_etl']) retrieved from /home/airflow/.local/lib/python3.7/site-packages/airflow/example_dags/tutorial_taskflow_api_etl.py
[2022-05-16 02:42:43,124] {logging_mixin.py:109} INFO - [2022-05-16 02:42:43,124] {dag.py:2398} INFO - Sync 1 DAGs
[2022-05-16 02:42:43,176] {logging_mixin.py:109} INFO - [2022-05-16 02:42:43,175] {dag.py:2937} INFO - Setting next_dagrun for tutorial_taskflow_api_etl to None
[2022-05-16 02:42:43,252] {processor.py:171} INFO - Processing /home/airflow/.local/lib/python3.7/site-packages/airflow/example_dags/tutorial_taskflow_api_etl.py took 0.621 seconds
[2022-05-16 02:51:00,357] {processor.py:163} INFO - Started process (PID=15048) to work on /home/airflow/.local/lib/python3.7/site-packages/airflow/example_dags/tutorial_taskflow_api_etl.py
[2022-05-16 02:51:00,364] {processor.py:642} INFO - Processing file /home/airflow/.local/lib/python3.7/site-packages/airflow/example_dags/tutorial_taskflow_api_etl.py for tasks to queue
[2022-05-16 02:51:00,367] {logging_mixin.py:109} INFO - [2022-05-16 02:51:00,366] {dagbag.py:500} INFO - Filling up the DagBag from /home/airflow/.local/lib/python3.7/site-packages/airflow/example_dags/tutorial_taskflow_api_etl.py
[2022-05-16 02:51:00,409] {processor.py:652} INFO - DAG(s) dict_keys(['tutorial_taskflow_api_etl']) retrieved from /home/airflow/.local/lib/python3.7/site-packages/airflow/example_dags/tutorial_taskflow_api_etl.py
[2022-05-16 02:51:00,958] {logging_mixin.py:109} INFO - [2022-05-16 02:51:00,958] {dag.py:2398} INFO - Sync 1 DAGs
[2022-05-16 02:51:00,986] {logging_mixin.py:109} INFO - [2022-05-16 02:51:00,986] {dag.py:2937} INFO - Setting next_dagrun for tutorial_taskflow_api_etl to None
[2022-05-16 02:51:01,008] {processor.py:171} INFO - Processing /home/airflow/.local/lib/python3.7/site-packages/airflow/example_dags/tutorial_taskflow_api_etl.py took 0.656 seconds
[2022-05-16 02:51:31,101] {processor.py:163} INFO - Started process (PID=15104) to work on /home/airflow/.local/lib/python3.7/site-packages/airflow/example_dags/tutorial_taskflow_api_etl.py
[2022-05-16 02:51:31,104] {processor.py:642} INFO - Processing file /home/airflow/.local/lib/python3.7/site-packages/airflow/example_dags/tutorial_taskflow_api_etl.py for tasks to queue
[2022-05-16 02:51:31,107] {logging_mixin.py:109} INFO - [2022-05-16 02:51:31,107] {dagbag.py:500} INFO - Filling up the DagBag from /home/airflow/.local/lib/python3.7/site-packages/airflow/example_dags/tutorial_taskflow_api_etl.py
[2022-05-16 02:51:31,127] {processor.py:652} INFO - DAG(s) dict_keys(['tutorial_taskflow_api_etl']) retrieved from /home/airflow/.local/lib/python3.7/site-packages/airflow/example_dags/tutorial_taskflow_api_etl.py
[2022-05-16 02:51:31,359] {logging_mixin.py:109} INFO - [2022-05-16 02:51:31,359] {dag.py:2398} INFO - Sync 1 DAGs
[2022-05-16 02:51:31,374] {logging_mixin.py:109} INFO - [2022-05-16 02:51:31,374] {dag.py:2937} INFO - Setting next_dagrun for tutorial_taskflow_api_etl to None
[2022-05-16 02:51:31,387] {processor.py:171} INFO - Processing /home/airflow/.local/lib/python3.7/site-packages/airflow/example_dags/tutorial_taskflow_api_etl.py took 0.290 seconds
[2022-05-16 02:52:01,571] {processor.py:163} INFO - Started process (PID=15162) to work on /home/airflow/.local/lib/python3.7/site-packages/airflow/example_dags/tutorial_taskflow_api_etl.py
[2022-05-16 02:52:01,574] {processor.py:642} INFO - Processing file /home/airflow/.local/lib/python3.7/site-packages/airflow/example_dags/tutorial_taskflow_api_etl.py for tasks to queue
[2022-05-16 02:52:01,575] {logging_mixin.py:109} INFO - [2022-05-16 02:52:01,575] {dagbag.py:500} INFO - Filling up the DagBag from /home/airflow/.local/lib/python3.7/site-packages/airflow/example_dags/tutorial_taskflow_api_etl.py
[2022-05-16 02:52:01,591] {processor.py:652} INFO - DAG(s) dict_keys(['tutorial_taskflow_api_etl']) retrieved from /home/airflow/.local/lib/python3.7/site-packages/airflow/example_dags/tutorial_taskflow_api_etl.py
[2022-05-16 02:52:01,821] {logging_mixin.py:109} INFO - [2022-05-16 02:52:01,820] {dag.py:2398} INFO - Sync 1 DAGs
[2022-05-16 02:52:01,836] {logging_mixin.py:109} INFO - [2022-05-16 02:52:01,836] {dag.py:2937} INFO - Setting next_dagrun for tutorial_taskflow_api_etl to None
[2022-05-16 02:52:01,848] {processor.py:171} INFO - Processing /home/airflow/.local/lib/python3.7/site-packages/airflow/example_dags/tutorial_taskflow_api_etl.py took 0.281 seconds
[2022-05-16 02:52:32,146] {processor.py:163} INFO - Started process (PID=15214) to work on /home/airflow/.local/lib/python3.7/site-packages/airflow/example_dags/tutorial_taskflow_api_etl.py
[2022-05-16 02:52:32,149] {processor.py:642} INFO - Processing file /home/airflow/.local/lib/python3.7/site-packages/airflow/example_dags/tutorial_taskflow_api_etl.py for tasks to queue
[2022-05-16 02:52:32,151] {logging_mixin.py:109} INFO - [2022-05-16 02:52:32,150] {dagbag.py:500} INFO - Filling up the DagBag from /home/airflow/.local/lib/python3.7/site-packages/airflow/example_dags/tutorial_taskflow_api_etl.py
[2022-05-16 02:52:32,166] {processor.py:652} INFO - DAG(s) dict_keys(['tutorial_taskflow_api_etl']) retrieved from /home/airflow/.local/lib/python3.7/site-packages/airflow/example_dags/tutorial_taskflow_api_etl.py
[2022-05-16 02:52:32,407] {logging_mixin.py:109} INFO - [2022-05-16 02:52:32,406] {dag.py:2398} INFO - Sync 1 DAGs
[2022-05-16 02:52:32,424] {logging_mixin.py:109} INFO - [2022-05-16 02:52:32,424] {dag.py:2937} INFO - Setting next_dagrun for tutorial_taskflow_api_etl to None
[2022-05-16 02:52:32,438] {processor.py:171} INFO - Processing /home/airflow/.local/lib/python3.7/site-packages/airflow/example_dags/tutorial_taskflow_api_etl.py took 0.296 seconds
[2022-05-16 02:53:02,816] {processor.py:163} INFO - Started process (PID=15275) to work on /home/airflow/.local/lib/python3.7/site-packages/airflow/example_dags/tutorial_taskflow_api_etl.py
[2022-05-16 02:53:02,819] {processor.py:642} INFO - Processing file /home/airflow/.local/lib/python3.7/site-packages/airflow/example_dags/tutorial_taskflow_api_etl.py for tasks to queue
[2022-05-16 02:53:02,821] {logging_mixin.py:109} INFO - [2022-05-16 02:53:02,821] {dagbag.py:500} INFO - Filling up the DagBag from /home/airflow/.local/lib/python3.7/site-packages/airflow/example_dags/tutorial_taskflow_api_etl.py
[2022-05-16 02:53:02,837] {processor.py:652} INFO - DAG(s) dict_keys(['tutorial_taskflow_api_etl']) retrieved from /home/airflow/.local/lib/python3.7/site-packages/airflow/example_dags/tutorial_taskflow_api_etl.py
[2022-05-16 02:53:03,085] {logging_mixin.py:109} INFO - [2022-05-16 02:53:03,085] {dag.py:2398} INFO - Sync 1 DAGs
[2022-05-16 02:53:03,104] {logging_mixin.py:109} INFO - [2022-05-16 02:53:03,104] {dag.py:2937} INFO - Setting next_dagrun for tutorial_taskflow_api_etl to None
[2022-05-16 02:53:03,118] {processor.py:171} INFO - Processing /home/airflow/.local/lib/python3.7/site-packages/airflow/example_dags/tutorial_taskflow_api_etl.py took 0.306 seconds
[2022-05-16 02:53:33,184] {processor.py:163} INFO - Started process (PID=15328) to work on /home/airflow/.local/lib/python3.7/site-packages/airflow/example_dags/tutorial_taskflow_api_etl.py
[2022-05-16 02:53:33,186] {processor.py:642} INFO - Processing file /home/airflow/.local/lib/python3.7/site-packages/airflow/example_dags/tutorial_taskflow_api_etl.py for tasks to queue
[2022-05-16 02:53:33,187] {logging_mixin.py:109} INFO - [2022-05-16 02:53:33,187] {dagbag.py:500} INFO - Filling up the DagBag from /home/airflow/.local/lib/python3.7/site-packages/airflow/example_dags/tutorial_taskflow_api_etl.py
[2022-05-16 02:53:33,200] {processor.py:652} INFO - DAG(s) dict_keys(['tutorial_taskflow_api_etl']) retrieved from /home/airflow/.local/lib/python3.7/site-packages/airflow/example_dags/tutorial_taskflow_api_etl.py
[2022-05-16 02:53:33,418] {logging_mixin.py:109} INFO - [2022-05-16 02:53:33,418] {dag.py:2398} INFO - Sync 1 DAGs
[2022-05-16 02:53:33,434] {logging_mixin.py:109} INFO - [2022-05-16 02:53:33,434] {dag.py:2937} INFO - Setting next_dagrun for tutorial_taskflow_api_etl to None
[2022-05-16 02:53:33,450] {processor.py:171} INFO - Processing /home/airflow/.local/lib/python3.7/site-packages/airflow/example_dags/tutorial_taskflow_api_etl.py took 0.270 seconds
