[2022-04-10 02:59:56,666] {taskinstance.py:1043} INFO - Dependencies all met for <TaskInstance: my_dag.training_model_A scheduled__2022-04-09T00:00:00+00:00 [queued]>
[2022-04-10 02:59:56,699] {taskinstance.py:1043} INFO - Dependencies all met for <TaskInstance: my_dag.training_model_A scheduled__2022-04-09T00:00:00+00:00 [queued]>
[2022-04-10 02:59:56,706] {taskinstance.py:1249} INFO - 
--------------------------------------------------------------------------------
[2022-04-10 02:59:56,706] {taskinstance.py:1250} INFO - Starting attempt 1 of 1
[2022-04-10 02:59:56,707] {taskinstance.py:1251} INFO - 
--------------------------------------------------------------------------------
[2022-04-10 02:59:56,727] {taskinstance.py:1270} INFO - Executing <Task(PythonOperator): training_model_A> on 2022-04-09 00:00:00+00:00
[2022-04-10 02:59:56,742] {standard_task_runner.py:52} INFO - Started process 3281 to run task
[2022-04-10 02:59:56,768] {standard_task_runner.py:79} INFO - Running: ['***', 'tasks', 'run', 'my_dag', 'training_model_A', 'scheduled__2022-04-09T00:00:00+00:00', '--job-id', '8', '--raw', '--subdir', 'DAGS_FOLDER/my_dag.py', '--cfg-path', '/tmp/tmpy4xp1w1u', '--error-file', '/tmp/tmp_k3loinm']
[2022-04-10 02:59:56,771] {standard_task_runner.py:80} INFO - Job 8: Subtask training_model_A
[2022-04-10 02:59:56,914] {logging_mixin.py:109} INFO - Running <TaskInstance: my_dag.training_model_A scheduled__2022-04-09T00:00:00+00:00 [running]> on host c0c6f6bf1c08
[2022-04-10 02:59:57,005] {taskinstance.py:1448} INFO - Exporting the following env vars:
AIRFLOW_CTX_DAG_OWNER=***
AIRFLOW_CTX_DAG_ID=my_dag
AIRFLOW_CTX_TASK_ID=training_model_A
AIRFLOW_CTX_EXECUTION_DATE=2022-04-09T00:00:00+00:00
AIRFLOW_CTX_DAG_RUN_ID=scheduled__2022-04-09T00:00:00+00:00
[2022-04-10 02:59:57,007] {python.py:175} INFO - Done. Returned value was: 9
[2022-04-10 02:59:57,064] {taskinstance.py:1288} INFO - Marking task as SUCCESS. dag_id=my_dag, task_id=training_model_A, execution_date=20220409T000000, start_date=20220410T025956, end_date=20220410T025957
[2022-04-10 02:59:57,108] {local_task_job.py:154} INFO - Task exited with return code 0
[2022-04-10 02:59:57,151] {local_task_job.py:264} INFO - 1 downstream tasks scheduled from follow-on schedule check
