[2022-05-16 00:06:50,160] {taskinstance.py:1043} INFO - Dependencies all met for <TaskInstance: my_dag.training_model_A scheduled__2022-05-15T00:00:00+00:00 [queued]>
[2022-05-16 00:06:50,409] {taskinstance.py:1043} INFO - Dependencies all met for <TaskInstance: my_dag.training_model_A scheduled__2022-05-15T00:00:00+00:00 [queued]>
[2022-05-16 00:06:50,418] {taskinstance.py:1249} INFO - 
--------------------------------------------------------------------------------
[2022-05-16 00:06:50,436] {taskinstance.py:1250} INFO - Starting attempt 1 of 1
[2022-05-16 00:06:50,441] {taskinstance.py:1251} INFO - 
--------------------------------------------------------------------------------
[2022-05-16 00:06:50,643] {taskinstance.py:1270} INFO - Executing <Task(PythonOperator): training_model_A> on 2022-05-15 00:00:00+00:00
[2022-05-16 00:06:50,695] {standard_task_runner.py:52} INFO - Started process 4611 to run task
[2022-05-16 00:06:50,758] {standard_task_runner.py:79} INFO - Running: ['***', 'tasks', 'run', 'my_dag', 'training_model_A', 'scheduled__2022-05-15T00:00:00+00:00', '--job-id', '63', '--raw', '--subdir', 'DAGS_FOLDER/my_dag.py', '--cfg-path', '/tmp/tmp493xirxk', '--error-file', '/tmp/tmp8bym4d5y']
[2022-05-16 00:06:50,767] {standard_task_runner.py:80} INFO - Job 63: Subtask training_model_A
[2022-05-16 00:06:52,094] {logging_mixin.py:109} INFO - Running <TaskInstance: my_dag.training_model_A scheduled__2022-05-15T00:00:00+00:00 [running]> on host c0c6f6bf1c08
[2022-05-16 00:06:53,019] {taskinstance.py:1448} INFO - Exporting the following env vars:
AIRFLOW_CTX_DAG_OWNER=***
AIRFLOW_CTX_DAG_ID=my_dag
AIRFLOW_CTX_TASK_ID=training_model_A
AIRFLOW_CTX_EXECUTION_DATE=2022-05-15T00:00:00+00:00
AIRFLOW_CTX_DAG_RUN_ID=scheduled__2022-05-15T00:00:00+00:00
[2022-05-16 00:06:53,028] {python.py:175} INFO - Done. Returned value was: 7
[2022-05-16 00:06:53,304] {taskinstance.py:1288} INFO - Marking task as SUCCESS. dag_id=my_dag, task_id=training_model_A, execution_date=20220515T000000, start_date=20220516T000650, end_date=20220516T000653
[2022-05-16 00:06:53,606] {local_task_job.py:154} INFO - Task exited with return code 0
[2022-05-16 00:06:54,065] {local_task_job.py:264} INFO - 1 downstream tasks scheduled from follow-on schedule check
