[2022-05-09 23:41:07,713] {taskinstance.py:1043} INFO - Dependencies all met for <TaskInstance: my_dag.training_model_B scheduled__2022-05-08T00:00:00+00:00 [queued]>
[2022-05-09 23:41:07,760] {taskinstance.py:1043} INFO - Dependencies all met for <TaskInstance: my_dag.training_model_B scheduled__2022-05-08T00:00:00+00:00 [queued]>
[2022-05-09 23:41:07,762] {taskinstance.py:1249} INFO - 
--------------------------------------------------------------------------------
[2022-05-09 23:41:07,766] {taskinstance.py:1250} INFO - Starting attempt 1 of 1
[2022-05-09 23:41:07,770] {taskinstance.py:1251} INFO - 
--------------------------------------------------------------------------------
[2022-05-09 23:41:07,816] {taskinstance.py:1270} INFO - Executing <Task(PythonOperator): training_model_B> on 2022-05-08 00:00:00+00:00
[2022-05-09 23:41:07,835] {standard_task_runner.py:79} INFO - Running: ['***', 'tasks', 'run', 'my_dag', 'training_model_B', 'scheduled__2022-05-08T00:00:00+00:00', '--job-id', '23', '--raw', '--subdir', 'DAGS_FOLDER/my_dag.py', '--cfg-path', '/tmp/tmpy4aq383u', '--error-file', '/tmp/tmpgrg48o5n']
[2022-05-09 23:41:07,845] {standard_task_runner.py:80} INFO - Job 23: Subtask training_model_B
[2022-05-09 23:41:07,825] {standard_task_runner.py:52} INFO - Started process 73 to run task
[2022-05-09 23:41:08,039] {logging_mixin.py:109} INFO - Running <TaskInstance: my_dag.training_model_B scheduled__2022-05-08T00:00:00+00:00 [running]> on host c0c6f6bf1c08
[2022-05-09 23:41:08,252] {taskinstance.py:1448} INFO - Exporting the following env vars:
AIRFLOW_CTX_DAG_OWNER=***
AIRFLOW_CTX_DAG_ID=my_dag
AIRFLOW_CTX_TASK_ID=training_model_B
AIRFLOW_CTX_EXECUTION_DATE=2022-05-08T00:00:00+00:00
AIRFLOW_CTX_DAG_RUN_ID=scheduled__2022-05-08T00:00:00+00:00
[2022-05-09 23:41:08,255] {python.py:175} INFO - Done. Returned value was: 6
[2022-05-09 23:41:08,315] {taskinstance.py:1288} INFO - Marking task as SUCCESS. dag_id=my_dag, task_id=training_model_B, execution_date=20220508T000000, start_date=20220509T234107, end_date=20220509T234108
[2022-05-09 23:41:08,371] {local_task_job.py:154} INFO - Task exited with return code 0
[2022-05-09 23:41:08,442] {local_task_job.py:264} INFO - 0 downstream tasks scheduled from follow-on schedule check
