[2022-05-11 00:03:42,178] {taskinstance.py:1043} INFO - Dependencies all met for <TaskInstance: my_dag.training_model_A scheduled__2022-05-10T00:00:00+00:00 [queued]>
[2022-05-11 00:03:42,261] {taskinstance.py:1043} INFO - Dependencies all met for <TaskInstance: my_dag.training_model_A scheduled__2022-05-10T00:00:00+00:00 [queued]>
[2022-05-11 00:03:42,264] {taskinstance.py:1249} INFO - 
--------------------------------------------------------------------------------
[2022-05-11 00:03:42,267] {taskinstance.py:1250} INFO - Starting attempt 1 of 1
[2022-05-11 00:03:42,269] {taskinstance.py:1251} INFO - 
--------------------------------------------------------------------------------
[2022-05-11 00:03:42,322] {taskinstance.py:1270} INFO - Executing <Task(PythonOperator): training_model_A> on 2022-05-10 00:00:00+00:00
[2022-05-11 00:03:42,343] {standard_task_runner.py:52} INFO - Started process 10651 to run task
[2022-05-11 00:03:42,382] {standard_task_runner.py:79} INFO - Running: ['***', 'tasks', 'run', 'my_dag', 'training_model_A', 'scheduled__2022-05-10T00:00:00+00:00', '--job-id', '37', '--raw', '--subdir', 'DAGS_FOLDER/my_dag.py', '--cfg-path', '/tmp/tmppj104w59', '--error-file', '/tmp/tmpc0j22yyi']
[2022-05-11 00:03:42,384] {standard_task_runner.py:80} INFO - Job 37: Subtask training_model_A
[2022-05-11 00:03:42,503] {logging_mixin.py:109} INFO - Running <TaskInstance: my_dag.training_model_A scheduled__2022-05-10T00:00:00+00:00 [running]> on host c0c6f6bf1c08
[2022-05-11 00:03:42,760] {taskinstance.py:1448} INFO - Exporting the following env vars:
AIRFLOW_CTX_DAG_OWNER=***
AIRFLOW_CTX_DAG_ID=my_dag
AIRFLOW_CTX_TASK_ID=training_model_A
AIRFLOW_CTX_EXECUTION_DATE=2022-05-10T00:00:00+00:00
AIRFLOW_CTX_DAG_RUN_ID=scheduled__2022-05-10T00:00:00+00:00
[2022-05-11 00:03:42,771] {python.py:175} INFO - Done. Returned value was: 5
[2022-05-11 00:03:42,900] {taskinstance.py:1288} INFO - Marking task as SUCCESS. dag_id=my_dag, task_id=training_model_A, execution_date=20220510T000000, start_date=20220511T000342, end_date=20220511T000342
[2022-05-11 00:03:42,990] {local_task_job.py:154} INFO - Task exited with return code 0
[2022-05-11 00:03:43,082] {local_task_job.py:264} INFO - 0 downstream tasks scheduled from follow-on schedule check
