[2022-05-12 12:00:12,165] {processor.py:163} INFO - Started process (PID=46046) to work on /opt/airflow/dags/my_dag.py
[2022-05-12 12:00:12,182] {processor.py:642} INFO - Processing file /opt/airflow/dags/my_dag.py for tasks to queue
[2022-05-12 12:00:12,185] {logging_mixin.py:109} INFO - [2022-05-12 12:00:12,184] {dagbag.py:500} INFO - Filling up the DagBag from /opt/airflow/dags/my_dag.py
[2022-05-12 12:00:12,217] {processor.py:652} INFO - DAG(s) dict_keys(['my_dag']) retrieved from /opt/airflow/dags/my_dag.py
[2022-05-12 12:00:12,253] {logging_mixin.py:109} INFO - [2022-05-12 12:00:12,253] {dag.py:2398} INFO - Sync 1 DAGs
[2022-05-12 12:00:12,297] {logging_mixin.py:109} INFO - [2022-05-12 12:00:12,296] {dag.py:2937} INFO - Setting next_dagrun for my_dag to 2022-05-12T00:00:00+00:00
[2022-05-12 12:00:12,309] {processor.py:171} INFO - Processing /opt/airflow/dags/my_dag.py took 0.155 seconds
[2022-05-12 12:00:42,829] {processor.py:163} INFO - Started process (PID=46115) to work on /opt/airflow/dags/my_dag.py
[2022-05-12 12:00:42,831] {processor.py:642} INFO - Processing file /opt/airflow/dags/my_dag.py for tasks to queue
[2022-05-12 12:00:42,833] {logging_mixin.py:109} INFO - [2022-05-12 12:00:42,833] {dagbag.py:500} INFO - Filling up the DagBag from /opt/airflow/dags/my_dag.py
[2022-05-12 12:00:42,848] {processor.py:652} INFO - DAG(s) dict_keys(['my_dag']) retrieved from /opt/airflow/dags/my_dag.py
[2022-05-12 12:00:42,876] {logging_mixin.py:109} INFO - [2022-05-12 12:00:42,876] {dag.py:2398} INFO - Sync 1 DAGs
[2022-05-12 12:00:42,898] {logging_mixin.py:109} INFO - [2022-05-12 12:00:42,898] {dag.py:2937} INFO - Setting next_dagrun for my_dag to 2022-05-12T00:00:00+00:00
[2022-05-12 12:00:42,910] {processor.py:171} INFO - Processing /opt/airflow/dags/my_dag.py took 0.084 seconds
[2022-05-12 20:00:22,849] {processor.py:163} INFO - Started process (PID=46157) to work on /opt/airflow/dags/my_dag.py
[2022-05-12 20:00:22,854] {processor.py:642} INFO - Processing file /opt/airflow/dags/my_dag.py for tasks to queue
[2022-05-12 20:00:22,858] {logging_mixin.py:109} INFO - [2022-05-12 20:00:22,857] {dagbag.py:500} INFO - Filling up the DagBag from /opt/airflow/dags/my_dag.py
[2022-05-12 20:00:22,900] {processor.py:652} INFO - DAG(s) dict_keys(['my_dag']) retrieved from /opt/airflow/dags/my_dag.py
[2022-05-12 20:00:22,958] {logging_mixin.py:109} INFO - [2022-05-12 20:00:22,958] {dag.py:2398} INFO - Sync 1 DAGs
[2022-05-12 20:00:23,010] {logging_mixin.py:109} INFO - [2022-05-12 20:00:23,010] {dag.py:2937} INFO - Setting next_dagrun for my_dag to 2022-05-12T00:00:00+00:00
[2022-05-12 20:00:23,039] {processor.py:171} INFO - Processing /opt/airflow/dags/my_dag.py took 0.200 seconds
[2022-05-12 20:00:53,900] {processor.py:163} INFO - Started process (PID=46222) to work on /opt/airflow/dags/my_dag.py
[2022-05-12 20:00:53,901] {processor.py:642} INFO - Processing file /opt/airflow/dags/my_dag.py for tasks to queue
[2022-05-12 20:00:53,903] {logging_mixin.py:109} INFO - [2022-05-12 20:00:53,903] {dagbag.py:500} INFO - Filling up the DagBag from /opt/airflow/dags/my_dag.py
[2022-05-12 20:00:53,919] {processor.py:652} INFO - DAG(s) dict_keys(['my_dag']) retrieved from /opt/airflow/dags/my_dag.py
[2022-05-12 20:00:53,942] {logging_mixin.py:109} INFO - [2022-05-12 20:00:53,941] {dag.py:2398} INFO - Sync 1 DAGs
[2022-05-12 20:00:53,962] {logging_mixin.py:109} INFO - [2022-05-12 20:00:53,961] {dag.py:2937} INFO - Setting next_dagrun for my_dag to 2022-05-12T00:00:00+00:00
[2022-05-12 20:00:53,971] {processor.py:171} INFO - Processing /opt/airflow/dags/my_dag.py took 0.076 seconds
