[2022-05-10 00:00:01,326] {taskinstance.py:1043} INFO - Dependencies all met for <TaskInstance: my_dag.training_model_C scheduled__2022-05-09T00:00:00+00:00 [queued]>
[2022-05-10 00:00:01,353] {taskinstance.py:1043} INFO - Dependencies all met for <TaskInstance: my_dag.training_model_C scheduled__2022-05-09T00:00:00+00:00 [queued]>
[2022-05-10 00:00:01,402] {taskinstance.py:1249} INFO - 
--------------------------------------------------------------------------------
[2022-05-10 00:00:01,403] {taskinstance.py:1250} INFO - Starting attempt 1 of 1
[2022-05-10 00:00:01,405] {taskinstance.py:1251} INFO - 
--------------------------------------------------------------------------------
[2022-05-10 00:00:01,434] {taskinstance.py:1270} INFO - Executing <Task(PythonOperator): training_model_C> on 2022-05-09 00:00:00+00:00
[2022-05-10 00:00:01,439] {standard_task_runner.py:52} INFO - Started process 945 to run task
[2022-05-10 00:00:01,453] {standard_task_runner.py:79} INFO - Running: ['***', 'tasks', 'run', 'my_dag', 'training_model_C', 'scheduled__2022-05-09T00:00:00+00:00', '--job-id', '32', '--raw', '--subdir', 'DAGS_FOLDER/my_dag.py', '--cfg-path', '/tmp/tmpkko8_izr', '--error-file', '/tmp/tmpe5rji0od']
[2022-05-10 00:00:01,456] {standard_task_runner.py:80} INFO - Job 32: Subtask training_model_C
[2022-05-10 00:00:01,563] {logging_mixin.py:109} INFO - Running <TaskInstance: my_dag.training_model_C scheduled__2022-05-09T00:00:00+00:00 [running]> on host c0c6f6bf1c08
[2022-05-10 00:00:01,632] {taskinstance.py:1448} INFO - Exporting the following env vars:
AIRFLOW_CTX_DAG_OWNER=***
AIRFLOW_CTX_DAG_ID=my_dag
AIRFLOW_CTX_TASK_ID=training_model_C
AIRFLOW_CTX_EXECUTION_DATE=2022-05-09T00:00:00+00:00
AIRFLOW_CTX_DAG_RUN_ID=scheduled__2022-05-09T00:00:00+00:00
[2022-05-10 00:00:01,633] {python.py:175} INFO - Done. Returned value was: 5
[2022-05-10 00:00:01,678] {taskinstance.py:1288} INFO - Marking task as SUCCESS. dag_id=my_dag, task_id=training_model_C, execution_date=20220509T000000, start_date=20220510T000001, end_date=20220510T000001
[2022-05-10 00:00:01,707] {local_task_job.py:154} INFO - Task exited with return code 0
[2022-05-10 00:00:01,757] {local_task_job.py:264} INFO - 1 downstream tasks scheduled from follow-on schedule check
